[2019-08-02 00:06:42] [marian] Marian v1.7.8 ec2d66e 2019-05-27 14:52:11 +0100
[2019-08-02 00:06:42] [marian] Running on mimir as process 18311 with command line:
[2019-08-02 00:06:42] [marian] /fs/bil0/abdel/marian-dev/build/marian --sync-sgd --model ../experiments/10M_bicleaner_v1.1_+_ced_0.25_x_bic1.1_x_dcce_w3000/model/model.npz -T . --devices 0 --train-sets ../experiments/10M_bicleaner_v1.1_+_ced_0.25_x_bic1.1_x_dcce_w3000/data/train.bpe.de ../experiments/10M_bicleaner_v1.1_+_ced_0.25_x_bic1.1_x_dcce_w3000/data/train.bpe.en --vocabs ../experiments/10M_bicleaner_v1.1_+_ced_0.25_x_bic1.1_x_dcce_w3000/data/train.bpe.de.json ../experiments/10M_bicleaner_v1.1_+_ced_0.25_x_bic1.1_x_dcce_w3000/data/train.bpe.en.json --mini-batch-fit -w 3000 --dim-vocabs 50000 50000 --layer-normalization --dropout-rnn 0.2 --dropout-src 0.1 --dropout-trg 0.1 --learn-rate 0.0001 --after-epochs 0 --early-stopping 5 --valid-freq 20000 --save-freq 20000 --disp-freq 2000 --valid-mini-batch 8 --valid-sets ../experiments/10M_bicleaner_v1.1_+_ced_0.25_x_bic1.1_x_dcce_w3000/data/dev.bpe.de ../experiments/10M_bicleaner_v1.1_+_ced_0.25_x_bic1.1_x_dcce_w3000/data/dev.bpe.en --valid-metrics cross-entropy perplexity translation --valid-translation-output ../experiments/10M_bicleaner_v1.1_+_ced_0.25_x_bic1.1_x_dcce_w3000/model/dev.out --valid-script-path ../experiments/10M_bicleaner_v1.1_+_ced_0.25_x_bic1.1_x_dcce_w3000/score-dev.sh --seed 1111 --exponential-smoothing --normalize=1 --beam-size=12 --quiet-translation --log ../experiments/10M_bicleaner_v1.1_+_ced_0.25_x_bic1.1_x_dcce_w3000/model/train.log --valid-log ../experiments/10M_bicleaner_v1.1_+_ced_0.25_x_bic1.1_x_dcce_w3000/model/valid.log
[2019-08-02 00:06:42] [config] after-batches: 0
[2019-08-02 00:06:42] [config] after-epochs: 0
[2019-08-02 00:06:42] [config] allow-unk: false
[2019-08-02 00:06:42] [config] beam-size: 12
[2019-08-02 00:06:42] [config] bert-class-symbol: "[CLS]"
[2019-08-02 00:06:42] [config] bert-mask-symbol: "[MASK]"
[2019-08-02 00:06:42] [config] bert-masking-fraction: 0.15
[2019-08-02 00:06:42] [config] bert-sep-symbol: "[SEP]"
[2019-08-02 00:06:42] [config] bert-train-type-embeddings: true
[2019-08-02 00:06:42] [config] bert-type-vocab-size: 2
[2019-08-02 00:06:42] [config] best-deep: false
[2019-08-02 00:06:42] [config] clip-gemm: 0
[2019-08-02 00:06:42] [config] clip-norm: 1
[2019-08-02 00:06:42] [config] cost-type: ce-mean
[2019-08-02 00:06:42] [config] cpu-threads: 0
[2019-08-02 00:06:42] [config] data-weighting: ""
[2019-08-02 00:06:42] [config] data-weighting-type: sentence
[2019-08-02 00:06:42] [config] dec-cell: gru
[2019-08-02 00:06:42] [config] dec-cell-base-depth: 2
[2019-08-02 00:06:42] [config] dec-cell-high-depth: 1
[2019-08-02 00:06:42] [config] dec-depth: 1
[2019-08-02 00:06:42] [config] devices:
[2019-08-02 00:06:42] [config]   - 0
[2019-08-02 00:06:42] [config] dim-emb: 512
[2019-08-02 00:06:42] [config] dim-rnn: 1024
[2019-08-02 00:06:42] [config] dim-vocabs:
[2019-08-02 00:06:42] [config]   - 50000
[2019-08-02 00:06:42] [config]   - 50000
[2019-08-02 00:06:42] [config] disp-first: 0
[2019-08-02 00:06:42] [config] disp-freq: 2000
[2019-08-02 00:06:42] [config] disp-label-counts: false
[2019-08-02 00:06:42] [config] dropout-rnn: 0.2
[2019-08-02 00:06:42] [config] dropout-src: 0.1
[2019-08-02 00:06:42] [config] dropout-trg: 0.1
[2019-08-02 00:06:42] [config] dump-config: ""
[2019-08-02 00:06:42] [config] early-stopping: 5
[2019-08-02 00:06:42] [config] embedding-fix-src: false
[2019-08-02 00:06:42] [config] embedding-fix-trg: false
[2019-08-02 00:06:42] [config] embedding-normalization: false
[2019-08-02 00:06:42] [config] embedding-vectors:
[2019-08-02 00:06:42] [config]   []
[2019-08-02 00:06:42] [config] enc-cell: gru
[2019-08-02 00:06:42] [config] enc-cell-depth: 1
[2019-08-02 00:06:42] [config] enc-depth: 1
[2019-08-02 00:06:42] [config] enc-type: bidirectional
[2019-08-02 00:06:42] [config] exponential-smoothing: 0.0001
[2019-08-02 00:06:42] [config] grad-dropping-momentum: 0
[2019-08-02 00:06:42] [config] grad-dropping-rate: 0
[2019-08-02 00:06:42] [config] grad-dropping-warmup: 100
[2019-08-02 00:06:42] [config] guided-alignment: none
[2019-08-02 00:06:42] [config] guided-alignment-cost: mse
[2019-08-02 00:06:42] [config] guided-alignment-weight: 0.1
[2019-08-02 00:06:42] [config] ignore-model-config: false
[2019-08-02 00:06:42] [config] input-types:
[2019-08-02 00:06:42] [config]   []
[2019-08-02 00:06:42] [config] interpolate-env-vars: false
[2019-08-02 00:06:42] [config] keep-best: false
[2019-08-02 00:06:42] [config] label-smoothing: 0
[2019-08-02 00:06:42] [config] layer-normalization: true
[2019-08-02 00:06:42] [config] learn-rate: 0.0001
[2019-08-02 00:06:42] [config] log: ../experiments/10M_bicleaner_v1.1_+_ced_0.25_x_bic1.1_x_dcce_w3000/model/train.log
[2019-08-02 00:06:42] [config] log-level: info
[2019-08-02 00:06:42] [config] log-time-zone: ""
[2019-08-02 00:06:42] [config] lr-decay: 0
[2019-08-02 00:06:42] [config] lr-decay-freq: 50000
[2019-08-02 00:06:42] [config] lr-decay-inv-sqrt:
[2019-08-02 00:06:42] [config]   - 0
[2019-08-02 00:06:42] [config] lr-decay-repeat-warmup: false
[2019-08-02 00:06:42] [config] lr-decay-reset-optimizer: false
[2019-08-02 00:06:42] [config] lr-decay-start:
[2019-08-02 00:06:42] [config]   - 10
[2019-08-02 00:06:42] [config]   - 1
[2019-08-02 00:06:42] [config] lr-decay-strategy: epoch+stalled
[2019-08-02 00:06:42] [config] lr-report: false
[2019-08-02 00:06:42] [config] lr-warmup: 0
[2019-08-02 00:06:42] [config] lr-warmup-at-reload: false
[2019-08-02 00:06:42] [config] lr-warmup-cycle: false
[2019-08-02 00:06:42] [config] lr-warmup-start-rate: 0
[2019-08-02 00:06:42] [config] max-length: 50
[2019-08-02 00:06:42] [config] max-length-crop: false
[2019-08-02 00:06:42] [config] max-length-factor: 3
[2019-08-02 00:06:42] [config] maxi-batch: 100
[2019-08-02 00:06:42] [config] maxi-batch-sort: trg
[2019-08-02 00:06:42] [config] mini-batch: 64
[2019-08-02 00:06:42] [config] mini-batch-fit: true
[2019-08-02 00:06:42] [config] mini-batch-fit-step: 10
[2019-08-02 00:06:42] [config] mini-batch-overstuff: 1
[2019-08-02 00:06:42] [config] mini-batch-track-lr: false
[2019-08-02 00:06:42] [config] mini-batch-understuff: 1
[2019-08-02 00:06:42] [config] mini-batch-warmup: 0
[2019-08-02 00:06:42] [config] mini-batch-words: 0
[2019-08-02 00:06:42] [config] mini-batch-words-ref: 0
[2019-08-02 00:06:42] [config] model: ../experiments/10M_bicleaner_v1.1_+_ced_0.25_x_bic1.1_x_dcce_w3000/model/model.npz
[2019-08-02 00:06:42] [config] multi-loss-type: sum
[2019-08-02 00:06:42] [config] multi-node: false
[2019-08-02 00:06:42] [config] multi-node-overlap: true
[2019-08-02 00:06:42] [config] n-best: false
[2019-08-02 00:06:42] [config] no-nccl: false
[2019-08-02 00:06:42] [config] no-reload: false
[2019-08-02 00:06:42] [config] no-restore-corpus: false
[2019-08-02 00:06:42] [config] no-shuffle: false
[2019-08-02 00:06:42] [config] normalize: 1
[2019-08-02 00:06:42] [config] num-devices: 0
[2019-08-02 00:06:42] [config] optimizer: adam
[2019-08-02 00:06:42] [config] optimizer-delay: 1
[2019-08-02 00:06:42] [config] optimizer-params:
[2019-08-02 00:06:42] [config]   []
[2019-08-02 00:06:42] [config] overwrite: false
[2019-08-02 00:06:42] [config] pretrained-model: ""
[2019-08-02 00:06:42] [config] quiet: false
[2019-08-02 00:06:42] [config] quiet-translation: true
[2019-08-02 00:06:42] [config] relative-paths: false
[2019-08-02 00:06:42] [config] right-left: false
[2019-08-02 00:06:42] [config] save-freq: 20000
[2019-08-02 00:06:42] [config] seed: 1111
[2019-08-02 00:06:42] [config] shuffle-in-ram: false
[2019-08-02 00:06:42] [config] skip: false
[2019-08-02 00:06:42] [config] sqlite: ""
[2019-08-02 00:06:42] [config] sqlite-drop: false
[2019-08-02 00:06:42] [config] sync-sgd: true
[2019-08-02 00:06:42] [config] tempdir: .
[2019-08-02 00:06:42] [config] tied-embeddings: false
[2019-08-02 00:06:42] [config] tied-embeddings-all: false
[2019-08-02 00:06:42] [config] tied-embeddings-src: false
[2019-08-02 00:06:42] [config] train-sets:
[2019-08-02 00:06:42] [config]   - ../experiments/10M_bicleaner_v1.1_+_ced_0.25_x_bic1.1_x_dcce_w3000/data/train.bpe.de
[2019-08-02 00:06:42] [config]   - ../experiments/10M_bicleaner_v1.1_+_ced_0.25_x_bic1.1_x_dcce_w3000/data/train.bpe.en
[2019-08-02 00:06:42] [config] transformer-aan-activation: swish
[2019-08-02 00:06:42] [config] transformer-aan-depth: 2
[2019-08-02 00:06:42] [config] transformer-aan-nogate: false
[2019-08-02 00:06:42] [config] transformer-decoder-autoreg: self-attention
[2019-08-02 00:06:42] [config] transformer-dim-aan: 2048
[2019-08-02 00:06:42] [config] transformer-dim-ffn: 2048
[2019-08-02 00:06:42] [config] transformer-dropout: 0
[2019-08-02 00:06:42] [config] transformer-dropout-attention: 0
[2019-08-02 00:06:42] [config] transformer-dropout-ffn: 0
[2019-08-02 00:06:42] [config] transformer-ffn-activation: swish
[2019-08-02 00:06:42] [config] transformer-ffn-depth: 2
[2019-08-02 00:06:42] [config] transformer-guided-alignment-layer: last
[2019-08-02 00:06:42] [config] transformer-heads: 8
[2019-08-02 00:06:42] [config] transformer-no-projection: false
[2019-08-02 00:06:42] [config] transformer-postprocess: dan
[2019-08-02 00:06:42] [config] transformer-postprocess-emb: d
[2019-08-02 00:06:42] [config] transformer-preprocess: ""
[2019-08-02 00:06:42] [config] transformer-tied-layers:
[2019-08-02 00:06:42] [config]   []
[2019-08-02 00:06:42] [config] transformer-train-position-embeddings: false
[2019-08-02 00:06:42] [config] type: amun
[2019-08-02 00:06:42] [config] ulr: false
[2019-08-02 00:06:42] [config] ulr-dim-emb: 0
[2019-08-02 00:06:42] [config] ulr-dropout: 0
[2019-08-02 00:06:42] [config] ulr-keys-vectors: ""
[2019-08-02 00:06:42] [config] ulr-query-vectors: ""
[2019-08-02 00:06:42] [config] ulr-softmax-temperature: 1
[2019-08-02 00:06:42] [config] ulr-trainable-transformation: false
[2019-08-02 00:06:42] [config] valid-freq: 20000
[2019-08-02 00:06:42] [config] valid-log: ../experiments/10M_bicleaner_v1.1_+_ced_0.25_x_bic1.1_x_dcce_w3000/model/valid.log
[2019-08-02 00:06:42] [config] valid-max-length: 1000
[2019-08-02 00:06:42] [config] valid-metrics:
[2019-08-02 00:06:42] [config]   - cross-entropy
[2019-08-02 00:06:42] [config]   - perplexity
[2019-08-02 00:06:42] [config]   - translation
[2019-08-02 00:06:42] [config] valid-mini-batch: 8
[2019-08-02 00:06:42] [config] valid-script-path: ../experiments/10M_bicleaner_v1.1_+_ced_0.25_x_bic1.1_x_dcce_w3000/score-dev.sh
[2019-08-02 00:06:42] [config] valid-sets:
[2019-08-02 00:06:42] [config]   - ../experiments/10M_bicleaner_v1.1_+_ced_0.25_x_bic1.1_x_dcce_w3000/data/dev.bpe.de
[2019-08-02 00:06:42] [config]   - ../experiments/10M_bicleaner_v1.1_+_ced_0.25_x_bic1.1_x_dcce_w3000/data/dev.bpe.en
[2019-08-02 00:06:42] [config] valid-translation-output: ../experiments/10M_bicleaner_v1.1_+_ced_0.25_x_bic1.1_x_dcce_w3000/model/dev.out
[2019-08-02 00:06:42] [config] vocabs:
[2019-08-02 00:06:42] [config]   - ../experiments/10M_bicleaner_v1.1_+_ced_0.25_x_bic1.1_x_dcce_w3000/data/train.bpe.de.json
[2019-08-02 00:06:42] [config]   - ../experiments/10M_bicleaner_v1.1_+_ced_0.25_x_bic1.1_x_dcce_w3000/data/train.bpe.en.json
[2019-08-02 00:06:42] [config] word-penalty: 0
[2019-08-02 00:06:42] [config] workspace: 3000
[2019-08-02 00:06:42] [config] Model is being created with Marian v1.7.8 ec2d66e 2019-05-27 14:52:11 +0100
[2019-08-02 00:06:42] Using synchronous training
[2019-08-02 00:06:42] [data] Loading vocabulary from JSON/Yaml file ../experiments/10M_bicleaner_v1.1_+_ced_0.25_x_bic1.1_x_dcce_w3000/data/train.bpe.de.json
[2019-08-02 00:06:42] [data] Using unused word id eos for 0
[2019-08-02 00:06:42] [data] Using unused word id UNK for 1
[2019-08-02 00:06:42] [data] Setting vocabulary size for input 0 to 50000
[2019-08-02 00:06:42] [data] Loading vocabulary from JSON/Yaml file ../experiments/10M_bicleaner_v1.1_+_ced_0.25_x_bic1.1_x_dcce_w3000/data/train.bpe.en.json
[2019-08-02 00:06:42] [data] Using unused word id eos for 0
[2019-08-02 00:06:42] [data] Using unused word id UNK for 1
[2019-08-02 00:06:42] [data] Setting vocabulary size for input 1 to 50000
[2019-08-02 00:06:42] Compiled without MPI support. Falling back to FakeMPIWrapper
[2019-08-02 00:06:42] [batching] Collecting statistics for batch fitting with step size 10
[2019-08-02 00:06:43] [memory] Extending reserved space to 3072 MB (device gpu0)
[2019-08-02 00:06:44] [comm] Using NCCL 2.4.2 for GPU communication
[2019-08-02 00:06:44] [comm] NCCLCommunicator constructed successfully.
[2019-08-02 00:06:44] [training] Using 1 GPUs
[2019-08-02 00:06:44] [memory] Reserving 422 MB, device gpu0
[2019-08-02 00:06:44] [gpu] 16-bit TensorCores enabled for float32 matrix operations
[2019-08-02 00:06:44] [memory] Reserving 422 MB, device gpu0
[2019-08-02 00:06:50] [batching] Done. Typical MB size is 4042 target words
[2019-08-02 00:06:50] [memory] Extending reserved space to 3072 MB (device gpu0)
[2019-08-02 00:06:50] [comm] Using NCCL 2.4.2 for GPU communication
[2019-08-02 00:06:51] [comm] NCCLCommunicator constructed successfully.
[2019-08-02 00:06:51] [training] Using 1 GPUs
[2019-08-02 00:06:51] Training started
[2019-08-02 00:06:51] [data] Shuffling data
[2019-08-02 00:06:51] [data] Done reading 518860 sentences
[2019-08-02 00:06:52] [data] Done shuffling 518860 sentences to temp files
[2019-08-02 00:06:53] [training] Batches are processed as 1 process(es) x 1 devices/process
[2019-08-02 00:06:53] [memory] Reserving 422 MB, device gpu0
[2019-08-02 00:06:53] [memory] Reserving 422 MB, device gpu0
[2019-08-02 00:06:53] [memory] Reserving 422 MB, device gpu0
[2019-08-02 00:06:53] [memory] Reserving 844 MB, device gpu0
[2019-08-02 00:19:21] Ep. 1 : Up. 2000 : Sen. 240,305 : Cost 119.24440002 : Time 758.93s : 6789.61 words/s
[2019-08-02 00:31:30] Seen 473551 samples
[2019-08-02 00:31:30] Starting epoch 2
[2019-08-02 00:31:30] [data] Shuffling data
[2019-08-02 00:31:31] [data] Done reading 518860 sentences
[2019-08-02 00:31:32] [data] Done shuffling 518860 sentences to temp files
[2019-08-02 00:32:01] Ep. 2 : Up. 4000 : Sen. 9,042 : Cost 86.71562958 : Time 760.33s : 6831.73 words/s
[2019-08-02 00:44:41] Ep. 2 : Up. 6000 : Sen. 251,152 : Cost 70.88052368 : Time 759.34s : 6831.78 words/s
[2019-08-02 00:56:17] Seen 473551 samples
[2019-08-02 00:56:17] Starting epoch 3
[2019-08-02 00:56:17] [data] Shuffling data
[2019-08-02 00:56:18] [data] Done reading 518860 sentences
[2019-08-02 00:56:21] [data] Done shuffling 518860 sentences to temp files
[2019-08-02 00:57:20] Ep. 3 : Up. 8000 : Sen. 18,827 : Cost 63.04467773 : Time 759.17s : 6809.42 words/s
[2019-08-02 01:09:55] Ep. 3 : Up. 10000 : Sen. 260,617 : Cost 56.12559891 : Time 755.68s : 6847.13 words/s
[2019-08-02 01:21:04] Seen 473551 samples
[2019-08-02 01:21:04] Starting epoch 4
[2019-08-02 01:21:04] [data] Shuffling data
[2019-08-02 01:21:04] [data] Done reading 518860 sentences
[2019-08-02 01:21:06] [data] Done shuffling 518860 sentences to temp files
[2019-08-02 01:22:33] Ep. 4 : Up. 12000 : Sen. 27,361 : Cost 53.14735794 : Time 757.75s : 6820.99 words/s
[2019-08-02 01:35:13] Ep. 4 : Up. 14000 : Sen. 270,885 : Cost 49.31908417 : Time 759.31s : 6864.99 words/s
[2019-08-02 01:45:47] Seen 473551 samples
[2019-08-02 01:45:47] Starting epoch 5
[2019-08-02 01:45:47] [data] Shuffling data
[2019-08-02 01:45:48] [data] Done reading 518860 sentences
[2019-08-02 01:45:49] [data] Done shuffling 518860 sentences to temp files
[2019-08-02 01:47:49] Ep. 5 : Up. 16000 : Sen. 38,109 : Cost 47.53025055 : Time 756.05s : 6818.70 words/s
[2019-08-02 02:00:24] Ep. 5 : Up. 18000 : Sen. 279,565 : Cost 45.03180695 : Time 755.89s : 6851.60 words/s
[2019-08-02 02:10:31] Seen 473551 samples
[2019-08-02 02:10:31] Starting epoch 6
[2019-08-02 02:10:31] [data] Shuffling data
[2019-08-02 02:10:32] [data] Done reading 518860 sentences
[2019-08-02 02:10:33] [data] Done shuffling 518860 sentences to temp files
[2019-08-02 02:13:03] Ep. 6 : Up. 20000 : Sen. 48,140 : Cost 43.94411850 : Time 759.00s : 6828.94 words/s
[2019-08-02 02:13:03] Saving model to ../experiments/10M_bicleaner_v1.1_+_ced_0.25_x_bic1.1_x_dcce_w3000/model/model.npz.orig.npz
[2019-08-02 02:13:12] Saving model to ../experiments/10M_bicleaner_v1.1_+_ced_0.25_x_bic1.1_x_dcce_w3000/model/model.iter20000.npz
[2019-08-02 02:13:18] Saving model to ../experiments/10M_bicleaner_v1.1_+_ced_0.25_x_bic1.1_x_dcce_w3000/model/model.npz
[2019-08-02 02:13:28] Saving Adam parameters to ../experiments/10M_bicleaner_v1.1_+_ced_0.25_x_bic1.1_x_dcce_w3000/model/model.npz.optimizer.npz
[2019-08-02 02:13:52] [valid] Ep. 6 : Up. 20000 : cross-entropy : 69.5529 : new best
[2019-08-02 02:14:01] [valid] Ep. 6 : Up. 20000 : perplexity : 15.7336 : new best
[2019-08-02 02:15:20] [valid] Ep. 6 : Up. 20000 : translation : 22.7 : new best
[2019-08-02 02:27:56] Ep. 6 : Up. 22000 : Sen. 289,093 : Cost 42.14635086 : Time 892.89s : 5793.16 words/s
[2019-08-02 02:37:33] Seen 473551 samples
[2019-08-02 02:37:33] Starting epoch 7
[2019-08-02 02:37:33] [data] Shuffling data
[2019-08-02 02:37:33] [data] Done reading 518860 sentences
[2019-08-02 02:37:35] [data] Done shuffling 518860 sentences to temp files
[2019-08-02 02:40:37] Ep. 7 : Up. 24000 : Sen. 57,969 : Cost 41.35361862 : Time 760.15s : 6839.53 words/s
[2019-08-02 02:53:11] Ep. 7 : Up. 26000 : Sen. 299,922 : Cost 39.53654861 : Time 754.83s : 6864.08 words/s
[2019-08-02 03:02:15] Seen 473551 samples
[2019-08-02 03:02:15] Starting epoch 8
[2019-08-02 03:02:15] [data] Shuffling data
[2019-08-02 03:02:15] [data] Done reading 518860 sentences
[2019-08-02 03:02:17] [data] Done shuffling 518860 sentences to temp files
[2019-08-02 03:05:48] Ep. 8 : Up. 28000 : Sen. 67,342 : Cost 39.31286621 : Time 756.18s : 6833.54 words/s
[2019-08-02 03:18:24] Ep. 8 : Up. 30000 : Sen. 309,254 : Cost 37.95873642 : Time 755.96s : 6863.46 words/s
[2019-08-02 03:26:56] Seen 473551 samples
[2019-08-02 03:26:56] Starting epoch 9
[2019-08-02 03:26:56] [data] Shuffling data
[2019-08-02 03:26:57] [data] Done reading 518860 sentences
[2019-08-02 03:26:58] [data] Done shuffling 518860 sentences to temp files
[2019-08-02 03:31:03] Ep. 9 : Up. 32000 : Sen. 78,145 : Cost 37.26536942 : Time 759.38s : 6839.41 words/s
[2019-08-02 03:43:38] Ep. 9 : Up. 34000 : Sen. 320,450 : Cost 36.38407516 : Time 755.20s : 6864.44 words/s
[2019-08-02 03:51:37] Seen 473551 samples
[2019-08-02 03:51:37] Starting epoch 10
[2019-08-02 03:51:37] [data] Shuffling data
[2019-08-02 03:51:38] [data] Done reading 518860 sentences
[2019-08-02 03:51:39] [data] Done shuffling 518860 sentences to temp files
[2019-08-02 03:56:14] Ep. 10 : Up. 36000 : Sen. 87,472 : Cost 36.04104233 : Time 755.94s : 6835.73 words/s
[2019-08-02 04:08:50] Ep. 10 : Up. 38000 : Sen. 330,285 : Cost 34.98691940 : Time 755.89s : 6865.46 words/s
[2019-08-02 04:16:19] Seen 473551 samples
[2019-08-02 04:16:19] Starting epoch 11
[2019-08-02 04:16:19] [data] Shuffling data
[2019-08-02 04:16:20] [data] Done reading 518860 sentences
[2019-08-02 04:16:21] [data] Done shuffling 518860 sentences to temp files
[2019-08-02 04:21:30] Ep. 11 : Up. 40000 : Sen. 98,838 : Cost 34.73493195 : Time 760.42s : 6841.62 words/s
[2019-08-02 04:21:30] Saving model to ../experiments/10M_bicleaner_v1.1_+_ced_0.25_x_bic1.1_x_dcce_w3000/model/model.npz.orig.npz
[2019-08-02 04:21:43] Saving model to ../experiments/10M_bicleaner_v1.1_+_ced_0.25_x_bic1.1_x_dcce_w3000/model/model.iter40000.npz
[2019-08-02 04:21:53] Saving model to ../experiments/10M_bicleaner_v1.1_+_ced_0.25_x_bic1.1_x_dcce_w3000/model/model.npz
[2019-08-02 04:22:02] Saving Adam parameters to ../experiments/10M_bicleaner_v1.1_+_ced_0.25_x_bic1.1_x_dcce_w3000/model/model.npz.optimizer.npz
[2019-08-02 04:22:31] [valid] Ep. 11 : Up. 40000 : cross-entropy : 61.0676 : new best
[2019-08-02 04:22:40] [valid] Ep. 11 : Up. 40000 : perplexity : 11.2413 : new best
[2019-08-02 04:23:58] [valid] Ep. 11 : Up. 40000 : translation : 24.98 : new best
[2019-08-02 04:36:34] Ep. 11 : Up. 42000 : Sen. 340,123 : Cost 34.04264450 : Time 903.96s : 5726.63 words/s
[2019-08-02 04:43:31] Seen 473551 samples
[2019-08-02 04:43:31] Starting epoch 12
[2019-08-02 04:43:31] [data] Shuffling data
[2019-08-02 04:43:31] [data] Done reading 518860 sentences
[2019-08-02 04:43:33] [data] Done shuffling 518860 sentences to temp files
[2019-08-02 04:49:12] Ep. 12 : Up. 44000 : Sen. 108,644 : Cost 33.34206772 : Time 757.61s : 6834.99 words/s
[2019-08-02 05:01:47] Ep. 12 : Up. 46000 : Sen. 349,873 : Cost 32.81149673 : Time 755.06s : 6848.48 words/s
[2019-08-02 05:08:14] Seen 473551 samples
[2019-08-02 05:08:14] Starting epoch 13
[2019-08-02 05:08:14] [data] Shuffling data
[2019-08-02 05:08:15] [data] Done reading 518860 sentences
[2019-08-02 05:08:16] [data] Done shuffling 518860 sentences to temp files
[2019-08-02 05:14:24] Ep. 13 : Up. 48000 : Sen. 118,262 : Cost 32.20450974 : Time 757.37s : 6844.66 words/s
[2019-08-02 05:27:01] Ep. 13 : Up. 50000 : Sen. 360,499 : Cost 31.88219643 : Time 756.53s : 6859.93 words/s
[2019-08-02 05:32:57] Seen 473551 samples
[2019-08-02 05:32:57] Starting epoch 14
[2019-08-02 05:32:57] [data] Shuffling data
[2019-08-02 05:32:57] [data] Done reading 518860 sentences
[2019-08-02 05:32:58] [data] Done shuffling 518860 sentences to temp files
[2019-08-02 05:39:38] Ep. 14 : Up. 52000 : Sen. 127,472 : Cost 31.44756126 : Time 756.77s : 6825.93 words/s
[2019-08-02 05:52:15] Ep. 14 : Up. 54000 : Sen. 369,928 : Cost 31.06592560 : Time 757.46s : 6860.74 words/s
[2019-08-02 05:57:39] Seen 473551 samples
[2019-08-02 05:57:39] Starting epoch 15
[2019-08-02 05:57:39] [data] Shuffling data
[2019-08-02 05:57:39] [data] Done reading 518860 sentences
[2019-08-02 05:57:41] [data] Done shuffling 518860 sentences to temp files
[2019-08-02 06:04:56] Ep. 15 : Up. 56000 : Sen. 138,715 : Cost 30.63568497 : Time 760.73s : 6839.27 words/s
[2019-08-02 06:17:30] Ep. 15 : Up. 58000 : Sen. 380,344 : Cost 30.54567909 : Time 754.49s : 6854.42 words/s
[2019-08-02 06:22:22] Seen 473551 samples
[2019-08-02 06:22:22] Starting epoch 16
[2019-08-02 06:22:22] [data] Shuffling data
[2019-08-02 06:22:22] [data] Done reading 518860 sentences
[2019-08-02 06:22:24] [data] Done shuffling 518860 sentences to temp files
[2019-08-02 06:30:08] Ep. 16 : Up. 60000 : Sen. 148,852 : Cost 29.65036583 : Time 757.93s : 6834.28 words/s
[2019-08-02 06:30:08] Saving model to ../experiments/10M_bicleaner_v1.1_+_ced_0.25_x_bic1.1_x_dcce_w3000/model/model.npz.orig.npz
[2019-08-02 06:30:17] Saving model to ../experiments/10M_bicleaner_v1.1_+_ced_0.25_x_bic1.1_x_dcce_w3000/model/model.iter60000.npz
[2019-08-02 06:30:24] Saving model to ../experiments/10M_bicleaner_v1.1_+_ced_0.25_x_bic1.1_x_dcce_w3000/model/model.npz
[2019-08-02 06:30:33] Saving Adam parameters to ../experiments/10M_bicleaner_v1.1_+_ced_0.25_x_bic1.1_x_dcce_w3000/model/model.npz.optimizer.npz
[2019-08-02 06:30:57] [valid] Ep. 16 : Up. 60000 : cross-entropy : 58.992 : new best
[2019-08-02 06:31:07] [valid] Ep. 16 : Up. 60000 : perplexity : 10.3538 : new best
[2019-08-02 06:32:25] [valid] Ep. 16 : Up. 60000 : translation : 26.03 : new best
[2019-08-02 06:45:03] Ep. 16 : Up. 62000 : Sen. 390,490 : Cost 29.75158119 : Time 894.49s : 5793.74 words/s
[2019-08-02 06:49:23] Seen 473551 samples
[2019-08-02 06:49:23] Starting epoch 17
[2019-08-02 06:49:23] [data] Shuffling data
[2019-08-02 06:49:24] [data] Done reading 518860 sentences
[2019-08-02 06:49:25] [data] Done shuffling 518860 sentences to temp files
[2019-08-02 06:57:42] Ep. 17 : Up. 64000 : Sen. 159,013 : Cost 29.21037865 : Time 759.46s : 6838.94 words/s
[2019-08-02 07:10:18] Ep. 17 : Up. 66000 : Sen. 400,705 : Cost 28.94724083 : Time 756.12s : 6851.28 words/s
[2019-08-02 07:14:06] Seen 473551 samples
[2019-08-02 07:14:06] Starting epoch 18
[2019-08-02 07:14:06] [data] Shuffling data
[2019-08-02 07:14:06] [data] Done reading 518860 sentences
[2019-08-02 07:14:08] [data] Done shuffling 518860 sentences to temp files
[2019-08-02 07:22:56] Ep. 18 : Up. 68000 : Sen. 169,332 : Cost 28.05685806 : Time 757.24s : 6833.56 words/s
[2019-08-02 07:35:35] Ep. 18 : Up. 70000 : Sen. 411,576 : Cost 28.57553864 : Time 759.35s : 6865.44 words/s
[2019-08-02 07:38:48] Seen 473551 samples
[2019-08-02 07:38:48] Starting epoch 19
[2019-08-02 07:38:48] [data] Shuffling data
[2019-08-02 07:38:48] [data] Done reading 518860 sentences
[2019-08-02 07:38:50] [data] Done shuffling 518860 sentences to temp files
[2019-08-02 07:48:13] Ep. 19 : Up. 72000 : Sen. 179,854 : Cost 27.73874474 : Time 758.45s : 6834.44 words/s
[2019-08-02 08:00:51] Ep. 19 : Up. 74000 : Sen. 422,400 : Cost 28.04459572 : Time 757.67s : 6855.87 words/s
[2019-08-02 08:03:31] Seen 473551 samples
[2019-08-02 08:03:31] Starting epoch 20
[2019-08-02 08:03:31] [data] Shuffling data
[2019-08-02 08:03:31] [data] Done reading 518860 sentences
[2019-08-02 08:03:32] [data] Done shuffling 518860 sentences to temp files
[2019-08-02 08:13:29] Ep. 20 : Up. 76000 : Sen. 190,848 : Cost 27.14263153 : Time 757.61s : 6840.68 words/s
[2019-08-02 08:26:06] Ep. 20 : Up. 78000 : Sen. 432,826 : Cost 27.33560562 : Time 757.13s : 6851.78 words/s
[2019-08-02 08:28:13] Seen 473551 samples
[2019-08-02 08:28:13] Starting epoch 21
[2019-08-02 08:28:13] [data] Shuffling data
[2019-08-02 08:28:14] [data] Done reading 518860 sentences
[2019-08-02 08:28:15] [data] Done shuffling 518860 sentences to temp files
[2019-08-02 08:38:44] Ep. 21 : Up. 80000 : Sen. 201,163 : Cost 26.72598839 : Time 758.25s : 6844.31 words/s
[2019-08-02 08:38:44] Saving model to ../experiments/10M_bicleaner_v1.1_+_ced_0.25_x_bic1.1_x_dcce_w3000/model/model.npz.orig.npz
[2019-08-02 08:38:54] Saving model to ../experiments/10M_bicleaner_v1.1_+_ced_0.25_x_bic1.1_x_dcce_w3000/model/model.iter80000.npz
[2019-08-02 08:39:00] Saving model to ../experiments/10M_bicleaner_v1.1_+_ced_0.25_x_bic1.1_x_dcce_w3000/model/model.npz
[2019-08-02 08:39:11] Saving Adam parameters to ../experiments/10M_bicleaner_v1.1_+_ced_0.25_x_bic1.1_x_dcce_w3000/model/model.npz.optimizer.npz
[2019-08-02 08:39:35] [valid] Ep. 21 : Up. 80000 : cross-entropy : 58.7743 : new best
[2019-08-02 08:39:44] [valid] Ep. 21 : Up. 80000 : perplexity : 10.2649 : new best
[2019-08-02 08:41:01] [valid] Ep. 21 : Up. 80000 : translation : 26.33 : new best
[2019-08-02 08:53:35] Ep. 21 : Up. 82000 : Sen. 442,951 : Cost 26.76791573 : Time 890.86s : 5819.98 words/s
[2019-08-02 08:55:09] Seen 473551 samples
[2019-08-02 08:55:09] Starting epoch 22
[2019-08-02 08:55:09] [data] Shuffling data
[2019-08-02 08:55:10] [data] Done reading 518860 sentences
[2019-08-02 08:55:11] [data] Done shuffling 518860 sentences to temp files
[2019-08-02 09:06:09] Ep. 22 : Up. 84000 : Sen. 210,782 : Cost 25.99502182 : Time 754.17s : 6857.81 words/s
[2019-08-02 09:18:41] Ep. 22 : Up. 86000 : Sen. 451,707 : Cost 26.49931717 : Time 752.32s : 6865.97 words/s
[2019-08-02 09:19:49] Seen 473551 samples
[2019-08-02 09:19:49] Starting epoch 23
[2019-08-02 09:19:49] [data] Shuffling data
[2019-08-02 09:19:49] [data] Done reading 518860 sentences
[2019-08-02 09:19:51] [data] Done shuffling 518860 sentences to temp files
[2019-08-02 09:31:16] Ep. 23 : Up. 88000 : Sen. 218,864 : Cost 25.55635834 : Time 754.74s : 6834.25 words/s
[2019-08-02 09:43:52] Ep. 23 : Up. 90000 : Sen. 461,107 : Cost 25.94976616 : Time 756.16s : 6859.70 words/s
[2019-08-02 09:44:32] Seen 473551 samples
[2019-08-02 09:44:32] Starting epoch 24
[2019-08-02 09:44:32] [data] Shuffling data
[2019-08-02 09:44:32] [data] Done reading 518860 sentences
[2019-08-02 09:44:34] [data] Done shuffling 518860 sentences to temp files
[2019-08-02 09:56:33] Ep. 24 : Up. 92000 : Sen. 230,400 : Cost 24.94334602 : Time 760.33s : 6840.46 words/s
[2019-08-02 10:09:10] Ep. 24 : Up. 94000 : Sen. 472,518 : Cost 25.47737122 : Time 757.11s : 6856.16 words/s
[2019-08-02 10:09:14] Seen 473551 samples
[2019-08-02 10:09:14] Starting epoch 25
[2019-08-02 10:09:14] [data] Shuffling data
[2019-08-02 10:09:14] [data] Done reading 518860 sentences
[2019-08-02 10:09:16] [data] Done shuffling 518860 sentences to temp files
[2019-08-02 10:21:48] Ep. 25 : Up. 96000 : Sen. 240,581 : Cost 24.67092514 : Time 758.38s : 6840.69 words/s
[2019-08-02 10:33:56] Seen 473551 samples
[2019-08-02 10:33:56] Starting epoch 26
[2019-08-02 10:33:56] [data] Shuffling data
[2019-08-02 10:33:56] [data] Done reading 518860 sentences
[2019-08-02 10:33:58] [data] Done shuffling 518860 sentences to temp files
[2019-08-02 10:34:23] Ep. 26 : Up. 98000 : Sen. 7,595 : Cost 24.94277000 : Time 754.38s : 6832.77 words/s
[2019-08-02 10:46:57] Ep. 26 : Up. 100000 : Sen. 249,330 : Cost 24.24949646 : Time 754.33s : 6866.13 words/s
[2019-08-02 10:46:57] Saving model to ../experiments/10M_bicleaner_v1.1_+_ced_0.25_x_bic1.1_x_dcce_w3000/model/model.npz.orig.npz
[2019-08-02 10:47:06] Saving model to ../experiments/10M_bicleaner_v1.1_+_ced_0.25_x_bic1.1_x_dcce_w3000/model/model.iter100000.npz
[2019-08-02 10:47:16] Saving model to ../experiments/10M_bicleaner_v1.1_+_ced_0.25_x_bic1.1_x_dcce_w3000/model/model.npz
[2019-08-02 10:47:25] Saving Adam parameters to ../experiments/10M_bicleaner_v1.1_+_ced_0.25_x_bic1.1_x_dcce_w3000/model/model.npz.optimizer.npz
[2019-08-02 10:47:49] [valid] Ep. 26 : Up. 100000 : cross-entropy : 59.4868 : stalled 1 times (last best: 58.7743)
[2019-08-02 10:47:58] [valid] Ep. 26 : Up. 100000 : perplexity : 10.5589 : stalled 1 times (last best: 10.2649)
[2019-08-02 10:49:15] [valid] Ep. 26 : Up. 100000 : translation : 26.54 : new best
[2019-08-02 11:00:58] Seen 473551 samples
[2019-08-02 11:00:58] Starting epoch 27
[2019-08-02 11:00:58] [data] Shuffling data
[2019-08-02 11:00:58] [data] Done reading 518860 sentences
[2019-08-02 11:00:59] [data] Done shuffling 518860 sentences to temp files
[2019-08-02 11:01:55] Ep. 27 : Up. 102000 : Sen. 18,053 : Cost 24.52592468 : Time 898.37s : 5776.43 words/s
[2019-08-02 11:15:00] Ep. 27 : Up. 104000 : Sen. 259,231 : Cost 23.83093834 : Time 784.63s : 6596.78 words/s
[2019-08-02 11:26:50] Seen 473551 samples
[2019-08-02 11:26:50] Starting epoch 28
[2019-08-02 11:26:50] [data] Shuffling data
[2019-08-02 11:26:50] [data] Done reading 518860 sentences
[2019-08-02 11:26:52] [data] Done shuffling 518860 sentences to temp files
[2019-08-02 11:28:15] Ep. 28 : Up. 106000 : Sen. 26,370 : Cost 24.23194122 : Time 794.59s : 6494.59 words/s
[2019-08-02 11:40:50] Ep. 28 : Up. 108000 : Sen. 268,722 : Cost 23.41440964 : Time 755.50s : 6873.20 words/s
[2019-08-02 11:52:28] Seen 473551 samples
[2019-08-02 11:52:28] Starting epoch 29
[2019-08-02 11:52:28] [data] Shuffling data
[2019-08-02 11:52:29] [data] Done reading 518860 sentences
[2019-08-02 11:52:30] [data] Done shuffling 518860 sentences to temp files
[2019-08-02 11:54:27] Ep. 29 : Up. 110000 : Sen. 37,292 : Cost 23.76239014 : Time 817.01s : 6351.93 words/s
[2019-08-02 12:07:38] Ep. 29 : Up. 112000 : Sen. 279,264 : Cost 23.17341614 : Time 791.44s : 6552.52 words/s
[2019-08-02 12:19:46] Seen 473551 samples
[2019-08-02 12:19:46] Starting epoch 30
[2019-08-02 12:19:46] [data] Shuffling data
[2019-08-02 12:19:47] [data] Done reading 518860 sentences
[2019-08-02 12:19:48] [data] Done shuffling 518860 sentences to temp files
[2019-08-02 12:22:25] Ep. 30 : Up. 114000 : Sen. 46,931 : Cost 23.59315491 : Time 886.04s : 5844.92 words/s
[2019-08-02 12:34:57] Ep. 30 : Up. 116000 : Sen. 288,438 : Cost 22.86840057 : Time 752.04s : 6873.76 words/s
[2019-08-02 12:44:34] Seen 473551 samples
[2019-08-02 12:44:34] Starting epoch 31
[2019-08-02 12:44:34] [data] Shuffling data
[2019-08-02 12:44:34] [data] Done reading 518860 sentences
[2019-08-02 12:44:36] [data] Done shuffling 518860 sentences to temp files
[2019-08-02 12:47:33] Ep. 31 : Up. 118000 : Sen. 56,581 : Cost 23.03981209 : Time 756.13s : 6847.21 words/s
[2019-08-02 13:00:10] Ep. 31 : Up. 120000 : Sen. 298,669 : Cost 22.64835358 : Time 757.16s : 6854.87 words/s
[2019-08-02 13:00:10] Saving model to ../experiments/10M_bicleaner_v1.1_+_ced_0.25_x_bic1.1_x_dcce_w3000/model/model.npz.orig.npz
[2019-08-02 13:00:18] Saving model to ../experiments/10M_bicleaner_v1.1_+_ced_0.25_x_bic1.1_x_dcce_w3000/model/model.iter120000.npz
[2019-08-02 13:00:25] Saving model to ../experiments/10M_bicleaner_v1.1_+_ced_0.25_x_bic1.1_x_dcce_w3000/model/model.npz
[2019-08-02 13:00:33] Saving Adam parameters to ../experiments/10M_bicleaner_v1.1_+_ced_0.25_x_bic1.1_x_dcce_w3000/model/model.npz.optimizer.npz
[2019-08-02 13:00:58] [valid] Ep. 31 : Up. 120000 : cross-entropy : 60.6466 : stalled 2 times (last best: 58.7743)
[2019-08-02 13:01:07] [valid] Ep. 31 : Up. 120000 : perplexity : 11.0554 : stalled 2 times (last best: 10.2649)
[2019-08-02 13:02:24] [valid] Ep. 31 : Up. 120000 : translation : 26.27 : stalled 1 times (last best: 26.54)
[2019-08-02 13:12:43] Seen 473551 samples
[2019-08-02 13:12:43] Starting epoch 32
[2019-08-02 13:12:43] [data] Shuffling data
[2019-08-02 13:12:43] [data] Done reading 518860 sentences
[2019-08-02 13:12:45] [data] Done shuffling 518860 sentences to temp files
[2019-08-02 13:16:16] Ep. 32 : Up. 122000 : Sen. 67,645 : Cost 22.68478775 : Time 966.22s : 5381.23 words/s
[2019-08-02 13:28:48] Ep. 32 : Up. 124000 : Sen. 308,796 : Cost 22.33929062 : Time 752.09s : 6861.00 words/s
[2019-08-02 13:37:25] Seen 473551 samples
[2019-08-02 13:37:25] Starting epoch 33
[2019-08-02 13:37:25] [data] Shuffling data
[2019-08-02 13:37:25] [data] Done reading 518860 sentences
[2019-08-02 13:37:27] [data] Done shuffling 518860 sentences to temp files
[2019-08-02 13:41:30] Ep. 33 : Up. 126000 : Sen. 77,627 : Cost 22.40225983 : Time 761.92s : 6828.15 words/s
[2019-08-02 13:54:08] Ep. 33 : Up. 128000 : Sen. 318,703 : Cost 21.93242455 : Time 758.00s : 6824.69 words/s
[2019-08-02 14:02:12] Seen 473551 samples
[2019-08-02 14:02:12] Starting epoch 34
[2019-08-02 14:02:12] [data] Shuffling data
[2019-08-02 14:02:12] [data] Done reading 518860 sentences
[2019-08-02 14:02:14] [data] Done shuffling 518860 sentences to temp files
[2019-08-02 14:06:50] Ep. 34 : Up. 130000 : Sen. 87,851 : Cost 22.15001106 : Time 761.94s : 6825.74 words/s
[2019-08-02 14:19:28] Ep. 34 : Up. 132000 : Sen. 329,974 : Cost 21.70729065 : Time 758.22s : 6831.11 words/s
[2019-08-02 14:27:00] Seen 473551 samples
[2019-08-02 14:27:00] Starting epoch 35
[2019-08-02 14:27:00] [data] Shuffling data
[2019-08-02 14:27:00] [data] Done reading 518860 sentences
[2019-08-02 14:27:02] [data] Done shuffling 518860 sentences to temp files
[2019-08-02 14:32:09] Ep. 35 : Up. 134000 : Sen. 97,676 : Cost 21.72536659 : Time 761.12s : 6801.19 words/s
[2019-08-02 14:44:47] Ep. 35 : Up. 136000 : Sen. 339,692 : Cost 21.54014969 : Time 757.92s : 6850.00 words/s
[2019-08-02 14:51:46] Seen 473551 samples
[2019-08-02 14:51:46] Starting epoch 36
[2019-08-02 14:51:46] [data] Shuffling data
[2019-08-02 14:51:47] [data] Done reading 518860 sentences
[2019-08-02 14:51:48] [data] Done shuffling 518860 sentences to temp files
[2019-08-02 14:57:24] Ep. 36 : Up. 138000 : Sen. 107,174 : Cost 21.47349548 : Time 757.21s : 6825.52 words/s
[2019-08-02 15:10:00] Ep. 36 : Up. 140000 : Sen. 348,633 : Cost 21.33581734 : Time 755.16s : 6854.18 words/s
[2019-08-02 15:10:00] Saving model to ../experiments/10M_bicleaner_v1.1_+_ced_0.25_x_bic1.1_x_dcce_w3000/model/model.npz.orig.npz
[2019-08-02 15:10:08] Saving model to ../experiments/10M_bicleaner_v1.1_+_ced_0.25_x_bic1.1_x_dcce_w3000/model/model.iter140000.npz
[2019-08-02 15:10:14] Saving model to ../experiments/10M_bicleaner_v1.1_+_ced_0.25_x_bic1.1_x_dcce_w3000/model/model.npz
[2019-08-02 15:10:23] Saving Adam parameters to ../experiments/10M_bicleaner_v1.1_+_ced_0.25_x_bic1.1_x_dcce_w3000/model/model.npz.optimizer.npz
[2019-08-02 15:10:47] [valid] Ep. 36 : Up. 140000 : cross-entropy : 62.116 : stalled 3 times (last best: 58.7743)
[2019-08-02 15:10:57] [valid] Ep. 36 : Up. 140000 : perplexity : 11.7181 : stalled 3 times (last best: 10.2649)
[2019-08-02 15:12:12] [valid] Ep. 36 : Up. 140000 : translation : 26.09 : stalled 2 times (last best: 26.54)
[2019-08-02 15:18:43] Seen 473551 samples
[2019-08-02 15:18:43] Starting epoch 37
[2019-08-02 15:18:43] [data] Shuffling data
[2019-08-02 15:18:43] [data] Done reading 518860 sentences
[2019-08-02 15:18:45] [data] Done shuffling 518860 sentences to temp files
[2019-08-02 15:24:54] Ep. 37 : Up. 142000 : Sen. 117,717 : Cost 21.23660088 : Time 893.87s : 5814.20 words/s
[2019-08-02 15:37:28] Ep. 37 : Up. 144000 : Sen. 359,024 : Cost 21.34290504 : Time 754.34s : 6858.88 words/s
[2019-08-02 15:43:25] Seen 473551 samples
[2019-08-02 15:43:25] Starting epoch 38
[2019-08-02 15:43:25] [data] Shuffling data
[2019-08-02 15:43:25] [data] Done reading 518860 sentences
[2019-08-02 15:43:27] [data] Done shuffling 518860 sentences to temp files
[2019-08-02 15:50:08] Ep. 38 : Up. 146000 : Sen. 128,283 : Cost 20.84531975 : Time 760.33s : 6842.28 words/s
[2019-08-02 16:02:46] Ep. 38 : Up. 148000 : Sen. 370,807 : Cost 20.71608543 : Time 757.68s : 6857.59 words/s
[2019-08-02 16:08:07] Seen 473551 samples
[2019-08-02 16:08:07] Starting epoch 39
[2019-08-02 16:08:07] [data] Shuffling data
[2019-08-02 16:08:08] [data] Done reading 518860 sentences
[2019-08-02 16:08:09] [data] Done shuffling 518860 sentences to temp files
[2019-08-02 16:15:24] Ep. 39 : Up. 150000 : Sen. 138,734 : Cost 20.76254654 : Time 758.05s : 6832.11 words/s
[2019-08-02 16:28:02] Ep. 39 : Up. 152000 : Sen. 381,295 : Cost 20.56480980 : Time 757.83s : 6847.71 words/s
[2019-08-02 16:32:52] Seen 473551 samples
[2019-08-02 16:32:52] Starting epoch 40
[2019-08-02 16:32:52] [data] Shuffling data
[2019-08-02 16:32:52] [data] Done reading 518860 sentences
[2019-08-02 16:32:54] [data] Done shuffling 518860 sentences to temp files
[2019-08-02 16:40:42] Ep. 40 : Up. 154000 : Sen. 149,636 : Cost 20.48485947 : Time 760.47s : 6832.87 words/s
[2019-08-02 16:53:18] Ep. 40 : Up. 156000 : Sen. 391,304 : Cost 20.45136070 : Time 755.57s : 6858.81 words/s
[2019-08-02 16:57:34] Seen 473551 samples
[2019-08-02 16:57:34] Starting epoch 41
[2019-08-02 16:57:34] [data] Shuffling data
[2019-08-02 16:57:34] [data] Done reading 518860 sentences
[2019-08-02 16:57:36] [data] Done shuffling 518860 sentences to temp files
[2019-08-02 17:05:54] Ep. 41 : Up. 158000 : Sen. 159,664 : Cost 20.10905457 : Time 756.38s : 6843.85 words/s
[2019-08-02 17:18:29] Ep. 41 : Up. 160000 : Sen. 401,566 : Cost 20.49345589 : Time 755.17s : 6864.48 words/s
[2019-08-02 17:18:29] Saving model to ../experiments/10M_bicleaner_v1.1_+_ced_0.25_x_bic1.1_x_dcce_w3000/model/model.npz.orig.npz
[2019-08-02 17:18:37] Saving model to ../experiments/10M_bicleaner_v1.1_+_ced_0.25_x_bic1.1_x_dcce_w3000/model/model.iter160000.npz
[2019-08-02 17:18:44] Saving model to ../experiments/10M_bicleaner_v1.1_+_ced_0.25_x_bic1.1_x_dcce_w3000/model/model.npz
[2019-08-02 17:18:53] Saving Adam parameters to ../experiments/10M_bicleaner_v1.1_+_ced_0.25_x_bic1.1_x_dcce_w3000/model/model.npz.optimizer.npz
[2019-08-02 17:19:17] [valid] Ep. 41 : Up. 160000 : cross-entropy : 63.5395 : stalled 4 times (last best: 58.7743)
[2019-08-02 17:19:26] [valid] Ep. 41 : Up. 160000 : perplexity : 12.398 : stalled 4 times (last best: 10.2649)
[2019-08-02 17:20:42] [valid] Ep. 41 : Up. 160000 : translation : 26.02 : stalled 3 times (last best: 26.54)
[2019-08-02 17:24:30] Seen 473551 samples
[2019-08-02 17:24:30] Starting epoch 42
[2019-08-02 17:24:30] [data] Shuffling data
[2019-08-02 17:24:30] [data] Done reading 518860 sentences
[2019-08-02 17:24:31] [data] Done shuffling 518860 sentences to temp files
[2019-08-02 17:33:22] Ep. 42 : Up. 162000 : Sen. 169,895 : Cost 19.92014694 : Time 892.66s : 5813.45 words/s
[2019-08-02 17:45:58] Ep. 42 : Up. 164000 : Sen. 412,049 : Cost 20.15587044 : Time 756.39s : 6861.01 words/s
[2019-08-02 17:49:11] Seen 473551 samples
[2019-08-02 17:49:11] Starting epoch 43
[2019-08-02 17:49:11] [data] Shuffling data
[2019-08-02 17:49:11] [data] Done reading 518860 sentences
[2019-08-02 17:49:13] [data] Done shuffling 518860 sentences to temp files
[2019-08-02 17:58:35] Ep. 43 : Up. 166000 : Sen. 179,380 : Cost 19.72365189 : Time 756.24s : 6834.28 words/s
[2019-08-02 18:11:09] Ep. 43 : Up. 168000 : Sen. 421,160 : Cost 19.79865646 : Time 754.37s : 6857.73 words/s
[2019-08-02 18:13:54] Seen 473551 samples
[2019-08-02 18:13:54] Starting epoch 44
[2019-08-02 18:13:54] [data] Shuffling data
[2019-08-02 18:13:54] [data] Done reading 518860 sentences
[2019-08-02 18:13:56] [data] Done shuffling 518860 sentences to temp files
[2019-08-02 18:23:46] Ep. 44 : Up. 170000 : Sen. 188,871 : Cost 19.59357452 : Time 757.45s : 6836.25 words/s
[2019-08-02 18:36:21] Ep. 44 : Up. 172000 : Sen. 430,242 : Cost 19.65247917 : Time 754.59s : 6852.33 words/s
[2019-08-02 18:38:37] Seen 473551 samples
[2019-08-02 18:38:37] Starting epoch 45
[2019-08-02 18:38:37] [data] Shuffling data
[2019-08-02 18:38:37] [data] Done reading 518860 sentences
[2019-08-02 18:38:38] [data] Done shuffling 518860 sentences to temp files
[2019-08-02 18:48:59] Ep. 45 : Up. 174000 : Sen. 198,400 : Cost 19.10328484 : Time 757.46s : 6842.78 words/s
[2019-08-02 19:01:35] Ep. 45 : Up. 176000 : Sen. 440,015 : Cost 19.54917526 : Time 756.12s : 6851.57 words/s
[2019-08-02 19:03:19] Seen 473551 samples
[2019-08-02 19:03:19] Starting epoch 46
[2019-08-02 19:03:19] [data] Shuffling data
[2019-08-02 19:03:19] [data] Done reading 518860 sentences
[2019-08-02 19:03:20] [data] Done shuffling 518860 sentences to temp files
[2019-08-02 19:14:13] Ep. 46 : Up. 178000 : Sen. 209,185 : Cost 18.83299637 : Time 758.50s : 6847.10 words/s
[2019-08-02 19:26:47] Ep. 46 : Up. 180000 : Sen. 450,077 : Cost 19.30781555 : Time 753.91s : 6857.47 words/s
[2019-08-02 19:26:47] Saving model to ../experiments/10M_bicleaner_v1.1_+_ced_0.25_x_bic1.1_x_dcce_w3000/model/model.npz.orig.npz
[2019-08-02 19:26:55] Saving model to ../experiments/10M_bicleaner_v1.1_+_ced_0.25_x_bic1.1_x_dcce_w3000/model/model.iter180000.npz
[2019-08-02 19:27:02] Saving model to ../experiments/10M_bicleaner_v1.1_+_ced_0.25_x_bic1.1_x_dcce_w3000/model/model.npz
[2019-08-02 19:27:10] Saving Adam parameters to ../experiments/10M_bicleaner_v1.1_+_ced_0.25_x_bic1.1_x_dcce_w3000/model/model.npz.optimizer.npz
[2019-08-02 19:27:40] [valid] Ep. 46 : Up. 180000 : cross-entropy : 65.0959 : stalled 5 times (last best: 58.7743)
[2019-08-02 19:27:50] [valid] Ep. 46 : Up. 180000 : perplexity : 13.1867 : stalled 5 times (last best: 10.2649)
[2019-08-02 19:29:06] [valid] Ep. 46 : Up. 180000 : translation : 25.58 : stalled 4 times (last best: 26.54)
[2019-08-02 19:29:07] Training finished
[2019-08-02 19:29:11] Saving model to ../experiments/10M_bicleaner_v1.1_+_ced_0.25_x_bic1.1_x_dcce_w3000/model/model.npz.orig.npz
[2019-08-02 19:29:19] Saving model to ../experiments/10M_bicleaner_v1.1_+_ced_0.25_x_bic1.1_x_dcce_w3000/model/model.npz
[2019-08-02 19:29:27] Saving Adam parameters to ../experiments/10M_bicleaner_v1.1_+_ced_0.25_x_bic1.1_x_dcce_w3000/model/model.npz.optimizer.npz
