[2019-07-10 12:01:03] [marian] Marian v1.7.8 ec2d66e 2019-05-27 14:52:11 +0100
[2019-07-10 12:01:03] [marian] Running on lofn as process 7354 with command line:
[2019-07-10 12:01:03] [marian] /fs/bil0/abdel/marian-dev/build/marian --sync-sgd --model ../experiments/10M_fasttext_prob_x_len_+_dcce_x_ced_0.0/model/model.npz -T . --devices 1 --train-sets ../experiments/10M_fasttext_prob_x_len_+_dcce_x_ced_0.0/data/train.bpe.de ../experiments/10M_fasttext_prob_x_len_+_dcce_x_ced_0.0/data/train.bpe.en --vocabs ../experiments/10M_fasttext_prob_x_len_+_dcce_x_ced_0.0/data/train.bpe.de.json ../experiments/10M_fasttext_prob_x_len_+_dcce_x_ced_0.0/data/train.bpe.en.json --mini-batch-fit -w 6000 --dim-vocabs 50000 50000 --layer-normalization --dropout-rnn 0.2 --dropout-src 0.1 --dropout-trg 0.1 --learn-rate 0.0001 --after-epochs 0 --early-stopping 5 --valid-freq 20000 --save-freq 20000 --disp-freq 2000 --valid-mini-batch 8 --valid-sets ../experiments/10M_fasttext_prob_x_len_+_dcce_x_ced_0.0/data/dev.bpe.de ../experiments/10M_fasttext_prob_x_len_+_dcce_x_ced_0.0/data/dev.bpe.en --valid-metrics cross-entropy perplexity translation --valid-translation-output ../experiments/10M_fasttext_prob_x_len_+_dcce_x_ced_0.0/model/dev.out --valid-script-path ../experiments/10M_fasttext_prob_x_len_+_dcce_x_ced_0.0/score-dev.sh --seed 1111 --exponential-smoothing --normalize=1 --beam-size=12 --quiet-translation --log ../experiments/10M_fasttext_prob_x_len_+_dcce_x_ced_0.0/model/train.log --valid-log ../experiments/10M_fasttext_prob_x_len_+_dcce_x_ced_0.0/model/valid.log
[2019-07-10 12:01:03] [config] after-batches: 0
[2019-07-10 12:01:03] [config] after-epochs: 0
[2019-07-10 12:01:03] [config] allow-unk: false
[2019-07-10 12:01:03] [config] beam-size: 12
[2019-07-10 12:01:03] [config] bert-class-symbol: "[CLS]"
[2019-07-10 12:01:03] [config] bert-mask-symbol: "[MASK]"
[2019-07-10 12:01:03] [config] bert-masking-fraction: 0.15
[2019-07-10 12:01:03] [config] bert-sep-symbol: "[SEP]"
[2019-07-10 12:01:03] [config] bert-train-type-embeddings: true
[2019-07-10 12:01:03] [config] bert-type-vocab-size: 2
[2019-07-10 12:01:03] [config] best-deep: false
[2019-07-10 12:01:03] [config] clip-gemm: 0
[2019-07-10 12:01:03] [config] clip-norm: 1
[2019-07-10 12:01:03] [config] cost-type: ce-mean
[2019-07-10 12:01:03] [config] cpu-threads: 0
[2019-07-10 12:01:03] [config] data-weighting: ""
[2019-07-10 12:01:03] [config] data-weighting-type: sentence
[2019-07-10 12:01:03] [config] dec-cell: gru
[2019-07-10 12:01:03] [config] dec-cell-base-depth: 2
[2019-07-10 12:01:03] [config] dec-cell-high-depth: 1
[2019-07-10 12:01:03] [config] dec-depth: 1
[2019-07-10 12:01:03] [config] devices:
[2019-07-10 12:01:03] [config]   - 1
[2019-07-10 12:01:03] [config] dim-emb: 512
[2019-07-10 12:01:03] [config] dim-rnn: 1024
[2019-07-10 12:01:03] [config] dim-vocabs:
[2019-07-10 12:01:03] [config]   - 50000
[2019-07-10 12:01:03] [config]   - 50000
[2019-07-10 12:01:03] [config] disp-first: 0
[2019-07-10 12:01:03] [config] disp-freq: 2000
[2019-07-10 12:01:03] [config] disp-label-counts: false
[2019-07-10 12:01:03] [config] dropout-rnn: 0.2
[2019-07-10 12:01:03] [config] dropout-src: 0.1
[2019-07-10 12:01:03] [config] dropout-trg: 0.1
[2019-07-10 12:01:03] [config] dump-config: ""
[2019-07-10 12:01:03] [config] early-stopping: 5
[2019-07-10 12:01:03] [config] embedding-fix-src: false
[2019-07-10 12:01:03] [config] embedding-fix-trg: false
[2019-07-10 12:01:03] [config] embedding-normalization: false
[2019-07-10 12:01:03] [config] embedding-vectors:
[2019-07-10 12:01:03] [config]   []
[2019-07-10 12:01:03] [config] enc-cell: gru
[2019-07-10 12:01:03] [config] enc-cell-depth: 1
[2019-07-10 12:01:03] [config] enc-depth: 1
[2019-07-10 12:01:03] [config] enc-type: bidirectional
[2019-07-10 12:01:03] [config] exponential-smoothing: 0.0001
[2019-07-10 12:01:03] [config] grad-dropping-momentum: 0
[2019-07-10 12:01:03] [config] grad-dropping-rate: 0
[2019-07-10 12:01:03] [config] grad-dropping-warmup: 100
[2019-07-10 12:01:03] [config] guided-alignment: none
[2019-07-10 12:01:03] [config] guided-alignment-cost: mse
[2019-07-10 12:01:03] [config] guided-alignment-weight: 0.1
[2019-07-10 12:01:03] [config] ignore-model-config: false
[2019-07-10 12:01:03] [config] input-types:
[2019-07-10 12:01:03] [config]   []
[2019-07-10 12:01:03] [config] interpolate-env-vars: false
[2019-07-10 12:01:03] [config] keep-best: false
[2019-07-10 12:01:03] [config] label-smoothing: 0
[2019-07-10 12:01:03] [config] layer-normalization: true
[2019-07-10 12:01:03] [config] learn-rate: 0.0001
[2019-07-10 12:01:03] [config] log: ../experiments/10M_fasttext_prob_x_len_+_dcce_x_ced_0.0/model/train.log
[2019-07-10 12:01:03] [config] log-level: info
[2019-07-10 12:01:03] [config] log-time-zone: ""
[2019-07-10 12:01:03] [config] lr-decay: 0
[2019-07-10 12:01:03] [config] lr-decay-freq: 50000
[2019-07-10 12:01:03] [config] lr-decay-inv-sqrt:
[2019-07-10 12:01:03] [config]   - 0
[2019-07-10 12:01:03] [config] lr-decay-repeat-warmup: false
[2019-07-10 12:01:03] [config] lr-decay-reset-optimizer: false
[2019-07-10 12:01:03] [config] lr-decay-start:
[2019-07-10 12:01:03] [config]   - 10
[2019-07-10 12:01:03] [config]   - 1
[2019-07-10 12:01:03] [config] lr-decay-strategy: epoch+stalled
[2019-07-10 12:01:03] [config] lr-report: false
[2019-07-10 12:01:03] [config] lr-warmup: 0
[2019-07-10 12:01:03] [config] lr-warmup-at-reload: false
[2019-07-10 12:01:03] [config] lr-warmup-cycle: false
[2019-07-10 12:01:03] [config] lr-warmup-start-rate: 0
[2019-07-10 12:01:03] [config] max-length: 50
[2019-07-10 12:01:03] [config] max-length-crop: false
[2019-07-10 12:01:03] [config] max-length-factor: 3
[2019-07-10 12:01:03] [config] maxi-batch: 100
[2019-07-10 12:01:03] [config] maxi-batch-sort: trg
[2019-07-10 12:01:03] [config] mini-batch: 64
[2019-07-10 12:01:03] [config] mini-batch-fit: true
[2019-07-10 12:01:03] [config] mini-batch-fit-step: 10
[2019-07-10 12:01:03] [config] mini-batch-overstuff: 1
[2019-07-10 12:01:03] [config] mini-batch-track-lr: false
[2019-07-10 12:01:03] [config] mini-batch-understuff: 1
[2019-07-10 12:01:03] [config] mini-batch-warmup: 0
[2019-07-10 12:01:03] [config] mini-batch-words: 0
[2019-07-10 12:01:03] [config] mini-batch-words-ref: 0
[2019-07-10 12:01:03] [config] model: ../experiments/10M_fasttext_prob_x_len_+_dcce_x_ced_0.0/model/model.npz
[2019-07-10 12:01:03] [config] multi-loss-type: sum
[2019-07-10 12:01:03] [config] multi-node: false
[2019-07-10 12:01:03] [config] multi-node-overlap: true
[2019-07-10 12:01:03] [config] n-best: false
[2019-07-10 12:01:03] [config] no-nccl: false
[2019-07-10 12:01:03] [config] no-reload: false
[2019-07-10 12:01:03] [config] no-restore-corpus: false
[2019-07-10 12:01:03] [config] no-shuffle: false
[2019-07-10 12:01:03] [config] normalize: 1
[2019-07-10 12:01:03] [config] num-devices: 0
[2019-07-10 12:01:03] [config] optimizer: adam
[2019-07-10 12:01:03] [config] optimizer-delay: 1
[2019-07-10 12:01:03] [config] optimizer-params:
[2019-07-10 12:01:03] [config]   []
[2019-07-10 12:01:03] [config] overwrite: false
[2019-07-10 12:01:03] [config] pretrained-model: ""
[2019-07-10 12:01:03] [config] quiet: false
[2019-07-10 12:01:03] [config] quiet-translation: true
[2019-07-10 12:01:03] [config] relative-paths: false
[2019-07-10 12:01:03] [config] right-left: false
[2019-07-10 12:01:03] [config] save-freq: 20000
[2019-07-10 12:01:03] [config] seed: 1111
[2019-07-10 12:01:03] [config] shuffle-in-ram: false
[2019-07-10 12:01:03] [config] skip: false
[2019-07-10 12:01:03] [config] sqlite: ""
[2019-07-10 12:01:03] [config] sqlite-drop: false
[2019-07-10 12:01:03] [config] sync-sgd: true
[2019-07-10 12:01:03] [config] tempdir: .
[2019-07-10 12:01:03] [config] tied-embeddings: false
[2019-07-10 12:01:03] [config] tied-embeddings-all: false
[2019-07-10 12:01:03] [config] tied-embeddings-src: false
[2019-07-10 12:01:03] [config] train-sets:
[2019-07-10 12:01:03] [config]   - ../experiments/10M_fasttext_prob_x_len_+_dcce_x_ced_0.0/data/train.bpe.de
[2019-07-10 12:01:03] [config]   - ../experiments/10M_fasttext_prob_x_len_+_dcce_x_ced_0.0/data/train.bpe.en
[2019-07-10 12:01:03] [config] transformer-aan-activation: swish
[2019-07-10 12:01:03] [config] transformer-aan-depth: 2
[2019-07-10 12:01:03] [config] transformer-aan-nogate: false
[2019-07-10 12:01:03] [config] transformer-decoder-autoreg: self-attention
[2019-07-10 12:01:03] [config] transformer-dim-aan: 2048
[2019-07-10 12:01:03] [config] transformer-dim-ffn: 2048
[2019-07-10 12:01:03] [config] transformer-dropout: 0
[2019-07-10 12:01:03] [config] transformer-dropout-attention: 0
[2019-07-10 12:01:03] [config] transformer-dropout-ffn: 0
[2019-07-10 12:01:03] [config] transformer-ffn-activation: swish
[2019-07-10 12:01:03] [config] transformer-ffn-depth: 2
[2019-07-10 12:01:03] [config] transformer-guided-alignment-layer: last
[2019-07-10 12:01:03] [config] transformer-heads: 8
[2019-07-10 12:01:03] [config] transformer-no-projection: false
[2019-07-10 12:01:03] [config] transformer-postprocess: dan
[2019-07-10 12:01:03] [config] transformer-postprocess-emb: d
[2019-07-10 12:01:03] [config] transformer-preprocess: ""
[2019-07-10 12:01:03] [config] transformer-tied-layers:
[2019-07-10 12:01:03] [config]   []
[2019-07-10 12:01:03] [config] transformer-train-position-embeddings: false
[2019-07-10 12:01:03] [config] type: amun
[2019-07-10 12:01:03] [config] ulr: false
[2019-07-10 12:01:03] [config] ulr-dim-emb: 0
[2019-07-10 12:01:03] [config] ulr-dropout: 0
[2019-07-10 12:01:03] [config] ulr-keys-vectors: ""
[2019-07-10 12:01:03] [config] ulr-query-vectors: ""
[2019-07-10 12:01:03] [config] ulr-softmax-temperature: 1
[2019-07-10 12:01:03] [config] ulr-trainable-transformation: false
[2019-07-10 12:01:03] [config] valid-freq: 20000
[2019-07-10 12:01:03] [config] valid-log: ../experiments/10M_fasttext_prob_x_len_+_dcce_x_ced_0.0/model/valid.log
[2019-07-10 12:01:03] [config] valid-max-length: 1000
[2019-07-10 12:01:03] [config] valid-metrics:
[2019-07-10 12:01:03] [config]   - cross-entropy
[2019-07-10 12:01:03] [config]   - perplexity
[2019-07-10 12:01:03] [config]   - translation
[2019-07-10 12:01:03] [config] valid-mini-batch: 8
[2019-07-10 12:01:03] [config] valid-script-path: ../experiments/10M_fasttext_prob_x_len_+_dcce_x_ced_0.0/score-dev.sh
[2019-07-10 12:01:03] [config] valid-sets:
[2019-07-10 12:01:03] [config]   - ../experiments/10M_fasttext_prob_x_len_+_dcce_x_ced_0.0/data/dev.bpe.de
[2019-07-10 12:01:03] [config]   - ../experiments/10M_fasttext_prob_x_len_+_dcce_x_ced_0.0/data/dev.bpe.en
[2019-07-10 12:01:03] [config] valid-translation-output: ../experiments/10M_fasttext_prob_x_len_+_dcce_x_ced_0.0/model/dev.out
[2019-07-10 12:01:03] [config] vocabs:
[2019-07-10 12:01:03] [config]   - ../experiments/10M_fasttext_prob_x_len_+_dcce_x_ced_0.0/data/train.bpe.de.json
[2019-07-10 12:01:03] [config]   - ../experiments/10M_fasttext_prob_x_len_+_dcce_x_ced_0.0/data/train.bpe.en.json
[2019-07-10 12:01:03] [config] word-penalty: 0
[2019-07-10 12:01:03] [config] workspace: 6000
[2019-07-10 12:01:03] [config] Model is being created with Marian v1.7.8 ec2d66e 2019-05-27 14:52:11 +0100
[2019-07-10 12:01:03] Using synchronous training
[2019-07-10 12:01:03] [data] Loading vocabulary from JSON/Yaml file ../experiments/10M_fasttext_prob_x_len_+_dcce_x_ced_0.0/data/train.bpe.de.json
[2019-07-10 12:01:04] [data] Using unused word id eos for 0
[2019-07-10 12:01:04] [data] Using unused word id UNK for 1
[2019-07-10 12:01:04] [data] Setting vocabulary size for input 0 to 50000
[2019-07-10 12:01:04] [data] Loading vocabulary from JSON/Yaml file ../experiments/10M_fasttext_prob_x_len_+_dcce_x_ced_0.0/data/train.bpe.en.json
[2019-07-10 12:01:04] [data] Using unused word id eos for 0
[2019-07-10 12:01:04] [data] Using unused word id UNK for 1
[2019-07-10 12:01:04] [data] Setting vocabulary size for input 1 to 50000
[2019-07-10 12:01:04] Compiled without MPI support. Falling back to FakeMPIWrapper
[2019-07-10 12:01:04] [batching] Collecting statistics for batch fitting with step size 10
[2019-07-10 12:01:05] [memory] Extending reserved space to 6016 MB (device gpu1)
[2019-07-10 12:01:05] [comm] Using NCCL 2.4.2 for GPU communication
[2019-07-10 12:01:05] [comm] NCCLCommunicator constructed successfully.
[2019-07-10 12:01:05] [training] Using 1 GPUs
[2019-07-10 12:01:05] [memory] Reserving 422 MB, device gpu1
[2019-07-10 12:01:05] [gpu] 16-bit TensorCores enabled for float32 matrix operations
[2019-07-10 12:01:05] [memory] Reserving 422 MB, device gpu1
[2019-07-10 12:01:16] [batching] Done. Typical MB size is 8096 target words
[2019-07-10 12:01:16] [memory] Extending reserved space to 6016 MB (device gpu1)
[2019-07-10 12:01:16] [comm] Using NCCL 2.4.2 for GPU communication
[2019-07-10 12:01:16] [comm] NCCLCommunicator constructed successfully.
[2019-07-10 12:01:16] [training] Using 1 GPUs
[2019-07-10 12:01:16] Training started
[2019-07-10 12:01:16] [data] Shuffling data
[2019-07-10 12:01:16] [data] Done reading 730849 sentences
[2019-07-10 12:01:19] [data] Done shuffling 730849 sentences to temp files
[2019-07-10 12:01:21] [training] Batches are processed as 1 process(es) x 1 devices/process
[2019-07-10 12:01:21] [memory] Reserving 422 MB, device gpu1
[2019-07-10 12:01:21] [memory] Reserving 422 MB, device gpu1
[2019-07-10 12:01:21] [memory] Reserving 422 MB, device gpu1
[2019-07-10 12:01:22] [memory] Reserving 844 MB, device gpu1
[2019-07-10 12:16:52] Ep. 1 : Up. 2000 : Sen. 541,624 : Cost 82.13195038 : Time 948.45s : 9453.69 words/s
[2019-07-10 12:21:09] Seen 688793 samples
[2019-07-10 12:21:09] Starting epoch 2
[2019-07-10 12:21:09] [data] Shuffling data
[2019-07-10 12:21:09] [data] Done reading 730849 sentences
[2019-07-10 12:21:11] [data] Done shuffling 730849 sentences to temp files
[2019-07-10 12:32:35] Ep. 2 : Up. 4000 : Sen. 394,196 : Cost 53.77195740 : Time 942.23s : 9535.13 words/s
[2019-07-10 12:41:03] Seen 688793 samples
[2019-07-10 12:41:03] Starting epoch 3
[2019-07-10 12:41:03] [data] Shuffling data
[2019-07-10 12:41:03] [data] Done reading 730849 sentences
[2019-07-10 12:41:05] [data] Done shuffling 730849 sentences to temp files
[2019-07-10 12:48:10] Ep. 3 : Up. 6000 : Sen. 245,351 : Cost 42.61053848 : Time 935.71s : 9558.31 words/s
[2019-07-10 13:00:57] Seen 688793 samples
[2019-07-10 13:00:57] Starting epoch 4
[2019-07-10 13:00:57] [data] Shuffling data
[2019-07-10 13:00:57] [data] Done reading 730849 sentences
[2019-07-10 13:00:59] [data] Done shuffling 730849 sentences to temp files
[2019-07-10 13:03:53] Ep. 4 : Up. 8000 : Sen. 97,602 : Cost 37.23969269 : Time 942.78s : 9530.39 words/s
[2019-07-10 13:19:35] Ep. 4 : Up. 10000 : Sen. 643,722 : Cost 33.48278809 : Time 941.68s : 9586.41 words/s
[2019-07-10 13:20:53] Seen 688793 samples
[2019-07-10 13:20:53] Starting epoch 5
[2019-07-10 13:20:53] [data] Shuffling data
[2019-07-10 13:20:54] [data] Done reading 730849 sentences
[2019-07-10 13:20:56] [data] Done shuffling 730849 sentences to temp files
[2019-07-10 13:35:19] Ep. 5 : Up. 12000 : Sen. 495,627 : Cost 31.04901886 : Time 944.36s : 9500.70 words/s
[2019-07-10 13:40:54] Seen 688793 samples
[2019-07-10 13:40:54] Starting epoch 6
[2019-07-10 13:40:54] [data] Shuffling data
[2019-07-10 13:40:54] [data] Done reading 730849 sentences
[2019-07-10 13:40:56] [data] Done shuffling 730849 sentences to temp files
[2019-07-10 13:51:05] Ep. 6 : Up. 14000 : Sen. 348,863 : Cost 29.19598770 : Time 946.33s : 9498.04 words/s
[2019-07-10 14:00:53] Seen 688793 samples
[2019-07-10 14:00:53] Starting epoch 7
[2019-07-10 14:00:53] [data] Shuffling data
[2019-07-10 14:00:54] [data] Done reading 730849 sentences
[2019-07-10 14:00:56] [data] Done shuffling 730849 sentences to temp files
[2019-07-10 14:06:50] Ep. 7 : Up. 16000 : Sen. 203,195 : Cost 27.83255577 : Time 944.70s : 9512.26 words/s
[2019-07-10 14:20:54] Seen 688793 samples
[2019-07-10 14:20:54] Starting epoch 8
[2019-07-10 14:20:54] [data] Shuffling data
[2019-07-10 14:20:55] [data] Done reading 730849 sentences
[2019-07-10 14:20:57] [data] Done shuffling 730849 sentences to temp files
[2019-07-10 14:22:37] Ep. 8 : Up. 18000 : Sen. 55,267 : Cost 26.73487473 : Time 946.49s : 9482.70 words/s
[2019-07-10 14:38:16] Ep. 8 : Up. 20000 : Sen. 598,516 : Cost 25.45566368 : Time 939.78s : 9565.84 words/s
[2019-07-10 14:38:16] Saving model to ../experiments/10M_fasttext_prob_x_len_+_dcce_x_ced_0.0/model/model.npz.orig.npz
[2019-07-10 14:38:26] Saving model to ../experiments/10M_fasttext_prob_x_len_+_dcce_x_ced_0.0/model/model.iter20000.npz
[2019-07-10 14:38:34] Saving model to ../experiments/10M_fasttext_prob_x_len_+_dcce_x_ced_0.0/model/model.npz
[2019-07-10 14:38:46] Saving Adam parameters to ../experiments/10M_fasttext_prob_x_len_+_dcce_x_ced_0.0/model/model.npz.optimizer.npz
[2019-07-10 14:39:18] [valid] Ep. 8 : Up. 20000 : cross-entropy : 77.1685 : new best
[2019-07-10 14:39:26] [valid] Ep. 8 : Up. 20000 : perplexity : 20.7145 : new best
[2019-07-10 14:40:30] [valid] Ep. 8 : Up. 20000 : translation : 23.01 : new best
[2019-07-10 14:43:11] Seen 688793 samples
[2019-07-10 14:43:11] Starting epoch 9
[2019-07-10 14:43:11] [data] Shuffling data
[2019-07-10 14:43:11] [data] Done reading 730849 sentences
[2019-07-10 14:43:13] [data] Done shuffling 730849 sentences to temp files
[2019-07-10 14:56:15] Ep. 9 : Up. 22000 : Sen. 451,899 : Cost 24.66945076 : Time 1079.04s : 8339.67 words/s
[2019-07-10 15:03:05] Seen 688793 samples
[2019-07-10 15:03:05] Starting epoch 10
[2019-07-10 15:03:05] [data] Shuffling data
[2019-07-10 15:03:05] [data] Done reading 730849 sentences
[2019-07-10 15:03:07] [data] Done shuffling 730849 sentences to temp files
[2019-07-10 15:11:58] Ep. 10 : Up. 24000 : Sen. 305,891 : Cost 23.99927521 : Time 942.72s : 9540.69 words/s
[2019-07-10 15:23:00] Seen 688793 samples
[2019-07-10 15:23:00] Starting epoch 11
[2019-07-10 15:23:00] [data] Shuffling data
[2019-07-10 15:23:00] [data] Done reading 730849 sentences
[2019-07-10 15:23:03] [data] Done shuffling 730849 sentences to temp files
[2019-07-10 15:27:38] Ep. 11 : Up. 26000 : Sen. 158,252 : Cost 23.24765015 : Time 939.89s : 9534.42 words/s
[2019-07-10 15:42:55] Seen 688793 samples
[2019-07-10 15:42:55] Starting epoch 12
[2019-07-10 15:42:55] [data] Shuffling data
[2019-07-10 15:42:55] [data] Done reading 730849 sentences
[2019-07-10 15:42:57] [data] Done shuffling 730849 sentences to temp files
[2019-07-10 15:43:23] Ep. 12 : Up. 28000 : Sen. 14,065 : Cost 22.60838890 : Time 945.40s : 9550.59 words/s
[2019-07-10 15:59:03] Ep. 12 : Up. 30000 : Sen. 556,394 : Cost 21.81451988 : Time 939.12s : 9568.31 words/s
[2019-07-10 16:02:52] Seen 688793 samples
[2019-07-10 16:02:52] Starting epoch 13
[2019-07-10 16:02:52] [data] Shuffling data
[2019-07-10 16:02:53] [data] Done reading 730849 sentences
[2019-07-10 16:02:55] [data] Done shuffling 730849 sentences to temp files
[2019-07-10 16:14:46] Ep. 13 : Up. 32000 : Sen. 409,600 : Cost 21.44167328 : Time 943.10s : 9521.08 words/s
[2019-07-10 16:22:48] Seen 688793 samples
[2019-07-10 16:22:48] Starting epoch 14
[2019-07-10 16:22:48] [data] Shuffling data
[2019-07-10 16:22:49] [data] Done reading 730849 sentences
[2019-07-10 16:22:51] [data] Done shuffling 730849 sentences to temp files
[2019-07-10 16:30:27] Ep. 14 : Up. 34000 : Sen. 263,440 : Cost 21.07572556 : Time 941.47s : 9553.53 words/s
[2019-07-10 16:42:44] Seen 688793 samples
[2019-07-10 16:42:44] Starting epoch 15
[2019-07-10 16:42:44] [data] Shuffling data
[2019-07-10 16:42:44] [data] Done reading 730849 sentences
[2019-07-10 16:42:46] [data] Done shuffling 730849 sentences to temp files
[2019-07-10 16:46:11] Ep. 15 : Up. 36000 : Sen. 117,391 : Cost 20.69559860 : Time 944.03s : 9525.49 words/s
[2019-07-10 17:01:52] Ep. 15 : Up. 38000 : Sen. 659,609 : Cost 20.17731094 : Time 940.41s : 9560.41 words/s
[2019-07-10 17:02:42] Seen 688793 samples
[2019-07-10 17:02:42] Starting epoch 16
[2019-07-10 17:02:42] [data] Shuffling data
[2019-07-10 17:02:43] [data] Done reading 730849 sentences
[2019-07-10 17:02:45] [data] Done shuffling 730849 sentences to temp files
[2019-07-10 17:17:36] Ep. 16 : Up. 40000 : Sen. 512,692 : Cost 19.71063614 : Time 944.28s : 9514.30 words/s
[2019-07-10 17:17:36] Saving model to ../experiments/10M_fasttext_prob_x_len_+_dcce_x_ced_0.0/model/model.npz.orig.npz
[2019-07-10 17:17:45] Saving model to ../experiments/10M_fasttext_prob_x_len_+_dcce_x_ced_0.0/model/model.iter40000.npz
[2019-07-10 17:17:52] Saving model to ../experiments/10M_fasttext_prob_x_len_+_dcce_x_ced_0.0/model/model.npz
[2019-07-10 17:18:02] Saving Adam parameters to ../experiments/10M_fasttext_prob_x_len_+_dcce_x_ced_0.0/model/model.npz.optimizer.npz
[2019-07-10 17:18:29] [valid] Ep. 16 : Up. 40000 : cross-entropy : 70.9956 : new best
[2019-07-10 17:18:38] [valid] Ep. 16 : Up. 40000 : perplexity : 16.2548 : new best
[2019-07-10 17:19:48] [valid] Ep. 16 : Up. 40000 : translation : 25 : new best
[2019-07-10 17:24:55] Seen 688793 samples
[2019-07-10 17:24:55] Starting epoch 17
[2019-07-10 17:24:55] [data] Shuffling data
[2019-07-10 17:24:56] [data] Done reading 730849 sentences
[2019-07-10 17:24:58] [data] Done shuffling 730849 sentences to temp files
[2019-07-10 17:35:34] Ep. 17 : Up. 42000 : Sen. 366,422 : Cost 19.21104240 : Time 1078.24s : 8341.34 words/s
[2019-07-10 17:44:53] Seen 688793 samples
[2019-07-10 17:44:53] Starting epoch 18
[2019-07-10 17:44:53] [data] Shuffling data
[2019-07-10 17:44:53] [data] Done reading 730849 sentences
[2019-07-10 17:44:56] [data] Done shuffling 730849 sentences to temp files
[2019-07-10 17:51:23] Ep. 18 : Up. 44000 : Sen. 221,532 : Cost 19.17268372 : Time 949.17s : 9511.14 words/s
[2019-07-10 18:04:52] Seen 688793 samples
[2019-07-10 18:04:52] Starting epoch 19
[2019-07-10 18:04:52] [data] Shuffling data
[2019-07-10 18:04:52] [data] Done reading 730849 sentences
[2019-07-10 18:04:55] [data] Done shuffling 730849 sentences to temp files
[2019-07-10 18:07:07] Ep. 19 : Up. 46000 : Sen. 75,457 : Cost 18.75687408 : Time 943.25s : 9512.53 words/s
[2019-07-10 18:22:43] Ep. 19 : Up. 48000 : Sen. 617,559 : Cost 18.50705910 : Time 936.54s : 9598.02 words/s
[2019-07-10 18:24:46] Seen 688793 samples
[2019-07-10 18:24:46] Starting epoch 20
[2019-07-10 18:24:46] [data] Shuffling data
[2019-07-10 18:24:46] [data] Done reading 730849 sentences
[2019-07-10 18:24:48] [data] Done shuffling 730849 sentences to temp files
[2019-07-10 18:38:25] Ep. 20 : Up. 50000 : Sen. 469,938 : Cost 18.06718636 : Time 941.60s : 9529.32 words/s
[2019-07-10 18:44:44] Seen 688793 samples
[2019-07-10 18:44:44] Starting epoch 21
[2019-07-10 18:44:44] [data] Shuffling data
[2019-07-10 18:44:45] [data] Done reading 730849 sentences
[2019-07-10 18:44:47] [data] Done shuffling 730849 sentences to temp files
[2019-07-10 18:54:13] Ep. 21 : Up. 52000 : Sen. 323,573 : Cost 17.93073845 : Time 948.36s : 9489.70 words/s
[2019-07-10 19:04:46] Seen 688793 samples
[2019-07-10 19:04:46] Starting epoch 22
[2019-07-10 19:04:46] [data] Shuffling data
[2019-07-10 19:04:46] [data] Done reading 730849 sentences
[2019-07-10 19:04:48] [data] Done shuffling 730849 sentences to temp files
[2019-07-10 19:09:53] Ep. 22 : Up. 54000 : Sen. 174,973 : Cost 17.73059845 : Time 939.86s : 9511.64 words/s
[2019-07-10 19:24:39] Seen 688793 samples
[2019-07-10 19:24:39] Starting epoch 23
[2019-07-10 19:24:39] [data] Shuffling data
[2019-07-10 19:24:39] [data] Done reading 730849 sentences
[2019-07-10 19:24:41] [data] Done shuffling 730849 sentences to temp files
[2019-07-10 19:25:35] Ep. 23 : Up. 56000 : Sen. 29,788 : Cost 17.45972252 : Time 942.08s : 9563.47 words/s
[2019-07-10 19:41:13] Ep. 23 : Up. 58000 : Sen. 571,526 : Cost 17.00634575 : Time 937.96s : 9579.54 words/s
[2019-07-10 19:44:35] Seen 688793 samples
[2019-07-10 19:44:35] Starting epoch 24
[2019-07-10 19:44:35] [data] Shuffling data
[2019-07-10 19:44:36] [data] Done reading 730849 sentences
[2019-07-10 19:44:38] [data] Done shuffling 730849 sentences to temp files
[2019-07-10 19:56:51] Ep. 24 : Up. 60000 : Sen. 421,972 : Cost 16.88459396 : Time 938.42s : 9512.59 words/s
[2019-07-10 19:56:51] Saving model to ../experiments/10M_fasttext_prob_x_len_+_dcce_x_ced_0.0/model/model.npz.orig.npz
[2019-07-10 19:57:01] Saving model to ../experiments/10M_fasttext_prob_x_len_+_dcce_x_ced_0.0/model/model.iter60000.npz
[2019-07-10 19:57:08] Saving model to ../experiments/10M_fasttext_prob_x_len_+_dcce_x_ced_0.0/model/model.npz
[2019-07-10 19:57:18] Saving Adam parameters to ../experiments/10M_fasttext_prob_x_len_+_dcce_x_ced_0.0/model/model.npz.optimizer.npz
[2019-07-10 19:57:46] [valid] Ep. 24 : Up. 60000 : cross-entropy : 70.4734 : new best
[2019-07-10 19:57:54] [valid] Ep. 24 : Up. 60000 : perplexity : 15.9248 : new best
[2019-07-10 19:58:58] [valid] Ep. 24 : Up. 60000 : translation : 25.42 : new best
[2019-07-10 20:06:42] Seen 688793 samples
[2019-07-10 20:06:42] Starting epoch 25
[2019-07-10 20:06:42] [data] Shuffling data
[2019-07-10 20:06:42] [data] Done reading 730849 sentences
[2019-07-10 20:06:44] [data] Done shuffling 730849 sentences to temp files
[2019-07-10 20:14:46] Ep. 25 : Up. 62000 : Sen. 276,575 : Cost 16.67290688 : Time 1075.01s : 8386.17 words/s
[2019-07-10 20:26:39] Seen 688793 samples
[2019-07-10 20:26:39] Starting epoch 26
[2019-07-10 20:26:39] [data] Shuffling data
[2019-07-10 20:26:39] [data] Done reading 730849 sentences
[2019-07-10 20:26:42] [data] Done shuffling 730849 sentences to temp files
[2019-07-10 20:30:28] Ep. 26 : Up. 64000 : Sen. 129,877 : Cost 16.54393005 : Time 941.88s : 9528.71 words/s
[2019-07-10 20:46:06] Ep. 26 : Up. 66000 : Sen. 670,874 : Cost 16.51392174 : Time 937.52s : 9567.29 words/s
[2019-07-10 20:46:37] Seen 688793 samples
[2019-07-10 20:46:37] Starting epoch 27
[2019-07-10 20:46:37] [data] Shuffling data
[2019-07-10 20:46:37] [data] Done reading 730849 sentences
[2019-07-10 20:46:39] [data] Done shuffling 730849 sentences to temp files
[2019-07-10 21:01:51] Ep. 27 : Up. 68000 : Sen. 525,069 : Cost 16.03323936 : Time 945.37s : 9510.08 words/s
[2019-07-10 21:06:37] Seen 688793 samples
[2019-07-10 21:06:37] Starting epoch 28
[2019-07-10 21:06:37] [data] Shuffling data
[2019-07-10 21:06:37] [data] Done reading 730849 sentences
[2019-07-10 21:06:39] [data] Done shuffling 730849 sentences to temp files
[2019-07-10 21:17:34] Ep. 28 : Up. 70000 : Sen. 377,869 : Cost 15.83403587 : Time 942.50s : 9524.29 words/s
[2019-07-10 21:26:33] Seen 688793 samples
[2019-07-10 21:26:33] Starting epoch 29
[2019-07-10 21:26:33] [data] Shuffling data
[2019-07-10 21:26:33] [data] Done reading 730849 sentences
[2019-07-10 21:26:36] [data] Done shuffling 730849 sentences to temp files
[2019-07-10 21:33:16] Ep. 29 : Up. 72000 : Sen. 231,124 : Cost 15.86189747 : Time 942.32s : 9530.85 words/s
[2019-07-10 21:46:29] Seen 688793 samples
[2019-07-10 21:46:29] Starting epoch 30
[2019-07-10 21:46:29] [data] Shuffling data
[2019-07-10 21:46:30] [data] Done reading 730849 sentences
[2019-07-10 21:46:33] [data] Done shuffling 730849 sentences to temp files
[2019-07-10 21:49:04] Ep. 30 : Up. 74000 : Sen. 84,871 : Cost 15.74462891 : Time 947.76s : 9503.92 words/s
[2019-07-10 22:04:42] Ep. 30 : Up. 76000 : Sen. 627,518 : Cost 15.34745693 : Time 938.67s : 9579.14 words/s
[2019-07-10 22:06:27] Seen 688793 samples
[2019-07-10 22:06:27] Starting epoch 31
[2019-07-10 22:06:27] [data] Shuffling data
[2019-07-10 22:06:28] [data] Done reading 730849 sentences
[2019-07-10 22:06:30] [data] Done shuffling 730849 sentences to temp files
[2019-07-10 22:20:26] Ep. 31 : Up. 78000 : Sen. 481,454 : Cost 15.13582516 : Time 943.61s : 9529.75 words/s
[2019-07-10 22:26:24] Seen 688793 samples
[2019-07-10 22:26:24] Starting epoch 32
[2019-07-10 22:26:24] [data] Shuffling data
[2019-07-10 22:26:25] [data] Done reading 730849 sentences
[2019-07-10 22:26:27] [data] Done shuffling 730849 sentences to temp files
[2019-07-10 22:36:09] Ep. 32 : Up. 80000 : Sen. 335,449 : Cost 15.07992172 : Time 943.39s : 9530.48 words/s
[2019-07-10 22:36:09] Saving model to ../experiments/10M_fasttext_prob_x_len_+_dcce_x_ced_0.0/model/model.npz.orig.npz
[2019-07-10 22:36:18] Saving model to ../experiments/10M_fasttext_prob_x_len_+_dcce_x_ced_0.0/model/model.iter80000.npz
[2019-07-10 22:36:25] Saving model to ../experiments/10M_fasttext_prob_x_len_+_dcce_x_ced_0.0/model/model.npz
[2019-07-10 22:36:34] Saving Adam parameters to ../experiments/10M_fasttext_prob_x_len_+_dcce_x_ced_0.0/model/model.npz.optimizer.npz
[2019-07-10 22:37:00] [valid] Ep. 32 : Up. 80000 : cross-entropy : 71.474 : stalled 1 times (last best: 70.4734)
[2019-07-10 22:37:08] [valid] Ep. 32 : Up. 80000 : perplexity : 16.5631 : stalled 1 times (last best: 15.9248)
[2019-07-10 22:38:13] [valid] Ep. 32 : Up. 80000 : translation : 25.09 : stalled 1 times (last best: 25.42)
[2019-07-10 22:48:44] Seen 688793 samples
[2019-07-10 22:48:44] Starting epoch 33
[2019-07-10 22:48:44] [data] Shuffling data
[2019-07-10 22:48:45] [data] Done reading 730849 sentences
[2019-07-10 22:48:48] [data] Done shuffling 730849 sentences to temp files
[2019-07-10 22:54:20] Ep. 33 : Up. 82000 : Sen. 188,844 : Cost 14.86403179 : Time 1091.00s : 8222.63 words/s
[2019-07-10 23:09:03] Seen 688793 samples
[2019-07-10 23:09:03] Starting epoch 34
[2019-07-10 23:09:03] [data] Shuffling data
[2019-07-10 23:09:04] [data] Done reading 730849 sentences
[2019-07-10 23:09:07] [data] Done shuffling 730849 sentences to temp files
[2019-07-10 23:10:23] Ep. 34 : Up. 84000 : Sen. 41,745 : Cost 14.86933517 : Time 962.72s : 9343.72 words/s
[2019-07-10 23:26:18] Ep. 34 : Up. 86000 : Sen. 583,366 : Cost 14.49354935 : Time 954.98s : 9393.03 words/s
[2019-07-10 23:29:22] Seen 688793 samples
[2019-07-10 23:29:22] Starting epoch 35
[2019-07-10 23:29:22] [data] Shuffling data
[2019-07-10 23:29:22] [data] Done reading 730849 sentences
[2019-07-10 23:29:25] [data] Done shuffling 730849 sentences to temp files
[2019-07-10 23:42:01] Ep. 35 : Up. 88000 : Sen. 434,794 : Cost 14.40651512 : Time 943.01s : 9502.99 words/s
[2019-07-10 23:49:20] Seen 688793 samples
[2019-07-10 23:49:20] Starting epoch 36
[2019-07-10 23:49:20] [data] Shuffling data
[2019-07-10 23:49:20] [data] Done reading 730849 sentences
[2019-07-10 23:49:23] [data] Done shuffling 730849 sentences to temp files
[2019-07-10 23:57:51] Ep. 36 : Up. 90000 : Sen. 288,000 : Cost 14.16966534 : Time 949.58s : 9465.55 words/s
[2019-07-11 00:09:28] Seen 688793 samples
[2019-07-11 00:09:28] Starting epoch 37
[2019-07-11 00:09:28] [data] Shuffling data
[2019-07-11 00:09:29] [data] Done reading 730849 sentences
[2019-07-11 00:09:31] [data] Done shuffling 730849 sentences to temp files
[2019-07-11 00:13:37] Ep. 37 : Up. 92000 : Sen. 140,391 : Cost 14.11254215 : Time 946.24s : 9475.44 words/s
[2019-07-11 00:29:14] Ep. 37 : Up. 94000 : Sen. 685,003 : Cost 13.98820782 : Time 936.72s : 9629.73 words/s
[2019-07-11 00:29:20] Seen 688793 samples
[2019-07-11 00:29:20] Starting epoch 38
[2019-07-11 00:29:20] [data] Shuffling data
[2019-07-11 00:29:20] [data] Done reading 730849 sentences
[2019-07-11 00:29:23] [data] Done shuffling 730849 sentences to temp files
[2019-07-11 00:44:52] Ep. 38 : Up. 96000 : Sen. 538,346 : Cost 14.01504898 : Time 938.78s : 9584.73 words/s
[2019-07-11 00:49:10] Seen 688793 samples
[2019-07-11 00:49:10] Starting epoch 39
[2019-07-11 00:49:10] [data] Shuffling data
[2019-07-11 00:49:10] [data] Done reading 730849 sentences
[2019-07-11 00:49:12] [data] Done shuffling 730849 sentences to temp files
[2019-07-11 01:00:28] Ep. 39 : Up. 98000 : Sen. 391,237 : Cost 13.69309044 : Time 935.48s : 9572.94 words/s
[2019-07-11 01:09:01] Seen 688793 samples
[2019-07-11 01:09:01] Starting epoch 40
[2019-07-11 01:09:01] [data] Shuffling data
[2019-07-11 01:09:01] [data] Done reading 730849 sentences
[2019-07-11 01:09:04] [data] Done shuffling 730849 sentences to temp files
[2019-07-11 01:16:09] Ep. 40 : Up. 100000 : Sen. 246,137 : Cost 13.70027924 : Time 941.34s : 9579.04 words/s
[2019-07-11 01:16:09] Saving model to ../experiments/10M_fasttext_prob_x_len_+_dcce_x_ced_0.0/model/model.npz.orig.npz
[2019-07-11 01:16:19] Saving model to ../experiments/10M_fasttext_prob_x_len_+_dcce_x_ced_0.0/model/model.iter100000.npz
[2019-07-11 01:16:26] Saving model to ../experiments/10M_fasttext_prob_x_len_+_dcce_x_ced_0.0/model/model.npz
[2019-07-11 01:16:40] Saving Adam parameters to ../experiments/10M_fasttext_prob_x_len_+_dcce_x_ced_0.0/model/model.npz.optimizer.npz
[2019-07-11 01:17:09] [valid] Ep. 40 : Up. 100000 : cross-entropy : 73.2812 : stalled 2 times (last best: 70.4734)
[2019-07-11 01:17:17] [valid] Ep. 40 : Up. 100000 : perplexity : 17.7815 : stalled 2 times (last best: 15.9248)
[2019-07-11 01:18:22] [valid] Ep. 40 : Up. 100000 : translation : 25.08 : stalled 2 times (last best: 25.42)
[2019-07-11 01:31:15] Seen 688793 samples
[2019-07-11 01:31:15] Starting epoch 41
[2019-07-11 01:31:15] [data] Shuffling data
[2019-07-11 01:31:16] [data] Done reading 730849 sentences
[2019-07-11 01:31:18] [data] Done shuffling 730849 sentences to temp files
[2019-07-11 01:34:18] Ep. 41 : Up. 102000 : Sen. 101,363 : Cost 13.66100693 : Time 1088.35s : 8292.56 words/s
[2019-07-11 01:49:57] Ep. 41 : Up. 104000 : Sen. 645,879 : Cost 13.43999481 : Time 939.74s : 9586.97 words/s
[2019-07-11 01:51:12] Seen 688793 samples
[2019-07-11 01:51:12] Starting epoch 42
[2019-07-11 01:51:12] [data] Shuffling data
[2019-07-11 01:51:12] [data] Done reading 730849 sentences
[2019-07-11 01:51:15] [data] Done shuffling 730849 sentences to temp files
[2019-07-11 02:05:37] Ep. 42 : Up. 106000 : Sen. 499,041 : Cost 13.21144390 : Time 940.12s : 9554.74 words/s
[2019-07-11 02:11:07] Seen 688793 samples
[2019-07-11 02:11:07] Starting epoch 43
[2019-07-11 02:11:07] [data] Shuffling data
[2019-07-11 02:11:08] [data] Done reading 730849 sentences
[2019-07-11 02:11:11] [data] Done shuffling 730849 sentences to temp files
[2019-07-11 02:21:26] Ep. 43 : Up. 108000 : Sen. 353,383 : Cost 13.05909634 : Time 948.32s : 9495.33 words/s
[2019-07-11 02:31:10] Seen 688793 samples
[2019-07-11 02:31:10] Starting epoch 44
[2019-07-11 02:31:10] [data] Shuffling data
[2019-07-11 02:31:10] [data] Done reading 730849 sentences
[2019-07-11 02:31:13] [data] Done shuffling 730849 sentences to temp files
[2019-07-11 02:37:15] Ep. 44 : Up. 110000 : Sen. 207,741 : Cost 13.24902344 : Time 949.59s : 9487.73 words/s
[2019-07-11 02:51:06] Seen 688793 samples
[2019-07-11 02:51:06] Starting epoch 45
[2019-07-11 02:51:06] [data] Shuffling data
[2019-07-11 02:51:07] [data] Done reading 730849 sentences
[2019-07-11 02:51:09] [data] Done shuffling 730849 sentences to temp files
[2019-07-11 02:52:52] Ep. 45 : Up. 112000 : Sen. 59,521 : Cost 13.03713608 : Time 936.87s : 9555.18 words/s
[2019-07-11 03:08:35] Ep. 45 : Up. 114000 : Sen. 601,759 : Cost 12.97435856 : Time 942.74s : 9534.95 words/s
[2019-07-11 03:11:06] Seen 688793 samples
[2019-07-11 03:11:06] Starting epoch 46
[2019-07-11 03:11:06] [data] Shuffling data
[2019-07-11 03:11:07] [data] Done reading 730849 sentences
[2019-07-11 03:11:09] [data] Done shuffling 730849 sentences to temp files
[2019-07-11 03:24:19] Ep. 46 : Up. 116000 : Sen. 453,928 : Cost 12.66552353 : Time 943.67s : 9504.34 words/s
[2019-07-11 03:31:04] Seen 688793 samples
[2019-07-11 03:31:04] Starting epoch 47
[2019-07-11 03:31:04] [data] Shuffling data
[2019-07-11 03:31:04] [data] Done reading 730849 sentences
[2019-07-11 03:31:07] [data] Done shuffling 730849 sentences to temp files
[2019-07-11 03:40:01] Ep. 47 : Up. 118000 : Sen. 307,403 : Cost 12.69135284 : Time 942.09s : 9536.17 words/s
[2019-07-11 03:51:01] Seen 688793 samples
[2019-07-11 03:51:01] Starting epoch 48
[2019-07-11 03:51:01] [data] Shuffling data
[2019-07-11 03:51:01] [data] Done reading 730849 sentences
[2019-07-11 03:51:04] [data] Done shuffling 730849 sentences to temp files
[2019-07-11 03:55:44] Ep. 48 : Up. 120000 : Sen. 161,449 : Cost 12.57995510 : Time 943.13s : 9536.29 words/s
[2019-07-11 03:55:44] Saving model to ../experiments/10M_fasttext_prob_x_len_+_dcce_x_ced_0.0/model/model.npz.orig.npz
[2019-07-11 03:55:53] Saving model to ../experiments/10M_fasttext_prob_x_len_+_dcce_x_ced_0.0/model/model.iter120000.npz
[2019-07-11 03:56:01] Saving model to ../experiments/10M_fasttext_prob_x_len_+_dcce_x_ced_0.0/model/model.npz
[2019-07-11 03:56:11] Saving Adam parameters to ../experiments/10M_fasttext_prob_x_len_+_dcce_x_ced_0.0/model/model.npz.optimizer.npz
[2019-07-11 03:56:44] [valid] Ep. 48 : Up. 120000 : cross-entropy : 75.282 : stalled 3 times (last best: 70.4734)
[2019-07-11 03:56:52] [valid] Ep. 48 : Up. 120000 : perplexity : 19.2352 : stalled 3 times (last best: 15.9248)
[2019-07-11 03:57:58] [valid] Ep. 48 : Up. 120000 : translation : 24.95 : stalled 3 times (last best: 25.42)
[2019-07-11 04:13:13] Seen 688793 samples
[2019-07-11 04:13:13] Starting epoch 49
[2019-07-11 04:13:13] [data] Shuffling data
[2019-07-11 04:13:13] [data] Done reading 730849 sentences
[2019-07-11 04:13:16] [data] Done shuffling 730849 sentences to temp files
[2019-07-11 04:13:42] Ep. 49 : Up. 122000 : Sen. 14,233 : Cost 12.58197784 : Time 1077.95s : 8324.28 words/s
[2019-07-11 04:29:19] Ep. 49 : Up. 124000 : Sen. 554,778 : Cost 12.40912056 : Time 937.09s : 9561.74 words/s
[2019-07-11 04:33:11] Seen 688793 samples
[2019-07-11 04:33:11] Starting epoch 50
[2019-07-11 04:33:11] [data] Shuffling data
[2019-07-11 04:33:11] [data] Done reading 730849 sentences
[2019-07-11 04:33:14] [data] Done shuffling 730849 sentences to temp files
[2019-07-11 04:45:01] Ep. 50 : Up. 126000 : Sen. 408,357 : Cost 12.22949886 : Time 942.48s : 9534.17 words/s
[2019-07-11 04:53:06] Seen 688793 samples
[2019-07-11 04:53:06] Starting epoch 51
[2019-07-11 04:53:06] [data] Shuffling data
[2019-07-11 04:53:07] [data] Done reading 730849 sentences
[2019-07-11 04:53:09] [data] Done shuffling 730849 sentences to temp files
[2019-07-11 05:00:45] Ep. 51 : Up. 128000 : Sen. 262,718 : Cost 12.11691093 : Time 943.83s : 9541.20 words/s
[2019-07-11 05:13:01] Seen 688793 samples
[2019-07-11 05:13:01] Starting epoch 52
[2019-07-11 05:13:01] [data] Shuffling data
[2019-07-11 05:13:02] [data] Done reading 730849 sentences
[2019-07-11 05:13:04] [data] Done shuffling 730849 sentences to temp files
[2019-07-11 05:16:30] Ep. 52 : Up. 130000 : Sen. 117,752 : Cost 12.25513744 : Time 944.51s : 9544.23 words/s
[2019-07-11 05:32:04] Ep. 52 : Up. 132000 : Sen. 659,403 : Cost 12.09639740 : Time 934.77s : 9603.63 words/s
[2019-07-11 05:32:55] Seen 688793 samples
[2019-07-11 05:32:55] Starting epoch 53
[2019-07-11 05:32:55] [data] Shuffling data
[2019-07-11 05:32:56] [data] Done reading 730849 sentences
[2019-07-11 05:32:58] [data] Done shuffling 730849 sentences to temp files
[2019-07-11 05:47:46] Ep. 53 : Up. 134000 : Sen. 513,924 : Cost 11.85932446 : Time 941.22s : 9554.39 words/s
[2019-07-11 05:52:49] Seen 688793 samples
[2019-07-11 05:52:49] Starting epoch 54
[2019-07-11 05:52:49] [data] Shuffling data
[2019-07-11 05:52:49] [data] Done reading 730849 sentences
[2019-07-11 05:52:51] [data] Done shuffling 730849 sentences to temp files
[2019-07-11 06:03:28] Ep. 54 : Up. 136000 : Sen. 368,643 : Cost 11.98667431 : Time 942.49s : 9558.02 words/s
[2019-07-11 06:12:43] Seen 688793 samples
[2019-07-11 06:12:43] Starting epoch 55
[2019-07-11 06:12:43] [data] Shuffling data
[2019-07-11 06:12:44] [data] Done reading 730849 sentences
[2019-07-11 06:12:46] [data] Done shuffling 730849 sentences to temp files
[2019-07-11 06:19:17] Ep. 55 : Up. 138000 : Sen. 223,163 : Cost 11.77049351 : Time 948.36s : 9506.86 words/s
[2019-07-11 06:32:44] Seen 688793 samples
[2019-07-11 06:32:44] Starting epoch 56
[2019-07-11 06:32:44] [data] Shuffling data
[2019-07-11 06:32:44] [data] Done reading 730849 sentences
[2019-07-11 06:32:47] [data] Done shuffling 730849 sentences to temp files
[2019-07-11 06:34:55] Ep. 56 : Up. 140000 : Sen. 72,652 : Cost 11.98020172 : Time 938.47s : 9505.44 words/s
[2019-07-11 06:34:55] Saving model to ../experiments/10M_fasttext_prob_x_len_+_dcce_x_ced_0.0/model/model.npz.orig.npz
[2019-07-11 06:35:04] Saving model to ../experiments/10M_fasttext_prob_x_len_+_dcce_x_ced_0.0/model/model.iter140000.npz
[2019-07-11 06:35:11] Saving model to ../experiments/10M_fasttext_prob_x_len_+_dcce_x_ced_0.0/model/model.npz
[2019-07-11 06:35:20] Saving Adam parameters to ../experiments/10M_fasttext_prob_x_len_+_dcce_x_ced_0.0/model/model.npz.optimizer.npz
[2019-07-11 06:35:46] [valid] Ep. 56 : Up. 140000 : cross-entropy : 77.4176 : stalled 4 times (last best: 70.4734)
[2019-07-11 06:35:54] [valid] Ep. 56 : Up. 140000 : perplexity : 20.9181 : stalled 4 times (last best: 15.9248)
[2019-07-11 06:37:00] [valid] Ep. 56 : Up. 140000 : translation : 24.59 : stalled 4 times (last best: 25.42)
[2019-07-11 06:52:37] Ep. 56 : Up. 142000 : Sen. 614,968 : Cost 11.68551159 : Time 1062.29s : 8461.57 words/s
[2019-07-11 06:54:44] Seen 688793 samples
[2019-07-11 06:54:44] Starting epoch 57
[2019-07-11 06:54:44] [data] Shuffling data
[2019-07-11 06:54:45] [data] Done reading 730849 sentences
[2019-07-11 06:54:47] [data] Done shuffling 730849 sentences to temp files
[2019-07-11 07:08:23] Ep. 57 : Up. 144000 : Sen. 470,908 : Cost 11.56984329 : Time 945.85s : 9541.12 words/s
[2019-07-11 07:14:40] Seen 688793 samples
[2019-07-11 07:14:40] Starting epoch 58
[2019-07-11 07:14:40] [data] Shuffling data
[2019-07-11 07:14:40] [data] Done reading 730849 sentences
[2019-07-11 07:14:42] [data] Done shuffling 730849 sentences to temp files
[2019-07-11 07:24:05] Ep. 58 : Up. 146000 : Sen. 324,953 : Cost 11.51494122 : Time 941.87s : 9564.13 words/s
[2019-07-11 07:34:31] Seen 688793 samples
[2019-07-11 07:34:31] Starting epoch 59
[2019-07-11 07:34:31] [data] Shuffling data
[2019-07-11 07:34:31] [data] Done reading 730849 sentences
[2019-07-11 07:34:33] [data] Done shuffling 730849 sentences to temp files
[2019-07-11 07:39:40] Ep. 59 : Up. 148000 : Sen. 177,370 : Cost 11.51821613 : Time 935.17s : 9576.56 words/s
[2019-07-11 07:54:25] Seen 688793 samples
[2019-07-11 07:54:25] Starting epoch 60
[2019-07-11 07:54:25] [data] Shuffling data
[2019-07-11 07:54:25] [data] Done reading 730849 sentences
[2019-07-11 07:54:28] [data] Done shuffling 730849 sentences to temp files
[2019-07-11 07:55:21] Ep. 60 : Up. 150000 : Sen. 29,036 : Cost 11.50077629 : Time 940.60s : 9533.53 words/s
[2019-07-11 08:11:00] Ep. 60 : Up. 152000 : Sen. 573,176 : Cost 11.31982422 : Time 939.54s : 9600.21 words/s
[2019-07-11 08:14:20] Seen 688793 samples
[2019-07-11 08:14:20] Starting epoch 61
[2019-07-11 08:14:20] [data] Shuffling data
[2019-07-11 08:14:21] [data] Done reading 730849 sentences
[2019-07-11 08:14:23] [data] Done shuffling 730849 sentences to temp files
[2019-07-11 08:26:39] Ep. 61 : Up. 154000 : Sen. 423,775 : Cost 11.34349632 : Time 938.32s : 9517.10 words/s
[2019-07-11 08:34:16] Seen 688793 samples
[2019-07-11 08:34:16] Starting epoch 62
[2019-07-11 08:34:16] [data] Shuffling data
[2019-07-11 08:34:17] [data] Done reading 730849 sentences
[2019-07-11 08:34:19] [data] Done shuffling 730849 sentences to temp files
[2019-07-11 08:42:17] Ep. 62 : Up. 156000 : Sen. 274,363 : Cost 11.22446442 : Time 938.44s : 9527.16 words/s
[2019-07-11 08:54:13] Seen 688793 samples
[2019-07-11 08:54:13] Starting epoch 63
[2019-07-11 08:54:13] [data] Shuffling data
[2019-07-11 08:54:13] [data] Done reading 730849 sentences
[2019-07-11 08:54:16] [data] Done shuffling 730849 sentences to temp files
[2019-07-11 08:57:57] Ep. 63 : Up. 158000 : Sen. 127,479 : Cost 11.28283978 : Time 939.53s : 9549.54 words/s
[2019-07-11 09:13:32] Ep. 63 : Up. 160000 : Sen. 668,508 : Cost 11.22523689 : Time 935.33s : 9598.10 words/s
[2019-07-11 09:13:32] Saving model to ../experiments/10M_fasttext_prob_x_len_+_dcce_x_ced_0.0/model/model.npz.orig.npz
[2019-07-11 09:13:41] Saving model to ../experiments/10M_fasttext_prob_x_len_+_dcce_x_ced_0.0/model/model.iter160000.npz
[2019-07-11 09:13:48] Saving model to ../experiments/10M_fasttext_prob_x_len_+_dcce_x_ced_0.0/model/model.npz
[2019-07-11 09:13:58] Saving Adam parameters to ../experiments/10M_fasttext_prob_x_len_+_dcce_x_ced_0.0/model/model.npz.optimizer.npz
[2019-07-11 09:14:26] [valid] Ep. 63 : Up. 160000 : cross-entropy : 79.4221 : stalled 5 times (last best: 70.4734)
[2019-07-11 09:14:35] [valid] Ep. 63 : Up. 160000 : perplexity : 22.6315 : stalled 5 times (last best: 15.9248)
[2019-07-11 09:15:41] [valid] Ep. 63 : Up. 160000 : translation : 24.36 : stalled 5 times (last best: 25.42)
[2019-07-11 09:15:43] Training finished
[2019-07-11 09:15:47] Saving model to ../experiments/10M_fasttext_prob_x_len_+_dcce_x_ced_0.0/model/model.npz.orig.npz
[2019-07-11 09:15:55] Saving model to ../experiments/10M_fasttext_prob_x_len_+_dcce_x_ced_0.0/model/model.npz
[2019-07-11 09:16:05] Saving Adam parameters to ../experiments/10M_fasttext_prob_x_len_+_dcce_x_ced_0.0/model/model.npz.optimizer.npz
