[2019-07-11 13:29:42] [marian] Marian v1.7.8 ec2d66e 2019-05-27 14:52:11 +0100
[2019-07-11 13:29:42] [marian] Running on fulla as process 234634 with command line:
[2019-07-11 13:29:42] [marian] /fs/bil0/abdel/marian-dev/build/marian --sync-sgd --model ../experiments/100M_fasttext_prob_x_len_+_bic1.1_x_ced_0.5_x_dcce/model/model.npz -T . --devices 4 6 --train-sets ../experiments/100M_fasttext_prob_x_len_+_bic1.1_x_ced_0.5_x_dcce/data/train.bpe.de ../experiments/100M_fasttext_prob_x_len_+_bic1.1_x_ced_0.5_x_dcce/data/train.bpe.en --vocabs ../experiments/100M_fasttext_prob_x_len_+_bic1.1_x_ced_0.5_x_dcce/data/train.bpe.de.json ../experiments/100M_fasttext_prob_x_len_+_bic1.1_x_ced_0.5_x_dcce/data/train.bpe.en.json --mini-batch-fit -w 6000 --dim-vocabs 50000 50000 --layer-normalization --dropout-rnn 0.2 --dropout-src 0.1 --dropout-trg 0.1 --learn-rate 0.0001 --after-epochs 0 --early-stopping 5 --valid-freq 20000 --save-freq 20000 --disp-freq 2000 --valid-mini-batch 8 --valid-sets ../experiments/100M_fasttext_prob_x_len_+_bic1.1_x_ced_0.5_x_dcce/data/dev.bpe.de ../experiments/100M_fasttext_prob_x_len_+_bic1.1_x_ced_0.5_x_dcce/data/dev.bpe.en --valid-metrics cross-entropy perplexity translation --valid-translation-output ../experiments/100M_fasttext_prob_x_len_+_bic1.1_x_ced_0.5_x_dcce/model/dev.out --valid-script-path ../experiments/100M_fasttext_prob_x_len_+_bic1.1_x_ced_0.5_x_dcce/score-dev.sh --seed 1111 --exponential-smoothing --normalize=1 --beam-size=12 --quiet-translation --log ../experiments/100M_fasttext_prob_x_len_+_bic1.1_x_ced_0.5_x_dcce/model/train.log --valid-log ../experiments/100M_fasttext_prob_x_len_+_bic1.1_x_ced_0.5_x_dcce/model/valid.log
[2019-07-11 13:29:42] [config] after-batches: 0
[2019-07-11 13:29:42] [config] after-epochs: 0
[2019-07-11 13:29:42] [config] allow-unk: false
[2019-07-11 13:29:42] [config] beam-size: 12
[2019-07-11 13:29:42] [config] bert-class-symbol: "[CLS]"
[2019-07-11 13:29:42] [config] bert-mask-symbol: "[MASK]"
[2019-07-11 13:29:42] [config] bert-masking-fraction: 0.15
[2019-07-11 13:29:42] [config] bert-sep-symbol: "[SEP]"
[2019-07-11 13:29:42] [config] bert-train-type-embeddings: true
[2019-07-11 13:29:42] [config] bert-type-vocab-size: 2
[2019-07-11 13:29:42] [config] best-deep: false
[2019-07-11 13:29:42] [config] clip-gemm: 0
[2019-07-11 13:29:42] [config] clip-norm: 1
[2019-07-11 13:29:42] [config] cost-type: ce-mean
[2019-07-11 13:29:42] [config] cpu-threads: 0
[2019-07-11 13:29:42] [config] data-weighting: ""
[2019-07-11 13:29:42] [config] data-weighting-type: sentence
[2019-07-11 13:29:42] [config] dec-cell: gru
[2019-07-11 13:29:42] [config] dec-cell-base-depth: 2
[2019-07-11 13:29:42] [config] dec-cell-high-depth: 1
[2019-07-11 13:29:42] [config] dec-depth: 1
[2019-07-11 13:29:42] [config] devices:
[2019-07-11 13:29:42] [config]   - 4
[2019-07-11 13:29:42] [config]   - 6
[2019-07-11 13:29:42] [config] dim-emb: 512
[2019-07-11 13:29:42] [config] dim-rnn: 1024
[2019-07-11 13:29:42] [config] dim-vocabs:
[2019-07-11 13:29:42] [config]   - 50000
[2019-07-11 13:29:42] [config]   - 50000
[2019-07-11 13:29:42] [config] disp-first: 0
[2019-07-11 13:29:42] [config] disp-freq: 2000
[2019-07-11 13:29:42] [config] disp-label-counts: false
[2019-07-11 13:29:42] [config] dropout-rnn: 0.2
[2019-07-11 13:29:42] [config] dropout-src: 0.1
[2019-07-11 13:29:42] [config] dropout-trg: 0.1
[2019-07-11 13:29:42] [config] dump-config: ""
[2019-07-11 13:29:42] [config] early-stopping: 5
[2019-07-11 13:29:42] [config] embedding-fix-src: false
[2019-07-11 13:29:42] [config] embedding-fix-trg: false
[2019-07-11 13:29:42] [config] embedding-normalization: false
[2019-07-11 13:29:42] [config] embedding-vectors:
[2019-07-11 13:29:42] [config]   []
[2019-07-11 13:29:42] [config] enc-cell: gru
[2019-07-11 13:29:42] [config] enc-cell-depth: 1
[2019-07-11 13:29:42] [config] enc-depth: 1
[2019-07-11 13:29:42] [config] enc-type: bidirectional
[2019-07-11 13:29:42] [config] exponential-smoothing: 0.0001
[2019-07-11 13:29:42] [config] grad-dropping-momentum: 0
[2019-07-11 13:29:42] [config] grad-dropping-rate: 0
[2019-07-11 13:29:42] [config] grad-dropping-warmup: 100
[2019-07-11 13:29:42] [config] guided-alignment: none
[2019-07-11 13:29:42] [config] guided-alignment-cost: mse
[2019-07-11 13:29:42] [config] guided-alignment-weight: 0.1
[2019-07-11 13:29:42] [config] ignore-model-config: false
[2019-07-11 13:29:42] [config] input-types:
[2019-07-11 13:29:42] [config]   []
[2019-07-11 13:29:42] [config] interpolate-env-vars: false
[2019-07-11 13:29:42] [config] keep-best: false
[2019-07-11 13:29:42] [config] label-smoothing: 0
[2019-07-11 13:29:42] [config] layer-normalization: true
[2019-07-11 13:29:42] [config] learn-rate: 0.0001
[2019-07-11 13:29:42] [config] log: ../experiments/100M_fasttext_prob_x_len_+_bic1.1_x_ced_0.5_x_dcce/model/train.log
[2019-07-11 13:29:42] [config] log-level: info
[2019-07-11 13:29:42] [config] log-time-zone: ""
[2019-07-11 13:29:42] [config] lr-decay: 0
[2019-07-11 13:29:42] [config] lr-decay-freq: 50000
[2019-07-11 13:29:42] [config] lr-decay-inv-sqrt:
[2019-07-11 13:29:42] [config]   - 0
[2019-07-11 13:29:42] [config] lr-decay-repeat-warmup: false
[2019-07-11 13:29:42] [config] lr-decay-reset-optimizer: false
[2019-07-11 13:29:42] [config] lr-decay-start:
[2019-07-11 13:29:42] [config]   - 10
[2019-07-11 13:29:42] [config]   - 1
[2019-07-11 13:29:42] [config] lr-decay-strategy: epoch+stalled
[2019-07-11 13:29:42] [config] lr-report: false
[2019-07-11 13:29:42] [config] lr-warmup: 0
[2019-07-11 13:29:42] [config] lr-warmup-at-reload: false
[2019-07-11 13:29:42] [config] lr-warmup-cycle: false
[2019-07-11 13:29:42] [config] lr-warmup-start-rate: 0
[2019-07-11 13:29:42] [config] max-length: 50
[2019-07-11 13:29:42] [config] max-length-crop: false
[2019-07-11 13:29:42] [config] max-length-factor: 3
[2019-07-11 13:29:42] [config] maxi-batch: 100
[2019-07-11 13:29:42] [config] maxi-batch-sort: trg
[2019-07-11 13:29:42] [config] mini-batch: 64
[2019-07-11 13:29:42] [config] mini-batch-fit: true
[2019-07-11 13:29:42] [config] mini-batch-fit-step: 10
[2019-07-11 13:29:42] [config] mini-batch-overstuff: 1
[2019-07-11 13:29:42] [config] mini-batch-track-lr: false
[2019-07-11 13:29:42] [config] mini-batch-understuff: 1
[2019-07-11 13:29:42] [config] mini-batch-warmup: 0
[2019-07-11 13:29:42] [config] mini-batch-words: 0
[2019-07-11 13:29:42] [config] mini-batch-words-ref: 0
[2019-07-11 13:29:42] [config] model: ../experiments/100M_fasttext_prob_x_len_+_bic1.1_x_ced_0.5_x_dcce/model/model.npz
[2019-07-11 13:29:42] [config] multi-loss-type: sum
[2019-07-11 13:29:42] [config] multi-node: false
[2019-07-11 13:29:42] [config] multi-node-overlap: true
[2019-07-11 13:29:42] [config] n-best: false
[2019-07-11 13:29:42] [config] no-nccl: false
[2019-07-11 13:29:42] [config] no-reload: false
[2019-07-11 13:29:42] [config] no-restore-corpus: false
[2019-07-11 13:29:42] [config] no-shuffle: false
[2019-07-11 13:29:42] [config] normalize: 1
[2019-07-11 13:29:42] [config] num-devices: 0
[2019-07-11 13:29:42] [config] optimizer: adam
[2019-07-11 13:29:42] [config] optimizer-delay: 1
[2019-07-11 13:29:42] [config] optimizer-params:
[2019-07-11 13:29:42] [config]   []
[2019-07-11 13:29:42] [config] overwrite: false
[2019-07-11 13:29:42] [config] pretrained-model: ""
[2019-07-11 13:29:42] [config] quiet: false
[2019-07-11 13:29:42] [config] quiet-translation: true
[2019-07-11 13:29:42] [config] relative-paths: false
[2019-07-11 13:29:42] [config] right-left: false
[2019-07-11 13:29:42] [config] save-freq: 20000
[2019-07-11 13:29:42] [config] seed: 1111
[2019-07-11 13:29:42] [config] shuffle-in-ram: false
[2019-07-11 13:29:42] [config] skip: false
[2019-07-11 13:29:42] [config] sqlite: ""
[2019-07-11 13:29:42] [config] sqlite-drop: false
[2019-07-11 13:29:42] [config] sync-sgd: true
[2019-07-11 13:29:42] [config] tempdir: .
[2019-07-11 13:29:42] [config] tied-embeddings: false
[2019-07-11 13:29:42] [config] tied-embeddings-all: false
[2019-07-11 13:29:42] [config] tied-embeddings-src: false
[2019-07-11 13:29:42] [config] train-sets:
[2019-07-11 13:29:42] [config]   - ../experiments/100M_fasttext_prob_x_len_+_bic1.1_x_ced_0.5_x_dcce/data/train.bpe.de
[2019-07-11 13:29:42] [config]   - ../experiments/100M_fasttext_prob_x_len_+_bic1.1_x_ced_0.5_x_dcce/data/train.bpe.en
[2019-07-11 13:29:42] [config] transformer-aan-activation: swish
[2019-07-11 13:29:42] [config] transformer-aan-depth: 2
[2019-07-11 13:29:42] [config] transformer-aan-nogate: false
[2019-07-11 13:29:42] [config] transformer-decoder-autoreg: self-attention
[2019-07-11 13:29:42] [config] transformer-dim-aan: 2048
[2019-07-11 13:29:42] [config] transformer-dim-ffn: 2048
[2019-07-11 13:29:42] [config] transformer-dropout: 0
[2019-07-11 13:29:42] [config] transformer-dropout-attention: 0
[2019-07-11 13:29:42] [config] transformer-dropout-ffn: 0
[2019-07-11 13:29:42] [config] transformer-ffn-activation: swish
[2019-07-11 13:29:42] [config] transformer-ffn-depth: 2
[2019-07-11 13:29:42] [config] transformer-guided-alignment-layer: last
[2019-07-11 13:29:42] [config] transformer-heads: 8
[2019-07-11 13:29:42] [config] transformer-no-projection: false
[2019-07-11 13:29:42] [config] transformer-postprocess: dan
[2019-07-11 13:29:42] [config] transformer-postprocess-emb: d
[2019-07-11 13:29:42] [config] transformer-preprocess: ""
[2019-07-11 13:29:42] [config] transformer-tied-layers:
[2019-07-11 13:29:42] [config]   []
[2019-07-11 13:29:42] [config] transformer-train-position-embeddings: false
[2019-07-11 13:29:42] [config] type: amun
[2019-07-11 13:29:42] [config] ulr: false
[2019-07-11 13:29:42] [config] ulr-dim-emb: 0
[2019-07-11 13:29:42] [config] ulr-dropout: 0
[2019-07-11 13:29:42] [config] ulr-keys-vectors: ""
[2019-07-11 13:29:42] [config] ulr-query-vectors: ""
[2019-07-11 13:29:42] [config] ulr-softmax-temperature: 1
[2019-07-11 13:29:42] [config] ulr-trainable-transformation: false
[2019-07-11 13:29:42] [config] valid-freq: 20000
[2019-07-11 13:29:42] [config] valid-log: ../experiments/100M_fasttext_prob_x_len_+_bic1.1_x_ced_0.5_x_dcce/model/valid.log
[2019-07-11 13:29:42] [config] valid-max-length: 1000
[2019-07-11 13:29:42] [config] valid-metrics:
[2019-07-11 13:29:42] [config]   - cross-entropy
[2019-07-11 13:29:42] [config]   - perplexity
[2019-07-11 13:29:42] [config]   - translation
[2019-07-11 13:29:42] [config] valid-mini-batch: 8
[2019-07-11 13:29:42] [config] valid-script-path: ../experiments/100M_fasttext_prob_x_len_+_bic1.1_x_ced_0.5_x_dcce/score-dev.sh
[2019-07-11 13:29:42] [config] valid-sets:
[2019-07-11 13:29:42] [config]   - ../experiments/100M_fasttext_prob_x_len_+_bic1.1_x_ced_0.5_x_dcce/data/dev.bpe.de
[2019-07-11 13:29:42] [config]   - ../experiments/100M_fasttext_prob_x_len_+_bic1.1_x_ced_0.5_x_dcce/data/dev.bpe.en
[2019-07-11 13:29:42] [config] valid-translation-output: ../experiments/100M_fasttext_prob_x_len_+_bic1.1_x_ced_0.5_x_dcce/model/dev.out
[2019-07-11 13:29:42] [config] vocabs:
[2019-07-11 13:29:42] [config]   - ../experiments/100M_fasttext_prob_x_len_+_bic1.1_x_ced_0.5_x_dcce/data/train.bpe.de.json
[2019-07-11 13:29:42] [config]   - ../experiments/100M_fasttext_prob_x_len_+_bic1.1_x_ced_0.5_x_dcce/data/train.bpe.en.json
[2019-07-11 13:29:42] [config] word-penalty: 0
[2019-07-11 13:29:42] [config] workspace: 6000
[2019-07-11 13:29:42] [config] Model is being created with Marian v1.7.8 ec2d66e 2019-05-27 14:52:11 +0100
[2019-07-11 13:29:42] Using synchronous training
[2019-07-11 13:29:42] [data] Loading vocabulary from JSON/Yaml file ../experiments/100M_fasttext_prob_x_len_+_bic1.1_x_ced_0.5_x_dcce/data/train.bpe.de.json
[2019-07-11 13:29:42] [data] Using unused word id eos for 0
[2019-07-11 13:29:42] [data] Using unused word id UNK for 1
[2019-07-11 13:29:42] [data] Setting vocabulary size for input 0 to 50000
[2019-07-11 13:29:42] [data] Loading vocabulary from JSON/Yaml file ../experiments/100M_fasttext_prob_x_len_+_bic1.1_x_ced_0.5_x_dcce/data/train.bpe.en.json
[2019-07-11 13:29:42] [data] Using unused word id eos for 0
[2019-07-11 13:29:42] [data] Using unused word id UNK for 1
[2019-07-11 13:29:42] [data] Setting vocabulary size for input 1 to 50000
[2019-07-11 13:29:42] Compiled without MPI support. Falling back to FakeMPIWrapper
[2019-07-11 13:29:42] [batching] Collecting statistics for batch fitting with step size 10
[2019-07-11 13:29:44] [memory] Extending reserved space to 6016 MB (device gpu4)
[2019-07-11 13:29:44] Error: CUDA error 2 'out of memory' - /fs/bil0/abdel/marian-dev/src/tensors/gpu/device.cu:38: cudaMalloc(&data_, size)
[2019-07-11 13:29:44] Error: Aborted from virtual void marian::gpu::Device::reserve(size_t) in /fs/bil0/abdel/marian-dev/src/tensors/gpu/device.cu:38

[CALL STACK]
[0x19f32c1]         marian::gpu::Device::  reserve  (unsigned long)    + 0x1401
[0x93c8cb]          marian::SyncGraphGroup::  SyncGraphGroup  (std::shared_ptr<marian::Options>,  std::shared_ptr<marian::IMPIWrapper>) + 0xdcb
[0x605a90]          std::shared_ptr<marian::SyncGraphGroup> marian::  New  <marian::SyncGraphGroup,std::shared_ptr<marian::Options>&,std::shared_ptr<marian::IMPIWrapper>&>(std::shared_ptr<marian::Options>&,  std::shared_ptr<marian::IMPIWrapper>&) + 0x70
[0x66f24c]          marian::Train<marian::SyncGraphGroup>::  run  ()   + 0x35c
[0x5a13aa]          mainTrainer  (int,  char**)                        + 0x2ca
[0x57dd1a]          main                                               + 0x8a
[0x7feb08c38830]    __libc_start_main                                  + 0xf0
[0x59edc9]          _start                                             + 0x29

[2019-07-11 13:38:42] [marian] Marian v1.7.8 ec2d66e 2019-05-27 14:52:11 +0100
[2019-07-11 13:38:42] [marian] Running on fulla as process 235410 with command line:
[2019-07-11 13:38:42] [marian] /fs/bil0/abdel/marian-dev/build/marian --sync-sgd --model ../experiments/100M_fasttext_prob_x_len_+_bic1.1_x_ced_0.5_x_dcce/model/model.npz -T . --devices 6 --train-sets ../experiments/100M_fasttext_prob_x_len_+_bic1.1_x_ced_0.5_x_dcce/data/train.bpe.de ../experiments/100M_fasttext_prob_x_len_+_bic1.1_x_ced_0.5_x_dcce/data/train.bpe.en --vocabs ../experiments/100M_fasttext_prob_x_len_+_bic1.1_x_ced_0.5_x_dcce/data/train.bpe.de.json ../experiments/100M_fasttext_prob_x_len_+_bic1.1_x_ced_0.5_x_dcce/data/train.bpe.en.json --mini-batch-fit -w 6000 --dim-vocabs 50000 50000 --layer-normalization --dropout-rnn 0.2 --dropout-src 0.1 --dropout-trg 0.1 --learn-rate 0.0001 --after-epochs 0 --early-stopping 5 --valid-freq 20000 --save-freq 20000 --disp-freq 2000 --valid-mini-batch 8 --valid-sets ../experiments/100M_fasttext_prob_x_len_+_bic1.1_x_ced_0.5_x_dcce/data/dev.bpe.de ../experiments/100M_fasttext_prob_x_len_+_bic1.1_x_ced_0.5_x_dcce/data/dev.bpe.en --valid-metrics cross-entropy perplexity translation --valid-translation-output ../experiments/100M_fasttext_prob_x_len_+_bic1.1_x_ced_0.5_x_dcce/model/dev.out --valid-script-path ../experiments/100M_fasttext_prob_x_len_+_bic1.1_x_ced_0.5_x_dcce/score-dev.sh --seed 1111 --exponential-smoothing --normalize=1 --beam-size=12 --quiet-translation --log ../experiments/100M_fasttext_prob_x_len_+_bic1.1_x_ced_0.5_x_dcce/model/train.log --valid-log ../experiments/100M_fasttext_prob_x_len_+_bic1.1_x_ced_0.5_x_dcce/model/valid.log
[2019-07-11 13:38:42] [config] after-batches: 0
[2019-07-11 13:38:42] [config] after-epochs: 0
[2019-07-11 13:38:42] [config] allow-unk: false
[2019-07-11 13:38:42] [config] beam-size: 12
[2019-07-11 13:38:42] [config] bert-class-symbol: "[CLS]"
[2019-07-11 13:38:42] [config] bert-mask-symbol: "[MASK]"
[2019-07-11 13:38:42] [config] bert-masking-fraction: 0.15
[2019-07-11 13:38:42] [config] bert-sep-symbol: "[SEP]"
[2019-07-11 13:38:42] [config] bert-train-type-embeddings: true
[2019-07-11 13:38:42] [config] bert-type-vocab-size: 2
[2019-07-11 13:38:42] [config] best-deep: false
[2019-07-11 13:38:42] [config] clip-gemm: 0
[2019-07-11 13:38:42] [config] clip-norm: 1
[2019-07-11 13:38:42] [config] cost-type: ce-mean
[2019-07-11 13:38:42] [config] cpu-threads: 0
[2019-07-11 13:38:42] [config] data-weighting: ""
[2019-07-11 13:38:42] [config] data-weighting-type: sentence
[2019-07-11 13:38:42] [config] dec-cell: gru
[2019-07-11 13:38:42] [config] dec-cell-base-depth: 2
[2019-07-11 13:38:42] [config] dec-cell-high-depth: 1
[2019-07-11 13:38:42] [config] dec-depth: 1
[2019-07-11 13:38:42] [config] devices:
[2019-07-11 13:38:42] [config]   - 6
[2019-07-11 13:38:42] [config] dim-emb: 512
[2019-07-11 13:38:42] [config] dim-rnn: 1024
[2019-07-11 13:38:42] [config] dim-vocabs:
[2019-07-11 13:38:42] [config]   - 50000
[2019-07-11 13:38:42] [config]   - 50000
[2019-07-11 13:38:42] [config] disp-first: 0
[2019-07-11 13:38:42] [config] disp-freq: 2000
[2019-07-11 13:38:42] [config] disp-label-counts: false
[2019-07-11 13:38:42] [config] dropout-rnn: 0.2
[2019-07-11 13:38:42] [config] dropout-src: 0.1
[2019-07-11 13:38:42] [config] dropout-trg: 0.1
[2019-07-11 13:38:42] [config] dump-config: ""
[2019-07-11 13:38:42] [config] early-stopping: 5
[2019-07-11 13:38:42] [config] embedding-fix-src: false
[2019-07-11 13:38:42] [config] embedding-fix-trg: false
[2019-07-11 13:38:42] [config] embedding-normalization: false
[2019-07-11 13:38:42] [config] embedding-vectors:
[2019-07-11 13:38:42] [config]   []
[2019-07-11 13:38:42] [config] enc-cell: gru
[2019-07-11 13:38:42] [config] enc-cell-depth: 1
[2019-07-11 13:38:42] [config] enc-depth: 1
[2019-07-11 13:38:42] [config] enc-type: bidirectional
[2019-07-11 13:38:42] [config] exponential-smoothing: 0.0001
[2019-07-11 13:38:42] [config] grad-dropping-momentum: 0
[2019-07-11 13:38:42] [config] grad-dropping-rate: 0
[2019-07-11 13:38:42] [config] grad-dropping-warmup: 100
[2019-07-11 13:38:42] [config] guided-alignment: none
[2019-07-11 13:38:42] [config] guided-alignment-cost: mse
[2019-07-11 13:38:42] [config] guided-alignment-weight: 0.1
[2019-07-11 13:38:42] [config] ignore-model-config: false
[2019-07-11 13:38:42] [config] input-types:
[2019-07-11 13:38:42] [config]   []
[2019-07-11 13:38:42] [config] interpolate-env-vars: false
[2019-07-11 13:38:42] [config] keep-best: false
[2019-07-11 13:38:42] [config] label-smoothing: 0
[2019-07-11 13:38:42] [config] layer-normalization: true
[2019-07-11 13:38:42] [config] learn-rate: 0.0001
[2019-07-11 13:38:42] [config] log: ../experiments/100M_fasttext_prob_x_len_+_bic1.1_x_ced_0.5_x_dcce/model/train.log
[2019-07-11 13:38:42] [config] log-level: info
[2019-07-11 13:38:42] [config] log-time-zone: ""
[2019-07-11 13:38:42] [config] lr-decay: 0
[2019-07-11 13:38:42] [config] lr-decay-freq: 50000
[2019-07-11 13:38:42] [config] lr-decay-inv-sqrt:
[2019-07-11 13:38:42] [config]   - 0
[2019-07-11 13:38:42] [config] lr-decay-repeat-warmup: false
[2019-07-11 13:38:42] [config] lr-decay-reset-optimizer: false
[2019-07-11 13:38:42] [config] lr-decay-start:
[2019-07-11 13:38:42] [config]   - 10
[2019-07-11 13:38:42] [config]   - 1
[2019-07-11 13:38:42] [config] lr-decay-strategy: epoch+stalled
[2019-07-11 13:38:42] [config] lr-report: false
[2019-07-11 13:38:42] [config] lr-warmup: 0
[2019-07-11 13:38:42] [config] lr-warmup-at-reload: false
[2019-07-11 13:38:42] [config] lr-warmup-cycle: false
[2019-07-11 13:38:42] [config] lr-warmup-start-rate: 0
[2019-07-11 13:38:42] [config] max-length: 50
[2019-07-11 13:38:42] [config] max-length-crop: false
[2019-07-11 13:38:42] [config] max-length-factor: 3
[2019-07-11 13:38:42] [config] maxi-batch: 100
[2019-07-11 13:38:42] [config] maxi-batch-sort: trg
[2019-07-11 13:38:42] [config] mini-batch: 64
[2019-07-11 13:38:42] [config] mini-batch-fit: true
[2019-07-11 13:38:42] [config] mini-batch-fit-step: 10
[2019-07-11 13:38:42] [config] mini-batch-overstuff: 1
[2019-07-11 13:38:42] [config] mini-batch-track-lr: false
[2019-07-11 13:38:42] [config] mini-batch-understuff: 1
[2019-07-11 13:38:42] [config] mini-batch-warmup: 0
[2019-07-11 13:38:42] [config] mini-batch-words: 0
[2019-07-11 13:38:42] [config] mini-batch-words-ref: 0
[2019-07-11 13:38:42] [config] model: ../experiments/100M_fasttext_prob_x_len_+_bic1.1_x_ced_0.5_x_dcce/model/model.npz
[2019-07-11 13:38:42] [config] multi-loss-type: sum
[2019-07-11 13:38:42] [config] multi-node: false
[2019-07-11 13:38:42] [config] multi-node-overlap: true
[2019-07-11 13:38:42] [config] n-best: false
[2019-07-11 13:38:42] [config] no-nccl: false
[2019-07-11 13:38:42] [config] no-reload: false
[2019-07-11 13:38:42] [config] no-restore-corpus: false
[2019-07-11 13:38:42] [config] no-shuffle: false
[2019-07-11 13:38:42] [config] normalize: 1
[2019-07-11 13:38:42] [config] num-devices: 0
[2019-07-11 13:38:42] [config] optimizer: adam
[2019-07-11 13:38:42] [config] optimizer-delay: 1
[2019-07-11 13:38:42] [config] optimizer-params:
[2019-07-11 13:38:42] [config]   []
[2019-07-11 13:38:42] [config] overwrite: false
[2019-07-11 13:38:42] [config] pretrained-model: ""
[2019-07-11 13:38:42] [config] quiet: false
[2019-07-11 13:38:42] [config] quiet-translation: true
[2019-07-11 13:38:42] [config] relative-paths: false
[2019-07-11 13:38:42] [config] right-left: false
[2019-07-11 13:38:42] [config] save-freq: 20000
[2019-07-11 13:38:42] [config] seed: 1111
[2019-07-11 13:38:42] [config] shuffle-in-ram: false
[2019-07-11 13:38:42] [config] skip: false
[2019-07-11 13:38:42] [config] sqlite: ""
[2019-07-11 13:38:42] [config] sqlite-drop: false
[2019-07-11 13:38:42] [config] sync-sgd: true
[2019-07-11 13:38:42] [config] tempdir: .
[2019-07-11 13:38:42] [config] tied-embeddings: false
[2019-07-11 13:38:42] [config] tied-embeddings-all: false
[2019-07-11 13:38:42] [config] tied-embeddings-src: false
[2019-07-11 13:38:42] [config] train-sets:
[2019-07-11 13:38:42] [config]   - ../experiments/100M_fasttext_prob_x_len_+_bic1.1_x_ced_0.5_x_dcce/data/train.bpe.de
[2019-07-11 13:38:42] [config]   - ../experiments/100M_fasttext_prob_x_len_+_bic1.1_x_ced_0.5_x_dcce/data/train.bpe.en
[2019-07-11 13:38:42] [config] transformer-aan-activation: swish
[2019-07-11 13:38:42] [config] transformer-aan-depth: 2
[2019-07-11 13:38:42] [config] transformer-aan-nogate: false
[2019-07-11 13:38:42] [config] transformer-decoder-autoreg: self-attention
[2019-07-11 13:38:42] [config] transformer-dim-aan: 2048
[2019-07-11 13:38:42] [config] transformer-dim-ffn: 2048
[2019-07-11 13:38:42] [config] transformer-dropout: 0
[2019-07-11 13:38:42] [config] transformer-dropout-attention: 0
[2019-07-11 13:38:42] [config] transformer-dropout-ffn: 0
[2019-07-11 13:38:42] [config] transformer-ffn-activation: swish
[2019-07-11 13:38:42] [config] transformer-ffn-depth: 2
[2019-07-11 13:38:42] [config] transformer-guided-alignment-layer: last
[2019-07-11 13:38:42] [config] transformer-heads: 8
[2019-07-11 13:38:42] [config] transformer-no-projection: false
[2019-07-11 13:38:42] [config] transformer-postprocess: dan
[2019-07-11 13:38:42] [config] transformer-postprocess-emb: d
[2019-07-11 13:38:42] [config] transformer-preprocess: ""
[2019-07-11 13:38:42] [config] transformer-tied-layers:
[2019-07-11 13:38:42] [config]   []
[2019-07-11 13:38:42] [config] transformer-train-position-embeddings: false
[2019-07-11 13:38:42] [config] type: amun
[2019-07-11 13:38:42] [config] ulr: false
[2019-07-11 13:38:42] [config] ulr-dim-emb: 0
[2019-07-11 13:38:42] [config] ulr-dropout: 0
[2019-07-11 13:38:42] [config] ulr-keys-vectors: ""
[2019-07-11 13:38:42] [config] ulr-query-vectors: ""
[2019-07-11 13:38:42] [config] ulr-softmax-temperature: 1
[2019-07-11 13:38:42] [config] ulr-trainable-transformation: false
[2019-07-11 13:38:42] [config] valid-freq: 20000
[2019-07-11 13:38:42] [config] valid-log: ../experiments/100M_fasttext_prob_x_len_+_bic1.1_x_ced_0.5_x_dcce/model/valid.log
[2019-07-11 13:38:42] [config] valid-max-length: 1000
[2019-07-11 13:38:42] [config] valid-metrics:
[2019-07-11 13:38:42] [config]   - cross-entropy
[2019-07-11 13:38:42] [config]   - perplexity
[2019-07-11 13:38:42] [config]   - translation
[2019-07-11 13:38:42] [config] valid-mini-batch: 8
[2019-07-11 13:38:42] [config] valid-script-path: ../experiments/100M_fasttext_prob_x_len_+_bic1.1_x_ced_0.5_x_dcce/score-dev.sh
[2019-07-11 13:38:42] [config] valid-sets:
[2019-07-11 13:38:42] [config]   - ../experiments/100M_fasttext_prob_x_len_+_bic1.1_x_ced_0.5_x_dcce/data/dev.bpe.de
[2019-07-11 13:38:42] [config]   - ../experiments/100M_fasttext_prob_x_len_+_bic1.1_x_ced_0.5_x_dcce/data/dev.bpe.en
[2019-07-11 13:38:42] [config] valid-translation-output: ../experiments/100M_fasttext_prob_x_len_+_bic1.1_x_ced_0.5_x_dcce/model/dev.out
[2019-07-11 13:38:42] [config] vocabs:
[2019-07-11 13:38:42] [config]   - ../experiments/100M_fasttext_prob_x_len_+_bic1.1_x_ced_0.5_x_dcce/data/train.bpe.de.json
[2019-07-11 13:38:42] [config]   - ../experiments/100M_fasttext_prob_x_len_+_bic1.1_x_ced_0.5_x_dcce/data/train.bpe.en.json
[2019-07-11 13:38:42] [config] word-penalty: 0
[2019-07-11 13:38:42] [config] workspace: 6000
[2019-07-11 13:38:42] [config] Model is being created with Marian v1.7.8 ec2d66e 2019-05-27 14:52:11 +0100
[2019-07-11 13:38:42] Using synchronous training
[2019-07-11 13:38:42] [data] Loading vocabulary from JSON/Yaml file ../experiments/100M_fasttext_prob_x_len_+_bic1.1_x_ced_0.5_x_dcce/data/train.bpe.de.json
[2019-07-11 13:38:42] [data] Using unused word id eos for 0
[2019-07-11 13:38:42] [data] Using unused word id UNK for 1
[2019-07-11 13:38:42] [data] Setting vocabulary size for input 0 to 50000
[2019-07-11 13:38:42] [data] Loading vocabulary from JSON/Yaml file ../experiments/100M_fasttext_prob_x_len_+_bic1.1_x_ced_0.5_x_dcce/data/train.bpe.en.json
[2019-07-11 13:38:43] [data] Using unused word id eos for 0
[2019-07-11 13:38:43] [data] Using unused word id UNK for 1
[2019-07-11 13:38:43] [data] Setting vocabulary size for input 1 to 50000
[2019-07-11 13:38:43] Compiled without MPI support. Falling back to FakeMPIWrapper
[2019-07-11 13:38:43] [batching] Collecting statistics for batch fitting with step size 10
[2019-07-11 13:38:44] [memory] Extending reserved space to 6016 MB (device gpu6)
[2019-07-11 13:38:45] [comm] Using NCCL 2.4.2 for GPU communication
[2019-07-11 13:38:45] [comm] NCCLCommunicator constructed successfully.
[2019-07-11 13:38:45] [training] Using 1 GPUs
[2019-07-11 13:38:45] [memory] Reserving 422 MB, device gpu6
[2019-07-11 13:38:45] [gpu] 16-bit TensorCores enabled for float32 matrix operations
[2019-07-11 13:38:45] [memory] Reserving 422 MB, device gpu6
[2019-07-11 13:38:50] [batching] Done. Typical MB size is 8096 target words
[2019-07-11 13:38:51] [memory] Extending reserved space to 6016 MB (device gpu6)
[2019-07-11 13:38:51] [comm] Using NCCL 2.4.2 for GPU communication
[2019-07-11 13:38:51] [comm] NCCLCommunicator constructed successfully.
[2019-07-11 13:38:51] [training] Using 1 GPUs
[2019-07-11 13:38:51] Training started
[2019-07-11 13:38:51] [data] Shuffling data
[2019-07-11 13:38:55] [data] Done reading 4214409 sentences
[2019-07-11 13:39:23] [data] Done shuffling 4214409 sentences to temp files
[2019-07-11 13:39:32] [training] Batches are processed as 1 process(es) x 1 devices/process
[2019-07-11 13:39:32] [memory] Reserving 422 MB, device gpu6
[2019-07-11 13:39:32] [memory] Reserving 422 MB, device gpu6
[2019-07-11 13:39:32] [memory] Reserving 422 MB, device gpu6
[2019-07-11 13:39:32] [memory] Reserving 844 MB, device gpu6
[2019-07-11 13:48:27] Ep. 1 : Up. 2000 : Sen. 355,837 : Cost 151.53138733 : Time 584.45s : 15592.61 words/s
[2019-07-11 13:57:24] Ep. 1 : Up. 4000 : Sen. 712,284 : Cost 121.88311768 : Time 536.54s : 17014.92 words/s
[2019-07-11 14:06:24] Ep. 1 : Up. 6000 : Sen. 1,069,791 : Cost 106.66603088 : Time 540.09s : 16960.56 words/s
[2019-07-11 14:15:19] Ep. 1 : Up. 8000 : Sen. 1,425,692 : Cost 97.01097870 : Time 534.64s : 17051.90 words/s
[2019-07-11 14:24:26] Ep. 1 : Up. 10000 : Sen. 1,781,326 : Cost 90.80313110 : Time 547.24s : 16656.35 words/s
[2019-07-11 14:33:22] Ep. 1 : Up. 12000 : Sen. 2,137,441 : Cost 86.36736298 : Time 536.44s : 17002.72 words/s
[2019-07-11 14:42:18] Ep. 1 : Up. 14000 : Sen. 2,493,772 : Cost 83.03018951 : Time 535.84s : 17009.57 words/s
[2019-07-11 14:51:14] Ep. 1 : Up. 16000 : Sen. 2,851,817 : Cost 80.57559204 : Time 535.94s : 17103.19 words/s
[2019-07-11 15:00:07] Ep. 1 : Up. 18000 : Sen. 3,207,552 : Cost 78.53649902 : Time 533.02s : 17115.38 words/s
[2019-07-11 15:03:35] Seen 3345301 samples
[2019-07-11 15:03:35] Starting epoch 2
[2019-07-11 15:03:35] [data] Shuffling data
[2019-07-11 15:03:40] [data] Done reading 4214409 sentences
[2019-07-11 15:04:09] [data] Done shuffling 4214409 sentences to temp files
[2019-07-11 15:09:52] Ep. 2 : Up. 20000 : Sen. 218,404 : Cost 76.42887115 : Time 585.15s : 15607.39 words/s
[2019-07-11 15:09:52] Saving model to ../experiments/100M_fasttext_prob_x_len_+_bic1.1_x_ced_0.5_x_dcce/model/model.npz.orig.npz
[2019-07-11 15:10:02] Saving model to ../experiments/100M_fasttext_prob_x_len_+_bic1.1_x_ced_0.5_x_dcce/model/model.iter20000.npz
[2019-07-11 15:10:10] Saving model to ../experiments/100M_fasttext_prob_x_len_+_bic1.1_x_ced_0.5_x_dcce/model/model.npz
[2019-07-11 15:10:20] Saving Adam parameters to ../experiments/100M_fasttext_prob_x_len_+_bic1.1_x_ced_0.5_x_dcce/model/model.npz.optimizer.npz
[2019-07-11 15:10:47] [valid] Ep. 2 : Up. 20000 : cross-entropy : 64.9717 : new best
[2019-07-11 15:10:54] [valid] Ep. 2 : Up. 20000 : perplexity : 13.0464 : new best
[2019-07-11 15:11:43] [valid] Ep. 2 : Up. 20000 : translation : 24.63 : new best
[2019-07-11 15:20:43] Ep. 2 : Up. 22000 : Sen. 576,521 : Cost 74.41201782 : Time 650.35s : 14094.80 words/s
[2019-07-11 15:29:41] Ep. 2 : Up. 24000 : Sen. 932,916 : Cost 73.55904388 : Time 537.97s : 16966.43 words/s
[2019-07-11 15:38:34] Ep. 2 : Up. 26000 : Sen. 1,289,531 : Cost 72.60936737 : Time 533.63s : 17134.35 words/s
[2019-07-11 15:47:30] Ep. 2 : Up. 28000 : Sen. 1,646,133 : Cost 71.50530243 : Time 536.03s : 17010.25 words/s
[2019-07-11 15:56:27] Ep. 2 : Up. 30000 : Sen. 2,001,847 : Cost 70.95423126 : Time 536.36s : 16999.83 words/s
[2019-07-11 16:05:19] Ep. 2 : Up. 32000 : Sen. 2,358,161 : Cost 69.77648926 : Time 531.76s : 17132.68 words/s
[2019-07-11 16:14:15] Ep. 2 : Up. 34000 : Sen. 2,714,236 : Cost 69.56455994 : Time 536.45s : 17026.54 words/s
[2019-07-11 16:23:11] Ep. 2 : Up. 36000 : Sen. 3,070,106 : Cost 68.60718536 : Time 535.65s : 17018.18 words/s
[2019-07-11 16:30:11] Seen 3345301 samples
[2019-07-11 16:30:11] Starting epoch 3
[2019-07-11 16:30:11] [data] Shuffling data
[2019-07-11 16:30:15] [data] Done reading 4214409 sentences
[2019-07-11 16:30:39] [data] Done shuffling 4214409 sentences to temp files
[2019-07-11 16:32:53] Ep. 3 : Up. 38000 : Sen. 80,986 : Cost 67.81782532 : Time 582.03s : 15688.56 words/s
[2019-07-11 16:41:52] Ep. 3 : Up. 40000 : Sen. 436,878 : Cost 66.21959686 : Time 539.41s : 16856.77 words/s
[2019-07-11 16:41:52] Saving model to ../experiments/100M_fasttext_prob_x_len_+_bic1.1_x_ced_0.5_x_dcce/model/model.npz.orig.npz
[2019-07-11 16:42:03] Saving model to ../experiments/100M_fasttext_prob_x_len_+_bic1.1_x_ced_0.5_x_dcce/model/model.iter40000.npz
[2019-07-11 16:42:11] Saving model to ../experiments/100M_fasttext_prob_x_len_+_bic1.1_x_ced_0.5_x_dcce/model/model.npz
[2019-07-11 16:42:22] Saving Adam parameters to ../experiments/100M_fasttext_prob_x_len_+_bic1.1_x_ced_0.5_x_dcce/model/model.npz.optimizer.npz
[2019-07-11 16:42:51] [valid] Ep. 3 : Up. 40000 : cross-entropy : 55.3323 : new best
[2019-07-11 16:42:57] [valid] Ep. 3 : Up. 40000 : perplexity : 8.91238 : new best
[2019-07-11 16:43:47] [valid] Ep. 3 : Up. 40000 : translation : 27.89 : new best
[2019-07-11 16:52:47] Ep. 3 : Up. 42000 : Sen. 792,734 : Cost 66.10342407 : Time 654.50s : 13929.76 words/s
[2019-07-11 17:01:48] Ep. 3 : Up. 44000 : Sen. 1,149,823 : Cost 65.67660522 : Time 540.85s : 16894.45 words/s
[2019-07-11 17:10:47] Ep. 3 : Up. 46000 : Sen. 1,505,881 : Cost 65.69229126 : Time 539.00s : 16932.19 words/s
[2019-07-11 17:19:53] Ep. 3 : Up. 48000 : Sen. 1,862,197 : Cost 65.17108154 : Time 546.25s : 16729.44 words/s
[2019-07-11 17:28:53] Ep. 3 : Up. 50000 : Sen. 2,218,464 : Cost 64.63078308 : Time 540.02s : 16884.96 words/s
[2019-07-11 17:38:01] Ep. 3 : Up. 52000 : Sen. 2,575,402 : Cost 64.46488953 : Time 548.49s : 16672.03 words/s
[2019-07-11 17:47:05] Ep. 3 : Up. 54000 : Sen. 2,932,154 : Cost 64.40796661 : Time 543.58s : 16825.66 words/s
[2019-07-11 17:56:06] Ep. 3 : Up. 56000 : Sen. 3,288,536 : Cost 63.90936661 : Time 541.03s : 16878.99 words/s
[2019-07-11 17:57:32] Seen 3345301 samples
[2019-07-11 17:57:32] Starting epoch 4
[2019-07-11 17:57:32] [data] Shuffling data
[2019-07-11 17:57:36] [data] Done reading 4214409 sentences
[2019-07-11 17:57:56] [data] Done shuffling 4214409 sentences to temp files
[2019-07-11 18:05:46] Ep. 4 : Up. 58000 : Sen. 299,369 : Cost 62.80911636 : Time 579.83s : 15719.21 words/s
[2019-07-11 18:14:45] Ep. 4 : Up. 60000 : Sen. 655,993 : Cost 62.65719604 : Time 539.73s : 16966.98 words/s
[2019-07-11 18:14:45] Saving model to ../experiments/100M_fasttext_prob_x_len_+_bic1.1_x_ced_0.5_x_dcce/model/model.npz.orig.npz
[2019-07-11 18:14:56] Saving model to ../experiments/100M_fasttext_prob_x_len_+_bic1.1_x_ced_0.5_x_dcce/model/model.iter60000.npz
[2019-07-11 18:15:04] Saving model to ../experiments/100M_fasttext_prob_x_len_+_bic1.1_x_ced_0.5_x_dcce/model/model.npz
[2019-07-11 18:15:14] Saving Adam parameters to ../experiments/100M_fasttext_prob_x_len_+_bic1.1_x_ced_0.5_x_dcce/model/model.npz.optimizer.npz
[2019-07-11 18:15:44] [valid] Ep. 4 : Up. 60000 : cross-entropy : 51.6115 : new best
[2019-07-11 18:15:50] [valid] Ep. 4 : Up. 60000 : perplexity : 7.6933 : new best
[2019-07-11 18:16:43] [valid] Ep. 4 : Up. 60000 : translation : 29.36 : new best
[2019-07-11 18:25:45] Ep. 4 : Up. 62000 : Sen. 1,012,467 : Cost 62.28328705 : Time 659.27s : 13840.06 words/s
[2019-07-11 18:34:45] Ep. 4 : Up. 64000 : Sen. 1,368,876 : Cost 62.25725937 : Time 539.81s : 16919.41 words/s
[2019-07-11 18:43:44] Ep. 4 : Up. 66000 : Sen. 1,725,828 : Cost 61.86410904 : Time 539.45s : 16919.70 words/s
[2019-07-11 18:52:48] Ep. 4 : Up. 68000 : Sen. 2,082,713 : Cost 62.11930847 : Time 543.50s : 16830.48 words/s
[2019-07-11 19:01:46] Ep. 4 : Up. 70000 : Sen. 2,438,669 : Cost 61.59840393 : Time 538.67s : 16906.20 words/s
[2019-07-11 19:10:44] Ep. 4 : Up. 72000 : Sen. 2,795,482 : Cost 61.54178238 : Time 537.64s : 16988.82 words/s
[2019-07-11 19:19:46] Ep. 4 : Up. 74000 : Sen. 3,151,446 : Cost 61.61089325 : Time 542.34s : 16833.73 words/s
[2019-07-11 19:24:40] Seen 3345301 samples
[2019-07-11 19:24:40] Starting epoch 5
[2019-07-11 19:24:40] [data] Shuffling data
[2019-07-11 19:24:44] [data] Done reading 4214409 sentences
[2019-07-11 19:25:05] [data] Done shuffling 4214409 sentences to temp files
[2019-07-11 19:29:28] Ep. 5 : Up. 76000 : Sen. 162,309 : Cost 60.58365631 : Time 581.71s : 15670.27 words/s
[2019-07-11 19:38:35] Ep. 5 : Up. 78000 : Sen. 519,080 : Cost 60.25599670 : Time 547.17s : 16716.27 words/s
[2019-07-11 19:47:41] Ep. 5 : Up. 80000 : Sen. 875,802 : Cost 59.89464188 : Time 545.65s : 16738.56 words/s
[2019-07-11 19:47:41] Saving model to ../experiments/100M_fasttext_prob_x_len_+_bic1.1_x_ced_0.5_x_dcce/model/model.npz.orig.npz
[2019-07-11 19:47:52] Saving model to ../experiments/100M_fasttext_prob_x_len_+_bic1.1_x_ced_0.5_x_dcce/model/model.iter80000.npz
[2019-07-11 19:48:00] Saving model to ../experiments/100M_fasttext_prob_x_len_+_bic1.1_x_ced_0.5_x_dcce/model/model.npz
[2019-07-11 19:48:12] Saving Adam parameters to ../experiments/100M_fasttext_prob_x_len_+_bic1.1_x_ced_0.5_x_dcce/model/model.npz.optimizer.npz
[2019-07-11 19:48:43] [valid] Ep. 5 : Up. 80000 : cross-entropy : 49.6764 : new best
[2019-07-11 19:48:50] [valid] Ep. 5 : Up. 80000 : perplexity : 7.12672 : new best
[2019-07-11 19:49:45] [valid] Ep. 5 : Up. 80000 : translation : 30.12 : new best
[2019-07-11 19:58:53] Ep. 5 : Up. 82000 : Sen. 1,233,106 : Cost 59.82443619 : Time 672.68s : 13583.35 words/s
[2019-07-11 20:07:57] Ep. 5 : Up. 84000 : Sen. 1,589,866 : Cost 60.06452942 : Time 543.23s : 16837.65 words/s
[2019-07-11 20:16:57] Ep. 5 : Up. 86000 : Sen. 1,945,962 : Cost 59.86376572 : Time 540.76s : 16880.78 words/s
[2019-07-11 20:25:54] Ep. 5 : Up. 88000 : Sen. 2,301,825 : Cost 59.78457260 : Time 536.23s : 17034.25 words/s
[2019-07-11 20:34:48] Ep. 5 : Up. 90000 : Sen. 2,658,278 : Cost 59.57298660 : Time 534.36s : 17067.81 words/s
[2019-07-11 20:43:43] Ep. 5 : Up. 92000 : Sen. 3,015,760 : Cost 59.55861664 : Time 535.22s : 17099.66 words/s
[2019-07-11 20:52:03] Seen 3345301 samples
[2019-07-11 20:52:03] Starting epoch 6
[2019-07-11 20:52:03] [data] Shuffling data
[2019-07-11 20:52:07] [data] Done reading 4214409 sentences
[2019-07-11 20:52:39] [data] Done shuffling 4214409 sentences to temp files
[2019-07-11 20:53:20] Ep. 6 : Up. 94000 : Sen. 25,062 : Cost 59.36390305 : Time 576.33s : 15764.39 words/s
[2019-07-11 21:02:25] Ep. 6 : Up. 96000 : Sen. 382,131 : Cost 58.11597061 : Time 545.01s : 16779.26 words/s
[2019-07-11 21:11:19] Ep. 6 : Up. 98000 : Sen. 739,220 : Cost 58.10110474 : Time 534.51s : 17103.04 words/s
[2019-07-11 21:20:13] Ep. 6 : Up. 100000 : Sen. 1,095,672 : Cost 58.43141174 : Time 534.07s : 17117.37 words/s
[2019-07-11 21:20:13] Saving model to ../experiments/100M_fasttext_prob_x_len_+_bic1.1_x_ced_0.5_x_dcce/model/model.npz.orig.npz
[2019-07-11 21:20:24] Saving model to ../experiments/100M_fasttext_prob_x_len_+_bic1.1_x_ced_0.5_x_dcce/model/model.iter100000.npz
[2019-07-11 21:20:32] Saving model to ../experiments/100M_fasttext_prob_x_len_+_bic1.1_x_ced_0.5_x_dcce/model/model.npz
[2019-07-11 21:20:44] Saving Adam parameters to ../experiments/100M_fasttext_prob_x_len_+_bic1.1_x_ced_0.5_x_dcce/model/model.npz.optimizer.npz
[2019-07-11 21:21:14] [valid] Ep. 6 : Up. 100000 : cross-entropy : 48.4637 : new best
[2019-07-11 21:21:20] [valid] Ep. 6 : Up. 100000 : perplexity : 6.79311 : new best
[2019-07-11 21:22:13] [valid] Ep. 6 : Up. 100000 : translation : 30.52 : new best
[2019-07-11 21:31:08] Ep. 6 : Up. 102000 : Sen. 1,451,895 : Cost 58.43153381 : Time 655.28s : 13909.58 words/s
[2019-07-11 21:40:03] Ep. 6 : Up. 104000 : Sen. 1,808,680 : Cost 58.31606293 : Time 534.29s : 17120.21 words/s
[2019-07-11 21:48:57] Ep. 6 : Up. 106000 : Sen. 2,166,333 : Cost 58.22274780 : Time 534.66s : 17141.29 words/s
[2019-07-11 21:57:49] Ep. 6 : Up. 108000 : Sen. 2,522,236 : Cost 58.20782089 : Time 532.10s : 17126.73 words/s
[2019-07-11 22:06:43] Ep. 6 : Up. 110000 : Sen. 2,879,133 : Cost 58.18333054 : Time 533.38s : 17144.25 words/s
[2019-07-11 22:15:38] Ep. 6 : Up. 112000 : Sen. 3,235,793 : Cost 58.37133026 : Time 534.69s : 17092.54 words/s
[2019-07-11 22:18:20] Seen 3345301 samples
[2019-07-11 22:18:20] Starting epoch 7
[2019-07-11 22:18:20] [data] Shuffling data
[2019-07-11 22:18:24] [data] Done reading 4214409 sentences
[2019-07-11 22:18:46] [data] Done shuffling 4214409 sentences to temp files
[2019-07-11 22:25:08] Ep. 7 : Up. 114000 : Sen. 247,697 : Cost 56.95856476 : Time 569.98s : 16012.86 words/s
[2019-07-11 22:34:02] Ep. 7 : Up. 116000 : Sen. 604,336 : Cost 56.73769760 : Time 534.35s : 17074.76 words/s
[2019-07-11 22:42:56] Ep. 7 : Up. 118000 : Sen. 961,064 : Cost 56.94131851 : Time 534.42s : 17116.65 words/s
[2019-07-11 22:51:50] Ep. 7 : Up. 120000 : Sen. 1,317,443 : Cost 57.18885422 : Time 533.38s : 17108.41 words/s
[2019-07-11 22:51:50] Saving model to ../experiments/100M_fasttext_prob_x_len_+_bic1.1_x_ced_0.5_x_dcce/model/model.npz.orig.npz
[2019-07-11 22:52:01] Saving model to ../experiments/100M_fasttext_prob_x_len_+_bic1.1_x_ced_0.5_x_dcce/model/model.iter120000.npz
[2019-07-11 22:52:09] Saving model to ../experiments/100M_fasttext_prob_x_len_+_bic1.1_x_ced_0.5_x_dcce/model/model.npz
[2019-07-11 22:52:20] Saving Adam parameters to ../experiments/100M_fasttext_prob_x_len_+_bic1.1_x_ced_0.5_x_dcce/model/model.npz.optimizer.npz
[2019-07-11 22:52:50] [valid] Ep. 7 : Up. 120000 : cross-entropy : 47.6433 : new best
[2019-07-11 22:52:56] [valid] Ep. 7 : Up. 120000 : perplexity : 6.57631 : new best
[2019-07-11 22:53:48] [valid] Ep. 7 : Up. 120000 : translation : 30.96 : new best
[2019-07-11 23:02:43] Ep. 7 : Up. 122000 : Sen. 1,673,735 : Cost 56.90555954 : Time 653.09s : 13956.02 words/s
[2019-07-11 23:11:37] Ep. 7 : Up. 124000 : Sen. 2,030,654 : Cost 56.96561432 : Time 534.32s : 17116.16 words/s
[2019-07-11 23:20:32] Ep. 7 : Up. 126000 : Sen. 2,386,679 : Cost 57.02356720 : Time 534.66s : 17073.91 words/s
[2019-07-11 23:29:26] Ep. 7 : Up. 128000 : Sen. 2,743,538 : Cost 56.93913269 : Time 534.60s : 17093.36 words/s
[2019-07-11 23:38:20] Ep. 7 : Up. 130000 : Sen. 3,099,213 : Cost 57.02648926 : Time 533.52s : 17076.43 words/s
[2019-07-11 23:44:28] Seen 3345301 samples
[2019-07-11 23:44:28] Starting epoch 8
[2019-07-11 23:44:28] [data] Shuffling data
[2019-07-11 23:44:32] [data] Done reading 4214409 sentences
[2019-07-11 23:44:53] [data] Done shuffling 4214409 sentences to temp files
[2019-07-11 23:47:47] Ep. 8 : Up. 132000 : Sen. 110,177 : Cost 56.72098160 : Time 566.79s : 16113.92 words/s
[2019-07-11 23:56:42] Ep. 8 : Up. 134000 : Sen. 467,951 : Cost 55.68582535 : Time 535.70s : 17115.43 words/s
[2019-07-12 00:05:35] Ep. 8 : Up. 136000 : Sen. 823,379 : Cost 55.92480087 : Time 532.23s : 17100.34 words/s
[2019-07-12 00:14:30] Ep. 8 : Up. 138000 : Sen. 1,180,187 : Cost 56.17496872 : Time 535.11s : 17091.36 words/s
[2019-07-12 00:23:24] Ep. 8 : Up. 140000 : Sen. 1,536,951 : Cost 56.16601562 : Time 533.78s : 17098.50 words/s
[2019-07-12 00:23:24] Saving model to ../experiments/100M_fasttext_prob_x_len_+_bic1.1_x_ced_0.5_x_dcce/model/model.npz.orig.npz
[2019-07-12 00:23:40] Saving model to ../experiments/100M_fasttext_prob_x_len_+_bic1.1_x_ced_0.5_x_dcce/model/model.iter140000.npz
[2019-07-12 00:23:49] Saving model to ../experiments/100M_fasttext_prob_x_len_+_bic1.1_x_ced_0.5_x_dcce/model/model.npz
[2019-07-12 00:24:02] Saving Adam parameters to ../experiments/100M_fasttext_prob_x_len_+_bic1.1_x_ced_0.5_x_dcce/model/model.npz.optimizer.npz
[2019-07-12 00:24:32] [valid] Ep. 8 : Up. 140000 : cross-entropy : 47.0391 : new best
[2019-07-12 00:24:38] [valid] Ep. 8 : Up. 140000 : perplexity : 6.42111 : new best
[2019-07-12 00:25:30] [valid] Ep. 8 : Up. 140000 : translation : 30.91 : stalled 1 times (last best: 30.96)
[2019-07-12 00:34:27] Ep. 8 : Up. 142000 : Sen. 1,893,923 : Cost 56.06259918 : Time 663.64s : 13795.54 words/s
[2019-07-12 00:43:22] Ep. 8 : Up. 144000 : Sen. 2,251,118 : Cost 56.07137299 : Time 534.74s : 17100.80 words/s
[2019-07-12 00:52:15] Ep. 8 : Up. 146000 : Sen. 2,606,588 : Cost 56.23571777 : Time 533.58s : 17049.99 words/s
[2019-07-12 01:01:10] Ep. 8 : Up. 148000 : Sen. 2,961,787 : Cost 56.26769257 : Time 534.54s : 17034.92 words/s
[2019-07-12 01:10:03] Ep. 8 : Up. 150000 : Sen. 3,317,668 : Cost 56.23564529 : Time 533.45s : 17071.87 words/s
[2019-07-12 01:10:45] Seen 3345301 samples
[2019-07-12 01:10:45] Starting epoch 9
[2019-07-12 01:10:45] [data] Shuffling data
[2019-07-12 01:10:49] [data] Done reading 4214409 sentences
[2019-07-12 01:11:12] [data] Done shuffling 4214409 sentences to temp files
[2019-07-12 01:19:36] Ep. 9 : Up. 152000 : Sen. 328,444 : Cost 54.93441772 : Time 572.43s : 15915.79 words/s
[2019-07-12 01:28:33] Ep. 9 : Up. 154000 : Sen. 685,524 : Cost 55.20049667 : Time 537.54s : 17038.14 words/s
[2019-07-12 01:37:31] Ep. 9 : Up. 156000 : Sen. 1,042,882 : Cost 55.02883530 : Time 537.48s : 17030.14 words/s
[2019-07-12 01:46:27] Ep. 9 : Up. 158000 : Sen. 1,399,107 : Cost 55.44239044 : Time 536.17s : 17031.49 words/s
[2019-07-12 01:55:22] Ep. 9 : Up. 160000 : Sen. 1,755,627 : Cost 55.28616714 : Time 534.69s : 17071.96 words/s
[2019-07-12 01:55:22] Saving model to ../experiments/100M_fasttext_prob_x_len_+_bic1.1_x_ced_0.5_x_dcce/model/model.npz.orig.npz
[2019-07-12 01:55:32] Saving model to ../experiments/100M_fasttext_prob_x_len_+_bic1.1_x_ced_0.5_x_dcce/model/model.iter160000.npz
[2019-07-12 01:55:40] Saving model to ../experiments/100M_fasttext_prob_x_len_+_bic1.1_x_ced_0.5_x_dcce/model/model.npz
[2019-07-12 01:55:51] Saving Adam parameters to ../experiments/100M_fasttext_prob_x_len_+_bic1.1_x_ced_0.5_x_dcce/model/model.npz.optimizer.npz
[2019-07-12 01:56:18] [valid] Ep. 9 : Up. 160000 : cross-entropy : 46.5429 : new best
[2019-07-12 01:56:24] [valid] Ep. 9 : Up. 160000 : perplexity : 6.29637 : new best
[2019-07-12 01:57:15] [valid] Ep. 9 : Up. 160000 : translation : 31.26 : new best
[2019-07-12 02:06:14] Ep. 9 : Up. 162000 : Sen. 2,112,318 : Cost 55.26412964 : Time 651.99s : 14038.23 words/s
[2019-07-12 02:15:08] Ep. 9 : Up. 164000 : Sen. 2,468,193 : Cost 54.97060394 : Time 533.89s : 17031.35 words/s
[2019-07-12 02:24:03] Ep. 9 : Up. 166000 : Sen. 2,824,528 : Cost 55.47490311 : Time 535.47s : 17057.88 words/s
[2019-07-12 02:32:59] Ep. 9 : Up. 168000 : Sen. 3,180,205 : Cost 55.48678207 : Time 535.46s : 17015.00 words/s
[2019-07-12 02:37:07] Seen 3345301 samples
[2019-07-12 02:37:07] Starting epoch 10
[2019-07-12 02:37:07] [data] Shuffling data
[2019-07-12 02:37:11] [data] Done reading 4214409 sentences
[2019-07-12 02:37:28] [data] Done shuffling 4214409 sentences to temp files
[2019-07-12 02:42:21] Ep. 10 : Up. 170000 : Sen. 189,766 : Cost 54.74293518 : Time 561.89s : 16169.35 words/s
[2019-07-12 02:51:15] Ep. 10 : Up. 172000 : Sen. 546,622 : Cost 54.15878296 : Time 534.45s : 17071.56 words/s
[2019-07-12 03:00:10] Ep. 10 : Up. 174000 : Sen. 903,080 : Cost 54.58452988 : Time 535.48s : 17060.29 words/s
[2019-07-12 03:09:05] Ep. 10 : Up. 176000 : Sen. 1,258,914 : Cost 54.75353622 : Time 534.54s : 17065.37 words/s
[2019-07-12 03:18:00] Ep. 10 : Up. 178000 : Sen. 1,615,293 : Cost 54.56283951 : Time 534.84s : 17037.58 words/s
[2019-07-12 03:26:56] Ep. 10 : Up. 180000 : Sen. 1,972,448 : Cost 54.57830429 : Time 535.69s : 17058.51 words/s
[2019-07-12 03:26:56] Saving model to ../experiments/100M_fasttext_prob_x_len_+_bic1.1_x_ced_0.5_x_dcce/model/model.npz.orig.npz
[2019-07-12 03:27:07] Saving model to ../experiments/100M_fasttext_prob_x_len_+_bic1.1_x_ced_0.5_x_dcce/model/model.iter180000.npz
[2019-07-12 03:27:15] Saving model to ../experiments/100M_fasttext_prob_x_len_+_bic1.1_x_ced_0.5_x_dcce/model/model.npz
[2019-07-12 03:27:27] Saving Adam parameters to ../experiments/100M_fasttext_prob_x_len_+_bic1.1_x_ced_0.5_x_dcce/model/model.npz.optimizer.npz
[2019-07-12 03:27:59] [valid] Ep. 10 : Up. 180000 : cross-entropy : 46.3329 : new best
[2019-07-12 03:28:06] [valid] Ep. 10 : Up. 180000 : perplexity : 6.24431 : new best
[2019-07-12 03:28:58] [valid] Ep. 10 : Up. 180000 : translation : 31.36 : new best
[2019-07-12 03:37:56] Ep. 10 : Up. 182000 : Sen. 2,329,441 : Cost 54.68362808 : Time 660.86s : 13841.55 words/s
[2019-07-12 03:46:53] Ep. 10 : Up. 184000 : Sen. 2,686,735 : Cost 54.83089066 : Time 536.54s : 17086.17 words/s
[2019-07-12 03:55:49] Ep. 10 : Up. 186000 : Sen. 3,043,016 : Cost 54.92728424 : Time 535.61s : 17077.35 words/s
[2019-07-12 04:03:22] Seen 3345301 samples
[2019-07-12 04:03:22] Starting epoch 11
[2019-07-12 04:03:22] [data] Shuffling data
[2019-07-12 04:03:26] [data] Done reading 4214409 sentences
[2019-07-12 04:03:49] [data] Done shuffling 4214409 sentences to temp files
[2019-07-12 04:05:19] Ep. 11 : Up. 188000 : Sen. 54,304 : Cost 54.45782852 : Time 570.95s : 15980.98 words/s
[2019-07-12 04:14:17] Ep. 11 : Up. 190000 : Sen. 410,760 : Cost 53.47558594 : Time 537.26s : 16981.10 words/s
[2019-07-12 04:23:14] Ep. 11 : Up. 192000 : Sen. 766,777 : Cost 53.82326508 : Time 537.68s : 16969.18 words/s
[2019-07-12 04:32:12] Ep. 11 : Up. 194000 : Sen. 1,124,227 : Cost 53.68322372 : Time 537.29s : 17005.88 words/s
[2019-07-12 04:41:09] Ep. 11 : Up. 196000 : Sen. 1,481,203 : Cost 53.73848724 : Time 537.08s : 16993.96 words/s
[2019-07-12 04:50:06] Ep. 11 : Up. 198000 : Sen. 1,837,321 : Cost 54.18690872 : Time 537.61s : 17020.38 words/s
[2019-07-12 04:59:02] Ep. 11 : Up. 200000 : Sen. 2,193,159 : Cost 54.00898743 : Time 535.47s : 17012.52 words/s
[2019-07-12 04:59:02] Saving model to ../experiments/100M_fasttext_prob_x_len_+_bic1.1_x_ced_0.5_x_dcce/model/model.npz.orig.npz
[2019-07-12 04:59:12] Saving model to ../experiments/100M_fasttext_prob_x_len_+_bic1.1_x_ced_0.5_x_dcce/model/model.iter200000.npz
[2019-07-12 04:59:19] Saving model to ../experiments/100M_fasttext_prob_x_len_+_bic1.1_x_ced_0.5_x_dcce/model/model.npz
[2019-07-12 04:59:30] Saving Adam parameters to ../experiments/100M_fasttext_prob_x_len_+_bic1.1_x_ced_0.5_x_dcce/model/model.npz.optimizer.npz
[2019-07-12 04:59:58] [valid] Ep. 11 : Up. 200000 : cross-entropy : 46.1848 : new best
[2019-07-12 05:00:04] [valid] Ep. 11 : Up. 200000 : perplexity : 6.20785 : new best
[2019-07-12 05:00:57] [valid] Ep. 11 : Up. 200000 : translation : 31.57 : new best
[2019-07-12 05:09:58] Ep. 11 : Up. 202000 : Sen. 2,549,841 : Cost 54.29816437 : Time 655.70s : 13953.55 words/s
[2019-07-12 05:18:56] Ep. 11 : Up. 204000 : Sen. 2,906,696 : Cost 54.37156296 : Time 538.14s : 16995.65 words/s
[2019-07-12 05:27:53] Ep. 11 : Up. 206000 : Sen. 3,263,104 : Cost 54.25350571 : Time 537.06s : 16996.63 words/s
[2019-07-12 05:29:56] Seen 3345301 samples
[2019-07-12 05:29:56] Starting epoch 12
[2019-07-12 05:29:56] [data] Shuffling data
[2019-07-12 05:30:00] [data] Done reading 4214409 sentences
[2019-07-12 05:30:19] [data] Done shuffling 4214409 sentences to temp files
[2019-07-12 05:37:21] Ep. 12 : Up. 208000 : Sen. 274,410 : Cost 53.17028427 : Time 568.65s : 16060.65 words/s
[2019-07-12 05:46:18] Ep. 12 : Up. 210000 : Sen. 630,609 : Cost 52.99938583 : Time 536.70s : 16975.77 words/s
[2019-07-12 05:55:16] Ep. 12 : Up. 212000 : Sen. 986,634 : Cost 53.10987854 : Time 537.66s : 16967.77 words/s
[2019-07-12 06:04:13] Ep. 12 : Up. 214000 : Sen. 1,343,682 : Cost 53.36098862 : Time 536.78s : 17039.55 words/s
[2019-07-12 06:13:07] Ep. 12 : Up. 216000 : Sen. 1,698,644 : Cost 53.51785278 : Time 534.72s : 17010.80 words/s
[2019-07-12 06:22:02] Ep. 12 : Up. 218000 : Sen. 2,055,279 : Cost 53.33475494 : Time 534.77s : 17063.27 words/s
[2019-07-12 06:30:59] Ep. 12 : Up. 220000 : Sen. 2,412,146 : Cost 53.73006058 : Time 536.47s : 17056.92 words/s
[2019-07-12 06:30:59] Saving model to ../experiments/100M_fasttext_prob_x_len_+_bic1.1_x_ced_0.5_x_dcce/model/model.npz.orig.npz
[2019-07-12 06:31:11] Saving model to ../experiments/100M_fasttext_prob_x_len_+_bic1.1_x_ced_0.5_x_dcce/model/model.iter220000.npz
[2019-07-12 06:31:18] Saving model to ../experiments/100M_fasttext_prob_x_len_+_bic1.1_x_ced_0.5_x_dcce/model/model.npz
[2019-07-12 06:31:29] Saving Adam parameters to ../experiments/100M_fasttext_prob_x_len_+_bic1.1_x_ced_0.5_x_dcce/model/model.npz.optimizer.npz
[2019-07-12 06:31:58] [valid] Ep. 12 : Up. 220000 : cross-entropy : 46.0158 : new best
[2019-07-12 06:32:04] [valid] Ep. 12 : Up. 220000 : perplexity : 6.16651 : new best
[2019-07-12 06:32:56] [valid] Ep. 12 : Up. 220000 : translation : 31.55 : stalled 1 times (last best: 31.57)
[2019-07-12 06:41:53] Ep. 12 : Up. 222000 : Sen. 2,769,659 : Cost 53.58702469 : Time 654.11s : 13981.42 words/s
[2019-07-12 06:50:48] Ep. 12 : Up. 224000 : Sen. 3,126,498 : Cost 53.55981827 : Time 535.56s : 17104.16 words/s
[2019-07-12 06:56:16] Seen 3345301 samples
[2019-07-12 06:56:16] Starting epoch 13
[2019-07-12 06:56:16] [data] Shuffling data
[2019-07-12 06:56:19] [data] Done reading 4214409 sentences
[2019-07-12 06:56:41] [data] Done shuffling 4214409 sentences to temp files
[2019-07-12 07:00:09] Ep. 13 : Up. 226000 : Sen. 137,414 : Cost 53.44576645 : Time 560.56s : 16279.76 words/s
[2019-07-12 07:09:03] Ep. 13 : Up. 228000 : Sen. 494,773 : Cost 52.51577377 : Time 534.69s : 17070.95 words/s
[2019-07-12 07:17:58] Ep. 13 : Up. 230000 : Sen. 850,723 : Cost 52.78051376 : Time 534.63s : 17071.17 words/s
[2019-07-12 07:26:51] Ep. 13 : Up. 232000 : Sen. 1,206,788 : Cost 52.64270401 : Time 533.38s : 17063.24 words/s
[2019-07-12 07:35:46] Ep. 13 : Up. 234000 : Sen. 1,562,713 : Cost 53.04711914 : Time 535.03s : 17065.02 words/s
[2019-07-12 07:44:41] Ep. 13 : Up. 236000 : Sen. 1,919,638 : Cost 53.08494949 : Time 534.60s : 17102.96 words/s
[2019-07-12 07:53:37] Ep. 13 : Up. 238000 : Sen. 2,276,542 : Cost 52.99567795 : Time 536.02s : 17050.71 words/s
[2019-07-12 08:02:34] Ep. 13 : Up. 240000 : Sen. 2,633,221 : Cost 53.34389877 : Time 536.60s : 17061.80 words/s
[2019-07-12 08:02:34] Saving model to ../experiments/100M_fasttext_prob_x_len_+_bic1.1_x_ced_0.5_x_dcce/model/model.npz.orig.npz
[2019-07-12 08:02:43] Saving model to ../experiments/100M_fasttext_prob_x_len_+_bic1.1_x_ced_0.5_x_dcce/model/model.iter240000.npz
[2019-07-12 08:02:51] Saving model to ../experiments/100M_fasttext_prob_x_len_+_bic1.1_x_ced_0.5_x_dcce/model/model.npz
[2019-07-12 08:03:02] Saving Adam parameters to ../experiments/100M_fasttext_prob_x_len_+_bic1.1_x_ced_0.5_x_dcce/model/model.npz.optimizer.npz
[2019-07-12 08:03:33] [valid] Ep. 13 : Up. 240000 : cross-entropy : 45.8966 : new best
[2019-07-12 08:03:40] [valid] Ep. 13 : Up. 240000 : perplexity : 6.13752 : new best
[2019-07-12 08:04:30] [valid] Ep. 13 : Up. 240000 : translation : 31.39 : stalled 2 times (last best: 31.57)
[2019-07-12 08:13:26] Ep. 13 : Up. 242000 : Sen. 2,989,596 : Cost 53.16488647 : Time 652.78s : 13993.73 words/s
[2019-07-12 08:22:19] Seen 3345301 samples
[2019-07-12 08:22:19] Starting epoch 14
[2019-07-12 08:22:19] [data] Shuffling data
[2019-07-12 08:22:23] [data] Done reading 4214409 sentences
[2019-07-12 08:22:45] [data] Done shuffling 4214409 sentences to temp files
[2019-07-12 08:22:55] Ep. 14 : Up. 244000 : Sen. 1,629 : Cost 53.01812363 : Time 568.42s : 16082.72 words/s
[2019-07-12 08:31:49] Ep. 14 : Up. 246000 : Sen. 357,923 : Cost 52.17516327 : Time 534.48s : 17073.93 words/s
[2019-07-12 08:40:42] Ep. 14 : Up. 248000 : Sen. 713,290 : Cost 52.26477432 : Time 533.07s : 17080.05 words/s
[2019-07-12 08:49:37] Ep. 14 : Up. 250000 : Sen. 1,069,228 : Cost 52.45883179 : Time 534.58s : 17039.07 words/s
[2019-07-12 08:58:31] Ep. 14 : Up. 252000 : Sen. 1,425,280 : Cost 52.50492477 : Time 534.40s : 17079.50 words/s
[2019-07-12 09:07:27] Ep. 14 : Up. 254000 : Sen. 1,781,694 : Cost 52.62400055 : Time 535.30s : 17049.67 words/s
[2019-07-12 09:16:22] Ep. 14 : Up. 256000 : Sen. 2,138,579 : Cost 52.74541473 : Time 534.80s : 17117.43 words/s
[2019-07-12 09:25:16] Ep. 14 : Up. 258000 : Sen. 2,495,320 : Cost 52.52576065 : Time 534.07s : 17059.06 words/s
[2019-07-12 09:34:11] Ep. 14 : Up. 260000 : Sen. 2,851,915 : Cost 52.92862701 : Time 535.03s : 17079.31 words/s
[2019-07-12 09:34:11] Saving model to ../experiments/100M_fasttext_prob_x_len_+_bic1.1_x_ced_0.5_x_dcce/model/model.npz.orig.npz
[2019-07-12 09:34:21] Saving model to ../experiments/100M_fasttext_prob_x_len_+_bic1.1_x_ced_0.5_x_dcce/model/model.iter260000.npz
[2019-07-12 09:34:29] Saving model to ../experiments/100M_fasttext_prob_x_len_+_bic1.1_x_ced_0.5_x_dcce/model/model.npz
[2019-07-12 09:34:39] Saving Adam parameters to ../experiments/100M_fasttext_prob_x_len_+_bic1.1_x_ced_0.5_x_dcce/model/model.npz.optimizer.npz
[2019-07-12 09:35:09] [valid] Ep. 14 : Up. 260000 : cross-entropy : 45.8561 : new best
[2019-07-12 09:35:16] [valid] Ep. 14 : Up. 260000 : perplexity : 6.12771 : new best
[2019-07-12 09:36:07] [valid] Ep. 14 : Up. 260000 : translation : 31.57 : stalled 3 times (last best: 31.57)
[2019-07-12 09:45:03] Ep. 14 : Up. 262000 : Sen. 3,207,801 : Cost 52.82368469 : Time 652.74s : 13970.13 words/s
[2019-07-12 09:48:30] Seen 3345301 samples
[2019-07-12 09:48:30] Starting epoch 15
[2019-07-12 09:48:30] [data] Shuffling data
[2019-07-12 09:48:34] [data] Done reading 4214409 sentences
[2019-07-12 09:48:55] [data] Done shuffling 4214409 sentences to temp files
[2019-07-12 09:54:33] Ep. 15 : Up. 264000 : Sen. 218,642 : Cost 52.23909378 : Time 569.85s : 16029.02 words/s
[2019-07-12 10:03:28] Ep. 15 : Up. 266000 : Sen. 575,320 : Cost 51.67145538 : Time 534.96s : 17060.45 words/s
[2019-07-12 10:12:25] Ep. 15 : Up. 268000 : Sen. 933,040 : Cost 52.01201630 : Time 536.52s : 17063.52 words/s
[2019-07-12 10:21:20] Ep. 15 : Up. 270000 : Sen. 1,290,673 : Cost 51.86033630 : Time 535.54s : 17089.79 words/s
[2019-07-12 10:30:16] Ep. 15 : Up. 272000 : Sen. 1,648,161 : Cost 52.04454041 : Time 535.28s : 17142.89 words/s
[2019-07-12 10:39:09] Ep. 15 : Up. 274000 : Sen. 2,004,198 : Cost 52.42120743 : Time 533.88s : 17089.64 words/s
[2019-07-12 10:48:04] Ep. 15 : Up. 276000 : Sen. 2,361,079 : Cost 52.22498703 : Time 534.11s : 17091.15 words/s
[2019-07-12 10:56:58] Ep. 15 : Up. 278000 : Sen. 2,717,101 : Cost 52.55447769 : Time 534.74s : 17081.50 words/s
[2019-07-12 11:05:54] Ep. 15 : Up. 280000 : Sen. 3,073,316 : Cost 52.75521088 : Time 535.33s : 17054.19 words/s
[2019-07-12 11:05:54] Saving model to ../experiments/100M_fasttext_prob_x_len_+_bic1.1_x_ced_0.5_x_dcce/model/model.npz.orig.npz
[2019-07-12 11:06:04] Saving model to ../experiments/100M_fasttext_prob_x_len_+_bic1.1_x_ced_0.5_x_dcce/model/model.iter280000.npz
[2019-07-12 11:06:12] Saving model to ../experiments/100M_fasttext_prob_x_len_+_bic1.1_x_ced_0.5_x_dcce/model/model.npz
[2019-07-12 11:06:23] Saving Adam parameters to ../experiments/100M_fasttext_prob_x_len_+_bic1.1_x_ced_0.5_x_dcce/model/model.npz.optimizer.npz
[2019-07-12 11:06:51] [valid] Ep. 15 : Up. 280000 : cross-entropy : 45.8213 : new best
[2019-07-12 11:06:58] [valid] Ep. 15 : Up. 280000 : perplexity : 6.11929 : new best
[2019-07-12 11:07:49] [valid] Ep. 15 : Up. 280000 : translation : 31.46 : stalled 4 times (last best: 31.57)
[2019-07-12 11:14:40] Seen 3345301 samples
[2019-07-12 11:14:40] Starting epoch 16
[2019-07-12 11:14:40] [data] Shuffling data
[2019-07-12 11:14:44] [data] Done reading 4214409 sentences
[2019-07-12 11:15:02] [data] Done shuffling 4214409 sentences to temp files
[2019-07-12 11:17:23] Ep. 16 : Up. 282000 : Sen. 83,836 : Cost 52.15240097 : Time 689.83s : 13211.54 words/s
[2019-07-12 11:26:18] Ep. 16 : Up. 284000 : Sen. 441,201 : Cost 51.17940521 : Time 534.91s : 17084.65 words/s
[2019-07-12 11:35:12] Ep. 16 : Up. 286000 : Sen. 796,825 : Cost 51.41193008 : Time 533.35s : 17064.88 words/s
[2019-07-12 11:44:05] Ep. 16 : Up. 288000 : Sen. 1,152,000 : Cost 51.79634094 : Time 533.29s : 17064.91 words/s
[2019-07-12 11:53:01] Ep. 16 : Up. 290000 : Sen. 1,508,930 : Cost 51.69048309 : Time 535.51s : 17070.75 words/s
[2019-07-12 12:01:55] Ep. 16 : Up. 292000 : Sen. 1,866,102 : Cost 51.82586670 : Time 534.00s : 17104.81 words/s
[2019-07-12 12:10:48] Ep. 16 : Up. 294000 : Sen. 2,220,959 : Cost 51.97282410 : Time 533.45s : 17040.04 words/s
[2019-07-12 12:19:42] Ep. 16 : Up. 296000 : Sen. 2,576,713 : Cost 52.10377884 : Time 534.09s : 17081.19 words/s
[2019-07-12 12:28:37] Ep. 16 : Up. 298000 : Sen. 2,932,825 : Cost 52.39134216 : Time 535.24s : 17081.66 words/s
[2019-07-12 12:37:32] Ep. 16 : Up. 300000 : Sen. 3,290,121 : Cost 52.15034485 : Time 534.95s : 17093.05 words/s
[2019-07-12 12:37:32] Saving model to ../experiments/100M_fasttext_prob_x_len_+_bic1.1_x_ced_0.5_x_dcce/model/model.npz.orig.npz
[2019-07-12 12:37:42] Saving model to ../experiments/100M_fasttext_prob_x_len_+_bic1.1_x_ced_0.5_x_dcce/model/model.iter300000.npz
[2019-07-12 12:37:49] Saving model to ../experiments/100M_fasttext_prob_x_len_+_bic1.1_x_ced_0.5_x_dcce/model/model.npz
[2019-07-12 12:38:00] Saving Adam parameters to ../experiments/100M_fasttext_prob_x_len_+_bic1.1_x_ced_0.5_x_dcce/model/model.npz.optimizer.npz
[2019-07-12 12:38:28] [valid] Ep. 16 : Up. 300000 : cross-entropy : 45.7661 : new best
[2019-07-12 12:38:34] [valid] Ep. 16 : Up. 300000 : perplexity : 6.10595 : new best
[2019-07-12 12:39:25] [valid] Ep. 16 : Up. 300000 : translation : 31.5 : stalled 5 times (last best: 31.57)
[2019-07-12 12:40:49] Seen 3345301 samples
[2019-07-12 12:40:49] Starting epoch 17
[2019-07-12 12:40:49] [data] Shuffling data
[2019-07-12 12:40:53] [data] Done reading 4214409 sentences
[2019-07-12 12:41:14] [data] Done shuffling 4214409 sentences to temp files
[2019-07-12 12:48:55] Ep. 17 : Up. 302000 : Sen. 301,639 : Cost 51.17292404 : Time 683.00s : 13392.92 words/s
[2019-07-12 12:57:51] Ep. 17 : Up. 304000 : Sen. 659,359 : Cost 51.01384735 : Time 535.29s : 17089.94 words/s
[2019-07-12 13:06:46] Ep. 17 : Up. 306000 : Sen. 1,016,022 : Cost 51.38106155 : Time 535.76s : 17080.16 words/s
[2019-07-12 13:15:41] Ep. 17 : Up. 308000 : Sen. 1,372,886 : Cost 51.61551666 : Time 534.92s : 17068.92 words/s
[2019-07-12 13:24:39] Ep. 17 : Up. 310000 : Sen. 1,729,549 : Cost 51.74266052 : Time 537.76s : 17000.11 words/s
[2019-07-12 13:33:36] Ep. 17 : Up. 312000 : Sen. 2,086,082 : Cost 51.47515488 : Time 536.95s : 16999.94 words/s
[2019-07-12 13:42:33] Ep. 17 : Up. 314000 : Sen. 2,443,012 : Cost 51.78984833 : Time 536.87s : 17027.39 words/s
[2019-07-12 13:51:29] Ep. 17 : Up. 316000 : Sen. 2,798,703 : Cost 51.95833588 : Time 536.08s : 16999.51 words/s
[2019-07-12 14:00:26] Ep. 17 : Up. 318000 : Sen. 3,155,672 : Cost 51.79828644 : Time 537.31s : 17005.23 words/s
[2019-07-12 14:05:12] Seen 3345301 samples
[2019-07-12 14:05:12] Starting epoch 18
[2019-07-12 14:05:12] [data] Shuffling data
[2019-07-12 14:05:16] [data] Done reading 4214409 sentences
[2019-07-12 14:05:36] [data] Done shuffling 4214409 sentences to temp files
[2019-07-12 14:09:56] Ep. 18 : Up. 320000 : Sen. 167,239 : Cost 51.46817780 : Time 569.53s : 16058.22 words/s
[2019-07-12 14:09:56] Saving model to ../experiments/100M_fasttext_prob_x_len_+_bic1.1_x_ced_0.5_x_dcce/model/model.npz.orig.npz
[2019-07-12 14:10:05] Saving model to ../experiments/100M_fasttext_prob_x_len_+_bic1.1_x_ced_0.5_x_dcce/model/model.iter320000.npz
[2019-07-12 14:10:13] Saving model to ../experiments/100M_fasttext_prob_x_len_+_bic1.1_x_ced_0.5_x_dcce/model/model.npz
[2019-07-12 14:10:23] Saving Adam parameters to ../experiments/100M_fasttext_prob_x_len_+_bic1.1_x_ced_0.5_x_dcce/model/model.npz.optimizer.npz
[2019-07-12 14:10:51] [valid] Ep. 18 : Up. 320000 : cross-entropy : 45.7183 : new best
[2019-07-12 14:10:57] [valid] Ep. 18 : Up. 320000 : perplexity : 6.09442 : new best
[2019-07-12 14:11:48] [valid] Ep. 18 : Up. 320000 : translation : 31.6 : new best
[2019-07-12 14:20:45] Ep. 18 : Up. 322000 : Sen. 523,293 : Cost 50.85125351 : Time 649.60s : 14033.32 words/s
[2019-07-12 14:29:42] Ep. 18 : Up. 324000 : Sen. 879,498 : Cost 51.28155518 : Time 536.87s : 17017.20 words/s
[2019-07-12 14:38:38] Ep. 18 : Up. 326000 : Sen. 1,235,200 : Cost 51.13334656 : Time 535.61s : 16989.37 words/s
[2019-07-12 14:47:34] Ep. 18 : Up. 328000 : Sen. 1,591,634 : Cost 51.29104996 : Time 536.61s : 17016.23 words/s
[2019-07-12 14:56:31] Ep. 18 : Up. 330000 : Sen. 1,947,580 : Cost 51.23853683 : Time 536.23s : 16975.52 words/s
[2019-07-12 15:05:26] Ep. 18 : Up. 332000 : Sen. 2,303,166 : Cost 51.69989777 : Time 535.67s : 17046.12 words/s
[2019-07-12 15:14:22] Ep. 18 : Up. 334000 : Sen. 2,659,937 : Cost 51.39891434 : Time 535.20s : 17069.59 words/s
[2019-07-12 15:23:16] Ep. 18 : Up. 336000 : Sen. 3,016,390 : Cost 51.43048477 : Time 534.43s : 17069.04 words/s
[2019-07-12 15:31:30] Seen 3345301 samples
[2019-07-12 15:31:30] Starting epoch 19
[2019-07-12 15:31:30] [data] Shuffling data
[2019-07-12 15:31:33] [data] Done reading 4214409 sentences
[2019-07-12 15:31:54] [data] Done shuffling 4214409 sentences to temp files
[2019-07-12 15:32:43] Ep. 19 : Up. 338000 : Sen. 26,874 : Cost 51.38467789 : Time 566.59s : 16090.70 words/s
[2019-07-12 15:41:38] Ep. 19 : Up. 340000 : Sen. 383,502 : Cost 50.45109940 : Time 535.08s : 17078.80 words/s
[2019-07-12 15:41:38] Saving model to ../experiments/100M_fasttext_prob_x_len_+_bic1.1_x_ced_0.5_x_dcce/model/model.npz.orig.npz
[2019-07-12 15:41:48] Saving model to ../experiments/100M_fasttext_prob_x_len_+_bic1.1_x_ced_0.5_x_dcce/model/model.iter340000.npz
[2019-07-12 15:41:56] Saving model to ../experiments/100M_fasttext_prob_x_len_+_bic1.1_x_ced_0.5_x_dcce/model/model.npz
[2019-07-12 15:42:06] Saving Adam parameters to ../experiments/100M_fasttext_prob_x_len_+_bic1.1_x_ced_0.5_x_dcce/model/model.npz.optimizer.npz
[2019-07-12 15:42:40] [valid] Ep. 19 : Up. 340000 : cross-entropy : 45.7394 : stalled 1 times (last best: 45.7183)
[2019-07-12 15:42:46] [valid] Ep. 19 : Up. 340000 : perplexity : 6.0995 : stalled 1 times (last best: 6.09442)
[2019-07-12 15:43:37] [valid] Ep. 19 : Up. 340000 : translation : 31.75 : new best
[2019-07-12 15:52:35] Ep. 19 : Up. 342000 : Sen. 740,864 : Cost 50.69615173 : Time 657.49s : 13932.43 words/s
[2019-07-12 16:01:29] Ep. 19 : Up. 344000 : Sen. 1,097,119 : Cost 50.96811676 : Time 534.25s : 17071.15 words/s
[2019-07-12 16:10:23] Ep. 19 : Up. 346000 : Sen. 1,453,120 : Cost 50.92318344 : Time 533.44s : 17087.52 words/s
[2019-07-12 16:19:18] Ep. 19 : Up. 348000 : Sen. 1,810,361 : Cost 50.96961594 : Time 534.81s : 17087.76 words/s
[2019-07-12 16:28:12] Ep. 19 : Up. 350000 : Sen. 2,166,793 : Cost 51.32057571 : Time 533.92s : 17107.07 words/s
[2019-07-12 16:37:06] Ep. 19 : Up. 352000 : Sen. 2,523,594 : Cost 51.32830811 : Time 534.58s : 17105.92 words/s
[2019-07-12 16:45:59] Ep. 19 : Up. 354000 : Sen. 2,879,117 : Cost 51.48054504 : Time 532.71s : 17103.93 words/s
[2019-07-12 16:54:53] Ep. 19 : Up. 356000 : Sen. 3,235,738 : Cost 51.06415558 : Time 534.23s : 17086.31 words/s
[2019-07-12 16:57:37] Seen 3345301 samples
[2019-07-12 16:57:37] Starting epoch 20
[2019-07-12 16:57:37] [data] Shuffling data
[2019-07-12 16:57:40] [data] Done reading 4214409 sentences
[2019-07-12 16:57:55] [data] Done shuffling 4214409 sentences to temp files
[2019-07-12 17:04:21] Ep. 20 : Up. 358000 : Sen. 246,947 : Cost 50.36282730 : Time 568.33s : 16056.72 words/s
[2019-07-12 17:13:15] Ep. 20 : Up. 360000 : Sen. 603,350 : Cost 50.31770325 : Time 533.51s : 17112.25 words/s
[2019-07-12 17:13:15] Saving model to ../experiments/100M_fasttext_prob_x_len_+_bic1.1_x_ced_0.5_x_dcce/model/model.npz.orig.npz
[2019-07-12 17:13:25] Saving model to ../experiments/100M_fasttext_prob_x_len_+_bic1.1_x_ced_0.5_x_dcce/model/model.iter360000.npz
[2019-07-12 17:13:32] Saving model to ../experiments/100M_fasttext_prob_x_len_+_bic1.1_x_ced_0.5_x_dcce/model/model.npz
[2019-07-12 17:13:42] Saving Adam parameters to ../experiments/100M_fasttext_prob_x_len_+_bic1.1_x_ced_0.5_x_dcce/model/model.npz.optimizer.npz
[2019-07-12 17:14:10] [valid] Ep. 20 : Up. 360000 : cross-entropy : 45.7566 : stalled 2 times (last best: 45.7183)
[2019-07-12 17:14:17] [valid] Ep. 20 : Up. 360000 : perplexity : 6.10366 : stalled 2 times (last best: 6.09442)
[2019-07-12 17:15:05] Error: Unknown word id: 49994
[2019-07-12 17:15:05] Error: Aborted from virtual const string& marian::DefaultVocab::operator[](marian::Word) const in /fs/bil0/abdel/marian-dev/src/data/default_vocab.cpp:76

[CALL STACK]
[0x70f3a4]          marian::DefaultVocab::operator[][abi:  cxx11]  (unsigned int) const + 0x234
[0x7053da]          marian::DefaultVocab::decode[abi:  cxx11]  (std::vector<unsigned int,std::allocator<unsigned int>> const&,  bool) const + 0xba
[0x701874]          marian::Vocab::decode[abi:  cxx11]  (std::vector<unsigned int,std::allocator<unsigned int>> const&,  bool) const + 0x24
[0x5e16e1]          void marian::OutputPrinter::  print  <std::__cxx11::basic_stringstream<char,std::char_traits<char>,std::allocator<char>>>(std::shared_ptr<marian::History>,  std::__cxx11::basic_stringstream<char,std::char_traits<char>,std::allocator<char>>&,  std::__cxx11::basic_stringstream<char,std::char_traits<char>,std::allocator<char>>&) + 0x5e1
[0x979c3f]          marian::TranslationValidator::validate(std::vector<std::shared_ptr<marian::ExpressionGraph>,std::allocator<std::shared_ptr<marian::ExpressionGraph>>> const&)::{lambda(unsigned long)#1}::  operator()  (unsigned long) const + 0x2cf
[0x97a2d9]          std::future<std::result_of<marian::TranslationValidator::validate(std::vector<std::shared_ptr<marian::ExpressionGraph>,std::allocator<std::shared_ptr<marian::ExpressionGraph>>> const&)::{lambda(unsigned long)#1}& (unsigned long&)>::type> marian::ThreadPool::enqueue<marian::TranslationValidator::validate(std::vector<std::shared_ptr<marian::ExpressionGraph>,std::allocator<std::shared_ptr<marian::ExpressionGraph>>> const&)::{lambda(unsigned long)#1}&,unsigned long&>(std::result_of&&,(marian::TranslationValidator::validate(std::vector<std::shared_ptr<marian::ExpressionGraph>,std::allocator<std::shared_ptr<marian::ExpressionGraph>>> const&)::{lambda(unsigned long)#1}&)...)::{lambda()#1}::  operator()  () const + 0x29
[0x97acdc]          std::_Function_handler<std::unique_ptr<std::__future_base::_Result_base,std::__future_base::_Result_base::_Deleter> (),std::__future_base::_Task_setter<std::unique_ptr<std::__future_base::_Result<void>,std::__future_base::_Result_base::_Deleter>,std::_Bind_simple<std::reference_wrapper<std::future<std::result_of<marian::TranslationValidator::validate(std::vector<std::shared_ptr<marian::ExpressionGraph>,std::allocator<std::shared_ptr<marian::ExpressionGraph>>> const&)::{lambda(unsigned long)#1}& (unsigned long&)>::type> marian::ThreadPool::enqueue<marian::TranslationValidator::validate(std::vector<std::shared_ptr<marian::ExpressionGraph>,std::allocator<std::shared_ptr<marian::ExpressionGraph>>> const&)::{lambda(unsigned long)#1}&,unsigned long&>(std::result_of&&,(marian::TranslationValidator::validate(std::vector<std::shared_ptr<marian::ExpressionGraph>,std::allocator<std::shared_ptr<marian::ExpressionGraph>>> const&)::{lambda(unsigned long)#1}&)...)::{lambda()#1}> ()>,void>>::  _M_invoke [0x5a5f19]          std::__future_base::_State_baseV2::  _M_do_set  (std::function<std::unique_ptr<std::__future_base::_Result_base,std::__future_base::_Result_base::_Deleter> ()>*,  bool*) + 0x29
[0x7f8d008eda99]                                                       + 0xea99
[0x96d04f]          std::__future_base::_Task_state<std::future<std::result_of<marian::TranslationValidator::validate(std::vector<std::shared_ptr<marian::ExpressionGraph>,std::allocator<std::shared_ptr<marian::ExpressionGraph>>> const&)::{lambda(unsigned long)#1}& (unsigned long&)>::type> marian::ThreadPool::enqueue<marian::TranslationValidator::validate(std::vector<std::shared_ptr<marian::ExpressionGraph>,std::allocator<std::shared_ptr<marian::ExpressionGraph>>> const&)::{lambda(unsigned long)#1}&,unsigned long&>(std::result_of&&,(marian::TranslationValidator::validate(std::vector<std::shared_ptr<marian::ExpressionGraph>,std::allocator<std::shared_ptr<marian::ExpressionGraph>>> const&)::{lambda(unsigned long)#1}&)...)::{lambda()#1},std::allocator<int>,void ()>::  _M_run  () + 0xcf
[0x5d00b4]          std::thread::_Impl<std::_Bind_simple<marian::ThreadPool::reserve(unsigned long)::{lambda()#1} ()>>::  _M_run  () + 0x174
[0x7f8d0040dc80]                                                       + 0xb8c80
[0x7f8d008e66ba]                                                       + 0x76ba
[0x7f8cffb7341d]    clone                                              + 0x6d

[2019-07-12 20:24:02] [marian] Marian v1.7.8 ec2d66e 2019-05-27 14:52:11 +0100
[2019-07-12 20:24:02] [marian] Running on fulla as process 442239 with command line:
[2019-07-12 20:24:02] [marian] /fs/bil0/abdel/marian-dev/build/marian --sync-sgd --model ../experiments/100M_fasttext_prob_x_len_+_bic1.1_x_ced_0.5_x_dcce/model/model.npz -T . --devices 4 --train-sets ../experiments/100M_fasttext_prob_x_len_+_bic1.1_x_ced_0.5_x_dcce/data/train.bpe.de ../experiments/100M_fasttext_prob_x_len_+_bic1.1_x_ced_0.5_x_dcce/data/train.bpe.en --vocabs ../experiments/100M_fasttext_prob_x_len_+_bic1.1_x_ced_0.5_x_dcce/data/train.bpe.de.json ../experiments/100M_fasttext_prob_x_len_+_bic1.1_x_ced_0.5_x_dcce/data/train.bpe.en.json --mini-batch-fit -w 6000 --dim-vocabs 50000 50000 --layer-normalization --dropout-rnn 0.2 --dropout-src 0.1 --dropout-trg 0.1 --learn-rate 0.0001 --after-epochs 0 --early-stopping 5 --valid-freq 20000 --save-freq 20000 --disp-freq 2000 --valid-mini-batch 8 --valid-sets ../experiments/100M_fasttext_prob_x_len_+_bic1.1_x_ced_0.5_x_dcce/data/dev.bpe.de ../experiments/100M_fasttext_prob_x_len_+_bic1.1_x_ced_0.5_x_dcce/data/dev.bpe.en --valid-metrics cross-entropy perplexity translation --valid-translation-output ../experiments/100M_fasttext_prob_x_len_+_bic1.1_x_ced_0.5_x_dcce/model/dev.out --valid-script-path ../experiments/100M_fasttext_prob_x_len_+_bic1.1_x_ced_0.5_x_dcce/score-dev.sh --seed 1111 --exponential-smoothing --normalize=1 --beam-size=12 --quiet-translation --log ../experiments/100M_fasttext_prob_x_len_+_bic1.1_x_ced_0.5_x_dcce/model/train.log --valid-log ../experiments/100M_fasttext_prob_x_len_+_bic1.1_x_ced_0.5_x_dcce/model/valid.log
[2019-07-12 20:24:02] [config] after-batches: 0
[2019-07-12 20:24:02] [config] after-epochs: 0
[2019-07-12 20:24:02] [config] allow-unk: false
[2019-07-12 20:24:02] [config] beam-size: 12
[2019-07-12 20:24:02] [config] bert-class-symbol: "[CLS]"
[2019-07-12 20:24:02] [config] bert-mask-symbol: "[MASK]"
[2019-07-12 20:24:02] [config] bert-masking-fraction: 0.15
[2019-07-12 20:24:02] [config] bert-sep-symbol: "[SEP]"
[2019-07-12 20:24:02] [config] bert-train-type-embeddings: true
[2019-07-12 20:24:02] [config] bert-type-vocab-size: 2
[2019-07-12 20:24:02] [config] best-deep: false
[2019-07-12 20:24:02] [config] clip-gemm: 0
[2019-07-12 20:24:02] [config] clip-norm: 1
[2019-07-12 20:24:02] [config] cost-type: ce-mean
[2019-07-12 20:24:02] [config] cpu-threads: 0
[2019-07-12 20:24:02] [config] data-weighting: ""
[2019-07-12 20:24:02] [config] data-weighting-type: sentence
[2019-07-12 20:24:02] [config] dec-cell: gru
[2019-07-12 20:24:02] [config] dec-cell-base-depth: 2
[2019-07-12 20:24:02] [config] dec-cell-high-depth: 1
[2019-07-12 20:24:02] [config] dec-depth: 1
[2019-07-12 20:24:02] [config] devices:
[2019-07-12 20:24:02] [config]   - 4
[2019-07-12 20:24:02] [config] dim-emb: 512
[2019-07-12 20:24:02] [config] dim-rnn: 1024
[2019-07-12 20:24:02] [config] dim-vocabs:
[2019-07-12 20:24:02] [config]   - 50000
[2019-07-12 20:24:02] [config]   - 50000
[2019-07-12 20:24:02] [config] disp-first: 0
[2019-07-12 20:24:02] [config] disp-freq: 2000
[2019-07-12 20:24:02] [config] disp-label-counts: false
[2019-07-12 20:24:02] [config] dropout-rnn: 0.2
[2019-07-12 20:24:02] [config] dropout-src: 0.1
[2019-07-12 20:24:02] [config] dropout-trg: 0.1
[2019-07-12 20:24:02] [config] dump-config: ""
[2019-07-12 20:24:02] [config] early-stopping: 5
[2019-07-12 20:24:02] [config] embedding-fix-src: false
[2019-07-12 20:24:02] [config] embedding-fix-trg: false
[2019-07-12 20:24:02] [config] embedding-normalization: false
[2019-07-12 20:24:02] [config] embedding-vectors:
[2019-07-12 20:24:02] [config]   []
[2019-07-12 20:24:02] [config] enc-cell: gru
[2019-07-12 20:24:02] [config] enc-cell-depth: 1
[2019-07-12 20:24:02] [config] enc-depth: 1
[2019-07-12 20:24:02] [config] enc-type: bidirectional
[2019-07-12 20:24:02] [config] exponential-smoothing: 0.0001
[2019-07-12 20:24:02] [config] grad-dropping-momentum: 0
[2019-07-12 20:24:02] [config] grad-dropping-rate: 0
[2019-07-12 20:24:02] [config] grad-dropping-warmup: 100
[2019-07-12 20:24:02] [config] guided-alignment: none
[2019-07-12 20:24:02] [config] guided-alignment-cost: mse
[2019-07-12 20:24:02] [config] guided-alignment-weight: 0.1
[2019-07-12 20:24:02] [config] ignore-model-config: false
[2019-07-12 20:24:02] [config] input-types:
[2019-07-12 20:24:02] [config]   []
[2019-07-12 20:24:02] [config] interpolate-env-vars: false
[2019-07-12 20:24:02] [config] keep-best: false
[2019-07-12 20:24:02] [config] label-smoothing: 0
[2019-07-12 20:24:02] [config] layer-normalization: true
[2019-07-12 20:24:02] [config] learn-rate: 0.0001
[2019-07-12 20:24:02] [config] log: ../experiments/100M_fasttext_prob_x_len_+_bic1.1_x_ced_0.5_x_dcce/model/train.log
[2019-07-12 20:24:02] [config] log-level: info
[2019-07-12 20:24:02] [config] log-time-zone: ""
[2019-07-12 20:24:02] [config] lr-decay: 0
[2019-07-12 20:24:02] [config] lr-decay-freq: 50000
[2019-07-12 20:24:02] [config] lr-decay-inv-sqrt:
[2019-07-12 20:24:02] [config]   - 0
[2019-07-12 20:24:02] [config] lr-decay-repeat-warmup: false
[2019-07-12 20:24:02] [config] lr-decay-reset-optimizer: false
[2019-07-12 20:24:02] [config] lr-decay-start:
[2019-07-12 20:24:02] [config]   - 10
[2019-07-12 20:24:02] [config]   - 1
[2019-07-12 20:24:02] [config] lr-decay-strategy: epoch+stalled
[2019-07-12 20:24:02] [config] lr-report: false
[2019-07-12 20:24:02] [config] lr-warmup: 0
[2019-07-12 20:24:02] [config] lr-warmup-at-reload: false
[2019-07-12 20:24:02] [config] lr-warmup-cycle: false
[2019-07-12 20:24:02] [config] lr-warmup-start-rate: 0
[2019-07-12 20:24:02] [config] max-length: 50
[2019-07-12 20:24:02] [config] max-length-crop: false
[2019-07-12 20:24:02] [config] max-length-factor: 3
[2019-07-12 20:24:02] [config] maxi-batch: 100
[2019-07-12 20:24:02] [config] maxi-batch-sort: trg
[2019-07-12 20:24:02] [config] mini-batch: 64
[2019-07-12 20:24:02] [config] mini-batch-fit: true
[2019-07-12 20:24:02] [config] mini-batch-fit-step: 10
[2019-07-12 20:24:02] [config] mini-batch-overstuff: 1
[2019-07-12 20:24:02] [config] mini-batch-track-lr: false
[2019-07-12 20:24:02] [config] mini-batch-understuff: 1
[2019-07-12 20:24:02] [config] mini-batch-warmup: 0
[2019-07-12 20:24:02] [config] mini-batch-words: 0
[2019-07-12 20:24:02] [config] mini-batch-words-ref: 0
[2019-07-12 20:24:02] [config] model: ../experiments/100M_fasttext_prob_x_len_+_bic1.1_x_ced_0.5_x_dcce/model/model.npz
[2019-07-12 20:24:02] [config] multi-loss-type: sum
[2019-07-12 20:24:02] [config] multi-node: false
[2019-07-12 20:24:02] [config] multi-node-overlap: true
[2019-07-12 20:24:02] [config] n-best: false
[2019-07-12 20:24:02] [config] no-nccl: false
[2019-07-12 20:24:02] [config] no-reload: false
[2019-07-12 20:24:02] [config] no-restore-corpus: false
[2019-07-12 20:24:02] [config] no-shuffle: false
[2019-07-12 20:24:02] [config] normalize: 1
[2019-07-12 20:24:02] [config] num-devices: 0
[2019-07-12 20:24:02] [config] optimizer: adam
[2019-07-12 20:24:02] [config] optimizer-delay: 1
[2019-07-12 20:24:02] [config] optimizer-params:
[2019-07-12 20:24:02] [config]   []
[2019-07-12 20:24:02] [config] overwrite: false
[2019-07-12 20:24:02] [config] pretrained-model: ""
[2019-07-12 20:24:02] [config] quiet: false
[2019-07-12 20:24:02] [config] quiet-translation: true
[2019-07-12 20:24:02] [config] relative-paths: false
[2019-07-12 20:24:02] [config] right-left: false
[2019-07-12 20:24:02] [config] save-freq: 20000
[2019-07-12 20:24:02] [config] seed: 1111
[2019-07-12 20:24:02] [config] shuffle-in-ram: false
[2019-07-12 20:24:02] [config] skip: false
[2019-07-12 20:24:02] [config] sqlite: ""
[2019-07-12 20:24:02] [config] sqlite-drop: false
[2019-07-12 20:24:02] [config] sync-sgd: true
[2019-07-12 20:24:02] [config] tempdir: .
[2019-07-12 20:24:02] [config] tied-embeddings: false
[2019-07-12 20:24:02] [config] tied-embeddings-all: false
[2019-07-12 20:24:02] [config] tied-embeddings-src: false
[2019-07-12 20:24:02] [config] train-sets:
[2019-07-12 20:24:02] [config]   - ../experiments/100M_fasttext_prob_x_len_+_bic1.1_x_ced_0.5_x_dcce/data/train.bpe.de
[2019-07-12 20:24:02] [config]   - ../experiments/100M_fasttext_prob_x_len_+_bic1.1_x_ced_0.5_x_dcce/data/train.bpe.en
[2019-07-12 20:24:02] [config] transformer-aan-activation: swish
[2019-07-12 20:24:02] [config] transformer-aan-depth: 2
[2019-07-12 20:24:02] [config] transformer-aan-nogate: false
[2019-07-12 20:24:02] [config] transformer-decoder-autoreg: self-attention
[2019-07-12 20:24:02] [config] transformer-dim-aan: 2048
[2019-07-12 20:24:02] [config] transformer-dim-ffn: 2048
[2019-07-12 20:24:02] [config] transformer-dropout: 0
[2019-07-12 20:24:02] [config] transformer-dropout-attention: 0
[2019-07-12 20:24:02] [config] transformer-dropout-ffn: 0
[2019-07-12 20:24:02] [config] transformer-ffn-activation: swish
[2019-07-12 20:24:02] [config] transformer-ffn-depth: 2
[2019-07-12 20:24:02] [config] transformer-guided-alignment-layer: last
[2019-07-12 20:24:02] [config] transformer-heads: 8
[2019-07-12 20:24:02] [config] transformer-no-projection: false
[2019-07-12 20:24:02] [config] transformer-postprocess: dan
[2019-07-12 20:24:02] [config] transformer-postprocess-emb: d
[2019-07-12 20:24:02] [config] transformer-preprocess: ""
[2019-07-12 20:24:02] [config] transformer-tied-layers:
[2019-07-12 20:24:02] [config]   []
[2019-07-12 20:24:02] [config] transformer-train-position-embeddings: false
[2019-07-12 20:24:02] [config] type: amun
[2019-07-12 20:24:02] [config] ulr: false
[2019-07-12 20:24:02] [config] ulr-dim-emb: 0
[2019-07-12 20:24:02] [config] ulr-dropout: 0
[2019-07-12 20:24:02] [config] ulr-keys-vectors: ""
[2019-07-12 20:24:02] [config] ulr-query-vectors: ""
[2019-07-12 20:24:02] [config] ulr-softmax-temperature: 1
[2019-07-12 20:24:02] [config] ulr-trainable-transformation: false
[2019-07-12 20:24:02] [config] valid-freq: 20000
[2019-07-12 20:24:02] [config] valid-log: ../experiments/100M_fasttext_prob_x_len_+_bic1.1_x_ced_0.5_x_dcce/model/valid.log
[2019-07-12 20:24:02] [config] valid-max-length: 1000
[2019-07-12 20:24:02] [config] valid-metrics:
[2019-07-12 20:24:02] [config]   - cross-entropy
[2019-07-12 20:24:02] [config]   - perplexity
[2019-07-12 20:24:02] [config]   - translation
[2019-07-12 20:24:02] [config] valid-mini-batch: 8
[2019-07-12 20:24:02] [config] valid-script-path: ../experiments/100M_fasttext_prob_x_len_+_bic1.1_x_ced_0.5_x_dcce/score-dev.sh
[2019-07-12 20:24:02] [config] valid-sets:
[2019-07-12 20:24:02] [config]   - ../experiments/100M_fasttext_prob_x_len_+_bic1.1_x_ced_0.5_x_dcce/data/dev.bpe.de
[2019-07-12 20:24:02] [config]   - ../experiments/100M_fasttext_prob_x_len_+_bic1.1_x_ced_0.5_x_dcce/data/dev.bpe.en
[2019-07-12 20:24:02] [config] valid-translation-output: ../experiments/100M_fasttext_prob_x_len_+_bic1.1_x_ced_0.5_x_dcce/model/dev.out
[2019-07-12 20:24:02] [config] version: v1.7.8 ec2d66e 2019-05-27 14:52:11 +0100
[2019-07-12 20:24:02] [config] vocabs:
[2019-07-12 20:24:02] [config]   - ../experiments/100M_fasttext_prob_x_len_+_bic1.1_x_ced_0.5_x_dcce/data/train.bpe.de.json
[2019-07-12 20:24:02] [config]   - ../experiments/100M_fasttext_prob_x_len_+_bic1.1_x_ced_0.5_x_dcce/data/train.bpe.en.json
[2019-07-12 20:24:02] [config] word-penalty: 0
[2019-07-12 20:24:02] [config] workspace: 6000
[2019-07-12 20:24:02] [config] Loaded model has been created with Marian v1.7.8 ec2d66e 2019-05-27 14:52:11 +0100
[2019-07-12 20:24:02] Using synchronous training
[2019-07-12 20:24:02] [data] Loading vocabulary from JSON/Yaml file ../experiments/100M_fasttext_prob_x_len_+_bic1.1_x_ced_0.5_x_dcce/data/train.bpe.de.json
[2019-07-12 20:24:02] [data] Using unused word id eos for 0
[2019-07-12 20:24:02] [data] Using unused word id UNK for 1
[2019-07-12 20:24:02] [data] Setting vocabulary size for input 0 to 50000
[2019-07-12 20:24:02] [data] Loading vocabulary from JSON/Yaml file ../experiments/100M_fasttext_prob_x_len_+_bic1.1_x_ced_0.5_x_dcce/data/train.bpe.en.json
[2019-07-12 20:24:03] [data] Using unused word id eos for 0
[2019-07-12 20:24:03] [data] Using unused word id UNK for 1
[2019-07-12 20:24:03] [data] Setting vocabulary size for input 1 to 50000
[2019-07-12 20:24:03] Compiled without MPI support. Falling back to FakeMPIWrapper
[2019-07-12 20:24:03] [batching] Collecting statistics for batch fitting with step size 10
[2019-07-12 20:24:04] [memory] Extending reserved space to 6016 MB (device gpu4)
[2019-07-12 20:24:04] [comm] Using NCCL 2.4.2 for GPU communication
[2019-07-12 20:24:04] [comm] NCCLCommunicator constructed successfully.
[2019-07-12 20:24:04] [training] Using 1 GPUs
[2019-07-12 20:24:04] [memory] Reserving 422 MB, device gpu4
[2019-07-12 20:24:04] [gpu] 16-bit TensorCores enabled for float32 matrix operations
[2019-07-12 20:24:04] [memory] Reserving 422 MB, device gpu4
[2019-07-12 20:24:10] [batching] Done. Typical MB size is 8096 target words
[2019-07-12 20:24:10] [memory] Extending reserved space to 6016 MB (device gpu4)
[2019-07-12 20:24:10] [comm] Using NCCL 2.4.2 for GPU communication
[2019-07-12 20:24:10] [comm] NCCLCommunicator constructed successfully.
[2019-07-12 20:24:10] [training] Using 1 GPUs
[2019-07-12 20:24:10] Loading model from ../experiments/100M_fasttext_prob_x_len_+_bic1.1_x_ced_0.5_x_dcce/model/model.npz.orig.npz
[2019-07-12 20:24:18] Loading Adam parameters from ../experiments/100M_fasttext_prob_x_len_+_bic1.1_x_ced_0.5_x_dcce/model/model.npz.optimizer.npz
[2019-07-12 20:24:29] [memory] Reserving 844 MB, device gpu4
[2019-07-12 20:24:31] [training] Model reloaded from ../experiments/100M_fasttext_prob_x_len_+_bic1.1_x_ced_0.5_x_dcce/model/model.npz
[2019-07-12 20:24:31] [data] Restoring the corpus state to epoch 20, batch 360000
[2019-07-12 20:24:31] [data] Shuffling data
[2019-07-12 20:24:34] [data] Done reading 4214409 sentences
[2019-07-12 20:24:52] [data] Done shuffling 4214409 sentences to temp files
[2019-07-12 20:25:26] Training started
[2019-07-12 20:25:26] [training] Batches are processed as 1 process(es) x 1 devices/process
[2019-07-12 20:25:26] [memory] Reserving 422 MB, device gpu4
[2019-07-12 20:25:26] [memory] Reserving 422 MB, device gpu4
[2019-07-12 20:25:26] Loading model from ../experiments/100M_fasttext_prob_x_len_+_bic1.1_x_ced_0.5_x_dcce/model/model.npz
[2019-07-12 20:25:33] [memory] Reserving 422 MB, device cpu0
[2019-07-12 20:25:34] [memory] Reserving 422 MB, device gpu4
[2019-07-12 20:34:27] Ep. 20 : Up. 362000 : Sen. 959,841 : Cost 50.99132919 : Time 624.50s : 14598.71 words/s
[2019-07-12 20:43:21] Ep. 20 : Up. 364000 : Sen. 1,315,848 : Cost 50.81778336 : Time 533.60s : 17097.47 words/s
[2019-07-12 20:52:15] Ep. 20 : Up. 366000 : Sen. 1,671,782 : Cost 50.84685516 : Time 534.02s : 17118.14 words/s
[2019-07-12 21:01:09] Ep. 20 : Up. 368000 : Sen. 2,028,482 : Cost 50.86616135 : Time 533.99s : 17065.83 words/s
[2019-07-12 21:10:05] Ep. 20 : Up. 370000 : Sen. 2,385,427 : Cost 51.02591324 : Time 536.03s : 17055.27 words/s
[2019-07-12 21:18:59] Ep. 20 : Up. 372000 : Sen. 2,741,313 : Cost 51.23995972 : Time 534.00s : 17094.20 words/s
[2019-07-12 21:27:53] Ep. 20 : Up. 374000 : Sen. 3,098,245 : Cost 51.13299942 : Time 534.45s : 17110.60 words/s
[2019-07-12 21:34:05] Seen 3345301 samples
[2019-07-12 21:34:05] Starting epoch 21
[2019-07-12 21:34:05] [data] Shuffling data
[2019-07-12 21:34:08] [data] Done reading 4214409 sentences
[2019-07-12 21:34:24] [data] Done shuffling 4214409 sentences to temp files
[2019-07-12 21:37:25] Ep. 21 : Up. 376000 : Sen. 109,743 : Cost 50.69509125 : Time 571.88s : 15980.72 words/s
[2019-07-12 21:46:22] Ep. 21 : Up. 378000 : Sen. 466,882 : Cost 50.40375137 : Time 537.04s : 17038.25 words/s
[2019-07-12 21:55:19] Ep. 21 : Up. 380000 : Sen. 823,846 : Cost 50.04645920 : Time 536.53s : 17001.78 words/s
[2019-07-12 21:55:19] Saving model to ../experiments/100M_fasttext_prob_x_len_+_bic1.1_x_ced_0.5_x_dcce/model/model.npz.orig.npz
[2019-07-12 21:55:29] Saving model to ../experiments/100M_fasttext_prob_x_len_+_bic1.1_x_ced_0.5_x_dcce/model/model.iter380000.npz
[2019-07-12 21:55:37] Saving model to ../experiments/100M_fasttext_prob_x_len_+_bic1.1_x_ced_0.5_x_dcce/model/model.npz
[2019-07-12 21:55:47] Saving Adam parameters to ../experiments/100M_fasttext_prob_x_len_+_bic1.1_x_ced_0.5_x_dcce/model/model.npz.optimizer.npz
[2019-07-12 21:56:15] [valid] Ep. 21 : Up. 380000 : cross-entropy : 45.7956 : stalled 2 times (last best: 45.7183)
[2019-07-12 21:56:21] [valid] Ep. 21 : Up. 380000 : perplexity : 6.11307 : stalled 2 times (last best: 6.09442)
[2019-07-12 21:57:13] [valid] Ep. 21 : Up. 380000 : translation : 31.71 : stalled 1 times (last best: 31.75)
[2019-07-12 22:06:09] Ep. 21 : Up. 382000 : Sen. 1,179,851 : Cost 50.52921677 : Time 650.72s : 14041.56 words/s
[2019-07-12 22:15:07] Ep. 21 : Up. 384000 : Sen. 1,536,856 : Cost 50.40965271 : Time 537.15s : 17030.63 words/s
[2019-07-12 22:24:01] Ep. 21 : Up. 386000 : Sen. 1,893,040 : Cost 50.67635727 : Time 534.91s : 17045.21 words/s
[2019-07-12 22:32:58] Ep. 21 : Up. 388000 : Sen. 2,249,873 : Cost 50.78825760 : Time 536.39s : 17046.16 words/s
[2019-07-12 22:41:53] Ep. 21 : Up. 390000 : Sen. 2,605,276 : Cost 50.74655533 : Time 534.70s : 17034.05 words/s
[2019-07-12 22:50:47] Ep. 21 : Up. 392000 : Sen. 2,960,914 : Cost 50.84022141 : Time 534.59s : 17045.51 words/s
[2019-07-12 22:59:42] Ep. 21 : Up. 394000 : Sen. 3,317,465 : Cost 50.99008560 : Time 535.18s : 17045.33 words/s
[2019-07-12 23:00:24] Seen 3345301 samples
[2019-07-12 23:00:24] Starting epoch 22
[2019-07-12 23:00:24] [data] Shuffling data
[2019-07-12 23:00:28] [data] Done reading 4214409 sentences
[2019-07-12 23:00:50] [data] Done shuffling 4214409 sentences to temp files
[2019-07-12 23:09:11] Ep. 22 : Up. 396000 : Sen. 328,226 : Cost 49.79883957 : Time 568.52s : 16051.36 words/s
[2019-07-12 23:18:05] Ep. 22 : Up. 398000 : Sen. 685,277 : Cost 50.03224564 : Time 534.26s : 17100.73 words/s
[2019-07-12 23:27:00] Ep. 22 : Up. 400000 : Sen. 1,040,622 : Cost 50.09026337 : Time 534.45s : 17036.18 words/s
[2019-07-12 23:27:00] Saving model to ../experiments/100M_fasttext_prob_x_len_+_bic1.1_x_ced_0.5_x_dcce/model/model.npz.orig.npz
[2019-07-12 23:27:10] Saving model to ../experiments/100M_fasttext_prob_x_len_+_bic1.1_x_ced_0.5_x_dcce/model/model.iter400000.npz
[2019-07-12 23:27:17] Saving model to ../experiments/100M_fasttext_prob_x_len_+_bic1.1_x_ced_0.5_x_dcce/model/model.npz
[2019-07-12 23:27:28] Saving Adam parameters to ../experiments/100M_fasttext_prob_x_len_+_bic1.1_x_ced_0.5_x_dcce/model/model.npz.optimizer.npz
[2019-07-12 23:27:56] [valid] Ep. 22 : Up. 400000 : cross-entropy : 45.8143 : stalled 3 times (last best: 45.7183)
[2019-07-12 23:28:03] [valid] Ep. 22 : Up. 400000 : perplexity : 6.1176 : stalled 3 times (last best: 6.09442)
[2019-07-12 23:28:55] [valid] Ep. 22 : Up. 400000 : translation : 31.67 : stalled 2 times (last best: 31.75)
[2019-07-12 23:37:53] Ep. 22 : Up. 402000 : Sen. 1,396,953 : Cost 50.27879715 : Time 653.12s : 13975.74 words/s
[2019-07-12 23:46:48] Ep. 22 : Up. 404000 : Sen. 1,753,600 : Cost 50.38175964 : Time 534.84s : 17083.61 words/s
[2019-07-12 23:55:44] Ep. 22 : Up. 406000 : Sen. 2,109,955 : Cost 50.52555084 : Time 536.47s : 17018.90 words/s
[2019-07-13 00:04:40] Ep. 22 : Up. 408000 : Sen. 2,467,179 : Cost 50.27991867 : Time 535.52s : 17067.29 words/s
[2019-07-13 00:13:36] Ep. 22 : Up. 410000 : Sen. 2,824,369 : Cost 50.60161209 : Time 536.21s : 17088.23 words/s
[2019-07-13 00:22:30] Ep. 22 : Up. 412000 : Sen. 3,181,272 : Cost 50.64197922 : Time 534.69s : 17081.38 words/s
[2019-07-13 00:26:36] Seen 3345301 samples
[2019-07-13 00:26:36] Starting epoch 23
[2019-07-13 00:26:36] [data] Shuffling data
[2019-07-13 00:26:40] [data] Done reading 4214409 sentences
[2019-07-13 00:27:04] [data] Done shuffling 4214409 sentences to temp files
[2019-07-13 00:32:03] Ep. 23 : Up. 414000 : Sen. 192,839 : Cost 50.19969940 : Time 572.62s : 15975.95 words/s
[2019-07-13 00:40:59] Ep. 23 : Up. 416000 : Sen. 548,698 : Cost 49.49499130 : Time 535.55s : 17006.35 words/s
[2019-07-13 00:49:53] Ep. 23 : Up. 418000 : Sen. 904,037 : Cost 49.73594666 : Time 534.54s : 17017.09 words/s
[2019-07-13 00:58:47] Ep. 23 : Up. 420000 : Sen. 1,259,692 : Cost 50.02970123 : Time 533.93s : 17041.31 words/s
[2019-07-13 00:58:47] Saving model to ../experiments/100M_fasttext_prob_x_len_+_bic1.1_x_ced_0.5_x_dcce/model/model.npz.orig.npz
[2019-07-13 00:58:57] Saving model to ../experiments/100M_fasttext_prob_x_len_+_bic1.1_x_ced_0.5_x_dcce/model/model.iter420000.npz
[2019-07-13 00:59:05] Saving model to ../experiments/100M_fasttext_prob_x_len_+_bic1.1_x_ced_0.5_x_dcce/model/model.npz
[2019-07-13 00:59:15] Saving Adam parameters to ../experiments/100M_fasttext_prob_x_len_+_bic1.1_x_ced_0.5_x_dcce/model/model.npz.optimizer.npz
[2019-07-13 00:59:45] [valid] Ep. 23 : Up. 420000 : cross-entropy : 45.8714 : stalled 4 times (last best: 45.7183)
[2019-07-13 00:59:51] [valid] Ep. 23 : Up. 420000 : perplexity : 6.13143 : stalled 4 times (last best: 6.09442)
[2019-07-13 01:00:43] [valid] Ep. 23 : Up. 420000 : translation : 31.52 : stalled 3 times (last best: 31.75)
[2019-07-13 01:09:40] Ep. 23 : Up. 422000 : Sen. 1,616,222 : Cost 50.16748810 : Time 652.99s : 13982.71 words/s
[2019-07-13 01:18:35] Ep. 23 : Up. 424000 : Sen. 1,973,326 : Cost 50.36931610 : Time 535.21s : 17114.45 words/s
[2019-07-13 01:27:32] Ep. 23 : Up. 426000 : Sen. 2,331,096 : Cost 50.34176636 : Time 536.95s : 17068.23 words/s
[2019-07-13 01:36:26] Ep. 23 : Up. 428000 : Sen. 2,687,547 : Cost 50.39606476 : Time 533.98s : 17092.46 words/s
[2019-07-13 01:45:21] Ep. 23 : Up. 430000 : Sen. 3,043,983 : Cost 50.43233109 : Time 535.03s : 17070.24 words/s
[2019-07-13 01:52:53] Seen 3345301 samples
[2019-07-13 01:52:53] Starting epoch 24
[2019-07-13 01:52:53] [data] Shuffling data
[2019-07-13 01:52:57] [data] Done reading 4214409 sentences
[2019-07-13 01:53:14] [data] Done shuffling 4214409 sentences to temp files
[2019-07-13 01:54:59] Ep. 24 : Up. 432000 : Sen. 56,039 : Cost 50.46106720 : Time 577.27s : 15884.54 words/s
[2019-07-13 02:03:52] Ep. 24 : Up. 434000 : Sen. 412,972 : Cost 49.43164062 : Time 533.70s : 17093.12 words/s
[2019-07-13 02:12:46] Ep. 24 : Up. 436000 : Sen. 768,318 : Cost 49.69495773 : Time 534.22s : 17067.47 words/s
[2019-07-13 02:21:43] Ep. 24 : Up. 438000 : Sen. 1,124,662 : Cost 49.83679199 : Time 536.41s : 17058.36 words/s
[2019-07-13 02:30:37] Ep. 24 : Up. 440000 : Sen. 1,480,544 : Cost 49.74301529 : Time 533.99s : 17059.72 words/s
[2019-07-13 02:30:37] Saving model to ../experiments/100M_fasttext_prob_x_len_+_bic1.1_x_ced_0.5_x_dcce/model/model.npz.orig.npz
[2019-07-13 02:30:47] Saving model to ../experiments/100M_fasttext_prob_x_len_+_bic1.1_x_ced_0.5_x_dcce/model/model.iter440000.npz
[2019-07-13 02:30:55] Saving model to ../experiments/100M_fasttext_prob_x_len_+_bic1.1_x_ced_0.5_x_dcce/model/model.npz
[2019-07-13 02:31:06] Saving Adam parameters to ../experiments/100M_fasttext_prob_x_len_+_bic1.1_x_ced_0.5_x_dcce/model/model.npz.optimizer.npz
[2019-07-13 02:31:35] [valid] Ep. 24 : Up. 440000 : cross-entropy : 45.8873 : stalled 5 times (last best: 45.7183)
[2019-07-13 02:31:41] [valid] Ep. 24 : Up. 440000 : perplexity : 6.13528 : stalled 5 times (last best: 6.09442)
[2019-07-13 02:32:33] [valid] Ep. 24 : Up. 440000 : translation : 31.63 : stalled 4 times (last best: 31.75)
[2019-07-13 02:32:35] Training finished
[2019-07-13 02:32:40] Saving model to ../experiments/100M_fasttext_prob_x_len_+_bic1.1_x_ced_0.5_x_dcce/model/model.npz.orig.npz
[2019-07-13 02:32:51] Saving model to ../experiments/100M_fasttext_prob_x_len_+_bic1.1_x_ced_0.5_x_dcce/model/model.npz
[2019-07-13 02:33:02] Saving Adam parameters to ../experiments/100M_fasttext_prob_x_len_+_bic1.1_x_ced_0.5_x_dcce/model/model.npz.optimizer.npz
