[2019-07-31 11:02:04] [marian] Marian v1.7.8 ec2d66e 2019-05-27 14:52:11 +0100
[2019-07-31 11:02:04] [marian] Running on bil as process 156522 with command line:
[2019-07-31 11:02:04] [marian] /fs/bil0/abdel/marian-dev/build/marian --sync-sgd --model ../experiments/100M_bicleaner_dom_0.50_dcce_biced_hdiff/model/model.npz -T . --devices 4 --train-sets ../experiments/100M_bicleaner_dom_0.50_dcce_biced_hdiff/data/train.bpe.de ../experiments/100M_bicleaner_dom_0.50_dcce_biced_hdiff/data/train.bpe.en --vocabs ../experiments/100M_bicleaner_dom_0.50_dcce_biced_hdiff/data/train.bpe.de.json ../experiments/100M_bicleaner_dom_0.50_dcce_biced_hdiff/data/train.bpe.en.json --mini-batch-fit -w 5000 --dim-vocabs 50000 50000 --layer-normalization --dropout-rnn 0.2 --dropout-src 0.1 --dropout-trg 0.1 --learn-rate 0.0001 --after-epochs 0 --early-stopping 5 --valid-freq 20000 --save-freq 20000 --disp-freq 2000 --valid-mini-batch 8 --valid-sets ../experiments/100M_bicleaner_dom_0.50_dcce_biced_hdiff/data/dev.bpe.de ../experiments/100M_bicleaner_dom_0.50_dcce_biced_hdiff/data/dev.bpe.en --valid-metrics cross-entropy perplexity translation --valid-translation-output ../experiments/100M_bicleaner_dom_0.50_dcce_biced_hdiff/model/dev.out --valid-script-path ../experiments/100M_bicleaner_dom_0.50_dcce_biced_hdiff/score-dev.sh --seed 1111 --exponential-smoothing --normalize=1 --beam-size=12 --quiet-translation --log ../experiments/100M_bicleaner_dom_0.50_dcce_biced_hdiff/model/train.log --valid-log ../experiments/100M_bicleaner_dom_0.50_dcce_biced_hdiff/model/valid.log
[2019-07-31 11:02:04] [config] after-batches: 0
[2019-07-31 11:02:04] [config] after-epochs: 0
[2019-07-31 11:02:04] [config] allow-unk: false
[2019-07-31 11:02:04] [config] beam-size: 12
[2019-07-31 11:02:04] [config] bert-class-symbol: "[CLS]"
[2019-07-31 11:02:04] [config] bert-mask-symbol: "[MASK]"
[2019-07-31 11:02:04] [config] bert-masking-fraction: 0.15
[2019-07-31 11:02:04] [config] bert-sep-symbol: "[SEP]"
[2019-07-31 11:02:04] [config] bert-train-type-embeddings: true
[2019-07-31 11:02:04] [config] bert-type-vocab-size: 2
[2019-07-31 11:02:04] [config] best-deep: false
[2019-07-31 11:02:04] [config] clip-gemm: 0
[2019-07-31 11:02:04] [config] clip-norm: 1
[2019-07-31 11:02:04] [config] cost-type: ce-mean
[2019-07-31 11:02:04] [config] cpu-threads: 0
[2019-07-31 11:02:04] [config] data-weighting: ""
[2019-07-31 11:02:04] [config] data-weighting-type: sentence
[2019-07-31 11:02:04] [config] dec-cell: gru
[2019-07-31 11:02:04] [config] dec-cell-base-depth: 2
[2019-07-31 11:02:04] [config] dec-cell-high-depth: 1
[2019-07-31 11:02:04] [config] dec-depth: 1
[2019-07-31 11:02:04] [config] devices:
[2019-07-31 11:02:04] [config]   - 4
[2019-07-31 11:02:04] [config] dim-emb: 512
[2019-07-31 11:02:04] [config] dim-rnn: 1024
[2019-07-31 11:02:04] [config] dim-vocabs:
[2019-07-31 11:02:04] [config]   - 50000
[2019-07-31 11:02:04] [config]   - 50000
[2019-07-31 11:02:04] [config] disp-first: 0
[2019-07-31 11:02:04] [config] disp-freq: 2000
[2019-07-31 11:02:04] [config] disp-label-counts: false
[2019-07-31 11:02:04] [config] dropout-rnn: 0.2
[2019-07-31 11:02:04] [config] dropout-src: 0.1
[2019-07-31 11:02:04] [config] dropout-trg: 0.1
[2019-07-31 11:02:04] [config] dump-config: ""
[2019-07-31 11:02:04] [config] early-stopping: 5
[2019-07-31 11:02:04] [config] embedding-fix-src: false
[2019-07-31 11:02:04] [config] embedding-fix-trg: false
[2019-07-31 11:02:04] [config] embedding-normalization: false
[2019-07-31 11:02:04] [config] embedding-vectors:
[2019-07-31 11:02:04] [config]   []
[2019-07-31 11:02:04] [config] enc-cell: gru
[2019-07-31 11:02:04] [config] enc-cell-depth: 1
[2019-07-31 11:02:04] [config] enc-depth: 1
[2019-07-31 11:02:04] [config] enc-type: bidirectional
[2019-07-31 11:02:04] [config] exponential-smoothing: 0.0001
[2019-07-31 11:02:04] [config] grad-dropping-momentum: 0
[2019-07-31 11:02:04] [config] grad-dropping-rate: 0
[2019-07-31 11:02:04] [config] grad-dropping-warmup: 100
[2019-07-31 11:02:04] [config] guided-alignment: none
[2019-07-31 11:02:04] [config] guided-alignment-cost: mse
[2019-07-31 11:02:04] [config] guided-alignment-weight: 0.1
[2019-07-31 11:02:04] [config] ignore-model-config: false
[2019-07-31 11:02:04] [config] input-types:
[2019-07-31 11:02:04] [config]   []
[2019-07-31 11:02:04] [config] interpolate-env-vars: false
[2019-07-31 11:02:04] [config] keep-best: false
[2019-07-31 11:02:04] [config] label-smoothing: 0
[2019-07-31 11:02:04] [config] layer-normalization: true
[2019-07-31 11:02:04] [config] learn-rate: 0.0001
[2019-07-31 11:02:04] [config] log: ../experiments/100M_bicleaner_dom_0.50_dcce_biced_hdiff/model/train.log
[2019-07-31 11:02:04] [config] log-level: info
[2019-07-31 11:02:04] [config] log-time-zone: ""
[2019-07-31 11:02:04] [config] lr-decay: 0
[2019-07-31 11:02:04] [config] lr-decay-freq: 50000
[2019-07-31 11:02:04] [config] lr-decay-inv-sqrt:
[2019-07-31 11:02:04] [config]   - 0
[2019-07-31 11:02:04] [config] lr-decay-repeat-warmup: false
[2019-07-31 11:02:04] [config] lr-decay-reset-optimizer: false
[2019-07-31 11:02:04] [config] lr-decay-start:
[2019-07-31 11:02:04] [config]   - 10
[2019-07-31 11:02:04] [config]   - 1
[2019-07-31 11:02:04] [config] lr-decay-strategy: epoch+stalled
[2019-07-31 11:02:04] [config] lr-report: false
[2019-07-31 11:02:04] [config] lr-warmup: 0
[2019-07-31 11:02:04] [config] lr-warmup-at-reload: false
[2019-07-31 11:02:04] [config] lr-warmup-cycle: false
[2019-07-31 11:02:04] [config] lr-warmup-start-rate: 0
[2019-07-31 11:02:04] [config] max-length: 50
[2019-07-31 11:02:04] [config] max-length-crop: false
[2019-07-31 11:02:04] [config] max-length-factor: 3
[2019-07-31 11:02:04] [config] maxi-batch: 100
[2019-07-31 11:02:04] [config] maxi-batch-sort: trg
[2019-07-31 11:02:04] [config] mini-batch: 64
[2019-07-31 11:02:04] [config] mini-batch-fit: true
[2019-07-31 11:02:04] [config] mini-batch-fit-step: 10
[2019-07-31 11:02:04] [config] mini-batch-overstuff: 1
[2019-07-31 11:02:04] [config] mini-batch-track-lr: false
[2019-07-31 11:02:04] [config] mini-batch-understuff: 1
[2019-07-31 11:02:04] [config] mini-batch-warmup: 0
[2019-07-31 11:02:04] [config] mini-batch-words: 0
[2019-07-31 11:02:04] [config] mini-batch-words-ref: 0
[2019-07-31 11:02:04] [config] model: ../experiments/100M_bicleaner_dom_0.50_dcce_biced_hdiff/model/model.npz
[2019-07-31 11:02:04] [config] multi-loss-type: sum
[2019-07-31 11:02:04] [config] multi-node: false
[2019-07-31 11:02:04] [config] multi-node-overlap: true
[2019-07-31 11:02:04] [config] n-best: false
[2019-07-31 11:02:04] [config] no-nccl: false
[2019-07-31 11:02:04] [config] no-reload: false
[2019-07-31 11:02:04] [config] no-restore-corpus: false
[2019-07-31 11:02:04] [config] no-shuffle: false
[2019-07-31 11:02:04] [config] normalize: 1
[2019-07-31 11:02:04] [config] num-devices: 0
[2019-07-31 11:02:04] [config] optimizer: adam
[2019-07-31 11:02:04] [config] optimizer-delay: 1
[2019-07-31 11:02:04] [config] optimizer-params:
[2019-07-31 11:02:04] [config]   []
[2019-07-31 11:02:04] [config] overwrite: false
[2019-07-31 11:02:04] [config] pretrained-model: ""
[2019-07-31 11:02:04] [config] quiet: false
[2019-07-31 11:02:04] [config] quiet-translation: true
[2019-07-31 11:02:04] [config] relative-paths: false
[2019-07-31 11:02:04] [config] right-left: false
[2019-07-31 11:02:04] [config] save-freq: 20000
[2019-07-31 11:02:04] [config] seed: 1111
[2019-07-31 11:02:04] [config] shuffle-in-ram: false
[2019-07-31 11:02:04] [config] skip: false
[2019-07-31 11:02:04] [config] sqlite: ""
[2019-07-31 11:02:04] [config] sqlite-drop: false
[2019-07-31 11:02:04] [config] sync-sgd: true
[2019-07-31 11:02:04] [config] tempdir: .
[2019-07-31 11:02:04] [config] tied-embeddings: false
[2019-07-31 11:02:04] [config] tied-embeddings-all: false
[2019-07-31 11:02:04] [config] tied-embeddings-src: false
[2019-07-31 11:02:04] [config] train-sets:
[2019-07-31 11:02:04] [config]   - ../experiments/100M_bicleaner_dom_0.50_dcce_biced_hdiff/data/train.bpe.de
[2019-07-31 11:02:04] [config]   - ../experiments/100M_bicleaner_dom_0.50_dcce_biced_hdiff/data/train.bpe.en
[2019-07-31 11:02:04] [config] transformer-aan-activation: swish
[2019-07-31 11:02:04] [config] transformer-aan-depth: 2
[2019-07-31 11:02:04] [config] transformer-aan-nogate: false
[2019-07-31 11:02:04] [config] transformer-decoder-autoreg: self-attention
[2019-07-31 11:02:04] [config] transformer-dim-aan: 2048
[2019-07-31 11:02:04] [config] transformer-dim-ffn: 2048
[2019-07-31 11:02:04] [config] transformer-dropout: 0
[2019-07-31 11:02:04] [config] transformer-dropout-attention: 0
[2019-07-31 11:02:04] [config] transformer-dropout-ffn: 0
[2019-07-31 11:02:04] [config] transformer-ffn-activation: swish
[2019-07-31 11:02:04] [config] transformer-ffn-depth: 2
[2019-07-31 11:02:04] [config] transformer-guided-alignment-layer: last
[2019-07-31 11:02:04] [config] transformer-heads: 8
[2019-07-31 11:02:04] [config] transformer-no-projection: false
[2019-07-31 11:02:04] [config] transformer-postprocess: dan
[2019-07-31 11:02:04] [config] transformer-postprocess-emb: d
[2019-07-31 11:02:04] [config] transformer-preprocess: ""
[2019-07-31 11:02:04] [config] transformer-tied-layers:
[2019-07-31 11:02:04] [config]   []
[2019-07-31 11:02:04] [config] transformer-train-position-embeddings: false
[2019-07-31 11:02:04] [config] type: amun
[2019-07-31 11:02:04] [config] ulr: false
[2019-07-31 11:02:04] [config] ulr-dim-emb: 0
[2019-07-31 11:02:04] [config] ulr-dropout: 0
[2019-07-31 11:02:04] [config] ulr-keys-vectors: ""
[2019-07-31 11:02:04] [config] ulr-query-vectors: ""
[2019-07-31 11:02:04] [config] ulr-softmax-temperature: 1
[2019-07-31 11:02:04] [config] ulr-trainable-transformation: false
[2019-07-31 11:02:04] [config] valid-freq: 20000
[2019-07-31 11:02:04] [config] valid-log: ../experiments/100M_bicleaner_dom_0.50_dcce_biced_hdiff/model/valid.log
[2019-07-31 11:02:04] [config] valid-max-length: 1000
[2019-07-31 11:02:04] [config] valid-metrics:
[2019-07-31 11:02:04] [config]   - cross-entropy
[2019-07-31 11:02:04] [config]   - perplexity
[2019-07-31 11:02:04] [config]   - translation
[2019-07-31 11:02:04] [config] valid-mini-batch: 8
[2019-07-31 11:02:04] [config] valid-script-path: ../experiments/100M_bicleaner_dom_0.50_dcce_biced_hdiff/score-dev.sh
[2019-07-31 11:02:04] [config] valid-sets:
[2019-07-31 11:02:04] [config]   - ../experiments/100M_bicleaner_dom_0.50_dcce_biced_hdiff/data/dev.bpe.de
[2019-07-31 11:02:04] [config]   - ../experiments/100M_bicleaner_dom_0.50_dcce_biced_hdiff/data/dev.bpe.en
[2019-07-31 11:02:04] [config] valid-translation-output: ../experiments/100M_bicleaner_dom_0.50_dcce_biced_hdiff/model/dev.out
[2019-07-31 11:02:04] [config] vocabs:
[2019-07-31 11:02:04] [config]   - ../experiments/100M_bicleaner_dom_0.50_dcce_biced_hdiff/data/train.bpe.de.json
[2019-07-31 11:02:04] [config]   - ../experiments/100M_bicleaner_dom_0.50_dcce_biced_hdiff/data/train.bpe.en.json
[2019-07-31 11:02:04] [config] word-penalty: 0
[2019-07-31 11:02:04] [config] workspace: 5000
[2019-07-31 11:02:04] [config] Model is being created with Marian v1.7.8 ec2d66e 2019-05-27 14:52:11 +0100
[2019-07-31 11:02:04] Using synchronous training
[2019-07-31 11:02:04] [data] Loading vocabulary from JSON/Yaml file ../experiments/100M_bicleaner_dom_0.50_dcce_biced_hdiff/data/train.bpe.de.json
[2019-07-31 11:02:05] [data] Using unused word id eos for 0
[2019-07-31 11:02:05] [data] Using unused word id UNK for 1
[2019-07-31 11:02:05] [data] Setting vocabulary size for input 0 to 50000
[2019-07-31 11:02:05] [data] Loading vocabulary from JSON/Yaml file ../experiments/100M_bicleaner_dom_0.50_dcce_biced_hdiff/data/train.bpe.en.json
[2019-07-31 11:02:05] [data] Using unused word id eos for 0
[2019-07-31 11:02:05] [data] Using unused word id UNK for 1
[2019-07-31 11:02:05] [data] Setting vocabulary size for input 1 to 50000
[2019-07-31 11:02:05] Compiled without MPI support. Falling back to FakeMPIWrapper
[2019-07-31 11:02:05] [batching] Collecting statistics for batch fitting with step size 10
[2019-07-31 11:02:06] [memory] Extending reserved space to 5120 MB (device gpu4)
[2019-07-31 11:02:07] [comm] Using NCCL 2.4.2 for GPU communication
[2019-07-31 11:02:07] [comm] NCCLCommunicator constructed successfully.
[2019-07-31 11:02:07] [training] Using 1 GPUs
[2019-07-31 11:02:07] [memory] Reserving 422 MB, device gpu4
[2019-07-31 11:02:07] [gpu] 16-bit TensorCores enabled for float32 matrix operations
[2019-07-31 11:02:07] [memory] Reserving 422 MB, device gpu4
[2019-07-31 11:02:11] [batching] Done. Typical MB size is 6880 target words
[2019-07-31 11:02:11] [memory] Extending reserved space to 5120 MB (device gpu4)
[2019-07-31 11:02:11] [comm] Using NCCL 2.4.2 for GPU communication
[2019-07-31 11:02:12] [comm] NCCLCommunicator constructed successfully.
[2019-07-31 11:02:12] [training] Using 1 GPUs
[2019-07-31 11:02:12] Training started
[2019-07-31 11:02:12] [data] Shuffling data
[2019-07-31 11:02:15] [data] Done reading 4338187 sentences
[2019-07-31 11:02:38] [data] Done shuffling 4338187 sentences to temp files
[2019-07-31 11:02:40] [training] Batches are processed as 1 process(es) x 1 devices/process
[2019-07-31 11:02:40] [memory] Reserving 422 MB, device gpu4
[2019-07-31 11:02:40] [memory] Reserving 422 MB, device gpu4
[2019-07-31 11:02:40] [memory] Reserving 422 MB, device gpu4
[2019-07-31 11:02:40] [memory] Reserving 844 MB, device gpu4
[2019-07-31 11:10:21] Ep. 1 : Up. 2000 : Sen. 326,136 : Cost 149.24073792 : Time 495.91s : 16006.41 words/s
[2019-07-31 11:18:01] Ep. 1 : Up. 4000 : Sen. 652,196 : Cost 119.74655914 : Time 460.01s : 17253.44 words/s
[2019-07-31 11:25:42] Ep. 1 : Up. 6000 : Sen. 978,838 : Cost 104.13765717 : Time 461.26s : 17247.92 words/s
[2019-07-31 11:33:21] Ep. 1 : Up. 8000 : Sen. 1,304,452 : Cost 94.08037567 : Time 459.12s : 17263.00 words/s
[2019-07-31 11:41:02] Ep. 1 : Up. 10000 : Sen. 1,630,589 : Cost 87.57589722 : Time 460.29s : 17251.38 words/s
[2019-07-31 11:48:41] Ep. 1 : Up. 12000 : Sen. 1,956,473 : Cost 83.21811676 : Time 459.24s : 17288.40 words/s
[2019-07-31 11:56:21] Ep. 1 : Up. 14000 : Sen. 2,283,208 : Cost 79.82547760 : Time 460.25s : 17270.19 words/s
[2019-07-31 12:03:59] Ep. 1 : Up. 16000 : Sen. 2,607,311 : Cost 77.41252899 : Time 458.23s : 17250.97 words/s
[2019-07-31 12:11:39] Ep. 1 : Up. 18000 : Sen. 2,932,561 : Cost 75.03771973 : Time 459.35s : 17245.49 words/s
[2019-07-31 12:19:19] Ep. 1 : Up. 20000 : Sen. 3,258,839 : Cost 73.24811554 : Time 459.69s : 17258.76 words/s
[2019-07-31 12:19:19] Saving model to ../experiments/100M_bicleaner_dom_0.50_dcce_biced_hdiff/model/model.npz.orig.npz
[2019-07-31 12:19:23] Saving model to ../experiments/100M_bicleaner_dom_0.50_dcce_biced_hdiff/model/model.iter20000.npz
[2019-07-31 12:19:25] Saving model to ../experiments/100M_bicleaner_dom_0.50_dcce_biced_hdiff/model/model.npz
[2019-07-31 12:19:30] Saving Adam parameters to ../experiments/100M_bicleaner_dom_0.50_dcce_biced_hdiff/model/model.npz.optimizer.npz
[2019-07-31 12:19:46] [valid] Ep. 1 : Up. 20000 : cross-entropy : 60.0181 : new best
[2019-07-31 12:19:52] [valid] Ep. 1 : Up. 20000 : perplexity : 10.695 : new best
[2019-07-31 12:20:47] [valid] Ep. 1 : Up. 20000 : translation : 23.66 : new best
[2019-07-31 12:27:49] Seen 3556041 samples
[2019-07-31 12:27:49] Starting epoch 2
[2019-07-31 12:27:49] [data] Shuffling data
[2019-07-31 12:27:52] [data] Done reading 4338187 sentences
[2019-07-31 12:28:12] [data] Done shuffling 4338187 sentences to temp files
[2019-07-31 12:28:52] Ep. 2 : Up. 22000 : Sen. 27,626 : Cost 72.22139740 : Time 573.61s : 13818.29 words/s
[2019-07-31 12:36:32] Ep. 2 : Up. 24000 : Sen. 353,620 : Cost 69.79240417 : Time 459.96s : 17256.70 words/s
[2019-07-31 12:44:12] Ep. 2 : Up. 26000 : Sen. 679,647 : Cost 68.57598877 : Time 460.05s : 17210.91 words/s
[2019-07-31 12:51:53] Ep. 2 : Up. 28000 : Sen. 1,006,171 : Cost 68.11857605 : Time 461.05s : 17244.35 words/s
[2019-07-31 12:59:32] Ep. 2 : Up. 30000 : Sen. 1,330,540 : Cost 67.22885132 : Time 458.96s : 17228.22 words/s
[2019-07-31 13:07:13] Ep. 2 : Up. 32000 : Sen. 1,656,874 : Cost 66.49688721 : Time 461.23s : 17252.25 words/s
[2019-07-31 13:14:53] Ep. 2 : Up. 34000 : Sen. 1,983,283 : Cost 65.63531494 : Time 459.53s : 17264.08 words/s
[2019-07-31 13:22:33] Ep. 2 : Up. 36000 : Sen. 2,308,452 : Cost 65.32021332 : Time 460.41s : 17227.14 words/s
[2019-07-31 13:30:12] Ep. 2 : Up. 38000 : Sen. 2,632,756 : Cost 64.52580261 : Time 458.64s : 17225.88 words/s
[2019-07-31 13:37:52] Ep. 2 : Up. 40000 : Sen. 2,959,193 : Cost 64.12554169 : Time 460.26s : 17260.29 words/s
[2019-07-31 13:37:52] Saving model to ../experiments/100M_bicleaner_dom_0.50_dcce_biced_hdiff/model/model.npz.orig.npz
[2019-07-31 13:37:57] Saving model to ../experiments/100M_bicleaner_dom_0.50_dcce_biced_hdiff/model/model.iter40000.npz
[2019-07-31 13:38:00] Saving model to ../experiments/100M_bicleaner_dom_0.50_dcce_biced_hdiff/model/model.npz
[2019-07-31 13:38:05] Saving Adam parameters to ../experiments/100M_bicleaner_dom_0.50_dcce_biced_hdiff/model/model.npz.optimizer.npz
[2019-07-31 13:38:24] [valid] Ep. 2 : Up. 40000 : cross-entropy : 50.0185 : new best
[2019-07-31 13:38:30] [valid] Ep. 2 : Up. 40000 : perplexity : 7.20627 : new best
[2019-07-31 13:39:24] [valid] Ep. 2 : Up. 40000 : translation : 26.8 : new best
[2019-07-31 13:47:07] Ep. 2 : Up. 42000 : Sen. 3,285,831 : Cost 63.22742081 : Time 554.36s : 14339.96 words/s
[2019-07-31 13:53:29] Seen 3556041 samples
[2019-07-31 13:53:29] Starting epoch 3
[2019-07-31 13:53:29] [data] Shuffling data
[2019-07-31 13:53:32] [data] Done reading 4338187 sentences
[2019-07-31 13:53:53] [data] Done shuffling 4338187 sentences to temp files
[2019-07-31 13:55:12] Ep. 3 : Up. 44000 : Sen. 55,616 : Cost 62.94684982 : Time 485.88s : 16357.30 words/s
[2019-07-31 14:02:51] Ep. 3 : Up. 46000 : Sen. 381,080 : Cost 61.53585052 : Time 458.16s : 17271.24 words/s
[2019-07-31 14:10:30] Ep. 3 : Up. 48000 : Sen. 705,460 : Cost 61.42476273 : Time 458.94s : 17251.54 words/s
[2019-07-31 14:18:09] Ep. 3 : Up. 50000 : Sen. 1,031,276 : Cost 60.95754623 : Time 458.97s : 17268.07 words/s
[2019-07-31 14:25:48] Ep. 3 : Up. 52000 : Sen. 1,356,800 : Cost 60.60697174 : Time 459.23s : 17246.02 words/s
[2019-07-31 14:33:26] Ep. 3 : Up. 54000 : Sen. 1,681,888 : Cost 60.48905563 : Time 458.61s : 17264.92 words/s
[2019-07-31 14:41:06] Ep. 3 : Up. 56000 : Sen. 2,007,639 : Cost 60.26771927 : Time 459.44s : 17259.85 words/s
[2019-07-31 14:48:43] Ep. 3 : Up. 58000 : Sen. 2,332,606 : Cost 59.63899231 : Time 456.81s : 17278.39 words/s
[2019-07-31 14:56:23] Ep. 3 : Up. 60000 : Sen. 2,659,230 : Cost 59.85570526 : Time 460.74s : 17298.18 words/s
[2019-07-31 14:56:23] Saving model to ../experiments/100M_bicleaner_dom_0.50_dcce_biced_hdiff/model/model.npz.orig.npz
[2019-07-31 14:56:29] Saving model to ../experiments/100M_bicleaner_dom_0.50_dcce_biced_hdiff/model/model.iter60000.npz
[2019-07-31 14:56:31] Saving model to ../experiments/100M_bicleaner_dom_0.50_dcce_biced_hdiff/model/model.npz
[2019-07-31 14:56:36] Saving Adam parameters to ../experiments/100M_bicleaner_dom_0.50_dcce_biced_hdiff/model/model.npz.optimizer.npz
[2019-07-31 14:56:54] [valid] Ep. 3 : Up. 60000 : cross-entropy : 46.0445 : new best
[2019-07-31 14:57:01] [valid] Ep. 3 : Up. 60000 : perplexity : 6.15977 : new best
[2019-07-31 14:57:55] [valid] Ep. 3 : Up. 60000 : translation : 28.01 : new best
[2019-07-31 15:05:35] Ep. 3 : Up. 62000 : Sen. 2,984,125 : Cost 59.39886475 : Time 551.82s : 14334.39 words/s
[2019-07-31 15:13:15] Ep. 3 : Up. 64000 : Sen. 3,309,558 : Cost 59.37776947 : Time 459.65s : 17249.41 words/s
[2019-07-31 15:19:02] Seen 3556041 samples
[2019-07-31 15:19:02] Starting epoch 4
[2019-07-31 15:19:02] [data] Shuffling data
[2019-07-31 15:19:05] [data] Done reading 4338187 sentences
[2019-07-31 15:19:26] [data] Done shuffling 4338187 sentences to temp files
[2019-07-31 15:21:19] Ep. 4 : Up. 66000 : Sen. 79,566 : Cost 58.77146149 : Time 484.03s : 16418.63 words/s
[2019-07-31 15:29:00] Ep. 4 : Up. 68000 : Sen. 406,804 : Cost 57.66380310 : Time 460.71s : 17303.34 words/s
[2019-07-31 15:36:39] Ep. 4 : Up. 70000 : Sen. 732,242 : Cost 57.53467560 : Time 459.44s : 17257.77 words/s
[2019-07-31 15:44:18] Ep. 4 : Up. 72000 : Sen. 1,058,113 : Cost 57.51535416 : Time 458.58s : 17295.32 words/s
[2019-07-31 15:51:58] Ep. 4 : Up. 74000 : Sen. 1,384,161 : Cost 57.70344925 : Time 460.35s : 17249.70 words/s
[2019-07-31 15:59:36] Ep. 4 : Up. 76000 : Sen. 1,708,800 : Cost 57.28651810 : Time 458.34s : 17238.69 words/s
[2019-07-31 16:07:15] Ep. 4 : Up. 78000 : Sen. 2,034,936 : Cost 57.29125214 : Time 459.00s : 17294.67 words/s
[2019-07-31 16:14:52] Ep. 4 : Up. 80000 : Sen. 2,359,737 : Cost 56.85936356 : Time 456.92s : 17273.81 words/s
[2019-07-31 16:14:52] Saving model to ../experiments/100M_bicleaner_dom_0.50_dcce_biced_hdiff/model/model.npz.orig.npz
[2019-07-31 16:14:57] Saving model to ../experiments/100M_bicleaner_dom_0.50_dcce_biced_hdiff/model/model.iter80000.npz
[2019-07-31 16:14:59] Saving model to ../experiments/100M_bicleaner_dom_0.50_dcce_biced_hdiff/model/model.npz
[2019-07-31 16:15:04] Saving Adam parameters to ../experiments/100M_bicleaner_dom_0.50_dcce_biced_hdiff/model/model.npz.optimizer.npz
[2019-07-31 16:15:22] [valid] Ep. 4 : Up. 80000 : cross-entropy : 43.8722 : new best
[2019-07-31 16:15:29] [valid] Ep. 4 : Up. 80000 : perplexity : 5.65347 : new best
[2019-07-31 16:16:23] [valid] Ep. 4 : Up. 80000 : translation : 28.99 : new best
[2019-07-31 16:24:04] Ep. 4 : Up. 82000 : Sen. 2,684,191 : Cost 56.95220947 : Time 551.75s : 14339.72 words/s
[2019-07-31 16:31:43] Ep. 4 : Up. 84000 : Sen. 3,010,058 : Cost 56.66784286 : Time 459.38s : 17266.29 words/s
[2019-07-31 16:39:23] Ep. 4 : Up. 86000 : Sen. 3,335,260 : Cost 56.91046143 : Time 459.71s : 17236.09 words/s
[2019-07-31 16:44:35] Seen 3556041 samples
[2019-07-31 16:44:35] Starting epoch 5
[2019-07-31 16:44:35] [data] Shuffling data
[2019-07-31 16:44:38] [data] Done reading 4338187 sentences
[2019-07-31 16:44:59] [data] Done shuffling 4338187 sentences to temp files
[2019-07-31 16:47:29] Ep. 5 : Up. 88000 : Sen. 104,912 : Cost 56.11787796 : Time 485.74s : 16343.81 words/s
[2019-07-31 16:55:09] Ep. 5 : Up. 90000 : Sen. 431,478 : Cost 55.27370834 : Time 459.88s : 17261.06 words/s
[2019-07-31 17:02:48] Ep. 5 : Up. 92000 : Sen. 757,345 : Cost 55.39305878 : Time 459.68s : 17283.16 words/s
[2019-07-31 17:10:28] Ep. 5 : Up. 94000 : Sen. 1,083,444 : Cost 55.29886246 : Time 459.57s : 17244.17 words/s
[2019-07-31 17:18:08] Ep. 5 : Up. 96000 : Sen. 1,410,158 : Cost 55.24190140 : Time 460.37s : 17270.82 words/s
[2019-07-31 17:25:49] Ep. 5 : Up. 98000 : Sen. 1,735,681 : Cost 55.45968246 : Time 460.49s : 17257.38 words/s
[2019-07-31 17:33:26] Ep. 5 : Up. 100000 : Sen. 2,060,306 : Cost 55.09745789 : Time 457.45s : 17262.21 words/s
[2019-07-31 17:33:26] Saving model to ../experiments/100M_bicleaner_dom_0.50_dcce_biced_hdiff/model/model.npz.orig.npz
[2019-07-31 17:33:31] Saving model to ../experiments/100M_bicleaner_dom_0.50_dcce_biced_hdiff/model/model.iter100000.npz
[2019-07-31 17:33:34] Saving model to ../experiments/100M_bicleaner_dom_0.50_dcce_biced_hdiff/model/model.npz
[2019-07-31 17:33:39] Saving Adam parameters to ../experiments/100M_bicleaner_dom_0.50_dcce_biced_hdiff/model/model.npz.optimizer.npz
[2019-07-31 17:33:58] [valid] Ep. 5 : Up. 100000 : cross-entropy : 42.4911 : new best
[2019-07-31 17:34:04] [valid] Ep. 5 : Up. 100000 : perplexity : 5.35344 : new best
[2019-07-31 17:34:58] [valid] Ep. 5 : Up. 100000 : translation : 29.23 : new best
[2019-07-31 17:42:40] Ep. 5 : Up. 102000 : Sen. 2,386,170 : Cost 55.16237259 : Time 553.80s : 14334.23 words/s
[2019-07-31 17:50:21] Ep. 5 : Up. 104000 : Sen. 2,713,128 : Cost 55.10810471 : Time 460.75s : 17282.02 words/s
[2019-07-31 17:58:02] Ep. 5 : Up. 106000 : Sen. 3,038,740 : Cost 55.19232559 : Time 461.56s : 17192.10 words/s
[2019-07-31 18:05:42] Ep. 5 : Up. 108000 : Sen. 3,364,616 : Cost 54.93362427 : Time 459.96s : 17236.34 words/s
[2019-07-31 18:10:13] Seen 3556041 samples
[2019-07-31 18:10:13] Starting epoch 6
[2019-07-31 18:10:13] [data] Shuffling data
[2019-07-31 18:10:16] [data] Done reading 4338187 sentences
[2019-07-31 18:10:35] [data] Done shuffling 4338187 sentences to temp files
[2019-07-31 18:13:45] Ep. 6 : Up. 110000 : Sen. 133,872 : Cost 54.52249908 : Time 482.60s : 16425.38 words/s
[2019-07-31 18:21:25] Ep. 6 : Up. 112000 : Sen. 459,902 : Cost 53.77523041 : Time 459.99s : 17264.38 words/s
[2019-07-31 18:29:05] Ep. 6 : Up. 114000 : Sen. 786,498 : Cost 53.86076355 : Time 459.81s : 17272.23 words/s
[2019-07-31 18:36:43] Ep. 6 : Up. 116000 : Sen. 1,112,185 : Cost 53.86580276 : Time 458.37s : 17321.31 words/s
[2019-07-31 18:44:22] Ep. 6 : Up. 118000 : Sen. 1,436,382 : Cost 53.94391251 : Time 458.96s : 17237.74 words/s
[2019-07-31 18:51:59] Ep. 6 : Up. 120000 : Sen. 1,760,919 : Cost 53.84778214 : Time 457.30s : 17250.96 words/s
[2019-07-31 18:51:59] Saving model to ../experiments/100M_bicleaner_dom_0.50_dcce_biced_hdiff/model/model.npz.orig.npz
[2019-07-31 18:52:05] Saving model to ../experiments/100M_bicleaner_dom_0.50_dcce_biced_hdiff/model/model.iter120000.npz
[2019-07-31 18:52:07] Saving model to ../experiments/100M_bicleaner_dom_0.50_dcce_biced_hdiff/model/model.npz
[2019-07-31 18:52:12] Saving Adam parameters to ../experiments/100M_bicleaner_dom_0.50_dcce_biced_hdiff/model/model.npz.optimizer.npz
[2019-07-31 18:52:30] [valid] Ep. 6 : Up. 120000 : cross-entropy : 41.5079 : new best
[2019-07-31 18:52:36] [valid] Ep. 6 : Up. 120000 : perplexity : 5.14959 : new best
[2019-07-31 18:53:31] [valid] Ep. 6 : Up. 120000 : translation : 29.53 : new best
[2019-07-31 19:01:13] Ep. 6 : Up. 122000 : Sen. 2,086,132 : Cost 54.21617889 : Time 553.24s : 14339.19 words/s
[2019-07-31 19:08:51] Ep. 6 : Up. 124000 : Sen. 2,412,306 : Cost 53.51891327 : Time 458.52s : 17304.70 words/s
[2019-07-31 19:16:31] Ep. 6 : Up. 126000 : Sen. 2,739,068 : Cost 53.94068909 : Time 459.80s : 17299.61 words/s
[2019-07-31 19:24:11] Ep. 6 : Up. 128000 : Sen. 3,064,798 : Cost 53.75224304 : Time 460.07s : 17252.75 words/s
[2019-07-31 19:31:49] Ep. 6 : Up. 130000 : Sen. 3,390,037 : Cost 53.80793381 : Time 458.34s : 17245.95 words/s
[2019-07-31 19:35:44] Seen 3556041 samples
[2019-07-31 19:35:44] Starting epoch 7
[2019-07-31 19:35:44] [data] Shuffling data
[2019-07-31 19:35:47] [data] Done reading 4338187 sentences
[2019-07-31 19:36:06] [data] Done shuffling 4338187 sentences to temp files
[2019-07-31 19:39:52] Ep. 7 : Up. 132000 : Sen. 160,132 : Cost 52.99800873 : Time 483.00s : 16434.53 words/s
[2019-07-31 19:47:32] Ep. 7 : Up. 134000 : Sen. 485,124 : Cost 52.60829163 : Time 459.71s : 17262.09 words/s
[2019-07-31 19:55:11] Ep. 7 : Up. 136000 : Sen. 810,382 : Cost 52.52040100 : Time 459.27s : 17259.10 words/s
[2019-07-31 20:02:51] Ep. 7 : Up. 138000 : Sen. 1,136,754 : Cost 52.78765488 : Time 459.58s : 17286.18 words/s
[2019-07-31 20:10:30] Ep. 7 : Up. 140000 : Sen. 1,461,935 : Cost 52.84530640 : Time 459.52s : 17240.46 words/s
[2019-07-31 20:10:30] Saving model to ../experiments/100M_bicleaner_dom_0.50_dcce_biced_hdiff/model/model.npz.orig.npz
[2019-07-31 20:10:36] Saving model to ../experiments/100M_bicleaner_dom_0.50_dcce_biced_hdiff/model/model.iter140000.npz
[2019-07-31 20:10:38] Saving model to ../experiments/100M_bicleaner_dom_0.50_dcce_biced_hdiff/model/model.npz
[2019-07-31 20:10:43] Saving Adam parameters to ../experiments/100M_bicleaner_dom_0.50_dcce_biced_hdiff/model/model.npz.optimizer.npz
[2019-07-31 20:11:01] [valid] Ep. 7 : Up. 140000 : cross-entropy : 40.7996 : new best
[2019-07-31 20:11:07] [valid] Ep. 7 : Up. 140000 : perplexity : 5.00757 : new best
[2019-07-31 20:12:02] [valid] Ep. 7 : Up. 140000 : translation : 29.96 : new best
[2019-07-31 20:19:42] Ep. 7 : Up. 142000 : Sen. 1,786,762 : Cost 52.65897751 : Time 552.04s : 14350.82 words/s
[2019-07-31 20:27:21] Ep. 7 : Up. 144000 : Sen. 2,112,396 : Cost 52.57269287 : Time 458.92s : 17265.21 words/s
[2019-07-31 20:35:02] Ep. 7 : Up. 146000 : Sen. 2,439,758 : Cost 52.60842896 : Time 460.48s : 17272.89 words/s
[2019-07-31 20:42:40] Ep. 7 : Up. 148000 : Sen. 2,764,536 : Cost 52.54452515 : Time 458.20s : 17250.98 words/s
[2019-07-31 20:50:19] Ep. 7 : Up. 150000 : Sen. 3,089,829 : Cost 52.79008102 : Time 458.58s : 17278.15 words/s
[2019-07-31 20:57:57] Ep. 7 : Up. 152000 : Sen. 3,415,127 : Cost 52.44835281 : Time 458.10s : 17271.65 words/s
[2019-07-31 21:01:15] Seen 3556041 samples
[2019-07-31 21:01:15] Starting epoch 8
[2019-07-31 21:01:15] [data] Shuffling data
[2019-07-31 21:01:18] [data] Done reading 4338187 sentences
[2019-07-31 21:01:38] [data] Done shuffling 4338187 sentences to temp files
[2019-07-31 21:06:00] Ep. 8 : Up. 154000 : Sen. 185,600 : Cost 52.03173447 : Time 483.53s : 16449.60 words/s
[2019-07-31 21:13:39] Ep. 8 : Up. 156000 : Sen. 511,110 : Cost 51.36423492 : Time 458.45s : 17287.06 words/s
[2019-07-31 21:21:17] Ep. 8 : Up. 158000 : Sen. 835,760 : Cost 51.76165009 : Time 458.64s : 17254.75 words/s
[2019-07-31 21:28:57] Ep. 8 : Up. 160000 : Sen. 1,161,885 : Cost 51.53583527 : Time 459.52s : 17267.65 words/s
[2019-07-31 21:28:57] Saving model to ../experiments/100M_bicleaner_dom_0.50_dcce_biced_hdiff/model/model.npz.orig.npz
[2019-07-31 21:29:02] Saving model to ../experiments/100M_bicleaner_dom_0.50_dcce_biced_hdiff/model/model.iter160000.npz
[2019-07-31 21:29:04] Saving model to ../experiments/100M_bicleaner_dom_0.50_dcce_biced_hdiff/model/model.npz
[2019-07-31 21:29:09] Saving Adam parameters to ../experiments/100M_bicleaner_dom_0.50_dcce_biced_hdiff/model/model.npz.optimizer.npz
[2019-07-31 21:29:28] [valid] Ep. 8 : Up. 160000 : cross-entropy : 40.2179 : new best
[2019-07-31 21:29:34] [valid] Ep. 8 : Up. 160000 : perplexity : 4.89386 : new best
[2019-07-31 21:30:29] [valid] Ep. 8 : Up. 160000 : translation : 30.2 : new best
[2019-07-31 21:38:12] Ep. 8 : Up. 162000 : Sen. 1,488,125 : Cost 51.67425919 : Time 555.03s : 14318.83 words/s
[2019-07-31 21:45:51] Ep. 8 : Up. 164000 : Sen. 1,813,391 : Cost 51.77452469 : Time 458.97s : 17249.71 words/s
[2019-07-31 21:53:31] Ep. 8 : Up. 166000 : Sen. 2,139,466 : Cost 51.78525162 : Time 460.03s : 17257.25 words/s
[2019-07-31 22:01:09] Ep. 8 : Up. 168000 : Sen. 2,464,485 : Cost 51.64802551 : Time 457.70s : 17259.18 words/s
[2019-07-31 22:08:48] Ep. 8 : Up. 170000 : Sen. 2,789,368 : Cost 51.81560898 : Time 459.24s : 17244.41 words/s
[2019-07-31 22:16:27] Ep. 8 : Up. 172000 : Sen. 3,114,860 : Cost 51.82463455 : Time 459.63s : 17271.35 words/s
[2019-07-31 22:24:06] Ep. 8 : Up. 174000 : Sen. 3,439,904 : Cost 51.79064560 : Time 458.57s : 17241.13 words/s
[2019-07-31 22:26:50] Seen 3556041 samples
[2019-07-31 22:26:50] Starting epoch 9
[2019-07-31 22:26:50] [data] Shuffling data
[2019-07-31 22:26:53] [data] Done reading 4338187 sentences
[2019-07-31 22:27:13] [data] Done shuffling 4338187 sentences to temp files
[2019-07-31 22:32:10] Ep. 9 : Up. 176000 : Sen. 209,792 : Cost 50.99096680 : Time 484.24s : 16391.58 words/s
[2019-07-31 22:39:49] Ep. 9 : Up. 178000 : Sen. 534,303 : Cost 50.75558853 : Time 458.70s : 17235.26 words/s
[2019-07-31 22:47:29] Ep. 9 : Up. 180000 : Sen. 860,290 : Cost 50.97605133 : Time 460.56s : 17254.03 words/s
[2019-07-31 22:47:29] Saving model to ../experiments/100M_bicleaner_dom_0.50_dcce_biced_hdiff/model/model.npz.orig.npz
[2019-07-31 22:47:35] Saving model to ../experiments/100M_bicleaner_dom_0.50_dcce_biced_hdiff/model/model.iter180000.npz
[2019-07-31 22:47:37] Saving model to ../experiments/100M_bicleaner_dom_0.50_dcce_biced_hdiff/model/model.npz
[2019-07-31 22:47:42] Saving Adam parameters to ../experiments/100M_bicleaner_dom_0.50_dcce_biced_hdiff/model/model.npz.optimizer.npz
[2019-07-31 22:48:00] [valid] Ep. 9 : Up. 180000 : cross-entropy : 39.79 : new best
[2019-07-31 22:48:06] [valid] Ep. 9 : Up. 180000 : perplexity : 4.81187 : new best
[2019-07-31 22:49:01] [valid] Ep. 9 : Up. 180000 : translation : 30.33 : new best
[2019-07-31 22:56:42] Ep. 9 : Up. 182000 : Sen. 1,186,429 : Cost 50.83823776 : Time 552.52s : 14345.16 words/s
[2019-07-31 23:04:22] Ep. 9 : Up. 184000 : Sen. 1,511,931 : Cost 50.89455414 : Time 460.20s : 17239.72 words/s
[2019-07-31 23:12:03] Ep. 9 : Up. 186000 : Sen. 1,837,760 : Cost 51.03435135 : Time 460.83s : 17219.83 words/s
[2019-07-31 23:19:45] Ep. 9 : Up. 188000 : Sen. 2,165,325 : Cost 50.98847198 : Time 461.84s : 17251.89 words/s
[2019-07-31 23:27:24] Ep. 9 : Up. 190000 : Sen. 2,489,370 : Cost 51.23096848 : Time 458.90s : 17213.41 words/s
[2019-07-31 23:35:04] Ep. 9 : Up. 192000 : Sen. 2,815,770 : Cost 51.28614044 : Time 460.42s : 17248.04 words/s
[2019-07-31 23:42:45] Ep. 9 : Up. 194000 : Sen. 3,141,106 : Cost 51.02724838 : Time 460.32s : 17213.36 words/s
[2019-07-31 23:50:26] Ep. 9 : Up. 196000 : Sen. 3,467,164 : Cost 51.22922516 : Time 461.20s : 17228.70 words/s
[2019-07-31 23:52:31] Seen 3556041 samples
[2019-07-31 23:52:31] Starting epoch 10
[2019-07-31 23:52:31] [data] Shuffling data
[2019-07-31 23:52:34] [data] Done reading 4338187 sentences
[2019-07-31 23:52:56] [data] Done shuffling 4338187 sentences to temp files
[2019-07-31 23:58:33] Ep. 10 : Up. 198000 : Sen. 238,166 : Cost 50.36719894 : Time 487.70s : 16333.37 words/s
[2019-08-01 00:06:12] Ep. 10 : Up. 200000 : Sen. 562,775 : Cost 50.11333847 : Time 458.36s : 17228.41 words/s
[2019-08-01 00:06:12] Saving model to ../experiments/100M_bicleaner_dom_0.50_dcce_biced_hdiff/model/model.npz.orig.npz
[2019-08-01 00:06:17] Saving model to ../experiments/100M_bicleaner_dom_0.50_dcce_biced_hdiff/model/model.iter200000.npz
[2019-08-01 00:06:19] Saving model to ../experiments/100M_bicleaner_dom_0.50_dcce_biced_hdiff/model/model.npz
[2019-08-01 00:06:25] Saving Adam parameters to ../experiments/100M_bicleaner_dom_0.50_dcce_biced_hdiff/model/model.npz.optimizer.npz
[2019-08-01 00:06:43] [valid] Ep. 10 : Up. 200000 : cross-entropy : 39.513 : new best
[2019-08-01 00:06:49] [valid] Ep. 10 : Up. 200000 : perplexity : 4.75953 : new best
[2019-08-01 00:07:44] [valid] Ep. 10 : Up. 200000 : translation : 30.47 : new best
[2019-08-01 00:15:26] Ep. 10 : Up. 202000 : Sen. 887,670 : Cost 50.19192123 : Time 553.90s : 14296.16 words/s
[2019-08-01 00:23:05] Ep. 10 : Up. 204000 : Sen. 1,213,420 : Cost 49.84917831 : Time 459.32s : 17229.48 words/s
[2019-08-01 00:30:44] Ep. 10 : Up. 206000 : Sen. 1,539,239 : Cost 50.43423462 : Time 459.41s : 17267.60 words/s
[2019-08-01 00:38:26] Ep. 10 : Up. 208000 : Sen. 1,865,632 : Cost 50.30421829 : Time 461.57s : 17249.89 words/s
[2019-08-01 00:46:08] Ep. 10 : Up. 210000 : Sen. 2,192,079 : Cost 50.26848221 : Time 461.56s : 17224.49 words/s
[2019-08-01 00:53:48] Ep. 10 : Up. 212000 : Sen. 2,517,730 : Cost 50.70581818 : Time 460.61s : 17222.85 words/s
[2019-08-01 01:01:28] Ep. 10 : Up. 214000 : Sen. 2,843,785 : Cost 50.49357605 : Time 460.32s : 17255.17 words/s
[2019-08-01 01:09:07] Ep. 10 : Up. 216000 : Sen. 3,170,317 : Cost 50.31803513 : Time 458.67s : 17303.09 words/s
[2019-08-01 01:16:47] Ep. 10 : Up. 218000 : Sen. 3,495,007 : Cost 50.54661942 : Time 459.52s : 17245.79 words/s
[2019-08-01 01:18:12] Seen 3556041 samples
[2019-08-01 01:18:12] Starting epoch 11
[2019-08-01 01:18:12] [data] Shuffling data
[2019-08-01 01:18:15] [data] Done reading 4338187 sentences
[2019-08-01 01:18:36] [data] Done shuffling 4338187 sentences to temp files
[2019-08-01 01:24:50] Ep. 11 : Up. 220000 : Sen. 264,620 : Cost 49.29743576 : Time 483.09s : 16377.56 words/s
[2019-08-01 01:24:50] Saving model to ../experiments/100M_bicleaner_dom_0.50_dcce_biced_hdiff/model/model.npz.orig.npz
[2019-08-01 01:24:55] Saving model to ../experiments/100M_bicleaner_dom_0.50_dcce_biced_hdiff/model/model.iter220000.npz
[2019-08-01 01:24:57] Saving model to ../experiments/100M_bicleaner_dom_0.50_dcce_biced_hdiff/model/model.npz
[2019-08-01 01:25:02] Saving Adam parameters to ../experiments/100M_bicleaner_dom_0.50_dcce_biced_hdiff/model/model.npz.optimizer.npz
[2019-08-01 01:25:20] [valid] Ep. 11 : Up. 220000 : cross-entropy : 39.2475 : new best
[2019-08-01 01:25:26] [valid] Ep. 11 : Up. 220000 : perplexity : 4.7099 : new best
[2019-08-01 01:26:20] [valid] Ep. 11 : Up. 220000 : translation : 30.74 : new best
[2019-08-01 01:34:02] Ep. 11 : Up. 222000 : Sen. 590,027 : Cost 49.51662445 : Time 552.50s : 14371.17 words/s
[2019-08-01 01:41:42] Ep. 11 : Up. 224000 : Sen. 916,341 : Cost 49.47219467 : Time 460.20s : 17270.21 words/s
[2019-08-01 01:49:24] Ep. 11 : Up. 226000 : Sen. 1,243,237 : Cost 49.50559616 : Time 461.17s : 17279.22 words/s
[2019-08-01 01:57:04] Ep. 11 : Up. 228000 : Sen. 1,570,280 : Cost 49.60074997 : Time 460.85s : 17255.86 words/s
[2019-08-01 02:04:42] Ep. 11 : Up. 230000 : Sen. 1,895,205 : Cost 49.79834366 : Time 458.00s : 17260.76 words/s
[2019-08-01 02:12:21] Ep. 11 : Up. 232000 : Sen. 2,220,668 : Cost 49.87145233 : Time 458.97s : 17273.81 words/s
[2019-08-01 02:20:02] Ep. 11 : Up. 234000 : Sen. 2,547,548 : Cost 49.70907974 : Time 460.57s : 17274.32 words/s
[2019-08-01 02:27:41] Ep. 11 : Up. 236000 : Sen. 2,873,600 : Cost 49.93374252 : Time 458.98s : 17313.12 words/s
[2019-08-01 02:35:21] Ep. 11 : Up. 238000 : Sen. 3,200,230 : Cost 49.98817062 : Time 459.56s : 17297.60 words/s
[2019-08-01 02:43:00] Ep. 11 : Up. 240000 : Sen. 3,525,967 : Cost 50.21162796 : Time 459.38s : 17279.97 words/s
[2019-08-01 02:43:00] Saving model to ../experiments/100M_bicleaner_dom_0.50_dcce_biced_hdiff/model/model.npz.orig.npz
[2019-08-01 02:43:05] Saving model to ../experiments/100M_bicleaner_dom_0.50_dcce_biced_hdiff/model/model.iter240000.npz
[2019-08-01 02:43:07] Saving model to ../experiments/100M_bicleaner_dom_0.50_dcce_biced_hdiff/model/model.npz
[2019-08-01 02:43:12] Saving Adam parameters to ../experiments/100M_bicleaner_dom_0.50_dcce_biced_hdiff/model/model.npz.optimizer.npz
[2019-08-01 02:43:30] [valid] Ep. 11 : Up. 240000 : cross-entropy : 39.0366 : new best
[2019-08-01 02:43:36] [valid] Ep. 11 : Up. 240000 : perplexity : 4.67084 : new best
[2019-08-01 02:44:30] [valid] Ep. 11 : Up. 240000 : translation : 30.74 : stalled 1 times (last best: 30.74)
[2019-08-01 02:45:14] Seen 3556041 samples
[2019-08-01 02:45:14] Starting epoch 12
[2019-08-01 02:45:14] [data] Shuffling data
[2019-08-01 02:45:17] [data] Done reading 4338187 sentences
[2019-08-01 02:45:37] [data] Done shuffling 4338187 sentences to temp files
[2019-08-01 02:52:34] Ep. 12 : Up. 242000 : Sen. 295,699 : Cost 48.79541397 : Time 574.10s : 13794.48 words/s
[2019-08-01 03:00:14] Ep. 12 : Up. 244000 : Sen. 621,106 : Cost 49.08740997 : Time 459.59s : 17244.72 words/s
[2019-08-01 03:07:55] Ep. 12 : Up. 246000 : Sen. 947,792 : Cost 48.98520660 : Time 461.08s : 17258.42 words/s
[2019-08-01 03:15:33] Ep. 12 : Up. 248000 : Sen. 1,272,233 : Cost 49.19881439 : Time 457.94s : 17280.66 words/s
[2019-08-01 03:23:13] Ep. 12 : Up. 250000 : Sen. 1,599,034 : Cost 49.37903595 : Time 460.74s : 17293.41 words/s
[2019-08-01 03:30:52] Ep. 12 : Up. 252000 : Sen. 1,924,906 : Cost 49.25220490 : Time 458.72s : 17266.77 words/s
[2019-08-01 03:38:32] Ep. 12 : Up. 254000 : Sen. 2,250,832 : Cost 49.36672211 : Time 459.69s : 17280.94 words/s
[2019-08-01 03:46:11] Ep. 12 : Up. 256000 : Sen. 2,576,567 : Cost 49.34953308 : Time 458.77s : 17257.27 words/s
[2019-08-01 03:53:50] Ep. 12 : Up. 258000 : Sen. 2,901,558 : Cost 49.60808182 : Time 459.69s : 17254.87 words/s
[2019-08-01 04:01:28] Ep. 12 : Up. 260000 : Sen. 3,226,371 : Cost 49.39884186 : Time 457.29s : 17295.95 words/s
[2019-08-01 04:01:28] Saving model to ../experiments/100M_bicleaner_dom_0.50_dcce_biced_hdiff/model/model.npz.orig.npz
[2019-08-01 04:01:33] Saving model to ../experiments/100M_bicleaner_dom_0.50_dcce_biced_hdiff/model/model.iter260000.npz
[2019-08-01 04:01:35] Saving model to ../experiments/100M_bicleaner_dom_0.50_dcce_biced_hdiff/model/model.npz
[2019-08-01 04:01:40] Saving Adam parameters to ../experiments/100M_bicleaner_dom_0.50_dcce_biced_hdiff/model/model.npz.optimizer.npz
[2019-08-01 04:01:57] [valid] Ep. 12 : Up. 260000 : cross-entropy : 38.8462 : new best
[2019-08-01 04:02:03] [valid] Ep. 12 : Up. 260000 : perplexity : 4.63586 : new best
[2019-08-01 04:02:57] [valid] Ep. 12 : Up. 260000 : translation : 30.84 : new best
[2019-08-01 04:10:40] Ep. 12 : Up. 262000 : Sen. 3,553,454 : Cost 49.27733231 : Time 552.49s : 14392.02 words/s
[2019-08-01 04:10:44] Seen 3556041 samples
[2019-08-01 04:10:44] Starting epoch 13
[2019-08-01 04:10:44] [data] Shuffling data
[2019-08-01 04:10:47] [data] Done reading 4338187 sentences
[2019-08-01 04:11:07] [data] Done shuffling 4338187 sentences to temp files
[2019-08-01 04:18:43] Ep. 13 : Up. 264000 : Sen. 323,696 : Cost 48.43924713 : Time 482.97s : 16428.82 words/s
[2019-08-01 04:26:22] Ep. 13 : Up. 266000 : Sen. 648,800 : Cost 48.49229050 : Time 458.88s : 17259.90 words/s
[2019-08-01 04:34:02] Ep. 13 : Up. 268000 : Sen. 974,991 : Cost 48.83671188 : Time 460.26s : 17294.91 words/s
[2019-08-01 04:41:42] Ep. 13 : Up. 270000 : Sen. 1,301,491 : Cost 48.86925888 : Time 459.63s : 17285.77 words/s
[2019-08-01 04:49:21] Ep. 13 : Up. 272000 : Sen. 1,627,085 : Cost 48.84610748 : Time 458.71s : 17257.85 words/s
[2019-08-01 04:57:01] Ep. 13 : Up. 274000 : Sen. 1,952,710 : Cost 49.03203201 : Time 460.46s : 17235.68 words/s
[2019-08-01 05:04:41] Ep. 13 : Up. 276000 : Sen. 2,279,242 : Cost 49.08816910 : Time 460.19s : 17275.66 words/s
[2019-08-01 05:12:22] Ep. 13 : Up. 278000 : Sen. 2,605,460 : Cost 49.11835861 : Time 460.62s : 17279.78 words/s
[2019-08-01 05:20:01] Ep. 13 : Up. 280000 : Sen. 2,931,200 : Cost 48.96097183 : Time 459.04s : 17262.31 words/s
[2019-08-01 05:20:01] Saving model to ../experiments/100M_bicleaner_dom_0.50_dcce_biced_hdiff/model/model.npz.orig.npz
[2019-08-01 05:20:06] Saving model to ../experiments/100M_bicleaner_dom_0.50_dcce_biced_hdiff/model/model.iter280000.npz
[2019-08-01 05:20:08] Saving model to ../experiments/100M_bicleaner_dom_0.50_dcce_biced_hdiff/model/model.npz
[2019-08-01 05:20:14] Saving Adam parameters to ../experiments/100M_bicleaner_dom_0.50_dcce_biced_hdiff/model/model.npz.optimizer.npz
[2019-08-01 05:20:33] [valid] Ep. 13 : Up. 280000 : cross-entropy : 38.7313 : new best
[2019-08-01 05:20:39] [valid] Ep. 13 : Up. 280000 : perplexity : 4.61487 : new best
[2019-08-01 05:21:34] [valid] Ep. 13 : Up. 280000 : translation : 30.78 : stalled 1 times (last best: 30.84)
[2019-08-01 05:29:14] Ep. 13 : Up. 282000 : Sen. 3,256,668 : Cost 49.24604416 : Time 553.36s : 14322.67 words/s
[2019-08-01 05:36:16] Seen 3556041 samples
[2019-08-01 05:36:16] Starting epoch 14
[2019-08-01 05:36:16] [data] Shuffling data
[2019-08-01 05:36:19] [data] Done reading 4338187 sentences
[2019-08-01 05:36:39] [data] Done shuffling 4338187 sentences to temp files
[2019-08-01 05:37:18] Ep. 14 : Up. 284000 : Sen. 26,477 : Cost 48.91031647 : Time 483.46s : 16401.32 words/s
[2019-08-01 05:44:57] Ep. 14 : Up. 286000 : Sen. 352,230 : Cost 48.00069046 : Time 459.31s : 17261.07 words/s
[2019-08-01 05:52:38] Ep. 14 : Up. 288000 : Sen. 679,163 : Cost 48.41176987 : Time 460.76s : 17303.07 words/s
[2019-08-01 06:00:18] Ep. 14 : Up. 290000 : Sen. 1,006,136 : Cost 48.27593613 : Time 460.33s : 17283.48 words/s
[2019-08-01 06:07:57] Ep. 14 : Up. 292000 : Sen. 1,331,685 : Cost 48.44751358 : Time 458.88s : 17260.14 words/s
[2019-08-01 06:15:35] Ep. 14 : Up. 294000 : Sen. 1,655,694 : Cost 48.32464600 : Time 458.16s : 17250.25 words/s
[2019-08-01 06:23:16] Ep. 14 : Up. 296000 : Sen. 1,981,560 : Cost 48.62108612 : Time 460.45s : 17267.66 words/s
[2019-08-01 06:30:55] Ep. 14 : Up. 298000 : Sen. 2,307,917 : Cost 48.55196762 : Time 459.71s : 17280.90 words/s
[2019-08-01 06:38:36] Ep. 14 : Up. 300000 : Sen. 2,633,982 : Cost 48.82779312 : Time 461.16s : 17214.59 words/s
[2019-08-01 06:38:36] Saving model to ../experiments/100M_bicleaner_dom_0.50_dcce_biced_hdiff/model/model.npz.orig.npz
[2019-08-01 06:38:42] Saving model to ../experiments/100M_bicleaner_dom_0.50_dcce_biced_hdiff/model/model.iter300000.npz
[2019-08-01 06:38:44] Saving model to ../experiments/100M_bicleaner_dom_0.50_dcce_biced_hdiff/model/model.npz
[2019-08-01 06:38:50] Saving Adam parameters to ../experiments/100M_bicleaner_dom_0.50_dcce_biced_hdiff/model/model.npz.optimizer.npz
[2019-08-01 06:39:11] [valid] Ep. 14 : Up. 300000 : cross-entropy : 38.6442 : new best
[2019-08-01 06:39:17] [valid] Ep. 14 : Up. 300000 : perplexity : 4.59903 : new best
[2019-08-01 06:40:12] [valid] Ep. 14 : Up. 300000 : translation : 30.83 : stalled 2 times (last best: 30.84)
[2019-08-01 06:47:53] Ep. 14 : Up. 302000 : Sen. 2,959,229 : Cost 48.54705048 : Time 556.22s : 14211.65 words/s
[2019-08-01 06:55:32] Ep. 14 : Up. 304000 : Sen. 3,285,401 : Cost 48.84706879 : Time 459.55s : 17272.44 words/s
[2019-08-01 07:01:55] Seen 3556041 samples
[2019-08-01 07:01:55] Starting epoch 15
[2019-08-01 07:01:55] [data] Shuffling data
[2019-08-01 07:01:59] [data] Done reading 4338187 sentences
[2019-08-01 07:02:32] [data] Done shuffling 4338187 sentences to temp files
[2019-08-01 07:03:50] Ep. 15 : Up. 306000 : Sen. 54,927 : Cost 48.62315369 : Time 497.94s : 15930.47 words/s
[2019-08-01 07:11:30] Ep. 15 : Up. 308000 : Sen. 381,807 : Cost 47.48446655 : Time 460.36s : 17256.02 words/s
[2019-08-01 07:19:10] Ep. 15 : Up. 310000 : Sen. 707,433 : Cost 47.57892990 : Time 459.06s : 17227.00 words/s
[2019-08-01 07:26:51] Ep. 15 : Up. 312000 : Sen. 1,032,821 : Cost 48.29320526 : Time 461.00s : 17228.00 words/s
[2019-08-01 07:34:30] Ep. 15 : Up. 314000 : Sen. 1,359,341 : Cost 47.80772781 : Time 459.71s : 17269.95 words/s
[2019-08-01 07:42:12] Ep. 15 : Up. 316000 : Sen. 1,685,566 : Cost 48.23547745 : Time 461.99s : 17232.43 words/s
[2019-08-01 07:49:52] Ep. 15 : Up. 318000 : Sen. 2,011,613 : Cost 48.29529953 : Time 460.14s : 17245.47 words/s
[2019-08-01 07:57:33] Ep. 15 : Up. 320000 : Sen. 2,336,918 : Cost 48.31442642 : Time 460.18s : 17231.98 words/s
[2019-08-01 07:57:33] Saving model to ../experiments/100M_bicleaner_dom_0.50_dcce_biced_hdiff/model/model.npz.orig.npz
[2019-08-01 07:57:38] Saving model to ../experiments/100M_bicleaner_dom_0.50_dcce_biced_hdiff/model/model.iter320000.npz
[2019-08-01 07:57:40] Saving model to ../experiments/100M_bicleaner_dom_0.50_dcce_biced_hdiff/model/model.npz
[2019-08-01 07:57:45] Saving Adam parameters to ../experiments/100M_bicleaner_dom_0.50_dcce_biced_hdiff/model/model.npz.optimizer.npz
[2019-08-01 07:58:04] [valid] Ep. 15 : Up. 320000 : cross-entropy : 38.5088 : new best
[2019-08-01 07:58:10] [valid] Ep. 15 : Up. 320000 : perplexity : 4.5745 : new best
[2019-08-01 07:59:03] [valid] Ep. 15 : Up. 320000 : translation : 30.79 : stalled 3 times (last best: 30.84)
[2019-08-01 08:06:45] Ep. 15 : Up. 322000 : Sen. 2,662,131 : Cost 48.42620850 : Time 552.67s : 14347.40 words/s
[2019-08-01 08:14:25] Ep. 15 : Up. 324000 : Sen. 2,988,404 : Cost 48.42542648 : Time 460.21s : 17249.72 words/s
[2019-08-01 08:22:06] Ep. 15 : Up. 326000 : Sen. 3,314,796 : Cost 48.33259201 : Time 460.99s : 17238.26 words/s
[2019-08-01 08:27:48] Seen 3556041 samples
[2019-08-01 08:27:48] Starting epoch 16
[2019-08-01 08:27:48] [data] Shuffling data
[2019-08-01 08:27:52] [data] Done reading 4338187 sentences
[2019-08-01 08:28:15] [data] Done shuffling 4338187 sentences to temp files
[2019-08-01 08:30:14] Ep. 16 : Up. 328000 : Sen. 83,562 : Cost 48.13657379 : Time 487.22s : 16240.24 words/s
[2019-08-01 08:37:54] Ep. 16 : Up. 330000 : Sen. 408,348 : Cost 47.37424469 : Time 460.37s : 17186.84 words/s
[2019-08-01 08:45:35] Ep. 16 : Up. 332000 : Sen. 734,224 : Cost 47.68249893 : Time 460.54s : 17241.32 words/s
[2019-08-01 08:53:15] Ep. 16 : Up. 334000 : Sen. 1,059,234 : Cost 47.73812866 : Time 460.20s : 17242.02 words/s
[2019-08-01 09:00:55] Ep. 16 : Up. 336000 : Sen. 1,384,776 : Cost 47.87461090 : Time 459.81s : 17217.96 words/s
[2019-08-01 09:08:35] Ep. 16 : Up. 338000 : Sen. 1,710,171 : Cost 47.93571854 : Time 460.44s : 17202.68 words/s
[2019-08-01 09:16:18] Ep. 16 : Up. 340000 : Sen. 2,036,827 : Cost 47.95024490 : Time 462.81s : 17197.41 words/s
[2019-08-01 09:16:18] Saving model to ../experiments/100M_bicleaner_dom_0.50_dcce_biced_hdiff/model/model.npz.orig.npz
[2019-08-01 09:16:23] Saving model to ../experiments/100M_bicleaner_dom_0.50_dcce_biced_hdiff/model/model.iter340000.npz
[2019-08-01 09:16:26] Saving model to ../experiments/100M_bicleaner_dom_0.50_dcce_biced_hdiff/model/model.npz
[2019-08-01 09:16:31] Saving Adam parameters to ../experiments/100M_bicleaner_dom_0.50_dcce_biced_hdiff/model/model.npz.optimizer.npz
[2019-08-01 09:16:49] [valid] Ep. 16 : Up. 340000 : cross-entropy : 38.4517 : new best
[2019-08-01 09:16:55] [valid] Ep. 16 : Up. 340000 : perplexity : 4.56421 : new best
[2019-08-01 09:17:50] [valid] Ep. 16 : Up. 340000 : translation : 30.82 : stalled 4 times (last best: 30.84)
[2019-08-01 09:25:32] Ep. 16 : Up. 342000 : Sen. 2,362,366 : Cost 47.96636581 : Time 553.68s : 14296.36 words/s
[2019-08-01 09:33:12] Ep. 16 : Up. 344000 : Sen. 2,687,332 : Cost 47.92453384 : Time 460.59s : 17188.35 words/s
[2019-08-01 09:40:54] Ep. 16 : Up. 346000 : Sen. 3,014,268 : Cost 48.11124420 : Time 461.94s : 17220.18 words/s
[2019-08-01 09:48:36] Ep. 16 : Up. 348000 : Sen. 3,340,974 : Cost 48.00474167 : Time 462.04s : 17224.77 words/s
[2019-08-01 09:53:40] Seen 3556041 samples
[2019-08-01 09:53:40] Starting epoch 17
[2019-08-01 09:53:40] [data] Shuffling data
[2019-08-01 09:53:43] [data] Done reading 4338187 sentences
[2019-08-01 09:54:02] [data] Done shuffling 4338187 sentences to temp files
[2019-08-01 09:56:38] Ep. 17 : Up. 350000 : Sen. 109,996 : Cost 47.75882721 : Time 482.36s : 16384.86 words/s
[2019-08-01 10:04:20] Ep. 17 : Up. 352000 : Sen. 436,230 : Cost 47.06756592 : Time 461.58s : 17207.42 words/s
[2019-08-01 10:12:02] Ep. 17 : Up. 354000 : Sen. 762,164 : Cost 47.35478592 : Time 461.75s : 17203.46 words/s
[2019-08-01 10:19:44] Ep. 17 : Up. 356000 : Sen. 1,088,000 : Cost 47.41370010 : Time 461.78s : 17172.44 words/s
[2019-08-01 10:27:25] Ep. 17 : Up. 358000 : Sen. 1,413,610 : Cost 47.41909409 : Time 461.31s : 17189.75 words/s
[2019-08-01 10:35:07] Ep. 17 : Up. 360000 : Sen. 1,739,200 : Cost 47.54715347 : Time 461.78s : 17182.86 words/s
[2019-08-01 10:35:07] Saving model to ../experiments/100M_bicleaner_dom_0.50_dcce_biced_hdiff/model/model.npz.orig.npz
[2019-08-01 10:35:13] Saving model to ../experiments/100M_bicleaner_dom_0.50_dcce_biced_hdiff/model/model.iter360000.npz
[2019-08-01 10:35:15] Saving model to ../experiments/100M_bicleaner_dom_0.50_dcce_biced_hdiff/model/model.npz
[2019-08-01 10:35:22] Saving Adam parameters to ../experiments/100M_bicleaner_dom_0.50_dcce_biced_hdiff/model/model.npz.optimizer.npz
[2019-08-01 10:35:42] [valid] Ep. 17 : Up. 360000 : cross-entropy : 38.3746 : new best
[2019-08-01 10:35:48] [valid] Ep. 17 : Up. 360000 : perplexity : 4.55033 : new best
[2019-08-01 10:36:43] [valid] Ep. 17 : Up. 360000 : translation : 31.08 : new best
[2019-08-01 10:44:28] Ep. 17 : Up. 362000 : Sen. 2,066,342 : Cost 47.69123077 : Time 561.08s : 14186.06 words/s
[2019-08-01 10:52:10] Ep. 17 : Up. 364000 : Sen. 2,391,943 : Cost 47.60741806 : Time 462.52s : 17136.02 words/s
[2019-08-01 10:59:54] Ep. 17 : Up. 366000 : Sen. 2,718,672 : Cost 47.47162628 : Time 463.29s : 17170.45 words/s
[2019-08-01 11:07:36] Ep. 17 : Up. 368000 : Sen. 3,043,347 : Cost 48.02672958 : Time 462.58s : 17151.86 words/s
[2019-08-01 11:15:18] Ep. 17 : Up. 370000 : Sen. 3,369,431 : Cost 47.79871368 : Time 461.59s : 17162.31 words/s
[2019-08-01 11:19:43] Seen 3556041 samples
[2019-08-01 11:19:43] Starting epoch 18
[2019-08-01 11:19:43] [data] Shuffling data
[2019-08-01 11:19:46] [data] Done reading 4338187 sentences
[2019-08-01 11:20:06] [data] Done shuffling 4338187 sentences to temp files
[2019-08-01 11:23:24] Ep. 18 : Up. 372000 : Sen. 138,936 : Cost 47.30545807 : Time 486.36s : 16287.44 words/s
[2019-08-01 11:31:07] Ep. 18 : Up. 374000 : Sen. 465,258 : Cost 46.64731216 : Time 463.02s : 17167.97 words/s
[2019-08-01 11:38:47] Ep. 18 : Up. 376000 : Sen. 790,279 : Cost 46.99873734 : Time 460.28s : 17172.16 words/s
[2019-08-01 11:46:28] Ep. 18 : Up. 378000 : Sen. 1,115,859 : Cost 47.24052048 : Time 461.09s : 17205.94 words/s
[2019-08-01 11:54:09] Ep. 18 : Up. 380000 : Sen. 1,440,264 : Cost 47.24877548 : Time 460.33s : 17150.08 words/s
[2019-08-01 11:54:09] Saving model to ../experiments/100M_bicleaner_dom_0.50_dcce_biced_hdiff/model/model.npz.orig.npz
[2019-08-01 11:54:14] Saving model to ../experiments/100M_bicleaner_dom_0.50_dcce_biced_hdiff/model/model.iter380000.npz
[2019-08-01 11:54:16] Saving model to ../experiments/100M_bicleaner_dom_0.50_dcce_biced_hdiff/model/model.npz
[2019-08-01 11:54:22] Saving Adam parameters to ../experiments/100M_bicleaner_dom_0.50_dcce_biced_hdiff/model/model.npz.optimizer.npz
[2019-08-01 11:54:41] [valid] Ep. 18 : Up. 380000 : cross-entropy : 38.3562 : new best
[2019-08-01 11:54:48] [valid] Ep. 18 : Up. 380000 : perplexity : 4.54703 : new best
[2019-08-01 11:55:42] [valid] Ep. 18 : Up. 380000 : translation : 30.85 : stalled 1 times (last best: 31.08)
[2019-08-01 12:03:26] Ep. 18 : Up. 382000 : Sen. 1,766,136 : Cost 47.24325943 : Time 556.91s : 14241.32 words/s
[2019-08-01 12:11:08] Ep. 18 : Up. 384000 : Sen. 2,091,374 : Cost 47.34686661 : Time 462.23s : 17149.97 words/s
[2019-08-01 12:18:51] Ep. 18 : Up. 386000 : Sen. 2,417,103 : Cost 47.58801270 : Time 463.03s : 17161.88 words/s
[2019-08-01 12:26:34] Ep. 18 : Up. 388000 : Sen. 2,743,915 : Cost 47.61639023 : Time 463.18s : 17181.79 words/s
[2019-08-01 12:34:17] Ep. 18 : Up. 390000 : Sen. 3,069,938 : Cost 47.53097916 : Time 463.18s : 17154.24 words/s
[2019-08-01 12:41:58] Ep. 18 : Up. 392000 : Sen. 3,394,216 : Cost 47.65549469 : Time 460.46s : 17137.71 words/s
[2019-08-01 12:45:47] Seen 3556041 samples
[2019-08-01 12:45:47] Starting epoch 19
[2019-08-01 12:45:47] [data] Shuffling data
[2019-08-01 12:45:50] [data] Done reading 4338187 sentences
[2019-08-01 12:46:12] [data] Done shuffling 4338187 sentences to temp files
[2019-08-01 12:50:05] Ep. 19 : Up. 394000 : Sen. 163,301 : Cost 47.07568741 : Time 486.87s : 16240.85 words/s
[2019-08-01 12:57:47] Ep. 19 : Up. 396000 : Sen. 488,514 : Cost 46.78370667 : Time 462.80s : 17134.09 words/s
[2019-08-01 13:05:30] Ep. 19 : Up. 398000 : Sen. 814,302 : Cost 46.60932922 : Time 462.08s : 17167.76 words/s
[2019-08-01 13:13:13] Ep. 19 : Up. 400000 : Sen. 1,140,494 : Cost 46.96170044 : Time 463.89s : 17131.64 words/s
[2019-08-01 13:13:13] Saving model to ../experiments/100M_bicleaner_dom_0.50_dcce_biced_hdiff/model/model.npz.orig.npz
[2019-08-01 13:13:19] Saving model to ../experiments/100M_bicleaner_dom_0.50_dcce_biced_hdiff/model/model.iter400000.npz
[2019-08-01 13:13:21] Saving model to ../experiments/100M_bicleaner_dom_0.50_dcce_biced_hdiff/model/model.npz
[2019-08-01 13:13:27] Saving Adam parameters to ../experiments/100M_bicleaner_dom_0.50_dcce_biced_hdiff/model/model.npz.optimizer.npz
[2019-08-01 13:13:46] [valid] Ep. 19 : Up. 400000 : cross-entropy : 38.2654 : new best
[2019-08-01 13:13:52] [valid] Ep. 19 : Up. 400000 : perplexity : 4.53076 : new best
[2019-08-01 13:14:46] [valid] Ep. 19 : Up. 400000 : translation : 31.03 : stalled 2 times (last best: 31.08)
[2019-08-01 13:22:31] Ep. 19 : Up. 402000 : Sen. 1,466,112 : Cost 47.10408783 : Time 557.29s : 14230.20 words/s
[2019-08-01 13:30:13] Ep. 19 : Up. 404000 : Sen. 1,792,264 : Cost 47.06817245 : Time 462.78s : 17148.42 words/s
[2019-08-01 13:37:56] Ep. 19 : Up. 406000 : Sen. 2,118,004 : Cost 46.94226456 : Time 462.41s : 17135.05 words/s
[2019-08-01 13:45:38] Ep. 19 : Up. 408000 : Sen. 2,442,884 : Cost 47.03116989 : Time 462.17s : 17122.59 words/s
[2019-08-01 13:53:21] Ep. 19 : Up. 410000 : Sen. 2,768,830 : Cost 47.14924240 : Time 462.69s : 17157.40 words/s
[2019-08-01 14:01:02] Ep. 19 : Up. 412000 : Sen. 3,093,521 : Cost 47.22519684 : Time 461.37s : 17130.26 words/s
[2019-08-01 14:08:44] Ep. 19 : Up. 414000 : Sen. 3,418,081 : Cost 47.48278427 : Time 462.18s : 17111.84 words/s
[2019-08-01 14:12:00] Seen 3556041 samples
[2019-08-01 14:12:00] Starting epoch 20
[2019-08-01 14:12:00] [data] Shuffling data
[2019-08-01 14:12:03] [data] Done reading 4338187 sentences
[2019-08-01 14:12:24] [data] Done shuffling 4338187 sentences to temp files
[2019-08-01 14:16:50] Ep. 20 : Up. 416000 : Sen. 187,081 : Cost 46.69268036 : Time 485.67s : 16287.97 words/s
[2019-08-01 14:24:34] Ep. 20 : Up. 418000 : Sen. 512,826 : Cost 46.25490189 : Time 463.84s : 17107.77 words/s
[2019-08-01 14:32:20] Ep. 20 : Up. 420000 : Sen. 840,003 : Cost 46.51353073 : Time 466.12s : 17096.49 words/s
[2019-08-01 14:32:20] Saving model to ../experiments/100M_bicleaner_dom_0.50_dcce_biced_hdiff/model/model.npz.orig.npz
[2019-08-01 14:32:25] Saving model to ../experiments/100M_bicleaner_dom_0.50_dcce_biced_hdiff/model/model.iter420000.npz
[2019-08-01 14:32:28] Saving model to ../experiments/100M_bicleaner_dom_0.50_dcce_biced_hdiff/model/model.npz
[2019-08-01 14:32:34] Saving Adam parameters to ../experiments/100M_bicleaner_dom_0.50_dcce_biced_hdiff/model/model.npz.optimizer.npz
[2019-08-01 14:32:53] [valid] Ep. 20 : Up. 420000 : cross-entropy : 38.1793 : new best
[2019-08-01 14:32:59] [valid] Ep. 20 : Up. 420000 : perplexity : 4.51537 : new best
[2019-08-01 14:33:54] [valid] Ep. 20 : Up. 420000 : translation : 31.14 : new best
[2019-08-01 14:41:39] Ep. 20 : Up. 422000 : Sen. 1,165,996 : Cost 46.52851868 : Time 559.45s : 14190.07 words/s
[2019-08-01 14:49:22] Ep. 20 : Up. 424000 : Sen. 1,492,056 : Cost 46.83877945 : Time 463.00s : 17134.47 words/s
[2019-08-01 14:57:06] Ep. 20 : Up. 426000 : Sen. 1,818,566 : Cost 46.85949326 : Time 463.52s : 17158.54 words/s
[2019-08-01 15:04:49] Ep. 20 : Up. 428000 : Sen. 2,145,027 : Cost 46.81658554 : Time 463.54s : 17129.60 words/s
[2019-08-01 15:12:32] Ep. 20 : Up. 430000 : Sen. 2,470,532 : Cost 46.83930969 : Time 462.22s : 17143.96 words/s
[2019-08-01 15:20:14] Ep. 20 : Up. 432000 : Sen. 2,795,408 : Cost 47.26236343 : Time 462.18s : 17136.88 words/s
[2019-08-01 15:27:56] Ep. 20 : Up. 434000 : Sen. 3,121,055 : Cost 47.07913971 : Time 462.34s : 17151.36 words/s
[2019-08-01 15:35:39] Ep. 20 : Up. 436000 : Sen. 3,447,240 : Cost 47.16392136 : Time 462.92s : 17146.79 words/s
[2019-08-01 15:38:14] Seen 3556041 samples
[2019-08-01 15:38:14] Starting epoch 21
[2019-08-01 15:38:14] [data] Shuffling data
[2019-08-01 15:38:17] [data] Done reading 4338187 sentences
[2019-08-01 15:38:38] [data] Done shuffling 4338187 sentences to temp files
[2019-08-01 15:43:46] Ep. 21 : Up. 438000 : Sen. 216,847 : Cost 46.35048294 : Time 487.20s : 16281.86 words/s
[2019-08-01 15:51:29] Ep. 21 : Up. 440000 : Sen. 543,736 : Cost 46.19157410 : Time 462.98s : 17180.81 words/s
[2019-08-01 15:51:29] Saving model to ../experiments/100M_bicleaner_dom_0.50_dcce_biced_hdiff/model/model.npz.orig.npz
[2019-08-01 15:51:35] Saving model to ../experiments/100M_bicleaner_dom_0.50_dcce_biced_hdiff/model/model.iter440000.npz
[2019-08-01 15:51:37] Saving model to ../experiments/100M_bicleaner_dom_0.50_dcce_biced_hdiff/model/model.npz
[2019-08-01 15:51:43] Saving Adam parameters to ../experiments/100M_bicleaner_dom_0.50_dcce_biced_hdiff/model/model.npz.optimizer.npz
[2019-08-01 15:52:03] [valid] Ep. 21 : Up. 440000 : cross-entropy : 38.1449 : new best
[2019-08-01 15:52:09] [valid] Ep. 21 : Up. 440000 : perplexity : 4.50924 : new best
[2019-08-01 15:53:04] [valid] Ep. 21 : Up. 440000 : translation : 31.06 : stalled 1 times (last best: 31.14)
[2019-08-01 16:00:49] Ep. 21 : Up. 442000 : Sen. 870,804 : Cost 46.38571930 : Time 560.06s : 14213.62 words/s
[2019-08-01 16:08:31] Ep. 21 : Up. 444000 : Sen. 1,196,263 : Cost 46.49447250 : Time 461.77s : 17166.99 words/s
[2019-08-01 16:16:11] Ep. 21 : Up. 446000 : Sen. 1,521,063 : Cost 46.43254471 : Time 460.32s : 17169.66 words/s
[2019-08-01 16:23:54] Ep. 21 : Up. 448000 : Sen. 1,847,553 : Cost 46.65352249 : Time 462.59s : 17187.22 words/s
[2019-08-01 16:31:36] Ep. 21 : Up. 450000 : Sen. 2,173,725 : Cost 46.63966370 : Time 462.30s : 17167.84 words/s
[2019-08-01 16:39:18] Ep. 21 : Up. 452000 : Sen. 2,499,233 : Cost 46.84594727 : Time 461.64s : 17168.36 words/s
[2019-08-01 16:46:59] Ep. 21 : Up. 454000 : Sen. 2,823,726 : Cost 46.88519287 : Time 461.33s : 17148.90 words/s
[2019-08-01 16:54:41] Ep. 21 : Up. 456000 : Sen. 3,150,010 : Cost 47.02917480 : Time 462.18s : 17202.22 words/s
[2019-08-01 17:02:23] Ep. 21 : Up. 458000 : Sen. 3,474,315 : Cost 47.07323456 : Time 461.33s : 17145.96 words/s
[2019-08-01 17:04:18] Seen 3556041 samples
[2019-08-01 17:04:18] Starting epoch 22
[2019-08-01 17:04:18] [data] Shuffling data
[2019-08-01 17:04:21] [data] Done reading 4338187 sentences
[2019-08-01 17:04:42] [data] Done shuffling 4338187 sentences to temp files
[2019-08-01 17:10:30] Ep. 22 : Up. 460000 : Sen. 245,034 : Cost 46.07062912 : Time 487.09s : 16313.74 words/s
[2019-08-01 17:10:30] Saving model to ../experiments/100M_bicleaner_dom_0.50_dcce_biced_hdiff/model/model.npz.orig.npz
[2019-08-01 17:10:35] Saving model to ../experiments/100M_bicleaner_dom_0.50_dcce_biced_hdiff/model/model.iter460000.npz
[2019-08-01 17:10:38] Saving model to ../experiments/100M_bicleaner_dom_0.50_dcce_biced_hdiff/model/model.npz
[2019-08-01 17:10:44] Saving Adam parameters to ../experiments/100M_bicleaner_dom_0.50_dcce_biced_hdiff/model/model.npz.optimizer.npz
[2019-08-01 17:11:02] [valid] Ep. 22 : Up. 460000 : cross-entropy : 38.0545 : new best
[2019-08-01 17:11:08] [valid] Ep. 22 : Up. 460000 : perplexity : 4.49317 : new best
[2019-08-01 17:12:03] [valid] Ep. 22 : Up. 460000 : translation : 31.17 : new best
[2019-08-01 17:19:46] Ep. 22 : Up. 462000 : Sen. 570,872 : Cost 45.85088730 : Time 556.54s : 14261.51 words/s
[2019-08-01 17:27:31] Ep. 22 : Up. 464000 : Sen. 898,214 : Cost 46.16316223 : Time 464.69s : 17154.46 words/s
[2019-08-01 17:35:14] Ep. 22 : Up. 466000 : Sen. 1,224,787 : Cost 46.10066223 : Time 463.09s : 17150.93 words/s
[2019-08-01 17:42:56] Ep. 22 : Up. 468000 : Sen. 1,549,593 : Cost 46.31807327 : Time 461.51s : 17143.07 words/s
[2019-08-01 17:50:39] Ep. 22 : Up. 470000 : Sen. 1,875,736 : Cost 46.50754929 : Time 463.70s : 17128.73 words/s
[2019-08-01 17:58:22] Ep. 22 : Up. 472000 : Sen. 2,200,547 : Cost 46.58221817 : Time 463.06s : 17086.28 words/s
[2019-08-01 18:06:06] Ep. 22 : Up. 474000 : Sen. 2,525,527 : Cost 46.78271484 : Time 463.45s : 17113.58 words/s
[2019-08-01 18:13:51] Ep. 22 : Up. 476000 : Sen. 2,851,727 : Cost 46.76081085 : Time 464.89s : 17103.75 words/s
[2019-08-01 18:21:37] Ep. 22 : Up. 478000 : Sen. 3,178,167 : Cost 46.62459946 : Time 466.56s : 16997.87 words/s
[2019-08-01 18:29:24] Ep. 22 : Up. 480000 : Sen. 3,504,086 : Cost 46.70487213 : Time 466.53s : 17022.99 words/s
[2019-08-01 18:29:24] Saving model to ../experiments/100M_bicleaner_dom_0.50_dcce_biced_hdiff/model/model.npz.orig.npz
[2019-08-01 18:29:29] Saving model to ../experiments/100M_bicleaner_dom_0.50_dcce_biced_hdiff/model/model.iter480000.npz
[2019-08-01 18:29:31] Saving model to ../experiments/100M_bicleaner_dom_0.50_dcce_biced_hdiff/model/model.npz
[2019-08-01 18:29:37] Saving Adam parameters to ../experiments/100M_bicleaner_dom_0.50_dcce_biced_hdiff/model/model.npz.optimizer.npz
[2019-08-01 18:29:56] [valid] Ep. 22 : Up. 480000 : cross-entropy : 38.0699 : stalled 1 times (last best: 38.0545)
[2019-08-01 18:30:02] [valid] Ep. 22 : Up. 480000 : perplexity : 4.49592 : stalled 1 times (last best: 4.49317)
[2019-08-01 18:30:57] [valid] Ep. 22 : Up. 480000 : translation : 31.31 : new best
[2019-08-01 18:32:13] Seen 3556041 samples
[2019-08-01 18:32:13] Starting epoch 23
[2019-08-01 18:32:13] [data] Shuffling data
[2019-08-01 18:32:16] [data] Done reading 4338187 sentences
[2019-08-01 18:32:41] [data] Done shuffling 4338187 sentences to temp files
[2019-08-01 18:39:13] Ep. 23 : Up. 482000 : Sen. 274,175 : Cost 45.80599976 : Time 589.05s : 13475.78 words/s
[2019-08-01 18:46:59] Ep. 23 : Up. 484000 : Sen. 600,164 : Cost 46.00421524 : Time 465.70s : 17071.90 words/s
[2019-08-01 18:54:44] Ep. 23 : Up. 486000 : Sen. 926,094 : Cost 45.92234039 : Time 465.15s : 17048.24 words/s
[2019-08-01 19:02:27] Ep. 23 : Up. 488000 : Sen. 1,251,353 : Cost 45.94147873 : Time 462.80s : 17108.06 words/s
[2019-08-01 19:10:11] Ep. 23 : Up. 490000 : Sen. 1,576,808 : Cost 46.12563705 : Time 464.53s : 17069.24 words/s
[2019-08-01 19:17:55] Ep. 23 : Up. 492000 : Sen. 1,902,439 : Cost 46.44196320 : Time 464.21s : 17085.60 words/s
[2019-08-01 19:25:40] Ep. 23 : Up. 494000 : Sen. 2,228,767 : Cost 46.35473633 : Time 465.02s : 17078.95 words/s
[2019-08-01 19:33:26] Ep. 23 : Up. 496000 : Sen. 2,554,839 : Cost 46.46858597 : Time 465.37s : 17055.99 words/s
[2019-08-01 19:41:09] Ep. 23 : Up. 498000 : Sen. 2,880,174 : Cost 46.56734085 : Time 463.63s : 17082.82 words/s
[2019-08-01 19:48:51] Ep. 23 : Up. 500000 : Sen. 3,204,931 : Cost 46.60519791 : Time 461.47s : 17148.17 words/s
[2019-08-01 19:48:51] Saving model to ../experiments/100M_bicleaner_dom_0.50_dcce_biced_hdiff/model/model.npz.orig.npz
[2019-08-01 19:48:56] Saving model to ../experiments/100M_bicleaner_dom_0.50_dcce_biced_hdiff/model/model.iter500000.npz
[2019-08-01 19:48:58] Saving model to ../experiments/100M_bicleaner_dom_0.50_dcce_biced_hdiff/model/model.npz
[2019-08-01 19:49:05] Saving Adam parameters to ../experiments/100M_bicleaner_dom_0.50_dcce_biced_hdiff/model/model.npz.optimizer.npz
[2019-08-01 19:49:23] [valid] Ep. 23 : Up. 500000 : cross-entropy : 38.0749 : stalled 2 times (last best: 38.0545)
[2019-08-01 19:49:29] [valid] Ep. 23 : Up. 500000 : perplexity : 4.4968 : stalled 2 times (last best: 4.49317)
[2019-08-01 19:50:23] [valid] Ep. 23 : Up. 500000 : translation : 31.25 : stalled 1 times (last best: 31.31)
[2019-08-01 19:58:05] Ep. 23 : Up. 502000 : Sen. 3,529,873 : Cost 46.36810303 : Time 553.98s : 14254.39 words/s
[2019-08-01 19:58:42] Seen 3556041 samples
[2019-08-01 19:58:42] Starting epoch 24
[2019-08-01 19:58:42] [data] Shuffling data
[2019-08-01 19:58:45] [data] Done reading 4338187 sentences
[2019-08-01 19:59:06] [data] Done shuffling 4338187 sentences to temp files
[2019-08-01 20:06:11] Ep. 24 : Up. 504000 : Sen. 299,902 : Cost 45.72859955 : Time 486.00s : 16376.62 words/s
[2019-08-01 20:13:53] Ep. 24 : Up. 506000 : Sen. 626,480 : Cost 45.63290405 : Time 461.84s : 17189.03 words/s
[2019-08-01 20:21:33] Ep. 24 : Up. 508000 : Sen. 951,708 : Cost 45.69489670 : Time 460.57s : 17182.99 words/s
[2019-08-01 20:29:14] Ep. 24 : Up. 510000 : Sen. 1,276,646 : Cost 45.91387177 : Time 460.52s : 17179.68 words/s
[2019-08-01 20:36:56] Ep. 24 : Up. 512000 : Sen. 1,602,652 : Cost 45.81795883 : Time 462.38s : 17170.07 words/s
[2019-08-01 20:44:37] Ep. 24 : Up. 514000 : Sen. 1,927,723 : Cost 45.98490524 : Time 460.39s : 17172.97 words/s
[2019-08-01 20:52:19] Ep. 24 : Up. 516000 : Sen. 2,253,788 : Cost 46.25273132 : Time 462.82s : 17194.77 words/s
[2019-08-01 21:00:02] Ep. 24 : Up. 518000 : Sen. 2,580,536 : Cost 46.34143066 : Time 462.95s : 17191.34 words/s
[2019-08-01 21:07:44] Ep. 24 : Up. 520000 : Sen. 2,905,732 : Cost 46.32698441 : Time 461.48s : 17160.59 words/s
[2019-08-01 21:07:44] Saving model to ../experiments/100M_bicleaner_dom_0.50_dcce_biced_hdiff/model/model.npz.orig.npz
[2019-08-01 21:07:49] Saving model to ../experiments/100M_bicleaner_dom_0.50_dcce_biced_hdiff/model/model.iter520000.npz
[2019-08-01 21:07:52] Saving model to ../experiments/100M_bicleaner_dom_0.50_dcce_biced_hdiff/model/model.npz
[2019-08-01 21:07:57] Saving Adam parameters to ../experiments/100M_bicleaner_dom_0.50_dcce_biced_hdiff/model/model.npz.optimizer.npz
[2019-08-01 21:08:15] [valid] Ep. 24 : Up. 520000 : cross-entropy : 38.0529 : new best
[2019-08-01 21:08:22] [valid] Ep. 24 : Up. 520000 : perplexity : 4.4929 : new best
[2019-08-01 21:09:16] [valid] Ep. 24 : Up. 520000 : translation : 31.09 : stalled 2 times (last best: 31.31)
[2019-08-01 21:17:00] Ep. 24 : Up. 522000 : Sen. 3,231,826 : Cost 46.56818390 : Time 556.39s : 14260.20 words/s
[2019-08-01 21:24:40] Seen 3556041 samples
[2019-08-01 21:24:40] Starting epoch 25
[2019-08-01 21:24:40] [data] Shuffling data
[2019-08-01 21:24:43] [data] Done reading 4338187 sentences
[2019-08-01 21:25:04] [data] Done shuffling 4338187 sentences to temp files
[2019-08-01 21:25:07] Ep. 25 : Up. 524000 : Sen. 1,545 : Cost 46.33903885 : Time 487.31s : 16284.93 words/s
[2019-08-01 21:32:49] Ep. 25 : Up. 526000 : Sen. 326,881 : Cost 45.28581238 : Time 461.38s : 17192.10 words/s
[2019-08-01 21:40:31] Ep. 25 : Up. 528000 : Sen. 652,543 : Cost 45.71951294 : Time 462.02s : 17157.42 words/s
[2019-08-01 21:48:14] Ep. 25 : Up. 530000 : Sen. 978,925 : Cost 45.76008606 : Time 463.08s : 17168.47 words/s
[2019-08-01 21:55:56] Ep. 25 : Up. 532000 : Sen. 1,304,869 : Cost 45.79710770 : Time 462.41s : 17168.94 words/s
[2019-08-01 22:03:40] Ep. 25 : Up. 534000 : Sen. 1,630,672 : Cost 45.87780380 : Time 463.48s : 17129.62 words/s
[2019-08-01 22:11:22] Ep. 25 : Up. 536000 : Sen. 1,956,581 : Cost 45.87735367 : Time 462.05s : 17151.47 words/s
[2019-08-01 22:19:04] Ep. 25 : Up. 538000 : Sen. 2,282,686 : Cost 45.82945633 : Time 462.07s : 17165.91 words/s
[2019-08-01 22:26:46] Ep. 25 : Up. 540000 : Sen. 2,607,978 : Cost 46.08758926 : Time 461.93s : 17159.26 words/s
[2019-08-01 22:26:46] Saving model to ../experiments/100M_bicleaner_dom_0.50_dcce_biced_hdiff/model/model.npz.orig.npz
[2019-08-01 22:26:51] Saving model to ../experiments/100M_bicleaner_dom_0.50_dcce_biced_hdiff/model/model.iter540000.npz
[2019-08-01 22:26:53] Saving model to ../experiments/100M_bicleaner_dom_0.50_dcce_biced_hdiff/model/model.npz
[2019-08-01 22:26:59] Saving Adam parameters to ../experiments/100M_bicleaner_dom_0.50_dcce_biced_hdiff/model/model.npz.optimizer.npz
[2019-08-01 22:27:16] [valid] Ep. 25 : Up. 540000 : cross-entropy : 38.0733 : stalled 1 times (last best: 38.0529)
[2019-08-01 22:27:23] [valid] Ep. 25 : Up. 540000 : perplexity : 4.49651 : stalled 1 times (last best: 4.4929)
[2019-08-01 22:28:17] [valid] Ep. 25 : Up. 540000 : translation : 31.33 : new best
[2019-08-01 22:36:01] Ep. 25 : Up. 542000 : Sen. 2,932,979 : Cost 46.06175232 : Time 554.73s : 14281.06 words/s
[2019-08-01 22:43:42] Ep. 25 : Up. 544000 : Sen. 3,258,753 : Cost 46.14547348 : Time 461.28s : 17164.78 words/s
[2019-08-01 22:50:45] Seen 3556041 samples
[2019-08-01 22:50:45] Starting epoch 26
[2019-08-01 22:50:45] [data] Shuffling data
[2019-08-01 22:50:48] [data] Done reading 4338187 sentences
[2019-08-01 22:51:09] [data] Done shuffling 4338187 sentences to temp files
[2019-08-01 22:51:50] Ep. 26 : Up. 546000 : Sen. 28,416 : Cost 46.17731857 : Time 487.98s : 16263.52 words/s
[2019-08-01 22:59:33] Ep. 26 : Up. 548000 : Sen. 354,736 : Cost 45.21448517 : Time 463.09s : 17158.09 words/s
[2019-08-01 23:07:16] Ep. 26 : Up. 550000 : Sen. 680,463 : Cost 45.40005493 : Time 462.69s : 17164.80 words/s
[2019-08-01 23:14:59] Ep. 26 : Up. 552000 : Sen. 1,006,567 : Cost 45.60352325 : Time 463.00s : 17156.48 words/s
[2019-08-01 23:22:40] Ep. 26 : Up. 554000 : Sen. 1,331,332 : Cost 45.62855148 : Time 461.66s : 17135.81 words/s
[2019-08-01 23:30:24] Ep. 26 : Up. 556000 : Sen. 1,657,732 : Cost 45.52903366 : Time 463.48s : 17151.76 words/s
[2019-08-01 23:38:07] Ep. 26 : Up. 558000 : Sen. 1,983,506 : Cost 45.93274307 : Time 463.06s : 17145.16 words/s
[2019-08-01 23:45:49] Ep. 26 : Up. 560000 : Sen. 2,308,855 : Cost 45.80562592 : Time 462.08s : 17134.13 words/s
[2019-08-01 23:45:49] Saving model to ../experiments/100M_bicleaner_dom_0.50_dcce_biced_hdiff/model/model.npz.orig.npz
[2019-08-01 23:45:54] Saving model to ../experiments/100M_bicleaner_dom_0.50_dcce_biced_hdiff/model/model.iter560000.npz
[2019-08-01 23:45:57] Saving model to ../experiments/100M_bicleaner_dom_0.50_dcce_biced_hdiff/model/model.npz
[2019-08-01 23:46:02] Saving Adam parameters to ../experiments/100M_bicleaner_dom_0.50_dcce_biced_hdiff/model/model.npz.optimizer.npz
[2019-08-01 23:46:20] [valid] Ep. 26 : Up. 560000 : cross-entropy : 38.063 : stalled 2 times (last best: 38.0529)
[2019-08-01 23:46:26] [valid] Ep. 26 : Up. 560000 : perplexity : 4.49468 : stalled 2 times (last best: 4.4929)
[2019-08-01 23:47:21] [valid] Ep. 26 : Up. 560000 : translation : 31.32 : stalled 1 times (last best: 31.33)
[2019-08-01 23:57:07] Ep. 26 : Up. 562000 : Sen. 2,636,362 : Cost 45.63487244 : Time 677.57s : 11752.79 words/s
[2019-08-02 00:16:23] Ep. 26 : Up. 564000 : Sen. 2,964,308 : Cost 45.83256531 : Time 1156.37s : 6898.24 words/s
[2019-08-02 00:35:32] Ep. 26 : Up. 566000 : Sen. 3,289,370 : Cost 46.21583176 : Time 1149.42s : 6889.29 words/s
[2019-08-02 00:51:16] Seen 3556041 samples
[2019-08-02 00:51:16] Starting epoch 27
[2019-08-02 00:51:16] [data] Shuffling data
[2019-08-02 00:51:19] [data] Done reading 4338187 sentences
[2019-08-02 00:51:41] [data] Done shuffling 4338187 sentences to temp files
[2019-08-02 00:55:10] Ep. 27 : Up. 568000 : Sen. 58,762 : Cost 46.02170181 : Time 1177.66s : 6733.72 words/s
[2019-08-02 01:14:23] Ep. 27 : Up. 570000 : Sen. 385,591 : Cost 44.94896698 : Time 1153.44s : 6896.84 words/s
[2019-08-02 01:33:33] Ep. 27 : Up. 572000 : Sen. 711,797 : Cost 45.10678101 : Time 1149.69s : 6903.04 words/s
[2019-08-02 01:52:52] Ep. 27 : Up. 574000 : Sen. 1,036,536 : Cost 45.33516312 : Time 1159.08s : 6824.46 words/s
[2019-08-02 02:12:09] Ep. 27 : Up. 576000 : Sen. 1,361,487 : Cost 45.33810425 : Time 1156.69s : 6831.54 words/s
[2019-08-02 02:31:25] Ep. 27 : Up. 578000 : Sen. 1,686,100 : Cost 45.64310455 : Time 1155.97s : 6846.97 words/s
[2019-08-02 02:50:41] Ep. 27 : Up. 580000 : Sen. 2,012,189 : Cost 45.55367279 : Time 1156.12s : 6866.07 words/s
[2019-08-02 02:50:41] Saving model to ../experiments/100M_bicleaner_dom_0.50_dcce_biced_hdiff/model/model.npz.orig.npz
[2019-08-02 02:50:47] Saving model to ../experiments/100M_bicleaner_dom_0.50_dcce_biced_hdiff/model/model.iter580000.npz
[2019-08-02 02:50:49] Saving model to ../experiments/100M_bicleaner_dom_0.50_dcce_biced_hdiff/model/model.npz
[2019-08-02 02:50:55] Saving Adam parameters to ../experiments/100M_bicleaner_dom_0.50_dcce_biced_hdiff/model/model.npz.optimizer.npz
[2019-08-02 02:51:21] [valid] Ep. 27 : Up. 580000 : cross-entropy : 38.0691 : stalled 3 times (last best: 38.0529)
[2019-08-02 02:51:34] [valid] Ep. 27 : Up. 580000 : perplexity : 4.49576 : stalled 3 times (last best: 4.4929)
[2019-08-02 02:53:02] [valid] Ep. 27 : Up. 580000 : translation : 31.15 : stalled 2 times (last best: 31.33)
[2019-08-02 03:10:37] Ep. 27 : Up. 582000 : Sen. 2,337,724 : Cost 45.98573303 : Time 1196.01s : 6639.46 words/s
[2019-08-02 03:29:55] Ep. 27 : Up. 584000 : Sen. 2,663,213 : Cost 45.89793777 : Time 1158.24s : 6846.85 words/s
[2019-08-02 03:49:10] Ep. 27 : Up. 586000 : Sen. 2,989,281 : Cost 45.84803772 : Time 1154.56s : 6873.19 words/s
[2019-08-02 04:08:28] Ep. 27 : Up. 588000 : Sen. 3,314,894 : Cost 45.88183975 : Time 1158.04s : 6850.39 words/s
[2019-08-02 04:22:42] Seen 3556041 samples
[2019-08-02 04:22:42] Starting epoch 28
[2019-08-02 04:22:42] [data] Shuffling data
[2019-08-02 04:22:45] [data] Done reading 4338187 sentences
[2019-08-02 04:23:07] [data] Done shuffling 4338187 sentences to temp files
[2019-08-02 04:28:11] Ep. 28 : Up. 590000 : Sen. 85,428 : Cost 45.68816376 : Time 1183.07s : 6717.91 words/s
[2019-08-02 04:47:27] Ep. 28 : Up. 592000 : Sen. 411,525 : Cost 44.78573227 : Time 1155.70s : 6866.37 words/s
[2019-08-02 05:06:39] Ep. 28 : Up. 594000 : Sen. 735,540 : Cost 45.18936920 : Time 1152.07s : 6849.00 words/s
[2019-08-02 05:25:51] Ep. 28 : Up. 596000 : Sen. 1,062,087 : Cost 45.12076950 : Time 1152.13s : 6898.26 words/s
[2019-08-02 05:45:03] Ep. 28 : Up. 598000 : Sen. 1,385,908 : Cost 45.27101898 : Time 1152.16s : 6844.66 words/s
[2019-08-02 06:03:29] Ep. 28 : Up. 600000 : Sen. 1,712,889 : Cost 45.22464752 : Time 1105.81s : 7183.06 words/s
[2019-08-02 06:03:29] Saving model to ../experiments/100M_bicleaner_dom_0.50_dcce_biced_hdiff/model/model.npz.orig.npz
[2019-08-02 06:03:35] Saving model to ../experiments/100M_bicleaner_dom_0.50_dcce_biced_hdiff/model/model.iter600000.npz
[2019-08-02 06:03:37] Saving model to ../experiments/100M_bicleaner_dom_0.50_dcce_biced_hdiff/model/model.npz
[2019-08-02 06:03:42] Saving Adam parameters to ../experiments/100M_bicleaner_dom_0.50_dcce_biced_hdiff/model/model.npz.optimizer.npz
[2019-08-02 06:04:03] [valid] Ep. 28 : Up. 600000 : cross-entropy : 38.0566 : stalled 4 times (last best: 38.0529)
[2019-08-02 06:04:13] [valid] Ep. 28 : Up. 600000 : perplexity : 4.49355 : stalled 4 times (last best: 4.4929)
[2019-08-02 06:05:31] [valid] Ep. 28 : Up. 600000 : translation : 31.2 : stalled 3 times (last best: 31.33)
[2019-08-02 06:24:51] Ep. 28 : Up. 602000 : Sen. 2,038,581 : Cost 45.70312119 : Time 1282.38s : 6202.44 words/s
[2019-08-02 06:44:05] Ep. 28 : Up. 604000 : Sen. 2,363,713 : Cost 45.42367554 : Time 1154.02s : 6860.36 words/s
[2019-08-02 07:03:21] Ep. 28 : Up. 606000 : Sen. 2,689,904 : Cost 45.76689529 : Time 1155.51s : 6864.44 words/s
[2019-08-02 07:21:08] Ep. 28 : Up. 608000 : Sen. 3,014,970 : Cost 45.78157043 : Time 1067.20s : 7423.32 words/s
[2019-08-02 07:39:02] Ep. 28 : Up. 610000 : Sen. 3,340,800 : Cost 45.81389618 : Time 1074.40s : 7389.65 words/s
[2019-08-02 07:51:45] Seen 3556041 samples
[2019-08-02 07:51:45] Starting epoch 29
[2019-08-02 07:51:45] [data] Shuffling data
[2019-08-02 07:51:50] [data] Done reading 4338187 sentences
[2019-08-02 07:52:10] [data] Done shuffling 4338187 sentences to temp files
[2019-08-02 07:58:42] Ep. 29 : Up. 612000 : Sen. 110,140 : Cost 45.50290680 : Time 1179.30s : 6720.84 words/s
[2019-08-02 08:17:58] Ep. 29 : Up. 614000 : Sen. 436,638 : Cost 44.62335587 : Time 1156.76s : 6869.86 words/s
[2019-08-02 08:37:14] Ep. 29 : Up. 616000 : Sen. 761,600 : Cost 44.88530731 : Time 1155.37s : 6849.37 words/s
[2019-08-02 08:56:31] Ep. 29 : Up. 618000 : Sen. 1,088,536 : Cost 45.05644989 : Time 1157.40s : 6872.55 words/s
[2019-08-02 09:13:55] Ep. 29 : Up. 620000 : Sen. 1,413,774 : Cost 45.31679535 : Time 1044.39s : 7582.08 words/s
[2019-08-02 09:13:55] Saving model to ../experiments/100M_bicleaner_dom_0.50_dcce_biced_hdiff/model/model.npz.orig.npz
[2019-08-02 09:14:01] Saving model to ../experiments/100M_bicleaner_dom_0.50_dcce_biced_hdiff/model/model.iter620000.npz
[2019-08-02 09:14:03] Saving model to ../experiments/100M_bicleaner_dom_0.50_dcce_biced_hdiff/model/model.npz
[2019-08-02 09:14:09] Saving Adam parameters to ../experiments/100M_bicleaner_dom_0.50_dcce_biced_hdiff/model/model.npz.optimizer.npz
[2019-08-02 09:14:36] [valid] Ep. 29 : Up. 620000 : cross-entropy : 38.0512 : new best
[2019-08-02 09:14:50] [valid] Ep. 29 : Up. 620000 : perplexity : 4.49259 : new best
[2019-08-02 09:16:18] [valid] Ep. 29 : Up. 620000 : translation : 31.28 : stalled 4 times (last best: 31.33)
[2019-08-02 09:35:39] Ep. 29 : Up. 622000 : Sen. 1,740,438 : Cost 45.32714844 : Time 1303.96s : 6109.87 words/s
[2019-08-02 09:54:56] Ep. 29 : Up. 624000 : Sen. 2,066,001 : Cost 45.24522781 : Time 1156.75s : 6847.46 words/s
[2019-08-02 10:14:14] Ep. 29 : Up. 626000 : Sen. 2,392,041 : Cost 45.47510910 : Time 1157.75s : 6855.70 words/s
[2019-08-02 10:33:35] Ep. 29 : Up. 628000 : Sen. 2,718,407 : Cost 45.49213028 : Time 1161.35s : 6845.61 words/s
[2019-08-02 10:52:53] Ep. 29 : Up. 630000 : Sen. 3,044,237 : Cost 45.69230652 : Time 1157.88s : 6865.08 words/s
[2019-08-02 11:12:08] Ep. 29 : Up. 632000 : Sen. 3,370,149 : Cost 45.60397339 : Time 1155.25s : 6865.07 words/s
[2019-08-02 11:23:07] Seen 3556041 samples
[2019-08-02 11:23:07] Starting epoch 30
[2019-08-02 11:23:07] [data] Shuffling data
[2019-08-02 11:23:10] [data] Done reading 4338187 sentences
[2019-08-02 11:23:30] [data] Done shuffling 4338187 sentences to temp files
[2019-08-02 11:31:46] Ep. 30 : Up. 634000 : Sen. 139,792 : Cost 44.97212219 : Time 1177.13s : 6731.03 words/s
[2019-08-02 11:51:00] Ep. 30 : Up. 636000 : Sen. 465,212 : Cost 44.88286972 : Time 1154.53s : 6852.02 words/s
[2019-08-02 12:10:14] Ep. 30 : Up. 638000 : Sen. 790,711 : Cost 45.06863785 : Time 1154.38s : 6879.22 words/s
[2019-08-02 12:27:08] Ep. 30 : Up. 640000 : Sen. 1,116,606 : Cost 44.90205002 : Time 1013.39s : 7834.79 words/s
[2019-08-02 12:27:08] Saving model to ../experiments/100M_bicleaner_dom_0.50_dcce_biced_hdiff/model/model.npz.orig.npz
[2019-08-02 12:27:13] Saving model to ../experiments/100M_bicleaner_dom_0.50_dcce_biced_hdiff/model/model.iter640000.npz
[2019-08-02 12:27:16] Saving model to ../experiments/100M_bicleaner_dom_0.50_dcce_biced_hdiff/model/model.npz
[2019-08-02 12:27:21] Saving Adam parameters to ../experiments/100M_bicleaner_dom_0.50_dcce_biced_hdiff/model/model.npz.optimizer.npz
[2019-08-02 12:27:51] [valid] Ep. 30 : Up. 640000 : cross-entropy : 38.0594 : stalled 1 times (last best: 38.0512)
[2019-08-02 12:28:08] [valid] Ep. 30 : Up. 640000 : perplexity : 4.49406 : stalled 1 times (last best: 4.49259)
[2019-08-02 12:30:28] [valid] Ep. 30 : Up. 640000 : translation : 31.31 : stalled 5 times (last best: 31.33)
[2019-08-02 12:49:51] Ep. 30 : Up. 642000 : Sen. 1,442,249 : Cost 45.22149277 : Time 1363.08s : 5820.22 words/s
[2019-08-02 13:09:11] Ep. 30 : Up. 644000 : Sen. 1,767,529 : Cost 45.21830750 : Time 1159.91s : 6830.57 words/s
[2019-08-02 13:28:26] Ep. 30 : Up. 646000 : Sen. 2,091,990 : Cost 45.18318939 : Time 1155.26s : 6836.53 words/s
[2019-08-02 13:47:46] Ep. 30 : Up. 648000 : Sen. 2,416,946 : Cost 45.48260880 : Time 1160.16s : 6822.88 words/s
[2019-08-02 14:07:08] Ep. 30 : Up. 650000 : Sen. 2,742,663 : Cost 45.44354248 : Time 1161.85s : 6841.23 words/s
[2019-08-02 14:26:28] Ep. 30 : Up. 652000 : Sen. 3,069,212 : Cost 45.36980057 : Time 1159.63s : 6843.22 words/s
[2019-08-02 14:45:49] Ep. 30 : Up. 654000 : Sen. 3,396,073 : Cost 45.42588806 : Time 1161.33s : 6841.28 words/s
[2019-08-02 14:55:20] Seen 3556041 samples
[2019-08-02 14:55:20] Starting epoch 31
[2019-08-02 14:55:20] [data] Shuffling data
[2019-08-02 14:55:23] [data] Done reading 4338187 sentences
[2019-08-02 14:55:45] [data] Done shuffling 4338187 sentences to temp files
[2019-08-02 15:05:36] Ep. 31 : Up. 656000 : Sen. 166,136 : Cost 44.96725082 : Time 1186.48s : 6696.08 words/s
[2019-08-02 15:23:15] Ep. 31 : Up. 658000 : Sen. 491,651 : Cost 44.60249710 : Time 1059.25s : 7493.48 words/s
[2019-08-02 15:42:28] Ep. 31 : Up. 660000 : Sen. 818,052 : Cost 44.80571747 : Time 1153.04s : 6879.48 words/s
[2019-08-02 15:42:28] Saving model to ../experiments/100M_bicleaner_dom_0.50_dcce_biced_hdiff/model/model.npz.orig.npz
[2019-08-02 15:42:34] Saving model to ../experiments/100M_bicleaner_dom_0.50_dcce_biced_hdiff/model/model.iter660000.npz
[2019-08-02 15:42:36] Saving model to ../experiments/100M_bicleaner_dom_0.50_dcce_biced_hdiff/model/model.npz
[2019-08-02 15:42:42] Saving Adam parameters to ../experiments/100M_bicleaner_dom_0.50_dcce_biced_hdiff/model/model.npz.optimizer.npz
[2019-08-02 15:43:14] [valid] Ep. 31 : Up. 660000 : cross-entropy : 38.0162 : new best
[2019-08-02 15:43:30] [valid] Ep. 31 : Up. 660000 : perplexity : 4.48639 : new best
[2019-08-02 15:45:50] [valid] Ep. 31 : Up. 660000 : translation : 31.25 : stalled 6 times (last best: 31.33)
[2019-08-02 15:58:10] Ep. 31 : Up. 662000 : Sen. 1,144,980 : Cost 45.08835983 : Time 941.78s : 8446.07 words/s
[2019-08-02 16:05:52] Ep. 31 : Up. 664000 : Sen. 1,470,610 : Cost 44.95212555 : Time 462.34s : 17164.34 words/s
[2019-08-02 16:13:32] Ep. 31 : Up. 666000 : Sen. 1,795,434 : Cost 45.08787537 : Time 460.28s : 17148.00 words/s
[2019-08-02 16:21:16] Ep. 31 : Up. 668000 : Sen. 2,121,528 : Cost 45.16961288 : Time 463.42s : 17157.21 words/s
[2019-08-02 16:28:56] Ep. 31 : Up. 670000 : Sen. 2,446,868 : Cost 45.33469772 : Time 460.58s : 17162.03 words/s
[2019-08-02 16:36:40] Ep. 31 : Up. 672000 : Sen. 2,773,125 : Cost 45.43538284 : Time 463.79s : 17155.47 words/s
[2019-08-02 16:44:22] Ep. 31 : Up. 674000 : Sen. 3,098,218 : Cost 45.43475723 : Time 461.47s : 17172.87 words/s
[2019-08-02 16:52:06] Ep. 31 : Up. 676000 : Sen. 3,424,528 : Cost 45.43686295 : Time 464.14s : 17152.74 words/s
[2019-08-02 16:55:12] Seen 3556041 samples
[2019-08-02 16:55:12] Starting epoch 32
[2019-08-02 16:55:12] [data] Shuffling data
[2019-08-02 16:55:15] [data] Done reading 4338187 sentences
[2019-08-02 16:55:36] [data] Done shuffling 4338187 sentences to temp files
[2019-08-02 17:00:13] Ep. 32 : Up. 678000 : Sen. 194,907 : Cost 44.69477463 : Time 487.83s : 16270.42 words/s
[2019-08-02 17:07:57] Ep. 32 : Up. 680000 : Sen. 520,729 : Cost 44.43160629 : Time 463.40s : 17141.73 words/s
[2019-08-02 17:07:57] Saving model to ../experiments/100M_bicleaner_dom_0.50_dcce_biced_hdiff/model/model.npz.orig.npz
[2019-08-02 17:08:02] Saving model to ../experiments/100M_bicleaner_dom_0.50_dcce_biced_hdiff/model/model.iter680000.npz
[2019-08-02 17:08:04] Saving model to ../experiments/100M_bicleaner_dom_0.50_dcce_biced_hdiff/model/model.npz
[2019-08-02 17:08:10] Saving Adam parameters to ../experiments/100M_bicleaner_dom_0.50_dcce_biced_hdiff/model/model.npz.optimizer.npz
[2019-08-02 17:08:28] [valid] Ep. 32 : Up. 680000 : cross-entropy : 38.0191 : stalled 1 times (last best: 38.0162)
[2019-08-02 17:08:34] [valid] Ep. 32 : Up. 680000 : perplexity : 4.4869 : stalled 1 times (last best: 4.48639)
[2019-08-02 17:09:29] [valid] Ep. 32 : Up. 680000 : translation : 31.24 : stalled 7 times (last best: 31.33)
[2019-08-02 17:17:13] Ep. 32 : Up. 682000 : Sen. 847,010 : Cost 44.59368134 : Time 556.38s : 14264.61 words/s
[2019-08-02 17:24:56] Ep. 32 : Up. 684000 : Sen. 1,173,628 : Cost 44.85649109 : Time 463.22s : 17183.74 words/s
[2019-08-02 17:32:41] Ep. 32 : Up. 686000 : Sen. 1,500,163 : Cost 44.90438843 : Time 464.02s : 17138.64 words/s
[2019-08-02 17:40:23] Ep. 32 : Up. 688000 : Sen. 1,825,984 : Cost 45.04005814 : Time 462.58s : 17144.14 words/s
[2019-08-02 17:48:04] Ep. 32 : Up. 690000 : Sen. 2,151,012 : Cost 45.09086227 : Time 460.78s : 17165.89 words/s
[2019-08-02 17:55:47] Ep. 32 : Up. 692000 : Sen. 2,476,800 : Cost 45.11244965 : Time 463.27s : 17149.41 words/s
[2019-08-02 18:03:32] Ep. 32 : Up. 694000 : Sen. 2,802,621 : Cost 45.30901718 : Time 464.61s : 17084.94 words/s
[2019-08-02 18:11:15] Ep. 32 : Up. 696000 : Sen. 3,129,196 : Cost 45.34330368 : Time 463.68s : 17144.41 words/s
[2019-08-02 18:18:57] Ep. 32 : Up. 698000 : Sen. 3,453,910 : Cost 45.38576889 : Time 461.21s : 17131.06 words/s
[2019-08-02 18:21:22] Seen 3556041 samples
[2019-08-02 18:21:22] Starting epoch 33
[2019-08-02 18:21:22] [data] Shuffling data
[2019-08-02 18:21:25] [data] Done reading 4338187 sentences
[2019-08-02 18:21:46] [data] Done shuffling 4338187 sentences to temp files
[2019-08-02 18:27:03] Ep. 33 : Up. 700000 : Sen. 223,208 : Cost 44.67751312 : Time 486.48s : 16281.11 words/s
[2019-08-02 18:27:03] Saving model to ../experiments/100M_bicleaner_dom_0.50_dcce_biced_hdiff/model/model.npz.orig.npz
[2019-08-02 18:27:08] Saving model to ../experiments/100M_bicleaner_dom_0.50_dcce_biced_hdiff/model/model.iter700000.npz
[2019-08-02 18:27:11] Saving model to ../experiments/100M_bicleaner_dom_0.50_dcce_biced_hdiff/model/model.npz
[2019-08-02 18:27:16] Saving Adam parameters to ../experiments/100M_bicleaner_dom_0.50_dcce_biced_hdiff/model/model.npz.optimizer.npz
[2019-08-02 18:27:34] [valid] Ep. 33 : Up. 700000 : cross-entropy : 38.0494 : stalled 2 times (last best: 38.0162)
[2019-08-02 18:27:40] [valid] Ep. 33 : Up. 700000 : perplexity : 4.49228 : stalled 2 times (last best: 4.48639)
[2019-08-02 18:28:35] [valid] Ep. 33 : Up. 700000 : translation : 31.14 : stalled 8 times (last best: 31.33)
[2019-08-02 18:36:20] Ep. 33 : Up. 702000 : Sen. 548,951 : Cost 44.43856812 : Time 557.05s : 14259.47 words/s
[2019-08-02 18:44:02] Ep. 33 : Up. 704000 : Sen. 874,936 : Cost 44.43198013 : Time 462.31s : 17135.99 words/s
[2019-08-02 18:51:44] Ep. 33 : Up. 706000 : Sen. 1,199,902 : Cost 44.58129883 : Time 461.51s : 17146.41 words/s
[2019-08-02 18:59:25] Ep. 33 : Up. 708000 : Sen. 1,524,815 : Cost 44.88094711 : Time 461.27s : 17151.99 words/s
[2019-08-02 19:07:09] Ep. 33 : Up. 710000 : Sen. 1,851,722 : Cost 45.01838303 : Time 463.45s : 17152.24 words/s
[2019-08-02 19:14:51] Ep. 33 : Up. 712000 : Sen. 2,177,775 : Cost 44.91739273 : Time 462.37s : 17151.66 words/s
[2019-08-02 19:22:32] Ep. 33 : Up. 714000 : Sen. 2,501,830 : Cost 45.05792618 : Time 461.07s : 17132.70 words/s
[2019-08-02 19:30:15] Ep. 33 : Up. 716000 : Sen. 2,827,012 : Cost 45.23064041 : Time 463.11s : 17127.84 words/s
[2019-08-02 19:37:58] Ep. 33 : Up. 718000 : Sen. 3,152,735 : Cost 44.99983978 : Time 462.31s : 17150.15 words/s
[2019-08-02 19:45:39] Ep. 33 : Up. 720000 : Sen. 3,476,950 : Cost 45.45099258 : Time 461.16s : 17152.22 words/s
[2019-08-02 19:45:39] Saving model to ../experiments/100M_bicleaner_dom_0.50_dcce_biced_hdiff/model/model.npz.orig.npz
[2019-08-02 19:45:44] Saving model to ../experiments/100M_bicleaner_dom_0.50_dcce_biced_hdiff/model/model.iter720000.npz
[2019-08-02 19:45:47] Saving model to ../experiments/100M_bicleaner_dom_0.50_dcce_biced_hdiff/model/model.npz
[2019-08-02 19:45:52] Saving Adam parameters to ../experiments/100M_bicleaner_dom_0.50_dcce_biced_hdiff/model/model.npz.optimizer.npz
[2019-08-02 19:46:10] [valid] Ep. 33 : Up. 720000 : cross-entropy : 38.0489 : stalled 3 times (last best: 38.0162)
[2019-08-02 19:46:16] [valid] Ep. 33 : Up. 720000 : perplexity : 4.49218 : stalled 3 times (last best: 4.48639)
[2019-08-02 19:47:10] [valid] Ep. 33 : Up. 720000 : translation : 31.3 : stalled 9 times (last best: 31.33)
[2019-08-02 19:49:04] Seen 3556041 samples
[2019-08-02 19:49:04] Starting epoch 34
[2019-08-02 19:49:04] [data] Shuffling data
[2019-08-02 19:49:07] [data] Done reading 4338187 sentences
[2019-08-02 19:49:27] [data] Done shuffling 4338187 sentences to temp files
[2019-08-02 19:55:17] Ep. 34 : Up. 722000 : Sen. 247,475 : Cost 44.32407379 : Time 578.75s : 13710.04 words/s
[2019-08-02 20:03:00] Ep. 34 : Up. 724000 : Sen. 572,913 : Cost 44.49465561 : Time 462.42s : 17138.75 words/s
[2019-08-02 20:10:42] Ep. 34 : Up. 726000 : Sen. 897,368 : Cost 44.58398056 : Time 462.36s : 17134.16 words/s
[2019-08-02 20:18:24] Ep. 34 : Up. 728000 : Sen. 1,223,419 : Cost 44.70344543 : Time 462.03s : 17178.98 words/s
[2019-08-02 20:26:07] Ep. 34 : Up. 730000 : Sen. 1,549,162 : Cost 44.65927124 : Time 462.96s : 17140.48 words/s
[2019-08-02 20:33:49] Ep. 34 : Up. 732000 : Sen. 1,875,068 : Cost 44.66109085 : Time 461.92s : 17171.75 words/s
[2019-08-02 20:41:32] Ep. 34 : Up. 734000 : Sen. 2,200,626 : Cost 45.05051422 : Time 462.65s : 17142.77 words/s
[2019-08-02 20:49:14] Ep. 34 : Up. 736000 : Sen. 2,526,588 : Cost 44.74872971 : Time 461.96s : 17167.20 words/s
[2019-08-02 20:56:56] Ep. 34 : Up. 738000 : Sen. 2,852,369 : Cost 44.95601654 : Time 462.63s : 17155.38 words/s
[2019-08-02 21:04:39] Ep. 34 : Up. 740000 : Sen. 3,179,056 : Cost 44.90199661 : Time 462.76s : 17144.59 words/s
[2019-08-02 21:04:39] Saving model to ../experiments/100M_bicleaner_dom_0.50_dcce_biced_hdiff/model/model.npz.orig.npz
[2019-08-02 21:04:45] Saving model to ../experiments/100M_bicleaner_dom_0.50_dcce_biced_hdiff/model/model.iter740000.npz
[2019-08-02 21:04:47] Saving model to ../experiments/100M_bicleaner_dom_0.50_dcce_biced_hdiff/model/model.npz
[2019-08-02 21:04:53] Saving Adam parameters to ../experiments/100M_bicleaner_dom_0.50_dcce_biced_hdiff/model/model.npz.optimizer.npz
[2019-08-02 21:05:12] [valid] Ep. 34 : Up. 740000 : cross-entropy : 38.039 : stalled 4 times (last best: 38.0162)
[2019-08-02 21:05:18] [valid] Ep. 34 : Up. 740000 : perplexity : 4.49043 : stalled 4 times (last best: 4.48639)
[2019-08-02 21:06:13] [valid] Ep. 34 : Up. 740000 : translation : 31.37 : new best
[2019-08-02 21:13:57] Ep. 34 : Up. 742000 : Sen. 3,503,815 : Cost 45.14471436 : Time 557.93s : 14208.75 words/s
[2019-08-02 21:15:11] Seen 3556041 samples
[2019-08-02 21:15:11] Starting epoch 35
[2019-08-02 21:15:11] [data] Shuffling data
[2019-08-02 21:15:14] [data] Done reading 4338187 sentences
[2019-08-02 21:15:35] [data] Done shuffling 4338187 sentences to temp files
[2019-08-02 21:22:04] Ep. 35 : Up. 744000 : Sen. 273,414 : Cost 44.14411545 : Time 486.71s : 16299.15 words/s
[2019-08-02 21:29:47] Ep. 35 : Up. 746000 : Sen. 599,616 : Cost 44.37913895 : Time 462.86s : 17160.36 words/s
[2019-08-02 21:37:28] Ep. 35 : Up. 748000 : Sen. 924,171 : Cost 44.43611908 : Time 460.83s : 17134.38 words/s
[2019-08-02 21:45:10] Ep. 35 : Up. 750000 : Sen. 1,249,780 : Cost 44.57658005 : Time 462.59s : 17146.00 words/s
[2019-08-02 21:52:52] Ep. 35 : Up. 752000 : Sen. 1,575,604 : Cost 44.52334976 : Time 461.82s : 17163.29 words/s
[2019-08-02 22:00:35] Ep. 35 : Up. 754000 : Sen. 1,900,932 : Cost 44.77763367 : Time 462.68s : 17141.94 words/s
[2019-08-02 22:08:17] Ep. 35 : Up. 756000 : Sen. 2,227,046 : Cost 44.57039642 : Time 462.72s : 17165.37 words/s
[2019-08-02 22:16:00] Ep. 35 : Up. 758000 : Sen. 2,553,774 : Cost 44.77846527 : Time 462.50s : 17187.77 words/s
[2019-08-02 22:23:42] Ep. 35 : Up. 760000 : Sen. 2,879,424 : Cost 45.04161072 : Time 462.15s : 17161.86 words/s
[2019-08-02 22:23:42] Saving model to ../experiments/100M_bicleaner_dom_0.50_dcce_biced_hdiff/model/model.npz.orig.npz
[2019-08-02 22:23:47] Saving model to ../experiments/100M_bicleaner_dom_0.50_dcce_biced_hdiff/model/model.iter760000.npz
[2019-08-02 22:23:49] Saving model to ../experiments/100M_bicleaner_dom_0.50_dcce_biced_hdiff/model/model.npz
[2019-08-02 22:23:55] Saving Adam parameters to ../experiments/100M_bicleaner_dom_0.50_dcce_biced_hdiff/model/model.npz.optimizer.npz
[2019-08-02 22:24:13] [valid] Ep. 35 : Up. 760000 : cross-entropy : 38.0565 : stalled 5 times (last best: 38.0162)
[2019-08-02 22:24:19] [valid] Ep. 35 : Up. 760000 : perplexity : 4.49354 : stalled 5 times (last best: 4.48639)
[2019-08-02 22:25:14] [valid] Ep. 35 : Up. 760000 : translation : 31.38 : new best
[2019-08-02 22:25:16] Training finished
[2019-08-02 22:25:20] Saving model to ../experiments/100M_bicleaner_dom_0.50_dcce_biced_hdiff/model/model.npz.orig.npz
[2019-08-02 22:25:26] Saving model to ../experiments/100M_bicleaner_dom_0.50_dcce_biced_hdiff/model/model.npz
[2019-08-02 22:25:31] Saving Adam parameters to ../experiments/100M_bicleaner_dom_0.50_dcce_biced_hdiff/model/model.npz.optimizer.npz
