[2019-07-11 00:10:24] [marian] Marian v1.7.8 ec2d66e 2019-05-27 14:52:11 +0100
[2019-07-11 00:10:24] [marian] Running on fulla as process 378040 with command line:
[2019-07-11 00:10:24] [marian] /fs/bil0/abdel/marian-dev/build/marian --sync-sgd --model ../experiments/10M_fasttext_prob_x_len_+_dcce_x_ced_0.5/model/model.npz -T . --devices 6 --train-sets ../experiments/10M_fasttext_prob_x_len_+_dcce_x_ced_0.5/data/train.bpe.de ../experiments/10M_fasttext_prob_x_len_+_dcce_x_ced_0.5/data/train.bpe.en --vocabs ../experiments/10M_fasttext_prob_x_len_+_dcce_x_ced_0.5/data/train.bpe.de.json ../experiments/10M_fasttext_prob_x_len_+_dcce_x_ced_0.5/data/train.bpe.en.json --mini-batch-fit -w 6000 --dim-vocabs 50000 50000 --layer-normalization --dropout-rnn 0.2 --dropout-src 0.1 --dropout-trg 0.1 --learn-rate 0.0001 --after-epochs 0 --early-stopping 5 --valid-freq 20000 --save-freq 20000 --disp-freq 2000 --valid-mini-batch 8 --valid-sets ../experiments/10M_fasttext_prob_x_len_+_dcce_x_ced_0.5/data/dev.bpe.de ../experiments/10M_fasttext_prob_x_len_+_dcce_x_ced_0.5/data/dev.bpe.en --valid-metrics cross-entropy perplexity translation --valid-translation-output ../experiments/10M_fasttext_prob_x_len_+_dcce_x_ced_0.5/model/dev.out --valid-script-path ../experiments/10M_fasttext_prob_x_len_+_dcce_x_ced_0.5/score-dev.sh --seed 1111 --exponential-smoothing --normalize=1 --beam-size=12 --quiet-translation --log ../experiments/10M_fasttext_prob_x_len_+_dcce_x_ced_0.5/model/train.log --valid-log ../experiments/10M_fasttext_prob_x_len_+_dcce_x_ced_0.5/model/valid.log
[2019-07-11 00:10:24] [config] after-batches: 0
[2019-07-11 00:10:24] [config] after-epochs: 0
[2019-07-11 00:10:24] [config] allow-unk: false
[2019-07-11 00:10:24] [config] beam-size: 12
[2019-07-11 00:10:24] [config] bert-class-symbol: "[CLS]"
[2019-07-11 00:10:24] [config] bert-mask-symbol: "[MASK]"
[2019-07-11 00:10:24] [config] bert-masking-fraction: 0.15
[2019-07-11 00:10:24] [config] bert-sep-symbol: "[SEP]"
[2019-07-11 00:10:24] [config] bert-train-type-embeddings: true
[2019-07-11 00:10:24] [config] bert-type-vocab-size: 2
[2019-07-11 00:10:24] [config] best-deep: false
[2019-07-11 00:10:24] [config] clip-gemm: 0
[2019-07-11 00:10:24] [config] clip-norm: 1
[2019-07-11 00:10:24] [config] cost-type: ce-mean
[2019-07-11 00:10:24] [config] cpu-threads: 0
[2019-07-11 00:10:24] [config] data-weighting: ""
[2019-07-11 00:10:24] [config] data-weighting-type: sentence
[2019-07-11 00:10:24] [config] dec-cell: gru
[2019-07-11 00:10:24] [config] dec-cell-base-depth: 2
[2019-07-11 00:10:24] [config] dec-cell-high-depth: 1
[2019-07-11 00:10:24] [config] dec-depth: 1
[2019-07-11 00:10:24] [config] devices:
[2019-07-11 00:10:24] [config]   - 6
[2019-07-11 00:10:24] [config] dim-emb: 512
[2019-07-11 00:10:24] [config] dim-rnn: 1024
[2019-07-11 00:10:24] [config] dim-vocabs:
[2019-07-11 00:10:24] [config]   - 50000
[2019-07-11 00:10:24] [config]   - 50000
[2019-07-11 00:10:24] [config] disp-first: 0
[2019-07-11 00:10:24] [config] disp-freq: 2000
[2019-07-11 00:10:24] [config] disp-label-counts: false
[2019-07-11 00:10:24] [config] dropout-rnn: 0.2
[2019-07-11 00:10:24] [config] dropout-src: 0.1
[2019-07-11 00:10:24] [config] dropout-trg: 0.1
[2019-07-11 00:10:24] [config] dump-config: ""
[2019-07-11 00:10:24] [config] early-stopping: 5
[2019-07-11 00:10:24] [config] embedding-fix-src: false
[2019-07-11 00:10:24] [config] embedding-fix-trg: false
[2019-07-11 00:10:24] [config] embedding-normalization: false
[2019-07-11 00:10:24] [config] embedding-vectors:
[2019-07-11 00:10:24] [config]   []
[2019-07-11 00:10:24] [config] enc-cell: gru
[2019-07-11 00:10:24] [config] enc-cell-depth: 1
[2019-07-11 00:10:24] [config] enc-depth: 1
[2019-07-11 00:10:24] [config] enc-type: bidirectional
[2019-07-11 00:10:24] [config] exponential-smoothing: 0.0001
[2019-07-11 00:10:24] [config] grad-dropping-momentum: 0
[2019-07-11 00:10:24] [config] grad-dropping-rate: 0
[2019-07-11 00:10:24] [config] grad-dropping-warmup: 100
[2019-07-11 00:10:24] [config] guided-alignment: none
[2019-07-11 00:10:24] [config] guided-alignment-cost: mse
[2019-07-11 00:10:24] [config] guided-alignment-weight: 0.1
[2019-07-11 00:10:24] [config] ignore-model-config: false
[2019-07-11 00:10:24] [config] input-types:
[2019-07-11 00:10:24] [config]   []
[2019-07-11 00:10:24] [config] interpolate-env-vars: false
[2019-07-11 00:10:24] [config] keep-best: false
[2019-07-11 00:10:24] [config] label-smoothing: 0
[2019-07-11 00:10:24] [config] layer-normalization: true
[2019-07-11 00:10:24] [config] learn-rate: 0.0001
[2019-07-11 00:10:24] [config] log: ../experiments/10M_fasttext_prob_x_len_+_dcce_x_ced_0.5/model/train.log
[2019-07-11 00:10:24] [config] log-level: info
[2019-07-11 00:10:24] [config] log-time-zone: ""
[2019-07-11 00:10:24] [config] lr-decay: 0
[2019-07-11 00:10:24] [config] lr-decay-freq: 50000
[2019-07-11 00:10:24] [config] lr-decay-inv-sqrt:
[2019-07-11 00:10:24] [config]   - 0
[2019-07-11 00:10:24] [config] lr-decay-repeat-warmup: false
[2019-07-11 00:10:24] [config] lr-decay-reset-optimizer: false
[2019-07-11 00:10:24] [config] lr-decay-start:
[2019-07-11 00:10:24] [config]   - 10
[2019-07-11 00:10:24] [config]   - 1
[2019-07-11 00:10:24] [config] lr-decay-strategy: epoch+stalled
[2019-07-11 00:10:24] [config] lr-report: false
[2019-07-11 00:10:24] [config] lr-warmup: 0
[2019-07-11 00:10:24] [config] lr-warmup-at-reload: false
[2019-07-11 00:10:24] [config] lr-warmup-cycle: false
[2019-07-11 00:10:24] [config] lr-warmup-start-rate: 0
[2019-07-11 00:10:24] [config] max-length: 50
[2019-07-11 00:10:24] [config] max-length-crop: false
[2019-07-11 00:10:24] [config] max-length-factor: 3
[2019-07-11 00:10:24] [config] maxi-batch: 100
[2019-07-11 00:10:24] [config] maxi-batch-sort: trg
[2019-07-11 00:10:24] [config] mini-batch: 64
[2019-07-11 00:10:24] [config] mini-batch-fit: true
[2019-07-11 00:10:24] [config] mini-batch-fit-step: 10
[2019-07-11 00:10:24] [config] mini-batch-overstuff: 1
[2019-07-11 00:10:24] [config] mini-batch-track-lr: false
[2019-07-11 00:10:24] [config] mini-batch-understuff: 1
[2019-07-11 00:10:24] [config] mini-batch-warmup: 0
[2019-07-11 00:10:24] [config] mini-batch-words: 0
[2019-07-11 00:10:24] [config] mini-batch-words-ref: 0
[2019-07-11 00:10:24] [config] model: ../experiments/10M_fasttext_prob_x_len_+_dcce_x_ced_0.5/model/model.npz
[2019-07-11 00:10:24] [config] multi-loss-type: sum
[2019-07-11 00:10:24] [config] multi-node: false
[2019-07-11 00:10:24] [config] multi-node-overlap: true
[2019-07-11 00:10:24] [config] n-best: false
[2019-07-11 00:10:24] [config] no-nccl: false
[2019-07-11 00:10:24] [config] no-reload: false
[2019-07-11 00:10:24] [config] no-restore-corpus: false
[2019-07-11 00:10:24] [config] no-shuffle: false
[2019-07-11 00:10:24] [config] normalize: 1
[2019-07-11 00:10:24] [config] num-devices: 0
[2019-07-11 00:10:24] [config] optimizer: adam
[2019-07-11 00:10:24] [config] optimizer-delay: 1
[2019-07-11 00:10:24] [config] optimizer-params:
[2019-07-11 00:10:24] [config]   []
[2019-07-11 00:10:24] [config] overwrite: false
[2019-07-11 00:10:24] [config] pretrained-model: ""
[2019-07-11 00:10:24] [config] quiet: false
[2019-07-11 00:10:24] [config] quiet-translation: true
[2019-07-11 00:10:24] [config] relative-paths: false
[2019-07-11 00:10:24] [config] right-left: false
[2019-07-11 00:10:24] [config] save-freq: 20000
[2019-07-11 00:10:24] [config] seed: 1111
[2019-07-11 00:10:24] [config] shuffle-in-ram: false
[2019-07-11 00:10:24] [config] skip: false
[2019-07-11 00:10:24] [config] sqlite: ""
[2019-07-11 00:10:24] [config] sqlite-drop: false
[2019-07-11 00:10:24] [config] sync-sgd: true
[2019-07-11 00:10:24] [config] tempdir: .
[2019-07-11 00:10:24] [config] tied-embeddings: false
[2019-07-11 00:10:24] [config] tied-embeddings-all: false
[2019-07-11 00:10:24] [config] tied-embeddings-src: false
[2019-07-11 00:10:24] [config] train-sets:
[2019-07-11 00:10:24] [config]   - ../experiments/10M_fasttext_prob_x_len_+_dcce_x_ced_0.5/data/train.bpe.de
[2019-07-11 00:10:24] [config]   - ../experiments/10M_fasttext_prob_x_len_+_dcce_x_ced_0.5/data/train.bpe.en
[2019-07-11 00:10:24] [config] transformer-aan-activation: swish
[2019-07-11 00:10:24] [config] transformer-aan-depth: 2
[2019-07-11 00:10:24] [config] transformer-aan-nogate: false
[2019-07-11 00:10:24] [config] transformer-decoder-autoreg: self-attention
[2019-07-11 00:10:24] [config] transformer-dim-aan: 2048
[2019-07-11 00:10:24] [config] transformer-dim-ffn: 2048
[2019-07-11 00:10:24] [config] transformer-dropout: 0
[2019-07-11 00:10:24] [config] transformer-dropout-attention: 0
[2019-07-11 00:10:24] [config] transformer-dropout-ffn: 0
[2019-07-11 00:10:24] [config] transformer-ffn-activation: swish
[2019-07-11 00:10:24] [config] transformer-ffn-depth: 2
[2019-07-11 00:10:24] [config] transformer-guided-alignment-layer: last
[2019-07-11 00:10:24] [config] transformer-heads: 8
[2019-07-11 00:10:24] [config] transformer-no-projection: false
[2019-07-11 00:10:24] [config] transformer-postprocess: dan
[2019-07-11 00:10:24] [config] transformer-postprocess-emb: d
[2019-07-11 00:10:24] [config] transformer-preprocess: ""
[2019-07-11 00:10:24] [config] transformer-tied-layers:
[2019-07-11 00:10:24] [config]   []
[2019-07-11 00:10:24] [config] transformer-train-position-embeddings: false
[2019-07-11 00:10:24] [config] type: amun
[2019-07-11 00:10:24] [config] ulr: false
[2019-07-11 00:10:24] [config] ulr-dim-emb: 0
[2019-07-11 00:10:24] [config] ulr-dropout: 0
[2019-07-11 00:10:24] [config] ulr-keys-vectors: ""
[2019-07-11 00:10:24] [config] ulr-query-vectors: ""
[2019-07-11 00:10:24] [config] ulr-softmax-temperature: 1
[2019-07-11 00:10:24] [config] ulr-trainable-transformation: false
[2019-07-11 00:10:24] [config] valid-freq: 20000
[2019-07-11 00:10:24] [config] valid-log: ../experiments/10M_fasttext_prob_x_len_+_dcce_x_ced_0.5/model/valid.log
[2019-07-11 00:10:24] [config] valid-max-length: 1000
[2019-07-11 00:10:24] [config] valid-metrics:
[2019-07-11 00:10:24] [config]   - cross-entropy
[2019-07-11 00:10:24] [config]   - perplexity
[2019-07-11 00:10:24] [config]   - translation
[2019-07-11 00:10:24] [config] valid-mini-batch: 8
[2019-07-11 00:10:24] [config] valid-script-path: ../experiments/10M_fasttext_prob_x_len_+_dcce_x_ced_0.5/score-dev.sh
[2019-07-11 00:10:24] [config] valid-sets:
[2019-07-11 00:10:24] [config]   - ../experiments/10M_fasttext_prob_x_len_+_dcce_x_ced_0.5/data/dev.bpe.de
[2019-07-11 00:10:24] [config]   - ../experiments/10M_fasttext_prob_x_len_+_dcce_x_ced_0.5/data/dev.bpe.en
[2019-07-11 00:10:24] [config] valid-translation-output: ../experiments/10M_fasttext_prob_x_len_+_dcce_x_ced_0.5/model/dev.out
[2019-07-11 00:10:24] [config] vocabs:
[2019-07-11 00:10:24] [config]   - ../experiments/10M_fasttext_prob_x_len_+_dcce_x_ced_0.5/data/train.bpe.de.json
[2019-07-11 00:10:24] [config]   - ../experiments/10M_fasttext_prob_x_len_+_dcce_x_ced_0.5/data/train.bpe.en.json
[2019-07-11 00:10:24] [config] word-penalty: 0
[2019-07-11 00:10:24] [config] workspace: 6000
[2019-07-11 00:10:24] [config] Model is being created with Marian v1.7.8 ec2d66e 2019-05-27 14:52:11 +0100
[2019-07-11 00:10:24] Using synchronous training
[2019-07-11 00:10:24] [data] Loading vocabulary from JSON/Yaml file ../experiments/10M_fasttext_prob_x_len_+_dcce_x_ced_0.5/data/train.bpe.de.json
[2019-07-11 00:10:25] [data] Using unused word id eos for 0
[2019-07-11 00:10:25] [data] Using unused word id UNK for 1
[2019-07-11 00:10:25] [data] Setting vocabulary size for input 0 to 50000
[2019-07-11 00:10:25] [data] Loading vocabulary from JSON/Yaml file ../experiments/10M_fasttext_prob_x_len_+_dcce_x_ced_0.5/data/train.bpe.en.json
[2019-07-11 00:10:25] [data] Using unused word id eos for 0
[2019-07-11 00:10:25] [data] Using unused word id UNK for 1
[2019-07-11 00:10:25] [data] Setting vocabulary size for input 1 to 50000
[2019-07-11 00:10:25] Compiled without MPI support. Falling back to FakeMPIWrapper
[2019-07-11 00:10:25] [batching] Collecting statistics for batch fitting with step size 10
[2019-07-11 00:10:26] [memory] Extending reserved space to 6016 MB (device gpu6)
[2019-07-11 00:10:26] [comm] Using NCCL 2.4.2 for GPU communication
[2019-07-11 00:10:26] [comm] NCCLCommunicator constructed successfully.
[2019-07-11 00:10:26] [training] Using 1 GPUs
[2019-07-11 00:10:26] [memory] Reserving 422 MB, device gpu6
[2019-07-11 00:10:26] [gpu] 16-bit TensorCores enabled for float32 matrix operations
[2019-07-11 00:10:26] [memory] Reserving 422 MB, device gpu6
[2019-07-11 00:10:32] [batching] Done. Typical MB size is 8096 target words
[2019-07-11 00:10:32] [memory] Extending reserved space to 6016 MB (device gpu6)
[2019-07-11 00:10:32] [comm] Using NCCL 2.4.2 for GPU communication
[2019-07-11 00:10:32] [comm] NCCLCommunicator constructed successfully.
[2019-07-11 00:10:32] [training] Using 1 GPUs
[2019-07-11 00:10:32] Training started
[2019-07-11 00:10:32] [data] Shuffling data
[2019-07-11 00:10:33] [data] Done reading 694774 sentences
[2019-07-11 00:10:35] [data] Done shuffling 694774 sentences to temp files
[2019-07-11 00:10:37] [training] Batches are processed as 1 process(es) x 1 devices/process
[2019-07-11 00:10:37] [memory] Reserving 422 MB, device gpu6
[2019-07-11 00:10:37] [memory] Reserving 422 MB, device gpu6
[2019-07-11 00:10:37] [memory] Reserving 422 MB, device gpu6
[2019-07-11 00:10:38] [memory] Reserving 844 MB, device gpu6
[2019-07-11 00:18:41] Ep. 1 : Up. 2000 : Sen. 522,531 : Cost 87.12103271 : Time 495.98s : 18297.05 words/s
[2019-07-11 00:20:38] Seen 649246 samples
[2019-07-11 00:20:38] Starting epoch 2
[2019-07-11 00:20:38] [data] Shuffling data
[2019-07-11 00:20:39] [data] Done reading 694774 sentences
[2019-07-11 00:20:41] [data] Done shuffling 694774 sentences to temp files
[2019-07-11 00:26:50] Ep. 2 : Up. 4000 : Sen. 397,365 : Cost 57.25375366 : Time 489.46s : 18625.18 words/s
[2019-07-11 00:30:43] Seen 649246 samples
[2019-07-11 00:30:43] Starting epoch 3
[2019-07-11 00:30:43] [data] Shuffling data
[2019-07-11 00:30:44] [data] Done reading 694774 sentences
[2019-07-11 00:30:46] [data] Done shuffling 694774 sentences to temp files
[2019-07-11 00:34:58] Ep. 3 : Up. 6000 : Sen. 269,480 : Cost 45.53190994 : Time 487.98s : 18553.22 words/s
[2019-07-11 00:40:49] Seen 649246 samples
[2019-07-11 00:40:49] Starting epoch 4
[2019-07-11 00:40:49] [data] Shuffling data
[2019-07-11 00:40:50] [data] Done reading 694774 sentences
[2019-07-11 00:40:52] [data] Done shuffling 694774 sentences to temp files
[2019-07-11 00:43:08] Ep. 4 : Up. 8000 : Sen. 145,057 : Cost 39.50387955 : Time 489.40s : 18627.47 words/s
[2019-07-11 00:50:55] Seen 649246 samples
[2019-07-11 00:50:55] Starting epoch 5
[2019-07-11 00:50:55] [data] Shuffling data
[2019-07-11 00:50:55] [data] Done reading 694774 sentences
[2019-07-11 00:50:58] [data] Done shuffling 694774 sentences to temp files
[2019-07-11 00:51:18] Ep. 5 : Up. 10000 : Sen. 19,200 : Cost 36.04801941 : Time 490.38s : 18545.65 words/s
[2019-07-11 00:59:23] Ep. 5 : Up. 12000 : Sen. 541,303 : Cost 33.18066025 : Time 484.93s : 18709.73 words/s
[2019-07-11 01:01:03] Seen 649246 samples
[2019-07-11 01:01:03] Starting epoch 6
[2019-07-11 01:01:03] [data] Shuffling data
[2019-07-11 01:01:03] [data] Done reading 694774 sentences
[2019-07-11 01:01:06] [data] Done shuffling 694774 sentences to temp files
[2019-07-11 01:07:33] Ep. 6 : Up. 14000 : Sen. 417,358 : Cost 31.33179665 : Time 490.17s : 18610.98 words/s
[2019-07-11 01:11:09] Seen 649246 samples
[2019-07-11 01:11:09] Starting epoch 7
[2019-07-11 01:11:09] [data] Shuffling data
[2019-07-11 01:11:09] [data] Done reading 694774 sentences
[2019-07-11 01:11:12] [data] Done shuffling 694774 sentences to temp files
[2019-07-11 01:15:42] Ep. 7 : Up. 16000 : Sen. 288,472 : Cost 29.78313065 : Time 488.70s : 18501.48 words/s
[2019-07-11 01:21:16] Seen 649246 samples
[2019-07-11 01:21:16] Starting epoch 8
[2019-07-11 01:21:16] [data] Shuffling data
[2019-07-11 01:21:17] [data] Done reading 694774 sentences
[2019-07-11 01:21:19] [data] Done shuffling 694774 sentences to temp files
[2019-07-11 01:23:50] Ep. 8 : Up. 18000 : Sen. 160,675 : Cost 28.66862106 : Time 487.94s : 18574.40 words/s
[2019-07-11 01:31:21] Seen 649246 samples
[2019-07-11 01:31:21] Starting epoch 9
[2019-07-11 01:31:21] [data] Shuffling data
[2019-07-11 01:31:22] [data] Done reading 694774 sentences
[2019-07-11 01:31:24] [data] Done shuffling 694774 sentences to temp files
[2019-07-11 01:31:57] Ep. 9 : Up. 20000 : Sen. 33,295 : Cost 27.40213203 : Time 487.53s : 18595.66 words/s
[2019-07-11 01:31:57] Saving model to ../experiments/10M_fasttext_prob_x_len_+_dcce_x_ced_0.5/model/model.npz.orig.npz
[2019-07-11 01:32:08] Saving model to ../experiments/10M_fasttext_prob_x_len_+_dcce_x_ced_0.5/model/model.iter20000.npz
[2019-07-11 01:32:15] Saving model to ../experiments/10M_fasttext_prob_x_len_+_dcce_x_ced_0.5/model/model.npz
[2019-07-11 01:32:26] Saving Adam parameters to ../experiments/10M_fasttext_prob_x_len_+_dcce_x_ced_0.5/model/model.npz.optimizer.npz
[2019-07-11 01:32:53] [valid] Ep. 9 : Up. 20000 : cross-entropy : 75.4389 : new best
[2019-07-11 01:33:00] [valid] Ep. 9 : Up. 20000 : perplexity : 19.4309 : new best
[2019-07-11 01:33:52] [valid] Ep. 9 : Up. 20000 : translation : 23.05 : new best
[2019-07-11 01:41:59] Ep. 9 : Up. 22000 : Sen. 555,853 : Cost 26.35869598 : Time 601.41s : 15093.46 words/s
[2019-07-11 01:43:26] Seen 649246 samples
[2019-07-11 01:43:26] Starting epoch 10
[2019-07-11 01:43:26] [data] Shuffling data
[2019-07-11 01:43:27] [data] Done reading 694774 sentences
[2019-07-11 01:43:29] [data] Done shuffling 694774 sentences to temp files
[2019-07-11 01:50:14] Ep. 10 : Up. 24000 : Sen. 429,478 : Cost 25.59562111 : Time 494.80s : 18353.01 words/s
[2019-07-11 01:53:38] Seen 649246 samples
[2019-07-11 01:53:38] Starting epoch 11
[2019-07-11 01:53:38] [data] Shuffling data
[2019-07-11 01:53:39] [data] Done reading 694774 sentences
[2019-07-11 01:53:41] [data] Done shuffling 694774 sentences to temp files
[2019-07-11 01:58:25] Ep. 11 : Up. 26000 : Sen. 304,127 : Cost 25.04946518 : Time 491.83s : 18501.75 words/s
[2019-07-11 02:03:44] Seen 649246 samples
[2019-07-11 02:03:44] Starting epoch 12
[2019-07-11 02:03:44] [data] Shuffling data
[2019-07-11 02:03:45] [data] Done reading 694774 sentences
[2019-07-11 02:03:47] [data] Done shuffling 694774 sentences to temp files
[2019-07-11 02:06:36] Ep. 12 : Up. 28000 : Sen. 178,568 : Cost 24.31848907 : Time 490.57s : 18580.10 words/s
[2019-07-11 02:13:54] Seen 649246 samples
[2019-07-11 02:13:54] Starting epoch 13
[2019-07-11 02:13:54] [data] Shuffling data
[2019-07-11 02:13:54] [data] Done reading 694774 sentences
[2019-07-11 02:13:59] [data] Done shuffling 694774 sentences to temp files
[2019-07-11 02:14:45] Ep. 13 : Up. 30000 : Sen. 49,636 : Cost 23.77013588 : Time 489.35s : 18454.03 words/s
[2019-07-11 02:22:50] Ep. 13 : Up. 32000 : Sen. 571,886 : Cost 22.89819145 : Time 484.82s : 18709.74 words/s
[2019-07-11 02:24:02] Seen 649246 samples
[2019-07-11 02:24:02] Starting epoch 14
[2019-07-11 02:24:02] [data] Shuffling data
[2019-07-11 02:24:03] [data] Done reading 694774 sentences
[2019-07-11 02:24:05] [data] Done shuffling 694774 sentences to temp files
[2019-07-11 02:31:04] Ep. 14 : Up. 34000 : Sen. 446,015 : Cost 22.62028313 : Time 493.51s : 18444.15 words/s
[2019-07-11 02:34:11] Seen 649246 samples
[2019-07-11 02:34:11] Starting epoch 15
[2019-07-11 02:34:11] [data] Shuffling data
[2019-07-11 02:34:12] [data] Done reading 694774 sentences
[2019-07-11 02:34:14] [data] Done shuffling 694774 sentences to temp files
[2019-07-11 02:39:16] Ep. 15 : Up. 36000 : Sen. 321,267 : Cost 22.02859497 : Time 492.18s : 18527.63 words/s
[2019-07-11 02:44:21] Seen 649246 samples
[2019-07-11 02:44:21] Starting epoch 16
[2019-07-11 02:44:21] [data] Shuffling data
[2019-07-11 02:44:21] [data] Done reading 694774 sentences
[2019-07-11 02:44:24] [data] Done shuffling 694774 sentences to temp files
[2019-07-11 02:47:28] Ep. 16 : Up. 38000 : Sen. 195,431 : Cost 21.71455383 : Time 492.27s : 18428.15 words/s
[2019-07-11 02:54:32] Seen 649246 samples
[2019-07-11 02:54:32] Starting epoch 17
[2019-07-11 02:54:32] [data] Shuffling data
[2019-07-11 02:54:33] [data] Done reading 694774 sentences
[2019-07-11 02:54:35] [data] Done shuffling 694774 sentences to temp files
[2019-07-11 02:55:39] Ep. 17 : Up. 40000 : Sen. 68,000 : Cost 21.28398705 : Time 491.17s : 18459.18 words/s
[2019-07-11 02:55:39] Saving model to ../experiments/10M_fasttext_prob_x_len_+_dcce_x_ced_0.5/model/model.npz.orig.npz
[2019-07-11 02:55:50] Saving model to ../experiments/10M_fasttext_prob_x_len_+_dcce_x_ced_0.5/model/model.iter40000.npz
[2019-07-11 02:55:58] Saving model to ../experiments/10M_fasttext_prob_x_len_+_dcce_x_ced_0.5/model/model.npz
[2019-07-11 02:56:09] Saving Adam parameters to ../experiments/10M_fasttext_prob_x_len_+_dcce_x_ced_0.5/model/model.npz.optimizer.npz
[2019-07-11 02:56:43] [valid] Ep. 17 : Up. 40000 : cross-entropy : 69.6478 : new best
[2019-07-11 02:56:50] [valid] Ep. 17 : Up. 40000 : perplexity : 15.4733 : new best
[2019-07-11 02:57:44] [valid] Ep. 17 : Up. 40000 : translation : 24.85 : new best
[2019-07-11 03:05:54] Ep. 17 : Up. 42000 : Sen. 590,930 : Cost 20.85829926 : Time 614.66s : 14789.22 words/s
[2019-07-11 03:06:49] Seen 649246 samples
[2019-07-11 03:06:49] Starting epoch 18
[2019-07-11 03:06:49] [data] Shuffling data
[2019-07-11 03:06:49] [data] Done reading 694774 sentences
[2019-07-11 03:06:52] [data] Done shuffling 694774 sentences to temp files
[2019-07-11 03:14:09] Ep. 18 : Up. 44000 : Sen. 465,220 : Cost 20.39093018 : Time 495.01s : 18397.03 words/s
[2019-07-11 03:17:01] Seen 649246 samples
[2019-07-11 03:17:01] Starting epoch 19
[2019-07-11 03:17:01] [data] Shuffling data
[2019-07-11 03:17:01] [data] Done reading 694774 sentences
[2019-07-11 03:17:04] [data] Done shuffling 694774 sentences to temp files
[2019-07-11 03:22:24] Ep. 19 : Up. 46000 : Sen. 341,299 : Cost 20.08633232 : Time 495.44s : 18440.88 words/s
[2019-07-11 03:27:11] Seen 649246 samples
[2019-07-11 03:27:11] Starting epoch 20
[2019-07-11 03:27:11] [data] Shuffling data
[2019-07-11 03:27:12] [data] Done reading 694774 sentences
[2019-07-11 03:27:15] [data] Done shuffling 694774 sentences to temp files
[2019-07-11 03:30:36] Ep. 20 : Up. 48000 : Sen. 214,446 : Cost 19.87119484 : Time 491.99s : 18436.66 words/s
[2019-07-11 03:37:20] Seen 649246 samples
[2019-07-11 03:37:20] Starting epoch 21
[2019-07-11 03:37:20] [data] Shuffling data
[2019-07-11 03:37:21] [data] Done reading 694774 sentences
[2019-07-11 03:37:23] [data] Done shuffling 694774 sentences to temp files
[2019-07-11 03:38:48] Ep. 21 : Up. 50000 : Sen. 88,172 : Cost 19.62651443 : Time 491.69s : 18480.72 words/s
[2019-07-11 03:46:53] Ep. 21 : Up. 52000 : Sen. 610,449 : Cost 19.18680573 : Time 485.14s : 18707.75 words/s
[2019-07-11 03:47:29] Seen 649246 samples
[2019-07-11 03:47:29] Starting epoch 22
[2019-07-11 03:47:29] [data] Shuffling data
[2019-07-11 03:47:29] [data] Done reading 694774 sentences
[2019-07-11 03:47:32] [data] Done shuffling 694774 sentences to temp files
[2019-07-11 03:55:05] Ep. 22 : Up. 54000 : Sen. 484,904 : Cost 18.87543297 : Time 491.29s : 18495.21 words/s
[2019-07-11 03:57:38] Seen 649246 samples
[2019-07-11 03:57:38] Starting epoch 23
[2019-07-11 03:57:38] [data] Shuffling data
[2019-07-11 03:57:39] [data] Done reading 694774 sentences
[2019-07-11 03:57:41] [data] Done shuffling 694774 sentences to temp files
[2019-07-11 04:03:16] Ep. 23 : Up. 56000 : Sen. 359,389 : Cost 18.63403320 : Time 491.52s : 18482.93 words/s
[2019-07-11 04:07:45] Seen 649246 samples
[2019-07-11 04:07:45] Starting epoch 24
[2019-07-11 04:07:45] [data] Shuffling data
[2019-07-11 04:07:46] [data] Done reading 694774 sentences
[2019-07-11 04:07:49] [data] Done shuffling 694774 sentences to temp files
[2019-07-11 04:11:28] Ep. 24 : Up. 58000 : Sen. 235,640 : Cost 18.41835022 : Time 491.58s : 18606.98 words/s
[2019-07-11 04:17:55] Seen 649246 samples
[2019-07-11 04:17:55] Starting epoch 25
[2019-07-11 04:17:55] [data] Shuffling data
[2019-07-11 04:17:56] [data] Done reading 694774 sentences
[2019-07-11 04:17:58] [data] Done shuffling 694774 sentences to temp files
[2019-07-11 04:19:41] Ep. 25 : Up. 60000 : Sen. 107,215 : Cost 18.17803192 : Time 492.96s : 18358.75 words/s
[2019-07-11 04:19:41] Saving model to ../experiments/10M_fasttext_prob_x_len_+_dcce_x_ced_0.5/model/model.npz.orig.npz
[2019-07-11 04:19:55] Saving model to ../experiments/10M_fasttext_prob_x_len_+_dcce_x_ced_0.5/model/model.iter60000.npz
[2019-07-11 04:20:04] Saving model to ../experiments/10M_fasttext_prob_x_len_+_dcce_x_ced_0.5/model/model.npz
[2019-07-11 04:20:18] Saving Adam parameters to ../experiments/10M_fasttext_prob_x_len_+_dcce_x_ced_0.5/model/model.npz.optimizer.npz
[2019-07-11 04:20:48] [valid] Ep. 25 : Up. 60000 : cross-entropy : 69.2964 : new best
[2019-07-11 04:20:54] [valid] Ep. 25 : Up. 60000 : perplexity : 15.2609 : new best
[2019-07-11 04:21:48] [valid] Ep. 25 : Up. 60000 : translation : 25.24 : new best
[2019-07-11 04:29:56] Ep. 25 : Up. 62000 : Sen. 629,675 : Cost 17.96246338 : Time 615.56s : 14739.99 words/s
[2019-07-11 04:30:14] Seen 649246 samples
[2019-07-11 04:30:14] Starting epoch 26
[2019-07-11 04:30:14] [data] Shuffling data
[2019-07-11 04:30:15] [data] Done reading 694774 sentences
[2019-07-11 04:30:17] [data] Done shuffling 694774 sentences to temp files
[2019-07-11 04:38:11] Ep. 26 : Up. 64000 : Sen. 503,541 : Cost 17.60509300 : Time 494.47s : 18396.76 words/s
[2019-07-11 04:40:26] Seen 649246 samples
[2019-07-11 04:40:26] Starting epoch 27
[2019-07-11 04:40:26] [data] Shuffling data
[2019-07-11 04:40:26] [data] Done reading 694774 sentences
[2019-07-11 04:40:29] [data] Done shuffling 694774 sentences to temp files
[2019-07-11 04:46:20] Ep. 27 : Up. 66000 : Sen. 375,511 : Cost 17.38459587 : Time 489.70s : 18491.73 words/s
[2019-07-11 04:50:36] Seen 649246 samples
[2019-07-11 04:50:36] Starting epoch 28
[2019-07-11 04:50:36] [data] Shuffling data
[2019-07-11 04:50:36] [data] Done reading 694774 sentences
[2019-07-11 04:50:39] [data] Done shuffling 694774 sentences to temp files
[2019-07-11 04:54:33] Ep. 28 : Up. 68000 : Sen. 250,352 : Cost 17.35002327 : Time 492.55s : 18465.19 words/s
[2019-07-11 05:00:44] Seen 649246 samples
[2019-07-11 05:00:44] Starting epoch 29
[2019-07-11 05:00:44] [data] Shuffling data
[2019-07-11 05:00:45] [data] Done reading 694774 sentences
[2019-07-11 05:00:47] [data] Done shuffling 694774 sentences to temp files
[2019-07-11 05:02:48] Ep. 29 : Up. 70000 : Sen. 127,572 : Cost 17.05540657 : Time 494.90s : 18481.87 words/s
[2019-07-11 05:10:55] Ep. 29 : Up. 72000 : Sen. 649,043 : Cost 16.90669250 : Time 487.58s : 18589.30 words/s
[2019-07-11 05:10:56] Seen 649246 samples
[2019-07-11 05:10:56] Starting epoch 30
[2019-07-11 05:10:56] [data] Shuffling data
[2019-07-11 05:10:56] [data] Done reading 694774 sentences
[2019-07-11 05:10:59] [data] Done shuffling 694774 sentences to temp files
[2019-07-11 05:19:05] Ep. 30 : Up. 74000 : Sen. 522,063 : Cost 16.66418648 : Time 490.09s : 18539.23 words/s
[2019-07-11 05:21:04] Seen 649246 samples
[2019-07-11 05:21:04] Starting epoch 31
[2019-07-11 05:21:04] [data] Shuffling data
[2019-07-11 05:21:04] [data] Done reading 694774 sentences
[2019-07-11 05:21:07] [data] Done shuffling 694774 sentences to temp files
[2019-07-11 05:27:16] Ep. 31 : Up. 76000 : Sen. 395,907 : Cost 16.40635109 : Time 490.85s : 18474.06 words/s
[2019-07-11 05:31:15] Seen 649246 samples
[2019-07-11 05:31:15] Starting epoch 32
[2019-07-11 05:31:15] [data] Shuffling data
[2019-07-11 05:31:15] [data] Done reading 694774 sentences
[2019-07-11 05:31:18] [data] Done shuffling 694774 sentences to temp files
[2019-07-11 05:35:28] Ep. 32 : Up. 78000 : Sen. 266,701 : Cost 16.21075058 : Time 491.49s : 18398.96 words/s
[2019-07-11 05:41:23] Seen 649246 samples
[2019-07-11 05:41:23] Starting epoch 33
[2019-07-11 05:41:23] [data] Shuffling data
[2019-07-11 05:41:24] [data] Done reading 694774 sentences
[2019-07-11 05:41:26] [data] Done shuffling 694774 sentences to temp files
[2019-07-11 05:43:36] Ep. 33 : Up. 80000 : Sen. 137,842 : Cost 16.10628128 : Time 488.71s : 18516.06 words/s
[2019-07-11 05:43:36] Saving model to ../experiments/10M_fasttext_prob_x_len_+_dcce_x_ced_0.5/model/model.npz.orig.npz
[2019-07-11 05:43:47] Saving model to ../experiments/10M_fasttext_prob_x_len_+_dcce_x_ced_0.5/model/model.iter80000.npz
[2019-07-11 05:43:54] Saving model to ../experiments/10M_fasttext_prob_x_len_+_dcce_x_ced_0.5/model/model.npz
[2019-07-11 05:44:04] Saving Adam parameters to ../experiments/10M_fasttext_prob_x_len_+_dcce_x_ced_0.5/model/model.npz.optimizer.npz
[2019-07-11 05:44:30] [valid] Ep. 33 : Up. 80000 : cross-entropy : 70.636 : stalled 1 times (last best: 69.2964)
[2019-07-11 05:44:37] [valid] Ep. 33 : Up. 80000 : perplexity : 16.0865 : stalled 1 times (last best: 15.2609)
[2019-07-11 05:45:29] [valid] Ep. 33 : Up. 80000 : translation : 25.31 : new best
[2019-07-11 05:53:24] Seen 649246 samples
[2019-07-11 05:53:24] Starting epoch 34
[2019-07-11 05:53:24] [data] Shuffling data
[2019-07-11 05:53:24] [data] Done reading 694774 sentences
[2019-07-11 05:53:27] [data] Done shuffling 694774 sentences to temp files
[2019-07-11 05:53:41] Ep. 34 : Up. 82000 : Sen. 10,945 : Cost 16.16868782 : Time 604.34s : 15011.47 words/s
[2019-07-11 06:01:46] Ep. 34 : Up. 84000 : Sen. 532,898 : Cost 15.71785736 : Time 485.51s : 18707.41 words/s
[2019-07-11 06:03:34] Seen 649246 samples
[2019-07-11 06:03:34] Starting epoch 35
[2019-07-11 06:03:34] [data] Shuffling data
[2019-07-11 06:03:34] [data] Done reading 694774 sentences
[2019-07-11 06:03:36] [data] Done shuffling 694774 sentences to temp files
[2019-07-11 06:09:55] Ep. 35 : Up. 86000 : Sen. 404,920 : Cost 15.49175835 : Time 488.57s : 18526.13 words/s
[2019-07-11 06:13:42] Seen 649246 samples
[2019-07-11 06:13:42] Starting epoch 36
[2019-07-11 06:13:42] [data] Shuffling data
[2019-07-11 06:13:42] [data] Done reading 694774 sentences
[2019-07-11 06:13:45] [data] Done shuffling 694774 sentences to temp files
[2019-07-11 06:18:08] Ep. 36 : Up. 88000 : Sen. 280,557 : Cost 15.50737667 : Time 492.92s : 18489.90 words/s
[2019-07-11 06:23:51] Seen 649246 samples
[2019-07-11 06:23:51] Starting epoch 37
[2019-07-11 06:23:51] [data] Shuffling data
[2019-07-11 06:23:52] [data] Done reading 694774 sentences
[2019-07-11 06:23:54] [data] Done shuffling 694774 sentences to temp files
[2019-07-11 06:26:18] Ep. 37 : Up. 90000 : Sen. 152,656 : Cost 15.33641052 : Time 490.08s : 18471.62 words/s
[2019-07-11 06:33:58] Seen 649246 samples
[2019-07-11 06:33:58] Starting epoch 38
[2019-07-11 06:33:58] [data] Shuffling data
[2019-07-11 06:33:59] [data] Done reading 694774 sentences
[2019-07-11 06:34:02] [data] Done shuffling 694774 sentences to temp files
[2019-07-11 06:34:29] Ep. 38 : Up. 92000 : Sen. 27,430 : Cost 15.41831398 : Time 491.45s : 18540.45 words/s
[2019-07-11 06:42:35] Ep. 38 : Up. 94000 : Sen. 549,543 : Cost 15.04373360 : Time 485.38s : 18701.08 words/s
[2019-07-11 06:44:07] Seen 649246 samples
[2019-07-11 06:44:07] Starting epoch 39
[2019-07-11 06:44:07] [data] Shuffling data
[2019-07-11 06:44:07] [data] Done reading 694774 sentences
[2019-07-11 06:44:10] [data] Done shuffling 694774 sentences to temp files
[2019-07-11 06:50:45] Ep. 39 : Up. 96000 : Sen. 422,669 : Cost 14.71551895 : Time 489.72s : 18499.24 words/s
[2019-07-11 06:54:15] Seen 649246 samples
[2019-07-11 06:54:15] Starting epoch 40
[2019-07-11 06:54:15] [data] Shuffling data
[2019-07-11 06:54:15] [data] Done reading 694774 sentences
[2019-07-11 06:54:18] [data] Done shuffling 694774 sentences to temp files
[2019-07-11 06:58:57] Ep. 40 : Up. 98000 : Sen. 298,155 : Cost 14.91768551 : Time 492.20s : 18542.50 words/s
[2019-07-11 07:04:23] Seen 649246 samples
[2019-07-11 07:04:23] Starting epoch 41
[2019-07-11 07:04:23] [data] Shuffling data
[2019-07-11 07:04:23] [data] Done reading 694774 sentences
[2019-07-11 07:04:27] [data] Done shuffling 694774 sentences to temp files
[2019-07-11 07:07:11] Ep. 41 : Up. 100000 : Sen. 172,800 : Cost 14.68998623 : Time 494.18s : 18398.54 words/s
[2019-07-11 07:07:11] Saving model to ../experiments/10M_fasttext_prob_x_len_+_dcce_x_ced_0.5/model/model.npz.orig.npz
[2019-07-11 07:07:21] Saving model to ../experiments/10M_fasttext_prob_x_len_+_dcce_x_ced_0.5/model/model.iter100000.npz
[2019-07-11 07:07:29] Saving model to ../experiments/10M_fasttext_prob_x_len_+_dcce_x_ced_0.5/model/model.npz
[2019-07-11 07:07:40] Saving Adam parameters to ../experiments/10M_fasttext_prob_x_len_+_dcce_x_ced_0.5/model/model.npz.optimizer.npz
[2019-07-11 07:08:08] [valid] Ep. 41 : Up. 100000 : cross-entropy : 72.4444 : stalled 2 times (last best: 69.2964)
[2019-07-11 07:08:15] [valid] Ep. 41 : Up. 100000 : perplexity : 17.2722 : stalled 2 times (last best: 15.2609)
[2019-07-11 07:09:08] [valid] Ep. 41 : Up. 100000 : translation : 25.2 : stalled 1 times (last best: 25.31)
[2019-07-11 07:16:32] Seen 649246 samples
[2019-07-11 07:16:32] Starting epoch 42
[2019-07-11 07:16:32] [data] Shuffling data
[2019-07-11 07:16:32] [data] Done reading 694774 sentences
[2019-07-11 07:16:35] [data] Done shuffling 694774 sentences to temp files
[2019-07-11 07:17:19] Ep. 42 : Up. 102000 : Sen. 45,749 : Cost 14.70192909 : Time 608.40s : 14934.80 words/s
[2019-07-11 07:25:24] Ep. 42 : Up. 104000 : Sen. 567,903 : Cost 14.37951088 : Time 484.71s : 18707.39 words/s
[2019-07-11 07:26:40] Seen 649246 samples
[2019-07-11 07:26:40] Starting epoch 43
[2019-07-11 07:26:40] [data] Shuffling data
[2019-07-11 07:26:41] [data] Done reading 694774 sentences
[2019-07-11 07:26:44] [data] Done shuffling 694774 sentences to temp files
[2019-07-11 07:33:37] Ep. 43 : Up. 106000 : Sen. 442,327 : Cost 14.24007130 : Time 492.54s : 18462.85 words/s
[2019-07-11 07:36:49] Seen 649246 samples
[2019-07-11 07:36:49] Starting epoch 44
[2019-07-11 07:36:49] [data] Shuffling data
[2019-07-11 07:36:49] [data] Done reading 694774 sentences
[2019-07-11 07:36:52] [data] Done shuffling 694774 sentences to temp files
[2019-07-11 07:41:48] Ep. 44 : Up. 108000 : Sen. 317,056 : Cost 14.10069847 : Time 491.39s : 18521.62 words/s
[2019-07-11 07:46:55] Seen 649246 samples
[2019-07-11 07:46:55] Starting epoch 45
[2019-07-11 07:46:55] [data] Shuffling data
[2019-07-11 07:46:56] [data] Done reading 694774 sentences
[2019-07-11 07:46:58] [data] Done shuffling 694774 sentences to temp files
[2019-07-11 07:49:59] Ep. 45 : Up. 110000 : Sen. 192,672 : Cost 14.07683945 : Time 491.14s : 18575.23 words/s
[2019-07-11 07:57:02] Seen 649246 samples
[2019-07-11 07:57:02] Starting epoch 46
[2019-07-11 07:57:02] [data] Shuffling data
[2019-07-11 07:57:02] [data] Done reading 694774 sentences
[2019-07-11 07:57:05] [data] Done shuffling 694774 sentences to temp files
[2019-07-11 07:58:09] Ep. 46 : Up. 112000 : Sen. 68,175 : Cost 14.00685978 : Time 490.10s : 18580.28 words/s
[2019-07-11 08:06:16] Ep. 46 : Up. 114000 : Sen. 592,687 : Cost 13.84910583 : Time 486.95s : 18711.84 words/s
[2019-07-11 08:07:09] Seen 649246 samples
[2019-07-11 08:07:09] Starting epoch 47
[2019-07-11 08:07:09] [data] Shuffling data
[2019-07-11 08:07:10] [data] Done reading 694774 sentences
[2019-07-11 08:07:13] [data] Done shuffling 694774 sentences to temp files
[2019-07-11 08:14:26] Ep. 47 : Up. 116000 : Sen. 465,009 : Cost 13.69561768 : Time 490.19s : 18523.92 words/s
[2019-07-11 08:17:17] Seen 649246 samples
[2019-07-11 08:17:17] Starting epoch 48
[2019-07-11 08:17:17] [data] Shuffling data
[2019-07-11 08:17:18] [data] Done reading 694774 sentences
[2019-07-11 08:17:20] [data] Done shuffling 694774 sentences to temp files
[2019-07-11 08:22:34] Ep. 48 : Up. 118000 : Sen. 338,160 : Cost 13.64657974 : Time 488.08s : 18570.77 words/s
[2019-07-11 08:27:24] Seen 649246 samples
[2019-07-11 08:27:24] Starting epoch 49
[2019-07-11 08:27:24] [data] Shuffling data
[2019-07-11 08:27:24] [data] Done reading 694774 sentences
[2019-07-11 08:27:27] [data] Done shuffling 694774 sentences to temp files
[2019-07-11 08:30:45] Ep. 49 : Up. 120000 : Sen. 211,609 : Cost 13.52467346 : Time 490.11s : 18532.86 words/s
[2019-07-11 08:30:45] Saving model to ../experiments/10M_fasttext_prob_x_len_+_dcce_x_ced_0.5/model/model.npz.orig.npz
[2019-07-11 08:30:54] Saving model to ../experiments/10M_fasttext_prob_x_len_+_dcce_x_ced_0.5/model/model.iter120000.npz
[2019-07-11 08:31:01] Saving model to ../experiments/10M_fasttext_prob_x_len_+_dcce_x_ced_0.5/model/model.npz
[2019-07-11 08:31:11] Saving Adam parameters to ../experiments/10M_fasttext_prob_x_len_+_dcce_x_ced_0.5/model/model.npz.optimizer.npz
[2019-07-11 08:31:38] [valid] Ep. 49 : Up. 120000 : cross-entropy : 74.6919 : stalled 3 times (last best: 69.2964)
[2019-07-11 08:31:44] [valid] Ep. 49 : Up. 120000 : perplexity : 18.8684 : stalled 3 times (last best: 15.2609)
[2019-07-11 08:32:36] [valid] Ep. 49 : Up. 120000 : translation : 24.83 : stalled 2 times (last best: 25.31)
[2019-07-11 08:39:25] Seen 649246 samples
[2019-07-11 08:39:25] Starting epoch 50
[2019-07-11 08:39:25] [data] Shuffling data
[2019-07-11 08:39:26] [data] Done reading 694774 sentences
[2019-07-11 08:39:29] [data] Done shuffling 694774 sentences to temp files
[2019-07-11 08:40:49] Ep. 50 : Up. 122000 : Sen. 83,812 : Cost 13.56897449 : Time 604.21s : 14996.77 words/s
[2019-07-11 08:48:53] Ep. 50 : Up. 124000 : Sen. 605,178 : Cost 13.33858776 : Time 483.90s : 18733.05 words/s
[2019-07-11 08:49:33] Seen 649246 samples
[2019-07-11 08:49:33] Starting epoch 51
[2019-07-11 08:49:33] [data] Shuffling data
[2019-07-11 08:49:34] [data] Done reading 694774 sentences
[2019-07-11 08:49:36] [data] Done shuffling 694774 sentences to temp files
[2019-07-11 08:57:03] Ep. 51 : Up. 126000 : Sen. 479,572 : Cost 13.29606152 : Time 489.90s : 18554.59 words/s
[2019-07-11 08:59:40] Seen 649246 samples
[2019-07-11 08:59:40] Starting epoch 52
[2019-07-11 08:59:40] [data] Shuffling data
[2019-07-11 08:59:41] [data] Done reading 694774 sentences
[2019-07-11 08:59:44] [data] Done shuffling 694774 sentences to temp files
[2019-07-11 09:05:12] Ep. 52 : Up. 128000 : Sen. 351,841 : Cost 13.28293610 : Time 489.49s : 18524.75 words/s
[2019-07-11 09:09:49] Seen 649246 samples
[2019-07-11 09:09:49] Starting epoch 53
[2019-07-11 09:09:49] [data] Shuffling data
[2019-07-11 09:09:50] [data] Done reading 694774 sentences
[2019-07-11 09:09:53] [data] Done shuffling 694774 sentences to temp files
[2019-07-11 09:13:24] Ep. 53 : Up. 130000 : Sen. 224,269 : Cost 12.91759205 : Time 491.72s : 18420.17 words/s
[2019-07-11 09:20:02] Seen 649246 samples
[2019-07-11 09:20:02] Starting epoch 54
[2019-07-11 09:20:02] [data] Shuffling data
[2019-07-11 09:20:03] [data] Done reading 694774 sentences
[2019-07-11 09:20:05] [data] Done shuffling 694774 sentences to temp files
[2019-07-11 09:21:40] Ep. 54 : Up. 132000 : Sen. 98,080 : Cost 13.09927845 : Time 495.89s : 18338.70 words/s
[2019-07-11 09:29:48] Ep. 54 : Up. 134000 : Sen. 622,751 : Cost 12.87553692 : Time 488.25s : 18661.84 words/s
[2019-07-11 09:30:13] Seen 649246 samples
[2019-07-11 09:30:13] Starting epoch 55
[2019-07-11 09:30:13] [data] Shuffling data
[2019-07-11 09:30:13] [data] Done reading 694774 sentences
[2019-07-11 09:30:16] [data] Done shuffling 694774 sentences to temp files
[2019-07-11 09:37:58] Ep. 55 : Up. 136000 : Sen. 498,283 : Cost 12.71660614 : Time 490.57s : 18577.36 words/s
[2019-07-11 09:40:19] Seen 649246 samples
[2019-07-11 09:40:19] Starting epoch 56
[2019-07-11 09:40:19] [data] Shuffling data
[2019-07-11 09:40:20] [data] Done reading 694774 sentences
[2019-07-11 09:40:22] [data] Done shuffling 694774 sentences to temp files
[2019-07-11 09:46:08] Ep. 56 : Up. 138000 : Sen. 370,997 : Cost 12.67851067 : Time 489.99s : 18513.74 words/s
[2019-07-11 09:50:26] Seen 649246 samples
[2019-07-11 09:50:26] Starting epoch 57
[2019-07-11 09:50:26] [data] Shuffling data
[2019-07-11 09:50:27] [data] Done reading 694774 sentences
[2019-07-11 09:50:29] [data] Done shuffling 694774 sentences to temp files
[2019-07-11 09:54:18] Ep. 57 : Up. 140000 : Sen. 244,539 : Cost 12.63796425 : Time 489.77s : 18550.62 words/s
[2019-07-11 09:54:18] Saving model to ../experiments/10M_fasttext_prob_x_len_+_dcce_x_ced_0.5/model/model.npz.orig.npz
[2019-07-11 09:54:29] Saving model to ../experiments/10M_fasttext_prob_x_len_+_dcce_x_ced_0.5/model/model.iter140000.npz
[2019-07-11 09:54:36] Saving model to ../experiments/10M_fasttext_prob_x_len_+_dcce_x_ced_0.5/model/model.npz
[2019-07-11 09:54:47] Saving Adam parameters to ../experiments/10M_fasttext_prob_x_len_+_dcce_x_ced_0.5/model/model.npz.optimizer.npz
[2019-07-11 09:55:14] [valid] Ep. 57 : Up. 140000 : cross-entropy : 76.8302 : stalled 4 times (last best: 69.2964)
[2019-07-11 09:55:20] [valid] Ep. 57 : Up. 140000 : perplexity : 20.5237 : stalled 4 times (last best: 15.2609)
[2019-07-11 09:56:13] [valid] Ep. 57 : Up. 140000 : translation : 24.77 : stalled 3 times (last best: 25.31)
[2019-07-11 10:02:31] Seen 649246 samples
[2019-07-11 10:02:31] Starting epoch 58
[2019-07-11 10:02:31] [data] Shuffling data
[2019-07-11 10:02:31] [data] Done reading 694774 sentences
[2019-07-11 10:02:34] [data] Done shuffling 694774 sentences to temp files
[2019-07-11 10:04:26] Ep. 58 : Up. 142000 : Sen. 118,702 : Cost 12.56412315 : Time 607.93s : 14968.99 words/s
[2019-07-11 10:12:31] Ep. 58 : Up. 144000 : Sen. 641,723 : Cost 12.43049240 : Time 484.39s : 18755.81 words/s
[2019-07-11 10:12:37] Seen 649246 samples
[2019-07-11 10:12:37] Starting epoch 59
[2019-07-11 10:12:37] [data] Shuffling data
[2019-07-11 10:12:38] [data] Done reading 694774 sentences
[2019-07-11 10:12:40] [data] Done shuffling 694774 sentences to temp files
[2019-07-11 10:20:41] Ep. 59 : Up. 146000 : Sen. 514,103 : Cost 12.37559032 : Time 490.84s : 18446.79 words/s
[2019-07-11 10:22:48] Seen 649246 samples
[2019-07-11 10:22:48] Starting epoch 60
[2019-07-11 10:22:48] [data] Shuffling data
[2019-07-11 10:22:48] [data] Done reading 694774 sentences
[2019-07-11 10:22:51] [data] Done shuffling 694774 sentences to temp files
[2019-07-11 10:28:53] Ep. 60 : Up. 148000 : Sen. 387,028 : Cost 12.28386211 : Time 491.54s : 18441.98 words/s
[2019-07-11 10:32:58] Seen 649246 samples
[2019-07-11 10:32:58] Starting epoch 61
[2019-07-11 10:32:58] [data] Shuffling data
[2019-07-11 10:32:58] [data] Done reading 694774 sentences
[2019-07-11 10:33:01] [data] Done shuffling 694774 sentences to temp files
[2019-07-11 10:37:07] Ep. 61 : Up. 150000 : Sen. 262,400 : Cost 12.26271915 : Time 494.07s : 18473.84 words/s
[2019-07-11 10:43:08] Seen 649246 samples
[2019-07-11 10:43:08] Starting epoch 62
[2019-07-11 10:43:08] [data] Shuffling data
[2019-07-11 10:43:08] [data] Done reading 694774 sentences
[2019-07-11 10:43:11] [data] Done shuffling 694774 sentences to temp files
[2019-07-11 10:45:20] Ep. 62 : Up. 152000 : Sen. 136,428 : Cost 12.27083683 : Time 493.02s : 18440.50 words/s
[2019-07-11 10:53:18] Seen 649246 samples
[2019-07-11 10:53:18] Starting epoch 63
[2019-07-11 10:53:18] [data] Shuffling data
[2019-07-11 10:53:18] [data] Done reading 694774 sentences
[2019-07-11 10:53:21] [data] Done shuffling 694774 sentences to temp files
[2019-07-11 10:53:32] Ep. 63 : Up. 154000 : Sen. 10,209 : Cost 12.09511375 : Time 492.10s : 18453.47 words/s
[2019-07-11 11:01:40] Ep. 63 : Up. 156000 : Sen. 533,764 : Cost 11.94392204 : Time 488.25s : 18668.13 words/s
[2019-07-11 11:03:27] Seen 649246 samples
[2019-07-11 11:03:27] Starting epoch 64
[2019-07-11 11:03:27] [data] Shuffling data
[2019-07-11 11:03:28] [data] Done reading 694774 sentences
[2019-07-11 11:03:30] [data] Done shuffling 694774 sentences to temp files
[2019-07-11 11:09:52] Ep. 64 : Up. 158000 : Sen. 408,475 : Cost 11.98670006 : Time 491.79s : 18469.67 words/s
[2019-07-11 11:13:37] Seen 649246 samples
[2019-07-11 11:13:37] Starting epoch 65
[2019-07-11 11:13:37] [data] Shuffling data
[2019-07-11 11:13:38] [data] Done reading 694774 sentences
[2019-07-11 11:13:41] [data] Done shuffling 694774 sentences to temp files
[2019-07-11 11:18:05] Ep. 65 : Up. 160000 : Sen. 279,807 : Cost 11.79352856 : Time 492.87s : 18383.27 words/s
[2019-07-11 11:18:05] Saving model to ../experiments/10M_fasttext_prob_x_len_+_dcce_x_ced_0.5/model/model.npz.orig.npz
[2019-07-11 11:18:16] Saving model to ../experiments/10M_fasttext_prob_x_len_+_dcce_x_ced_0.5/model/model.iter160000.npz
[2019-07-11 11:18:23] Saving model to ../experiments/10M_fasttext_prob_x_len_+_dcce_x_ced_0.5/model/model.npz
[2019-07-11 11:18:34] Saving Adam parameters to ../experiments/10M_fasttext_prob_x_len_+_dcce_x_ced_0.5/model/model.npz.optimizer.npz
[2019-07-11 11:19:02] [valid] Ep. 65 : Up. 160000 : cross-entropy : 78.9028 : stalled 5 times (last best: 69.2964)
[2019-07-11 11:19:08] [valid] Ep. 65 : Up. 160000 : perplexity : 22.2668 : stalled 5 times (last best: 15.2609)
[2019-07-11 11:20:01] [valid] Ep. 65 : Up. 160000 : translation : 24.39 : stalled 4 times (last best: 25.31)
[2019-07-11 11:20:04] Training finished
[2019-07-11 11:20:10] Saving model to ../experiments/10M_fasttext_prob_x_len_+_dcce_x_ced_0.5/model/model.npz.orig.npz
[2019-07-11 11:20:22] Saving model to ../experiments/10M_fasttext_prob_x_len_+_dcce_x_ced_0.5/model/model.npz
[2019-07-11 11:20:35] Saving Adam parameters to ../experiments/10M_fasttext_prob_x_len_+_dcce_x_ced_0.5/model/model.npz.optimizer.npz
