[2019-08-07 09:53:52] [marian] Marian v1.7.8 ec2d66e 2019-05-27 14:52:11 +0100
[2019-08-07 09:53:52] [marian] Running on zisa as process 28959 with command line:
[2019-08-07 09:53:52] [marian] /fs/bil0/abdel/marian-dev/build/marian --sync-sgd --model ../experiments/10M_random_fasttext_prob/model/model.npz -T . --devices 1 --train-sets ../experiments/10M_random_fasttext_prob/data/train.bpe.de ../experiments/10M_random_fasttext_prob/data/train.bpe.en --vocabs ../experiments/10M_random_fasttext_prob/data/train.bpe.de.json ../experiments/10M_random_fasttext_prob/data/train.bpe.en.json --mini-batch-fit -w 3000 --dim-vocabs 50000 50000 --layer-normalization --dropout-rnn 0.2 --dropout-src 0.1 --dropout-trg 0.1 --learn-rate 0.0001 --after-epochs 0 --early-stopping 5 --valid-freq 20000 --save-freq 20000 --disp-freq 2000 --valid-mini-batch 8 --valid-sets ../experiments/10M_random_fasttext_prob/data/dev.bpe.de ../experiments/10M_random_fasttext_prob/data/dev.bpe.en --valid-metrics cross-entropy perplexity translation --valid-translation-output ../experiments/10M_random_fasttext_prob/model/dev.out --valid-script-path ../experiments/10M_random_fasttext_prob/score-dev.sh --seed 1111 --exponential-smoothing --normalize=1 --beam-size=12 --quiet-translation --log ../experiments/10M_random_fasttext_prob/model/train.log --valid-log ../experiments/10M_random_fasttext_prob/model/valid.log
[2019-08-07 09:53:52] [config] after-batches: 0
[2019-08-07 09:53:52] [config] after-epochs: 0
[2019-08-07 09:53:52] [config] allow-unk: false
[2019-08-07 09:53:52] [config] beam-size: 12
[2019-08-07 09:53:52] [config] bert-class-symbol: "[CLS]"
[2019-08-07 09:53:52] [config] bert-mask-symbol: "[MASK]"
[2019-08-07 09:53:52] [config] bert-masking-fraction: 0.15
[2019-08-07 09:53:52] [config] bert-sep-symbol: "[SEP]"
[2019-08-07 09:53:52] [config] bert-train-type-embeddings: true
[2019-08-07 09:53:52] [config] bert-type-vocab-size: 2
[2019-08-07 09:53:52] [config] best-deep: false
[2019-08-07 09:53:52] [config] clip-gemm: 0
[2019-08-07 09:53:52] [config] clip-norm: 1
[2019-08-07 09:53:52] [config] cost-type: ce-mean
[2019-08-07 09:53:52] [config] cpu-threads: 0
[2019-08-07 09:53:52] [config] data-weighting: ""
[2019-08-07 09:53:52] [config] data-weighting-type: sentence
[2019-08-07 09:53:52] [config] dec-cell: gru
[2019-08-07 09:53:52] [config] dec-cell-base-depth: 2
[2019-08-07 09:53:52] [config] dec-cell-high-depth: 1
[2019-08-07 09:53:52] [config] dec-depth: 1
[2019-08-07 09:53:52] [config] devices:
[2019-08-07 09:53:52] [config]   - 1
[2019-08-07 09:53:52] [config] dim-emb: 512
[2019-08-07 09:53:52] [config] dim-rnn: 1024
[2019-08-07 09:53:52] [config] dim-vocabs:
[2019-08-07 09:53:52] [config]   - 50000
[2019-08-07 09:53:52] [config]   - 50000
[2019-08-07 09:53:52] [config] disp-first: 0
[2019-08-07 09:53:52] [config] disp-freq: 2000
[2019-08-07 09:53:52] [config] disp-label-counts: false
[2019-08-07 09:53:52] [config] dropout-rnn: 0.2
[2019-08-07 09:53:52] [config] dropout-src: 0.1
[2019-08-07 09:53:52] [config] dropout-trg: 0.1
[2019-08-07 09:53:52] [config] dump-config: ""
[2019-08-07 09:53:52] [config] early-stopping: 5
[2019-08-07 09:53:52] [config] embedding-fix-src: false
[2019-08-07 09:53:52] [config] embedding-fix-trg: false
[2019-08-07 09:53:52] [config] embedding-normalization: false
[2019-08-07 09:53:52] [config] embedding-vectors:
[2019-08-07 09:53:52] [config]   []
[2019-08-07 09:53:52] [config] enc-cell: gru
[2019-08-07 09:53:52] [config] enc-cell-depth: 1
[2019-08-07 09:53:52] [config] enc-depth: 1
[2019-08-07 09:53:52] [config] enc-type: bidirectional
[2019-08-07 09:53:52] [config] exponential-smoothing: 0.0001
[2019-08-07 09:53:52] [config] grad-dropping-momentum: 0
[2019-08-07 09:53:52] [config] grad-dropping-rate: 0
[2019-08-07 09:53:52] [config] grad-dropping-warmup: 100
[2019-08-07 09:53:52] [config] guided-alignment: none
[2019-08-07 09:53:52] [config] guided-alignment-cost: mse
[2019-08-07 09:53:52] [config] guided-alignment-weight: 0.1
[2019-08-07 09:53:52] [config] ignore-model-config: false
[2019-08-07 09:53:52] [config] input-types:
[2019-08-07 09:53:52] [config]   []
[2019-08-07 09:53:52] [config] interpolate-env-vars: false
[2019-08-07 09:53:52] [config] keep-best: false
[2019-08-07 09:53:52] [config] label-smoothing: 0
[2019-08-07 09:53:52] [config] layer-normalization: true
[2019-08-07 09:53:52] [config] learn-rate: 0.0001
[2019-08-07 09:53:52] [config] log: ../experiments/10M_random_fasttext_prob/model/train.log
[2019-08-07 09:53:52] [config] log-level: info
[2019-08-07 09:53:52] [config] log-time-zone: ""
[2019-08-07 09:53:52] [config] lr-decay: 0
[2019-08-07 09:53:52] [config] lr-decay-freq: 50000
[2019-08-07 09:53:52] [config] lr-decay-inv-sqrt:
[2019-08-07 09:53:52] [config]   - 0
[2019-08-07 09:53:52] [config] lr-decay-repeat-warmup: false
[2019-08-07 09:53:52] [config] lr-decay-reset-optimizer: false
[2019-08-07 09:53:52] [config] lr-decay-start:
[2019-08-07 09:53:52] [config]   - 10
[2019-08-07 09:53:52] [config]   - 1
[2019-08-07 09:53:52] [config] lr-decay-strategy: epoch+stalled
[2019-08-07 09:53:52] [config] lr-report: false
[2019-08-07 09:53:52] [config] lr-warmup: 0
[2019-08-07 09:53:52] [config] lr-warmup-at-reload: false
[2019-08-07 09:53:52] [config] lr-warmup-cycle: false
[2019-08-07 09:53:52] [config] lr-warmup-start-rate: 0
[2019-08-07 09:53:52] [config] max-length: 50
[2019-08-07 09:53:52] [config] max-length-crop: false
[2019-08-07 09:53:52] [config] max-length-factor: 3
[2019-08-07 09:53:52] [config] maxi-batch: 100
[2019-08-07 09:53:52] [config] maxi-batch-sort: trg
[2019-08-07 09:53:52] [config] mini-batch: 64
[2019-08-07 09:53:52] [config] mini-batch-fit: true
[2019-08-07 09:53:52] [config] mini-batch-fit-step: 10
[2019-08-07 09:53:52] [config] mini-batch-overstuff: 1
[2019-08-07 09:53:52] [config] mini-batch-track-lr: false
[2019-08-07 09:53:52] [config] mini-batch-understuff: 1
[2019-08-07 09:53:52] [config] mini-batch-warmup: 0
[2019-08-07 09:53:52] [config] mini-batch-words: 0
[2019-08-07 09:53:52] [config] mini-batch-words-ref: 0
[2019-08-07 09:53:52] [config] model: ../experiments/10M_random_fasttext_prob/model/model.npz
[2019-08-07 09:53:52] [config] multi-loss-type: sum
[2019-08-07 09:53:52] [config] multi-node: false
[2019-08-07 09:53:52] [config] multi-node-overlap: true
[2019-08-07 09:53:52] [config] n-best: false
[2019-08-07 09:53:52] [config] no-nccl: false
[2019-08-07 09:53:52] [config] no-reload: false
[2019-08-07 09:53:52] [config] no-restore-corpus: false
[2019-08-07 09:53:52] [config] no-shuffle: false
[2019-08-07 09:53:52] [config] normalize: 1
[2019-08-07 09:53:52] [config] num-devices: 0
[2019-08-07 09:53:52] [config] optimizer: adam
[2019-08-07 09:53:52] [config] optimizer-delay: 1
[2019-08-07 09:53:52] [config] optimizer-params:
[2019-08-07 09:53:52] [config]   []
[2019-08-07 09:53:52] [config] overwrite: false
[2019-08-07 09:53:52] [config] pretrained-model: ""
[2019-08-07 09:53:52] [config] quiet: false
[2019-08-07 09:53:52] [config] quiet-translation: true
[2019-08-07 09:53:52] [config] relative-paths: false
[2019-08-07 09:53:52] [config] right-left: false
[2019-08-07 09:53:52] [config] save-freq: 20000
[2019-08-07 09:53:52] [config] seed: 1111
[2019-08-07 09:53:52] [config] shuffle-in-ram: false
[2019-08-07 09:53:52] [config] skip: false
[2019-08-07 09:53:52] [config] sqlite: ""
[2019-08-07 09:53:52] [config] sqlite-drop: false
[2019-08-07 09:53:52] [config] sync-sgd: true
[2019-08-07 09:53:52] [config] tempdir: .
[2019-08-07 09:53:52] [config] tied-embeddings: false
[2019-08-07 09:53:52] [config] tied-embeddings-all: false
[2019-08-07 09:53:52] [config] tied-embeddings-src: false
[2019-08-07 09:53:52] [config] train-sets:
[2019-08-07 09:53:52] [config]   - ../experiments/10M_random_fasttext_prob/data/train.bpe.de
[2019-08-07 09:53:52] [config]   - ../experiments/10M_random_fasttext_prob/data/train.bpe.en
[2019-08-07 09:53:52] [config] transformer-aan-activation: swish
[2019-08-07 09:53:52] [config] transformer-aan-depth: 2
[2019-08-07 09:53:52] [config] transformer-aan-nogate: false
[2019-08-07 09:53:52] [config] transformer-decoder-autoreg: self-attention
[2019-08-07 09:53:52] [config] transformer-dim-aan: 2048
[2019-08-07 09:53:52] [config] transformer-dim-ffn: 2048
[2019-08-07 09:53:52] [config] transformer-dropout: 0
[2019-08-07 09:53:52] [config] transformer-dropout-attention: 0
[2019-08-07 09:53:52] [config] transformer-dropout-ffn: 0
[2019-08-07 09:53:52] [config] transformer-ffn-activation: swish
[2019-08-07 09:53:52] [config] transformer-ffn-depth: 2
[2019-08-07 09:53:52] [config] transformer-guided-alignment-layer: last
[2019-08-07 09:53:52] [config] transformer-heads: 8
[2019-08-07 09:53:52] [config] transformer-no-projection: false
[2019-08-07 09:53:52] [config] transformer-postprocess: dan
[2019-08-07 09:53:52] [config] transformer-postprocess-emb: d
[2019-08-07 09:53:52] [config] transformer-preprocess: ""
[2019-08-07 09:53:52] [config] transformer-tied-layers:
[2019-08-07 09:53:52] [config]   []
[2019-08-07 09:53:52] [config] transformer-train-position-embeddings: false
[2019-08-07 09:53:52] [config] type: amun
[2019-08-07 09:53:52] [config] ulr: false
[2019-08-07 09:53:52] [config] ulr-dim-emb: 0
[2019-08-07 09:53:52] [config] ulr-dropout: 0
[2019-08-07 09:53:52] [config] ulr-keys-vectors: ""
[2019-08-07 09:53:52] [config] ulr-query-vectors: ""
[2019-08-07 09:53:52] [config] ulr-softmax-temperature: 1
[2019-08-07 09:53:52] [config] ulr-trainable-transformation: false
[2019-08-07 09:53:52] [config] valid-freq: 20000
[2019-08-07 09:53:52] [config] valid-log: ../experiments/10M_random_fasttext_prob/model/valid.log
[2019-08-07 09:53:52] [config] valid-max-length: 1000
[2019-08-07 09:53:52] [config] valid-metrics:
[2019-08-07 09:53:52] [config]   - cross-entropy
[2019-08-07 09:53:52] [config]   - perplexity
[2019-08-07 09:53:52] [config]   - translation
[2019-08-07 09:53:52] [config] valid-mini-batch: 8
[2019-08-07 09:53:52] [config] valid-script-path: ../experiments/10M_random_fasttext_prob/score-dev.sh
[2019-08-07 09:53:52] [config] valid-sets:
[2019-08-07 09:53:52] [config]   - ../experiments/10M_random_fasttext_prob/data/dev.bpe.de
[2019-08-07 09:53:52] [config]   - ../experiments/10M_random_fasttext_prob/data/dev.bpe.en
[2019-08-07 09:53:52] [config] valid-translation-output: ../experiments/10M_random_fasttext_prob/model/dev.out
[2019-08-07 09:53:52] [config] vocabs:
[2019-08-07 09:53:52] [config]   - ../experiments/10M_random_fasttext_prob/data/train.bpe.de.json
[2019-08-07 09:53:52] [config]   - ../experiments/10M_random_fasttext_prob/data/train.bpe.en.json
[2019-08-07 09:53:52] [config] word-penalty: 0
[2019-08-07 09:53:52] [config] workspace: 3000
[2019-08-07 09:53:52] [config] Model is being created with Marian v1.7.8 ec2d66e 2019-05-27 14:52:11 +0100
[2019-08-07 09:53:52] Using synchronous training
[2019-08-07 09:53:52] [data] Loading vocabulary from JSON/Yaml file ../experiments/10M_random_fasttext_prob/data/train.bpe.de.json
[2019-08-07 09:53:53] [data] Using unused word id eos for 0
[2019-08-07 09:53:53] [data] Using unused word id UNK for 1
[2019-08-07 09:53:53] [data] Setting vocabulary size for input 0 to 50000
[2019-08-07 09:53:53] [data] Loading vocabulary from JSON/Yaml file ../experiments/10M_random_fasttext_prob/data/train.bpe.en.json
[2019-08-07 09:53:53] [data] Using unused word id eos for 0
[2019-08-07 09:53:53] [data] Using unused word id UNK for 1
[2019-08-07 09:53:53] [data] Setting vocabulary size for input 1 to 50000
[2019-08-07 09:53:53] Compiled without MPI support. Falling back to FakeMPIWrapper
[2019-08-07 09:53:53] [batching] Collecting statistics for batch fitting with step size 10
[2019-08-07 09:53:54] [memory] Extending reserved space to 3072 MB (device gpu1)
[2019-08-07 09:53:54] [comm] Using NCCL 2.4.2 for GPU communication
[2019-08-07 09:53:54] [comm] NCCLCommunicator constructed successfully.
[2019-08-07 09:53:54] [training] Using 1 GPUs
[2019-08-07 09:53:54] [memory] Reserving 422 MB, device gpu1
[2019-08-07 09:53:54] [gpu] 16-bit TensorCores enabled for float32 matrix operations
[2019-08-07 09:53:54] [memory] Reserving 422 MB, device gpu1
[2019-08-07 09:54:01] [batching] Done. Typical MB size is 4042 target words
[2019-08-07 09:54:01] [memory] Extending reserved space to 3072 MB (device gpu1)
[2019-08-07 09:54:01] [comm] Using NCCL 2.4.2 for GPU communication
[2019-08-07 09:54:01] [comm] NCCLCommunicator constructed successfully.
[2019-08-07 09:54:01] [training] Using 1 GPUs
[2019-08-07 09:54:01] Training started
[2019-08-07 09:54:01] [data] Shuffling data
[2019-08-07 09:54:01] [data] Done reading 642037 sentences
[2019-08-07 09:54:03] [data] Done shuffling 642037 sentences to temp files
[2019-08-07 09:54:06] [training] Batches are processed as 1 process(es) x 1 devices/process
[2019-08-07 09:54:06] [memory] Reserving 422 MB, device gpu1
[2019-08-07 09:54:06] [memory] Reserving 422 MB, device gpu1
[2019-08-07 09:54:06] [memory] Reserving 422 MB, device gpu1
[2019-08-07 09:54:06] [memory] Reserving 844 MB, device gpu1
[2019-08-07 10:04:40] Ep. 1 : Up. 2000 : Sen. 204,644 : Cost 121.20209503 : Time 647.11s : 5719.87 words/s
[2019-08-07 10:17:36] Ep. 1 : Up. 4000 : Sen. 408,078 : Cost 106.19136047 : Time 775.91s : 4746.01 words/s
[2019-08-07 10:25:43] Seen 565767 samples
[2019-08-07 10:25:43] Starting epoch 2
[2019-08-07 10:25:43] [data] Shuffling data
[2019-08-07 10:25:43] [data] Done reading 642037 sentences
[2019-08-07 10:25:45] [data] Done shuffling 642037 sentences to temp files
[2019-08-07 10:28:21] Ep. 2 : Up. 6000 : Sen. 46,363 : Cost 99.08135223 : Time 644.79s : 5742.65 words/s
[2019-08-07 10:38:46] Ep. 2 : Up. 8000 : Sen. 250,225 : Cost 92.81160736 : Time 625.46s : 5892.53 words/s
[2019-08-07 10:49:12] Ep. 2 : Up. 10000 : Sen. 454,215 : Cost 89.66368866 : Time 625.62s : 5908.41 words/s
[2019-08-07 10:54:55] Seen 565767 samples
[2019-08-07 10:54:55] Starting epoch 3
[2019-08-07 10:54:55] [data] Shuffling data
[2019-08-07 10:54:58] [data] Done reading 642037 sentences
[2019-08-07 10:55:05] [data] Done shuffling 642037 sentences to temp files
[2019-08-07 11:00:17] Ep. 3 : Up. 12000 : Sen. 92,534 : Cost 86.02104950 : Time 665.47s : 5552.32 words/s
[2019-08-07 11:10:45] Ep. 3 : Up. 14000 : Sen. 297,168 : Cost 82.88378906 : Time 628.25s : 5891.83 words/s
[2019-08-07 11:21:13] Ep. 3 : Up. 16000 : Sen. 501,320 : Cost 81.39602661 : Time 627.95s : 5886.32 words/s
[2019-08-07 11:24:33] Seen 565767 samples
[2019-08-07 11:24:33] Starting epoch 4
[2019-08-07 11:24:33] [data] Shuffling data
[2019-08-07 11:24:34] [data] Done reading 642037 sentences
[2019-08-07 11:24:36] [data] Done shuffling 642037 sentences to temp files
[2019-08-07 11:32:00] Ep. 4 : Up. 18000 : Sen. 139,818 : Cost 78.42533112 : Time 646.91s : 5723.85 words/s
[2019-08-07 11:42:29] Ep. 4 : Up. 20000 : Sen. 344,036 : Cost 77.10376740 : Time 628.77s : 5888.93 words/s
[2019-08-07 11:42:29] Saving model to ../experiments/10M_random_fasttext_prob/model/model.npz.orig.npz
[2019-08-07 11:43:12] Saving model to ../experiments/10M_random_fasttext_prob/model/model.iter20000.npz
[2019-08-07 11:43:52] Saving model to ../experiments/10M_random_fasttext_prob/model/model.npz
[2019-08-07 11:44:34] Saving Adam parameters to ../experiments/10M_random_fasttext_prob/model/model.npz.optimizer.npz
[2019-08-07 11:46:09] [valid] Ep. 4 : Up. 20000 : cross-entropy : 102.325 : new best
[2019-08-07 11:46:18] [valid] Ep. 4 : Up. 20000 : perplexity : 56.3555 : new best
[2019-08-07 11:48:11] [valid] Ep. 4 : Up. 20000 : translation : 8.55 : new best
[2019-08-07 12:01:26] Ep. 4 : Up. 22000 : Sen. 548,135 : Cost 75.92892456 : Time 1137.24s : 3244.92 words/s
[2019-08-07 12:02:20] Seen 565767 samples
[2019-08-07 12:02:20] Starting epoch 5
[2019-08-07 12:02:20] [data] Shuffling data
[2019-08-07 12:02:21] [data] Done reading 642037 sentences
[2019-08-07 12:02:23] [data] Done shuffling 642037 sentences to temp files

[CALL STACK]
[0x727f12]                                                            
[0x728ff8]          marian::data::Corpus::  next  ()                   + 0xd68
[0x716e4f]          marian::data::CorpusIterator::  increment  ()      + 0x2f
[0x681a7d]          marian::data::BatchGenerator<marian::data::CorpusBase>::  fetchBatches  () + 0x10dd
[0x682adb]          std::future<std::result_of<marian::data::BatchGenerator<marian::data::CorpusBase>::fetchBatchesAsync()::{lambda()#1} ()>::type> marian::ThreadPool::enqueue<marian::data::BatchGenerator<marian::data::CorpusBase>::fetchBatchesAsync()::{lambda()#1}>(std::result_of&&,(marian::data::BatchGenerator<marian::data::CorpusBase>::fetchBatchesAsync()::{lambda()#1}&&)...)::{lambda()#1}::  operator()  () const + 0x2b
[0x6834be]          std::_Function_handler<std::unique_ptr<std::__future_base::_Result_base,std::__future_base::_Result_base::_Deleter> (),std::__future_base::_Task_setter<std::unique_ptr<std::__future_base::_Result<std::deque<std::shared_ptr<marian::data::CorpusBatch>,std::allocator<std::shared_ptr<marian::data::CorpusBatch>>>>,std::__future_base::_Result_base::_Deleter>,std::_Bind_simple<std::reference_wrapper<std::future<std::result_of<marian::data::BatchGenerator<marian::data::CorpusBase>::fetchBatchesAsync()::{lambda()#1} ()>::type> marian::ThreadPool::enqueue<marian::data::BatchGenerator<marian::data::CorpusBase>::fetchBatchesAsync()::{lambda()#1}>(std::result_of&&,(marian::data::BatchGenerator<marian::data::CorpusBase>::fetchBatchesAsync()::{lambda()#1}&&)...)::{lambda()#1}> ()>,std::deque<std::shared_ptr<marian::data::CorpusBatch>,std::allocator<std::shared_ptr<marian::data::CorpusBatch>>>>>::  _M_invoke  (std::_Any_data const&) + 0x3e
[0x5a5f19]          std::__future_base::_State_baseV2::  _M_do_set  (std::function<std::unique_ptr<std::__future_base::_Result_base,std::__future_base::_Result_base::_Deleter> ()>*,  bool*) + 0x29
[0x7f1a992bea99]                                                       + 0xea99
[0x59fac2]                                                            
[0x5a7341]          std::__future_base::_Task_state<std::future<std::result_of<marian::data::BatchGenerator<marian::data::CorpusBase>::fetchBatchesAsync()::{lambda()#1} ()>::type> marian::ThreadPool::enqueue<marian::data::BatchGenerator<marian::data::CorpusBase>::fetchBatchesAsync()::{lambda()#1}>(std::result_of&&,(marian::data::BatchGenerator<marian::data::CorpusBase>::fetchBatchesAsync()::{lambda()#1}&&)...)::{lambda()#1},std::allocator<int>,std::deque<std::shared_ptr<marian::data::CorpusBatch>,std::allocator<std::shared_ptr>> ()>::  _M_run  () + 0x51
[0x5d00b4]          std::thread::_Impl<std::_Bind_simple<marian::ThreadPool::reserve(unsigned long)::{lambda()#1} ()>>::  _M_run  () + 0x174
[0x7f1a98ddec80]                                                       + 0xb8c80
[0x7f1a992b76ba]                                                       + 0x76ba
[0x7f1a9854441d]    clone                                              + 0x6d

[2019-08-07 15:52:09] [marian] Marian v1.7.8 ec2d66e 2019-05-27 14:52:11 +0100
[2019-08-07 15:52:09] [marian] Running on zisa as process 45113 with command line:
[2019-08-07 15:52:09] [marian] /fs/bil0/abdel/marian-dev/build/marian --sync-sgd --model ../experiments/10M_random_fasttext_prob/model/model.npz -T . --devices 1 --train-sets ../experiments/10M_random_fasttext_prob/data/train.bpe.de ../experiments/10M_random_fasttext_prob/data/train.bpe.en --vocabs ../experiments/10M_random_fasttext_prob/data/train.bpe.de.json ../experiments/10M_random_fasttext_prob/data/train.bpe.en.json --mini-batch-fit -w 3000 --dim-vocabs 50000 50000 --layer-normalization --dropout-rnn 0.2 --dropout-src 0.1 --dropout-trg 0.1 --learn-rate 0.0001 --after-epochs 0 --early-stopping 5 --valid-freq 20000 --save-freq 20000 --disp-freq 2000 --valid-mini-batch 8 --valid-sets ../experiments/10M_random_fasttext_prob/data/dev.bpe.de ../experiments/10M_random_fasttext_prob/data/dev.bpe.en --valid-metrics cross-entropy perplexity translation --valid-translation-output ../experiments/10M_random_fasttext_prob/model/dev.out --valid-script-path ../experiments/10M_random_fasttext_prob/score-dev.sh --seed 1111 --exponential-smoothing --normalize=1 --beam-size=12 --quiet-translation --log ../experiments/10M_random_fasttext_prob/model/train.log --valid-log ../experiments/10M_random_fasttext_prob/model/valid.log
[2019-08-07 15:52:10] [config] after-batches: 0
[2019-08-07 15:52:10] [config] after-epochs: 0
[2019-08-07 15:52:10] [config] allow-unk: false
[2019-08-07 15:52:10] [config] beam-size: 12
[2019-08-07 15:52:10] [config] bert-class-symbol: "[CLS]"
[2019-08-07 15:52:10] [config] bert-mask-symbol: "[MASK]"
[2019-08-07 15:52:10] [config] bert-masking-fraction: 0.15
[2019-08-07 15:52:10] [config] bert-sep-symbol: "[SEP]"
[2019-08-07 15:52:10] [config] bert-train-type-embeddings: true
[2019-08-07 15:52:10] [config] bert-type-vocab-size: 2
[2019-08-07 15:52:10] [config] best-deep: false
[2019-08-07 15:52:10] [config] clip-gemm: 0
[2019-08-07 15:52:10] [config] clip-norm: 1
[2019-08-07 15:52:10] [config] cost-type: ce-mean
[2019-08-07 15:52:10] [config] cpu-threads: 0
[2019-08-07 15:52:10] [config] data-weighting: ""
[2019-08-07 15:52:10] [config] data-weighting-type: sentence
[2019-08-07 15:52:10] [config] dec-cell: gru
[2019-08-07 15:52:10] [config] dec-cell-base-depth: 2
[2019-08-07 15:52:10] [config] dec-cell-high-depth: 1
[2019-08-07 15:52:10] [config] dec-depth: 1
[2019-08-07 15:52:10] [config] devices:
[2019-08-07 15:52:10] [config]   - 1
[2019-08-07 15:52:10] [config] dim-emb: 512
[2019-08-07 15:52:10] [config] dim-rnn: 1024
[2019-08-07 15:52:10] [config] dim-vocabs:
[2019-08-07 15:52:10] [config]   - 50000
[2019-08-07 15:52:10] [config]   - 50000
[2019-08-07 15:52:10] [config] disp-first: 0
[2019-08-07 15:52:10] [config] disp-freq: 2000
[2019-08-07 15:52:10] [config] disp-label-counts: false
[2019-08-07 15:52:10] [config] dropout-rnn: 0.2
[2019-08-07 15:52:10] [config] dropout-src: 0.1
[2019-08-07 15:52:10] [config] dropout-trg: 0.1
[2019-08-07 15:52:10] [config] dump-config: ""
[2019-08-07 15:52:10] [config] early-stopping: 5
[2019-08-07 15:52:10] [config] embedding-fix-src: false
[2019-08-07 15:52:10] [config] embedding-fix-trg: false
[2019-08-07 15:52:10] [config] embedding-normalization: false
[2019-08-07 15:52:10] [config] embedding-vectors:
[2019-08-07 15:52:10] [config]   []
[2019-08-07 15:52:10] [config] enc-cell: gru
[2019-08-07 15:52:10] [config] enc-cell-depth: 1
[2019-08-07 15:52:10] [config] enc-depth: 1
[2019-08-07 15:52:10] [config] enc-type: bidirectional
[2019-08-07 15:52:10] [config] exponential-smoothing: 0.0001
[2019-08-07 15:52:10] [config] grad-dropping-momentum: 0
[2019-08-07 15:52:10] [config] grad-dropping-rate: 0
[2019-08-07 15:52:10] [config] grad-dropping-warmup: 100
[2019-08-07 15:52:10] [config] guided-alignment: none
[2019-08-07 15:52:10] [config] guided-alignment-cost: mse
[2019-08-07 15:52:10] [config] guided-alignment-weight: 0.1
[2019-08-07 15:52:10] [config] ignore-model-config: false
[2019-08-07 15:52:10] [config] input-types:
[2019-08-07 15:52:10] [config]   []
[2019-08-07 15:52:10] [config] interpolate-env-vars: false
[2019-08-07 15:52:10] [config] keep-best: false
[2019-08-07 15:52:10] [config] label-smoothing: 0
[2019-08-07 15:52:10] [config] layer-normalization: true
[2019-08-07 15:52:10] [config] learn-rate: 0.0001
[2019-08-07 15:52:10] [config] log: ../experiments/10M_random_fasttext_prob/model/train.log
[2019-08-07 15:52:10] [config] log-level: info
[2019-08-07 15:52:10] [config] log-time-zone: ""
[2019-08-07 15:52:10] [config] lr-decay: 0
[2019-08-07 15:52:10] [config] lr-decay-freq: 50000
[2019-08-07 15:52:10] [config] lr-decay-inv-sqrt:
[2019-08-07 15:52:10] [config]   - 0
[2019-08-07 15:52:10] [config] lr-decay-repeat-warmup: false
[2019-08-07 15:52:10] [config] lr-decay-reset-optimizer: false
[2019-08-07 15:52:10] [config] lr-decay-start:
[2019-08-07 15:52:10] [config]   - 10
[2019-08-07 15:52:10] [config]   - 1
[2019-08-07 15:52:10] [config] lr-decay-strategy: epoch+stalled
[2019-08-07 15:52:10] [config] lr-report: false
[2019-08-07 15:52:10] [config] lr-warmup: 0
[2019-08-07 15:52:10] [config] lr-warmup-at-reload: false
[2019-08-07 15:52:10] [config] lr-warmup-cycle: false
[2019-08-07 15:52:10] [config] lr-warmup-start-rate: 0
[2019-08-07 15:52:10] [config] max-length: 50
[2019-08-07 15:52:10] [config] max-length-crop: false
[2019-08-07 15:52:10] [config] max-length-factor: 3
[2019-08-07 15:52:10] [config] maxi-batch: 100
[2019-08-07 15:52:10] [config] maxi-batch-sort: trg
[2019-08-07 15:52:10] [config] mini-batch: 64
[2019-08-07 15:52:10] [config] mini-batch-fit: true
[2019-08-07 15:52:10] [config] mini-batch-fit-step: 10
[2019-08-07 15:52:10] [config] mini-batch-overstuff: 1
[2019-08-07 15:52:10] [config] mini-batch-track-lr: false
[2019-08-07 15:52:10] [config] mini-batch-understuff: 1
[2019-08-07 15:52:10] [config] mini-batch-warmup: 0
[2019-08-07 15:52:10] [config] mini-batch-words: 0
[2019-08-07 15:52:10] [config] mini-batch-words-ref: 0
[2019-08-07 15:52:10] [config] model: ../experiments/10M_random_fasttext_prob/model/model.npz
[2019-08-07 15:52:10] [config] multi-loss-type: sum
[2019-08-07 15:52:10] [config] multi-node: false
[2019-08-07 15:52:10] [config] multi-node-overlap: true
[2019-08-07 15:52:10] [config] n-best: false
[2019-08-07 15:52:10] [config] no-nccl: false
[2019-08-07 15:52:10] [config] no-reload: false
[2019-08-07 15:52:10] [config] no-restore-corpus: false
[2019-08-07 15:52:10] [config] no-shuffle: false
[2019-08-07 15:52:10] [config] normalize: 1
[2019-08-07 15:52:10] [config] num-devices: 0
[2019-08-07 15:52:10] [config] optimizer: adam
[2019-08-07 15:52:10] [config] optimizer-delay: 1
[2019-08-07 15:52:10] [config] optimizer-params:
[2019-08-07 15:52:10] [config]   []
[2019-08-07 15:52:10] [config] overwrite: false
[2019-08-07 15:52:10] [config] pretrained-model: ""
[2019-08-07 15:52:10] [config] quiet: false
[2019-08-07 15:52:10] [config] quiet-translation: true
[2019-08-07 15:52:10] [config] relative-paths: false
[2019-08-07 15:52:10] [config] right-left: false
[2019-08-07 15:52:10] [config] save-freq: 20000
[2019-08-07 15:52:10] [config] seed: 1111
[2019-08-07 15:52:10] [config] shuffle-in-ram: false
[2019-08-07 15:52:10] [config] skip: false
[2019-08-07 15:52:10] [config] sqlite: ""
[2019-08-07 15:52:10] [config] sqlite-drop: false
[2019-08-07 15:52:10] [config] sync-sgd: true
[2019-08-07 15:52:10] [config] tempdir: .
[2019-08-07 15:52:10] [config] tied-embeddings: false
[2019-08-07 15:52:10] [config] tied-embeddings-all: false
[2019-08-07 15:52:10] [config] tied-embeddings-src: false
[2019-08-07 15:52:10] [config] train-sets:
[2019-08-07 15:52:10] [config]   - ../experiments/10M_random_fasttext_prob/data/train.bpe.de
[2019-08-07 15:52:10] [config]   - ../experiments/10M_random_fasttext_prob/data/train.bpe.en
[2019-08-07 15:52:10] [config] transformer-aan-activation: swish
[2019-08-07 15:52:10] [config] transformer-aan-depth: 2
[2019-08-07 15:52:10] [config] transformer-aan-nogate: false
[2019-08-07 15:52:10] [config] transformer-decoder-autoreg: self-attention
[2019-08-07 15:52:10] [config] transformer-dim-aan: 2048
[2019-08-07 15:52:10] [config] transformer-dim-ffn: 2048
[2019-08-07 15:52:10] [config] transformer-dropout: 0
[2019-08-07 15:52:10] [config] transformer-dropout-attention: 0
[2019-08-07 15:52:10] [config] transformer-dropout-ffn: 0
[2019-08-07 15:52:10] [config] transformer-ffn-activation: swish
[2019-08-07 15:52:10] [config] transformer-ffn-depth: 2
[2019-08-07 15:52:10] [config] transformer-guided-alignment-layer: last
[2019-08-07 15:52:10] [config] transformer-heads: 8
[2019-08-07 15:52:10] [config] transformer-no-projection: false
[2019-08-07 15:52:10] [config] transformer-postprocess: dan
[2019-08-07 15:52:10] [config] transformer-postprocess-emb: d
[2019-08-07 15:52:10] [config] transformer-preprocess: ""
[2019-08-07 15:52:10] [config] transformer-tied-layers:
[2019-08-07 15:52:10] [config]   []
[2019-08-07 15:52:10] [config] transformer-train-position-embeddings: false
[2019-08-07 15:52:10] [config] type: amun
[2019-08-07 15:52:10] [config] ulr: false
[2019-08-07 15:52:10] [config] ulr-dim-emb: 0
[2019-08-07 15:52:10] [config] ulr-dropout: 0
[2019-08-07 15:52:10] [config] ulr-keys-vectors: ""
[2019-08-07 15:52:10] [config] ulr-query-vectors: ""
[2019-08-07 15:52:10] [config] ulr-softmax-temperature: 1
[2019-08-07 15:52:10] [config] ulr-trainable-transformation: false
[2019-08-07 15:52:10] [config] valid-freq: 20000
[2019-08-07 15:52:10] [config] valid-log: ../experiments/10M_random_fasttext_prob/model/valid.log
[2019-08-07 15:52:10] [config] valid-max-length: 1000
[2019-08-07 15:52:10] [config] valid-metrics:
[2019-08-07 15:52:10] [config]   - cross-entropy
[2019-08-07 15:52:10] [config]   - perplexity
[2019-08-07 15:52:10] [config]   - translation
[2019-08-07 15:52:10] [config] valid-mini-batch: 8
[2019-08-07 15:52:10] [config] valid-script-path: ../experiments/10M_random_fasttext_prob/score-dev.sh
[2019-08-07 15:52:10] [config] valid-sets:
[2019-08-07 15:52:10] [config]   - ../experiments/10M_random_fasttext_prob/data/dev.bpe.de
[2019-08-07 15:52:10] [config]   - ../experiments/10M_random_fasttext_prob/data/dev.bpe.en
[2019-08-07 15:52:10] [config] valid-translation-output: ../experiments/10M_random_fasttext_prob/model/dev.out
[2019-08-07 15:52:10] [config] version: v1.7.8 ec2d66e 2019-05-27 14:52:11 +0100
[2019-08-07 15:52:10] [config] vocabs:
[2019-08-07 15:52:10] [config]   - ../experiments/10M_random_fasttext_prob/data/train.bpe.de.json
[2019-08-07 15:52:10] [config]   - ../experiments/10M_random_fasttext_prob/data/train.bpe.en.json
[2019-08-07 15:52:10] [config] word-penalty: 0
[2019-08-07 15:52:10] [config] workspace: 3000
[2019-08-07 15:52:10] [config] Loaded model has been created with Marian v1.7.8 ec2d66e 2019-05-27 14:52:11 +0100
[2019-08-07 15:52:10] Using synchronous training
[2019-08-07 15:52:10] [data] Loading vocabulary from JSON/Yaml file ../experiments/10M_random_fasttext_prob/data/train.bpe.de.json
[2019-08-07 15:52:10] [data] Using unused word id eos for 0
[2019-08-07 15:52:10] [data] Using unused word id UNK for 1
[2019-08-07 15:52:10] [data] Setting vocabulary size for input 0 to 50000
[2019-08-07 15:52:10] [data] Loading vocabulary from JSON/Yaml file ../experiments/10M_random_fasttext_prob/data/train.bpe.en.json
[2019-08-07 15:52:10] [data] Using unused word id eos for 0
[2019-08-07 15:52:10] [data] Using unused word id UNK for 1
[2019-08-07 15:52:10] [data] Setting vocabulary size for input 1 to 50000
[2019-08-07 15:52:10] Compiled without MPI support. Falling back to FakeMPIWrapper
[2019-08-07 15:52:10] [batching] Collecting statistics for batch fitting with step size 10
[2019-08-07 15:52:11] [memory] Extending reserved space to 3072 MB (device gpu1)
[2019-08-07 15:52:11] [comm] Using NCCL 2.4.2 for GPU communication
[2019-08-07 15:52:11] [comm] NCCLCommunicator constructed successfully.
[2019-08-07 15:52:11] [training] Using 1 GPUs
[2019-08-07 15:52:11] [memory] Reserving 422 MB, device gpu1
[2019-08-07 15:52:11] [gpu] 16-bit TensorCores enabled for float32 matrix operations
[2019-08-07 15:52:12] [memory] Reserving 422 MB, device gpu1
[2019-08-07 15:52:18] [batching] Done. Typical MB size is 4042 target words
[2019-08-07 15:52:18] [memory] Extending reserved space to 3072 MB (device gpu1)
[2019-08-07 15:52:18] [comm] Using NCCL 2.4.2 for GPU communication
[2019-08-07 15:52:18] [comm] NCCLCommunicator constructed successfully.
[2019-08-07 15:52:18] [training] Using 1 GPUs
[2019-08-07 15:52:18] Loading model from ../experiments/10M_random_fasttext_prob/model/model.npz.orig.npz
[2019-08-07 15:52:29] Loading Adam parameters from ../experiments/10M_random_fasttext_prob/model/model.npz.optimizer.npz
[2019-08-07 15:53:10] [memory] Reserving 844 MB, device gpu1
[2019-08-07 15:53:11] [training] Model reloaded from ../experiments/10M_random_fasttext_prob/model/model.npz
[2019-08-07 15:53:11] [data] Restoring the corpus state to epoch 4, batch 20000
[2019-08-07 15:53:11] [data] Shuffling data
[2019-08-07 15:53:12] [data] Done reading 642037 sentences
[2019-08-07 15:53:16] [data] Done shuffling 642037 sentences to temp files
[2019-08-07 15:53:40] Training started
[2019-08-07 15:53:40] [training] Batches are processed as 1 process(es) x 1 devices/process
[2019-08-07 15:53:40] [memory] Reserving 422 MB, device gpu1
[2019-08-07 15:53:41] [memory] Reserving 422 MB, device gpu1
[2019-08-07 15:53:41] Loading model from ../experiments/10M_random_fasttext_prob/model/model.npz
[2019-08-07 15:54:05] [memory] Reserving 422 MB, device cpu0
[2019-08-07 15:54:06] [memory] Reserving 422 MB, device gpu1
