[2019-07-15 10:56:37] [marian] Marian v1.7.8 ec2d66e 2019-05-27 14:52:11 +0100
[2019-07-15 10:56:37] [marian] Running on lofn as process 32184 with command line:
[2019-07-15 10:56:37] [marian] /fs/bil0/abdel/marian-dev/build/marian --sync-sgd --model ../experiments/10M_fasttext_prob_x_len_+_random/model/model.npz -T . --devices 0 --train-sets ../experiments/10M_fasttext_prob_x_len_+_random/data/train.bpe.de ../experiments/10M_fasttext_prob_x_len_+_random/data/train.bpe.en --vocabs ../experiments/10M_fasttext_prob_x_len_+_random/data/train.bpe.de.json ../experiments/10M_fasttext_prob_x_len_+_random/data/train.bpe.en.json --mini-batch-fit -w 5000 --dim-vocabs 50000 50000 --layer-normalization --dropout-rnn 0.2 --dropout-src 0.1 --dropout-trg 0.1 --learn-rate 0.0001 --after-epochs 0 --early-stopping 5 --valid-freq 20000 --save-freq 20000 --disp-freq 2000 --valid-mini-batch 8 --valid-sets ../experiments/10M_fasttext_prob_x_len_+_random/data/dev.bpe.de ../experiments/10M_fasttext_prob_x_len_+_random/data/dev.bpe.en --valid-metrics cross-entropy perplexity translation --valid-translation-output ../experiments/10M_fasttext_prob_x_len_+_random/model/dev.out --valid-script-path ../experiments/10M_fasttext_prob_x_len_+_random/score-dev.sh --seed 1111 --exponential-smoothing --normalize=1 --beam-size=12 --quiet-translation --log ../experiments/10M_fasttext_prob_x_len_+_random/model/train.log --valid-log ../experiments/10M_fasttext_prob_x_len_+_random/model/valid.log
[2019-07-15 10:56:37] [config] after-batches: 0
[2019-07-15 10:56:37] [config] after-epochs: 0
[2019-07-15 10:56:37] [config] allow-unk: false
[2019-07-15 10:56:37] [config] beam-size: 12
[2019-07-15 10:56:37] [config] bert-class-symbol: "[CLS]"
[2019-07-15 10:56:37] [config] bert-mask-symbol: "[MASK]"
[2019-07-15 10:56:37] [config] bert-masking-fraction: 0.15
[2019-07-15 10:56:37] [config] bert-sep-symbol: "[SEP]"
[2019-07-15 10:56:37] [config] bert-train-type-embeddings: true
[2019-07-15 10:56:37] [config] bert-type-vocab-size: 2
[2019-07-15 10:56:37] [config] best-deep: false
[2019-07-15 10:56:37] [config] clip-gemm: 0
[2019-07-15 10:56:37] [config] clip-norm: 1
[2019-07-15 10:56:37] [config] cost-type: ce-mean
[2019-07-15 10:56:37] [config] cpu-threads: 0
[2019-07-15 10:56:37] [config] data-weighting: ""
[2019-07-15 10:56:37] [config] data-weighting-type: sentence
[2019-07-15 10:56:37] [config] dec-cell: gru
[2019-07-15 10:56:37] [config] dec-cell-base-depth: 2
[2019-07-15 10:56:37] [config] dec-cell-high-depth: 1
[2019-07-15 10:56:37] [config] dec-depth: 1
[2019-07-15 10:56:37] [config] devices:
[2019-07-15 10:56:37] [config]   - 0
[2019-07-15 10:56:37] [config] dim-emb: 512
[2019-07-15 10:56:37] [config] dim-rnn: 1024
[2019-07-15 10:56:37] [config] dim-vocabs:
[2019-07-15 10:56:37] [config]   - 50000
[2019-07-15 10:56:37] [config]   - 50000
[2019-07-15 10:56:37] [config] disp-first: 0
[2019-07-15 10:56:37] [config] disp-freq: 2000
[2019-07-15 10:56:37] [config] disp-label-counts: false
[2019-07-15 10:56:37] [config] dropout-rnn: 0.2
[2019-07-15 10:56:37] [config] dropout-src: 0.1
[2019-07-15 10:56:37] [config] dropout-trg: 0.1
[2019-07-15 10:56:37] [config] dump-config: ""
[2019-07-15 10:56:37] [config] early-stopping: 5
[2019-07-15 10:56:37] [config] embedding-fix-src: false
[2019-07-15 10:56:37] [config] embedding-fix-trg: false
[2019-07-15 10:56:37] [config] embedding-normalization: false
[2019-07-15 10:56:37] [config] embedding-vectors:
[2019-07-15 10:56:37] [config]   []
[2019-07-15 10:56:37] [config] enc-cell: gru
[2019-07-15 10:56:37] [config] enc-cell-depth: 1
[2019-07-15 10:56:37] [config] enc-depth: 1
[2019-07-15 10:56:37] [config] enc-type: bidirectional
[2019-07-15 10:56:37] [config] exponential-smoothing: 0.0001
[2019-07-15 10:56:37] [config] grad-dropping-momentum: 0
[2019-07-15 10:56:37] [config] grad-dropping-rate: 0
[2019-07-15 10:56:37] [config] grad-dropping-warmup: 100
[2019-07-15 10:56:37] [config] guided-alignment: none
[2019-07-15 10:56:37] [config] guided-alignment-cost: mse
[2019-07-15 10:56:37] [config] guided-alignment-weight: 0.1
[2019-07-15 10:56:37] [config] ignore-model-config: false
[2019-07-15 10:56:37] [config] input-types:
[2019-07-15 10:56:37] [config]   []
[2019-07-15 10:56:37] [config] interpolate-env-vars: false
[2019-07-15 10:56:37] [config] keep-best: false
[2019-07-15 10:56:37] [config] label-smoothing: 0
[2019-07-15 10:56:37] [config] layer-normalization: true
[2019-07-15 10:56:37] [config] learn-rate: 0.0001
[2019-07-15 10:56:37] [config] log: ../experiments/10M_fasttext_prob_x_len_+_random/model/train.log
[2019-07-15 10:56:37] [config] log-level: info
[2019-07-15 10:56:37] [config] log-time-zone: ""
[2019-07-15 10:56:37] [config] lr-decay: 0
[2019-07-15 10:56:37] [config] lr-decay-freq: 50000
[2019-07-15 10:56:37] [config] lr-decay-inv-sqrt:
[2019-07-15 10:56:37] [config]   - 0
[2019-07-15 10:56:37] [config] lr-decay-repeat-warmup: false
[2019-07-15 10:56:37] [config] lr-decay-reset-optimizer: false
[2019-07-15 10:56:37] [config] lr-decay-start:
[2019-07-15 10:56:37] [config]   - 10
[2019-07-15 10:56:37] [config]   - 1
[2019-07-15 10:56:37] [config] lr-decay-strategy: epoch+stalled
[2019-07-15 10:56:37] [config] lr-report: false
[2019-07-15 10:56:37] [config] lr-warmup: 0
[2019-07-15 10:56:37] [config] lr-warmup-at-reload: false
[2019-07-15 10:56:37] [config] lr-warmup-cycle: false
[2019-07-15 10:56:37] [config] lr-warmup-start-rate: 0
[2019-07-15 10:56:37] [config] max-length: 50
[2019-07-15 10:56:37] [config] max-length-crop: false
[2019-07-15 10:56:37] [config] max-length-factor: 3
[2019-07-15 10:56:37] [config] maxi-batch: 100
[2019-07-15 10:56:37] [config] maxi-batch-sort: trg
[2019-07-15 10:56:37] [config] mini-batch: 64
[2019-07-15 10:56:37] [config] mini-batch-fit: true
[2019-07-15 10:56:37] [config] mini-batch-fit-step: 10
[2019-07-15 10:56:37] [config] mini-batch-overstuff: 1
[2019-07-15 10:56:37] [config] mini-batch-track-lr: false
[2019-07-15 10:56:37] [config] mini-batch-understuff: 1
[2019-07-15 10:56:37] [config] mini-batch-warmup: 0
[2019-07-15 10:56:37] [config] mini-batch-words: 0
[2019-07-15 10:56:37] [config] mini-batch-words-ref: 0
[2019-07-15 10:56:37] [config] model: ../experiments/10M_fasttext_prob_x_len_+_random/model/model.npz
[2019-07-15 10:56:37] [config] multi-loss-type: sum
[2019-07-15 10:56:37] [config] multi-node: false
[2019-07-15 10:56:37] [config] multi-node-overlap: true
[2019-07-15 10:56:37] [config] n-best: false
[2019-07-15 10:56:37] [config] no-nccl: false
[2019-07-15 10:56:37] [config] no-reload: false
[2019-07-15 10:56:37] [config] no-restore-corpus: false
[2019-07-15 10:56:37] [config] no-shuffle: false
[2019-07-15 10:56:37] [config] normalize: 1
[2019-07-15 10:56:37] [config] num-devices: 0
[2019-07-15 10:56:37] [config] optimizer: adam
[2019-07-15 10:56:37] [config] optimizer-delay: 1
[2019-07-15 10:56:37] [config] optimizer-params:
[2019-07-15 10:56:37] [config]   []
[2019-07-15 10:56:37] [config] overwrite: false
[2019-07-15 10:56:37] [config] pretrained-model: ""
[2019-07-15 10:56:37] [config] quiet: false
[2019-07-15 10:56:37] [config] quiet-translation: true
[2019-07-15 10:56:37] [config] relative-paths: false
[2019-07-15 10:56:37] [config] right-left: false
[2019-07-15 10:56:37] [config] save-freq: 20000
[2019-07-15 10:56:37] [config] seed: 1111
[2019-07-15 10:56:37] [config] shuffle-in-ram: false
[2019-07-15 10:56:37] [config] skip: false
[2019-07-15 10:56:37] [config] sqlite: ""
[2019-07-15 10:56:37] [config] sqlite-drop: false
[2019-07-15 10:56:37] [config] sync-sgd: true
[2019-07-15 10:56:37] [config] tempdir: .
[2019-07-15 10:56:37] [config] tied-embeddings: false
[2019-07-15 10:56:37] [config] tied-embeddings-all: false
[2019-07-15 10:56:37] [config] tied-embeddings-src: false
[2019-07-15 10:56:37] [config] train-sets:
[2019-07-15 10:56:37] [config]   - ../experiments/10M_fasttext_prob_x_len_+_random/data/train.bpe.de
[2019-07-15 10:56:37] [config]   - ../experiments/10M_fasttext_prob_x_len_+_random/data/train.bpe.en
[2019-07-15 10:56:37] [config] transformer-aan-activation: swish
[2019-07-15 10:56:37] [config] transformer-aan-depth: 2
[2019-07-15 10:56:37] [config] transformer-aan-nogate: false
[2019-07-15 10:56:37] [config] transformer-decoder-autoreg: self-attention
[2019-07-15 10:56:37] [config] transformer-dim-aan: 2048
[2019-07-15 10:56:37] [config] transformer-dim-ffn: 2048
[2019-07-15 10:56:37] [config] transformer-dropout: 0
[2019-07-15 10:56:37] [config] transformer-dropout-attention: 0
[2019-07-15 10:56:37] [config] transformer-dropout-ffn: 0
[2019-07-15 10:56:37] [config] transformer-ffn-activation: swish
[2019-07-15 10:56:37] [config] transformer-ffn-depth: 2
[2019-07-15 10:56:37] [config] transformer-guided-alignment-layer: last
[2019-07-15 10:56:37] [config] transformer-heads: 8
[2019-07-15 10:56:37] [config] transformer-no-projection: false
[2019-07-15 10:56:37] [config] transformer-postprocess: dan
[2019-07-15 10:56:37] [config] transformer-postprocess-emb: d
[2019-07-15 10:56:37] [config] transformer-preprocess: ""
[2019-07-15 10:56:37] [config] transformer-tied-layers:
[2019-07-15 10:56:37] [config]   []
[2019-07-15 10:56:37] [config] transformer-train-position-embeddings: false
[2019-07-15 10:56:37] [config] type: amun
[2019-07-15 10:56:37] [config] ulr: false
[2019-07-15 10:56:37] [config] ulr-dim-emb: 0
[2019-07-15 10:56:37] [config] ulr-dropout: 0
[2019-07-15 10:56:37] [config] ulr-keys-vectors: ""
[2019-07-15 10:56:37] [config] ulr-query-vectors: ""
[2019-07-15 10:56:37] [config] ulr-softmax-temperature: 1
[2019-07-15 10:56:37] [config] ulr-trainable-transformation: false
[2019-07-15 10:56:37] [config] valid-freq: 20000
[2019-07-15 10:56:37] [config] valid-log: ../experiments/10M_fasttext_prob_x_len_+_random/model/valid.log
[2019-07-15 10:56:37] [config] valid-max-length: 1000
[2019-07-15 10:56:37] [config] valid-metrics:
[2019-07-15 10:56:37] [config]   - cross-entropy
[2019-07-15 10:56:37] [config]   - perplexity
[2019-07-15 10:56:37] [config]   - translation
[2019-07-15 10:56:37] [config] valid-mini-batch: 8
[2019-07-15 10:56:37] [config] valid-script-path: ../experiments/10M_fasttext_prob_x_len_+_random/score-dev.sh
[2019-07-15 10:56:37] [config] valid-sets:
[2019-07-15 10:56:37] [config]   - ../experiments/10M_fasttext_prob_x_len_+_random/data/dev.bpe.de
[2019-07-15 10:56:37] [config]   - ../experiments/10M_fasttext_prob_x_len_+_random/data/dev.bpe.en
[2019-07-15 10:56:37] [config] valid-translation-output: ../experiments/10M_fasttext_prob_x_len_+_random/model/dev.out
[2019-07-15 10:56:37] [config] vocabs:
[2019-07-15 10:56:37] [config]   - ../experiments/10M_fasttext_prob_x_len_+_random/data/train.bpe.de.json
[2019-07-15 10:56:37] [config]   - ../experiments/10M_fasttext_prob_x_len_+_random/data/train.bpe.en.json
[2019-07-15 10:56:37] [config] word-penalty: 0
[2019-07-15 10:56:37] [config] workspace: 5000
[2019-07-15 10:56:37] [config] Model is being created with Marian v1.7.8 ec2d66e 2019-05-27 14:52:11 +0100
[2019-07-15 10:56:37] Using synchronous training
[2019-07-15 10:56:37] [data] Loading vocabulary from JSON/Yaml file ../experiments/10M_fasttext_prob_x_len_+_random/data/train.bpe.de.json
[2019-07-15 10:56:37] [data] Using unused word id eos for 0
[2019-07-15 10:56:37] [data] Using unused word id UNK for 1
[2019-07-15 10:56:37] [data] Setting vocabulary size for input 0 to 50000
[2019-07-15 10:56:37] [data] Loading vocabulary from JSON/Yaml file ../experiments/10M_fasttext_prob_x_len_+_random/data/train.bpe.en.json
[2019-07-15 10:56:38] [data] Using unused word id eos for 0
[2019-07-15 10:56:38] [data] Using unused word id UNK for 1
[2019-07-15 10:56:38] [data] Setting vocabulary size for input 1 to 50000
[2019-07-15 10:56:38] Compiled without MPI support. Falling back to FakeMPIWrapper
[2019-07-15 10:56:38] [batching] Collecting statistics for batch fitting with step size 10
[2019-07-15 10:56:38] [memory] Extending reserved space to 5120 MB (device gpu0)
[2019-07-15 10:56:39] [comm] Using NCCL 2.4.2 for GPU communication
[2019-07-15 10:56:39] [comm] NCCLCommunicator constructed successfully.
[2019-07-15 10:56:39] [training] Using 1 GPUs
[2019-07-15 10:56:39] [memory] Reserving 422 MB, device gpu0
[2019-07-15 10:56:39] [gpu] 16-bit TensorCores enabled for float32 matrix operations
[2019-07-15 10:56:39] [memory] Reserving 422 MB, device gpu0
[2019-07-15 10:56:47] [batching] Done. Typical MB size is 6880 target words
[2019-07-15 10:56:47] [memory] Extending reserved space to 5120 MB (device gpu0)
[2019-07-15 10:56:48] [comm] Using NCCL 2.4.2 for GPU communication
[2019-07-15 10:56:48] [comm] NCCLCommunicator constructed successfully.
[2019-07-15 10:56:48] [training] Using 1 GPUs
[2019-07-15 10:56:48] Training started
[2019-07-15 10:56:48] [data] Shuffling data
[2019-07-15 10:56:48] [data] Done reading 596811 sentences
[2019-07-15 10:56:50] [data] Done shuffling 596811 sentences to temp files
[2019-07-15 10:56:52] [training] Batches are processed as 1 process(es) x 1 devices/process
[2019-07-15 10:56:52] [memory] Reserving 422 MB, device gpu0
[2019-07-15 10:56:52] [memory] Reserving 422 MB, device gpu0
[2019-07-15 10:56:52] [memory] Reserving 422 MB, device gpu0
[2019-07-15 10:56:53] [memory] Reserving 844 MB, device gpu0
[2019-07-15 11:09:32] Ep. 1 : Up. 2000 : Sen. 294,268 : Cost 128.96408081 : Time 774.55s : 7466.58 words/s
[2019-07-15 11:19:11] Seen 518869 samples
[2019-07-15 11:19:11] Starting epoch 2
[2019-07-15 11:19:11] [data] Shuffling data
[2019-07-15 11:19:12] [data] Done reading 596811 sentences
[2019-07-15 11:19:14] [data] Done shuffling 596811 sentences to temp files
[2019-07-15 11:22:14] Ep. 2 : Up. 4000 : Sen. 68,010 : Cost 110.83108521 : Time 761.33s : 7527.54 words/s
[2019-07-15 11:34:55] Ep. 2 : Up. 6000 : Sen. 361,344 : Cost 102.19770050 : Time 761.82s : 7552.82 words/s
[2019-07-15 11:41:42] Seen 518869 samples
[2019-07-15 11:41:42] Starting epoch 3
[2019-07-15 11:41:42] [data] Shuffling data
[2019-07-15 11:41:43] [data] Done reading 596811 sentences
[2019-07-15 11:41:45] [data] Done shuffling 596811 sentences to temp files
[2019-07-15 11:47:40] Ep. 3 : Up. 8000 : Sen. 135,860 : Cost 96.24064636 : Time 764.78s : 7521.33 words/s
[2019-07-15 12:00:18] Ep. 3 : Up. 10000 : Sen. 430,086 : Cost 91.66967010 : Time 758.28s : 7610.21 words/s
[2019-07-15 12:04:07] Seen 518869 samples
[2019-07-15 12:04:07] Starting epoch 4
[2019-07-15 12:04:07] [data] Shuffling data
[2019-07-15 12:04:08] [data] Done reading 596811 sentences
[2019-07-15 12:04:10] [data] Done shuffling 596811 sentences to temp files
[2019-07-15 12:13:01] Ep. 4 : Up. 12000 : Sen. 204,494 : Cost 87.74140167 : Time 762.69s : 7542.25 words/s
[2019-07-15 12:25:40] Ep. 4 : Up. 14000 : Sen. 497,811 : Cost 85.34529114 : Time 759.33s : 7576.37 words/s
[2019-07-15 12:26:34] Seen 518869 samples
[2019-07-15 12:26:34] Starting epoch 5
[2019-07-15 12:26:34] [data] Shuffling data
[2019-07-15 12:26:35] [data] Done reading 596811 sentences
[2019-07-15 12:26:37] [data] Done shuffling 596811 sentences to temp files
[2019-07-15 12:38:25] Ep. 5 : Up. 16000 : Sen. 272,050 : Cost 82.06520844 : Time 764.37s : 7519.49 words/s
[2019-07-15 12:49:04] Seen 518869 samples
[2019-07-15 12:49:04] Starting epoch 6
[2019-07-15 12:49:04] [data] Shuffling data
[2019-07-15 12:49:04] [data] Done reading 596811 sentences
[2019-07-15 12:49:06] [data] Done shuffling 596811 sentences to temp files
[2019-07-15 12:51:10] Ep. 6 : Up. 18000 : Sen. 47,103 : Cost 80.35034943 : Time 765.20s : 7524.77 words/s
[2019-07-15 13:03:46] Ep. 6 : Up. 20000 : Sen. 339,992 : Cost 78.17729950 : Time 756.34s : 7595.02 words/s
[2019-07-15 13:03:46] Saving model to ../experiments/10M_fasttext_prob_x_len_+_random/model/model.npz.orig.npz
[2019-07-15 13:03:55] Saving model to ../experiments/10M_fasttext_prob_x_len_+_random/model/model.iter20000.npz
[2019-07-15 13:04:02] Saving model to ../experiments/10M_fasttext_prob_x_len_+_random/model/model.npz
[2019-07-15 13:04:11] Saving Adam parameters to ../experiments/10M_fasttext_prob_x_len_+_random/model/model.npz.optimizer.npz
[2019-07-15 13:04:37] [valid] Ep. 6 : Up. 20000 : cross-entropy : 94.7479 : new best
[2019-07-15 13:04:46] [valid] Ep. 6 : Up. 20000 : perplexity : 41.78 : new best
[2019-07-15 13:06:08] [valid] Ep. 6 : Up. 20000 : translation : 11.35 : new best
[2019-07-15 13:13:52] Seen 518869 samples
[2019-07-15 13:13:52] Starting epoch 7
[2019-07-15 13:13:52] [data] Shuffling data
[2019-07-15 13:13:52] [data] Done reading 596811 sentences
[2019-07-15 13:13:54] [data] Done shuffling 596811 sentences to temp files
[2019-07-15 13:18:53] Ep. 7 : Up. 22000 : Sen. 114,360 : Cost 76.97191620 : Time 907.07s : 6347.96 words/s
[2019-07-15 13:31:32] Ep. 7 : Up. 24000 : Sen. 407,866 : Cost 75.27848816 : Time 758.52s : 7590.47 words/s
[2019-07-15 13:36:18] Seen 518869 samples
[2019-07-15 13:36:18] Starting epoch 8
[2019-07-15 13:36:18] [data] Shuffling data
[2019-07-15 13:36:18] [data] Done reading 596811 sentences
[2019-07-15 13:36:20] [data] Done shuffling 596811 sentences to temp files
[2019-07-15 13:44:16] Ep. 8 : Up. 26000 : Sen. 182,581 : Cost 73.44605255 : Time 764.55s : 7520.46 words/s
[2019-07-15 13:56:58] Ep. 8 : Up. 28000 : Sen. 476,332 : Cost 72.96860504 : Time 761.88s : 7559.33 words/s
[2019-07-15 13:58:49] Seen 518869 samples
[2019-07-15 13:58:49] Starting epoch 9
[2019-07-15 13:58:49] [data] Shuffling data
[2019-07-15 13:58:49] [data] Done reading 596811 sentences
[2019-07-15 13:58:51] [data] Done shuffling 596811 sentences to temp files
[2019-07-15 14:09:43] Ep. 9 : Up. 30000 : Sen. 250,911 : Cost 71.27114105 : Time 764.55s : 7540.59 words/s
[2019-07-15 14:21:14] Seen 518869 samples
[2019-07-15 14:21:14] Starting epoch 10
[2019-07-15 14:21:14] [data] Shuffling data
[2019-07-15 14:21:14] [data] Done reading 596811 sentences
[2019-07-15 14:21:16] [data] Done shuffling 596811 sentences to temp files
[2019-07-15 14:22:22] Ep. 10 : Up. 32000 : Sen. 24,438 : Cost 70.54747009 : Time 758.61s : 7546.67 words/s
[2019-07-15 14:35:00] Ep. 10 : Up. 34000 : Sen. 318,246 : Cost 68.87733459 : Time 758.27s : 7600.76 words/s
[2019-07-15 14:43:40] Seen 518869 samples
[2019-07-15 14:43:40] Starting epoch 11
[2019-07-15 14:43:40] [data] Shuffling data
[2019-07-15 14:43:40] [data] Done reading 596811 sentences
[2019-07-15 14:43:42] [data] Done shuffling 596811 sentences to temp files
[2019-07-15 14:47:46] Ep. 11 : Up. 36000 : Sen. 92,465 : Cost 68.68249512 : Time 765.70s : 7520.25 words/s
[2019-07-15 15:00:26] Ep. 11 : Up. 38000 : Sen. 386,395 : Cost 67.23762512 : Time 760.42s : 7564.70 words/s
[2019-07-15 15:06:08] Seen 518869 samples
[2019-07-15 15:06:08] Starting epoch 12
[2019-07-15 15:06:08] [data] Shuffling data
[2019-07-15 15:06:09] [data] Done reading 596811 sentences
[2019-07-15 15:06:11] [data] Done shuffling 596811 sentences to temp files
[2019-07-15 15:13:10] Ep. 12 : Up. 40000 : Sen. 160,702 : Cost 66.79151154 : Time 763.60s : 7543.59 words/s
[2019-07-15 15:13:10] Saving model to ../experiments/10M_fasttext_prob_x_len_+_random/model/model.npz.orig.npz
[2019-07-15 15:13:23] Saving model to ../experiments/10M_fasttext_prob_x_len_+_random/model/model.iter40000.npz
[2019-07-15 15:13:32] Saving model to ../experiments/10M_fasttext_prob_x_len_+_random/model/model.npz
[2019-07-15 15:13:43] Saving Adam parameters to ../experiments/10M_fasttext_prob_x_len_+_random/model/model.npz.optimizer.npz
[2019-07-15 15:14:16] [valid] Ep. 12 : Up. 40000 : cross-entropy : 81.7364 : new best
[2019-07-15 15:14:24] [valid] Ep. 12 : Up. 40000 : perplexity : 25.0245 : new best
[2019-07-15 15:15:37] [valid] Ep. 12 : Up. 40000 : translation : 15.66 : new best
[2019-07-15 15:28:16] Ep. 12 : Up. 42000 : Sen. 454,532 : Cost 66.20961761 : Time 906.79s : 6349.94 words/s
[2019-07-15 15:31:03] Seen 518869 samples
[2019-07-15 15:31:03] Starting epoch 13
[2019-07-15 15:31:03] [data] Shuffling data
[2019-07-15 15:31:03] [data] Done reading 596811 sentences
[2019-07-15 15:31:05] [data] Done shuffling 596811 sentences to temp files
[2019-07-15 15:41:02] Ep. 13 : Up. 44000 : Sen. 229,962 : Cost 64.67236328 : Time 765.26s : 7546.98 words/s
[2019-07-15 15:53:26] Seen 518869 samples
[2019-07-15 15:53:26] Starting epoch 14
[2019-07-15 15:53:26] [data] Shuffling data
[2019-07-15 15:53:26] [data] Done reading 596811 sentences
[2019-07-15 15:53:28] [data] Done shuffling 596811 sentences to temp files
[2019-07-15 15:53:42] Ep. 14 : Up. 46000 : Sen. 4,207 : Cost 64.60324097 : Time 760.75s : 7536.35 words/s
[2019-07-15 16:06:21] Ep. 14 : Up. 48000 : Sen. 297,294 : Cost 63.30178452 : Time 758.39s : 7589.74 words/s
[2019-07-15 16:15:55] Seen 518869 samples
[2019-07-15 16:15:55] Starting epoch 15
[2019-07-15 16:15:55] [data] Shuffling data
[2019-07-15 16:15:55] [data] Done reading 596811 sentences
[2019-07-15 16:16:04] [data] Done shuffling 596811 sentences to temp files
[2019-07-15 16:19:11] Ep. 15 : Up. 50000 : Sen. 71,312 : Cost 63.25255966 : Time 770.18s : 7467.84 words/s
[2019-07-15 16:31:50] Ep. 15 : Up. 52000 : Sen. 365,748 : Cost 62.11548233 : Time 758.93s : 7598.44 words/s
[2019-07-15 16:38:27] Seen 518869 samples
[2019-07-15 16:38:27] Starting epoch 16
[2019-07-15 16:38:27] [data] Shuffling data
[2019-07-15 16:38:28] [data] Done reading 596811 sentences
[2019-07-15 16:38:30] [data] Done shuffling 596811 sentences to temp files
[2019-07-15 16:44:33] Ep. 16 : Up. 54000 : Sen. 140,008 : Cost 61.82143021 : Time 763.12s : 7533.87 words/s
[2019-07-15 16:57:12] Ep. 16 : Up. 56000 : Sen. 434,018 : Cost 61.52098083 : Time 758.87s : 7616.80 words/s
[2019-07-15 17:00:49] Seen 518869 samples
[2019-07-15 17:00:49] Starting epoch 17
[2019-07-15 17:00:49] [data] Shuffling data
[2019-07-15 17:00:50] [data] Done reading 596811 sentences
[2019-07-15 17:00:52] [data] Done shuffling 596811 sentences to temp files
[2019-07-15 17:09:50] Ep. 17 : Up. 58000 : Sen. 208,111 : Cost 60.00139236 : Time 757.69s : 7566.55 words/s
[2019-07-15 17:22:30] Ep. 17 : Up. 60000 : Sen. 501,936 : Cost 60.70082474 : Time 760.02s : 7597.16 words/s
[2019-07-15 17:22:30] Saving model to ../experiments/10M_fasttext_prob_x_len_+_random/model/model.npz.orig.npz
[2019-07-15 17:22:40] Saving model to ../experiments/10M_fasttext_prob_x_len_+_random/model/model.iter60000.npz
[2019-07-15 17:22:47] Saving model to ../experiments/10M_fasttext_prob_x_len_+_random/model/model.npz
[2019-07-15 17:22:57] Saving Adam parameters to ../experiments/10M_fasttext_prob_x_len_+_random/model/model.npz.optimizer.npz
[2019-07-15 17:23:24] [valid] Ep. 17 : Up. 60000 : cross-entropy : 78.7934 : new best
[2019-07-15 17:23:32] [valid] Ep. 17 : Up. 60000 : perplexity : 22.2851 : new best
[2019-07-15 17:24:43] [valid] Ep. 17 : Up. 60000 : translation : 16.46 : new best
[2019-07-15 17:25:28] Seen 518869 samples
[2019-07-15 17:25:28] Starting epoch 18
[2019-07-15 17:25:28] [data] Shuffling data
[2019-07-15 17:25:28] [data] Done reading 596811 sentences
[2019-07-15 17:25:30] [data] Done shuffling 596811 sentences to temp files
[2019-07-15 17:37:30] Ep. 18 : Up. 62000 : Sen. 277,183 : Cost 58.56534195 : Time 900.63s : 6389.03 words/s
[2019-07-15 17:47:58] Seen 518869 samples
[2019-07-15 17:47:58] Starting epoch 19
[2019-07-15 17:47:58] [data] Shuffling data
[2019-07-15 17:47:59] [data] Done reading 596811 sentences
[2019-07-15 17:48:01] [data] Done shuffling 596811 sentences to temp files
[2019-07-15 17:50:16] Ep. 19 : Up. 64000 : Sen. 51,200 : Cost 59.30433655 : Time 766.01s : 7500.53 words/s
[2019-07-15 18:02:54] Ep. 19 : Up. 66000 : Sen. 344,766 : Cost 58.01303101 : Time 757.81s : 7587.67 words/s
[2019-07-15 18:10:25] Seen 518869 samples
[2019-07-15 18:10:25] Starting epoch 20
[2019-07-15 18:10:25] [data] Shuffling data
[2019-07-15 18:10:25] [data] Done reading 596811 sentences
[2019-07-15 18:10:27] [data] Done shuffling 596811 sentences to temp files
[2019-07-15 18:15:39] Ep. 20 : Up. 68000 : Sen. 120,502 : Cost 57.74276733 : Time 765.27s : 7545.19 words/s
[2019-07-15 18:28:19] Ep. 20 : Up. 70000 : Sen. 414,057 : Cost 57.57338333 : Time 759.50s : 7589.44 words/s
[2019-07-15 18:32:50] Seen 518869 samples
[2019-07-15 18:32:50] Starting epoch 21
[2019-07-15 18:32:50] [data] Shuffling data
[2019-07-15 18:32:51] [data] Done reading 596811 sentences
[2019-07-15 18:32:53] [data] Done shuffling 596811 sentences to temp files
[2019-07-15 18:41:03] Ep. 21 : Up. 72000 : Sen. 189,735 : Cost 56.80795670 : Time 764.33s : 7564.87 words/s
[2019-07-15 18:53:41] Ep. 21 : Up. 74000 : Sen. 482,336 : Cost 56.72757339 : Time 758.12s : 7568.62 words/s
[2019-07-15 18:55:16] Seen 518869 samples
[2019-07-15 18:55:16] Starting epoch 22
[2019-07-15 18:55:16] [data] Shuffling data
[2019-07-15 18:55:16] [data] Done reading 596811 sentences
[2019-07-15 18:55:18] [data] Done shuffling 596811 sentences to temp files
[2019-07-15 19:06:25] Ep. 22 : Up. 76000 : Sen. 257,216 : Cost 55.60855103 : Time 763.41s : 7541.28 words/s
[2019-07-15 19:17:42] Seen 518869 samples
[2019-07-15 19:17:42] Starting epoch 23
[2019-07-15 19:17:42] [data] Shuffling data
[2019-07-15 19:17:42] [data] Done reading 596811 sentences
[2019-07-15 19:17:44] [data] Done shuffling 596811 sentences to temp files
[2019-07-15 19:19:09] Ep. 23 : Up. 78000 : Sen. 31,868 : Cost 56.09982300 : Time 764.29s : 7539.20 words/s
[2019-07-15 19:31:45] Ep. 23 : Up. 80000 : Sen. 324,489 : Cost 54.81065369 : Time 755.76s : 7601.72 words/s
[2019-07-15 19:31:45] Saving model to ../experiments/10M_fasttext_prob_x_len_+_random/model/model.npz.orig.npz
[2019-07-15 19:31:54] Saving model to ../experiments/10M_fasttext_prob_x_len_+_random/model/model.iter80000.npz
[2019-07-15 19:32:01] Saving model to ../experiments/10M_fasttext_prob_x_len_+_random/model/model.npz
[2019-07-15 19:32:11] Saving Adam parameters to ../experiments/10M_fasttext_prob_x_len_+_random/model/model.npz.optimizer.npz
[2019-07-15 19:32:37] [valid] Ep. 23 : Up. 80000 : cross-entropy : 78.7274 : new best
[2019-07-15 19:32:45] [valid] Ep. 23 : Up. 80000 : perplexity : 22.2273 : new best
[2019-07-15 19:33:54] [valid] Ep. 23 : Up. 80000 : translation : 16.33 : stalled 1 times (last best: 16.46)
[2019-07-15 19:42:17] Seen 518869 samples
[2019-07-15 19:42:17] Starting epoch 24
[2019-07-15 19:42:17] [data] Shuffling data
[2019-07-15 19:42:18] [data] Done reading 596811 sentences
[2019-07-15 19:42:20] [data] Done shuffling 596811 sentences to temp files
[2019-07-15 19:46:38] Ep. 24 : Up. 82000 : Sen. 99,388 : Cost 54.75808716 : Time 893.49s : 6433.43 words/s
[2019-07-15 19:59:17] Ep. 24 : Up. 84000 : Sen. 393,097 : Cost 54.34621048 : Time 759.30s : 7585.74 words/s
[2019-07-15 20:04:44] Seen 518869 samples
[2019-07-15 20:04:44] Starting epoch 25
[2019-07-15 20:04:44] [data] Shuffling data
[2019-07-15 20:04:44] [data] Done reading 596811 sentences
[2019-07-15 20:04:47] [data] Done shuffling 596811 sentences to temp files
[2019-07-15 20:12:03] Ep. 25 : Up. 86000 : Sen. 168,455 : Cost 53.79036713 : Time 765.61s : 7531.12 words/s
[2019-07-15 20:24:45] Ep. 25 : Up. 88000 : Sen. 462,260 : Cost 54.15704346 : Time 761.98s : 7587.55 words/s
[2019-07-15 20:27:11] Seen 518869 samples
[2019-07-15 20:27:11] Starting epoch 26
[2019-07-15 20:27:11] [data] Shuffling data
[2019-07-15 20:27:11] [data] Done reading 596811 sentences
[2019-07-15 20:27:14] [data] Done shuffling 596811 sentences to temp files
[2019-07-15 20:37:31] Ep. 26 : Up. 90000 : Sen. 238,199 : Cost 52.66988373 : Time 765.91s : 7535.05 words/s
[2019-07-15 20:49:35] Seen 518869 samples
[2019-07-15 20:49:35] Starting epoch 27
[2019-07-15 20:49:35] [data] Shuffling data
[2019-07-15 20:49:35] [data] Done reading 596811 sentences
[2019-07-15 20:49:37] [data] Done shuffling 596811 sentences to temp files
[2019-07-15 20:50:10] Ep. 27 : Up. 92000 : Sen. 11,727 : Cost 53.46033859 : Time 758.97s : 7561.67 words/s
[2019-07-15 21:02:48] Ep. 27 : Up. 94000 : Sen. 305,811 : Cost 51.91654587 : Time 757.92s : 7608.45 words/s
[2019-07-15 21:11:58] Seen 518869 samples
[2019-07-15 21:11:58] Starting epoch 28
[2019-07-15 21:11:58] [data] Shuffling data
[2019-07-15 21:11:58] [data] Done reading 596811 sentences
[2019-07-15 21:12:00] [data] Done shuffling 596811 sentences to temp files
[2019-07-15 21:15:32] Ep. 28 : Up. 96000 : Sen. 80,624 : Cost 52.42494965 : Time 763.71s : 7545.47 words/s
[2019-07-15 21:28:08] Ep. 28 : Up. 98000 : Sen. 373,957 : Cost 51.69240570 : Time 756.69s : 7598.46 words/s
[2019-07-15 21:34:23] Seen 518869 samples
[2019-07-15 21:34:23] Starting epoch 29
[2019-07-15 21:34:23] [data] Shuffling data
[2019-07-15 21:34:24] [data] Done reading 596811 sentences
[2019-07-15 21:34:26] [data] Done shuffling 596811 sentences to temp files
[2019-07-15 21:40:52] Ep. 29 : Up. 100000 : Sen. 148,698 : Cost 51.20635223 : Time 763.57s : 7538.47 words/s
[2019-07-15 21:40:52] Saving model to ../experiments/10M_fasttext_prob_x_len_+_random/model/model.npz.orig.npz
[2019-07-15 21:41:01] Saving model to ../experiments/10M_fasttext_prob_x_len_+_random/model/model.iter100000.npz
[2019-07-15 21:41:08] Saving model to ../experiments/10M_fasttext_prob_x_len_+_random/model/model.npz
[2019-07-15 21:41:18] Saving Adam parameters to ../experiments/10M_fasttext_prob_x_len_+_random/model/model.npz.optimizer.npz
[2019-07-15 21:41:45] [valid] Ep. 29 : Up. 100000 : cross-entropy : 79.6873 : stalled 1 times (last best: 78.7274)
[2019-07-15 21:41:53] [valid] Ep. 29 : Up. 100000 : perplexity : 23.0838 : stalled 1 times (last best: 22.2273)
[2019-07-15 21:43:03] [valid] Ep. 29 : Up. 100000 : translation : 16.07 : stalled 2 times (last best: 16.46)
[2019-07-15 21:55:47] Ep. 29 : Up. 102000 : Sen. 442,579 : Cost 51.28504944 : Time 894.83s : 6438.76 words/s
[2019-07-15 21:59:05] Seen 518869 samples
[2019-07-15 21:59:05] Starting epoch 30
[2019-07-15 21:59:05] [data] Shuffling data
[2019-07-15 21:59:05] [data] Done reading 596811 sentences
[2019-07-15 21:59:08] [data] Done shuffling 596811 sentences to temp files
[2019-07-15 22:08:32] Ep. 30 : Up. 104000 : Sen. 216,893 : Cost 50.26737213 : Time 765.70s : 7502.98 words/s
[2019-07-15 22:21:11] Ep. 30 : Up. 106000 : Sen. 509,821 : Cost 51.21710205 : Time 758.17s : 7586.80 words/s
[2019-07-15 22:21:34] Seen 518869 samples
[2019-07-15 22:21:34] Starting epoch 31
[2019-07-15 22:21:34] [data] Shuffling data
[2019-07-15 22:21:35] [data] Done reading 596811 sentences
[2019-07-15 22:21:37] [data] Done shuffling 596811 sentences to temp files
[2019-07-15 22:33:54] Ep. 31 : Up. 108000 : Sen. 284,375 : Cost 49.46447754 : Time 763.85s : 7529.17 words/s
[2019-07-15 22:44:00] Seen 518869 samples
[2019-07-15 22:44:00] Starting epoch 32
[2019-07-15 22:44:00] [data] Shuffling data
[2019-07-15 22:44:01] [data] Done reading 596811 sentences
[2019-07-15 22:44:03] [data] Done shuffling 596811 sentences to temp files
[2019-07-15 22:46:36] Ep. 32 : Up. 110000 : Sen. 58,719 : Cost 50.44047546 : Time 762.04s : 7559.13 words/s
[2019-07-15 22:59:17] Ep. 32 : Up. 112000 : Sen. 353,012 : Cost 49.31975937 : Time 760.90s : 7585.88 words/s
[2019-07-15 23:06:25] Seen 518869 samples
[2019-07-15 23:06:25] Starting epoch 33
[2019-07-15 23:06:25] [data] Shuffling data
[2019-07-15 23:06:26] [data] Done reading 596811 sentences
[2019-07-15 23:06:28] [data] Done shuffling 596811 sentences to temp files
[2019-07-15 23:12:01] Ep. 33 : Up. 114000 : Sen. 128,132 : Cost 49.15433502 : Time 763.43s : 7550.48 words/s
[2019-07-15 23:24:38] Ep. 33 : Up. 116000 : Sen. 421,229 : Cost 49.08798981 : Time 757.42s : 7589.16 words/s
[2019-07-15 23:28:49] Seen 518869 samples
[2019-07-15 23:28:49] Starting epoch 34
[2019-07-15 23:28:49] [data] Shuffling data
[2019-07-15 23:28:50] [data] Done reading 596811 sentences
[2019-07-15 23:28:52] [data] Done shuffling 596811 sentences to temp files
[2019-07-15 23:37:18] Ep. 34 : Up. 118000 : Sen. 195,875 : Cost 48.30338287 : Time 759.58s : 7557.00 words/s
[2019-07-15 23:49:56] Ep. 34 : Up. 120000 : Sen. 489,165 : Cost 49.07985687 : Time 758.41s : 7597.51 words/s
[2019-07-15 23:49:56] Saving model to ../experiments/10M_fasttext_prob_x_len_+_random/model/model.npz.orig.npz
[2019-07-15 23:50:05] Saving model to ../experiments/10M_fasttext_prob_x_len_+_random/model/model.iter120000.npz
[2019-07-15 23:50:14] Saving model to ../experiments/10M_fasttext_prob_x_len_+_random/model/model.npz
[2019-07-15 23:50:23] Saving Adam parameters to ../experiments/10M_fasttext_prob_x_len_+_random/model/model.npz.optimizer.npz
[2019-07-15 23:50:50] [valid] Ep. 34 : Up. 120000 : cross-entropy : 81.2126 : stalled 2 times (last best: 78.7274)
[2019-07-15 23:50:58] [valid] Ep. 34 : Up. 120000 : perplexity : 24.5134 : stalled 2 times (last best: 22.2273)
[2019-07-15 23:52:09] [valid] Ep. 34 : Up. 120000 : translation : 15.6 : stalled 3 times (last best: 16.46)
[2019-07-15 23:53:28] Seen 518869 samples
[2019-07-15 23:53:28] Starting epoch 35
[2019-07-15 23:53:28] [data] Shuffling data
[2019-07-15 23:53:29] [data] Done reading 596811 sentences
[2019-07-15 23:53:31] [data] Done shuffling 596811 sentences to temp files
[2019-07-16 00:04:59] Ep. 35 : Up. 122000 : Sen. 265,261 : Cost 47.31555939 : Time 902.71s : 6408.25 words/s
[2019-07-16 00:15:53] Seen 518869 samples
[2019-07-16 00:15:53] Starting epoch 36
[2019-07-16 00:15:53] [data] Shuffling data
[2019-07-16 00:15:54] [data] Done reading 596811 sentences
[2019-07-16 00:15:56] [data] Done shuffling 596811 sentences to temp files
[2019-07-16 00:17:42] Ep. 36 : Up. 124000 : Sen. 39,861 : Cost 48.64982605 : Time 762.64s : 7561.44 words/s
[2019-07-16 00:30:17] Ep. 36 : Up. 126000 : Sen. 333,534 : Cost 47.29182434 : Time 755.47s : 7615.41 words/s
[2019-07-16 00:38:15] Seen 518869 samples
[2019-07-16 00:38:15] Starting epoch 37
[2019-07-16 00:38:15] [data] Shuffling data
[2019-07-16 00:38:15] [data] Done reading 596811 sentences
[2019-07-16 00:38:17] [data] Done shuffling 596811 sentences to temp files
[2019-07-16 00:43:01] Ep. 37 : Up. 128000 : Sen. 109,466 : Cost 47.35523224 : Time 764.05s : 7559.90 words/s
[2019-07-16 00:55:37] Ep. 37 : Up. 130000 : Sen. 402,389 : Cost 47.32712173 : Time 755.77s : 7601.61 words/s
[2019-07-16 01:00:38] Seen 518869 samples
[2019-07-16 01:00:38] Starting epoch 38
[2019-07-16 01:00:38] [data] Shuffling data
[2019-07-16 01:00:38] [data] Done reading 596811 sentences
[2019-07-16 01:00:40] [data] Done shuffling 596811 sentences to temp files
[2019-07-16 01:08:19] Ep. 38 : Up. 132000 : Sen. 176,726 : Cost 46.78315353 : Time 762.66s : 7544.43 words/s
[2019-07-16 01:20:55] Ep. 38 : Up. 134000 : Sen. 468,928 : Cost 47.10367203 : Time 755.24s : 7590.00 words/s
[2019-07-16 01:23:04] Seen 518869 samples
[2019-07-16 01:23:04] Starting epoch 39
[2019-07-16 01:23:04] [data] Shuffling data
[2019-07-16 01:23:04] [data] Done reading 596811 sentences
[2019-07-16 01:23:07] [data] Done shuffling 596811 sentences to temp files
[2019-07-16 01:33:37] Ep. 39 : Up. 136000 : Sen. 243,902 : Cost 45.92095947 : Time 761.92s : 7556.81 words/s
[2019-07-16 01:45:27] Seen 518869 samples
[2019-07-16 01:45:27] Starting epoch 40
[2019-07-16 01:45:27] [data] Shuffling data
[2019-07-16 01:45:27] [data] Done reading 596811 sentences
[2019-07-16 01:45:29] [data] Done shuffling 596811 sentences to temp files
[2019-07-16 01:46:19] Ep. 40 : Up. 138000 : Sen. 18,151 : Cost 46.80986404 : Time 762.12s : 7548.34 words/s
[2019-07-16 01:58:59] Ep. 40 : Up. 140000 : Sen. 312,625 : Cost 45.25804138 : Time 759.76s : 7597.78 words/s
[2019-07-16 01:58:59] Saving model to ../experiments/10M_fasttext_prob_x_len_+_random/model/model.npz.orig.npz
[2019-07-16 01:59:08] Saving model to ../experiments/10M_fasttext_prob_x_len_+_random/model/model.iter140000.npz
[2019-07-16 01:59:14] Saving model to ../experiments/10M_fasttext_prob_x_len_+_random/model/model.npz
[2019-07-16 01:59:24] Saving Adam parameters to ../experiments/10M_fasttext_prob_x_len_+_random/model/model.npz.optimizer.npz
[2019-07-16 01:59:50] [valid] Ep. 40 : Up. 140000 : cross-entropy : 83.0326 : stalled 3 times (last best: 78.7274)
[2019-07-16 01:59:58] [valid] Ep. 40 : Up. 140000 : perplexity : 26.3354 : stalled 3 times (last best: 22.2273)
[2019-07-16 02:01:10] [valid] Ep. 40 : Up. 140000 : translation : 15.27 : stalled 4 times (last best: 16.46)
[2019-07-16 02:10:07] Seen 518869 samples
[2019-07-16 02:10:07] Starting epoch 41
[2019-07-16 02:10:07] [data] Shuffling data
[2019-07-16 02:10:08] [data] Done reading 596811 sentences
[2019-07-16 02:10:10] [data] Done shuffling 596811 sentences to temp files
[2019-07-16 02:13:54] Ep. 41 : Up. 142000 : Sen. 86,138 : Cost 46.05630112 : Time 895.95s : 6406.12 words/s
[2019-07-16 02:26:36] Ep. 41 : Up. 144000 : Sen. 380,891 : Cost 45.38322830 : Time 761.31s : 7587.96 words/s
[2019-07-16 02:32:32] Seen 518869 samples
[2019-07-16 02:32:32] Starting epoch 42
[2019-07-16 02:32:32] [data] Shuffling data
[2019-07-16 02:32:32] [data] Done reading 596811 sentences
[2019-07-16 02:32:34] [data] Done shuffling 596811 sentences to temp files
[2019-07-16 02:39:15] Ep. 42 : Up. 146000 : Sen. 154,170 : Cost 45.42245865 : Time 759.06s : 7546.94 words/s
[2019-07-16 02:51:52] Ep. 42 : Up. 148000 : Sen. 447,736 : Cost 45.11494827 : Time 757.04s : 7604.34 words/s
[2019-07-16 02:54:56] Seen 518869 samples
[2019-07-16 02:54:56] Starting epoch 43
[2019-07-16 02:54:56] [data] Shuffling data
[2019-07-16 02:54:57] [data] Done reading 596811 sentences
[2019-07-16 02:54:59] [data] Done shuffling 596811 sentences to temp files
[2019-07-16 03:04:36] Ep. 43 : Up. 150000 : Sen. 222,540 : Cost 44.63206863 : Time 763.82s : 7548.27 words/s
[2019-07-16 03:17:14] Ep. 43 : Up. 152000 : Sen. 516,318 : Cost 45.30820465 : Time 757.95s : 7611.78 words/s
[2019-07-16 03:17:19] Seen 518869 samples
[2019-07-16 03:17:19] Starting epoch 44
[2019-07-16 03:17:19] [data] Shuffling data
[2019-07-16 03:17:20] [data] Done reading 596811 sentences
[2019-07-16 03:17:22] [data] Done shuffling 596811 sentences to temp files
[2019-07-16 03:29:53] Ep. 44 : Up. 154000 : Sen. 289,866 : Cost 43.67076874 : Time 758.94s : 7543.67 words/s
[2019-07-16 03:39:46] Seen 518869 samples
[2019-07-16 03:39:46] Starting epoch 45
[2019-07-16 03:39:46] [data] Shuffling data
[2019-07-16 03:39:46] [data] Done reading 596811 sentences
[2019-07-16 03:39:48] [data] Done shuffling 596811 sentences to temp files
[2019-07-16 03:42:38] Ep. 45 : Up. 156000 : Sen. 65,056 : Cost 44.65062714 : Time 765.86s : 7530.08 words/s
[2019-07-16 03:55:21] Ep. 45 : Up. 158000 : Sen. 359,721 : Cost 43.88056183 : Time 762.59s : 7578.18 words/s
[2019-07-16 04:02:13] Seen 518869 samples
[2019-07-16 04:02:13] Starting epoch 46
[2019-07-16 04:02:13] [data] Shuffling data
[2019-07-16 04:02:14] [data] Done reading 596811 sentences
[2019-07-16 04:02:16] [data] Done shuffling 596811 sentences to temp files
[2019-07-16 04:08:05] Ep. 46 : Up. 160000 : Sen. 134,400 : Cost 43.91661453 : Time 764.30s : 7530.38 words/s
[2019-07-16 04:08:05] Saving model to ../experiments/10M_fasttext_prob_x_len_+_random/model/model.npz.orig.npz
[2019-07-16 04:08:14] Saving model to ../experiments/10M_fasttext_prob_x_len_+_random/model/model.iter160000.npz
[2019-07-16 04:08:21] Saving model to ../experiments/10M_fasttext_prob_x_len_+_random/model/model.npz
[2019-07-16 04:08:30] Saving Adam parameters to ../experiments/10M_fasttext_prob_x_len_+_random/model/model.npz.optimizer.npz
[2019-07-16 04:08:57] [valid] Ep. 46 : Up. 160000 : cross-entropy : 84.8772 : stalled 4 times (last best: 78.7274)
[2019-07-16 04:09:05] [valid] Ep. 46 : Up. 160000 : perplexity : 28.3204 : stalled 4 times (last best: 22.2273)
[2019-07-16 04:10:19] [valid] Ep. 46 : Up. 160000 : translation : 15.14 : stalled 5 times (last best: 16.46)
[2019-07-16 04:23:04] Ep. 46 : Up. 162000 : Sen. 427,735 : Cost 43.76814651 : Time 898.76s : 6402.77 words/s
[2019-07-16 04:27:00] Seen 518869 samples
[2019-07-16 04:27:00] Starting epoch 47
[2019-07-16 04:27:00] [data] Shuffling data
[2019-07-16 04:27:00] [data] Done reading 596811 sentences
[2019-07-16 04:27:02] [data] Done shuffling 596811 sentences to temp files
[2019-07-16 04:35:48] Ep. 47 : Up. 164000 : Sen. 202,614 : Cost 43.18632126 : Time 763.57s : 7543.50 words/s
[2019-07-16 04:48:26] Ep. 47 : Up. 166000 : Sen. 495,901 : Cost 43.94169235 : Time 758.44s : 7598.52 words/s
[2019-07-16 04:49:25] Seen 518869 samples
[2019-07-16 04:49:25] Starting epoch 48
[2019-07-16 04:49:25] [data] Shuffling data
[2019-07-16 04:49:25] [data] Done reading 596811 sentences
[2019-07-16 04:49:27] [data] Done shuffling 596811 sentences to temp files
[2019-07-16 05:01:11] Ep. 48 : Up. 168000 : Sen. 271,841 : Cost 42.66528320 : Time 765.23s : 7541.81 words/s
[2019-07-16 05:11:51] Seen 518869 samples
[2019-07-16 05:11:51] Starting epoch 49
[2019-07-16 05:11:51] [data] Shuffling data
[2019-07-16 05:11:51] [data] Done reading 596811 sentences
[2019-07-16 05:11:53] [data] Done shuffling 596811 sentences to temp files
[2019-07-16 05:13:57] Ep. 49 : Up. 170000 : Sen. 46,846 : Cost 43.11171722 : Time 765.69s : 7521.03 words/s
[2019-07-16 05:26:38] Ep. 49 : Up. 172000 : Sen. 340,661 : Cost 42.54283142 : Time 760.84s : 7579.08 words/s
[2019-07-16 05:34:19] Seen 518869 samples
[2019-07-16 05:34:19] Starting epoch 50
[2019-07-16 05:34:19] [data] Shuffling data
[2019-07-16 05:34:20] [data] Done reading 596811 sentences
[2019-07-16 05:34:22] [data] Done shuffling 596811 sentences to temp files
[2019-07-16 05:39:23] Ep. 50 : Up. 174000 : Sen. 115,332 : Cost 42.83301926 : Time 764.82s : 7532.39 words/s
[2019-07-16 05:52:03] Ep. 50 : Up. 176000 : Sen. 409,336 : Cost 42.76421738 : Time 760.18s : 7574.07 words/s
[2019-07-16 05:56:47] Seen 518869 samples
[2019-07-16 05:56:47] Starting epoch 51
[2019-07-16 05:56:47] [data] Shuffling data
[2019-07-16 05:56:47] [data] Done reading 596811 sentences
[2019-07-16 05:56:49] [data] Done shuffling 596811 sentences to temp files
[2019-07-16 06:04:46] Ep. 51 : Up. 178000 : Sen. 183,680 : Cost 42.15174484 : Time 763.24s : 7534.35 words/s
[2019-07-16 06:17:26] Ep. 51 : Up. 180000 : Sen. 477,115 : Cost 42.58396912 : Time 760.00s : 7584.84 words/s
[2019-07-16 06:17:26] Saving model to ../experiments/10M_fasttext_prob_x_len_+_random/model/model.npz.orig.npz
[2019-07-16 06:17:35] Saving model to ../experiments/10M_fasttext_prob_x_len_+_random/model/model.iter180000.npz
[2019-07-16 06:17:42] Saving model to ../experiments/10M_fasttext_prob_x_len_+_random/model/model.npz
[2019-07-16 06:17:52] Saving Adam parameters to ../experiments/10M_fasttext_prob_x_len_+_random/model/model.npz.optimizer.npz
[2019-07-16 06:18:18] [valid] Ep. 51 : Up. 180000 : cross-entropy : 86.7999 : stalled 5 times (last best: 78.7274)
[2019-07-16 06:18:26] [valid] Ep. 51 : Up. 180000 : perplexity : 30.5487 : stalled 5 times (last best: 22.2273)
[2019-07-16 06:19:40] [valid] Ep. 51 : Up. 180000 : translation : 14.55 : stalled 6 times (last best: 16.46)
[2019-07-16 06:19:42] Training finished
[2019-07-16 06:19:46] Saving model to ../experiments/10M_fasttext_prob_x_len_+_random/model/model.npz.orig.npz
[2019-07-16 06:19:55] Saving model to ../experiments/10M_fasttext_prob_x_len_+_random/model/model.npz
[2019-07-16 06:20:04] Saving Adam parameters to ../experiments/10M_fasttext_prob_x_len_+_random/model/model.npz.optimizer.npz
