[2019-08-02 01:25:50] [marian] Marian v1.7.8 ec2d66e 2019-05-27 14:52:11 +0100
[2019-08-02 01:25:50] [marian] Running on bil as process 397988 with command line:
[2019-08-02 01:25:50] [marian] /fs/bil0/abdel/marian-dev/build/marian --sync-sgd --model ../experiments/100M_bicleaner_v1.1_+_ced_0.25_x_bic1.1_x_dcce_w3000/model/model.npz -T . --devices 5 --train-sets ../experiments/100M_bicleaner_v1.1_+_ced_0.25_x_bic1.1_x_dcce_w3000/data/train.bpe.de ../experiments/100M_bicleaner_v1.1_+_ced_0.25_x_bic1.1_x_dcce_w3000/data/train.bpe.en --vocabs ../experiments/100M_bicleaner_v1.1_+_ced_0.25_x_bic1.1_x_dcce_w3000/data/train.bpe.de.json ../experiments/100M_bicleaner_v1.1_+_ced_0.25_x_bic1.1_x_dcce_w3000/data/train.bpe.en.json --mini-batch-fit -w 3000 --dim-vocabs 50000 50000 --layer-normalization --dropout-rnn 0.2 --dropout-src 0.1 --dropout-trg 0.1 --learn-rate 0.0001 --after-epochs 0 --early-stopping 5 --valid-freq 20000 --save-freq 20000 --disp-freq 2000 --valid-mini-batch 8 --valid-sets ../experiments/100M_bicleaner_v1.1_+_ced_0.25_x_bic1.1_x_dcce_w3000/data/dev.bpe.de ../experiments/100M_bicleaner_v1.1_+_ced_0.25_x_bic1.1_x_dcce_w3000/data/dev.bpe.en --valid-metrics cross-entropy perplexity translation --valid-translation-output ../experiments/100M_bicleaner_v1.1_+_ced_0.25_x_bic1.1_x_dcce_w3000/model/dev.out --valid-script-path ../experiments/100M_bicleaner_v1.1_+_ced_0.25_x_bic1.1_x_dcce_w3000/score-dev.sh --seed 1111 --exponential-smoothing --normalize=1 --beam-size=12 --quiet-translation --log ../experiments/100M_bicleaner_v1.1_+_ced_0.25_x_bic1.1_x_dcce_w3000/model/train.log --valid-log ../experiments/100M_bicleaner_v1.1_+_ced_0.25_x_bic1.1_x_dcce_w3000/model/valid.log
[2019-08-02 01:25:50] [config] after-batches: 0
[2019-08-02 01:25:50] [config] after-epochs: 0
[2019-08-02 01:25:50] [config] allow-unk: false
[2019-08-02 01:25:50] [config] beam-size: 12
[2019-08-02 01:25:50] [config] bert-class-symbol: "[CLS]"
[2019-08-02 01:25:50] [config] bert-mask-symbol: "[MASK]"
[2019-08-02 01:25:50] [config] bert-masking-fraction: 0.15
[2019-08-02 01:25:50] [config] bert-sep-symbol: "[SEP]"
[2019-08-02 01:25:50] [config] bert-train-type-embeddings: true
[2019-08-02 01:25:50] [config] bert-type-vocab-size: 2
[2019-08-02 01:25:50] [config] best-deep: false
[2019-08-02 01:25:50] [config] clip-gemm: 0
[2019-08-02 01:25:50] [config] clip-norm: 1
[2019-08-02 01:25:50] [config] cost-type: ce-mean
[2019-08-02 01:25:50] [config] cpu-threads: 0
[2019-08-02 01:25:50] [config] data-weighting: ""
[2019-08-02 01:25:50] [config] data-weighting-type: sentence
[2019-08-02 01:25:50] [config] dec-cell: gru
[2019-08-02 01:25:50] [config] dec-cell-base-depth: 2
[2019-08-02 01:25:50] [config] dec-cell-high-depth: 1
[2019-08-02 01:25:50] [config] dec-depth: 1
[2019-08-02 01:25:50] [config] devices:
[2019-08-02 01:25:50] [config]   - 5
[2019-08-02 01:25:50] [config] dim-emb: 512
[2019-08-02 01:25:50] [config] dim-rnn: 1024
[2019-08-02 01:25:50] [config] dim-vocabs:
[2019-08-02 01:25:50] [config]   - 50000
[2019-08-02 01:25:50] [config]   - 50000
[2019-08-02 01:25:50] [config] disp-first: 0
[2019-08-02 01:25:50] [config] disp-freq: 2000
[2019-08-02 01:25:50] [config] disp-label-counts: false
[2019-08-02 01:25:50] [config] dropout-rnn: 0.2
[2019-08-02 01:25:50] [config] dropout-src: 0.1
[2019-08-02 01:25:50] [config] dropout-trg: 0.1
[2019-08-02 01:25:50] [config] dump-config: ""
[2019-08-02 01:25:50] [config] early-stopping: 5
[2019-08-02 01:25:50] [config] embedding-fix-src: false
[2019-08-02 01:25:50] [config] embedding-fix-trg: false
[2019-08-02 01:25:50] [config] embedding-normalization: false
[2019-08-02 01:25:50] [config] embedding-vectors:
[2019-08-02 01:25:50] [config]   []
[2019-08-02 01:25:50] [config] enc-cell: gru
[2019-08-02 01:25:50] [config] enc-cell-depth: 1
[2019-08-02 01:25:50] [config] enc-depth: 1
[2019-08-02 01:25:50] [config] enc-type: bidirectional
[2019-08-02 01:25:50] [config] exponential-smoothing: 0.0001
[2019-08-02 01:25:50] [config] grad-dropping-momentum: 0
[2019-08-02 01:25:50] [config] grad-dropping-rate: 0
[2019-08-02 01:25:50] [config] grad-dropping-warmup: 100
[2019-08-02 01:25:50] [config] guided-alignment: none
[2019-08-02 01:25:50] [config] guided-alignment-cost: mse
[2019-08-02 01:25:50] [config] guided-alignment-weight: 0.1
[2019-08-02 01:25:50] [config] ignore-model-config: false
[2019-08-02 01:25:50] [config] input-types:
[2019-08-02 01:25:50] [config]   []
[2019-08-02 01:25:50] [config] interpolate-env-vars: false
[2019-08-02 01:25:50] [config] keep-best: false
[2019-08-02 01:25:50] [config] label-smoothing: 0
[2019-08-02 01:25:50] [config] layer-normalization: true
[2019-08-02 01:25:50] [config] learn-rate: 0.0001
[2019-08-02 01:25:50] [config] log: ../experiments/100M_bicleaner_v1.1_+_ced_0.25_x_bic1.1_x_dcce_w3000/model/train.log
[2019-08-02 01:25:50] [config] log-level: info
[2019-08-02 01:25:50] [config] log-time-zone: ""
[2019-08-02 01:25:50] [config] lr-decay: 0
[2019-08-02 01:25:50] [config] lr-decay-freq: 50000
[2019-08-02 01:25:50] [config] lr-decay-inv-sqrt:
[2019-08-02 01:25:50] [config]   - 0
[2019-08-02 01:25:50] [config] lr-decay-repeat-warmup: false
[2019-08-02 01:25:50] [config] lr-decay-reset-optimizer: false
[2019-08-02 01:25:50] [config] lr-decay-start:
[2019-08-02 01:25:50] [config]   - 10
[2019-08-02 01:25:50] [config]   - 1
[2019-08-02 01:25:50] [config] lr-decay-strategy: epoch+stalled
[2019-08-02 01:25:50] [config] lr-report: false
[2019-08-02 01:25:50] [config] lr-warmup: 0
[2019-08-02 01:25:50] [config] lr-warmup-at-reload: false
[2019-08-02 01:25:50] [config] lr-warmup-cycle: false
[2019-08-02 01:25:50] [config] lr-warmup-start-rate: 0
[2019-08-02 01:25:50] [config] max-length: 50
[2019-08-02 01:25:50] [config] max-length-crop: false
[2019-08-02 01:25:50] [config] max-length-factor: 3
[2019-08-02 01:25:50] [config] maxi-batch: 100
[2019-08-02 01:25:50] [config] maxi-batch-sort: trg
[2019-08-02 01:25:50] [config] mini-batch: 64
[2019-08-02 01:25:50] [config] mini-batch-fit: true
[2019-08-02 01:25:50] [config] mini-batch-fit-step: 10
[2019-08-02 01:25:50] [config] mini-batch-overstuff: 1
[2019-08-02 01:25:50] [config] mini-batch-track-lr: false
[2019-08-02 01:25:50] [config] mini-batch-understuff: 1
[2019-08-02 01:25:50] [config] mini-batch-warmup: 0
[2019-08-02 01:25:50] [config] mini-batch-words: 0
[2019-08-02 01:25:50] [config] mini-batch-words-ref: 0
[2019-08-02 01:25:50] [config] model: ../experiments/100M_bicleaner_v1.1_+_ced_0.25_x_bic1.1_x_dcce_w3000/model/model.npz
[2019-08-02 01:25:50] [config] multi-loss-type: sum
[2019-08-02 01:25:50] [config] multi-node: false
[2019-08-02 01:25:50] [config] multi-node-overlap: true
[2019-08-02 01:25:50] [config] n-best: false
[2019-08-02 01:25:50] [config] no-nccl: false
[2019-08-02 01:25:50] [config] no-reload: false
[2019-08-02 01:25:50] [config] no-restore-corpus: false
[2019-08-02 01:25:50] [config] no-shuffle: false
[2019-08-02 01:25:50] [config] normalize: 1
[2019-08-02 01:25:50] [config] num-devices: 0
[2019-08-02 01:25:50] [config] optimizer: adam
[2019-08-02 01:25:50] [config] optimizer-delay: 1
[2019-08-02 01:25:50] [config] optimizer-params:
[2019-08-02 01:25:50] [config]   []
[2019-08-02 01:25:50] [config] overwrite: false
[2019-08-02 01:25:50] [config] pretrained-model: ""
[2019-08-02 01:25:50] [config] quiet: false
[2019-08-02 01:25:50] [config] quiet-translation: true
[2019-08-02 01:25:50] [config] relative-paths: false
[2019-08-02 01:25:50] [config] right-left: false
[2019-08-02 01:25:50] [config] save-freq: 20000
[2019-08-02 01:25:50] [config] seed: 1111
[2019-08-02 01:25:50] [config] shuffle-in-ram: false
[2019-08-02 01:25:50] [config] skip: false
[2019-08-02 01:25:50] [config] sqlite: ""
[2019-08-02 01:25:50] [config] sqlite-drop: false
[2019-08-02 01:25:50] [config] sync-sgd: true
[2019-08-02 01:25:50] [config] tempdir: .
[2019-08-02 01:25:50] [config] tied-embeddings: false
[2019-08-02 01:25:50] [config] tied-embeddings-all: false
[2019-08-02 01:25:50] [config] tied-embeddings-src: false
[2019-08-02 01:25:50] [config] train-sets:
[2019-08-02 01:25:50] [config]   - ../experiments/100M_bicleaner_v1.1_+_ced_0.25_x_bic1.1_x_dcce_w3000/data/train.bpe.de
[2019-08-02 01:25:50] [config]   - ../experiments/100M_bicleaner_v1.1_+_ced_0.25_x_bic1.1_x_dcce_w3000/data/train.bpe.en
[2019-08-02 01:25:50] [config] transformer-aan-activation: swish
[2019-08-02 01:25:50] [config] transformer-aan-depth: 2
[2019-08-02 01:25:50] [config] transformer-aan-nogate: false
[2019-08-02 01:25:50] [config] transformer-decoder-autoreg: self-attention
[2019-08-02 01:25:50] [config] transformer-dim-aan: 2048
[2019-08-02 01:25:50] [config] transformer-dim-ffn: 2048
[2019-08-02 01:25:50] [config] transformer-dropout: 0
[2019-08-02 01:25:50] [config] transformer-dropout-attention: 0
[2019-08-02 01:25:50] [config] transformer-dropout-ffn: 0
[2019-08-02 01:25:50] [config] transformer-ffn-activation: swish
[2019-08-02 01:25:50] [config] transformer-ffn-depth: 2
[2019-08-02 01:25:50] [config] transformer-guided-alignment-layer: last
[2019-08-02 01:25:50] [config] transformer-heads: 8
[2019-08-02 01:25:50] [config] transformer-no-projection: false
[2019-08-02 01:25:50] [config] transformer-postprocess: dan
[2019-08-02 01:25:50] [config] transformer-postprocess-emb: d
[2019-08-02 01:25:50] [config] transformer-preprocess: ""
[2019-08-02 01:25:50] [config] transformer-tied-layers:
[2019-08-02 01:25:50] [config]   []
[2019-08-02 01:25:50] [config] transformer-train-position-embeddings: false
[2019-08-02 01:25:50] [config] type: amun
[2019-08-02 01:25:50] [config] ulr: false
[2019-08-02 01:25:50] [config] ulr-dim-emb: 0
[2019-08-02 01:25:50] [config] ulr-dropout: 0
[2019-08-02 01:25:50] [config] ulr-keys-vectors: ""
[2019-08-02 01:25:50] [config] ulr-query-vectors: ""
[2019-08-02 01:25:50] [config] ulr-softmax-temperature: 1
[2019-08-02 01:25:50] [config] ulr-trainable-transformation: false
[2019-08-02 01:25:50] [config] valid-freq: 20000
[2019-08-02 01:25:50] [config] valid-log: ../experiments/100M_bicleaner_v1.1_+_ced_0.25_x_bic1.1_x_dcce_w3000/model/valid.log
[2019-08-02 01:25:50] [config] valid-max-length: 1000
[2019-08-02 01:25:50] [config] valid-metrics:
[2019-08-02 01:25:50] [config]   - cross-entropy
[2019-08-02 01:25:50] [config]   - perplexity
[2019-08-02 01:25:50] [config]   - translation
[2019-08-02 01:25:50] [config] valid-mini-batch: 8
[2019-08-02 01:25:50] [config] valid-script-path: ../experiments/100M_bicleaner_v1.1_+_ced_0.25_x_bic1.1_x_dcce_w3000/score-dev.sh
[2019-08-02 01:25:50] [config] valid-sets:
[2019-08-02 01:25:50] [config]   - ../experiments/100M_bicleaner_v1.1_+_ced_0.25_x_bic1.1_x_dcce_w3000/data/dev.bpe.de
[2019-08-02 01:25:50] [config]   - ../experiments/100M_bicleaner_v1.1_+_ced_0.25_x_bic1.1_x_dcce_w3000/data/dev.bpe.en
[2019-08-02 01:25:50] [config] valid-translation-output: ../experiments/100M_bicleaner_v1.1_+_ced_0.25_x_bic1.1_x_dcce_w3000/model/dev.out
[2019-08-02 01:25:50] [config] vocabs:
[2019-08-02 01:25:50] [config]   - ../experiments/100M_bicleaner_v1.1_+_ced_0.25_x_bic1.1_x_dcce_w3000/data/train.bpe.de.json
[2019-08-02 01:25:50] [config]   - ../experiments/100M_bicleaner_v1.1_+_ced_0.25_x_bic1.1_x_dcce_w3000/data/train.bpe.en.json
[2019-08-02 01:25:50] [config] word-penalty: 0
[2019-08-02 01:25:50] [config] workspace: 3000
[2019-08-02 01:25:50] [config] Model is being created with Marian v1.7.8 ec2d66e 2019-05-27 14:52:11 +0100
[2019-08-02 01:25:50] Using synchronous training
[2019-08-02 01:25:50] [data] Loading vocabulary from JSON/Yaml file ../experiments/100M_bicleaner_v1.1_+_ced_0.25_x_bic1.1_x_dcce_w3000/data/train.bpe.de.json
[2019-08-02 01:25:50] [data] Using unused word id eos for 0
[2019-08-02 01:25:50] [data] Using unused word id UNK for 1
[2019-08-02 01:25:50] [data] Setting vocabulary size for input 0 to 50000
[2019-08-02 01:25:50] [data] Loading vocabulary from JSON/Yaml file ../experiments/100M_bicleaner_v1.1_+_ced_0.25_x_bic1.1_x_dcce_w3000/data/train.bpe.en.json
[2019-08-02 01:25:51] [data] Using unused word id eos for 0
[2019-08-02 01:25:51] [data] Using unused word id UNK for 1
[2019-08-02 01:25:51] [data] Setting vocabulary size for input 1 to 50000
[2019-08-02 01:25:51] Compiled without MPI support. Falling back to FakeMPIWrapper
[2019-08-02 01:25:51] [batching] Collecting statistics for batch fitting with step size 10
[2019-08-02 01:25:52] [memory] Extending reserved space to 3072 MB (device gpu5)
[2019-08-02 01:25:52] [comm] Using NCCL 2.4.2 for GPU communication
[2019-08-02 01:25:52] [comm] NCCLCommunicator constructed successfully.
[2019-08-02 01:25:52] [training] Using 1 GPUs
[2019-08-02 01:25:52] [memory] Reserving 422 MB, device gpu5
[2019-08-02 01:25:52] [gpu] 16-bit TensorCores enabled for float32 matrix operations
[2019-08-02 01:25:52] [memory] Reserving 422 MB, device gpu5
[2019-08-02 01:25:55] [batching] Done. Typical MB size is 4042 target words
[2019-08-02 01:25:55] [memory] Extending reserved space to 3072 MB (device gpu5)
[2019-08-02 01:25:55] [comm] Using NCCL 2.4.2 for GPU communication
[2019-08-02 01:25:55] [comm] NCCLCommunicator constructed successfully.
[2019-08-02 01:25:55] [training] Using 1 GPUs
[2019-08-02 01:25:55] Training started
[2019-08-02 01:25:55] [data] Shuffling data
[2019-08-02 01:25:58] [data] Done reading 4277963 sentences
[2019-08-02 01:26:19] [data] Done shuffling 4277963 sentences to temp files
[2019-08-02 01:26:21] [training] Batches are processed as 1 process(es) x 1 devices/process
[2019-08-02 01:26:21] [memory] Reserving 422 MB, device gpu5
[2019-08-02 01:26:21] [memory] Reserving 422 MB, device gpu5
[2019-08-02 01:26:21] [memory] Reserving 422 MB, device gpu5
[2019-08-02 01:26:21] [memory] Reserving 844 MB, device gpu5
[2019-08-02 01:31:52] Ep. 1 : Up. 2000 : Sen. 203,189 : Cost 152.71316528 : Time 361.56s : 13753.52 words/s
[2019-08-02 01:37:25] Ep. 1 : Up. 4000 : Sen. 405,766 : Cost 126.54754639 : Time 332.48s : 14952.92 words/s
[2019-08-02 01:42:56] Ep. 1 : Up. 6000 : Sen. 608,630 : Cost 111.75633240 : Time 331.82s : 14955.61 words/s
[2019-08-02 01:48:32] Ep. 1 : Up. 8000 : Sen. 812,800 : Cost 101.83616638 : Time 335.35s : 14908.73 words/s
[2019-08-02 01:54:06] Ep. 1 : Up. 10000 : Sen. 1,017,522 : Cost 94.54940796 : Time 334.59s : 14968.70 words/s
[2019-08-02 01:59:40] Ep. 1 : Up. 12000 : Sen. 1,220,622 : Cost 89.96039581 : Time 333.98s : 14912.94 words/s
[2019-08-02 02:05:13] Ep. 1 : Up. 14000 : Sen. 1,423,934 : Cost 85.88807678 : Time 332.90s : 14965.33 words/s
[2019-08-02 02:10:47] Ep. 1 : Up. 16000 : Sen. 1,628,069 : Cost 82.82291412 : Time 333.88s : 14946.85 words/s
[2019-08-02 02:16:21] Ep. 1 : Up. 18000 : Sen. 1,832,131 : Cost 80.47879791 : Time 333.44s : 14977.58 words/s
[2019-08-02 02:21:54] Ep. 1 : Up. 20000 : Sen. 2,035,680 : Cost 78.44374847 : Time 332.91s : 14965.08 words/s
[2019-08-02 02:21:54] Saving model to ../experiments/100M_bicleaner_v1.1_+_ced_0.25_x_bic1.1_x_dcce_w3000/model/model.npz.orig.npz
[2019-08-02 02:21:58] Saving model to ../experiments/100M_bicleaner_v1.1_+_ced_0.25_x_bic1.1_x_dcce_w3000/model/model.iter20000.npz
[2019-08-02 02:22:00] Saving model to ../experiments/100M_bicleaner_v1.1_+_ced_0.25_x_bic1.1_x_dcce_w3000/model/model.npz
[2019-08-02 02:22:05] Saving Adam parameters to ../experiments/100M_bicleaner_v1.1_+_ced_0.25_x_bic1.1_x_dcce_w3000/model/model.npz.optimizer.npz
[2019-08-02 02:22:21] [valid] Ep. 1 : Up. 20000 : cross-entropy : 66.2341 : new best
[2019-08-02 02:22:28] [valid] Ep. 1 : Up. 20000 : perplexity : 13.7245 : new best
[2019-08-02 02:23:24] [valid] Ep. 1 : Up. 20000 : translation : 21.02 : new best
[2019-08-02 02:29:00] Ep. 1 : Up. 22000 : Sen. 2,238,885 : Cost 76.91756439 : Time 426.21s : 11657.66 words/s
[2019-08-02 02:34:32] Ep. 1 : Up. 24000 : Sen. 2,442,053 : Cost 75.50296021 : Time 332.59s : 14949.60 words/s
[2019-08-02 02:40:08] Ep. 1 : Up. 26000 : Sen. 2,645,544 : Cost 74.60468292 : Time 335.26s : 14915.10 words/s
[2019-08-02 02:45:42] Ep. 1 : Up. 28000 : Sen. 2,849,681 : Cost 73.20825195 : Time 334.53s : 14931.90 words/s
[2019-08-02 02:51:15] Ep. 1 : Up. 30000 : Sen. 3,053,526 : Cost 72.16695404 : Time 333.15s : 14969.55 words/s
[2019-08-02 02:56:49] Ep. 1 : Up. 32000 : Sen. 3,258,288 : Cost 71.15966034 : Time 333.69s : 14974.16 words/s
[2019-08-02 03:02:22] Ep. 1 : Up. 34000 : Sen. 3,461,884 : Cost 70.39161682 : Time 332.70s : 14973.47 words/s
[2019-08-02 03:03:33] Seen 3505017 samples
[2019-08-02 03:03:33] Starting epoch 2
[2019-08-02 03:03:33] [data] Shuffling data
[2019-08-02 03:03:36] [data] Done reading 4277963 sentences
[2019-08-02 03:03:56] [data] Done shuffling 4277963 sentences to temp files
[2019-08-02 03:08:19] Ep. 2 : Up. 36000 : Sen. 160,000 : Cost 68.88121796 : Time 357.24s : 13918.54 words/s
[2019-08-02 03:13:52] Ep. 2 : Up. 38000 : Sen. 363,510 : Cost 68.02022552 : Time 332.86s : 14961.72 words/s
[2019-08-02 03:19:25] Ep. 2 : Up. 40000 : Sen. 566,982 : Cost 67.45724487 : Time 332.78s : 14957.12 words/s
[2019-08-02 03:19:25] Saving model to ../experiments/100M_bicleaner_v1.1_+_ced_0.25_x_bic1.1_x_dcce_w3000/model/model.npz.orig.npz
[2019-08-02 03:19:30] Saving model to ../experiments/100M_bicleaner_v1.1_+_ced_0.25_x_bic1.1_x_dcce_w3000/model/model.iter40000.npz
[2019-08-02 03:19:32] Saving model to ../experiments/100M_bicleaner_v1.1_+_ced_0.25_x_bic1.1_x_dcce_w3000/model/model.npz
[2019-08-02 03:19:38] Saving Adam parameters to ../experiments/100M_bicleaner_v1.1_+_ced_0.25_x_bic1.1_x_dcce_w3000/model/model.npz.optimizer.npz
[2019-08-02 03:19:57] [valid] Ep. 2 : Up. 40000 : cross-entropy : 54.1737 : new best
[2019-08-02 03:20:04] [valid] Ep. 2 : Up. 40000 : perplexity : 8.51868 : new best
[2019-08-02 03:20:58] [valid] Ep. 2 : Up. 40000 : translation : 25.29 : new best
[2019-08-02 03:26:35] Ep. 2 : Up. 42000 : Sen. 770,694 : Cost 67.02972412 : Time 430.36s : 11577.81 words/s
[2019-08-02 03:32:08] Ep. 2 : Up. 44000 : Sen. 973,824 : Cost 66.70276642 : Time 333.11s : 14913.02 words/s
[2019-08-02 03:37:43] Ep. 2 : Up. 46000 : Sen. 1,177,498 : Cost 66.31685638 : Time 334.63s : 14919.27 words/s
[2019-08-02 03:43:16] Ep. 2 : Up. 48000 : Sen. 1,380,749 : Cost 65.73675537 : Time 333.30s : 14901.15 words/s
[2019-08-02 03:48:50] Ep. 2 : Up. 50000 : Sen. 1,583,762 : Cost 65.49809265 : Time 333.54s : 14918.75 words/s
[2019-08-02 03:54:24] Ep. 2 : Up. 52000 : Sen. 1,787,440 : Cost 65.02973175 : Time 334.42s : 14906.59 words/s
[2019-08-02 03:59:59] Ep. 2 : Up. 54000 : Sen. 1,991,304 : Cost 64.79559326 : Time 334.89s : 14901.58 words/s
[2019-08-02 04:05:33] Ep. 2 : Up. 56000 : Sen. 2,194,691 : Cost 64.53570557 : Time 334.14s : 14928.53 words/s
[2019-08-02 04:11:07] Ep. 2 : Up. 58000 : Sen. 2,397,635 : Cost 64.30405426 : Time 334.23s : 14904.67 words/s
[2019-08-02 04:16:40] Ep. 2 : Up. 60000 : Sen. 2,601,077 : Cost 63.38325500 : Time 332.75s : 14912.97 words/s
[2019-08-02 04:16:40] Saving model to ../experiments/100M_bicleaner_v1.1_+_ced_0.25_x_bic1.1_x_dcce_w3000/model/model.npz.orig.npz
[2019-08-02 04:16:46] Saving model to ../experiments/100M_bicleaner_v1.1_+_ced_0.25_x_bic1.1_x_dcce_w3000/model/model.iter60000.npz
[2019-08-02 04:16:48] Saving model to ../experiments/100M_bicleaner_v1.1_+_ced_0.25_x_bic1.1_x_dcce_w3000/model/model.npz
[2019-08-02 04:16:53] Saving Adam parameters to ../experiments/100M_bicleaner_v1.1_+_ced_0.25_x_bic1.1_x_dcce_w3000/model/model.npz.optimizer.npz
[2019-08-02 04:17:12] [valid] Ep. 2 : Up. 60000 : cross-entropy : 49.3365 : new best
[2019-08-02 04:17:19] [valid] Ep. 2 : Up. 60000 : perplexity : 7.03556 : new best
[2019-08-02 04:18:12] [valid] Ep. 2 : Up. 60000 : translation : 27.17 : new best
[2019-08-02 04:23:49] Ep. 2 : Up. 62000 : Sen. 2,804,661 : Cost 63.54117584 : Time 428.62s : 11643.01 words/s
[2019-08-02 04:29:23] Ep. 2 : Up. 64000 : Sen. 3,009,122 : Cost 63.04278946 : Time 334.53s : 14956.33 words/s
[2019-08-02 04:34:59] Ep. 2 : Up. 66000 : Sen. 3,213,835 : Cost 62.74561310 : Time 335.58s : 14948.36 words/s
[2019-08-02 04:40:33] Ep. 2 : Up. 68000 : Sen. 3,417,465 : Cost 62.79273605 : Time 333.99s : 14903.40 words/s
[2019-08-02 04:42:57] Seen 3505017 samples
[2019-08-02 04:42:57] Starting epoch 3
[2019-08-02 04:42:57] [data] Shuffling data
[2019-08-02 04:43:00] [data] Done reading 4277963 sentences
[2019-08-02 04:43:21] [data] Done shuffling 4277963 sentences to temp files
[2019-08-02 04:46:31] Ep. 3 : Up. 70000 : Sen. 115,356 : Cost 61.78171539 : Time 358.00s : 13872.86 words/s
[2019-08-02 04:52:05] Ep. 3 : Up. 72000 : Sen. 319,132 : Cost 60.91428375 : Time 334.22s : 14914.27 words/s
[2019-08-02 04:57:40] Ep. 3 : Up. 74000 : Sen. 522,349 : Cost 60.93559647 : Time 334.87s : 14880.13 words/s
[2019-08-02 05:03:14] Ep. 3 : Up. 76000 : Sen. 726,122 : Cost 60.50446701 : Time 334.10s : 14904.78 words/s
[2019-08-02 05:08:48] Ep. 3 : Up. 78000 : Sen. 929,123 : Cost 60.53182983 : Time 334.53s : 14880.56 words/s
[2019-08-02 05:14:22] Ep. 3 : Up. 80000 : Sen. 1,132,300 : Cost 60.61856842 : Time 334.01s : 14884.23 words/s
[2019-08-02 05:14:22] Saving model to ../experiments/100M_bicleaner_v1.1_+_ced_0.25_x_bic1.1_x_dcce_w3000/model/model.npz.orig.npz
[2019-08-02 05:14:28] Saving model to ../experiments/100M_bicleaner_v1.1_+_ced_0.25_x_bic1.1_x_dcce_w3000/model/model.iter80000.npz
[2019-08-02 05:14:30] Saving model to ../experiments/100M_bicleaner_v1.1_+_ced_0.25_x_bic1.1_x_dcce_w3000/model/model.npz
[2019-08-02 05:14:36] Saving Adam parameters to ../experiments/100M_bicleaner_v1.1_+_ced_0.25_x_bic1.1_x_dcce_w3000/model/model.npz.optimizer.npz
[2019-08-02 05:14:54] [valid] Ep. 3 : Up. 80000 : cross-entropy : 46.6436 : new best
[2019-08-02 05:15:01] [valid] Ep. 3 : Up. 80000 : perplexity : 6.32487 : new best
[2019-08-02 05:15:54] [valid] Ep. 3 : Up. 80000 : translation : 28.25 : new best
[2019-08-02 05:21:30] Ep. 3 : Up. 82000 : Sen. 1,335,814 : Cost 60.39472580 : Time 427.33s : 11671.09 words/s
[2019-08-02 05:27:03] Ep. 3 : Up. 84000 : Sen. 1,539,274 : Cost 60.07712936 : Time 333.09s : 14922.59 words/s
[2019-08-02 05:32:37] Ep. 3 : Up. 86000 : Sen. 1,743,151 : Cost 59.99770355 : Time 334.25s : 14908.34 words/s
[2019-08-02 05:38:12] Ep. 3 : Up. 88000 : Sen. 1,947,327 : Cost 60.14471817 : Time 334.92s : 14926.01 words/s
[2019-08-02 05:43:46] Ep. 3 : Up. 90000 : Sen. 2,151,162 : Cost 59.70515060 : Time 333.79s : 14936.22 words/s
[2019-08-02 05:49:20] Ep. 3 : Up. 92000 : Sen. 2,354,726 : Cost 59.80360413 : Time 334.29s : 14906.81 words/s
[2019-08-02 05:54:54] Ep. 3 : Up. 94000 : Sen. 2,558,494 : Cost 59.52738571 : Time 333.77s : 14946.11 words/s
[2019-08-02 06:00:28] Ep. 3 : Up. 96000 : Sen. 2,761,233 : Cost 59.60420609 : Time 334.03s : 14888.20 words/s
[2019-08-02 06:06:00] Ep. 3 : Up. 98000 : Sen. 2,964,958 : Cost 59.23745728 : Time 332.34s : 14969.52 words/s
[2019-08-02 06:11:34] Ep. 3 : Up. 100000 : Sen. 3,168,205 : Cost 59.32504654 : Time 333.56s : 14910.51 words/s
[2019-08-02 06:11:34] Saving model to ../experiments/100M_bicleaner_v1.1_+_ced_0.25_x_bic1.1_x_dcce_w3000/model/model.npz.orig.npz
[2019-08-02 06:11:40] Saving model to ../experiments/100M_bicleaner_v1.1_+_ced_0.25_x_bic1.1_x_dcce_w3000/model/model.iter100000.npz
[2019-08-02 06:11:42] Saving model to ../experiments/100M_bicleaner_v1.1_+_ced_0.25_x_bic1.1_x_dcce_w3000/model/model.npz
[2019-08-02 06:11:47] Saving Adam parameters to ../experiments/100M_bicleaner_v1.1_+_ced_0.25_x_bic1.1_x_dcce_w3000/model/model.npz.optimizer.npz
[2019-08-02 06:12:06] [valid] Ep. 3 : Up. 100000 : cross-entropy : 44.828 : new best
[2019-08-02 06:12:13] [valid] Ep. 3 : Up. 100000 : perplexity : 5.88668 : new best
[2019-08-02 06:13:06] [valid] Ep. 3 : Up. 100000 : translation : 28.84 : new best
[2019-08-02 06:18:42] Ep. 3 : Up. 102000 : Sen. 3,371,858 : Cost 59.08693314 : Time 428.21s : 11640.23 words/s
[2019-08-02 06:22:22] Seen 3505017 samples
[2019-08-02 06:22:22] Starting epoch 4
[2019-08-02 06:22:22] [data] Shuffling data
[2019-08-02 06:22:25] [data] Done reading 4277963 sentences
[2019-08-02 06:22:45] [data] Done shuffling 4277963 sentences to temp files
[2019-08-02 06:24:42] Ep. 4 : Up. 104000 : Sen. 70,803 : Cost 58.77780151 : Time 360.43s : 13900.08 words/s
[2019-08-02 06:30:17] Ep. 4 : Up. 106000 : Sen. 274,278 : Cost 57.44987488 : Time 334.34s : 14896.99 words/s
[2019-08-02 06:35:54] Ep. 4 : Up. 108000 : Sen. 477,769 : Cost 57.61406326 : Time 337.18s : 14791.69 words/s
[2019-08-02 06:41:28] Ep. 4 : Up. 110000 : Sen. 681,913 : Cost 57.55417633 : Time 333.60s : 14948.44 words/s
[2019-08-02 06:47:02] Ep. 4 : Up. 112000 : Sen. 885,361 : Cost 57.45406342 : Time 334.27s : 14897.10 words/s
[2019-08-02 06:52:35] Ep. 4 : Up. 114000 : Sen. 1,087,020 : Cost 57.58508682 : Time 333.25s : 14825.26 words/s
[2019-08-02 06:58:09] Ep. 4 : Up. 116000 : Sen. 1,289,893 : Cost 57.37618256 : Time 333.85s : 14901.38 words/s
[2019-08-02 07:03:45] Ep. 4 : Up. 118000 : Sen. 1,493,820 : Cost 57.25972366 : Time 335.97s : 14864.31 words/s
[2019-08-02 07:09:19] Ep. 4 : Up. 120000 : Sen. 1,697,485 : Cost 57.33292389 : Time 334.38s : 14912.28 words/s
[2019-08-02 07:09:19] Saving model to ../experiments/100M_bicleaner_v1.1_+_ced_0.25_x_bic1.1_x_dcce_w3000/model/model.npz.orig.npz
[2019-08-02 07:09:25] Saving model to ../experiments/100M_bicleaner_v1.1_+_ced_0.25_x_bic1.1_x_dcce_w3000/model/model.iter120000.npz
[2019-08-02 07:09:27] Saving model to ../experiments/100M_bicleaner_v1.1_+_ced_0.25_x_bic1.1_x_dcce_w3000/model/model.npz
[2019-08-02 07:09:33] Saving Adam parameters to ../experiments/100M_bicleaner_v1.1_+_ced_0.25_x_bic1.1_x_dcce_w3000/model/model.npz.optimizer.npz
[2019-08-02 07:09:53] [valid] Ep. 4 : Up. 120000 : cross-entropy : 43.6094 : new best
[2019-08-02 07:10:00] [valid] Ep. 4 : Up. 120000 : perplexity : 5.60973 : new best
[2019-08-02 07:10:54] [valid] Ep. 4 : Up. 120000 : translation : 29.18 : new best
[2019-08-02 07:16:29] Ep. 4 : Up. 122000 : Sen. 1,900,242 : Cost 57.40327454 : Time 429.79s : 11562.08 words/s
[2019-08-02 07:22:03] Ep. 4 : Up. 124000 : Sen. 2,104,760 : Cost 57.16914749 : Time 334.05s : 14975.83 words/s
[2019-08-02 07:27:36] Ep. 4 : Up. 126000 : Sen. 2,307,868 : Cost 57.36471176 : Time 332.91s : 14942.95 words/s
[2019-08-02 07:33:11] Ep. 4 : Up. 128000 : Sen. 2,511,831 : Cost 57.20191574 : Time 334.72s : 14920.93 words/s
[2019-08-02 07:38:45] Ep. 4 : Up. 130000 : Sen. 2,716,029 : Cost 56.89655304 : Time 333.97s : 14956.11 words/s
[2019-08-02 07:44:19] Ep. 4 : Up. 132000 : Sen. 2,920,177 : Cost 57.23669052 : Time 334.14s : 14965.87 words/s
[2019-08-02 07:49:53] Ep. 4 : Up. 134000 : Sen. 3,124,604 : Cost 56.79033661 : Time 334.42s : 14924.42 words/s
[2019-08-02 07:55:29] Ep. 4 : Up. 136000 : Sen. 3,328,684 : Cost 57.03630829 : Time 335.34s : 14909.24 words/s
[2019-08-02 08:00:18] Seen 3505017 samples
[2019-08-02 08:00:18] Starting epoch 5
[2019-08-02 08:00:18] [data] Shuffling data
[2019-08-02 08:00:23] [data] Done reading 4277963 sentences
[2019-08-02 08:00:42] [data] Done shuffling 4277963 sentences to temp files
[2019-08-02 08:01:27] Ep. 5 : Up. 138000 : Sen. 25,678 : Cost 56.41265488 : Time 358.31s : 13792.02 words/s
[2019-08-02 08:07:01] Ep. 5 : Up. 140000 : Sen. 229,503 : Cost 55.35327911 : Time 333.80s : 14943.48 words/s
[2019-08-02 08:07:01] Saving model to ../experiments/100M_bicleaner_v1.1_+_ced_0.25_x_bic1.1_x_dcce_w3000/model/model.npz.orig.npz
[2019-08-02 08:07:06] Saving model to ../experiments/100M_bicleaner_v1.1_+_ced_0.25_x_bic1.1_x_dcce_w3000/model/model.iter140000.npz
[2019-08-02 08:07:08] Saving model to ../experiments/100M_bicleaner_v1.1_+_ced_0.25_x_bic1.1_x_dcce_w3000/model/model.npz
[2019-08-02 08:07:13] Saving Adam parameters to ../experiments/100M_bicleaner_v1.1_+_ced_0.25_x_bic1.1_x_dcce_w3000/model/model.npz.optimizer.npz
[2019-08-02 08:07:32] [valid] Ep. 5 : Up. 140000 : cross-entropy : 42.6723 : new best
[2019-08-02 08:07:39] [valid] Ep. 5 : Up. 140000 : perplexity : 5.40565 : new best
[2019-08-02 08:08:33] [valid] Ep. 5 : Up. 140000 : translation : 29.26 : new best
[2019-08-02 08:14:08] Ep. 5 : Up. 142000 : Sen. 432,658 : Cost 55.32643509 : Time 427.40s : 11638.48 words/s
[2019-08-02 08:19:41] Ep. 5 : Up. 144000 : Sen. 636,757 : Cost 55.31832504 : Time 333.21s : 14952.92 words/s
[2019-08-02 08:25:15] Ep. 5 : Up. 146000 : Sen. 840,126 : Cost 55.69031525 : Time 333.60s : 14954.25 words/s
[2019-08-02 08:30:48] Ep. 5 : Up. 148000 : Sen. 1,043,548 : Cost 55.38198471 : Time 332.70s : 14950.40 words/s
[2019-08-02 08:36:21] Ep. 5 : Up. 150000 : Sen. 1,246,455 : Cost 55.54478836 : Time 333.18s : 14895.77 words/s
[2019-08-02 08:41:55] Ep. 5 : Up. 152000 : Sen. 1,449,555 : Cost 55.55453491 : Time 333.94s : 14923.50 words/s
[2019-08-02 08:47:29] Ep. 5 : Up. 154000 : Sen. 1,653,057 : Cost 55.43880081 : Time 333.96s : 14950.69 words/s
[2019-08-02 08:53:02] Ep. 5 : Up. 156000 : Sen. 1,857,007 : Cost 55.28249741 : Time 333.39s : 14942.45 words/s
[2019-08-02 08:58:36] Ep. 5 : Up. 158000 : Sen. 2,060,800 : Cost 55.70618820 : Time 334.42s : 14931.62 words/s
[2019-08-02 09:04:11] Ep. 5 : Up. 160000 : Sen. 2,264,913 : Cost 55.48163986 : Time 334.28s : 14944.16 words/s
[2019-08-02 09:04:11] Saving model to ../experiments/100M_bicleaner_v1.1_+_ced_0.25_x_bic1.1_x_dcce_w3000/model/model.npz.orig.npz
[2019-08-02 09:04:16] Saving model to ../experiments/100M_bicleaner_v1.1_+_ced_0.25_x_bic1.1_x_dcce_w3000/model/model.iter160000.npz
[2019-08-02 09:04:18] Saving model to ../experiments/100M_bicleaner_v1.1_+_ced_0.25_x_bic1.1_x_dcce_w3000/model/model.npz
[2019-08-02 09:04:24] Saving Adam parameters to ../experiments/100M_bicleaner_v1.1_+_ced_0.25_x_bic1.1_x_dcce_w3000/model/model.npz.optimizer.npz
[2019-08-02 09:04:42] [valid] Ep. 5 : Up. 160000 : cross-entropy : 42.0494 : new best
[2019-08-02 09:04:49] [valid] Ep. 5 : Up. 160000 : perplexity : 5.27412 : new best
[2019-08-02 09:05:42] [valid] Ep. 5 : Up. 160000 : translation : 29.76 : new best
[2019-08-02 09:11:18] Ep. 5 : Up. 162000 : Sen. 2,468,909 : Cost 55.60139847 : Time 427.38s : 11681.15 words/s
[2019-08-02 09:16:51] Ep. 5 : Up. 164000 : Sen. 2,672,986 : Cost 55.34331131 : Time 333.16s : 14979.29 words/s
[2019-08-02 09:22:25] Ep. 5 : Up. 166000 : Sen. 2,875,813 : Cost 55.41022110 : Time 333.83s : 14889.11 words/s
[2019-08-02 09:28:01] Ep. 5 : Up. 168000 : Sen. 3,079,357 : Cost 55.45160294 : Time 336.07s : 14853.18 words/s
[2019-08-02 09:33:34] Ep. 5 : Up. 170000 : Sen. 3,282,207 : Cost 55.13846207 : Time 332.77s : 14900.46 words/s
[2019-08-02 09:39:07] Ep. 5 : Up. 172000 : Sen. 3,485,503 : Cost 55.13111115 : Time 332.90s : 14935.20 words/s
[2019-08-02 09:39:39] Seen 3505017 samples
[2019-08-02 09:39:39] Starting epoch 6
[2019-08-02 09:39:39] [data] Shuffling data
[2019-08-02 09:39:42] [data] Done reading 4277963 sentences
[2019-08-02 09:40:01] [data] Done shuffling 4277963 sentences to temp files
[2019-08-02 09:45:04] Ep. 6 : Up. 174000 : Sen. 183,318 : Cost 54.20841980 : Time 356.72s : 13932.25 words/s
[2019-08-02 09:50:36] Ep. 6 : Up. 176000 : Sen. 386,450 : Cost 53.80773163 : Time 332.89s : 14906.93 words/s
[2019-08-02 09:56:10] Ep. 6 : Up. 178000 : Sen. 589,941 : Cost 53.89700317 : Time 333.56s : 14918.94 words/s
[2019-08-02 10:01:45] Ep. 6 : Up. 180000 : Sen. 793,522 : Cost 54.20355988 : Time 334.96s : 14910.33 words/s
[2019-08-02 10:01:45] Saving model to ../experiments/100M_bicleaner_v1.1_+_ced_0.25_x_bic1.1_x_dcce_w3000/model/model.npz.orig.npz
[2019-08-02 10:01:50] Saving model to ../experiments/100M_bicleaner_v1.1_+_ced_0.25_x_bic1.1_x_dcce_w3000/model/model.iter180000.npz
[2019-08-02 10:01:53] Saving model to ../experiments/100M_bicleaner_v1.1_+_ced_0.25_x_bic1.1_x_dcce_w3000/model/model.npz
[2019-08-02 10:01:58] Saving Adam parameters to ../experiments/100M_bicleaner_v1.1_+_ced_0.25_x_bic1.1_x_dcce_w3000/model/model.npz.optimizer.npz
[2019-08-02 10:02:17] [valid] Ep. 6 : Up. 180000 : cross-entropy : 41.4738 : new best
[2019-08-02 10:02:23] [valid] Ep. 6 : Up. 180000 : perplexity : 5.15545 : new best
[2019-08-02 10:03:17] [valid] Ep. 6 : Up. 180000 : translation : 30.14 : new best
[2019-08-02 10:08:53] Ep. 6 : Up. 182000 : Sen. 997,643 : Cost 54.03987503 : Time 428.30s : 11652.74 words/s
[2019-08-02 10:14:27] Ep. 6 : Up. 184000 : Sen. 1,201,495 : Cost 53.71924210 : Time 333.77s : 14920.97 words/s
[2019-08-02 10:20:02] Ep. 6 : Up. 186000 : Sen. 1,405,202 : Cost 54.22912979 : Time 335.03s : 14893.25 words/s
[2019-08-02 10:25:37] Ep. 6 : Up. 188000 : Sen. 1,609,157 : Cost 54.14549255 : Time 334.76s : 14939.30 words/s
[2019-08-02 10:31:10] Ep. 6 : Up. 190000 : Sen. 1,812,543 : Cost 53.94213486 : Time 333.53s : 14938.51 words/s
[2019-08-02 10:36:42] Ep. 6 : Up. 192000 : Sen. 2,015,212 : Cost 54.15332031 : Time 331.97s : 14929.35 words/s
[2019-08-02 10:42:18] Ep. 6 : Up. 194000 : Sen. 2,219,169 : Cost 54.24211884 : Time 335.16s : 14917.87 words/s
[2019-08-02 10:47:52] Ep. 6 : Up. 196000 : Sen. 2,422,690 : Cost 54.01066589 : Time 334.38s : 14902.04 words/s
[2019-08-02 10:53:25] Ep. 6 : Up. 198000 : Sen. 2,626,662 : Cost 54.12314987 : Time 333.07s : 14971.70 words/s
[2019-08-02 10:58:59] Ep. 6 : Up. 200000 : Sen. 2,829,861 : Cost 54.20002747 : Time 333.65s : 14940.20 words/s
[2019-08-02 10:58:59] Saving model to ../experiments/100M_bicleaner_v1.1_+_ced_0.25_x_bic1.1_x_dcce_w3000/model/model.npz.orig.npz
[2019-08-02 10:59:04] Saving model to ../experiments/100M_bicleaner_v1.1_+_ced_0.25_x_bic1.1_x_dcce_w3000/model/model.iter200000.npz
[2019-08-02 10:59:06] Saving model to ../experiments/100M_bicleaner_v1.1_+_ced_0.25_x_bic1.1_x_dcce_w3000/model/model.npz
[2019-08-02 10:59:12] Saving Adam parameters to ../experiments/100M_bicleaner_v1.1_+_ced_0.25_x_bic1.1_x_dcce_w3000/model/model.npz.optimizer.npz
[2019-08-02 10:59:30] [valid] Ep. 6 : Up. 200000 : cross-entropy : 41.0164 : new best
[2019-08-02 10:59:37] [valid] Ep. 6 : Up. 200000 : perplexity : 5.06304 : new best
[2019-08-02 11:00:30] [valid] Ep. 6 : Up. 200000 : translation : 30.15 : new best
[2019-08-02 11:06:06] Ep. 6 : Up. 202000 : Sen. 3,033,234 : Cost 54.00952911 : Time 427.13s : 11652.73 words/s
[2019-08-02 11:11:39] Ep. 6 : Up. 204000 : Sen. 3,236,808 : Cost 54.06227875 : Time 333.74s : 14907.44 words/s
[2019-08-02 11:17:14] Ep. 6 : Up. 206000 : Sen. 3,441,028 : Cost 54.05294800 : Time 334.76s : 14935.84 words/s
[2019-08-02 11:19:00] Seen 3505017 samples
[2019-08-02 11:19:00] Starting epoch 7
[2019-08-02 11:19:00] [data] Shuffling data
[2019-08-02 11:19:03] [data] Done reading 4277963 sentences
[2019-08-02 11:19:23] [data] Done shuffling 4277963 sentences to temp files
[2019-08-02 11:23:12] Ep. 7 : Up. 208000 : Sen. 139,311 : Cost 53.10910416 : Time 357.92s : 13902.55 words/s
[2019-08-02 11:28:49] Ep. 7 : Up. 210000 : Sen. 343,306 : Cost 52.84167099 : Time 336.41s : 14841.09 words/s
[2019-08-02 11:34:23] Ep. 7 : Up. 212000 : Sen. 546,891 : Cost 52.88220978 : Time 334.01s : 14902.06 words/s
[2019-08-02 11:39:57] Ep. 7 : Up. 214000 : Sen. 750,429 : Cost 53.01740265 : Time 333.91s : 14894.84 words/s
[2019-08-02 11:45:31] Ep. 7 : Up. 216000 : Sen. 953,522 : Cost 53.14776993 : Time 334.78s : 14882.95 words/s
[2019-08-02 11:51:05] Ep. 7 : Up. 218000 : Sen. 1,156,325 : Cost 53.08996964 : Time 333.67s : 14891.45 words/s
[2019-08-02 11:56:39] Ep. 7 : Up. 220000 : Sen. 1,359,398 : Cost 53.02955627 : Time 333.80s : 14895.34 words/s
[2019-08-02 11:56:39] Saving model to ../experiments/100M_bicleaner_v1.1_+_ced_0.25_x_bic1.1_x_dcce_w3000/model/model.npz.orig.npz
[2019-08-02 11:56:44] Saving model to ../experiments/100M_bicleaner_v1.1_+_ced_0.25_x_bic1.1_x_dcce_w3000/model/model.iter220000.npz
[2019-08-02 11:56:46] Saving model to ../experiments/100M_bicleaner_v1.1_+_ced_0.25_x_bic1.1_x_dcce_w3000/model/model.npz
[2019-08-02 11:56:52] Saving Adam parameters to ../experiments/100M_bicleaner_v1.1_+_ced_0.25_x_bic1.1_x_dcce_w3000/model/model.npz.optimizer.npz
[2019-08-02 11:57:10] [valid] Ep. 7 : Up. 220000 : cross-entropy : 40.6745 : new best
[2019-08-02 11:57:16] [valid] Ep. 7 : Up. 220000 : perplexity : 4.99504 : new best
[2019-08-02 11:58:10] [valid] Ep. 7 : Up. 220000 : translation : 30.26 : new best
[2019-08-02 12:03:47] Ep. 7 : Up. 222000 : Sen. 1,563,326 : Cost 53.12639236 : Time 427.77s : 11647.20 words/s
[2019-08-02 12:09:21] Ep. 7 : Up. 224000 : Sen. 1,766,605 : Cost 53.16947174 : Time 334.58s : 14891.70 words/s
[2019-08-02 12:14:56] Ep. 7 : Up. 226000 : Sen. 1,971,380 : Cost 53.18627167 : Time 334.95s : 14964.96 words/s
[2019-08-02 12:20:30] Ep. 7 : Up. 228000 : Sen. 2,174,357 : Cost 53.28588867 : Time 333.75s : 14913.54 words/s
[2019-08-02 12:26:05] Ep. 7 : Up. 230000 : Sen. 2,379,006 : Cost 52.82499695 : Time 335.17s : 14928.81 words/s
[2019-08-02 12:31:41] Ep. 7 : Up. 232000 : Sen. 2,582,153 : Cost 53.47215652 : Time 335.87s : 14838.73 words/s
[2019-08-02 12:37:15] Ep. 7 : Up. 234000 : Sen. 2,786,230 : Cost 52.83291626 : Time 334.60s : 14908.31 words/s
[2019-08-02 12:42:49] Ep. 7 : Up. 236000 : Sen. 2,989,226 : Cost 53.03763962 : Time 333.74s : 14882.98 words/s
[2019-08-02 12:48:23] Ep. 7 : Up. 238000 : Sen. 3,193,365 : Cost 53.10355377 : Time 334.27s : 14954.84 words/s
[2019-08-02 12:53:58] Ep. 7 : Up. 240000 : Sen. 3,397,040 : Cost 52.93627167 : Time 334.81s : 14882.17 words/s
[2019-08-02 12:53:58] Saving model to ../experiments/100M_bicleaner_v1.1_+_ced_0.25_x_bic1.1_x_dcce_w3000/model/model.npz.orig.npz
[2019-08-02 12:54:04] Saving model to ../experiments/100M_bicleaner_v1.1_+_ced_0.25_x_bic1.1_x_dcce_w3000/model/model.iter240000.npz
[2019-08-02 12:54:06] Saving model to ../experiments/100M_bicleaner_v1.1_+_ced_0.25_x_bic1.1_x_dcce_w3000/model/model.npz
[2019-08-02 12:54:11] Saving Adam parameters to ../experiments/100M_bicleaner_v1.1_+_ced_0.25_x_bic1.1_x_dcce_w3000/model/model.npz.optimizer.npz
[2019-08-02 12:54:30] [valid] Ep. 7 : Up. 240000 : cross-entropy : 40.3243 : new best
[2019-08-02 12:54:37] [valid] Ep. 7 : Up. 240000 : perplexity : 4.92634 : new best
[2019-08-02 12:55:30] [valid] Ep. 7 : Up. 240000 : translation : 30.38 : new best
[2019-08-02 12:58:30] Seen 3505017 samples
[2019-08-02 12:58:30] Starting epoch 8
[2019-08-02 12:58:30] [data] Shuffling data
[2019-08-02 12:58:33] [data] Done reading 4277963 sentences
[2019-08-02 12:58:52] [data] Done shuffling 4277963 sentences to temp files
[2019-08-02 13:01:30] Ep. 8 : Up. 242000 : Sen. 95,559 : Cost 52.59440613 : Time 451.31s : 11054.85 words/s
[2019-08-02 13:07:04] Ep. 8 : Up. 244000 : Sen. 299,102 : Cost 51.98130035 : Time 334.51s : 14900.29 words/s
[2019-08-02 13:12:39] Ep. 8 : Up. 246000 : Sen. 502,744 : Cost 52.02377319 : Time 334.44s : 14898.28 words/s
[2019-08-02 13:18:13] Ep. 8 : Up. 248000 : Sen. 706,549 : Cost 51.98033524 : Time 334.51s : 14911.84 words/s
[2019-08-02 13:23:48] Ep. 8 : Up. 250000 : Sen. 910,307 : Cost 52.21812057 : Time 334.53s : 14925.81 words/s
[2019-08-02 13:29:21] Ep. 8 : Up. 252000 : Sen. 1,113,600 : Cost 52.32653809 : Time 333.67s : 14921.57 words/s
[2019-08-02 13:34:56] Ep. 8 : Up. 254000 : Sen. 1,317,793 : Cost 52.20102692 : Time 335.16s : 14912.70 words/s
[2019-08-02 13:40:31] Ep. 8 : Up. 256000 : Sen. 1,521,698 : Cost 52.08873367 : Time 334.47s : 14917.58 words/s
[2019-08-02 13:46:06] Ep. 8 : Up. 258000 : Sen. 1,724,953 : Cost 52.55633926 : Time 334.66s : 14894.34 words/s
[2019-08-02 13:51:39] Ep. 8 : Up. 260000 : Sen. 1,929,420 : Cost 52.27950668 : Time 333.25s : 14950.60 words/s
[2019-08-02 13:51:39] Saving model to ../experiments/100M_bicleaner_v1.1_+_ced_0.25_x_bic1.1_x_dcce_w3000/model/model.npz.orig.npz
[2019-08-02 13:51:44] Saving model to ../experiments/100M_bicleaner_v1.1_+_ced_0.25_x_bic1.1_x_dcce_w3000/model/model.iter260000.npz
[2019-08-02 13:51:46] Saving model to ../experiments/100M_bicleaner_v1.1_+_ced_0.25_x_bic1.1_x_dcce_w3000/model/model.npz
[2019-08-02 13:51:52] Saving Adam parameters to ../experiments/100M_bicleaner_v1.1_+_ced_0.25_x_bic1.1_x_dcce_w3000/model/model.npz.optimizer.npz
[2019-08-02 13:52:11] [valid] Ep. 8 : Up. 260000 : cross-entropy : 40.153 : new best
[2019-08-02 13:52:17] [valid] Ep. 8 : Up. 260000 : perplexity : 4.89309 : new best
[2019-08-02 13:53:11] [valid] Ep. 8 : Up. 260000 : translation : 30.38 : stalled 1 times (last best: 30.38)
[2019-08-02 13:58:48] Ep. 8 : Up. 262000 : Sen. 2,132,809 : Cost 52.54885101 : Time 429.25s : 11633.93 words/s
[2019-08-02 14:04:23] Ep. 8 : Up. 264000 : Sen. 2,336,516 : Cost 52.52167511 : Time 335.47s : 14908.20 words/s
[2019-08-02 14:09:58] Ep. 8 : Up. 266000 : Sen. 2,540,440 : Cost 52.43564606 : Time 334.12s : 14926.24 words/s
[2019-08-02 14:15:32] Ep. 8 : Up. 268000 : Sen. 2,743,229 : Cost 52.39133453 : Time 334.16s : 14859.83 words/s
[2019-08-02 14:21:06] Ep. 8 : Up. 270000 : Sen. 2,946,753 : Cost 52.33378220 : Time 334.07s : 14894.30 words/s
[2019-08-02 14:26:40] Ep. 8 : Up. 272000 : Sen. 3,149,735 : Cost 52.37253952 : Time 334.16s : 14874.69 words/s
[2019-08-02 14:32:13] Ep. 8 : Up. 274000 : Sen. 3,353,072 : Cost 52.14049149 : Time 333.15s : 14915.71 words/s
[2019-08-02 14:36:23] Seen 3505017 samples
[2019-08-02 14:36:23] Starting epoch 9
[2019-08-02 14:36:23] [data] Shuffling data
[2019-08-02 14:36:26] [data] Done reading 4277963 sentences
[2019-08-02 14:36:46] [data] Done shuffling 4277963 sentences to temp files
[2019-08-02 14:38:12] Ep. 9 : Up. 276000 : Sen. 51,434 : Cost 52.05087662 : Time 358.72s : 13867.54 words/s
[2019-08-02 14:43:45] Ep. 9 : Up. 278000 : Sen. 255,126 : Cost 50.91047287 : Time 333.53s : 14921.10 words/s
[2019-08-02 14:49:20] Ep. 9 : Up. 280000 : Sen. 458,677 : Cost 51.23064423 : Time 334.20s : 14877.87 words/s
[2019-08-02 14:49:20] Saving model to ../experiments/100M_bicleaner_v1.1_+_ced_0.25_x_bic1.1_x_dcce_w3000/model/model.npz.orig.npz
[2019-08-02 14:49:25] Saving model to ../experiments/100M_bicleaner_v1.1_+_ced_0.25_x_bic1.1_x_dcce_w3000/model/model.iter280000.npz
[2019-08-02 14:49:27] Saving model to ../experiments/100M_bicleaner_v1.1_+_ced_0.25_x_bic1.1_x_dcce_w3000/model/model.npz
[2019-08-02 14:49:33] Saving Adam parameters to ../experiments/100M_bicleaner_v1.1_+_ced_0.25_x_bic1.1_x_dcce_w3000/model/model.npz.optimizer.npz
[2019-08-02 14:49:53] [valid] Ep. 9 : Up. 280000 : cross-entropy : 39.8781 : new best
[2019-08-02 14:49:59] [valid] Ep. 9 : Up. 280000 : perplexity : 4.84018 : new best
[2019-08-02 14:50:53] [valid] Ep. 9 : Up. 280000 : translation : 30.7 : new best
[2019-08-02 14:56:31] Ep. 9 : Up. 282000 : Sen. 661,110 : Cost 51.21487427 : Time 431.29s : 11504.12 words/s
[2019-08-02 15:02:07] Ep. 9 : Up. 284000 : Sen. 863,834 : Cost 51.47233582 : Time 336.44s : 14761.48 words/s
[2019-08-02 15:07:44] Ep. 9 : Up. 286000 : Sen. 1,067,463 : Cost 51.35277557 : Time 337.12s : 14805.55 words/s
[2019-08-02 15:13:23] Ep. 9 : Up. 288000 : Sen. 1,271,655 : Cost 51.31763077 : Time 338.49s : 14755.51 words/s
[2019-08-02 15:19:02] Ep. 9 : Up. 290000 : Sen. 1,475,285 : Cost 51.84487534 : Time 339.02s : 14732.64 words/s
[2019-08-02 15:24:40] Ep. 9 : Up. 292000 : Sen. 1,679,038 : Cost 51.51955414 : Time 337.96s : 14711.73 words/s
[2019-08-02 15:30:20] Ep. 9 : Up. 294000 : Sen. 1,882,907 : Cost 51.94012833 : Time 339.59s : 14736.74 words/s
[2019-08-02 15:35:58] Ep. 9 : Up. 296000 : Sen. 2,086,691 : Cost 51.47056580 : Time 338.11s : 14731.67 words/s
[2019-08-02 15:41:35] Ep. 9 : Up. 298000 : Sen. 2,290,357 : Cost 51.81959152 : Time 337.76s : 14763.62 words/s
[2019-08-02 15:47:15] Ep. 9 : Up. 300000 : Sen. 2,494,030 : Cost 51.62050629 : Time 339.72s : 14682.67 words/s
[2019-08-02 15:47:15] Saving model to ../experiments/100M_bicleaner_v1.1_+_ced_0.25_x_bic1.1_x_dcce_w3000/model/model.npz.orig.npz
[2019-08-02 15:47:21] Saving model to ../experiments/100M_bicleaner_v1.1_+_ced_0.25_x_bic1.1_x_dcce_w3000/model/model.iter300000.npz
[2019-08-02 15:47:23] Saving model to ../experiments/100M_bicleaner_v1.1_+_ced_0.25_x_bic1.1_x_dcce_w3000/model/model.npz
[2019-08-02 15:47:29] Saving Adam parameters to ../experiments/100M_bicleaner_v1.1_+_ced_0.25_x_bic1.1_x_dcce_w3000/model/model.npz.optimizer.npz
[2019-08-02 15:47:49] [valid] Ep. 9 : Up. 300000 : cross-entropy : 39.7497 : new best
[2019-08-02 15:47:55] [valid] Ep. 9 : Up. 300000 : perplexity : 4.81567 : new best
[2019-08-02 15:48:50] [valid] Ep. 9 : Up. 300000 : translation : 30.63 : stalled 1 times (last best: 30.7)
[2019-08-02 15:54:30] Ep. 9 : Up. 302000 : Sen. 2,697,727 : Cost 51.71516037 : Time 434.46s : 11461.78 words/s
[2019-08-02 16:00:03] Ep. 9 : Up. 304000 : Sen. 2,900,077 : Cost 51.68693924 : Time 333.78s : 14887.35 words/s
[2019-08-02 16:05:35] Ep. 9 : Up. 306000 : Sen. 3,102,357 : Cost 51.68446732 : Time 331.68s : 14933.00 words/s
[2019-08-02 16:11:09] Ep. 9 : Up. 308000 : Sen. 3,305,709 : Cost 51.91514587 : Time 333.61s : 14931.17 words/s
[2019-08-02 16:16:34] Seen 3505017 samples
[2019-08-02 16:16:34] Starting epoch 10
[2019-08-02 16:16:34] [data] Shuffling data
[2019-08-02 16:16:37] [data] Done reading 4277963 sentences
[2019-08-02 16:16:57] [data] Done shuffling 4277963 sentences to temp files
[2019-08-02 16:17:05] Ep. 10 : Up. 310000 : Sen. 4,383 : Cost 51.59521103 : Time 356.36s : 13951.56 words/s
[2019-08-02 16:22:36] Ep. 10 : Up. 312000 : Sen. 207,308 : Cost 50.31407166 : Time 331.51s : 14986.45 words/s
[2019-08-02 16:28:09] Ep. 10 : Up. 314000 : Sen. 410,665 : Cost 50.46102524 : Time 332.15s : 14965.64 words/s
[2019-08-02 16:33:41] Ep. 10 : Up. 316000 : Sen. 613,167 : Cost 50.60390472 : Time 332.41s : 14932.31 words/s
[2019-08-02 16:39:15] Ep. 10 : Up. 318000 : Sen. 817,165 : Cost 50.73095322 : Time 334.32s : 14951.97 words/s
[2019-08-02 16:44:49] Ep. 10 : Up. 320000 : Sen. 1,021,107 : Cost 50.72240448 : Time 333.80s : 14921.54 words/s
[2019-08-02 16:44:49] Saving model to ../experiments/100M_bicleaner_v1.1_+_ced_0.25_x_bic1.1_x_dcce_w3000/model/model.npz.orig.npz
[2019-08-02 16:44:55] Saving model to ../experiments/100M_bicleaner_v1.1_+_ced_0.25_x_bic1.1_x_dcce_w3000/model/model.iter320000.npz
[2019-08-02 16:44:57] Saving model to ../experiments/100M_bicleaner_v1.1_+_ced_0.25_x_bic1.1_x_dcce_w3000/model/model.npz
[2019-08-02 16:45:02] Saving Adam parameters to ../experiments/100M_bicleaner_v1.1_+_ced_0.25_x_bic1.1_x_dcce_w3000/model/model.npz.optimizer.npz
[2019-08-02 16:45:22] [valid] Ep. 10 : Up. 320000 : cross-entropy : 39.603 : new best
[2019-08-02 16:45:28] [valid] Ep. 10 : Up. 320000 : perplexity : 4.78781 : new best
[2019-08-02 16:46:22] [valid] Ep. 10 : Up. 320000 : translation : 30.7 : stalled 2 times (last best: 30.7)
[2019-08-02 16:51:58] Ep. 10 : Up. 322000 : Sen. 1,224,511 : Cost 50.92506027 : Time 428.55s : 11657.12 words/s
[2019-08-02 16:57:31] Ep. 10 : Up. 324000 : Sen. 1,427,810 : Cost 51.07176208 : Time 333.30s : 14934.69 words/s
[2019-08-02 17:03:04] Ep. 10 : Up. 326000 : Sen. 1,632,078 : Cost 50.72171783 : Time 333.31s : 14994.85 words/s
[2019-08-02 17:08:38] Ep. 10 : Up. 328000 : Sen. 1,836,083 : Cost 51.06422043 : Time 333.23s : 14994.45 words/s
[2019-08-02 17:14:10] Ep. 10 : Up. 330000 : Sen. 2,040,495 : Cost 51.04954147 : Time 332.10s : 15044.61 words/s
[2019-08-02 17:19:42] Ep. 10 : Up. 332000 : Sen. 2,243,559 : Cost 51.33258057 : Time 332.39s : 14960.21 words/s
[2019-08-02 17:25:15] Ep. 10 : Up. 334000 : Sen. 2,446,962 : Cost 51.16070938 : Time 332.82s : 14979.22 words/s
[2019-08-02 17:30:48] Ep. 10 : Up. 336000 : Sen. 2,650,520 : Cost 51.14434814 : Time 333.09s : 14953.25 words/s
[2019-08-02 17:36:22] Ep. 10 : Up. 338000 : Sen. 2,854,502 : Cost 51.11133194 : Time 333.81s : 14955.43 words/s
[2019-08-02 17:41:54] Ep. 10 : Up. 340000 : Sen. 3,058,570 : Cost 51.01842499 : Time 332.68s : 14998.02 words/s
[2019-08-02 17:41:54] Saving model to ../experiments/100M_bicleaner_v1.1_+_ced_0.25_x_bic1.1_x_dcce_w3000/model/model.npz.orig.npz
[2019-08-02 17:42:00] Saving model to ../experiments/100M_bicleaner_v1.1_+_ced_0.25_x_bic1.1_x_dcce_w3000/model/model.iter340000.npz
[2019-08-02 17:42:02] Saving model to ../experiments/100M_bicleaner_v1.1_+_ced_0.25_x_bic1.1_x_dcce_w3000/model/model.npz
[2019-08-02 17:42:07] Saving Adam parameters to ../experiments/100M_bicleaner_v1.1_+_ced_0.25_x_bic1.1_x_dcce_w3000/model/model.npz.optimizer.npz
[2019-08-02 17:42:25] [valid] Ep. 10 : Up. 340000 : cross-entropy : 39.4232 : new best
[2019-08-02 17:42:32] [valid] Ep. 10 : Up. 340000 : perplexity : 4.75388 : new best
[2019-08-02 17:43:25] [valid] Ep. 10 : Up. 340000 : translation : 30.83 : new best
[2019-08-02 17:48:59] Ep. 10 : Up. 342000 : Sen. 3,262,138 : Cost 51.06149673 : Time 424.46s : 11713.64 words/s
[2019-08-02 17:54:32] Ep. 10 : Up. 344000 : Sen. 3,465,881 : Cost 51.37862396 : Time 333.15s : 14999.82 words/s
[2019-08-02 17:55:36] Seen 3505017 samples
[2019-08-02 17:55:36] Starting epoch 11
[2019-08-02 17:55:36] [data] Shuffling data
[2019-08-02 17:55:39] [data] Done reading 4277963 sentences
[2019-08-02 17:56:00] [data] Done shuffling 4277963 sentences to temp files
