[2019-07-24 08:59:14] [marian] Marian v1.7.8 ec2d66e 2019-05-27 14:52:11 +0100
[2019-07-24 08:59:14] [marian] Running on baldur as process 134432 with command line:
[2019-07-24 08:59:14] [marian] /fs/bil0/abdel/marian-dev/build/marian --sync-sgd --model ../experiments/10M_bicleaner_st_lm/model/model.npz -T . --devices 0 1 --train-sets ../experiments/10M_bicleaner_st_lm/data/train.bpe.de ../experiments/10M_bicleaner_st_lm/data/train.bpe.en --vocabs ../experiments/10M_bicleaner_st_lm/data/train.bpe.de.json ../experiments/10M_bicleaner_st_lm/data/train.bpe.en.json --mini-batch-fit -w 5000 --dim-vocabs 50000 50000 --layer-normalization --dropout-rnn 0.2 --dropout-src 0.1 --dropout-trg 0.1 --learn-rate 0.0001 --after-epochs 0 --early-stopping 5 --valid-freq 20000 --save-freq 20000 --disp-freq 2000 --valid-mini-batch 8 --valid-sets ../experiments/10M_bicleaner_st_lm/data/dev.bpe.de ../experiments/10M_bicleaner_st_lm/data/dev.bpe.en --valid-metrics cross-entropy perplexity translation --valid-translation-output ../experiments/10M_bicleaner_st_lm/model/dev.out --valid-script-path ../experiments/10M_bicleaner_st_lm/score-dev.sh --seed 1111 --exponential-smoothing --normalize=1 --beam-size=12 --quiet-translation --log ../experiments/10M_bicleaner_st_lm/model/train.log --valid-log ../experiments/10M_bicleaner_st_lm/model/valid.log
[2019-07-24 08:59:14] [config] after-batches: 0
[2019-07-24 08:59:14] [config] after-epochs: 0
[2019-07-24 08:59:14] [config] allow-unk: false
[2019-07-24 08:59:14] [config] beam-size: 12
[2019-07-24 08:59:14] [config] bert-class-symbol: "[CLS]"
[2019-07-24 08:59:14] [config] bert-mask-symbol: "[MASK]"
[2019-07-24 08:59:14] [config] bert-masking-fraction: 0.15
[2019-07-24 08:59:14] [config] bert-sep-symbol: "[SEP]"
[2019-07-24 08:59:14] [config] bert-train-type-embeddings: true
[2019-07-24 08:59:14] [config] bert-type-vocab-size: 2
[2019-07-24 08:59:14] [config] best-deep: false
[2019-07-24 08:59:14] [config] clip-gemm: 0
[2019-07-24 08:59:14] [config] clip-norm: 1
[2019-07-24 08:59:14] [config] cost-type: ce-mean
[2019-07-24 08:59:14] [config] cpu-threads: 0
[2019-07-24 08:59:14] [config] data-weighting: ""
[2019-07-24 08:59:14] [config] data-weighting-type: sentence
[2019-07-24 08:59:14] [config] dec-cell: gru
[2019-07-24 08:59:14] [config] dec-cell-base-depth: 2
[2019-07-24 08:59:14] [config] dec-cell-high-depth: 1
[2019-07-24 08:59:14] [config] dec-depth: 1
[2019-07-24 08:59:14] [config] devices:
[2019-07-24 08:59:14] [config]   - 0
[2019-07-24 08:59:14] [config]   - 1
[2019-07-24 08:59:14] [config] dim-emb: 512
[2019-07-24 08:59:14] [config] dim-rnn: 1024
[2019-07-24 08:59:14] [config] dim-vocabs:
[2019-07-24 08:59:14] [config]   - 50000
[2019-07-24 08:59:14] [config]   - 50000
[2019-07-24 08:59:14] [config] disp-first: 0
[2019-07-24 08:59:14] [config] disp-freq: 2000
[2019-07-24 08:59:14] [config] disp-label-counts: false
[2019-07-24 08:59:14] [config] dropout-rnn: 0.2
[2019-07-24 08:59:14] [config] dropout-src: 0.1
[2019-07-24 08:59:14] [config] dropout-trg: 0.1
[2019-07-24 08:59:14] [config] dump-config: ""
[2019-07-24 08:59:14] [config] early-stopping: 5
[2019-07-24 08:59:14] [config] embedding-fix-src: false
[2019-07-24 08:59:14] [config] embedding-fix-trg: false
[2019-07-24 08:59:14] [config] embedding-normalization: false
[2019-07-24 08:59:14] [config] embedding-vectors:
[2019-07-24 08:59:14] [config]   []
[2019-07-24 08:59:14] [config] enc-cell: gru
[2019-07-24 08:59:14] [config] enc-cell-depth: 1
[2019-07-24 08:59:14] [config] enc-depth: 1
[2019-07-24 08:59:14] [config] enc-type: bidirectional
[2019-07-24 08:59:14] [config] exponential-smoothing: 0.0001
[2019-07-24 08:59:14] [config] grad-dropping-momentum: 0
[2019-07-24 08:59:14] [config] grad-dropping-rate: 0
[2019-07-24 08:59:14] [config] grad-dropping-warmup: 100
[2019-07-24 08:59:14] [config] guided-alignment: none
[2019-07-24 08:59:14] [config] guided-alignment-cost: mse
[2019-07-24 08:59:14] [config] guided-alignment-weight: 0.1
[2019-07-24 08:59:14] [config] ignore-model-config: false
[2019-07-24 08:59:14] [config] input-types:
[2019-07-24 08:59:14] [config]   []
[2019-07-24 08:59:14] [config] interpolate-env-vars: false
[2019-07-24 08:59:14] [config] keep-best: false
[2019-07-24 08:59:14] [config] label-smoothing: 0
[2019-07-24 08:59:14] [config] layer-normalization: true
[2019-07-24 08:59:14] [config] learn-rate: 0.0001
[2019-07-24 08:59:14] [config] log: ../experiments/10M_bicleaner_st_lm/model/train.log
[2019-07-24 08:59:14] [config] log-level: info
[2019-07-24 08:59:14] [config] log-time-zone: ""
[2019-07-24 08:59:14] [config] lr-decay: 0
[2019-07-24 08:59:14] [config] lr-decay-freq: 50000
[2019-07-24 08:59:14] [config] lr-decay-inv-sqrt:
[2019-07-24 08:59:14] [config]   - 0
[2019-07-24 08:59:14] [config] lr-decay-repeat-warmup: false
[2019-07-24 08:59:14] [config] lr-decay-reset-optimizer: false
[2019-07-24 08:59:14] [config] lr-decay-start:
[2019-07-24 08:59:14] [config]   - 10
[2019-07-24 08:59:14] [config]   - 1
[2019-07-24 08:59:14] [config] lr-decay-strategy: epoch+stalled
[2019-07-24 08:59:14] [config] lr-report: false
[2019-07-24 08:59:14] [config] lr-warmup: 0
[2019-07-24 08:59:14] [config] lr-warmup-at-reload: false
[2019-07-24 08:59:14] [config] lr-warmup-cycle: false
[2019-07-24 08:59:14] [config] lr-warmup-start-rate: 0
[2019-07-24 08:59:14] [config] max-length: 50
[2019-07-24 08:59:14] [config] max-length-crop: false
[2019-07-24 08:59:14] [config] max-length-factor: 3
[2019-07-24 08:59:14] [config] maxi-batch: 100
[2019-07-24 08:59:14] [config] maxi-batch-sort: trg
[2019-07-24 08:59:14] [config] mini-batch: 64
[2019-07-24 08:59:14] [config] mini-batch-fit: true
[2019-07-24 08:59:14] [config] mini-batch-fit-step: 10
[2019-07-24 08:59:14] [config] mini-batch-overstuff: 1
[2019-07-24 08:59:14] [config] mini-batch-track-lr: false
[2019-07-24 08:59:14] [config] mini-batch-understuff: 1
[2019-07-24 08:59:14] [config] mini-batch-warmup: 0
[2019-07-24 08:59:14] [config] mini-batch-words: 0
[2019-07-24 08:59:14] [config] mini-batch-words-ref: 0
[2019-07-24 08:59:14] [config] model: ../experiments/10M_bicleaner_st_lm/model/model.npz
[2019-07-24 08:59:14] [config] multi-loss-type: sum
[2019-07-24 08:59:14] [config] multi-node: false
[2019-07-24 08:59:14] [config] multi-node-overlap: true
[2019-07-24 08:59:14] [config] n-best: false
[2019-07-24 08:59:14] [config] no-nccl: false
[2019-07-24 08:59:14] [config] no-reload: false
[2019-07-24 08:59:14] [config] no-restore-corpus: false
[2019-07-24 08:59:14] [config] no-shuffle: false
[2019-07-24 08:59:14] [config] normalize: 1
[2019-07-24 08:59:14] [config] num-devices: 0
[2019-07-24 08:59:14] [config] optimizer: adam
[2019-07-24 08:59:14] [config] optimizer-delay: 1
[2019-07-24 08:59:14] [config] optimizer-params:
[2019-07-24 08:59:14] [config]   []
[2019-07-24 08:59:14] [config] overwrite: false
[2019-07-24 08:59:14] [config] pretrained-model: ""
[2019-07-24 08:59:14] [config] quiet: false
[2019-07-24 08:59:14] [config] quiet-translation: true
[2019-07-24 08:59:14] [config] relative-paths: false
[2019-07-24 08:59:14] [config] right-left: false
[2019-07-24 08:59:14] [config] save-freq: 20000
[2019-07-24 08:59:14] [config] seed: 1111
[2019-07-24 08:59:14] [config] shuffle-in-ram: false
[2019-07-24 08:59:14] [config] skip: false
[2019-07-24 08:59:14] [config] sqlite: ""
[2019-07-24 08:59:14] [config] sqlite-drop: false
[2019-07-24 08:59:14] [config] sync-sgd: true
[2019-07-24 08:59:14] [config] tempdir: .
[2019-07-24 08:59:14] [config] tied-embeddings: false
[2019-07-24 08:59:14] [config] tied-embeddings-all: false
[2019-07-24 08:59:14] [config] tied-embeddings-src: false
[2019-07-24 08:59:14] [config] train-sets:
[2019-07-24 08:59:14] [config]   - ../experiments/10M_bicleaner_st_lm/data/train.bpe.de
[2019-07-24 08:59:14] [config]   - ../experiments/10M_bicleaner_st_lm/data/train.bpe.en
[2019-07-24 08:59:14] [config] transformer-aan-activation: swish
[2019-07-24 08:59:14] [config] transformer-aan-depth: 2
[2019-07-24 08:59:14] [config] transformer-aan-nogate: false
[2019-07-24 08:59:14] [config] transformer-decoder-autoreg: self-attention
[2019-07-24 08:59:14] [config] transformer-dim-aan: 2048
[2019-07-24 08:59:14] [config] transformer-dim-ffn: 2048
[2019-07-24 08:59:14] [config] transformer-dropout: 0
[2019-07-24 08:59:14] [config] transformer-dropout-attention: 0
[2019-07-24 08:59:14] [config] transformer-dropout-ffn: 0
[2019-07-24 08:59:14] [config] transformer-ffn-activation: swish
[2019-07-24 08:59:14] [config] transformer-ffn-depth: 2
[2019-07-24 08:59:14] [config] transformer-guided-alignment-layer: last
[2019-07-24 08:59:14] [config] transformer-heads: 8
[2019-07-24 08:59:14] [config] transformer-no-projection: false
[2019-07-24 08:59:14] [config] transformer-postprocess: dan
[2019-07-24 08:59:14] [config] transformer-postprocess-emb: d
[2019-07-24 08:59:14] [config] transformer-preprocess: ""
[2019-07-24 08:59:14] [config] transformer-tied-layers:
[2019-07-24 08:59:14] [config]   []
[2019-07-24 08:59:14] [config] transformer-train-position-embeddings: false
[2019-07-24 08:59:14] [config] type: amun
[2019-07-24 08:59:14] [config] ulr: false
[2019-07-24 08:59:14] [config] ulr-dim-emb: 0
[2019-07-24 08:59:14] [config] ulr-dropout: 0
[2019-07-24 08:59:14] [config] ulr-keys-vectors: ""
[2019-07-24 08:59:14] [config] ulr-query-vectors: ""
[2019-07-24 08:59:14] [config] ulr-softmax-temperature: 1
[2019-07-24 08:59:14] [config] ulr-trainable-transformation: false
[2019-07-24 08:59:14] [config] valid-freq: 20000
[2019-07-24 08:59:14] [config] valid-log: ../experiments/10M_bicleaner_st_lm/model/valid.log
[2019-07-24 08:59:14] [config] valid-max-length: 1000
[2019-07-24 08:59:14] [config] valid-metrics:
[2019-07-24 08:59:14] [config]   - cross-entropy
[2019-07-24 08:59:14] [config]   - perplexity
[2019-07-24 08:59:14] [config]   - translation
[2019-07-24 08:59:14] [config] valid-mini-batch: 8
[2019-07-24 08:59:14] [config] valid-script-path: ../experiments/10M_bicleaner_st_lm/score-dev.sh
[2019-07-24 08:59:14] [config] valid-sets:
[2019-07-24 08:59:14] [config]   - ../experiments/10M_bicleaner_st_lm/data/dev.bpe.de
[2019-07-24 08:59:14] [config]   - ../experiments/10M_bicleaner_st_lm/data/dev.bpe.en
[2019-07-24 08:59:14] [config] valid-translation-output: ../experiments/10M_bicleaner_st_lm/model/dev.out
[2019-07-24 08:59:14] [config] vocabs:
[2019-07-24 08:59:14] [config]   - ../experiments/10M_bicleaner_st_lm/data/train.bpe.de.json
[2019-07-24 08:59:14] [config]   - ../experiments/10M_bicleaner_st_lm/data/train.bpe.en.json
[2019-07-24 08:59:14] [config] word-penalty: 0
[2019-07-24 08:59:14] [config] workspace: 5000
[2019-07-24 08:59:14] [config] Model is being created with Marian v1.7.8 ec2d66e 2019-05-27 14:52:11 +0100
[2019-07-24 08:59:14] Using synchronous training
[2019-07-24 08:59:14] [data] Loading vocabulary from JSON/Yaml file ../experiments/10M_bicleaner_st_lm/data/train.bpe.de.json
[2019-07-24 08:59:14] [data] Using unused word id eos for 0
[2019-07-24 08:59:14] [data] Using unused word id UNK for 1
[2019-07-24 08:59:14] [data] Setting vocabulary size for input 0 to 50000
[2019-07-24 08:59:14] [data] Loading vocabulary from JSON/Yaml file ../experiments/10M_bicleaner_st_lm/data/train.bpe.en.json
[2019-07-24 08:59:14] [data] Using unused word id eos for 0
[2019-07-24 08:59:14] [data] Using unused word id UNK for 1
[2019-07-24 08:59:14] [data] Setting vocabulary size for input 1 to 50000
[2019-07-24 08:59:14] Compiled without MPI support. Falling back to FakeMPIWrapper
[2019-07-24 08:59:14] [batching] Collecting statistics for batch fitting with step size 10
[2019-07-24 08:59:15] [memory] Extending reserved space to 5120 MB (device gpu0)
[2019-07-24 08:59:16] [memory] Extending reserved space to 5120 MB (device gpu1)
[2019-07-24 08:59:16] [comm] Using NCCL 2.4.2 for GPU communication
[2019-07-24 08:59:16] [comm] NCCLCommunicator constructed successfully.
[2019-07-24 08:59:16] [training] Using 2 GPUs
[2019-07-24 08:59:16] [memory] Reserving 422 MB, device gpu0
[2019-07-24 08:59:16] [gpu] 16-bit TensorCores enabled for float32 matrix operations
[2019-07-24 08:59:16] [memory] Reserving 422 MB, device gpu0
[2019-07-24 08:59:30] [batching] Done. Typical MB size is 13760 target words
[2019-07-24 08:59:30] [memory] Extending reserved space to 5120 MB (device gpu0)
[2019-07-24 08:59:30] [memory] Extending reserved space to 5120 MB (device gpu1)
[2019-07-24 08:59:30] [comm] Using NCCL 2.4.2 for GPU communication
[2019-07-24 08:59:30] [comm] NCCLCommunicator constructed successfully.
[2019-07-24 08:59:30] [training] Using 2 GPUs
[2019-07-24 08:59:30] Training started
[2019-07-24 08:59:30] [data] Shuffling data
[2019-07-24 08:59:31] [data] Done reading 632833 sentences
[2019-07-24 08:59:33] [data] Done shuffling 632833 sentences to temp files
[2019-07-24 08:59:37] [training] Batches are processed as 1 process(es) x 2 devices/process
[2019-07-24 08:59:37] [memory] Reserving 422 MB, device gpu1
[2019-07-24 08:59:37] [memory] Reserving 422 MB, device gpu0
[2019-07-24 08:59:37] [memory] Reserving 422 MB, device gpu0
[2019-07-24 08:59:37] [memory] Reserving 422 MB, device gpu1
[2019-07-24 08:59:37] [memory] Reserving 211 MB, device gpu0
[2019-07-24 08:59:37] [memory] Reserving 211 MB, device gpu1
[2019-07-24 08:59:38] [memory] Reserving 422 MB, device gpu1
[2019-07-24 08:59:38] [memory] Reserving 422 MB, device gpu0
[2019-07-24 09:17:13] Seen 599177 samples
[2019-07-24 09:17:13] Starting epoch 2
[2019-07-24 09:17:13] [data] Shuffling data
[2019-07-24 09:17:13] [data] Done reading 632833 sentences
[2019-07-24 09:17:15] [data] Done shuffling 632833 sentences to temp files
[2019-07-24 09:23:36] Ep. 2 : Up. 2000 : Sen. 213,430 : Cost 103.54717255 : Time 1462.41s : 10912.84 words/s
[2019-07-24 09:35:03] Seen 599177 samples
[2019-07-24 09:35:03] Starting epoch 3
[2019-07-24 09:35:03] [data] Shuffling data
[2019-07-24 09:35:04] [data] Done reading 632833 sentences
[2019-07-24 09:35:06] [data] Done shuffling 632833 sentences to temp files
[2019-07-24 09:47:40] Ep. 3 : Up. 4000 : Sen. 426,202 : Cost 67.38543701 : Time 1443.45s : 11063.88 words/s
[2019-07-24 09:52:45] Seen 599177 samples
[2019-07-24 09:52:45] Starting epoch 4
[2019-07-24 09:52:45] [data] Shuffling data
[2019-07-24 09:52:46] [data] Done reading 632833 sentences
[2019-07-24 09:52:48] [data] Done shuffling 632833 sentences to temp files
[2019-07-24 10:10:33] Seen 599177 samples
[2019-07-24 10:10:33] Starting epoch 5
[2019-07-24 10:10:33] [data] Shuffling data
[2019-07-24 10:10:33] [data] Done reading 632833 sentences
[2019-07-24 10:10:35] [data] Done shuffling 632833 sentences to temp files
[2019-07-24 10:11:48] Ep. 5 : Up. 6000 : Sen. 41,676 : Cost 53.17083740 : Time 1448.01s : 11015.61 words/s
[2019-07-24 10:28:18] Seen 599177 samples
[2019-07-24 10:28:18] Starting epoch 6
[2019-07-24 10:28:18] [data] Shuffling data
[2019-07-24 10:28:18] [data] Done reading 632833 sentences
[2019-07-24 10:28:20] [data] Done shuffling 632833 sentences to temp files
[2019-07-24 10:35:56] Ep. 6 : Up. 8000 : Sen. 256,018 : Cost 46.15496063 : Time 1448.38s : 11039.21 words/s
[2019-07-24 10:46:00] Seen 599177 samples
[2019-07-24 10:46:00] Starting epoch 7
[2019-07-24 10:46:00] [data] Shuffling data
[2019-07-24 10:46:00] [data] Done reading 632833 sentences
[2019-07-24 10:46:02] [data] Done shuffling 632833 sentences to temp files
[2019-07-24 11:00:01] Ep. 7 : Up. 10000 : Sen. 470,324 : Cost 42.01993561 : Time 1444.50s : 11070.82 words/s
[2019-07-24 11:03:48] Seen 599177 samples
[2019-07-24 11:03:48] Starting epoch 8
[2019-07-24 11:03:48] [data] Shuffling data
[2019-07-24 11:03:48] [data] Done reading 632833 sentences
[2019-07-24 11:03:50] [data] Done shuffling 632833 sentences to temp files
[2019-07-24 11:21:26] Seen 599177 samples
[2019-07-24 11:21:26] Starting epoch 9
[2019-07-24 11:21:26] [data] Shuffling data
[2019-07-24 11:21:26] [data] Done reading 632833 sentences
[2019-07-24 11:21:28] [data] Done shuffling 632833 sentences to temp files
[2019-07-24 11:24:08] Ep. 9 : Up. 12000 : Sen. 89,948 : Cost 38.92686462 : Time 1447.09s : 11094.65 words/s
[2019-07-24 11:39:12] Seen 599177 samples
[2019-07-24 11:39:12] Starting epoch 10
[2019-07-24 11:39:12] [data] Shuffling data
[2019-07-24 11:39:12] [data] Done reading 632833 sentences
[2019-07-24 11:39:14] [data] Done shuffling 632833 sentences to temp files
[2019-07-24 11:48:10] Ep. 10 : Up. 14000 : Sen. 303,670 : Cost 36.58718872 : Time 1441.58s : 11083.54 words/s
[2019-07-24 11:56:47] Seen 599177 samples
[2019-07-24 11:56:47] Starting epoch 11
[2019-07-24 11:56:47] [data] Shuffling data
[2019-07-24 11:56:47] [data] Done reading 632833 sentences
[2019-07-24 11:56:49] [data] Done shuffling 632833 sentences to temp files
[2019-07-24 12:12:13] Ep. 11 : Up. 16000 : Sen. 519,974 : Cost 34.63831711 : Time 1443.74s : 11092.81 words/s
[2019-07-24 12:14:34] Seen 599177 samples
[2019-07-24 12:14:34] Starting epoch 12
[2019-07-24 12:14:34] [data] Shuffling data
[2019-07-24 12:14:34] [data] Done reading 632833 sentences
[2019-07-24 12:14:36] [data] Done shuffling 632833 sentences to temp files
[2019-07-24 12:32:14] Seen 599177 samples
[2019-07-24 12:32:14] Starting epoch 13
[2019-07-24 12:32:14] [data] Shuffling data
[2019-07-24 12:32:14] [data] Done reading 632833 sentences
[2019-07-24 12:32:16] [data] Done shuffling 632833 sentences to temp files
[2019-07-24 12:36:13] Ep. 13 : Up. 18000 : Sen. 133,420 : Cost 33.03944397 : Time 1439.84s : 11082.45 words/s
[2019-07-24 12:49:51] Seen 599177 samples
[2019-07-24 12:49:51] Starting epoch 14
[2019-07-24 12:49:51] [data] Shuffling data
[2019-07-24 12:49:51] [data] Done reading 632833 sentences
[2019-07-24 12:49:53] [data] Done shuffling 632833 sentences to temp files
[2019-07-24 13:00:07] Ep. 14 : Up. 20000 : Sen. 348,094 : Cost 31.74830055 : Time 1433.89s : 11144.70 words/s
[2019-07-24 13:00:07] Saving model to ../experiments/10M_bicleaner_st_lm/model/model.npz.orig.npz
[2019-07-24 13:00:16] Saving model to ../experiments/10M_bicleaner_st_lm/model/model.iter20000.npz
[2019-07-24 13:00:22] Saving model to ../experiments/10M_bicleaner_st_lm/model/model.npz
[2019-07-24 13:00:32] Saving Adam parameters to ../experiments/10M_bicleaner_st_lm/model/model.npz.optimizer.npz
[2019-07-24 13:00:54] [valid] Ep. 14 : Up. 20000 : cross-entropy : 67.4112 : new best
[2019-07-24 13:01:00] [valid] Ep. 14 : Up. 20000 : perplexity : 14.0495 : new best
[2019-07-24 13:01:53] [valid] Ep. 14 : Up. 20000 : translation : 23.1 : new best
[2019-07-24 13:09:21] Seen 599177 samples
[2019-07-24 13:09:21] Starting epoch 15
[2019-07-24 13:09:21] [data] Shuffling data
[2019-07-24 13:09:21] [data] Done reading 632833 sentences
[2019-07-24 13:09:23] [data] Done shuffling 632833 sentences to temp files
[2019-07-24 13:25:54] Ep. 15 : Up. 22000 : Sen. 562,588 : Cost 30.57079315 : Time 1547.11s : 10321.09 words/s
[2019-07-24 13:27:00] Seen 599177 samples
[2019-07-24 13:27:00] Starting epoch 16
[2019-07-24 13:27:00] [data] Shuffling data
[2019-07-24 13:27:00] [data] Done reading 632833 sentences
[2019-07-24 13:27:02] [data] Done shuffling 632833 sentences to temp files
[2019-07-24 13:44:48] Seen 599177 samples
[2019-07-24 13:44:48] Starting epoch 17
[2019-07-24 13:44:48] [data] Shuffling data
[2019-07-24 13:44:49] [data] Done reading 632833 sentences
[2019-07-24 13:44:51] [data] Done shuffling 632833 sentences to temp files
[2019-07-24 13:50:02] Ep. 17 : Up. 24000 : Sen. 176,342 : Cost 29.42351341 : Time 1447.94s : 11014.93 words/s
[2019-07-24 14:02:29] Seen 599177 samples
[2019-07-24 14:02:29] Starting epoch 18
[2019-07-24 14:02:29] [data] Shuffling data
[2019-07-24 14:02:30] [data] Done reading 632833 sentences
[2019-07-24 14:02:32] [data] Done shuffling 632833 sentences to temp files
[2019-07-24 14:14:08] Ep. 18 : Up. 26000 : Sen. 388,332 : Cost 28.52466393 : Time 1445.67s : 11033.45 words/s
[2019-07-24 14:20:19] Seen 599177 samples
[2019-07-24 14:20:19] Starting epoch 19
[2019-07-24 14:20:19] [data] Shuffling data
[2019-07-24 14:20:19] [data] Done reading 632833 sentences
[2019-07-24 14:20:21] [data] Done shuffling 632833 sentences to temp files
[2019-07-24 14:38:04] Seen 599177 samples
[2019-07-24 14:38:04] Starting epoch 20
[2019-07-24 14:38:04] [data] Shuffling data
[2019-07-24 14:38:05] [data] Done reading 632833 sentences
[2019-07-24 14:38:07] [data] Done shuffling 632833 sentences to temp files
[2019-07-24 14:38:12] Ep. 20 : Up. 28000 : Sen. 1,880 : Cost 27.62301445 : Time 1444.69s : 11036.85 words/s
[2019-07-24 14:55:49] Seen 599177 samples
[2019-07-24 14:55:49] Starting epoch 21
[2019-07-24 14:55:49] [data] Shuffling data
[2019-07-24 14:55:49] [data] Done reading 632833 sentences
[2019-07-24 14:55:51] [data] Done shuffling 632833 sentences to temp files
[2019-07-24 15:02:16] Ep. 21 : Up. 30000 : Sen. 215,746 : Cost 26.58469772 : Time 1443.42s : 11059.37 words/s
[2019-07-24 15:13:40] Seen 599177 samples
[2019-07-24 15:13:40] Starting epoch 22
[2019-07-24 15:13:40] [data] Shuffling data
[2019-07-24 15:13:41] [data] Done reading 632833 sentences
[2019-07-24 15:13:42] [data] Done shuffling 632833 sentences to temp files
[2019-07-24 15:26:27] Ep. 22 : Up. 32000 : Sen. 433,192 : Cost 26.13549042 : Time 1451.19s : 11061.17 words/s
[2019-07-24 15:31:21] Seen 599177 samples
[2019-07-24 15:31:21] Starting epoch 23
[2019-07-24 15:31:21] [data] Shuffling data
[2019-07-24 15:31:22] [data] Done reading 632833 sentences
[2019-07-24 15:31:24] [data] Done shuffling 632833 sentences to temp files
[2019-07-24 15:49:08] Seen 599177 samples
[2019-07-24 15:49:08] Starting epoch 24
[2019-07-24 15:49:08] [data] Shuffling data
[2019-07-24 15:49:09] [data] Done reading 632833 sentences
[2019-07-24 15:49:11] [data] Done shuffling 632833 sentences to temp files
[2019-07-24 15:50:38] Ep. 24 : Up. 34000 : Sen. 49,152 : Cost 25.59367561 : Time 1451.34s : 11014.88 words/s
[2019-07-24 16:06:52] Seen 599177 samples
[2019-07-24 16:06:52] Starting epoch 25
[2019-07-24 16:06:52] [data] Shuffling data
[2019-07-24 16:06:52] [data] Done reading 632833 sentences
[2019-07-24 16:06:54] [data] Done shuffling 632833 sentences to temp files
[2019-07-24 16:14:38] Ep. 25 : Up. 36000 : Sen. 262,052 : Cost 24.79327011 : Time 1439.73s : 11079.78 words/s
[2019-07-24 16:24:30] Seen 599177 samples
[2019-07-24 16:24:30] Starting epoch 26
[2019-07-24 16:24:30] [data] Shuffling data
[2019-07-24 16:24:31] [data] Done reading 632833 sentences
[2019-07-24 16:24:33] [data] Done shuffling 632833 sentences to temp files
[2019-07-24 16:38:43] Ep. 26 : Up. 38000 : Sen. 477,966 : Cost 24.32424164 : Time 1444.71s : 11081.04 words/s
[2019-07-24 16:42:17] Seen 599177 samples
[2019-07-24 16:42:17] Starting epoch 27
[2019-07-24 16:42:17] [data] Shuffling data
[2019-07-24 16:42:17] [data] Done reading 632833 sentences
[2019-07-24 16:42:19] [data] Done shuffling 632833 sentences to temp files
[2019-07-24 16:59:58] Seen 599177 samples
[2019-07-24 16:59:58] Starting epoch 28
[2019-07-24 16:59:58] [data] Shuffling data
[2019-07-24 16:59:58] [data] Done reading 632833 sentences
[2019-07-24 17:00:00] [data] Done shuffling 632833 sentences to temp files
[2019-07-24 17:02:52] Ep. 28 : Up. 40000 : Sen. 96,000 : Cost 23.75129318 : Time 1449.67s : 11060.71 words/s
[2019-07-24 17:02:52] Saving model to ../experiments/10M_bicleaner_st_lm/model/model.npz.orig.npz
[2019-07-24 17:03:01] Saving model to ../experiments/10M_bicleaner_st_lm/model/model.iter40000.npz
[2019-07-24 17:03:08] Saving model to ../experiments/10M_bicleaner_st_lm/model/model.npz
[2019-07-24 17:03:18] Saving Adam parameters to ../experiments/10M_bicleaner_st_lm/model/model.npz.optimizer.npz
[2019-07-24 17:03:45] [valid] Ep. 28 : Up. 40000 : cross-entropy : 63.3714 : new best
[2019-07-24 17:03:50] [valid] Ep. 28 : Up. 40000 : perplexity : 11.9919 : new best
[2019-07-24 17:04:44] [valid] Ep. 28 : Up. 40000 : translation : 24.3 : new best
[2019-07-24 17:19:37] Seen 599177 samples
[2019-07-24 17:19:37] Starting epoch 29
[2019-07-24 17:19:37] [data] Shuffling data
[2019-07-24 17:19:37] [data] Done reading 632833 sentences
[2019-07-24 17:19:39] [data] Done shuffling 632833 sentences to temp files
[2019-07-24 17:28:54] Ep. 29 : Up. 42000 : Sen. 310,544 : Cost 23.07686806 : Time 1561.34s : 10240.24 words/s
[2019-07-24 17:37:24] Seen 599177 samples
[2019-07-24 17:37:24] Starting epoch 30
[2019-07-24 17:37:24] [data] Shuffling data
[2019-07-24 17:37:25] [data] Done reading 632833 sentences
[2019-07-24 17:37:27] [data] Done shuffling 632833 sentences to temp files
[2019-07-24 17:52:58] Ep. 30 : Up. 44000 : Sen. 524,800 : Cost 22.69510841 : Time 1444.71s : 11056.88 words/s
[2019-07-24 17:55:11] Seen 599177 samples
[2019-07-24 17:55:11] Starting epoch 31
[2019-07-24 17:55:11] [data] Shuffling data
[2019-07-24 17:55:11] [data] Done reading 632833 sentences
[2019-07-24 17:55:13] [data] Done shuffling 632833 sentences to temp files
[2019-07-24 18:12:54] Seen 599177 samples
[2019-07-24 18:12:54] Starting epoch 32
[2019-07-24 18:12:54] [data] Shuffling data
[2019-07-24 18:12:55] [data] Done reading 632833 sentences
[2019-07-24 18:12:57] [data] Done shuffling 632833 sentences to temp files
[2019-07-24 18:17:10] Ep. 32 : Up. 46000 : Sen. 142,654 : Cost 22.27470779 : Time 1451.89s : 11042.11 words/s
[2019-07-24 18:30:43] Seen 599177 samples
[2019-07-24 18:30:43] Starting epoch 33
[2019-07-24 18:30:43] [data] Shuffling data
[2019-07-24 18:30:44] [data] Done reading 632833 sentences
[2019-07-24 18:30:46] [data] Done shuffling 632833 sentences to temp files
[2019-07-24 18:41:14] Ep. 33 : Up. 48000 : Sen. 356,366 : Cost 21.82616234 : Time 1443.31s : 11060.15 words/s
[2019-07-24 18:48:26] Seen 599177 samples
[2019-07-24 18:48:26] Starting epoch 34
[2019-07-24 18:48:26] [data] Shuffling data
[2019-07-24 18:48:26] [data] Done reading 632833 sentences
[2019-07-24 18:48:28] [data] Done shuffling 632833 sentences to temp files
[2019-07-24 19:05:22] Ep. 34 : Up. 50000 : Sen. 570,996 : Cost 21.57174683 : Time 1447.93s : 11035.93 words/s
[2019-07-24 19:06:12] Seen 599177 samples
[2019-07-24 19:06:12] Starting epoch 35
[2019-07-24 19:06:12] [data] Shuffling data
[2019-07-24 19:06:13] [data] Done reading 632833 sentences
[2019-07-24 19:06:15] [data] Done shuffling 632833 sentences to temp files
[2019-07-24 19:24:00] Seen 599177 samples
[2019-07-24 19:24:00] Starting epoch 36
[2019-07-24 19:24:00] [data] Shuffling data
[2019-07-24 19:24:00] [data] Done reading 632833 sentences
[2019-07-24 19:24:02] [data] Done shuffling 632833 sentences to temp files
[2019-07-24 19:29:35] Ep. 36 : Up. 52000 : Sen. 188,206 : Cost 20.95313835 : Time 1453.61s : 11026.99 words/s
[2019-07-24 19:41:40] Seen 599177 samples
[2019-07-24 19:41:40] Starting epoch 37
[2019-07-24 19:41:40] [data] Shuffling data
[2019-07-24 19:41:41] [data] Done reading 632833 sentences
[2019-07-24 19:41:43] [data] Done shuffling 632833 sentences to temp files
[2019-07-24 19:53:39] Ep. 37 : Up. 54000 : Sen. 401,948 : Cost 20.66313171 : Time 1443.43s : 11064.62 words/s
[2019-07-24 19:59:25] Seen 599177 samples
[2019-07-24 19:59:25] Starting epoch 38
[2019-07-24 19:59:25] [data] Shuffling data
[2019-07-24 19:59:26] [data] Done reading 632833 sentences
[2019-07-24 19:59:28] [data] Done shuffling 632833 sentences to temp files
[2019-07-24 20:17:09] Seen 599177 samples
[2019-07-24 20:17:09] Starting epoch 39
[2019-07-24 20:17:09] [data] Shuffling data
[2019-07-24 20:17:09] [data] Done reading 632833 sentences
[2019-07-24 20:17:11] [data] Done shuffling 632833 sentences to temp files
[2019-07-24 20:17:46] Ep. 39 : Up. 56000 : Sen. 18,834 : Cost 20.23034477 : Time 1447.63s : 11061.21 words/s
[2019-07-24 20:34:48] Seen 599177 samples
[2019-07-24 20:34:48] Starting epoch 40
[2019-07-24 20:34:48] [data] Shuffling data
[2019-07-24 20:34:48] [data] Done reading 632833 sentences
[2019-07-24 20:34:50] [data] Done shuffling 632833 sentences to temp files
[2019-07-24 20:41:46] Ep. 40 : Up. 58000 : Sen. 232,076 : Cost 19.99234962 : Time 1439.29s : 11088.94 words/s
[2019-07-24 20:52:32] Seen 599177 samples
[2019-07-24 20:52:32] Starting epoch 41
[2019-07-24 20:52:32] [data] Shuffling data
[2019-07-24 20:52:33] [data] Done reading 632833 sentences
[2019-07-24 20:52:35] [data] Done shuffling 632833 sentences to temp files
[2019-07-24 21:05:51] Ep. 41 : Up. 60000 : Sen. 450,620 : Cost 19.73316956 : Time 1445.54s : 11108.04 words/s
[2019-07-24 21:05:51] Saving model to ../experiments/10M_bicleaner_st_lm/model/model.npz.orig.npz
[2019-07-24 21:06:00] Saving model to ../experiments/10M_bicleaner_st_lm/model/model.iter60000.npz
[2019-07-24 21:06:07] Saving model to ../experiments/10M_bicleaner_st_lm/model/model.npz
[2019-07-24 21:06:16] Saving Adam parameters to ../experiments/10M_bicleaner_st_lm/model/model.npz.optimizer.npz
[2019-07-24 21:06:39] [valid] Ep. 41 : Up. 60000 : cross-entropy : 64.289 : stalled 1 times (last best: 63.3714)
[2019-07-24 21:06:44] [valid] Ep. 41 : Up. 60000 : perplexity : 12.4311 : stalled 1 times (last best: 11.9919)
[2019-07-24 21:07:38] [valid] Ep. 41 : Up. 60000 : translation : 24.42 : new best
[2019-07-24 21:12:08] Seen 599177 samples
[2019-07-24 21:12:08] Starting epoch 42
[2019-07-24 21:12:08] [data] Shuffling data
[2019-07-24 21:12:08] [data] Done reading 632833 sentences
[2019-07-24 21:12:10] [data] Done shuffling 632833 sentences to temp files
[2019-07-24 21:29:48] Seen 599177 samples
[2019-07-24 21:29:48] Starting epoch 43
[2019-07-24 21:29:48] [data] Shuffling data
[2019-07-24 21:29:48] [data] Done reading 632833 sentences
[2019-07-24 21:29:50] [data] Done shuffling 632833 sentences to temp files
[2019-07-24 21:31:53] Ep. 43 : Up. 62000 : Sen. 68,152 : Cost 19.33232307 : Time 1561.89s : 10264.84 words/s
[2019-07-24 21:47:31] Seen 599177 samples
[2019-07-24 21:47:31] Starting epoch 44
[2019-07-24 21:47:31] [data] Shuffling data
[2019-07-24 21:47:31] [data] Done reading 632833 sentences
[2019-07-24 21:47:33] [data] Done shuffling 632833 sentences to temp files
[2019-07-24 21:55:59] Ep. 44 : Up. 64000 : Sen. 285,976 : Cost 19.06554794 : Time 1446.21s : 11091.37 words/s
[2019-07-24 22:05:17] Seen 599177 samples
[2019-07-24 22:05:17] Starting epoch 45
[2019-07-24 22:05:17] [data] Shuffling data
[2019-07-24 22:05:17] [data] Done reading 632833 sentences
[2019-07-24 22:05:19] [data] Done shuffling 632833 sentences to temp files
[2019-07-24 22:20:05] Ep. 45 : Up. 66000 : Sen. 502,280 : Cost 18.77817345 : Time 1445.55s : 11085.12 words/s
[2019-07-24 22:22:58] Seen 599177 samples
[2019-07-24 22:22:58] Starting epoch 46
[2019-07-24 22:22:58] [data] Shuffling data
[2019-07-24 22:22:58] [data] Done reading 632833 sentences
[2019-07-24 22:23:00] [data] Done shuffling 632833 sentences to temp files
[2019-07-24 22:40:44] Seen 599177 samples
[2019-07-24 22:40:44] Starting epoch 47
[2019-07-24 22:40:44] [data] Shuffling data
[2019-07-24 22:40:44] [data] Done reading 632833 sentences
[2019-07-24 22:40:46] [data] Done shuffling 632833 sentences to temp files
[2019-07-24 22:44:16] Ep. 47 : Up. 68000 : Sen. 117,628 : Cost 18.52884865 : Time 1451.21s : 11020.58 words/s
[2019-07-24 22:58:32] Seen 599177 samples
[2019-07-24 22:58:32] Starting epoch 48
[2019-07-24 22:58:32] [data] Shuffling data
[2019-07-24 22:58:32] [data] Done reading 632833 sentences
[2019-07-24 22:58:34] [data] Done shuffling 632833 sentences to temp files
[2019-07-24 23:08:22] Ep. 48 : Up. 70000 : Sen. 333,628 : Cost 18.23802376 : Time 1445.59s : 11064.32 words/s
[2019-07-24 23:16:11] Seen 599177 samples
[2019-07-24 23:16:11] Starting epoch 49
[2019-07-24 23:16:11] [data] Shuffling data
[2019-07-24 23:16:11] [data] Done reading 632833 sentences
[2019-07-24 23:16:13] [data] Done shuffling 632833 sentences to temp files
[2019-07-24 23:20:23] [marian] Marian v1.7.8 ec2d66e 2019-05-27 14:52:11 +0100
[2019-07-24 23:20:23] [marian] Running on fulla as process 314531 with command line:
[2019-07-24 23:20:23] [marian] /fs/bil0/abdel/marian-dev/build/marian --sync-sgd --model ../experiments/10M_bicleaner_st_lm/model/model.npz -T . --devices 4 5 --train-sets ../experiments/10M_bicleaner_st_lm/data/train.bpe.de ../experiments/10M_bicleaner_st_lm/data/train.bpe.en --vocabs ../experiments/10M_bicleaner_st_lm/data/train.bpe.de.json ../experiments/10M_bicleaner_st_lm/data/train.bpe.en.json --mini-batch-fit -w 5000 --dim-vocabs 50000 50000 --layer-normalization --dropout-rnn 0.2 --dropout-src 0.1 --dropout-trg 0.1 --learn-rate 0.0001 --after-epochs 0 --early-stopping 5 --valid-freq 20000 --save-freq 20000 --disp-freq 2000 --valid-mini-batch 8 --valid-sets ../experiments/10M_bicleaner_st_lm/data/dev.bpe.de ../experiments/10M_bicleaner_st_lm/data/dev.bpe.en --valid-metrics cross-entropy perplexity translation --valid-translation-output ../experiments/10M_bicleaner_st_lm/model/dev.out --valid-script-path ../experiments/10M_bicleaner_st_lm/score-dev.sh --seed 1111 --exponential-smoothing --normalize=1 --beam-size=12 --quiet-translation --log ../experiments/10M_bicleaner_st_lm/model/train.log --valid-log ../experiments/10M_bicleaner_st_lm/model/valid.log
[2019-07-24 23:20:23] [config] after-batches: 0
[2019-07-24 23:20:23] [config] after-epochs: 0
[2019-07-24 23:20:23] [config] allow-unk: false
[2019-07-24 23:20:23] [config] beam-size: 12
[2019-07-24 23:20:23] [config] bert-class-symbol: "[CLS]"
[2019-07-24 23:20:23] [config] bert-mask-symbol: "[MASK]"
[2019-07-24 23:20:23] [config] bert-masking-fraction: 0.15
[2019-07-24 23:20:23] [config] bert-sep-symbol: "[SEP]"
[2019-07-24 23:20:23] [config] bert-train-type-embeddings: true
[2019-07-24 23:20:23] [config] bert-type-vocab-size: 2
[2019-07-24 23:20:23] [config] best-deep: false
[2019-07-24 23:20:23] [config] clip-gemm: 0
[2019-07-24 23:20:23] [config] clip-norm: 1
[2019-07-24 23:20:23] [config] cost-type: ce-mean
[2019-07-24 23:20:23] [config] cpu-threads: 0
[2019-07-24 23:20:23] [config] data-weighting: ""
[2019-07-24 23:20:23] [config] data-weighting-type: sentence
[2019-07-24 23:20:23] [config] dec-cell: gru
[2019-07-24 23:20:23] [config] dec-cell-base-depth: 2
[2019-07-24 23:20:23] [config] dec-cell-high-depth: 1
[2019-07-24 23:20:23] [config] dec-depth: 1
[2019-07-24 23:20:23] [config] devices:
[2019-07-24 23:20:23] [config]   - 4
[2019-07-24 23:20:23] [config]   - 5
[2019-07-24 23:20:23] [config] dim-emb: 512
[2019-07-24 23:20:23] [config] dim-rnn: 1024
[2019-07-24 23:20:23] [config] dim-vocabs:
[2019-07-24 23:20:23] [config]   - 50000
[2019-07-24 23:20:23] [config]   - 50000
[2019-07-24 23:20:23] [config] disp-first: 0
[2019-07-24 23:20:23] [config] disp-freq: 2000
[2019-07-24 23:20:23] [config] disp-label-counts: false
[2019-07-24 23:20:23] [config] dropout-rnn: 0.2
[2019-07-24 23:20:23] [config] dropout-src: 0.1
[2019-07-24 23:20:23] [config] dropout-trg: 0.1
[2019-07-24 23:20:23] [config] dump-config: ""
[2019-07-24 23:20:23] [config] early-stopping: 5
[2019-07-24 23:20:23] [config] embedding-fix-src: false
[2019-07-24 23:20:23] [config] embedding-fix-trg: false
[2019-07-24 23:20:23] [config] embedding-normalization: false
[2019-07-24 23:20:23] [config] embedding-vectors:
[2019-07-24 23:20:23] [config]   []
[2019-07-24 23:20:23] [config] enc-cell: gru
[2019-07-24 23:20:23] [config] enc-cell-depth: 1
[2019-07-24 23:20:23] [config] enc-depth: 1
[2019-07-24 23:20:23] [config] enc-type: bidirectional
[2019-07-24 23:20:23] [config] exponential-smoothing: 0.0001
[2019-07-24 23:20:23] [config] grad-dropping-momentum: 0
[2019-07-24 23:20:23] [config] grad-dropping-rate: 0
[2019-07-24 23:20:23] [config] grad-dropping-warmup: 100
[2019-07-24 23:20:23] [config] guided-alignment: none
[2019-07-24 23:20:23] [config] guided-alignment-cost: mse
[2019-07-24 23:20:23] [config] guided-alignment-weight: 0.1
[2019-07-24 23:20:23] [config] ignore-model-config: false
[2019-07-24 23:20:23] [config] input-types:
[2019-07-24 23:20:23] [config]   []
[2019-07-24 23:20:23] [config] interpolate-env-vars: false
[2019-07-24 23:20:23] [config] keep-best: false
[2019-07-24 23:20:23] [config] label-smoothing: 0
[2019-07-24 23:20:23] [config] layer-normalization: true
[2019-07-24 23:20:23] [config] learn-rate: 0.0001
[2019-07-24 23:20:23] [config] log: ../experiments/10M_bicleaner_st_lm/model/train.log
[2019-07-24 23:20:23] [config] log-level: info
[2019-07-24 23:20:23] [config] log-time-zone: ""
[2019-07-24 23:20:23] [config] lr-decay: 0
[2019-07-24 23:20:23] [config] lr-decay-freq: 50000
[2019-07-24 23:20:23] [config] lr-decay-inv-sqrt:
[2019-07-24 23:20:23] [config]   - 0
[2019-07-24 23:20:23] [config] lr-decay-repeat-warmup: false
[2019-07-24 23:20:23] [config] lr-decay-reset-optimizer: false
[2019-07-24 23:20:23] [config] lr-decay-start:
[2019-07-24 23:20:23] [config]   - 10
[2019-07-24 23:20:23] [config]   - 1
[2019-07-24 23:20:23] [config] lr-decay-strategy: epoch+stalled
[2019-07-24 23:20:23] [config] lr-report: false
[2019-07-24 23:20:23] [config] lr-warmup: 0
[2019-07-24 23:20:23] [config] lr-warmup-at-reload: false
[2019-07-24 23:20:23] [config] lr-warmup-cycle: false
[2019-07-24 23:20:23] [config] lr-warmup-start-rate: 0
[2019-07-24 23:20:23] [config] max-length: 50
[2019-07-24 23:20:23] [config] max-length-crop: false
[2019-07-24 23:20:23] [config] max-length-factor: 3
[2019-07-24 23:20:23] [config] maxi-batch: 100
[2019-07-24 23:20:23] [config] maxi-batch-sort: trg
[2019-07-24 23:20:23] [config] mini-batch: 64
[2019-07-24 23:20:23] [config] mini-batch-fit: true
[2019-07-24 23:20:23] [config] mini-batch-fit-step: 10
[2019-07-24 23:20:23] [config] mini-batch-overstuff: 1
[2019-07-24 23:20:23] [config] mini-batch-track-lr: false
[2019-07-24 23:20:23] [config] mini-batch-understuff: 1
[2019-07-24 23:20:23] [config] mini-batch-warmup: 0
[2019-07-24 23:20:23] [config] mini-batch-words: 0
[2019-07-24 23:20:23] [config] mini-batch-words-ref: 0
[2019-07-24 23:20:23] [config] model: ../experiments/10M_bicleaner_st_lm/model/model.npz
[2019-07-24 23:20:23] [config] multi-loss-type: sum
[2019-07-24 23:20:23] [config] multi-node: false
[2019-07-24 23:20:23] [config] multi-node-overlap: true
[2019-07-24 23:20:23] [config] n-best: false
[2019-07-24 23:20:23] [config] no-nccl: false
[2019-07-24 23:20:23] [config] no-reload: false
[2019-07-24 23:20:23] [config] no-restore-corpus: false
[2019-07-24 23:20:23] [config] no-shuffle: false
[2019-07-24 23:20:23] [config] normalize: 1
[2019-07-24 23:20:23] [config] num-devices: 0
[2019-07-24 23:20:23] [config] optimizer: adam
[2019-07-24 23:20:23] [config] optimizer-delay: 1
[2019-07-24 23:20:23] [config] optimizer-params:
[2019-07-24 23:20:23] [config]   []
[2019-07-24 23:20:23] [config] overwrite: false
[2019-07-24 23:20:23] [config] pretrained-model: ""
[2019-07-24 23:20:23] [config] quiet: false
[2019-07-24 23:20:23] [config] quiet-translation: true
[2019-07-24 23:20:23] [config] relative-paths: false
[2019-07-24 23:20:23] [config] right-left: false
[2019-07-24 23:20:23] [config] save-freq: 20000
[2019-07-24 23:20:23] [config] seed: 1111
[2019-07-24 23:20:23] [config] shuffle-in-ram: false
[2019-07-24 23:20:23] [config] skip: false
[2019-07-24 23:20:23] [config] sqlite: ""
[2019-07-24 23:20:23] [config] sqlite-drop: false
[2019-07-24 23:20:23] [config] sync-sgd: true
[2019-07-24 23:20:23] [config] tempdir: .
[2019-07-24 23:20:23] [config] tied-embeddings: false
[2019-07-24 23:20:23] [config] tied-embeddings-all: false
[2019-07-24 23:20:23] [config] tied-embeddings-src: false
[2019-07-24 23:20:23] [config] train-sets:
[2019-07-24 23:20:23] [config]   - ../experiments/10M_bicleaner_st_lm/data/train.bpe.de
[2019-07-24 23:20:23] [config]   - ../experiments/10M_bicleaner_st_lm/data/train.bpe.en
[2019-07-24 23:20:23] [config] transformer-aan-activation: swish
[2019-07-24 23:20:23] [config] transformer-aan-depth: 2
[2019-07-24 23:20:23] [config] transformer-aan-nogate: false
[2019-07-24 23:20:23] [config] transformer-decoder-autoreg: self-attention
[2019-07-24 23:20:23] [config] transformer-dim-aan: 2048
[2019-07-24 23:20:23] [config] transformer-dim-ffn: 2048
[2019-07-24 23:20:23] [config] transformer-dropout: 0
[2019-07-24 23:20:23] [config] transformer-dropout-attention: 0
[2019-07-24 23:20:23] [config] transformer-dropout-ffn: 0
[2019-07-24 23:20:23] [config] transformer-ffn-activation: swish
[2019-07-24 23:20:23] [config] transformer-ffn-depth: 2
[2019-07-24 23:20:23] [config] transformer-guided-alignment-layer: last
[2019-07-24 23:20:23] [config] transformer-heads: 8
[2019-07-24 23:20:23] [config] transformer-no-projection: false
[2019-07-24 23:20:23] [config] transformer-postprocess: dan
[2019-07-24 23:20:23] [config] transformer-postprocess-emb: d
[2019-07-24 23:20:23] [config] transformer-preprocess: ""
[2019-07-24 23:20:23] [config] transformer-tied-layers:
[2019-07-24 23:20:23] [config]   []
[2019-07-24 23:20:23] [config] transformer-train-position-embeddings: false
[2019-07-24 23:20:23] [config] type: amun
[2019-07-24 23:20:23] [config] ulr: false
[2019-07-24 23:20:23] [config] ulr-dim-emb: 0
[2019-07-24 23:20:23] [config] ulr-dropout: 0
[2019-07-24 23:20:23] [config] ulr-keys-vectors: ""
[2019-07-24 23:20:23] [config] ulr-query-vectors: ""
[2019-07-24 23:20:23] [config] ulr-softmax-temperature: 1
[2019-07-24 23:20:23] [config] ulr-trainable-transformation: false
[2019-07-24 23:20:23] [config] valid-freq: 20000
[2019-07-24 23:20:23] [config] valid-log: ../experiments/10M_bicleaner_st_lm/model/valid.log
[2019-07-24 23:20:23] [config] valid-max-length: 1000
[2019-07-24 23:20:23] [config] valid-metrics:
[2019-07-24 23:20:23] [config]   - cross-entropy
[2019-07-24 23:20:23] [config]   - perplexity
[2019-07-24 23:20:23] [config]   - translation
[2019-07-24 23:20:23] [config] valid-mini-batch: 8
[2019-07-24 23:20:23] [config] valid-script-path: ../experiments/10M_bicleaner_st_lm/score-dev.sh
[2019-07-24 23:20:23] [config] valid-sets:
[2019-07-24 23:20:23] [config]   - ../experiments/10M_bicleaner_st_lm/data/dev.bpe.de
[2019-07-24 23:20:23] [config]   - ../experiments/10M_bicleaner_st_lm/data/dev.bpe.en
[2019-07-24 23:20:23] [config] valid-translation-output: ../experiments/10M_bicleaner_st_lm/model/dev.out
[2019-07-24 23:20:23] [config] version: v1.7.8 ec2d66e 2019-05-27 14:52:11 +0100
[2019-07-24 23:20:23] [config] vocabs:
[2019-07-24 23:20:23] [config]   - ../experiments/10M_bicleaner_st_lm/data/train.bpe.de.json
[2019-07-24 23:20:23] [config]   - ../experiments/10M_bicleaner_st_lm/data/train.bpe.en.json
[2019-07-24 23:20:23] [config] word-penalty: 0
[2019-07-24 23:20:23] [config] workspace: 5000
[2019-07-24 23:20:23] [config] Loaded model has been created with Marian v1.7.8 ec2d66e 2019-05-27 14:52:11 +0100
[2019-07-24 23:20:23] Using synchronous training
[2019-07-24 23:20:23] [data] Loading vocabulary from JSON/Yaml file ../experiments/10M_bicleaner_st_lm/data/train.bpe.de.json
[2019-07-24 23:20:23] [data] Using unused word id eos for 0
[2019-07-24 23:20:23] [data] Using unused word id UNK for 1
[2019-07-24 23:20:23] [data] Setting vocabulary size for input 0 to 50000
[2019-07-24 23:20:23] [data] Loading vocabulary from JSON/Yaml file ../experiments/10M_bicleaner_st_lm/data/train.bpe.en.json
[2019-07-24 23:20:24] [data] Using unused word id eos for 0
[2019-07-24 23:20:24] [data] Using unused word id UNK for 1
[2019-07-24 23:20:24] [data] Setting vocabulary size for input 1 to 50000
[2019-07-24 23:20:24] Compiled without MPI support. Falling back to FakeMPIWrapper
[2019-07-24 23:20:24] [batching] Collecting statistics for batch fitting with step size 10
[2019-07-24 23:20:25] [memory] Extending reserved space to 5120 MB (device gpu4)
[2019-07-24 23:20:27] [memory] Extending reserved space to 5120 MB (device gpu5)
[2019-07-24 23:20:27] [comm] Using NCCL 2.4.2 for GPU communication
[2019-07-24 23:20:27] [comm] NCCLCommunicator constructed successfully.
[2019-07-24 23:20:27] [training] Using 2 GPUs
[2019-07-24 23:20:27] [memory] Reserving 422 MB, device gpu4
[2019-07-24 23:20:27] [gpu] 16-bit TensorCores enabled for float32 matrix operations
[2019-07-24 23:20:27] [memory] Reserving 422 MB, device gpu4
[2019-07-24 23:20:31] [batching] Done. Typical MB size is 13760 target words
[2019-07-24 23:20:32] [memory] Extending reserved space to 5120 MB (device gpu4)
[2019-07-24 23:20:32] [memory] Extending reserved space to 5120 MB (device gpu5)
[2019-07-24 23:20:32] [comm] Using NCCL 2.4.2 for GPU communication
[2019-07-24 23:20:32] [comm] NCCLCommunicator constructed successfully.
[2019-07-24 23:20:32] [training] Using 2 GPUs
[2019-07-24 23:20:32] Loading model from ../experiments/10M_bicleaner_st_lm/model/model.npz.orig.npz
[2019-07-24 23:20:39] Loading model from ../experiments/10M_bicleaner_st_lm/model/model.npz.orig.npz
[2019-07-24 23:20:43] Loading Adam parameters from ../experiments/10M_bicleaner_st_lm/model/model.npz.optimizer.npz
[2019-07-24 23:20:53] [memory] Reserving 422 MB, device gpu4
[2019-07-24 23:20:54] [memory] Reserving 422 MB, device gpu5
[2019-07-24 23:20:55] [training] Model reloaded from ../experiments/10M_bicleaner_st_lm/model/model.npz
[2019-07-24 23:20:55] [data] Restoring the corpus state to epoch 41, batch 60000
[2019-07-24 23:20:55] [data] Shuffling data
[2019-07-24 23:20:56] [data] Done reading 632833 sentences
[2019-07-24 23:20:59] [data] Done shuffling 632833 sentences to temp files
[2019-07-24 23:21:11] Training started
[2019-07-24 23:21:11] [training] Batches are processed as 1 process(es) x 2 devices/process
[2019-07-24 23:21:11] [memory] Reserving 422 MB, device gpu4
[2019-07-24 23:21:11] [memory] Reserving 422 MB, device gpu5
[2019-07-24 23:21:12] [memory] Reserving 422 MB, device gpu4
[2019-07-24 23:21:12] [memory] Reserving 422 MB, device gpu5
[2019-07-24 23:21:12] Loading model from ../experiments/10M_bicleaner_st_lm/model/model.npz
[2019-07-24 23:21:18] [memory] Reserving 422 MB, device cpu0
[2019-07-24 23:21:19] [memory] Reserving 211 MB, device gpu4
[2019-07-24 23:21:19] [memory] Reserving 211 MB, device gpu5
[2019-07-24 23:23:27] Seen 599177 samples
[2019-07-24 23:23:27] Starting epoch 42
[2019-07-24 23:23:27] [data] Shuffling data
[2019-07-24 23:23:27] [data] Done reading 632833 sentences
[2019-07-24 23:23:30] [data] Done shuffling 632833 sentences to temp files
[2019-07-24 23:32:09] Seen 599177 samples
[2019-07-24 23:32:09] Starting epoch 43
[2019-07-24 23:32:09] [data] Shuffling data
[2019-07-24 23:32:09] [data] Done reading 632833 sentences
[2019-07-24 23:32:12] [data] Done shuffling 632833 sentences to temp files
[2019-07-24 23:33:13] Ep. 43 : Up. 62000 : Sen. 68,152 : Cost 19.44265938 : Time 768.89s : 20851.65 words/s
[2019-07-24 23:40:49] Seen 599177 samples
[2019-07-24 23:40:49] Starting epoch 44
[2019-07-24 23:40:49] [data] Shuffling data
[2019-07-24 23:40:50] [data] Done reading 632833 sentences
[2019-07-24 23:40:52] [data] Done shuffling 632833 sentences to temp files
[2019-07-24 23:45:01] Ep. 44 : Up. 64000 : Sen. 285,976 : Cost 19.03074074 : Time 708.11s : 22652.51 words/s
[2019-07-24 23:49:32] Seen 599177 samples
[2019-07-24 23:49:32] Starting epoch 45
[2019-07-24 23:49:32] [data] Shuffling data
[2019-07-24 23:49:32] [data] Done reading 632833 sentences
[2019-07-24 23:49:34] [data] Done shuffling 632833 sentences to temp files
[2019-07-24 23:56:49] Ep. 45 : Up. 66000 : Sen. 502,280 : Cost 18.88922119 : Time 708.48s : 22617.62 words/s
[2019-07-24 23:58:14] Seen 599177 samples
[2019-07-24 23:58:14] Starting epoch 46
[2019-07-24 23:58:14] [data] Shuffling data
[2019-07-24 23:58:14] [data] Done reading 632833 sentences
[2019-07-24 23:58:16] [data] Done shuffling 632833 sentences to temp files
[2019-07-25 00:06:55] Seen 599177 samples
[2019-07-25 00:06:55] Starting epoch 47
[2019-07-25 00:06:55] [data] Shuffling data
[2019-07-25 00:06:55] [data] Done reading 632833 sentences
[2019-07-25 00:06:58] [data] Done shuffling 632833 sentences to temp files
[2019-07-25 00:08:41] Ep. 47 : Up. 68000 : Sen. 117,628 : Cost 18.74406624 : Time 712.02s : 22461.67 words/s
[2019-07-25 00:15:37] Seen 599177 samples
[2019-07-25 00:15:37] Starting epoch 48
[2019-07-25 00:15:37] [data] Shuffling data
[2019-07-25 00:15:38] [data] Done reading 632833 sentences
[2019-07-25 00:15:40] [data] Done shuffling 632833 sentences to temp files
[2019-07-25 00:20:29] Ep. 48 : Up. 70000 : Sen. 333,628 : Cost 18.25938225 : Time 708.33s : 22580.60 words/s
[2019-07-25 00:24:18] Seen 599177 samples
[2019-07-25 00:24:18] Starting epoch 49
[2019-07-25 00:24:18] [data] Shuffling data
[2019-07-25 00:24:19] [data] Done reading 632833 sentences
[2019-07-25 00:24:21] [data] Done shuffling 632833 sentences to temp files
[2019-07-25 00:32:18] Ep. 49 : Up. 72000 : Sen. 549,438 : Cost 18.09125328 : Time 708.57s : 22601.32 words/s
[2019-07-25 00:33:01] Seen 599177 samples
[2019-07-25 00:33:01] Starting epoch 50
[2019-07-25 00:33:01] [data] Shuffling data
[2019-07-25 00:33:02] [data] Done reading 632833 sentences
[2019-07-25 00:33:04] [data] Done shuffling 632833 sentences to temp files
[2019-07-25 00:41:43] Seen 599177 samples
[2019-07-25 00:41:43] Starting epoch 51
[2019-07-25 00:41:43] [data] Shuffling data
[2019-07-25 00:41:44] [data] Done reading 632833 sentences
[2019-07-25 00:41:46] [data] Done shuffling 632833 sentences to temp files
[2019-07-25 00:44:08] Ep. 51 : Up. 74000 : Sen. 161,440 : Cost 17.89238739 : Time 709.82s : 22416.25 words/s
[2019-07-25 00:50:26] Seen 599177 samples
[2019-07-25 00:50:26] Starting epoch 52
[2019-07-25 00:50:26] [data] Shuffling data
[2019-07-25 00:50:26] [data] Done reading 632833 sentences
[2019-07-25 00:50:29] [data] Done shuffling 632833 sentences to temp files
[2019-07-25 00:55:55] Ep. 52 : Up. 76000 : Sen. 375,608 : Cost 17.55588722 : Time 707.22s : 22596.33 words/s
[2019-07-25 00:59:08] Seen 599177 samples
[2019-07-25 00:59:08] Starting epoch 53
[2019-07-25 00:59:08] [data] Shuffling data
[2019-07-25 00:59:09] [data] Done reading 632833 sentences
[2019-07-25 00:59:11] [data] Done shuffling 632833 sentences to temp files
[2019-07-25 01:07:43] Ep. 53 : Up. 78000 : Sen. 588,536 : Cost 17.41240311 : Time 707.92s : 22531.70 words/s
[2019-07-25 01:07:52] Seen 599177 samples
[2019-07-25 01:07:52] Starting epoch 54
[2019-07-25 01:07:52] [data] Shuffling data
[2019-07-25 01:07:53] [data] Done reading 632833 sentences
[2019-07-25 01:07:55] [data] Done shuffling 632833 sentences to temp files
[2019-07-25 01:16:34] Seen 599177 samples
[2019-07-25 01:16:34] Starting epoch 55
[2019-07-25 01:16:34] [data] Shuffling data
[2019-07-25 01:16:34] [data] Done reading 632833 sentences
[2019-07-25 01:16:37] [data] Done shuffling 632833 sentences to temp files
[2019-07-25 01:19:34] Ep. 55 : Up. 80000 : Sen. 202,178 : Cost 17.03354073 : Time 710.76s : 22467.90 words/s
[2019-07-25 01:19:34] Saving model to ../experiments/10M_bicleaner_st_lm/model/model.npz.orig.npz
[2019-07-25 01:19:44] Saving model to ../experiments/10M_bicleaner_st_lm/model/model.iter80000.npz
[2019-07-25 01:19:51] Saving model to ../experiments/10M_bicleaner_st_lm/model/model.npz
[2019-07-25 01:20:01] Saving Adam parameters to ../experiments/10M_bicleaner_st_lm/model/model.npz.optimizer.npz
[2019-07-25 01:20:25] [valid] Ep. 55 : Up. 80000 : cross-entropy : 66.1252 : stalled 1 times (last best: 63.3714)
[2019-07-25 01:20:29] [valid] Ep. 55 : Up. 80000 : perplexity : 13.3588 : stalled 1 times (last best: 11.9919)
[2019-07-25 01:21:10] [valid] Ep. 55 : Up. 80000 : translation : 24.11 : stalled 1 times (last best: 24.3)
[2019-07-25 01:26:56] Seen 599177 samples
[2019-07-25 01:26:56] Starting epoch 56
[2019-07-25 01:26:56] [data] Shuffling data
[2019-07-25 01:26:56] [data] Done reading 632833 sentences
[2019-07-25 01:26:59] [data] Done shuffling 632833 sentences to temp files
[2019-07-25 01:32:59] Ep. 56 : Up. 82000 : Sen. 413,600 : Cost 17.03282928 : Time 805.41s : 19750.23 words/s
[2019-07-25 01:35:39] Seen 599177 samples
[2019-07-25 01:35:39] Starting epoch 57
[2019-07-25 01:35:39] [data] Shuffling data
[2019-07-25 01:35:40] [data] Done reading 632833 sentences
[2019-07-25 01:35:42] [data] Done shuffling 632833 sentences to temp files
[2019-07-25 01:44:21] Seen 599177 samples
[2019-07-25 01:44:21] Starting epoch 58
[2019-07-25 01:44:21] [data] Shuffling data
[2019-07-25 01:44:22] [data] Done reading 632833 sentences
[2019-07-25 01:44:24] [data] Done shuffling 632833 sentences to temp files
[2019-07-25 01:44:54] Ep. 58 : Up. 84000 : Sen. 32,000 : Cost 16.77714157 : Time 714.36s : 22455.54 words/s
[2019-07-25 01:53:04] Seen 599177 samples
[2019-07-25 01:53:04] Starting epoch 59
[2019-07-25 01:53:04] [data] Shuffling data
[2019-07-25 01:53:04] [data] Done reading 632833 sentences
[2019-07-25 01:53:07] [data] Done shuffling 632833 sentences to temp files
[2019-07-25 01:56:43] Ep. 59 : Up. 86000 : Sen. 249,252 : Cost 16.59397125 : Time 709.63s : 22600.33 words/s
[2019-07-25 02:01:46] Seen 599177 samples
[2019-07-25 02:01:46] Starting epoch 60
[2019-07-25 02:01:46] [data] Shuffling data
[2019-07-25 02:01:46] [data] Done reading 632833 sentences
[2019-07-25 02:01:48] [data] Done shuffling 632833 sentences to temp files
[2019-07-25 02:08:31] Ep. 60 : Up. 88000 : Sen. 463,600 : Cost 16.49318886 : Time 708.05s : 22565.66 words/s
[2019-07-25 02:10:28] Seen 599177 samples
[2019-07-25 02:10:28] Starting epoch 61
[2019-07-25 02:10:28] [data] Shuffling data
[2019-07-25 02:10:29] [data] Done reading 632833 sentences
[2019-07-25 02:10:31] [data] Done shuffling 632833 sentences to temp files
[2019-07-25 02:19:10] Seen 599177 samples
[2019-07-25 02:19:10] Starting epoch 62
[2019-07-25 02:19:10] [data] Shuffling data
[2019-07-25 02:19:11] [data] Done reading 632833 sentences
[2019-07-25 02:19:13] [data] Done shuffling 632833 sentences to temp files
[2019-07-25 02:20:25] Ep. 62 : Up. 90000 : Sen. 80,356 : Cost 16.26089287 : Time 713.34s : 22454.09 words/s
[2019-07-25 02:27:53] Seen 599177 samples
[2019-07-25 02:27:53] Starting epoch 63
[2019-07-25 02:27:53] [data] Shuffling data
[2019-07-25 02:27:53] [data] Done reading 632833 sentences
[2019-07-25 02:27:56] [data] Done shuffling 632833 sentences to temp files
[2019-07-25 02:32:13] Ep. 63 : Up. 92000 : Sen. 294,860 : Cost 15.93125439 : Time 707.95s : 22566.86 words/s
[2019-07-25 02:36:36] Seen 599177 samples
[2019-07-25 02:36:36] Starting epoch 64
[2019-07-25 02:36:36] [data] Shuffling data
[2019-07-25 02:36:36] [data] Done reading 632833 sentences
[2019-07-25 02:36:38] [data] Done shuffling 632833 sentences to temp files
[2019-07-25 02:44:01] Ep. 64 : Up. 94000 : Sen. 510,018 : Cost 15.86892700 : Time 708.47s : 22575.74 words/s
[2019-07-25 02:45:18] Seen 599177 samples
[2019-07-25 02:45:18] Starting epoch 65
[2019-07-25 02:45:18] [data] Shuffling data
[2019-07-25 02:45:19] [data] Done reading 632833 sentences
[2019-07-25 02:45:21] [data] Done shuffling 632833 sentences to temp files
[2019-07-25 02:54:01] Seen 599177 samples
[2019-07-25 02:54:01] Starting epoch 66
[2019-07-25 02:54:01] [data] Shuffling data
[2019-07-25 02:54:02] [data] Done reading 632833 sentences
[2019-07-25 02:54:04] [data] Done shuffling 632833 sentences to temp files
[2019-07-25 02:55:54] Ep. 66 : Up. 96000 : Sen. 125,516 : Cost 15.72550201 : Time 713.24s : 22425.21 words/s
[2019-07-25 03:02:44] Seen 599177 samples
[2019-07-25 03:02:44] Starting epoch 67
[2019-07-25 03:02:44] [data] Shuffling data
[2019-07-25 03:02:44] [data] Done reading 632833 sentences
[2019-07-25 03:02:46] [data] Done shuffling 632833 sentences to temp files
[2019-07-25 03:07:41] Ep. 67 : Up. 98000 : Sen. 337,778 : Cost 15.62162018 : Time 706.93s : 22539.97 words/s
[2019-07-25 03:11:26] Seen 599177 samples
[2019-07-25 03:11:26] Starting epoch 68
[2019-07-25 03:11:26] [data] Shuffling data
[2019-07-25 03:11:26] [data] Done reading 632833 sentences
[2019-07-25 03:11:29] [data] Done shuffling 632833 sentences to temp files
[2019-07-25 03:19:31] Ep. 68 : Up. 100000 : Sen. 556,536 : Cost 15.38053513 : Time 709.71s : 22634.91 words/s
[2019-07-25 03:19:31] Saving model to ../experiments/10M_bicleaner_st_lm/model/model.npz.orig.npz
[2019-07-25 03:19:43] Saving model to ../experiments/10M_bicleaner_st_lm/model/model.iter100000.npz
[2019-07-25 03:19:52] Saving model to ../experiments/10M_bicleaner_st_lm/model/model.npz
[2019-07-25 03:20:04] Saving Adam parameters to ../experiments/10M_bicleaner_st_lm/model/model.npz.optimizer.npz
[2019-07-25 03:20:30] [valid] Ep. 68 : Up. 100000 : cross-entropy : 68.4464 : stalled 2 times (last best: 63.3714)
[2019-07-25 03:20:34] [valid] Ep. 68 : Up. 100000 : perplexity : 14.6314 : stalled 2 times (last best: 11.9919)
[2019-07-25 03:21:16] [valid] Ep. 68 : Up. 100000 : translation : 23.6 : stalled 2 times (last best: 24.3)
[2019-07-25 03:21:56] Seen 599177 samples
[2019-07-25 03:21:56] Starting epoch 69
[2019-07-25 03:21:56] [data] Shuffling data
[2019-07-25 03:21:57] [data] Done reading 632833 sentences
[2019-07-25 03:21:59] [data] Done shuffling 632833 sentences to temp files
[2019-07-25 03:30:40] Seen 599177 samples
[2019-07-25 03:30:40] Starting epoch 70
[2019-07-25 03:30:40] [data] Shuffling data
[2019-07-25 03:30:40] [data] Done reading 632833 sentences
[2019-07-25 03:30:42] [data] Done shuffling 632833 sentences to temp files
[2019-07-25 03:33:13] Ep. 70 : Up. 102000 : Sen. 172,452 : Cost 15.09034252 : Time 821.98s : 19461.62 words/s
[2019-07-25 03:39:22] Seen 599177 samples
[2019-07-25 03:39:22] Starting epoch 71
[2019-07-25 03:39:22] [data] Shuffling data
[2019-07-25 03:39:22] [data] Done reading 632833 sentences
[2019-07-25 03:39:24] [data] Done shuffling 632833 sentences to temp files
[2019-07-25 03:45:01] Ep. 71 : Up. 104000 : Sen. 385,770 : Cost 15.14804554 : Time 707.91s : 22544.09 words/s
[2019-07-25 03:48:06] Seen 599177 samples
[2019-07-25 03:48:06] Starting epoch 72
[2019-07-25 03:48:06] [data] Shuffling data
[2019-07-25 03:48:06] [data] Done reading 632833 sentences
[2019-07-25 03:48:08] [data] Done shuffling 632833 sentences to temp files
[2019-07-25 03:56:51] Ep. 72 : Up. 106000 : Sen. 597,318 : Cost 14.95857906 : Time 710.46s : 22412.19 words/s
[2019-07-25 03:56:53] Seen 599177 samples
[2019-07-25 03:56:53] Starting epoch 73
[2019-07-25 03:56:53] [data] Shuffling data
[2019-07-25 03:56:53] [data] Done reading 632833 sentences
[2019-07-25 03:56:56] [data] Done shuffling 632833 sentences to temp files
[2019-07-25 04:05:35] Seen 599177 samples
[2019-07-25 04:05:35] Starting epoch 74
[2019-07-25 04:05:35] [data] Shuffling data
[2019-07-25 04:05:36] [data] Done reading 632833 sentences
[2019-07-25 04:05:38] [data] Done shuffling 632833 sentences to temp files
[2019-07-25 04:08:44] Ep. 74 : Up. 108000 : Sen. 213,294 : Cost 14.73348618 : Time 712.81s : 22435.74 words/s
[2019-07-25 04:14:18] Seen 599177 samples
[2019-07-25 04:14:18] Starting epoch 75
[2019-07-25 04:14:18] [data] Shuffling data
[2019-07-25 04:14:19] [data] Done reading 632833 sentences
[2019-07-25 04:14:21] [data] Done shuffling 632833 sentences to temp files
[2019-07-25 04:20:34] Ep. 75 : Up. 110000 : Sen. 429,148 : Cost 14.61755180 : Time 709.67s : 22572.10 words/s
[2019-07-25 04:23:01] Seen 599177 samples
[2019-07-25 04:23:01] Starting epoch 76
[2019-07-25 04:23:01] [data] Shuffling data
[2019-07-25 04:23:02] [data] Done reading 632833 sentences
[2019-07-25 04:23:04] [data] Done shuffling 632833 sentences to temp files
[2019-07-25 04:31:44] Seen 599177 samples
[2019-07-25 04:31:44] Starting epoch 77
[2019-07-25 04:31:44] [data] Shuffling data
[2019-07-25 04:31:45] [data] Done reading 632833 sentences
[2019-07-25 04:31:47] [data] Done shuffling 632833 sentences to temp files
[2019-07-25 04:32:26] Ep. 77 : Up. 112000 : Sen. 41,880 : Cost 14.49513149 : Time 712.30s : 22382.81 words/s
[2019-07-25 04:40:27] Seen 599177 samples
[2019-07-25 04:40:27] Starting epoch 78
[2019-07-25 04:40:27] [data] Shuffling data
[2019-07-25 04:40:27] [data] Done reading 632833 sentences
[2019-07-25 04:40:29] [data] Done shuffling 632833 sentences to temp files
[2019-07-25 04:44:14] Ep. 78 : Up. 114000 : Sen. 256,698 : Cost 14.28678417 : Time 707.55s : 22570.85 words/s
[2019-07-25 04:49:10] Seen 599177 samples
[2019-07-25 04:49:10] Starting epoch 79
[2019-07-25 04:49:10] [data] Shuffling data
[2019-07-25 04:49:10] [data] Done reading 632833 sentences
[2019-07-25 04:49:12] [data] Done shuffling 632833 sentences to temp files
[2019-07-25 04:56:02] Ep. 79 : Up. 116000 : Sen. 471,914 : Cost 14.22599888 : Time 708.75s : 22574.58 words/s
[2019-07-25 04:57:51] Seen 599177 samples
[2019-07-25 04:57:51] Starting epoch 80
[2019-07-25 04:57:51] [data] Shuffling data
[2019-07-25 04:57:51] [data] Done reading 632833 sentences
[2019-07-25 04:57:54] [data] Done shuffling 632833 sentences to temp files
[2019-07-25 05:06:34] Seen 599177 samples
[2019-07-25 05:06:34] Starting epoch 81
[2019-07-25 05:06:34] [data] Shuffling data
[2019-07-25 05:06:35] [data] Done reading 632833 sentences
[2019-07-25 05:06:37] [data] Done shuffling 632833 sentences to temp files
[2019-07-25 05:07:56] Ep. 81 : Up. 118000 : Sen. 89,252 : Cost 13.99019337 : Time 714.03s : 22439.55 words/s
[2019-07-25 05:15:17] Seen 599177 samples
[2019-07-25 05:15:17] Starting epoch 82
[2019-07-25 05:15:17] [data] Shuffling data
[2019-07-25 05:15:18] [data] Done reading 632833 sentences
[2019-07-25 05:15:20] [data] Done shuffling 632833 sentences to temp files
[2019-07-25 05:19:43] Ep. 82 : Up. 120000 : Sen. 301,608 : Cost 14.12661552 : Time 707.01s : 22548.89 words/s
[2019-07-25 05:19:43] Saving model to ../experiments/10M_bicleaner_st_lm/model/model.npz.orig.npz
[2019-07-25 05:19:54] Saving model to ../experiments/10M_bicleaner_st_lm/model/model.iter120000.npz
[2019-07-25 05:20:01] Saving model to ../experiments/10M_bicleaner_st_lm/model/model.npz
[2019-07-25 05:20:12] Saving Adam parameters to ../experiments/10M_bicleaner_st_lm/model/model.npz.optimizer.npz
[2019-07-25 05:20:37] [valid] Ep. 82 : Up. 120000 : cross-entropy : 71.0019 : stalled 3 times (last best: 63.3714)
[2019-07-25 05:20:41] [valid] Ep. 82 : Up. 120000 : perplexity : 16.1731 : stalled 3 times (last best: 11.9919)
[2019-07-25 05:21:23] [valid] Ep. 82 : Up. 120000 : translation : 23.37 : stalled 3 times (last best: 24.3)
[2019-07-25 05:25:43] Seen 599177 samples
[2019-07-25 05:25:43] Starting epoch 83
[2019-07-25 05:25:43] [data] Shuffling data
[2019-07-25 05:25:43] [data] Done reading 632833 sentences
[2019-07-25 05:25:45] [data] Done shuffling 632833 sentences to temp files
[2019-07-25 05:33:17] Ep. 83 : Up. 122000 : Sen. 521,786 : Cost 13.91717911 : Time 813.20s : 19784.33 words/s
[2019-07-25 05:34:24] Seen 599177 samples
[2019-07-25 05:34:24] Starting epoch 84
[2019-07-25 05:34:24] [data] Shuffling data
[2019-07-25 05:34:24] [data] Done reading 632833 sentences
[2019-07-25 05:34:27] [data] Done shuffling 632833 sentences to temp files
[2019-07-25 05:43:06] Seen 599177 samples
[2019-07-25 05:43:06] Starting epoch 85
[2019-07-25 05:43:06] [data] Shuffling data
[2019-07-25 05:43:06] [data] Done reading 632833 sentences
[2019-07-25 05:43:09] [data] Done shuffling 632833 sentences to temp files
[2019-07-25 05:45:10] Ep. 85 : Up. 124000 : Sen. 135,822 : Cost 13.74390411 : Time 713.35s : 22378.15 words/s
[2019-07-25 05:51:50] Seen 599177 samples
[2019-07-25 05:51:50] Starting epoch 86
[2019-07-25 05:51:50] [data] Shuffling data
[2019-07-25 05:51:50] [data] Done reading 632833 sentences
[2019-07-25 05:51:53] [data] Done shuffling 632833 sentences to temp files
[2019-07-25 05:57:01] Ep. 86 : Up. 126000 : Sen. 355,404 : Cost 13.69139671 : Time 710.62s : 22623.99 words/s
[2019-07-25 06:00:32] Seen 599177 samples
[2019-07-25 06:00:32] Starting epoch 87
[2019-07-25 06:00:32] [data] Shuffling data
[2019-07-25 06:00:33] [data] Done reading 632833 sentences
[2019-07-25 06:00:35] [data] Done shuffling 632833 sentences to temp files
[2019-07-25 06:08:49] Ep. 87 : Up. 128000 : Sen. 569,600 : Cost 13.63757420 : Time 708.84s : 22543.14 words/s
[2019-07-25 06:09:15] Seen 599177 samples
[2019-07-25 06:09:15] Starting epoch 88
[2019-07-25 06:09:15] [data] Shuffling data
[2019-07-25 06:09:15] [data] Done reading 632833 sentences
[2019-07-25 06:09:18] [data] Done shuffling 632833 sentences to temp files
[2019-07-25 06:17:59] Seen 599177 samples
[2019-07-25 06:17:59] Starting epoch 89
[2019-07-25 06:17:59] [data] Shuffling data
[2019-07-25 06:17:59] [data] Done reading 632833 sentences
[2019-07-25 06:18:01] [data] Done shuffling 632833 sentences to temp files
[2019-07-25 06:20:43] Ep. 89 : Up. 130000 : Sen. 184,528 : Cost 13.43667221 : Time 713.58s : 22381.86 words/s
[2019-07-25 06:26:41] Seen 599177 samples
[2019-07-25 06:26:41] Starting epoch 90
[2019-07-25 06:26:41] [data] Shuffling data
[2019-07-25 06:26:41] [data] Done reading 632833 sentences
[2019-07-25 06:26:44] [data] Done shuffling 632833 sentences to temp files
[2019-07-25 06:32:33] Ep. 90 : Up. 132000 : Sen. 400,036 : Cost 13.44924641 : Time 709.97s : 22561.11 words/s
[2019-07-25 06:35:24] Seen 599177 samples
[2019-07-25 06:35:24] Starting epoch 91
[2019-07-25 06:35:24] [data] Shuffling data
[2019-07-25 06:35:25] [data] Done reading 632833 sentences
[2019-07-25 06:35:27] [data] Done shuffling 632833 sentences to temp files
[2019-07-25 06:44:08] Seen 599177 samples
[2019-07-25 06:44:08] Starting epoch 92
[2019-07-25 06:44:08] [data] Shuffling data
[2019-07-25 06:44:08] [data] Done reading 632833 sentences
[2019-07-25 06:44:12] [data] Done shuffling 632833 sentences to temp files
[2019-07-25 06:44:27] Ep. 92 : Up. 134000 : Sen. 15,634 : Cost 13.29830837 : Time 714.46s : 22358.94 words/s
[2019-07-25 06:52:51] Seen 599177 samples
[2019-07-25 06:52:51] Starting epoch 93
[2019-07-25 06:52:51] [data] Shuffling data
[2019-07-25 06:52:52] [data] Done reading 632833 sentences
[2019-07-25 06:52:54] [data] Done shuffling 632833 sentences to temp files
[2019-07-25 06:56:16] Ep. 93 : Up. 136000 : Sen. 231,202 : Cost 13.14224529 : Time 708.99s : 22580.33 words/s
[2019-07-25 07:01:34] Seen 599177 samples
[2019-07-25 07:01:34] Starting epoch 94
[2019-07-25 07:01:34] [data] Shuffling data
[2019-07-25 07:01:35] [data] Done reading 632833 sentences
[2019-07-25 07:01:37] [data] Done shuffling 632833 sentences to temp files
[2019-07-25 07:08:05] Ep. 94 : Up. 138000 : Sen. 447,304 : Cost 13.24654388 : Time 709.09s : 22573.44 words/s
[2019-07-25 07:10:16] Seen 599177 samples
[2019-07-25 07:10:16] Starting epoch 95
[2019-07-25 07:10:16] [data] Shuffling data
[2019-07-25 07:10:17] [data] Done reading 632833 sentences
[2019-07-25 07:10:19] [data] Done shuffling 632833 sentences to temp files
[2019-07-25 07:18:59] Seen 599177 samples
[2019-07-25 07:18:59] Starting epoch 96
[2019-07-25 07:18:59] [data] Shuffling data
[2019-07-25 07:18:59] [data] Done reading 632833 sentences
[2019-07-25 07:19:02] [data] Done shuffling 632833 sentences to temp files
[2019-07-25 07:19:59] Ep. 96 : Up. 140000 : Sen. 64,000 : Cost 13.08709431 : Time 713.85s : 22439.15 words/s
[2019-07-25 07:19:59] Saving model to ../experiments/10M_bicleaner_st_lm/model/model.npz.orig.npz
[2019-07-25 07:20:11] Saving model to ../experiments/10M_bicleaner_st_lm/model/model.iter140000.npz
[2019-07-25 07:20:18] Saving model to ../experiments/10M_bicleaner_st_lm/model/model.npz
[2019-07-25 07:20:29] Saving Adam parameters to ../experiments/10M_bicleaner_st_lm/model/model.npz.optimizer.npz
[2019-07-25 07:20:55] [valid] Ep. 96 : Up. 140000 : cross-entropy : 73.4957 : stalled 4 times (last best: 63.3714)
[2019-07-25 07:20:58] [valid] Ep. 96 : Up. 140000 : perplexity : 17.834 : stalled 4 times (last best: 11.9919)
[2019-07-25 07:21:39] [valid] Ep. 96 : Up. 140000 : translation : 22.69 : stalled 4 times (last best: 24.3)
[2019-07-25 07:29:24] Seen 599177 samples
[2019-07-25 07:29:24] Starting epoch 97
[2019-07-25 07:29:24] [data] Shuffling data
[2019-07-25 07:29:25] [data] Done reading 632833 sentences
[2019-07-25 07:29:27] [data] Done shuffling 632833 sentences to temp files
[2019-07-25 07:33:31] Ep. 97 : Up. 142000 : Sen. 278,304 : Cost 12.95012951 : Time 811.58s : 19708.00 words/s
[2019-07-25 07:38:07] Seen 599177 samples
[2019-07-25 07:38:07] Starting epoch 98
[2019-07-25 07:38:07] [data] Shuffling data
[2019-07-25 07:38:08] [data] Done reading 632833 sentences
[2019-07-25 07:38:10] [data] Done shuffling 632833 sentences to temp files
[2019-07-25 07:45:19] Ep. 98 : Up. 144000 : Sen. 494,332 : Cost 12.93724728 : Time 708.03s : 22586.34 words/s
[2019-07-25 07:46:50] Seen 599177 samples
[2019-07-25 07:46:50] Starting epoch 99
[2019-07-25 07:46:50] [data] Shuffling data
[2019-07-25 07:46:51] [data] Done reading 632833 sentences
[2019-07-25 07:46:53] [data] Done shuffling 632833 sentences to temp files
[2019-07-25 07:55:32] Seen 599177 samples
[2019-07-25 07:55:32] Starting epoch 100
[2019-07-25 07:55:32] [data] Shuffling data
[2019-07-25 07:55:33] [data] Done reading 632833 sentences
[2019-07-25 07:55:35] [data] Done shuffling 632833 sentences to temp files
[2019-07-25 07:57:13] Ep. 100 : Up. 146000 : Sen. 110,068 : Cost 12.75309753 : Time 713.71s : 22410.32 words/s
[2019-07-25 08:04:15] Seen 599177 samples
[2019-07-25 08:04:15] Starting epoch 101
[2019-07-25 08:04:15] [data] Shuffling data
[2019-07-25 08:04:16] [data] Done reading 632833 sentences
[2019-07-25 08:04:18] [data] Done shuffling 632833 sentences to temp files
[2019-07-25 08:09:02] Ep. 101 : Up. 148000 : Sen. 327,012 : Cost 12.70741844 : Time 709.24s : 22611.51 words/s
[2019-07-25 08:12:57] Seen 599177 samples
[2019-07-25 08:12:57] Starting epoch 102
[2019-07-25 08:12:57] [data] Shuffling data
[2019-07-25 08:12:58] [data] Done reading 632833 sentences
[2019-07-25 08:13:00] [data] Done shuffling 632833 sentences to temp files
[2019-07-25 08:20:50] Ep. 102 : Up. 150000 : Sen. 540,596 : Cost 12.61648655 : Time 707.66s : 22550.16 words/s
[2019-07-25 08:21:40] Seen 599177 samples
[2019-07-25 08:21:40] Starting epoch 103
[2019-07-25 08:21:40] [data] Shuffling data
[2019-07-25 08:21:41] [data] Done reading 632833 sentences
[2019-07-25 08:21:43] [data] Done shuffling 632833 sentences to temp files
[2019-07-25 08:30:23] Seen 599177 samples
[2019-07-25 08:30:23] Starting epoch 104
[2019-07-25 08:30:23] [data] Shuffling data
[2019-07-25 08:30:23] [data] Done reading 632833 sentences
[2019-07-25 08:30:25] [data] Done shuffling 632833 sentences to temp files
[2019-07-25 08:32:43] Ep. 104 : Up. 152000 : Sen. 156,554 : Cost 12.40521812 : Time 713.05s : 22425.59 words/s
[2019-07-25 08:39:06] Seen 599177 samples
[2019-07-25 08:39:06] Starting epoch 105
[2019-07-25 08:39:06] [data] Shuffling data
[2019-07-25 08:39:06] [data] Done reading 632833 sentences
[2019-07-25 08:39:08] [data] Done shuffling 632833 sentences to temp files
[2019-07-25 08:44:32] Ep. 105 : Up. 154000 : Sen. 370,986 : Cost 12.57019997 : Time 709.11s : 22549.43 words/s
[2019-07-25 08:47:48] Seen 599177 samples
[2019-07-25 08:47:48] Starting epoch 106
[2019-07-25 08:47:48] [data] Shuffling data
[2019-07-25 08:47:49] [data] Done reading 632833 sentences
[2019-07-25 08:47:51] [data] Done shuffling 632833 sentences to temp files
[2019-07-25 08:56:20] Ep. 106 : Up. 156000 : Sen. 585,940 : Cost 12.45674801 : Time 708.06s : 22572.61 words/s
[2019-07-25 08:56:32] Seen 599177 samples
[2019-07-25 08:56:32] Starting epoch 107
[2019-07-25 08:56:32] [data] Shuffling data
[2019-07-25 08:56:32] [data] Done reading 632833 sentences
[2019-07-25 08:56:34] [data] Done shuffling 632833 sentences to temp files
[2019-07-25 09:05:14] Seen 599177 samples
[2019-07-25 09:05:14] Starting epoch 108
[2019-07-25 09:05:14] [data] Shuffling data
[2019-07-25 09:05:15] [data] Done reading 632833 sentences
[2019-07-25 09:05:17] [data] Done shuffling 632833 sentences to temp files
[2019-07-25 09:08:11] Ep. 108 : Up. 158000 : Sen. 198,400 : Cost 12.22192478 : Time 711.45s : 22397.54 words/s
[2019-07-25 09:13:57] Seen 599177 samples
[2019-07-25 09:13:57] Starting epoch 109
[2019-07-25 09:13:57] [data] Shuffling data
[2019-07-25 09:13:57] [data] Done reading 632833 sentences
[2019-07-25 09:13:59] [data] Done shuffling 632833 sentences to temp files
[2019-07-25 09:20:01] Ep. 109 : Up. 160000 : Sen. 416,698 : Cost 12.18267822 : Time 709.57s : 22618.68 words/s
[2019-07-25 09:20:01] Saving model to ../experiments/10M_bicleaner_st_lm/model/model.npz.orig.npz
[2019-07-25 09:20:10] Saving model to ../experiments/10M_bicleaner_st_lm/model/model.iter160000.npz
[2019-07-25 09:20:18] Saving model to ../experiments/10M_bicleaner_st_lm/model/model.npz
[2019-07-25 09:20:28] Saving Adam parameters to ../experiments/10M_bicleaner_st_lm/model/model.npz.optimizer.npz
[2019-07-25 09:20:54] [valid] Ep. 109 : Up. 160000 : cross-entropy : 75.7559 : stalled 5 times (last best: 63.3714)
[2019-07-25 09:20:57] [valid] Ep. 109 : Up. 160000 : perplexity : 19.4863 : stalled 5 times (last best: 11.9919)
[2019-07-25 09:21:47] [valid] Ep. 109 : Up. 160000 : translation : 22.5 : stalled 5 times (last best: 24.3)
[2019-07-25 09:21:50] Training finished
[2019-07-25 09:21:57] Saving model to ../experiments/10M_bicleaner_st_lm/model/model.npz.orig.npz
[2019-07-25 09:22:08] Saving model to ../experiments/10M_bicleaner_st_lm/model/model.npz
[2019-07-25 09:22:19] Saving Adam parameters to ../experiments/10M_bicleaner_st_lm/model/model.npz.optimizer.npz
