[2019-08-03 22:46:58] [marian] Marian v1.7.8 ec2d66e 2019-05-27 14:52:11 +0100
[2019-08-03 22:46:58] [marian] Running on lofn as process 24952 with command line:
[2019-08-03 22:46:58] [marian] /fs/bil0/abdel/marian-dev/build/marian --sync-sgd --model ../experiments/10M_bicleaner_dom_0.25_dcce/model/model.npz -T . --devices 1 --train-sets ../experiments/10M_bicleaner_dom_0.25_dcce/data/train.bpe.de ../experiments/10M_bicleaner_dom_0.25_dcce/data/train.bpe.en --vocabs ../experiments/10M_bicleaner_dom_0.25_dcce/data/train.bpe.de.json ../experiments/10M_bicleaner_dom_0.25_dcce/data/train.bpe.en.json --mini-batch-fit -w 3000 --dim-vocabs 50000 50000 --layer-normalization --dropout-rnn 0.2 --dropout-src 0.1 --dropout-trg 0.1 --learn-rate 0.0001 --after-epochs 0 --early-stopping 5 --valid-freq 20000 --save-freq 20000 --disp-freq 2000 --valid-mini-batch 8 --valid-sets ../experiments/10M_bicleaner_dom_0.25_dcce/data/dev.bpe.de ../experiments/10M_bicleaner_dom_0.25_dcce/data/dev.bpe.en --valid-metrics cross-entropy perplexity translation --valid-translation-output ../experiments/10M_bicleaner_dom_0.25_dcce/model/dev.out --valid-script-path ../experiments/10M_bicleaner_dom_0.25_dcce/score-dev.sh --seed 1111 --exponential-smoothing --normalize=1 --beam-size=12 --quiet-translation --log ../experiments/10M_bicleaner_dom_0.25_dcce/model/train.log --valid-log ../experiments/10M_bicleaner_dom_0.25_dcce/model/valid.log
[2019-08-03 22:46:58] [config] after-batches: 0
[2019-08-03 22:46:58] [config] after-epochs: 0
[2019-08-03 22:46:58] [config] allow-unk: false
[2019-08-03 22:46:58] [config] beam-size: 12
[2019-08-03 22:46:58] [config] bert-class-symbol: "[CLS]"
[2019-08-03 22:46:58] [config] bert-mask-symbol: "[MASK]"
[2019-08-03 22:46:58] [config] bert-masking-fraction: 0.15
[2019-08-03 22:46:58] [config] bert-sep-symbol: "[SEP]"
[2019-08-03 22:46:58] [config] bert-train-type-embeddings: true
[2019-08-03 22:46:58] [config] bert-type-vocab-size: 2
[2019-08-03 22:46:58] [config] best-deep: false
[2019-08-03 22:46:58] [config] clip-gemm: 0
[2019-08-03 22:46:58] [config] clip-norm: 1
[2019-08-03 22:46:58] [config] cost-type: ce-mean
[2019-08-03 22:46:58] [config] cpu-threads: 0
[2019-08-03 22:46:58] [config] data-weighting: ""
[2019-08-03 22:46:58] [config] data-weighting-type: sentence
[2019-08-03 22:46:58] [config] dec-cell: gru
[2019-08-03 22:46:58] [config] dec-cell-base-depth: 2
[2019-08-03 22:46:58] [config] dec-cell-high-depth: 1
[2019-08-03 22:46:58] [config] dec-depth: 1
[2019-08-03 22:46:58] [config] devices:
[2019-08-03 22:46:58] [config]   - 1
[2019-08-03 22:46:58] [config] dim-emb: 512
[2019-08-03 22:46:58] [config] dim-rnn: 1024
[2019-08-03 22:46:58] [config] dim-vocabs:
[2019-08-03 22:46:58] [config]   - 50000
[2019-08-03 22:46:58] [config]   - 50000
[2019-08-03 22:46:58] [config] disp-first: 0
[2019-08-03 22:46:58] [config] disp-freq: 2000
[2019-08-03 22:46:58] [config] disp-label-counts: false
[2019-08-03 22:46:58] [config] dropout-rnn: 0.2
[2019-08-03 22:46:58] [config] dropout-src: 0.1
[2019-08-03 22:46:58] [config] dropout-trg: 0.1
[2019-08-03 22:46:58] [config] dump-config: ""
[2019-08-03 22:46:58] [config] early-stopping: 5
[2019-08-03 22:46:58] [config] embedding-fix-src: false
[2019-08-03 22:46:58] [config] embedding-fix-trg: false
[2019-08-03 22:46:58] [config] embedding-normalization: false
[2019-08-03 22:46:58] [config] embedding-vectors:
[2019-08-03 22:46:58] [config]   []
[2019-08-03 22:46:58] [config] enc-cell: gru
[2019-08-03 22:46:58] [config] enc-cell-depth: 1
[2019-08-03 22:46:58] [config] enc-depth: 1
[2019-08-03 22:46:58] [config] enc-type: bidirectional
[2019-08-03 22:46:58] [config] exponential-smoothing: 0.0001
[2019-08-03 22:46:58] [config] grad-dropping-momentum: 0
[2019-08-03 22:46:58] [config] grad-dropping-rate: 0
[2019-08-03 22:46:58] [config] grad-dropping-warmup: 100
[2019-08-03 22:46:58] [config] guided-alignment: none
[2019-08-03 22:46:58] [config] guided-alignment-cost: mse
[2019-08-03 22:46:58] [config] guided-alignment-weight: 0.1
[2019-08-03 22:46:58] [config] ignore-model-config: false
[2019-08-03 22:46:58] [config] input-types:
[2019-08-03 22:46:58] [config]   []
[2019-08-03 22:46:58] [config] interpolate-env-vars: false
[2019-08-03 22:46:58] [config] keep-best: false
[2019-08-03 22:46:58] [config] label-smoothing: 0
[2019-08-03 22:46:58] [config] layer-normalization: true
[2019-08-03 22:46:58] [config] learn-rate: 0.0001
[2019-08-03 22:46:58] [config] log: ../experiments/10M_bicleaner_dom_0.25_dcce/model/train.log
[2019-08-03 22:46:58] [config] log-level: info
[2019-08-03 22:46:58] [config] log-time-zone: ""
[2019-08-03 22:46:58] [config] lr-decay: 0
[2019-08-03 22:46:58] [config] lr-decay-freq: 50000
[2019-08-03 22:46:58] [config] lr-decay-inv-sqrt:
[2019-08-03 22:46:58] [config]   - 0
[2019-08-03 22:46:58] [config] lr-decay-repeat-warmup: false
[2019-08-03 22:46:58] [config] lr-decay-reset-optimizer: false
[2019-08-03 22:46:58] [config] lr-decay-start:
[2019-08-03 22:46:58] [config]   - 10
[2019-08-03 22:46:58] [config]   - 1
[2019-08-03 22:46:58] [config] lr-decay-strategy: epoch+stalled
[2019-08-03 22:46:58] [config] lr-report: false
[2019-08-03 22:46:58] [config] lr-warmup: 0
[2019-08-03 22:46:58] [config] lr-warmup-at-reload: false
[2019-08-03 22:46:58] [config] lr-warmup-cycle: false
[2019-08-03 22:46:58] [config] lr-warmup-start-rate: 0
[2019-08-03 22:46:58] [config] max-length: 50
[2019-08-03 22:46:58] [config] max-length-crop: false
[2019-08-03 22:46:58] [config] max-length-factor: 3
[2019-08-03 22:46:58] [config] maxi-batch: 100
[2019-08-03 22:46:58] [config] maxi-batch-sort: trg
[2019-08-03 22:46:58] [config] mini-batch: 64
[2019-08-03 22:46:58] [config] mini-batch-fit: true
[2019-08-03 22:46:58] [config] mini-batch-fit-step: 10
[2019-08-03 22:46:58] [config] mini-batch-overstuff: 1
[2019-08-03 22:46:58] [config] mini-batch-track-lr: false
[2019-08-03 22:46:58] [config] mini-batch-understuff: 1
[2019-08-03 22:46:58] [config] mini-batch-warmup: 0
[2019-08-03 22:46:58] [config] mini-batch-words: 0
[2019-08-03 22:46:58] [config] mini-batch-words-ref: 0
[2019-08-03 22:46:58] [config] model: ../experiments/10M_bicleaner_dom_0.25_dcce/model/model.npz
[2019-08-03 22:46:58] [config] multi-loss-type: sum
[2019-08-03 22:46:58] [config] multi-node: false
[2019-08-03 22:46:58] [config] multi-node-overlap: true
[2019-08-03 22:46:58] [config] n-best: false
[2019-08-03 22:46:58] [config] no-nccl: false
[2019-08-03 22:46:58] [config] no-reload: false
[2019-08-03 22:46:58] [config] no-restore-corpus: false
[2019-08-03 22:46:58] [config] no-shuffle: false
[2019-08-03 22:46:58] [config] normalize: 1
[2019-08-03 22:46:58] [config] num-devices: 0
[2019-08-03 22:46:58] [config] optimizer: adam
[2019-08-03 22:46:58] [config] optimizer-delay: 1
[2019-08-03 22:46:58] [config] optimizer-params:
[2019-08-03 22:46:58] [config]   []
[2019-08-03 22:46:58] [config] overwrite: false
[2019-08-03 22:46:58] [config] pretrained-model: ""
[2019-08-03 22:46:58] [config] quiet: false
[2019-08-03 22:46:58] [config] quiet-translation: true
[2019-08-03 22:46:58] [config] relative-paths: false
[2019-08-03 22:46:58] [config] right-left: false
[2019-08-03 22:46:58] [config] save-freq: 20000
[2019-08-03 22:46:58] [config] seed: 1111
[2019-08-03 22:46:58] [config] shuffle-in-ram: false
[2019-08-03 22:46:58] [config] skip: false
[2019-08-03 22:46:58] [config] sqlite: ""
[2019-08-03 22:46:58] [config] sqlite-drop: false
[2019-08-03 22:46:58] [config] sync-sgd: true
[2019-08-03 22:46:58] [config] tempdir: .
[2019-08-03 22:46:58] [config] tied-embeddings: false
[2019-08-03 22:46:58] [config] tied-embeddings-all: false
[2019-08-03 22:46:58] [config] tied-embeddings-src: false
[2019-08-03 22:46:58] [config] train-sets:
[2019-08-03 22:46:58] [config]   - ../experiments/10M_bicleaner_dom_0.25_dcce/data/train.bpe.de
[2019-08-03 22:46:58] [config]   - ../experiments/10M_bicleaner_dom_0.25_dcce/data/train.bpe.en
[2019-08-03 22:46:58] [config] transformer-aan-activation: swish
[2019-08-03 22:46:58] [config] transformer-aan-depth: 2
[2019-08-03 22:46:58] [config] transformer-aan-nogate: false
[2019-08-03 22:46:58] [config] transformer-decoder-autoreg: self-attention
[2019-08-03 22:46:58] [config] transformer-dim-aan: 2048
[2019-08-03 22:46:58] [config] transformer-dim-ffn: 2048
[2019-08-03 22:46:58] [config] transformer-dropout: 0
[2019-08-03 22:46:58] [config] transformer-dropout-attention: 0
[2019-08-03 22:46:58] [config] transformer-dropout-ffn: 0
[2019-08-03 22:46:58] [config] transformer-ffn-activation: swish
[2019-08-03 22:46:58] [config] transformer-ffn-depth: 2
[2019-08-03 22:46:58] [config] transformer-guided-alignment-layer: last
[2019-08-03 22:46:58] [config] transformer-heads: 8
[2019-08-03 22:46:58] [config] transformer-no-projection: false
[2019-08-03 22:46:58] [config] transformer-postprocess: dan
[2019-08-03 22:46:58] [config] transformer-postprocess-emb: d
[2019-08-03 22:46:58] [config] transformer-preprocess: ""
[2019-08-03 22:46:58] [config] transformer-tied-layers:
[2019-08-03 22:46:58] [config]   []
[2019-08-03 22:46:58] [config] transformer-train-position-embeddings: false
[2019-08-03 22:46:58] [config] type: amun
[2019-08-03 22:46:58] [config] ulr: false
[2019-08-03 22:46:58] [config] ulr-dim-emb: 0
[2019-08-03 22:46:58] [config] ulr-dropout: 0
[2019-08-03 22:46:58] [config] ulr-keys-vectors: ""
[2019-08-03 22:46:58] [config] ulr-query-vectors: ""
[2019-08-03 22:46:58] [config] ulr-softmax-temperature: 1
[2019-08-03 22:46:58] [config] ulr-trainable-transformation: false
[2019-08-03 22:46:58] [config] valid-freq: 20000
[2019-08-03 22:46:58] [config] valid-log: ../experiments/10M_bicleaner_dom_0.25_dcce/model/valid.log
[2019-08-03 22:46:58] [config] valid-max-length: 1000
[2019-08-03 22:46:58] [config] valid-metrics:
[2019-08-03 22:46:58] [config]   - cross-entropy
[2019-08-03 22:46:58] [config]   - perplexity
[2019-08-03 22:46:58] [config]   - translation
[2019-08-03 22:46:58] [config] valid-mini-batch: 8
[2019-08-03 22:46:58] [config] valid-script-path: ../experiments/10M_bicleaner_dom_0.25_dcce/score-dev.sh
[2019-08-03 22:46:58] [config] valid-sets:
[2019-08-03 22:46:58] [config]   - ../experiments/10M_bicleaner_dom_0.25_dcce/data/dev.bpe.de
[2019-08-03 22:46:58] [config]   - ../experiments/10M_bicleaner_dom_0.25_dcce/data/dev.bpe.en
[2019-08-03 22:46:58] [config] valid-translation-output: ../experiments/10M_bicleaner_dom_0.25_dcce/model/dev.out
[2019-08-03 22:46:58] [config] vocabs:
[2019-08-03 22:46:58] [config]   - ../experiments/10M_bicleaner_dom_0.25_dcce/data/train.bpe.de.json
[2019-08-03 22:46:58] [config]   - ../experiments/10M_bicleaner_dom_0.25_dcce/data/train.bpe.en.json
[2019-08-03 22:46:58] [config] word-penalty: 0
[2019-08-03 22:46:58] [config] workspace: 3000
[2019-08-03 22:46:58] [config] Model is being created with Marian v1.7.8 ec2d66e 2019-05-27 14:52:11 +0100
[2019-08-03 22:46:58] Using synchronous training
[2019-08-03 22:46:58] [data] Loading vocabulary from JSON/Yaml file ../experiments/10M_bicleaner_dom_0.25_dcce/data/train.bpe.de.json
[2019-08-03 22:46:58] [data] Using unused word id eos for 0
[2019-08-03 22:46:58] [data] Using unused word id UNK for 1
[2019-08-03 22:46:58] [data] Setting vocabulary size for input 0 to 50000
[2019-08-03 22:46:58] [data] Loading vocabulary from JSON/Yaml file ../experiments/10M_bicleaner_dom_0.25_dcce/data/train.bpe.en.json
[2019-08-03 22:46:58] [data] Using unused word id eos for 0
[2019-08-03 22:46:58] [data] Using unused word id UNK for 1
[2019-08-03 22:46:58] [data] Setting vocabulary size for input 1 to 50000
[2019-08-03 22:46:58] Compiled without MPI support. Falling back to FakeMPIWrapper
[2019-08-03 22:46:58] [batching] Collecting statistics for batch fitting with step size 10
[2019-08-03 22:46:59] [memory] Extending reserved space to 3072 MB (device gpu1)
[2019-08-03 22:46:59] [comm] Using NCCL 2.4.2 for GPU communication
[2019-08-03 22:46:59] [comm] NCCLCommunicator constructed successfully.
[2019-08-03 22:46:59] [training] Using 1 GPUs
[2019-08-03 22:46:59] [memory] Reserving 422 MB, device gpu1
[2019-08-03 22:46:59] [gpu] 16-bit TensorCores enabled for float32 matrix operations
[2019-08-03 22:46:59] [memory] Reserving 422 MB, device gpu1
[2019-08-03 22:47:04] [batching] Done. Typical MB size is 4042 target words
[2019-08-03 22:47:04] [memory] Extending reserved space to 3072 MB (device gpu1)
[2019-08-03 22:47:04] [comm] Using NCCL 2.4.2 for GPU communication
[2019-08-03 22:47:04] [comm] NCCLCommunicator constructed successfully.
[2019-08-03 22:47:04] [training] Using 1 GPUs
[2019-08-03 22:47:04] Training started
[2019-08-03 22:47:04] [data] Shuffling data
[2019-08-03 22:47:05] [data] Done reading 518423 sentences
[2019-08-03 22:47:06] [data] Done shuffling 518423 sentences to temp files
[2019-08-03 22:47:08] [training] Batches are processed as 1 process(es) x 1 devices/process
[2019-08-03 22:47:08] [memory] Reserving 422 MB, device gpu1
[2019-08-03 22:47:08] [memory] Reserving 422 MB, device gpu1
[2019-08-03 22:47:08] [memory] Reserving 422 MB, device gpu1
[2019-08-03 22:47:09] [memory] Reserving 844 MB, device gpu1
[2019-08-03 22:57:30] Ep. 1 : Up. 2000 : Sen. 242,155 : Cost 130.16737366 : Time 631.31s : 8651.00 words/s
[2019-08-03 23:07:26] Seen 472049 samples
[2019-08-03 23:07:26] Starting epoch 2
[2019-08-03 23:07:26] [data] Shuffling data
[2019-08-03 23:07:26] [data] Done reading 518423 sentences
[2019-08-03 23:07:28] [data] Done shuffling 518423 sentences to temp files
[2019-08-03 23:08:02] Ep. 2 : Up. 4000 : Sen. 12,259 : Cost 98.25026703 : Time 632.03s : 8677.02 words/s
[2019-08-03 23:18:26] Ep. 2 : Up. 6000 : Sen. 253,072 : Cost 81.27616119 : Time 624.36s : 8726.78 words/s
[2019-08-03 23:27:51] Seen 472049 samples
[2019-08-03 23:27:51] Starting epoch 3
[2019-08-03 23:27:51] [data] Shuffling data
[2019-08-03 23:27:52] [data] Done reading 518423 sentences
[2019-08-03 23:27:53] [data] Done shuffling 518423 sentences to temp files
[2019-08-03 23:28:57] Ep. 3 : Up. 8000 : Sen. 23,897 : Cost 71.89033508 : Time 631.02s : 8698.09 words/s
[2019-08-03 23:39:21] Ep. 3 : Up. 10000 : Sen. 264,913 : Cost 64.67330933 : Time 624.01s : 8734.71 words/s
[2019-08-03 23:48:18] Seen 472049 samples
[2019-08-03 23:48:18] Starting epoch 4
[2019-08-03 23:48:18] [data] Shuffling data
[2019-08-03 23:48:18] [data] Done reading 518423 sentences
[2019-08-03 23:48:21] [data] Done shuffling 518423 sentences to temp files
[2019-08-03 23:49:51] Ep. 4 : Up. 12000 : Sen. 34,275 : Cost 60.33256531 : Time 630.05s : 8665.86 words/s
[2019-08-04 00:00:17] Ep. 4 : Up. 14000 : Sen. 276,563 : Cost 56.31007004 : Time 625.37s : 8748.25 words/s
[2019-08-04 00:08:41] Seen 472049 samples
[2019-08-04 00:08:41] Starting epoch 5
[2019-08-04 00:08:41] [data] Shuffling data
[2019-08-04 00:08:42] [data] Done reading 518423 sentences
[2019-08-04 00:08:44] [data] Done shuffling 518423 sentences to temp files
[2019-08-04 00:10:45] Ep. 5 : Up. 16000 : Sen. 46,023 : Cost 53.92487335 : Time 628.40s : 8692.07 words/s
[2019-08-04 00:21:11] Ep. 5 : Up. 18000 : Sen. 287,660 : Cost 51.19949341 : Time 626.53s : 8713.86 words/s
[2019-08-04 00:29:09] Seen 472049 samples
[2019-08-04 00:29:09] Starting epoch 6
[2019-08-04 00:29:09] [data] Shuffling data
[2019-08-04 00:29:10] [data] Done reading 518423 sentences
[2019-08-04 00:29:11] [data] Done shuffling 518423 sentences to temp files
[2019-08-04 00:31:43] Ep. 6 : Up. 20000 : Sen. 57,600 : Cost 49.80589676 : Time 631.41s : 8665.95 words/s
[2019-08-04 00:31:43] Saving model to ../experiments/10M_bicleaner_dom_0.25_dcce/model/model.npz.orig.npz
[2019-08-04 00:31:52] Saving model to ../experiments/10M_bicleaner_dom_0.25_dcce/model/model.iter20000.npz
[2019-08-04 00:31:58] Saving model to ../experiments/10M_bicleaner_dom_0.25_dcce/model/model.npz
[2019-08-04 00:32:07] Saving Adam parameters to ../experiments/10M_bicleaner_dom_0.25_dcce/model/model.npz.optimizer.npz
[2019-08-04 00:32:32] [valid] Ep. 6 : Up. 20000 : cross-entropy : 70.2962 : new best
[2019-08-04 00:32:41] [valid] Ep. 6 : Up. 20000 : perplexity : 15.9237 : new best
[2019-08-04 00:33:50] [valid] Ep. 6 : Up. 20000 : translation : 22.7 : new best
[2019-08-04 00:44:18] Ep. 6 : Up. 22000 : Sen. 298,729 : Cost 47.97745132 : Time 755.57s : 7235.17 words/s
[2019-08-04 00:51:45] Seen 472049 samples
[2019-08-04 00:51:45] Starting epoch 7
[2019-08-04 00:51:45] [data] Shuffling data
[2019-08-04 00:51:45] [data] Done reading 518423 sentences
[2019-08-04 00:51:47] [data] Done shuffling 518423 sentences to temp files
[2019-08-04 00:54:48] Ep. 7 : Up. 24000 : Sen. 69,220 : Cost 46.50482559 : Time 629.75s : 8674.37 words/s
[2019-08-04 01:05:15] Ep. 7 : Up. 26000 : Sen. 311,975 : Cost 44.95057678 : Time 626.33s : 8752.43 words/s
[2019-08-04 01:12:12] Seen 472049 samples
[2019-08-04 01:12:12] Starting epoch 8
[2019-08-04 01:12:12] [data] Shuffling data
[2019-08-04 01:12:12] [data] Done reading 518423 sentences
[2019-08-04 01:12:14] [data] Done shuffling 518423 sentences to temp files
[2019-08-04 01:15:45] Ep. 8 : Up. 28000 : Sen. 80,999 : Cost 44.20099258 : Time 630.95s : 8651.58 words/s
[2019-08-04 01:26:10] Ep. 8 : Up. 30000 : Sen. 322,156 : Cost 42.85559464 : Time 624.45s : 8729.14 words/s
[2019-08-04 01:32:38] Seen 472049 samples
[2019-08-04 01:32:38] Starting epoch 9
[2019-08-04 01:32:38] [data] Shuffling data
[2019-08-04 01:32:38] [data] Done reading 518423 sentences
[2019-08-04 01:32:40] [data] Done shuffling 518423 sentences to temp files
[2019-08-04 01:36:40] Ep. 9 : Up. 32000 : Sen. 92,019 : Cost 42.28504181 : Time 630.51s : 8666.78 words/s
[2019-08-04 01:47:08] Ep. 9 : Up. 34000 : Sen. 334,450 : Cost 41.04709244 : Time 627.46s : 8734.90 words/s
[2019-08-04 01:53:05] Seen 472049 samples
[2019-08-04 01:53:05] Starting epoch 10
[2019-08-04 01:53:05] [data] Shuffling data
[2019-08-04 01:53:06] [data] Done reading 518423 sentences
[2019-08-04 01:53:08] [data] Done shuffling 518423 sentences to temp files
[2019-08-04 01:57:39] Ep. 10 : Up. 36000 : Sen. 104,277 : Cost 40.21285629 : Time 630.85s : 8668.84 words/s
[2019-08-04 02:08:06] Ep. 10 : Up. 38000 : Sen. 346,402 : Cost 39.44897461 : Time 627.32s : 8725.28 words/s
[2019-08-04 02:13:31] Seen 472049 samples
[2019-08-04 02:13:31] Starting epoch 11
[2019-08-04 02:13:31] [data] Shuffling data
[2019-08-04 02:13:31] [data] Done reading 518423 sentences
[2019-08-04 02:13:40] [data] Done shuffling 518423 sentences to temp files
[2019-08-04 02:18:45] Ep. 11 : Up. 40000 : Sen. 116,003 : Cost 38.70027161 : Time 639.23s : 8552.19 words/s
[2019-08-04 02:18:45] Saving model to ../experiments/10M_bicleaner_dom_0.25_dcce/model/model.npz.orig.npz
[2019-08-04 02:19:00] Saving model to ../experiments/10M_bicleaner_dom_0.25_dcce/model/model.iter40000.npz
[2019-08-04 02:19:10] Saving model to ../experiments/10M_bicleaner_dom_0.25_dcce/model/model.npz
[2019-08-04 02:19:26] Saving Adam parameters to ../experiments/10M_bicleaner_dom_0.25_dcce/model/model.npz.optimizer.npz
[2019-08-04 02:19:53] [valid] Ep. 11 : Up. 40000 : cross-entropy : 61.7188 : new best
[2019-08-04 02:20:03] [valid] Ep. 11 : Up. 40000 : perplexity : 11.3598 : new best
[2019-08-04 02:21:15] [valid] Ep. 11 : Up. 40000 : translation : 25.28 : new best
[2019-08-04 02:31:43] Ep. 11 : Up. 42000 : Sen. 358,322 : Cost 38.06304550 : Time 778.14s : 7036.67 words/s
[2019-08-04 02:36:38] Seen 472049 samples
[2019-08-04 02:36:38] Starting epoch 12
[2019-08-04 02:36:38] [data] Shuffling data
[2019-08-04 02:36:38] [data] Done reading 518423 sentences
[2019-08-04 02:36:45] [data] Done shuffling 518423 sentences to temp files
[2019-08-04 02:42:17] Ep. 12 : Up. 44000 : Sen. 127,348 : Cost 37.40690613 : Time 633.80s : 8600.82 words/s
[2019-08-04 02:52:44] Ep. 12 : Up. 46000 : Sen. 369,784 : Cost 36.84700012 : Time 627.14s : 8741.81 words/s
[2019-08-04 02:57:11] Seen 472049 samples
[2019-08-04 02:57:11] Starting epoch 13
[2019-08-04 02:57:11] [data] Shuffling data
[2019-08-04 02:57:11] [data] Done reading 518423 sentences
[2019-08-04 02:57:17] [data] Done shuffling 518423 sentences to temp files
[2019-08-04 03:03:21] Ep. 13 : Up. 48000 : Sen. 139,549 : Cost 36.20634842 : Time 636.20s : 8582.46 words/s
[2019-08-04 03:13:49] Ep. 13 : Up. 50000 : Sen. 381,879 : Cost 35.79704285 : Time 628.75s : 8719.23 words/s
[2019-08-04 03:17:44] Seen 472049 samples
[2019-08-04 03:17:44] Starting epoch 14
[2019-08-04 03:17:44] [data] Shuffling data
[2019-08-04 03:17:44] [data] Done reading 518423 sentences
[2019-08-04 03:17:52] [data] Done shuffling 518423 sentences to temp files
[2019-08-04 03:24:28] Ep. 14 : Up. 52000 : Sen. 152,282 : Cost 34.81669617 : Time 638.55s : 8574.31 words/s
[2019-08-04 03:34:54] Ep. 14 : Up. 54000 : Sen. 394,162 : Cost 34.63108063 : Time 626.40s : 8727.89 words/s
[2019-08-04 03:38:18] Seen 472049 samples
[2019-08-04 03:38:18] Starting epoch 15
[2019-08-04 03:38:18] [data] Shuffling data
[2019-08-04 03:38:18] [data] Done reading 518423 sentences
[2019-08-04 03:38:26] [data] Done shuffling 518423 sentences to temp files
[2019-08-04 03:45:31] Ep. 15 : Up. 56000 : Sen. 163,545 : Cost 34.29187775 : Time 636.83s : 8587.72 words/s
[2019-08-04 03:55:55] Ep. 15 : Up. 58000 : Sen. 404,924 : Cost 33.99596786 : Time 624.03s : 8754.24 words/s
[2019-08-04 03:58:48] Seen 472049 samples
[2019-08-04 03:58:48] Starting epoch 16
[2019-08-04 03:58:48] [data] Shuffling data
[2019-08-04 03:58:48] [data] Done reading 518423 sentences
[2019-08-04 03:58:57] [data] Done shuffling 518423 sentences to temp files
[2019-08-04 04:06:34] Ep. 16 : Up. 60000 : Sen. 175,447 : Cost 32.76698685 : Time 639.16s : 8549.02 words/s
[2019-08-04 04:06:34] Saving model to ../experiments/10M_bicleaner_dom_0.25_dcce/model/model.npz.orig.npz
[2019-08-04 04:06:49] Saving model to ../experiments/10M_bicleaner_dom_0.25_dcce/model/model.iter60000.npz
[2019-08-04 04:07:00] Saving model to ../experiments/10M_bicleaner_dom_0.25_dcce/model/model.npz
[2019-08-04 04:07:18] Saving Adam parameters to ../experiments/10M_bicleaner_dom_0.25_dcce/model/model.npz.optimizer.npz
[2019-08-04 04:07:49] [valid] Ep. 16 : Up. 60000 : cross-entropy : 59.5983 : new best
[2019-08-04 04:07:58] [valid] Ep. 16 : Up. 60000 : perplexity : 10.4499 : new best
[2019-08-04 04:09:09] [valid] Ep. 16 : Up. 60000 : translation : 25.85 : new best
[2019-08-04 04:19:39] Ep. 16 : Up. 62000 : Sen. 417,924 : Cost 33.02710342 : Time 784.44s : 6985.78 words/s
[2019-08-04 04:22:00] Seen 472049 samples
[2019-08-04 04:22:00] Starting epoch 17
[2019-08-04 04:22:00] [data] Shuffling data
[2019-08-04 04:22:01] [data] Done reading 518423 sentences
[2019-08-04 04:22:09] [data] Done shuffling 518423 sentences to temp files
[2019-08-04 04:30:17] Ep. 17 : Up. 64000 : Sen. 186,836 : Cost 32.32629013 : Time 638.28s : 8563.82 words/s
[2019-08-04 04:40:45] Ep. 17 : Up. 66000 : Sen. 429,468 : Cost 32.11475754 : Time 628.33s : 8714.19 words/s
[2019-08-04 04:42:36] Seen 472049 samples
[2019-08-04 04:42:36] Starting epoch 18
[2019-08-04 04:42:36] [data] Shuffling data
[2019-08-04 04:42:36] [data] Done reading 518423 sentences
[2019-08-04 04:42:45] [data] Done shuffling 518423 sentences to temp files
[2019-08-04 04:51:26] Ep. 18 : Up. 68000 : Sen. 199,526 : Cost 31.30914307 : Time 640.65s : 8539.02 words/s
[2019-08-04 05:01:51] Ep. 18 : Up. 70000 : Sen. 440,470 : Cost 31.83367538 : Time 625.41s : 8722.13 words/s
[2019-08-04 05:03:13] Seen 472049 samples
[2019-08-04 05:03:13] Starting epoch 19
[2019-08-04 05:03:13] [data] Shuffling data
[2019-08-04 05:03:14] [data] Done reading 518423 sentences
[2019-08-04 05:03:26] [data] Done shuffling 518423 sentences to temp files
[2019-08-04 05:12:31] Ep. 19 : Up. 72000 : Sen. 210,381 : Cost 30.63001060 : Time 639.82s : 8545.69 words/s
[2019-08-04 05:22:58] Ep. 19 : Up. 74000 : Sen. 452,009 : Cost 30.90775108 : Time 627.26s : 8717.73 words/s
[2019-08-04 05:23:50] Seen 472049 samples
[2019-08-04 05:23:50] Starting epoch 20
[2019-08-04 05:23:50] [data] Shuffling data
[2019-08-04 05:23:50] [data] Done reading 518423 sentences
[2019-08-04 05:23:59] [data] Done shuffling 518423 sentences to temp files
[2019-08-04 05:33:37] Ep. 20 : Up. 76000 : Sen. 222,244 : Cost 29.97585297 : Time 638.87s : 8564.84 words/s
[2019-08-04 05:44:05] Ep. 20 : Up. 78000 : Sen. 464,289 : Cost 30.41749763 : Time 627.43s : 8721.10 words/s
[2019-08-04 05:44:25] Seen 472049 samples
[2019-08-04 05:44:25] Starting epoch 21
[2019-08-04 05:44:25] [data] Shuffling data
[2019-08-04 05:44:25] [data] Done reading 518423 sentences
[2019-08-04 05:44:31] [data] Done shuffling 518423 sentences to temp files
[2019-08-04 05:54:39] Ep. 21 : Up. 80000 : Sen. 234,511 : Cost 28.98110962 : Time 634.43s : 8609.59 words/s
[2019-08-04 05:54:39] Saving model to ../experiments/10M_bicleaner_dom_0.25_dcce/model/model.npz.orig.npz
[2019-08-04 05:54:58] Saving model to ../experiments/10M_bicleaner_dom_0.25_dcce/model/model.iter80000.npz
[2019-08-04 05:55:06] Saving model to ../experiments/10M_bicleaner_dom_0.25_dcce/model/model.npz
[2019-08-04 05:55:26] Saving Adam parameters to ../experiments/10M_bicleaner_dom_0.25_dcce/model/model.npz.optimizer.npz
[2019-08-04 05:55:57] [valid] Ep. 21 : Up. 80000 : cross-entropy : 59.3346 : new best
[2019-08-04 05:56:06] [valid] Ep. 21 : Up. 80000 : perplexity : 10.342 : new best
[2019-08-04 05:57:26] [valid] Ep. 21 : Up. 80000 : translation : 26 : new best
[2019-08-04 06:07:44] Seen 472049 samples
[2019-08-04 06:07:44] Starting epoch 22
[2019-08-04 06:07:44] [data] Shuffling data
[2019-08-04 06:07:45] [data] Done reading 518423 sentences
[2019-08-04 06:07:53] [data] Done shuffling 518423 sentences to temp files
[2019-08-04 06:08:05] Ep. 22 : Up. 82000 : Sen. 3,678 : Cost 29.81551170 : Time 805.75s : 6782.18 words/s
[2019-08-04 06:18:33] Ep. 22 : Up. 84000 : Sen. 245,947 : Cost 28.47709656 : Time 628.20s : 8725.18 words/s
[2019-08-04 06:28:20] Seen 472049 samples
[2019-08-04 06:28:20] Starting epoch 23
[2019-08-04 06:28:20] [data] Shuffling data
[2019-08-04 06:28:21] [data] Done reading 518423 sentences
[2019-08-04 06:28:27] [data] Done shuffling 518423 sentences to temp files
[2019-08-04 06:29:08] Ep. 23 : Up. 86000 : Sen. 14,881 : Cost 29.04356956 : Time 634.54s : 8582.32 words/s
[2019-08-04 06:39:36] Ep. 23 : Up. 88000 : Sen. 257,352 : Cost 27.85890961 : Time 627.90s : 8706.60 words/s
[2019-08-04 06:48:56] Seen 472049 samples
[2019-08-04 06:48:56] Starting epoch 24
[2019-08-04 06:48:56] [data] Shuffling data
[2019-08-04 06:48:57] [data] Done reading 518423 sentences
[2019-08-04 06:49:05] [data] Done shuffling 518423 sentences to temp files
[2019-08-04 06:50:16] Ep. 24 : Up. 90000 : Sen. 26,566 : Cost 28.44470024 : Time 640.40s : 8541.10 words/s
[2019-08-04 07:00:45] Ep. 24 : Up. 92000 : Sen. 268,359 : Cost 27.51308823 : Time 628.71s : 8689.24 words/s
[2019-08-04 07:09:32] Seen 472049 samples
[2019-08-04 07:09:32] Starting epoch 25
[2019-08-04 07:09:32] [data] Shuffling data
[2019-08-04 07:09:33] [data] Done reading 518423 sentences
[2019-08-04 07:09:40] [data] Done shuffling 518423 sentences to temp files
[2019-08-04 07:11:21] Ep. 25 : Up. 94000 : Sen. 38,128 : Cost 27.96628571 : Time 635.84s : 8589.27 words/s
[2019-08-04 07:21:49] Ep. 25 : Up. 96000 : Sen. 279,500 : Cost 27.36804771 : Time 628.09s : 8711.00 words/s
[2019-08-04 07:30:07] Seen 472049 samples
[2019-08-04 07:30:07] Starting epoch 26
[2019-08-04 07:30:07] [data] Shuffling data
[2019-08-04 07:30:08] [data] Done reading 518423 sentences
[2019-08-04 07:30:16] [data] Done shuffling 518423 sentences to temp files
[2019-08-04 07:32:27] Ep. 26 : Up. 98000 : Sen. 50,184 : Cost 27.13487816 : Time 638.47s : 8572.30 words/s
[2019-08-04 07:42:57] Ep. 26 : Up. 100000 : Sen. 293,197 : Cost 26.86866951 : Time 630.20s : 8708.97 words/s
[2019-08-04 07:42:57] Saving model to ../experiments/10M_bicleaner_dom_0.25_dcce/model/model.npz.orig.npz
[2019-08-04 07:43:12] Saving model to ../experiments/10M_bicleaner_dom_0.25_dcce/model/model.iter100000.npz
[2019-08-04 07:43:22] Saving model to ../experiments/10M_bicleaner_dom_0.25_dcce/model/model.npz
[2019-08-04 07:43:41] Saving Adam parameters to ../experiments/10M_bicleaner_dom_0.25_dcce/model/model.npz.optimizer.npz
[2019-08-04 07:44:11] [valid] Ep. 26 : Up. 100000 : cross-entropy : 59.9641 : stalled 1 times (last best: 59.3346)
[2019-08-04 07:44:19] [valid] Ep. 26 : Up. 100000 : perplexity : 10.6015 : stalled 1 times (last best: 10.342)
[2019-08-04 07:45:33] [valid] Ep. 26 : Up. 100000 : translation : 25.89 : stalled 1 times (last best: 26)
[2019-08-04 07:53:20] Seen 472049 samples
[2019-08-04 07:53:20] Starting epoch 27
[2019-08-04 07:53:20] [data] Shuffling data
[2019-08-04 07:53:20] [data] Done reading 518423 sentences
[2019-08-04 07:53:28] [data] Done shuffling 518423 sentences to temp files
[2019-08-04 07:56:14] Ep. 27 : Up. 102000 : Sen. 62,286 : Cost 26.87785339 : Time 796.72s : 6856.96 words/s
[2019-08-04 08:06:41] Ep. 27 : Up. 104000 : Sen. 305,050 : Cost 26.20686150 : Time 627.10s : 8729.53 words/s
[2019-08-04 08:13:56] Seen 472049 samples
[2019-08-04 08:13:56] Starting epoch 28
[2019-08-04 08:13:56] [data] Shuffling data
[2019-08-04 08:13:56] [data] Done reading 518423 sentences
[2019-08-04 08:14:00] [data] Done shuffling 518423 sentences to temp files
[2019-08-04 08:17:17] Ep. 28 : Up. 106000 : Sen. 74,303 : Cost 26.59812546 : Time 635.55s : 8607.22 words/s
[2019-08-04 08:27:44] Ep. 28 : Up. 108000 : Sen. 315,865 : Cost 25.92482758 : Time 627.12s : 8699.73 words/s
[2019-08-04 08:34:29] Seen 472049 samples
[2019-08-04 08:34:29] Starting epoch 29
[2019-08-04 08:34:29] [data] Shuffling data
[2019-08-04 08:34:29] [data] Done reading 518423 sentences
[2019-08-04 08:34:35] [data] Done shuffling 518423 sentences to temp files
[2019-08-04 08:38:20] Ep. 29 : Up. 110000 : Sen. 85,725 : Cost 26.01768875 : Time 635.86s : 8597.91 words/s
[2019-08-04 08:48:48] Ep. 29 : Up. 112000 : Sen. 327,748 : Cost 25.74196243 : Time 628.03s : 8707.01 words/s
[2019-08-04 08:55:03] Seen 472049 samples
[2019-08-04 08:55:03] Starting epoch 30
[2019-08-04 08:55:03] [data] Shuffling data
[2019-08-04 08:55:03] [data] Done reading 518423 sentences
[2019-08-04 08:55:09] [data] Done shuffling 518423 sentences to temp files
[2019-08-04 08:59:25] Ep. 30 : Up. 114000 : Sen. 98,614 : Cost 25.59429359 : Time 637.79s : 8614.01 words/s
[2019-08-04 09:09:54] Ep. 30 : Up. 116000 : Sen. 340,896 : Cost 25.35651016 : Time 628.95s : 8721.71 words/s
[2019-08-04 09:15:33] Seen 472049 samples
[2019-08-04 09:15:33] Starting epoch 31
[2019-08-04 09:15:33] [data] Shuffling data
[2019-08-04 09:15:34] [data] Done reading 518423 sentences
[2019-08-04 09:15:36] [data] Done shuffling 518423 sentences to temp files
[2019-08-04 09:20:27] Ep. 31 : Up. 118000 : Sen. 110,491 : Cost 25.13855743 : Time 633.06s : 8632.60 words/s
[2019-08-04 09:30:57] Ep. 31 : Up. 120000 : Sen. 352,923 : Cost 24.86853981 : Time 629.64s : 8690.61 words/s
[2019-08-04 09:30:57] Saving model to ../experiments/10M_bicleaner_dom_0.25_dcce/model/model.npz.orig.npz
[2019-08-04 09:31:09] Saving model to ../experiments/10M_bicleaner_dom_0.25_dcce/model/model.iter120000.npz
[2019-08-04 09:31:20] Saving model to ../experiments/10M_bicleaner_dom_0.25_dcce/model/model.npz
[2019-08-04 09:31:33] Saving Adam parameters to ../experiments/10M_bicleaner_dom_0.25_dcce/model/model.npz.optimizer.npz
[2019-08-04 09:32:02] [valid] Ep. 31 : Up. 120000 : cross-entropy : 61.1146 : stalled 2 times (last best: 59.3346)
[2019-08-04 09:32:10] [valid] Ep. 31 : Up. 120000 : perplexity : 11.0928 : stalled 2 times (last best: 10.342)
[2019-08-04 09:33:19] [valid] Ep. 31 : Up. 120000 : translation : 25.79 : stalled 2 times (last best: 26)
[2019-08-04 09:38:31] Seen 472049 samples
[2019-08-04 09:38:31] Starting epoch 32
[2019-08-04 09:38:31] [data] Shuffling data
[2019-08-04 09:38:31] [data] Done reading 518423 sentences
[2019-08-04 09:38:36] [data] Done shuffling 518423 sentences to temp files
[2019-08-04 09:43:55] Ep. 32 : Up. 122000 : Sen. 122,774 : Cost 24.76825905 : Time 778.02s : 7023.17 words/s
[2019-08-04 09:54:25] Ep. 32 : Up. 124000 : Sen. 365,077 : Cost 24.40246010 : Time 629.52s : 8711.63 words/s
[2019-08-04 09:59:01] Seen 472049 samples
[2019-08-04 09:59:01] Starting epoch 33
[2019-08-04 09:59:01] [data] Shuffling data
[2019-08-04 09:59:01] [data] Done reading 518423 sentences
[2019-08-04 09:59:10] [data] Done shuffling 518423 sentences to temp files
[2019-08-04 10:05:03] Ep. 33 : Up. 126000 : Sen. 135,022 : Cost 24.01855850 : Time 638.80s : 8552.62 words/s
[2019-08-04 10:15:30] Ep. 33 : Up. 128000 : Sen. 376,739 : Cost 24.39274597 : Time 626.79s : 8731.91 words/s
[2019-08-04 10:19:36] Seen 472049 samples
[2019-08-04 10:19:36] Starting epoch 34
[2019-08-04 10:19:36] [data] Shuffling data
[2019-08-04 10:19:37] [data] Done reading 518423 sentences
[2019-08-04 10:19:45] [data] Done shuffling 518423 sentences to temp files
[2019-08-04 10:26:10] Ep. 34 : Up. 130000 : Sen. 147,789 : Cost 23.82907867 : Time 639.90s : 8570.14 words/s
[2019-08-04 10:36:38] Ep. 34 : Up. 132000 : Sen. 389,584 : Cost 24.13294029 : Time 628.16s : 8707.81 words/s
[2019-08-04 10:40:11] Seen 472049 samples
[2019-08-04 10:40:11] Starting epoch 35
[2019-08-04 10:40:11] [data] Shuffling data
[2019-08-04 10:40:12] [data] Done reading 518423 sentences
[2019-08-04 10:40:21] [data] Done shuffling 518423 sentences to temp files
[2019-08-04 10:47:19] Ep. 35 : Up. 134000 : Sen. 159,150 : Cost 23.50531197 : Time 640.45s : 8543.30 words/s
[2019-08-04 10:57:46] Ep. 35 : Up. 136000 : Sen. 401,936 : Cost 23.71841431 : Time 627.53s : 8729.68 words/s
[2019-08-04 11:00:48] Seen 472049 samples
[2019-08-04 11:00:48] Starting epoch 36
[2019-08-04 11:00:48] [data] Shuffling data
[2019-08-04 11:00:49] [data] Done reading 518423 sentences
[2019-08-04 11:00:57] [data] Done shuffling 518423 sentences to temp files
[2019-08-04 11:08:26] Ep. 36 : Up. 138000 : Sen. 170,629 : Cost 23.31941605 : Time 639.49s : 8526.36 words/s
[2019-08-04 11:18:54] Ep. 36 : Up. 140000 : Sen. 413,243 : Cost 23.52061272 : Time 628.63s : 8707.90 words/s
[2019-08-04 11:18:54] Saving model to ../experiments/10M_bicleaner_dom_0.25_dcce/model/model.npz.orig.npz
[2019-08-04 11:19:11] Saving model to ../experiments/10M_bicleaner_dom_0.25_dcce/model/model.iter140000.npz
[2019-08-04 11:19:25] Saving model to ../experiments/10M_bicleaner_dom_0.25_dcce/model/model.npz
[2019-08-04 11:19:46] Saving Adam parameters to ../experiments/10M_bicleaner_dom_0.25_dcce/model/model.npz.optimizer.npz
[2019-08-04 11:20:14] [valid] Ep. 36 : Up. 140000 : cross-entropy : 62.4333 : stalled 3 times (last best: 59.3346)
[2019-08-04 11:20:22] [valid] Ep. 36 : Up. 140000 : perplexity : 11.684 : stalled 3 times (last best: 10.342)
[2019-08-04 11:21:39] [valid] Ep. 36 : Up. 140000 : translation : 25.52 : stalled 3 times (last best: 26)
[2019-08-04 11:24:14] Seen 472049 samples
[2019-08-04 11:24:14] Starting epoch 37
[2019-08-04 11:24:14] [data] Shuffling data
[2019-08-04 11:24:15] [data] Done reading 518423 sentences
[2019-08-04 11:24:23] [data] Done shuffling 518423 sentences to temp files
[2019-08-04 11:32:21] Ep. 37 : Up. 142000 : Sen. 182,742 : Cost 22.95683861 : Time 806.39s : 6779.79 words/s
[2019-08-04 11:42:52] Ep. 37 : Up. 144000 : Sen. 425,703 : Cost 23.06853294 : Time 631.28s : 8693.86 words/s
[2019-08-04 11:44:52] Seen 472049 samples
[2019-08-04 11:44:52] Starting epoch 38
[2019-08-04 11:44:52] [data] Shuffling data
[2019-08-04 11:44:52] [data] Done reading 518423 sentences
[2019-08-04 11:44:59] [data] Done shuffling 518423 sentences to temp files
[2019-08-04 11:53:30] Ep. 38 : Up. 146000 : Sen. 196,162 : Cost 22.52602005 : Time 637.69s : 8582.72 words/s
[2019-08-04 12:03:59] Ep. 38 : Up. 148000 : Sen. 437,911 : Cost 23.16809464 : Time 629.47s : 8690.83 words/s
[2019-08-04 12:05:28] Seen 472049 samples
[2019-08-04 12:05:28] Starting epoch 39
[2019-08-04 12:05:28] [data] Shuffling data
[2019-08-04 12:05:29] [data] Done reading 518423 sentences
[2019-08-04 12:05:37] [data] Done shuffling 518423 sentences to temp files
[2019-08-04 12:14:39] Ep. 39 : Up. 150000 : Sen. 207,667 : Cost 22.11771393 : Time 640.23s : 8546.08 words/s
[2019-08-04 12:25:06] Ep. 39 : Up. 152000 : Sen. 449,649 : Cost 22.79285812 : Time 626.89s : 8716.84 words/s
[2019-08-04 12:26:06] Seen 472049 samples
[2019-08-04 12:26:06] Starting epoch 40
[2019-08-04 12:26:06] [data] Shuffling data
[2019-08-04 12:26:06] [data] Done reading 518423 sentences
[2019-08-04 12:26:20] [data] Done shuffling 518423 sentences to temp files
[2019-08-04 12:35:53] Ep. 40 : Up. 154000 : Sen. 219,282 : Cost 22.19843674 : Time 646.15s : 8467.75 words/s
[2019-08-04 12:46:21] Ep. 40 : Up. 156000 : Sen. 461,250 : Cost 22.43801880 : Time 628.94s : 8689.48 words/s
[2019-08-04 12:46:49] Seen 472049 samples
[2019-08-04 12:46:49] Starting epoch 41
[2019-08-04 12:46:49] [data] Shuffling data
[2019-08-04 12:46:50] [data] Done reading 518423 sentences
[2019-08-04 12:46:57] [data] Done shuffling 518423 sentences to temp files
[2019-08-04 12:56:59] Ep. 41 : Up. 158000 : Sen. 231,065 : Cost 21.80247498 : Time 637.58s : 8579.19 words/s
[2019-08-04 13:07:25] Seen 472049 samples
[2019-08-04 13:07:25] Starting epoch 42
[2019-08-04 13:07:25] [data] Shuffling data
[2019-08-04 13:07:25] [data] Done reading 518423 sentences
[2019-08-04 13:07:35] [data] Done shuffling 518423 sentences to temp files
[2019-08-04 13:07:38] Ep. 42 : Up. 160000 : Sen. 358 : Cost 22.19224930 : Time 638.80s : 8531.78 words/s
[2019-08-04 13:07:38] Saving model to ../experiments/10M_bicleaner_dom_0.25_dcce/model/model.npz.orig.npz
[2019-08-04 13:07:52] Saving model to ../experiments/10M_bicleaner_dom_0.25_dcce/model/model.iter160000.npz
[2019-08-04 13:08:06] Saving model to ../experiments/10M_bicleaner_dom_0.25_dcce/model/model.npz
[2019-08-04 13:08:25] Saving Adam parameters to ../experiments/10M_bicleaner_dom_0.25_dcce/model/model.npz.optimizer.npz
[2019-08-04 13:08:55] [valid] Ep. 42 : Up. 160000 : cross-entropy : 63.9131 : stalled 4 times (last best: 59.3346)
[2019-08-04 13:09:04] [valid] Ep. 42 : Up. 160000 : perplexity : 12.3849 : stalled 4 times (last best: 10.342)
[2019-08-04 13:10:16] [valid] Ep. 42 : Up. 160000 : translation : 25.17 : stalled 4 times (last best: 26)
[2019-08-04 13:20:43] Ep. 42 : Up. 162000 : Sen. 242,442 : Cost 21.48614120 : Time 785.29s : 6974.31 words/s
[2019-08-04 13:30:34] Seen 472049 samples
[2019-08-04 13:30:34] Starting epoch 43
[2019-08-04 13:30:34] [data] Shuffling data
[2019-08-04 13:30:34] [data] Done reading 518423 sentences
[2019-08-04 13:30:43] [data] Done shuffling 518423 sentences to temp files
[2019-08-04 13:31:18] Ep. 43 : Up. 164000 : Sen. 12,566 : Cost 22.07855988 : Time 635.22s : 8613.53 words/s
[2019-08-04 13:41:41] Ep. 43 : Up. 166000 : Sen. 254,664 : Cost 21.21547318 : Time 623.00s : 8786.01 words/s
[2019-08-04 13:51:00] Seen 472049 samples
[2019-08-04 13:51:00] Starting epoch 44
[2019-08-04 13:51:00] [data] Shuffling data
[2019-08-04 13:51:00] [data] Done reading 518423 sentences
[2019-08-04 13:51:10] [data] Done shuffling 518423 sentences to temp files
[2019-08-04 13:52:18] Ep. 44 : Up. 168000 : Sen. 25,191 : Cost 21.65048218 : Time 636.64s : 8619.77 words/s
[2019-08-04 14:02:43] Ep. 44 : Up. 170000 : Sen. 267,638 : Cost 20.94784164 : Time 624.79s : 8770.71 words/s
[2019-08-04 14:11:27] Seen 472049 samples
[2019-08-04 14:11:27] Starting epoch 45
[2019-08-04 14:11:27] [data] Shuffling data
[2019-08-04 14:11:27] [data] Done reading 518423 sentences
[2019-08-04 14:11:34] [data] Done shuffling 518423 sentences to temp files
[2019-08-04 14:13:11] Ep. 45 : Up. 172000 : Sen. 37,724 : Cost 21.37402153 : Time 628.70s : 8694.40 words/s
[2019-08-04 14:23:37] Ep. 45 : Up. 174000 : Sen. 280,483 : Cost 20.88465118 : Time 625.40s : 8777.46 words/s
[2019-08-04 14:31:49] Seen 472049 samples
[2019-08-04 14:31:49] Starting epoch 46
[2019-08-04 14:31:49] [data] Shuffling data
[2019-08-04 14:31:49] [data] Done reading 518423 sentences
[2019-08-04 14:31:58] [data] Done shuffling 518423 sentences to temp files
[2019-08-04 14:34:07] Ep. 46 : Up. 176000 : Sen. 50,315 : Cost 21.18818665 : Time 630.05s : 8666.89 words/s
[2019-08-04 14:44:29] Ep. 46 : Up. 178000 : Sen. 291,459 : Cost 20.61296082 : Time 622.33s : 8789.10 words/s
[2019-08-04 14:52:12] Seen 472049 samples
[2019-08-04 14:52:12] Starting epoch 47
[2019-08-04 14:52:12] [data] Shuffling data
[2019-08-04 14:52:12] [data] Done reading 518423 sentences
[2019-08-04 14:52:23] [data] Done shuffling 518423 sentences to temp files
[2019-08-04 14:55:03] Ep. 47 : Up. 180000 : Sen. 61,406 : Cost 20.82760620 : Time 633.69s : 8622.75 words/s
[2019-08-04 14:55:03] Saving model to ../experiments/10M_bicleaner_dom_0.25_dcce/model/model.npz.orig.npz
[2019-08-04 14:55:25] Saving model to ../experiments/10M_bicleaner_dom_0.25_dcce/model/model.iter180000.npz
[2019-08-04 14:55:36] Saving model to ../experiments/10M_bicleaner_dom_0.25_dcce/model/model.npz
[2019-08-04 14:56:04] Saving Adam parameters to ../experiments/10M_bicleaner_dom_0.25_dcce/model/model.npz.optimizer.npz
[2019-08-04 14:56:36] [valid] Ep. 47 : Up. 180000 : cross-entropy : 65.368 : stalled 5 times (last best: 59.3346)
[2019-08-04 14:56:45] [valid] Ep. 47 : Up. 180000 : perplexity : 13.1151 : stalled 5 times (last best: 10.342)
[2019-08-04 14:58:02] [valid] Ep. 47 : Up. 180000 : translation : 24.87 : stalled 5 times (last best: 26)
[2019-08-04 14:58:04] Training finished
[2019-08-04 14:58:08] Saving model to ../experiments/10M_bicleaner_dom_0.25_dcce/model/model.npz.orig.npz
[2019-08-04 14:58:26] Saving model to ../experiments/10M_bicleaner_dom_0.25_dcce/model/model.npz
[2019-08-04 14:58:48] Saving Adam parameters to ../experiments/10M_bicleaner_dom_0.25_dcce/model/model.npz.optimizer.npz
