[2019-08-07 11:15:35] [marian] Marian v1.7.8 ec2d66e 2019-05-27 14:52:11 +0100
[2019-08-07 11:15:35] [marian] Running on fulla as process 380613 with command line:
[2019-08-07 11:15:35] [marian] /fs/bil0/abdel/marian-dev/build/marian --sync-sgd --model ../experiments/100M_random_hardrules_v1.0/model/model.npz -T . --devices 5 --train-sets ../experiments/100M_random_hardrules_v1.0/data/train.bpe.de ../experiments/100M_random_hardrules_v1.0/data/train.bpe.en --vocabs ../experiments/100M_random_hardrules_v1.0/data/train.bpe.de.json ../experiments/100M_random_hardrules_v1.0/data/train.bpe.en.json --mini-batch-fit -w 5000 --dim-vocabs 50000 50000 --layer-normalization --dropout-rnn 0.2 --dropout-src 0.1 --dropout-trg 0.1 --learn-rate 0.0001 --after-epochs 0 --early-stopping 5 --valid-freq 20000 --save-freq 20000 --disp-freq 2000 --valid-mini-batch 8 --valid-sets ../experiments/100M_random_hardrules_v1.0/data/dev.bpe.de ../experiments/100M_random_hardrules_v1.0/data/dev.bpe.en --valid-metrics cross-entropy perplexity translation --valid-translation-output ../experiments/100M_random_hardrules_v1.0/model/dev.out --valid-script-path ../experiments/100M_random_hardrules_v1.0/score-dev.sh --seed 1111 --exponential-smoothing --normalize=1 --beam-size=12 --quiet-translation --log ../experiments/100M_random_hardrules_v1.0/model/train.log --valid-log ../experiments/100M_random_hardrules_v1.0/model/valid.log
[2019-08-07 11:15:35] [config] after-batches: 0
[2019-08-07 11:15:35] [config] after-epochs: 0
[2019-08-07 11:15:35] [config] allow-unk: false
[2019-08-07 11:15:35] [config] beam-size: 12
[2019-08-07 11:15:35] [config] bert-class-symbol: "[CLS]"
[2019-08-07 11:15:35] [config] bert-mask-symbol: "[MASK]"
[2019-08-07 11:15:35] [config] bert-masking-fraction: 0.15
[2019-08-07 11:15:35] [config] bert-sep-symbol: "[SEP]"
[2019-08-07 11:15:35] [config] bert-train-type-embeddings: true
[2019-08-07 11:15:35] [config] bert-type-vocab-size: 2
[2019-08-07 11:15:35] [config] best-deep: false
[2019-08-07 11:15:35] [config] clip-gemm: 0
[2019-08-07 11:15:35] [config] clip-norm: 1
[2019-08-07 11:15:35] [config] cost-type: ce-mean
[2019-08-07 11:15:35] [config] cpu-threads: 0
[2019-08-07 11:15:35] [config] data-weighting: ""
[2019-08-07 11:15:35] [config] data-weighting-type: sentence
[2019-08-07 11:15:35] [config] dec-cell: gru
[2019-08-07 11:15:35] [config] dec-cell-base-depth: 2
[2019-08-07 11:15:35] [config] dec-cell-high-depth: 1
[2019-08-07 11:15:35] [config] dec-depth: 1
[2019-08-07 11:15:35] [config] devices:
[2019-08-07 11:15:35] [config]   - 5
[2019-08-07 11:15:35] [config] dim-emb: 512
[2019-08-07 11:15:35] [config] dim-rnn: 1024
[2019-08-07 11:15:35] [config] dim-vocabs:
[2019-08-07 11:15:35] [config]   - 50000
[2019-08-07 11:15:35] [config]   - 50000
[2019-08-07 11:15:35] [config] disp-first: 0
[2019-08-07 11:15:35] [config] disp-freq: 2000
[2019-08-07 11:15:35] [config] disp-label-counts: false
[2019-08-07 11:15:35] [config] dropout-rnn: 0.2
[2019-08-07 11:15:35] [config] dropout-src: 0.1
[2019-08-07 11:15:35] [config] dropout-trg: 0.1
[2019-08-07 11:15:35] [config] dump-config: ""
[2019-08-07 11:15:35] [config] early-stopping: 5
[2019-08-07 11:15:35] [config] embedding-fix-src: false
[2019-08-07 11:15:35] [config] embedding-fix-trg: false
[2019-08-07 11:15:35] [config] embedding-normalization: false
[2019-08-07 11:15:35] [config] embedding-vectors:
[2019-08-07 11:15:35] [config]   []
[2019-08-07 11:15:35] [config] enc-cell: gru
[2019-08-07 11:15:35] [config] enc-cell-depth: 1
[2019-08-07 11:15:35] [config] enc-depth: 1
[2019-08-07 11:15:35] [config] enc-type: bidirectional
[2019-08-07 11:15:35] [config] exponential-smoothing: 0.0001
[2019-08-07 11:15:35] [config] grad-dropping-momentum: 0
[2019-08-07 11:15:35] [config] grad-dropping-rate: 0
[2019-08-07 11:15:35] [config] grad-dropping-warmup: 100
[2019-08-07 11:15:35] [config] guided-alignment: none
[2019-08-07 11:15:35] [config] guided-alignment-cost: mse
[2019-08-07 11:15:35] [config] guided-alignment-weight: 0.1
[2019-08-07 11:15:35] [config] ignore-model-config: false
[2019-08-07 11:15:35] [config] input-types:
[2019-08-07 11:15:35] [config]   []
[2019-08-07 11:15:35] [config] interpolate-env-vars: false
[2019-08-07 11:15:35] [config] keep-best: false
[2019-08-07 11:15:35] [config] label-smoothing: 0
[2019-08-07 11:15:35] [config] layer-normalization: true
[2019-08-07 11:15:35] [config] learn-rate: 0.0001
[2019-08-07 11:15:35] [config] log: ../experiments/100M_random_hardrules_v1.0/model/train.log
[2019-08-07 11:15:35] [config] log-level: info
[2019-08-07 11:15:35] [config] log-time-zone: ""
[2019-08-07 11:15:35] [config] lr-decay: 0
[2019-08-07 11:15:35] [config] lr-decay-freq: 50000
[2019-08-07 11:15:35] [config] lr-decay-inv-sqrt:
[2019-08-07 11:15:35] [config]   - 0
[2019-08-07 11:15:35] [config] lr-decay-repeat-warmup: false
[2019-08-07 11:15:35] [config] lr-decay-reset-optimizer: false
[2019-08-07 11:15:35] [config] lr-decay-start:
[2019-08-07 11:15:35] [config]   - 10
[2019-08-07 11:15:35] [config]   - 1
[2019-08-07 11:15:35] [config] lr-decay-strategy: epoch+stalled
[2019-08-07 11:15:35] [config] lr-report: false
[2019-08-07 11:15:35] [config] lr-warmup: 0
[2019-08-07 11:15:35] [config] lr-warmup-at-reload: false
[2019-08-07 11:15:35] [config] lr-warmup-cycle: false
[2019-08-07 11:15:35] [config] lr-warmup-start-rate: 0
[2019-08-07 11:15:35] [config] max-length: 50
[2019-08-07 11:15:35] [config] max-length-crop: false
[2019-08-07 11:15:35] [config] max-length-factor: 3
[2019-08-07 11:15:35] [config] maxi-batch: 100
[2019-08-07 11:15:35] [config] maxi-batch-sort: trg
[2019-08-07 11:15:35] [config] mini-batch: 64
[2019-08-07 11:15:35] [config] mini-batch-fit: true
[2019-08-07 11:15:35] [config] mini-batch-fit-step: 10
[2019-08-07 11:15:35] [config] mini-batch-overstuff: 1
[2019-08-07 11:15:35] [config] mini-batch-track-lr: false
[2019-08-07 11:15:35] [config] mini-batch-understuff: 1
[2019-08-07 11:15:35] [config] mini-batch-warmup: 0
[2019-08-07 11:15:35] [config] mini-batch-words: 0
[2019-08-07 11:15:35] [config] mini-batch-words-ref: 0
[2019-08-07 11:15:35] [config] model: ../experiments/100M_random_hardrules_v1.0/model/model.npz
[2019-08-07 11:15:35] [config] multi-loss-type: sum
[2019-08-07 11:15:35] [config] multi-node: false
[2019-08-07 11:15:35] [config] multi-node-overlap: true
[2019-08-07 11:15:35] [config] n-best: false
[2019-08-07 11:15:35] [config] no-nccl: false
[2019-08-07 11:15:35] [config] no-reload: false
[2019-08-07 11:15:35] [config] no-restore-corpus: false
[2019-08-07 11:15:35] [config] no-shuffle: false
[2019-08-07 11:15:35] [config] normalize: 1
[2019-08-07 11:15:35] [config] num-devices: 0
[2019-08-07 11:15:35] [config] optimizer: adam
[2019-08-07 11:15:35] [config] optimizer-delay: 1
[2019-08-07 11:15:35] [config] optimizer-params:
[2019-08-07 11:15:35] [config]   []
[2019-08-07 11:15:35] [config] overwrite: false
[2019-08-07 11:15:35] [config] pretrained-model: ""
[2019-08-07 11:15:35] [config] quiet: false
[2019-08-07 11:15:35] [config] quiet-translation: true
[2019-08-07 11:15:35] [config] relative-paths: false
[2019-08-07 11:15:35] [config] right-left: false
[2019-08-07 11:15:35] [config] save-freq: 20000
[2019-08-07 11:15:35] [config] seed: 1111
[2019-08-07 11:15:35] [config] shuffle-in-ram: false
[2019-08-07 11:15:35] [config] skip: false
[2019-08-07 11:15:35] [config] sqlite: ""
[2019-08-07 11:15:35] [config] sqlite-drop: false
[2019-08-07 11:15:35] [config] sync-sgd: true
[2019-08-07 11:15:35] [config] tempdir: .
[2019-08-07 11:15:35] [config] tied-embeddings: false
[2019-08-07 11:15:35] [config] tied-embeddings-all: false
[2019-08-07 11:15:35] [config] tied-embeddings-src: false
[2019-08-07 11:15:35] [config] train-sets:
[2019-08-07 11:15:35] [config]   - ../experiments/100M_random_hardrules_v1.0/data/train.bpe.de
[2019-08-07 11:15:35] [config]   - ../experiments/100M_random_hardrules_v1.0/data/train.bpe.en
[2019-08-07 11:15:35] [config] transformer-aan-activation: swish
[2019-08-07 11:15:35] [config] transformer-aan-depth: 2
[2019-08-07 11:15:35] [config] transformer-aan-nogate: false
[2019-08-07 11:15:35] [config] transformer-decoder-autoreg: self-attention
[2019-08-07 11:15:35] [config] transformer-dim-aan: 2048
[2019-08-07 11:15:35] [config] transformer-dim-ffn: 2048
[2019-08-07 11:15:35] [config] transformer-dropout: 0
[2019-08-07 11:15:35] [config] transformer-dropout-attention: 0
[2019-08-07 11:15:35] [config] transformer-dropout-ffn: 0
[2019-08-07 11:15:35] [config] transformer-ffn-activation: swish
[2019-08-07 11:15:35] [config] transformer-ffn-depth: 2
[2019-08-07 11:15:35] [config] transformer-guided-alignment-layer: last
[2019-08-07 11:15:35] [config] transformer-heads: 8
[2019-08-07 11:15:35] [config] transformer-no-projection: false
[2019-08-07 11:15:35] [config] transformer-postprocess: dan
[2019-08-07 11:15:35] [config] transformer-postprocess-emb: d
[2019-08-07 11:15:35] [config] transformer-preprocess: ""
[2019-08-07 11:15:35] [config] transformer-tied-layers:
[2019-08-07 11:15:35] [config]   []
[2019-08-07 11:15:35] [config] transformer-train-position-embeddings: false
[2019-08-07 11:15:35] [config] type: amun
[2019-08-07 11:15:35] [config] ulr: false
[2019-08-07 11:15:35] [config] ulr-dim-emb: 0
[2019-08-07 11:15:35] [config] ulr-dropout: 0
[2019-08-07 11:15:35] [config] ulr-keys-vectors: ""
[2019-08-07 11:15:35] [config] ulr-query-vectors: ""
[2019-08-07 11:15:35] [config] ulr-softmax-temperature: 1
[2019-08-07 11:15:35] [config] ulr-trainable-transformation: false
[2019-08-07 11:15:35] [config] valid-freq: 20000
[2019-08-07 11:15:35] [config] valid-log: ../experiments/100M_random_hardrules_v1.0/model/valid.log
[2019-08-07 11:15:35] [config] valid-max-length: 1000
[2019-08-07 11:15:35] [config] valid-metrics:
[2019-08-07 11:15:35] [config]   - cross-entropy
[2019-08-07 11:15:35] [config]   - perplexity
[2019-08-07 11:15:35] [config]   - translation
[2019-08-07 11:15:35] [config] valid-mini-batch: 8
[2019-08-07 11:15:35] [config] valid-script-path: ../experiments/100M_random_hardrules_v1.0/score-dev.sh
[2019-08-07 11:15:35] [config] valid-sets:
[2019-08-07 11:15:35] [config]   - ../experiments/100M_random_hardrules_v1.0/data/dev.bpe.de
[2019-08-07 11:15:35] [config]   - ../experiments/100M_random_hardrules_v1.0/data/dev.bpe.en
[2019-08-07 11:15:35] [config] valid-translation-output: ../experiments/100M_random_hardrules_v1.0/model/dev.out
[2019-08-07 11:15:35] [config] vocabs:
[2019-08-07 11:15:35] [config]   - ../experiments/100M_random_hardrules_v1.0/data/train.bpe.de.json
[2019-08-07 11:15:35] [config]   - ../experiments/100M_random_hardrules_v1.0/data/train.bpe.en.json
[2019-08-07 11:15:35] [config] word-penalty: 0
[2019-08-07 11:15:35] [config] workspace: 5000
[2019-08-07 11:15:35] [config] Model is being created with Marian v1.7.8 ec2d66e 2019-05-27 14:52:11 +0100
[2019-08-07 11:15:35] Using synchronous training
[2019-08-07 11:15:35] [data] Loading vocabulary from JSON/Yaml file ../experiments/100M_random_hardrules_v1.0/data/train.bpe.de.json
[2019-08-07 11:15:35] [data] Using unused word id eos for 0
[2019-08-07 11:15:35] [data] Using unused word id UNK for 1
[2019-08-07 11:15:35] [data] Setting vocabulary size for input 0 to 50000
[2019-08-07 11:15:35] [data] Loading vocabulary from JSON/Yaml file ../experiments/100M_random_hardrules_v1.0/data/train.bpe.en.json
[2019-08-07 11:15:36] [data] Using unused word id eos for 0
[2019-08-07 11:15:36] [data] Using unused word id UNK for 1
[2019-08-07 11:15:36] [data] Setting vocabulary size for input 1 to 50000
[2019-08-07 11:15:36] Compiled without MPI support. Falling back to FakeMPIWrapper
[2019-08-07 11:15:36] [batching] Collecting statistics for batch fitting with step size 10
[2019-08-07 11:15:37] [memory] Extending reserved space to 5120 MB (device gpu5)
[2019-08-07 11:15:38] [comm] Using NCCL 2.4.2 for GPU communication
[2019-08-07 11:15:38] [comm] NCCLCommunicator constructed successfully.
[2019-08-07 11:15:38] [training] Using 1 GPUs
[2019-08-07 11:15:38] [memory] Reserving 422 MB, device gpu5
[2019-08-07 11:15:38] [gpu] 16-bit TensorCores enabled for float32 matrix operations
[2019-08-07 11:15:38] [memory] Reserving 422 MB, device gpu5
[2019-08-07 11:15:46] [batching] Done. Typical MB size is 6880 target words
[2019-08-07 11:15:46] [memory] Extending reserved space to 5120 MB (device gpu5)
[2019-08-07 11:15:46] [comm] Using NCCL 2.4.2 for GPU communication
[2019-08-07 11:15:46] [comm] NCCLCommunicator constructed successfully.
[2019-08-07 11:15:46] [training] Using 1 GPUs
[2019-08-07 11:15:46] Training started
[2019-08-07 11:15:46] [data] Shuffling data
[2019-08-07 11:15:50] [data] Done reading 6886952 sentences
[2019-08-07 11:16:19] [data] Done shuffling 6886952 sentences to temp files
[2019-08-07 11:16:27] [training] Batches are processed as 1 process(es) x 1 devices/process
[2019-08-07 11:16:27] [memory] Reserving 422 MB, device gpu5
[2019-08-07 11:16:27] [memory] Reserving 422 MB, device gpu5
[2019-08-07 11:16:27] [memory] Reserving 422 MB, device gpu5
[2019-08-07 11:16:27] [memory] Reserving 844 MB, device gpu5
[2019-08-07 11:29:36] Ep. 1 : Up. 2000 : Sen. 327,144 : Cost 123.92922974 : Time 840.76s : 7089.15 words/s
[2019-08-07 11:42:33] Ep. 1 : Up. 4000 : Sen. 654,156 : Cost 106.00535583 : Time 777.03s : 7669.16 words/s
[2019-08-07 11:48:47] Ep. 1 : Up. 6000 : Sen. 979,375 : Cost 98.01845551 : Time 373.56s : 15867.55 words/s
[2019-08-07 11:55:00] Ep. 1 : Up. 8000 : Sen. 1,303,530 : Cost 92.38931274 : Time 373.20s : 15814.86 words/s
[2019-08-07 12:01:13] Ep. 1 : Up. 10000 : Sen. 1,629,364 : Cost 88.48403931 : Time 373.38s : 15898.25 words/s
[2019-08-07 15:39:20] [marian] Marian v1.7.8 ec2d66e 2019-05-27 14:52:11 +0100
[2019-08-07 15:39:20] [marian] Running on fulla as process 5131 with command line:
[2019-08-07 15:39:20] [marian] /fs/bil0/abdel/marian-dev/build/marian --sync-sgd --model ../experiments/100M_random_hardrules_v1.0/model/model.npz -T . --devices 5 --train-sets ../experiments/100M_random_hardrules_v1.0/data/train.bpe.de ../experiments/100M_random_hardrules_v1.0/data/train.bpe.en --vocabs ../experiments/100M_random_hardrules_v1.0/data/train.bpe.de.json ../experiments/100M_random_hardrules_v1.0/data/train.bpe.en.json --mini-batch-fit -w 3000 --dim-vocabs 50000 50000 --layer-normalization --dropout-rnn 0.2 --dropout-src 0.1 --dropout-trg 0.1 --learn-rate 0.0001 --after-epochs 0 --early-stopping 5 --valid-freq 20000 --save-freq 20000 --disp-freq 2000 --valid-mini-batch 8 --valid-sets ../experiments/100M_random_hardrules_v1.0/data/dev.bpe.de ../experiments/100M_random_hardrules_v1.0/data/dev.bpe.en --valid-metrics cross-entropy perplexity translation --valid-translation-output ../experiments/100M_random_hardrules_v1.0/model/dev.out --valid-script-path ../experiments/100M_random_hardrules_v1.0/score-dev.sh --seed 1111 --exponential-smoothing --normalize=1 --beam-size=12 --quiet-translation --log ../experiments/100M_random_hardrules_v1.0/model/train.log --valid-log ../experiments/100M_random_hardrules_v1.0/model/valid.log
[2019-08-07 15:39:20] [config] after-batches: 0
[2019-08-07 15:39:20] [config] after-epochs: 0
[2019-08-07 15:39:20] [config] allow-unk: false
[2019-08-07 15:39:20] [config] beam-size: 12
[2019-08-07 15:39:20] [config] bert-class-symbol: "[CLS]"
[2019-08-07 15:39:20] [config] bert-mask-symbol: "[MASK]"
[2019-08-07 15:39:20] [config] bert-masking-fraction: 0.15
[2019-08-07 15:39:20] [config] bert-sep-symbol: "[SEP]"
[2019-08-07 15:39:20] [config] bert-train-type-embeddings: true
[2019-08-07 15:39:20] [config] bert-type-vocab-size: 2
[2019-08-07 15:39:20] [config] best-deep: false
[2019-08-07 15:39:20] [config] clip-gemm: 0
[2019-08-07 15:39:20] [config] clip-norm: 1
[2019-08-07 15:39:20] [config] cost-type: ce-mean
[2019-08-07 15:39:20] [config] cpu-threads: 0
[2019-08-07 15:39:20] [config] data-weighting: ""
[2019-08-07 15:39:20] [config] data-weighting-type: sentence
[2019-08-07 15:39:20] [config] dec-cell: gru
[2019-08-07 15:39:20] [config] dec-cell-base-depth: 2
[2019-08-07 15:39:20] [config] dec-cell-high-depth: 1
[2019-08-07 15:39:20] [config] dec-depth: 1
[2019-08-07 15:39:20] [config] devices:
[2019-08-07 15:39:20] [config]   - 5
[2019-08-07 15:39:20] [config] dim-emb: 512
[2019-08-07 15:39:20] [config] dim-rnn: 1024
[2019-08-07 15:39:20] [config] dim-vocabs:
[2019-08-07 15:39:20] [config]   - 50000
[2019-08-07 15:39:20] [config]   - 50000
[2019-08-07 15:39:20] [config] disp-first: 0
[2019-08-07 15:39:20] [config] disp-freq: 2000
[2019-08-07 15:39:20] [config] disp-label-counts: false
[2019-08-07 15:39:20] [config] dropout-rnn: 0.2
[2019-08-07 15:39:20] [config] dropout-src: 0.1
[2019-08-07 15:39:20] [config] dropout-trg: 0.1
[2019-08-07 15:39:20] [config] dump-config: ""
[2019-08-07 15:39:20] [config] early-stopping: 5
[2019-08-07 15:39:20] [config] embedding-fix-src: false
[2019-08-07 15:39:20] [config] embedding-fix-trg: false
[2019-08-07 15:39:20] [config] embedding-normalization: false
[2019-08-07 15:39:20] [config] embedding-vectors:
[2019-08-07 15:39:20] [config]   []
[2019-08-07 15:39:20] [config] enc-cell: gru
[2019-08-07 15:39:20] [config] enc-cell-depth: 1
[2019-08-07 15:39:20] [config] enc-depth: 1
[2019-08-07 15:39:20] [config] enc-type: bidirectional
[2019-08-07 15:39:20] [config] exponential-smoothing: 0.0001
[2019-08-07 15:39:20] [config] grad-dropping-momentum: 0
[2019-08-07 15:39:20] [config] grad-dropping-rate: 0
[2019-08-07 15:39:20] [config] grad-dropping-warmup: 100
[2019-08-07 15:39:20] [config] guided-alignment: none
[2019-08-07 15:39:20] [config] guided-alignment-cost: mse
[2019-08-07 15:39:20] [config] guided-alignment-weight: 0.1
[2019-08-07 15:39:20] [config] ignore-model-config: false
[2019-08-07 15:39:20] [config] input-types:
[2019-08-07 15:39:20] [config]   []
[2019-08-07 15:39:20] [config] interpolate-env-vars: false
[2019-08-07 15:39:20] [config] keep-best: false
[2019-08-07 15:39:20] [config] label-smoothing: 0
[2019-08-07 15:39:20] [config] layer-normalization: true
[2019-08-07 15:39:20] [config] learn-rate: 0.0001
[2019-08-07 15:39:20] [config] log: ../experiments/100M_random_hardrules_v1.0/model/train.log
[2019-08-07 15:39:20] [config] log-level: info
[2019-08-07 15:39:20] [config] log-time-zone: ""
[2019-08-07 15:39:20] [config] lr-decay: 0
[2019-08-07 15:39:20] [config] lr-decay-freq: 50000
[2019-08-07 15:39:20] [config] lr-decay-inv-sqrt:
[2019-08-07 15:39:20] [config]   - 0
[2019-08-07 15:39:20] [config] lr-decay-repeat-warmup: false
[2019-08-07 15:39:20] [config] lr-decay-reset-optimizer: false
[2019-08-07 15:39:20] [config] lr-decay-start:
[2019-08-07 15:39:20] [config]   - 10
[2019-08-07 15:39:20] [config]   - 1
[2019-08-07 15:39:20] [config] lr-decay-strategy: epoch+stalled
[2019-08-07 15:39:20] [config] lr-report: false
[2019-08-07 15:39:20] [config] lr-warmup: 0
[2019-08-07 15:39:20] [config] lr-warmup-at-reload: false
[2019-08-07 15:39:20] [config] lr-warmup-cycle: false
[2019-08-07 15:39:20] [config] lr-warmup-start-rate: 0
[2019-08-07 15:39:20] [config] max-length: 50
[2019-08-07 15:39:20] [config] max-length-crop: false
[2019-08-07 15:39:20] [config] max-length-factor: 3
[2019-08-07 15:39:20] [config] maxi-batch: 100
[2019-08-07 15:39:20] [config] maxi-batch-sort: trg
[2019-08-07 15:39:20] [config] mini-batch: 64
[2019-08-07 15:39:20] [config] mini-batch-fit: true
[2019-08-07 15:39:20] [config] mini-batch-fit-step: 10
[2019-08-07 15:39:20] [config] mini-batch-overstuff: 1
[2019-08-07 15:39:20] [config] mini-batch-track-lr: false
[2019-08-07 15:39:20] [config] mini-batch-understuff: 1
[2019-08-07 15:39:20] [config] mini-batch-warmup: 0
[2019-08-07 15:39:20] [config] mini-batch-words: 0
[2019-08-07 15:39:20] [config] mini-batch-words-ref: 0
[2019-08-07 15:39:20] [config] model: ../experiments/100M_random_hardrules_v1.0/model/model.npz
[2019-08-07 15:39:20] [config] multi-loss-type: sum
[2019-08-07 15:39:20] [config] multi-node: false
[2019-08-07 15:39:20] [config] multi-node-overlap: true
[2019-08-07 15:39:20] [config] n-best: false
[2019-08-07 15:39:20] [config] no-nccl: false
[2019-08-07 15:39:20] [config] no-reload: false
[2019-08-07 15:39:20] [config] no-restore-corpus: false
[2019-08-07 15:39:20] [config] no-shuffle: false
[2019-08-07 15:39:20] [config] normalize: 1
[2019-08-07 15:39:20] [config] num-devices: 0
[2019-08-07 15:39:20] [config] optimizer: adam
[2019-08-07 15:39:20] [config] optimizer-delay: 1
[2019-08-07 15:39:20] [config] optimizer-params:
[2019-08-07 15:39:20] [config]   []
[2019-08-07 15:39:20] [config] overwrite: false
[2019-08-07 15:39:20] [config] pretrained-model: ""
[2019-08-07 15:39:20] [config] quiet: false
[2019-08-07 15:39:20] [config] quiet-translation: true
[2019-08-07 15:39:20] [config] relative-paths: false
[2019-08-07 15:39:20] [config] right-left: false
[2019-08-07 15:39:20] [config] save-freq: 20000
[2019-08-07 15:39:20] [config] seed: 1111
[2019-08-07 15:39:20] [config] shuffle-in-ram: false
[2019-08-07 15:39:20] [config] skip: false
[2019-08-07 15:39:20] [config] sqlite: ""
[2019-08-07 15:39:20] [config] sqlite-drop: false
[2019-08-07 15:39:20] [config] sync-sgd: true
[2019-08-07 15:39:20] [config] tempdir: .
[2019-08-07 15:39:20] [config] tied-embeddings: false
[2019-08-07 15:39:20] [config] tied-embeddings-all: false
[2019-08-07 15:39:20] [config] tied-embeddings-src: false
[2019-08-07 15:39:20] [config] train-sets:
[2019-08-07 15:39:20] [config]   - ../experiments/100M_random_hardrules_v1.0/data/train.bpe.de
[2019-08-07 15:39:20] [config]   - ../experiments/100M_random_hardrules_v1.0/data/train.bpe.en
[2019-08-07 15:39:20] [config] transformer-aan-activation: swish
[2019-08-07 15:39:20] [config] transformer-aan-depth: 2
[2019-08-07 15:39:20] [config] transformer-aan-nogate: false
[2019-08-07 15:39:20] [config] transformer-decoder-autoreg: self-attention
[2019-08-07 15:39:20] [config] transformer-dim-aan: 2048
[2019-08-07 15:39:20] [config] transformer-dim-ffn: 2048
[2019-08-07 15:39:20] [config] transformer-dropout: 0
[2019-08-07 15:39:20] [config] transformer-dropout-attention: 0
[2019-08-07 15:39:20] [config] transformer-dropout-ffn: 0
[2019-08-07 15:39:20] [config] transformer-ffn-activation: swish
[2019-08-07 15:39:20] [config] transformer-ffn-depth: 2
[2019-08-07 15:39:20] [config] transformer-guided-alignment-layer: last
[2019-08-07 15:39:20] [config] transformer-heads: 8
[2019-08-07 15:39:20] [config] transformer-no-projection: false
[2019-08-07 15:39:20] [config] transformer-postprocess: dan
[2019-08-07 15:39:20] [config] transformer-postprocess-emb: d
[2019-08-07 15:39:20] [config] transformer-preprocess: ""
[2019-08-07 15:39:20] [config] transformer-tied-layers:
[2019-08-07 15:39:20] [config]   []
[2019-08-07 15:39:20] [config] transformer-train-position-embeddings: false
[2019-08-07 15:39:20] [config] type: amun
[2019-08-07 15:39:20] [config] ulr: false
[2019-08-07 15:39:20] [config] ulr-dim-emb: 0
[2019-08-07 15:39:20] [config] ulr-dropout: 0
[2019-08-07 15:39:20] [config] ulr-keys-vectors: ""
[2019-08-07 15:39:20] [config] ulr-query-vectors: ""
[2019-08-07 15:39:20] [config] ulr-softmax-temperature: 1
[2019-08-07 15:39:20] [config] ulr-trainable-transformation: false
[2019-08-07 15:39:20] [config] valid-freq: 20000
[2019-08-07 15:39:20] [config] valid-log: ../experiments/100M_random_hardrules_v1.0/model/valid.log
[2019-08-07 15:39:20] [config] valid-max-length: 1000
[2019-08-07 15:39:20] [config] valid-metrics:
[2019-08-07 15:39:20] [config]   - cross-entropy
[2019-08-07 15:39:20] [config]   - perplexity
[2019-08-07 15:39:20] [config]   - translation
[2019-08-07 15:39:20] [config] valid-mini-batch: 8
[2019-08-07 15:39:20] [config] valid-script-path: ../experiments/100M_random_hardrules_v1.0/score-dev.sh
[2019-08-07 15:39:20] [config] valid-sets:
[2019-08-07 15:39:20] [config]   - ../experiments/100M_random_hardrules_v1.0/data/dev.bpe.de
[2019-08-07 15:39:20] [config]   - ../experiments/100M_random_hardrules_v1.0/data/dev.bpe.en
[2019-08-07 15:39:20] [config] valid-translation-output: ../experiments/100M_random_hardrules_v1.0/model/dev.out
[2019-08-07 15:39:20] [config] vocabs:
[2019-08-07 15:39:20] [config]   - ../experiments/100M_random_hardrules_v1.0/data/train.bpe.de.json
[2019-08-07 15:39:20] [config]   - ../experiments/100M_random_hardrules_v1.0/data/train.bpe.en.json
[2019-08-07 15:39:20] [config] word-penalty: 0
[2019-08-07 15:39:20] [config] workspace: 3000
[2019-08-07 15:39:20] [config] Model is being created with Marian v1.7.8 ec2d66e 2019-05-27 14:52:11 +0100
[2019-08-07 15:39:20] Using synchronous training
[2019-08-07 15:39:20] [data] Loading vocabulary from JSON/Yaml file ../experiments/100M_random_hardrules_v1.0/data/train.bpe.de.json
[2019-08-07 15:39:20] [data] Using unused word id eos for 0
[2019-08-07 15:39:20] [data] Using unused word id UNK for 1
[2019-08-07 15:39:20] [data] Setting vocabulary size for input 0 to 50000
[2019-08-07 15:39:20] [data] Loading vocabulary from JSON/Yaml file ../experiments/100M_random_hardrules_v1.0/data/train.bpe.en.json
[2019-08-07 15:39:21] [data] Using unused word id eos for 0
[2019-08-07 15:39:21] [data] Using unused word id UNK for 1
[2019-08-07 15:39:21] [data] Setting vocabulary size for input 1 to 50000
[2019-08-07 15:39:21] Compiled without MPI support. Falling back to FakeMPIWrapper
[2019-08-07 15:39:21] [batching] Collecting statistics for batch fitting with step size 10
[2019-08-07 15:39:22] [memory] Extending reserved space to 3072 MB (device gpu5)
[2019-08-07 15:39:22] [comm] Using NCCL 2.4.2 for GPU communication
[2019-08-07 15:39:22] [comm] NCCLCommunicator constructed successfully.
[2019-08-07 15:39:22] [training] Using 1 GPUs
[2019-08-07 15:39:22] [memory] Reserving 422 MB, device gpu5
[2019-08-07 15:39:22] [gpu] 16-bit TensorCores enabled for float32 matrix operations
[2019-08-07 15:39:22] [memory] Reserving 422 MB, device gpu5
[2019-08-07 15:39:25] [batching] Done. Typical MB size is 4042 target words
[2019-08-07 15:39:25] [memory] Extending reserved space to 3072 MB (device gpu5)
[2019-08-07 15:39:25] [comm] Using NCCL 2.4.2 for GPU communication
[2019-08-07 15:39:25] [comm] NCCLCommunicator constructed successfully.
[2019-08-07 15:39:25] [training] Using 1 GPUs
[2019-08-07 15:39:25] Training started
[2019-08-07 15:39:25] [data] Shuffling data
[2019-08-07 15:39:40] [data] Done reading 6886952 sentences
[2019-08-07 15:40:05] [data] Done shuffling 6886952 sentences to temp files
[2019-08-07 15:40:15] [training] Batches are processed as 1 process(es) x 1 devices/process
[2019-08-07 15:40:15] [memory] Reserving 422 MB, device gpu5
[2019-08-07 15:40:15] [memory] Reserving 422 MB, device gpu5
[2019-08-07 15:40:15] [memory] Reserving 422 MB, device gpu5
[2019-08-07 15:40:15] [memory] Reserving 844 MB, device gpu5
[2019-08-07 15:44:57] Ep. 1 : Up. 2000 : Sen. 220,542 : Cost 126.00410461 : Time 336.44s : 11951.39 words/s
[2019-08-07 15:49:41] Ep. 1 : Up. 4000 : Sen. 441,285 : Cost 109.08965302 : Time 283.37s : 14194.71 words/s
[2019-08-07 15:54:25] Ep. 1 : Up. 6000 : Sen. 663,069 : Cost 101.14069366 : Time 284.38s : 14212.43 words/s
