[2019-07-26 23:26:05] [marian] Marian v1.7.8 ec2d66e 2019-05-27 14:52:11 +0100
[2019-07-26 23:26:05] [marian] Running on bil as process 50132 with command line:
[2019-07-26 23:26:05] [marian] /fs/bil0/abdel/marian-dev/build/marian --sync-sgd --model ../experiments/10M_fasttext_prob_x_len_+_bic1.1_x_ced_0.25_w3000/model/model.npz -T . --devices 1 --train-sets ../experiments/10M_fasttext_prob_x_len_+_bic1.1_x_ced_0.25_w3000/data/train.bpe.de ../experiments/10M_fasttext_prob_x_len_+_bic1.1_x_ced_0.25_w3000/data/train.bpe.en --vocabs ../experiments/10M_fasttext_prob_x_len_+_bic1.1_x_ced_0.25_w3000/data/train.bpe.de.json ../experiments/10M_fasttext_prob_x_len_+_bic1.1_x_ced_0.25_w3000/data/train.bpe.en.json --mini-batch-fit -w 3000 --dim-vocabs 50000 50000 --layer-normalization --dropout-rnn 0.2 --dropout-src 0.1 --dropout-trg 0.1 --learn-rate 0.0001 --after-epochs 0 --early-stopping 5 --valid-freq 20000 --save-freq 20000 --disp-freq 2000 --valid-mini-batch 8 --valid-sets ../experiments/10M_fasttext_prob_x_len_+_bic1.1_x_ced_0.25_w3000/data/dev.bpe.de ../experiments/10M_fasttext_prob_x_len_+_bic1.1_x_ced_0.25_w3000/data/dev.bpe.en --valid-metrics cross-entropy perplexity translation --valid-translation-output ../experiments/10M_fasttext_prob_x_len_+_bic1.1_x_ced_0.25_w3000/model/dev.out --valid-script-path ../experiments/10M_fasttext_prob_x_len_+_bic1.1_x_ced_0.25_w3000/score-dev.sh --seed 1111 --exponential-smoothing --normalize=1 --beam-size=12 --quiet-translation --log ../experiments/10M_fasttext_prob_x_len_+_bic1.1_x_ced_0.25_w3000/model/train.log --valid-log ../experiments/10M_fasttext_prob_x_len_+_bic1.1_x_ced_0.25_w3000/model/valid.log
[2019-07-26 23:26:05] [config] after-batches: 0
[2019-07-26 23:26:05] [config] after-epochs: 0
[2019-07-26 23:26:05] [config] allow-unk: false
[2019-07-26 23:26:05] [config] beam-size: 12
[2019-07-26 23:26:05] [config] bert-class-symbol: "[CLS]"
[2019-07-26 23:26:05] [config] bert-mask-symbol: "[MASK]"
[2019-07-26 23:26:05] [config] bert-masking-fraction: 0.15
[2019-07-26 23:26:05] [config] bert-sep-symbol: "[SEP]"
[2019-07-26 23:26:05] [config] bert-train-type-embeddings: true
[2019-07-26 23:26:05] [config] bert-type-vocab-size: 2
[2019-07-26 23:26:05] [config] best-deep: false
[2019-07-26 23:26:05] [config] clip-gemm: 0
[2019-07-26 23:26:05] [config] clip-norm: 1
[2019-07-26 23:26:05] [config] cost-type: ce-mean
[2019-07-26 23:26:05] [config] cpu-threads: 0
[2019-07-26 23:26:05] [config] data-weighting: ""
[2019-07-26 23:26:05] [config] data-weighting-type: sentence
[2019-07-26 23:26:05] [config] dec-cell: gru
[2019-07-26 23:26:05] [config] dec-cell-base-depth: 2
[2019-07-26 23:26:05] [config] dec-cell-high-depth: 1
[2019-07-26 23:26:05] [config] dec-depth: 1
[2019-07-26 23:26:05] [config] devices:
[2019-07-26 23:26:05] [config]   - 1
[2019-07-26 23:26:05] [config] dim-emb: 512
[2019-07-26 23:26:05] [config] dim-rnn: 1024
[2019-07-26 23:26:05] [config] dim-vocabs:
[2019-07-26 23:26:05] [config]   - 50000
[2019-07-26 23:26:05] [config]   - 50000
[2019-07-26 23:26:05] [config] disp-first: 0
[2019-07-26 23:26:05] [config] disp-freq: 2000
[2019-07-26 23:26:05] [config] disp-label-counts: false
[2019-07-26 23:26:05] [config] dropout-rnn: 0.2
[2019-07-26 23:26:05] [config] dropout-src: 0.1
[2019-07-26 23:26:05] [config] dropout-trg: 0.1
[2019-07-26 23:26:05] [config] dump-config: ""
[2019-07-26 23:26:05] [config] early-stopping: 5
[2019-07-26 23:26:05] [config] embedding-fix-src: false
[2019-07-26 23:26:05] [config] embedding-fix-trg: false
[2019-07-26 23:26:05] [config] embedding-normalization: false
[2019-07-26 23:26:05] [config] embedding-vectors:
[2019-07-26 23:26:05] [config]   []
[2019-07-26 23:26:05] [config] enc-cell: gru
[2019-07-26 23:26:05] [config] enc-cell-depth: 1
[2019-07-26 23:26:05] [config] enc-depth: 1
[2019-07-26 23:26:05] [config] enc-type: bidirectional
[2019-07-26 23:26:05] [config] exponential-smoothing: 0.0001
[2019-07-26 23:26:05] [config] grad-dropping-momentum: 0
[2019-07-26 23:26:05] [config] grad-dropping-rate: 0
[2019-07-26 23:26:05] [config] grad-dropping-warmup: 100
[2019-07-26 23:26:05] [config] guided-alignment: none
[2019-07-26 23:26:05] [config] guided-alignment-cost: mse
[2019-07-26 23:26:05] [config] guided-alignment-weight: 0.1
[2019-07-26 23:26:05] [config] ignore-model-config: false
[2019-07-26 23:26:05] [config] input-types:
[2019-07-26 23:26:05] [config]   []
[2019-07-26 23:26:05] [config] interpolate-env-vars: false
[2019-07-26 23:26:05] [config] keep-best: false
[2019-07-26 23:26:05] [config] label-smoothing: 0
[2019-07-26 23:26:05] [config] layer-normalization: true
[2019-07-26 23:26:05] [config] learn-rate: 0.0001
[2019-07-26 23:26:05] [config] log: ../experiments/10M_fasttext_prob_x_len_+_bic1.1_x_ced_0.25_w3000/model/train.log
[2019-07-26 23:26:05] [config] log-level: info
[2019-07-26 23:26:05] [config] log-time-zone: ""
[2019-07-26 23:26:05] [config] lr-decay: 0
[2019-07-26 23:26:05] [config] lr-decay-freq: 50000
[2019-07-26 23:26:05] [config] lr-decay-inv-sqrt:
[2019-07-26 23:26:05] [config]   - 0
[2019-07-26 23:26:05] [config] lr-decay-repeat-warmup: false
[2019-07-26 23:26:05] [config] lr-decay-reset-optimizer: false
[2019-07-26 23:26:05] [config] lr-decay-start:
[2019-07-26 23:26:05] [config]   - 10
[2019-07-26 23:26:05] [config]   - 1
[2019-07-26 23:26:05] [config] lr-decay-strategy: epoch+stalled
[2019-07-26 23:26:05] [config] lr-report: false
[2019-07-26 23:26:05] [config] lr-warmup: 0
[2019-07-26 23:26:05] [config] lr-warmup-at-reload: false
[2019-07-26 23:26:05] [config] lr-warmup-cycle: false
[2019-07-26 23:26:05] [config] lr-warmup-start-rate: 0
[2019-07-26 23:26:05] [config] max-length: 50
[2019-07-26 23:26:05] [config] max-length-crop: false
[2019-07-26 23:26:05] [config] max-length-factor: 3
[2019-07-26 23:26:05] [config] maxi-batch: 100
[2019-07-26 23:26:05] [config] maxi-batch-sort: trg
[2019-07-26 23:26:05] [config] mini-batch: 64
[2019-07-26 23:26:05] [config] mini-batch-fit: true
[2019-07-26 23:26:05] [config] mini-batch-fit-step: 10
[2019-07-26 23:26:05] [config] mini-batch-overstuff: 1
[2019-07-26 23:26:05] [config] mini-batch-track-lr: false
[2019-07-26 23:26:05] [config] mini-batch-understuff: 1
[2019-07-26 23:26:05] [config] mini-batch-warmup: 0
[2019-07-26 23:26:05] [config] mini-batch-words: 0
[2019-07-26 23:26:05] [config] mini-batch-words-ref: 0
[2019-07-26 23:26:05] [config] model: ../experiments/10M_fasttext_prob_x_len_+_bic1.1_x_ced_0.25_w3000/model/model.npz
[2019-07-26 23:26:05] [config] multi-loss-type: sum
[2019-07-26 23:26:05] [config] multi-node: false
[2019-07-26 23:26:05] [config] multi-node-overlap: true
[2019-07-26 23:26:05] [config] n-best: false
[2019-07-26 23:26:05] [config] no-nccl: false
[2019-07-26 23:26:05] [config] no-reload: false
[2019-07-26 23:26:05] [config] no-restore-corpus: false
[2019-07-26 23:26:05] [config] no-shuffle: false
[2019-07-26 23:26:05] [config] normalize: 1
[2019-07-26 23:26:05] [config] num-devices: 0
[2019-07-26 23:26:05] [config] optimizer: adam
[2019-07-26 23:26:05] [config] optimizer-delay: 1
[2019-07-26 23:26:05] [config] optimizer-params:
[2019-07-26 23:26:05] [config]   []
[2019-07-26 23:26:05] [config] overwrite: false
[2019-07-26 23:26:05] [config] pretrained-model: ""
[2019-07-26 23:26:05] [config] quiet: false
[2019-07-26 23:26:05] [config] quiet-translation: true
[2019-07-26 23:26:05] [config] relative-paths: false
[2019-07-26 23:26:05] [config] right-left: false
[2019-07-26 23:26:05] [config] save-freq: 20000
[2019-07-26 23:26:05] [config] seed: 1111
[2019-07-26 23:26:05] [config] shuffle-in-ram: false
[2019-07-26 23:26:05] [config] skip: false
[2019-07-26 23:26:05] [config] sqlite: ""
[2019-07-26 23:26:05] [config] sqlite-drop: false
[2019-07-26 23:26:05] [config] sync-sgd: true
[2019-07-26 23:26:05] [config] tempdir: .
[2019-07-26 23:26:05] [config] tied-embeddings: false
[2019-07-26 23:26:05] [config] tied-embeddings-all: false
[2019-07-26 23:26:05] [config] tied-embeddings-src: false
[2019-07-26 23:26:05] [config] train-sets:
[2019-07-26 23:26:05] [config]   - ../experiments/10M_fasttext_prob_x_len_+_bic1.1_x_ced_0.25_w3000/data/train.bpe.de
[2019-07-26 23:26:05] [config]   - ../experiments/10M_fasttext_prob_x_len_+_bic1.1_x_ced_0.25_w3000/data/train.bpe.en
[2019-07-26 23:26:05] [config] transformer-aan-activation: swish
[2019-07-26 23:26:05] [config] transformer-aan-depth: 2
[2019-07-26 23:26:05] [config] transformer-aan-nogate: false
[2019-07-26 23:26:05] [config] transformer-decoder-autoreg: self-attention
[2019-07-26 23:26:05] [config] transformer-dim-aan: 2048
[2019-07-26 23:26:05] [config] transformer-dim-ffn: 2048
[2019-07-26 23:26:05] [config] transformer-dropout: 0
[2019-07-26 23:26:05] [config] transformer-dropout-attention: 0
[2019-07-26 23:26:05] [config] transformer-dropout-ffn: 0
[2019-07-26 23:26:05] [config] transformer-ffn-activation: swish
[2019-07-26 23:26:05] [config] transformer-ffn-depth: 2
[2019-07-26 23:26:05] [config] transformer-guided-alignment-layer: last
[2019-07-26 23:26:05] [config] transformer-heads: 8
[2019-07-26 23:26:05] [config] transformer-no-projection: false
[2019-07-26 23:26:05] [config] transformer-postprocess: dan
[2019-07-26 23:26:05] [config] transformer-postprocess-emb: d
[2019-07-26 23:26:05] [config] transformer-preprocess: ""
[2019-07-26 23:26:05] [config] transformer-tied-layers:
[2019-07-26 23:26:05] [config]   []
[2019-07-26 23:26:05] [config] transformer-train-position-embeddings: false
[2019-07-26 23:26:05] [config] type: amun
[2019-07-26 23:26:05] [config] ulr: false
[2019-07-26 23:26:05] [config] ulr-dim-emb: 0
[2019-07-26 23:26:05] [config] ulr-dropout: 0
[2019-07-26 23:26:05] [config] ulr-keys-vectors: ""
[2019-07-26 23:26:05] [config] ulr-query-vectors: ""
[2019-07-26 23:26:05] [config] ulr-softmax-temperature: 1
[2019-07-26 23:26:05] [config] ulr-trainable-transformation: false
[2019-07-26 23:26:05] [config] valid-freq: 20000
[2019-07-26 23:26:05] [config] valid-log: ../experiments/10M_fasttext_prob_x_len_+_bic1.1_x_ced_0.25_w3000/model/valid.log
[2019-07-26 23:26:05] [config] valid-max-length: 1000
[2019-07-26 23:26:05] [config] valid-metrics:
[2019-07-26 23:26:05] [config]   - cross-entropy
[2019-07-26 23:26:05] [config]   - perplexity
[2019-07-26 23:26:05] [config]   - translation
[2019-07-26 23:26:05] [config] valid-mini-batch: 8
[2019-07-26 23:26:05] [config] valid-script-path: ../experiments/10M_fasttext_prob_x_len_+_bic1.1_x_ced_0.25_w3000/score-dev.sh
[2019-07-26 23:26:05] [config] valid-sets:
[2019-07-26 23:26:05] [config]   - ../experiments/10M_fasttext_prob_x_len_+_bic1.1_x_ced_0.25_w3000/data/dev.bpe.de
[2019-07-26 23:26:05] [config]   - ../experiments/10M_fasttext_prob_x_len_+_bic1.1_x_ced_0.25_w3000/data/dev.bpe.en
[2019-07-26 23:26:05] [config] valid-translation-output: ../experiments/10M_fasttext_prob_x_len_+_bic1.1_x_ced_0.25_w3000/model/dev.out
[2019-07-26 23:26:05] [config] vocabs:
[2019-07-26 23:26:05] [config]   - ../experiments/10M_fasttext_prob_x_len_+_bic1.1_x_ced_0.25_w3000/data/train.bpe.de.json
[2019-07-26 23:26:05] [config]   - ../experiments/10M_fasttext_prob_x_len_+_bic1.1_x_ced_0.25_w3000/data/train.bpe.en.json
[2019-07-26 23:26:05] [config] word-penalty: 0
[2019-07-26 23:26:05] [config] workspace: 3000
[2019-07-26 23:26:05] [config] Model is being created with Marian v1.7.8 ec2d66e 2019-05-27 14:52:11 +0100
[2019-07-26 23:26:05] Using synchronous training
[2019-07-26 23:26:05] [data] Loading vocabulary from JSON/Yaml file ../experiments/10M_fasttext_prob_x_len_+_bic1.1_x_ced_0.25_w3000/data/train.bpe.de.json
[2019-07-26 23:26:05] [data] Using unused word id eos for 0
[2019-07-26 23:26:05] [data] Using unused word id UNK for 1
[2019-07-26 23:26:06] [data] Setting vocabulary size for input 0 to 50000
[2019-07-26 23:26:06] [data] Loading vocabulary from JSON/Yaml file ../experiments/10M_fasttext_prob_x_len_+_bic1.1_x_ced_0.25_w3000/data/train.bpe.en.json
[2019-07-26 23:26:06] [data] Using unused word id eos for 0
[2019-07-26 23:26:06] [data] Using unused word id UNK for 1
[2019-07-26 23:26:06] [data] Setting vocabulary size for input 1 to 50000
[2019-07-26 23:26:06] Compiled without MPI support. Falling back to FakeMPIWrapper
[2019-07-26 23:26:06] [batching] Collecting statistics for batch fitting with step size 10
[2019-07-26 23:26:07] [memory] Extending reserved space to 3072 MB (device gpu1)
[2019-07-26 23:26:07] [comm] Using NCCL 2.4.2 for GPU communication
[2019-07-26 23:26:07] [comm] NCCLCommunicator constructed successfully.
[2019-07-26 23:26:07] [training] Using 1 GPUs
[2019-07-26 23:26:07] [memory] Reserving 422 MB, device gpu1
[2019-07-26 23:26:07] [gpu] 16-bit TensorCores enabled for float32 matrix operations
[2019-07-26 23:26:07] [memory] Reserving 422 MB, device gpu1
[2019-07-26 23:26:10] [batching] Done. Typical MB size is 4042 target words
[2019-07-26 23:26:10] [memory] Extending reserved space to 3072 MB (device gpu1)
[2019-07-26 23:26:10] [comm] Using NCCL 2.4.2 for GPU communication
[2019-07-26 23:26:10] [comm] NCCLCommunicator constructed successfully.
[2019-07-26 23:26:10] [training] Using 1 GPUs
[2019-07-26 23:26:10] Training started
[2019-07-26 23:26:10] [data] Shuffling data
[2019-07-26 23:26:10] [data] Done reading 594104 sentences
[2019-07-26 23:26:13] [data] Done shuffling 594104 sentences to temp files
[2019-07-26 23:26:13] [training] Batches are processed as 1 process(es) x 1 devices/process
[2019-07-26 23:26:13] [memory] Reserving 422 MB, device gpu1
[2019-07-26 23:26:13] [memory] Reserving 422 MB, device gpu1
[2019-07-26 23:26:13] [memory] Reserving 422 MB, device gpu1
[2019-07-26 23:26:13] [memory] Reserving 844 MB, device gpu1
[2019-07-26 23:31:39] Ep. 1 : Up. 2000 : Sen. 241,021 : Cost 127.22213745 : Time 333.57s : 16053.89 words/s
[2019-07-26 23:37:05] Ep. 1 : Up. 4000 : Sen. 482,470 : Cost 95.48220825 : Time 325.37s : 16477.74 words/s
[2019-07-26 23:38:38] Seen 551744 samples
[2019-07-26 23:38:38] Starting epoch 2
[2019-07-26 23:38:38] [data] Shuffling data
[2019-07-26 23:38:39] [data] Done reading 594104 sentences
[2019-07-26 23:38:41] [data] Done shuffling 594104 sentences to temp files
[2019-07-26 23:42:35] Ep. 2 : Up. 6000 : Sen. 172,517 : Cost 78.91926575 : Time 329.96s : 16263.68 words/s
[2019-07-26 23:48:01] Ep. 2 : Up. 8000 : Sen. 413,924 : Cost 69.40520477 : Time 326.29s : 16450.26 words/s
[2019-07-26 23:51:07] Seen 551744 samples
[2019-07-26 23:51:07] Starting epoch 3
[2019-07-26 23:51:07] [data] Shuffling data
[2019-07-26 23:51:07] [data] Done reading 594104 sentences
[2019-07-26 23:51:10] [data] Done shuffling 594104 sentences to temp files
[2019-07-26 23:53:31] Ep. 3 : Up. 10000 : Sen. 103,603 : Cost 62.52579117 : Time 329.71s : 16252.39 words/s
[2019-07-26 23:58:58] Ep. 3 : Up. 12000 : Sen. 345,600 : Cost 57.80786896 : Time 327.20s : 16419.87 words/s
[2019-07-27 00:03:37] Seen 551744 samples
[2019-07-27 00:03:37] Starting epoch 4
[2019-07-27 00:03:37] [data] Shuffling data
[2019-07-27 00:03:38] [data] Done reading 594104 sentences
[2019-07-27 00:03:40] [data] Done shuffling 594104 sentences to temp files
[2019-07-27 00:04:29] Ep. 4 : Up. 14000 : Sen. 36,655 : Cost 54.73159790 : Time 331.64s : 16236.75 words/s
[2019-07-27 00:09:56] Ep. 4 : Up. 16000 : Sen. 277,931 : Cost 51.13864517 : Time 326.50s : 16385.69 words/s
[2019-07-27 00:15:26] Ep. 4 : Up. 18000 : Sen. 519,260 : Cost 50.16540146 : Time 330.05s : 16290.57 words/s
[2019-07-27 00:16:10] Seen 551744 samples
[2019-07-27 00:16:10] Starting epoch 5
[2019-07-27 00:16:10] [data] Shuffling data
[2019-07-27 00:16:10] [data] Done reading 594104 sentences
[2019-07-27 00:16:13] [data] Done shuffling 594104 sentences to temp files
[2019-07-27 00:21:01] Ep. 5 : Up. 20000 : Sen. 208,544 : Cost 47.03419495 : Time 334.77s : 15970.36 words/s
[2019-07-27 00:21:01] Saving model to ../experiments/10M_fasttext_prob_x_len_+_bic1.1_x_ced_0.25_w3000/model/model.npz.orig.npz
[2019-07-27 00:21:05] Saving model to ../experiments/10M_fasttext_prob_x_len_+_bic1.1_x_ced_0.25_w3000/model/model.iter20000.npz
[2019-07-27 00:21:07] Saving model to ../experiments/10M_fasttext_prob_x_len_+_bic1.1_x_ced_0.25_w3000/model/model.npz
[2019-07-27 00:21:12] Saving Adam parameters to ../experiments/10M_fasttext_prob_x_len_+_bic1.1_x_ced_0.25_w3000/model/model.npz.optimizer.npz
[2019-07-27 00:21:28] [valid] Ep. 5 : Up. 20000 : cross-entropy : 73.5261 : new best
[2019-07-27 00:21:35] [valid] Ep. 5 : Up. 20000 : perplexity : 18.2871 : new best
[2019-07-27 00:22:24] [valid] Ep. 5 : Up. 20000 : translation : 23.29 : new best
[2019-07-27 00:27:55] Ep. 5 : Up. 22000 : Sen. 449,592 : Cost 46.34661865 : Time 414.13s : 12916.49 words/s
[2019-07-27 00:30:14] Seen 551744 samples
[2019-07-27 00:30:14] Starting epoch 6
[2019-07-27 00:30:14] [data] Shuffling data
[2019-07-27 00:30:14] [data] Done reading 594104 sentences
[2019-07-27 00:30:17] [data] Done shuffling 594104 sentences to temp files
[2019-07-27 00:33:25] Ep. 6 : Up. 24000 : Sen. 139,955 : Cost 44.43218994 : Time 330.03s : 16269.32 words/s
[2019-07-27 00:38:52] Ep. 6 : Up. 26000 : Sen. 382,314 : Cost 43.45316315 : Time 327.12s : 16459.08 words/s
[2019-07-27 00:42:42] Seen 551744 samples
[2019-07-27 00:42:42] Starting epoch 7
[2019-07-27 00:42:42] [data] Shuffling data
[2019-07-27 00:42:42] [data] Done reading 594104 sentences
[2019-07-27 00:42:44] [data] Done shuffling 594104 sentences to temp files
[2019-07-27 00:44:23] Ep. 7 : Up. 28000 : Sen. 72,971 : Cost 42.51362991 : Time 330.85s : 16248.19 words/s
[2019-07-27 00:49:52] Ep. 7 : Up. 30000 : Sen. 313,939 : Cost 41.34312820 : Time 328.68s : 16318.23 words/s
[2019-07-27 00:55:15] Seen 551744 samples
[2019-07-27 00:55:15] Starting epoch 8
[2019-07-27 00:55:15] [data] Shuffling data
[2019-07-27 00:55:15] [data] Done reading 594104 sentences
[2019-07-27 00:55:18] [data] Done shuffling 594104 sentences to temp files
[2019-07-27 00:55:22] Ep. 8 : Up. 32000 : Sen. 3,390 : Cost 41.04956055 : Time 330.85s : 16173.25 words/s
[2019-07-27 01:00:52] Ep. 8 : Up. 34000 : Sen. 245,345 : Cost 39.03998947 : Time 329.27s : 16321.39 words/s
[2019-07-27 01:06:19] Ep. 8 : Up. 36000 : Sen. 486,322 : Cost 39.28704071 : Time 327.52s : 16332.88 words/s
[2019-07-27 01:07:48] Seen 551744 samples
[2019-07-27 01:07:48] Starting epoch 9
[2019-07-27 01:07:48] [data] Shuffling data
[2019-07-27 01:07:49] [data] Done reading 594104 sentences
[2019-07-27 01:07:51] [data] Done shuffling 594104 sentences to temp files
[2019-07-27 01:11:50] Ep. 9 : Up. 38000 : Sen. 176,113 : Cost 37.96201324 : Time 330.62s : 16201.20 words/s
[2019-07-27 01:17:18] Ep. 9 : Up. 40000 : Sen. 416,385 : Cost 37.58415604 : Time 327.79s : 16321.75 words/s
[2019-07-27 01:17:18] Saving model to ../experiments/10M_fasttext_prob_x_len_+_bic1.1_x_ced_0.25_w3000/model/model.npz.orig.npz
[2019-07-27 01:17:23] Saving model to ../experiments/10M_fasttext_prob_x_len_+_bic1.1_x_ced_0.25_w3000/model/model.iter40000.npz
[2019-07-27 01:17:25] Saving model to ../experiments/10M_fasttext_prob_x_len_+_bic1.1_x_ced_0.25_w3000/model/model.npz
[2019-07-27 01:17:31] Saving Adam parameters to ../experiments/10M_fasttext_prob_x_len_+_bic1.1_x_ced_0.25_w3000/model/model.npz.optimizer.npz
[2019-07-27 01:17:48] [valid] Ep. 9 : Up. 40000 : cross-entropy : 65.3549 : new best
[2019-07-27 01:17:55] [valid] Ep. 9 : Up. 40000 : perplexity : 13.2397 : new best
[2019-07-27 01:18:43] [valid] Ep. 9 : Up. 40000 : translation : 25.9 : new best
[2019-07-27 01:21:49] Seen 551744 samples
[2019-07-27 01:21:49] Starting epoch 10
[2019-07-27 01:21:49] [data] Shuffling data
[2019-07-27 01:21:49] [data] Done reading 594104 sentences
[2019-07-27 01:21:52] [data] Done shuffling 594104 sentences to temp files
[2019-07-27 01:24:17] Ep. 10 : Up. 42000 : Sen. 106,520 : Cost 36.86024857 : Time 419.76s : 12773.08 words/s
[2019-07-27 01:29:46] Ep. 10 : Up. 44000 : Sen. 348,839 : Cost 36.09033585 : Time 328.72s : 16361.42 words/s
[2019-07-27 01:34:22] Seen 551744 samples
[2019-07-27 01:34:22] Starting epoch 11
[2019-07-27 01:34:22] [data] Shuffling data
[2019-07-27 01:34:23] [data] Done reading 594104 sentences
[2019-07-27 01:34:25] [data] Done shuffling 594104 sentences to temp files
[2019-07-27 01:35:19] Ep. 11 : Up. 46000 : Sen. 39,801 : Cost 35.93373108 : Time 332.72s : 16198.48 words/s
[2019-07-27 01:40:47] Ep. 11 : Up. 48000 : Sen. 281,600 : Cost 34.78022003 : Time 327.75s : 16391.58 words/s
[2019-07-27 01:46:15] Ep. 11 : Up. 50000 : Sen. 522,975 : Cost 34.98799896 : Time 328.25s : 16336.88 words/s
[2019-07-27 01:46:54] Seen 551744 samples
[2019-07-27 01:46:54] Starting epoch 12
[2019-07-27 01:46:54] [data] Shuffling data
[2019-07-27 01:46:54] [data] Done reading 594104 sentences
[2019-07-27 01:46:57] [data] Done shuffling 594104 sentences to temp files
[2019-07-27 01:51:46] Ep. 12 : Up. 52000 : Sen. 212,879 : Cost 33.79703903 : Time 331.02s : 16205.22 words/s
[2019-07-27 01:57:14] Ep. 12 : Up. 54000 : Sen. 454,322 : Cost 33.97466660 : Time 327.67s : 16370.59 words/s
[2019-07-27 01:59:26] Seen 551744 samples
[2019-07-27 01:59:26] Starting epoch 13
[2019-07-27 01:59:26] [data] Shuffling data
[2019-07-27 01:59:27] [data] Done reading 594104 sentences
[2019-07-27 01:59:29] [data] Done shuffling 594104 sentences to temp files
[2019-07-27 02:02:46] Ep. 13 : Up. 56000 : Sen. 144,150 : Cost 32.93009186 : Time 332.32s : 16128.01 words/s
[2019-07-27 02:08:13] Ep. 13 : Up. 58000 : Sen. 384,205 : Cost 32.93055725 : Time 326.96s : 16300.54 words/s
[2019-07-27 02:12:01] Seen 551744 samples
[2019-07-27 02:12:01] Starting epoch 14
[2019-07-27 02:12:01] [data] Shuffling data
[2019-07-27 02:12:02] [data] Done reading 594104 sentences
[2019-07-27 02:12:04] [data] Done shuffling 594104 sentences to temp files
[2019-07-27 02:13:45] Ep. 14 : Up. 60000 : Sen. 73,571 : Cost 32.51206207 : Time 331.79s : 16165.73 words/s
[2019-07-27 02:13:45] Saving model to ../experiments/10M_fasttext_prob_x_len_+_bic1.1_x_ced_0.25_w3000/model/model.npz.orig.npz
[2019-07-27 02:13:50] Saving model to ../experiments/10M_fasttext_prob_x_len_+_bic1.1_x_ced_0.25_w3000/model/model.iter60000.npz
[2019-07-27 02:13:52] Saving model to ../experiments/10M_fasttext_prob_x_len_+_bic1.1_x_ced_0.25_w3000/model/model.npz
[2019-07-27 02:13:58] Saving Adam parameters to ../experiments/10M_fasttext_prob_x_len_+_bic1.1_x_ced_0.25_w3000/model/model.npz.optimizer.npz
[2019-07-27 02:14:16] [valid] Ep. 14 : Up. 60000 : cross-entropy : 63.305 : new best
[2019-07-27 02:14:22] [valid] Ep. 14 : Up. 60000 : perplexity : 12.2093 : new best
[2019-07-27 02:15:11] [valid] Ep. 14 : Up. 60000 : translation : 26.46 : new best
[2019-07-27 02:20:40] Ep. 14 : Up. 62000 : Sen. 315,342 : Cost 31.67198563 : Time 415.81s : 12878.42 words/s
[2019-07-27 02:26:02] Seen 551744 samples
[2019-07-27 02:26:02] Starting epoch 15
[2019-07-27 02:26:02] [data] Shuffling data
[2019-07-27 02:26:03] [data] Done reading 594104 sentences
[2019-07-27 02:26:05] [data] Done shuffling 594104 sentences to temp files
[2019-07-27 02:26:12] Ep. 15 : Up. 64000 : Sen. 5,629 : Cost 32.15871048 : Time 331.91s : 16189.76 words/s
[2019-07-27 02:31:40] Ep. 15 : Up. 66000 : Sen. 246,219 : Cost 31.03840828 : Time 327.95s : 16332.60 words/s
[2019-07-27 02:37:08] Ep. 15 : Up. 68000 : Sen. 488,482 : Cost 30.90992165 : Time 327.44s : 16387.47 words/s
[2019-07-27 02:38:34] Seen 551744 samples
[2019-07-27 02:38:34] Starting epoch 16
[2019-07-27 02:38:34] [data] Shuffling data
[2019-07-27 02:38:34] [data] Done reading 594104 sentences
[2019-07-27 02:38:37] [data] Done shuffling 594104 sentences to temp files
[2019-07-27 02:42:40] Ep. 16 : Up. 70000 : Sen. 178,581 : Cost 30.38105011 : Time 332.33s : 16193.20 words/s
[2019-07-27 02:48:08] Ep. 16 : Up. 72000 : Sen. 421,005 : Cost 30.46085358 : Time 328.19s : 16395.96 words/s
[2019-07-27 02:51:06] Seen 551744 samples
[2019-07-27 02:51:06] Starting epoch 17
[2019-07-27 02:51:06] [data] Shuffling data
[2019-07-27 02:51:06] [data] Done reading 594104 sentences
[2019-07-27 02:51:09] [data] Done shuffling 594104 sentences to temp files
[2019-07-27 02:53:39] Ep. 17 : Up. 74000 : Sen. 110,779 : Cost 29.90564728 : Time 330.87s : 16191.68 words/s
[2019-07-27 02:59:08] Ep. 17 : Up. 76000 : Sen. 352,809 : Cost 29.35906982 : Time 329.31s : 16329.82 words/s
[2019-07-27 03:03:38] Seen 551744 samples
[2019-07-27 03:03:38] Starting epoch 18
[2019-07-27 03:03:38] [data] Shuffling data
[2019-07-27 03:03:39] [data] Done reading 594104 sentences
[2019-07-27 03:03:41] [data] Done shuffling 594104 sentences to temp files
[2019-07-27 03:04:39] Ep. 18 : Up. 78000 : Sen. 42,747 : Cost 29.58322906 : Time 330.73s : 16211.91 words/s
[2019-07-27 03:10:07] Ep. 18 : Up. 80000 : Sen. 285,216 : Cost 28.55869484 : Time 328.06s : 16384.55 words/s
[2019-07-27 03:10:07] Saving model to ../experiments/10M_fasttext_prob_x_len_+_bic1.1_x_ced_0.25_w3000/model/model.npz.orig.npz
[2019-07-27 03:10:12] Saving model to ../experiments/10M_fasttext_prob_x_len_+_bic1.1_x_ced_0.25_w3000/model/model.iter80000.npz
[2019-07-27 03:10:14] Saving model to ../experiments/10M_fasttext_prob_x_len_+_bic1.1_x_ced_0.25_w3000/model/model.npz
[2019-07-27 03:10:20] Saving Adam parameters to ../experiments/10M_fasttext_prob_x_len_+_bic1.1_x_ced_0.25_w3000/model/model.npz.optimizer.npz
[2019-07-27 03:10:37] [valid] Ep. 18 : Up. 80000 : cross-entropy : 63.0665 : new best
[2019-07-27 03:10:43] [valid] Ep. 18 : Up. 80000 : perplexity : 12.0947 : new best
[2019-07-27 03:11:33] [valid] Ep. 18 : Up. 80000 : translation : 26.48 : new best
[2019-07-27 03:17:05] Ep. 18 : Up. 82000 : Sen. 526,626 : Cost 29.37026405 : Time 417.26s : 12881.93 words/s
[2019-07-27 03:17:39] Seen 551744 samples
[2019-07-27 03:17:39] Starting epoch 19
[2019-07-27 03:17:39] [data] Shuffling data
[2019-07-27 03:17:39] [data] Done reading 594104 sentences
[2019-07-27 03:17:42] [data] Done shuffling 594104 sentences to temp files
[2019-07-27 03:22:36] Ep. 19 : Up. 84000 : Sen. 216,250 : Cost 28.12969398 : Time 331.76s : 16138.66 words/s
[2019-07-27 03:28:04] Ep. 19 : Up. 86000 : Sen. 457,159 : Cost 28.40008354 : Time 327.93s : 16311.03 words/s
[2019-07-27 03:30:13] Seen 551744 samples
[2019-07-27 03:30:13] Starting epoch 20
[2019-07-27 03:30:13] [data] Shuffling data
[2019-07-27 03:30:13] [data] Done reading 594104 sentences
[2019-07-27 03:30:15] [data] Done shuffling 594104 sentences to temp files
[2019-07-27 03:33:36] Ep. 20 : Up. 88000 : Sen. 147,098 : Cost 27.67447853 : Time 332.21s : 16184.46 words/s
[2019-07-27 03:39:05] Ep. 20 : Up. 90000 : Sen. 388,876 : Cost 27.77985954 : Time 328.28s : 16348.65 words/s
[2019-07-27 03:42:46] Seen 551744 samples
[2019-07-27 03:42:46] Starting epoch 21
[2019-07-27 03:42:46] [data] Shuffling data
[2019-07-27 03:42:46] [data] Done reading 594104 sentences
[2019-07-27 03:42:49] [data] Done shuffling 594104 sentences to temp files
[2019-07-27 03:44:37] Ep. 21 : Up. 92000 : Sen. 79,973 : Cost 27.50266075 : Time 332.52s : 16192.16 words/s
[2019-07-27 03:50:06] Ep. 21 : Up. 94000 : Sen. 321,295 : Cost 26.82727242 : Time 328.34s : 16324.50 words/s
[2019-07-27 03:55:21] Seen 551744 samples
[2019-07-27 03:55:21] Starting epoch 22
[2019-07-27 03:55:21] [data] Shuffling data
[2019-07-27 03:55:21] [data] Done reading 594104 sentences
[2019-07-27 03:55:23] [data] Done shuffling 594104 sentences to temp files
[2019-07-27 03:55:38] Ep. 22 : Up. 96000 : Sen. 10,534 : Cost 27.58505821 : Time 332.82s : 16101.94 words/s
[2019-07-27 04:01:08] Ep. 22 : Up. 98000 : Sen. 252,773 : Cost 26.34216690 : Time 329.35s : 16288.32 words/s
[2019-07-27 04:06:36] Ep. 22 : Up. 100000 : Sen. 494,133 : Cost 26.85010147 : Time 328.22s : 16344.90 words/s
[2019-07-27 04:06:36] Saving model to ../experiments/10M_fasttext_prob_x_len_+_bic1.1_x_ced_0.25_w3000/model/model.npz.orig.npz
[2019-07-27 04:06:41] Saving model to ../experiments/10M_fasttext_prob_x_len_+_bic1.1_x_ced_0.25_w3000/model/model.iter100000.npz
[2019-07-27 04:06:43] Saving model to ../experiments/10M_fasttext_prob_x_len_+_bic1.1_x_ced_0.25_w3000/model/model.npz
[2019-07-27 04:06:48] Saving Adam parameters to ../experiments/10M_fasttext_prob_x_len_+_bic1.1_x_ced_0.25_w3000/model/model.npz.optimizer.npz
[2019-07-27 04:07:06] [valid] Ep. 22 : Up. 100000 : cross-entropy : 63.5507 : stalled 1 times (last best: 63.0665)
[2019-07-27 04:07:12] [valid] Ep. 22 : Up. 100000 : perplexity : 12.3284 : stalled 1 times (last best: 12.0947)
[2019-07-27 04:08:01] [valid] Ep. 22 : Up. 100000 : translation : 26.44 : stalled 1 times (last best: 26.48)
[2019-07-27 04:09:22] Seen 551744 samples
[2019-07-27 04:09:22] Starting epoch 23
[2019-07-27 04:09:22] [data] Shuffling data
[2019-07-27 04:09:23] [data] Done reading 594104 sentences
[2019-07-27 04:09:25] [data] Done shuffling 594104 sentences to temp files
[2019-07-27 04:13:36] Ep. 23 : Up. 102000 : Sen. 183,660 : Cost 26.07438660 : Time 419.70s : 12796.64 words/s
[2019-07-27 04:19:04] Ep. 23 : Up. 104000 : Sen. 425,830 : Cost 26.31926918 : Time 328.73s : 16351.55 words/s
[2019-07-27 04:21:55] Seen 551744 samples
[2019-07-27 04:21:55] Starting epoch 24
[2019-07-27 04:21:55] [data] Shuffling data
[2019-07-27 04:21:55] [data] Done reading 594104 sentences
[2019-07-27 04:21:58] [data] Done shuffling 594104 sentences to temp files
[2019-07-27 04:24:37] Ep. 24 : Up. 106000 : Sen. 116,241 : Cost 25.80209351 : Time 332.22s : 16150.35 words/s
[2019-07-27 04:30:06] Ep. 24 : Up. 108000 : Sen. 357,983 : Cost 25.56295395 : Time 329.22s : 16310.81 words/s
[2019-07-27 04:34:29] Seen 551744 samples
[2019-07-27 04:34:29] Starting epoch 25
[2019-07-27 04:34:29] [data] Shuffling data
[2019-07-27 04:34:30] [data] Done reading 594104 sentences
[2019-07-27 04:34:32] [data] Done shuffling 594104 sentences to temp files
[2019-07-27 04:35:37] Ep. 25 : Up. 110000 : Sen. 48,023 : Cost 25.82177353 : Time 331.38s : 16199.56 words/s
[2019-07-27 04:41:05] Ep. 25 : Up. 112000 : Sen. 289,799 : Cost 24.82121658 : Time 328.11s : 16353.14 words/s
[2019-07-27 04:46:33] Ep. 25 : Up. 114000 : Sen. 530,529 : Cost 25.52584457 : Time 327.93s : 16322.67 words/s
[2019-07-27 04:47:02] Seen 551744 samples
[2019-07-27 04:47:02] Starting epoch 26
[2019-07-27 04:47:02] [data] Shuffling data
[2019-07-27 04:47:02] [data] Done reading 594104 sentences
[2019-07-27 04:47:05] [data] Done shuffling 594104 sentences to temp files
[2019-07-27 04:52:06] Ep. 26 : Up. 116000 : Sen. 221,858 : Cost 24.40868759 : Time 332.76s : 16212.37 words/s
[2019-07-27 04:57:33] Ep. 26 : Up. 118000 : Sen. 461,822 : Cost 25.01537704 : Time 326.97s : 16300.76 words/s
[2019-07-27 04:59:35] Seen 551744 samples
[2019-07-27 04:59:35] Starting epoch 27
[2019-07-27 04:59:35] [data] Shuffling data
[2019-07-27 04:59:35] [data] Done reading 594104 sentences
[2019-07-27 04:59:37] [data] Done shuffling 594104 sentences to temp files
[2019-07-27 05:03:05] Ep. 27 : Up. 120000 : Sen. 152,205 : Cost 24.35048485 : Time 331.75s : 16195.89 words/s
[2019-07-27 05:03:05] Saving model to ../experiments/10M_fasttext_prob_x_len_+_bic1.1_x_ced_0.25_w3000/model/model.npz.orig.npz
[2019-07-27 05:03:10] Saving model to ../experiments/10M_fasttext_prob_x_len_+_bic1.1_x_ced_0.25_w3000/model/model.iter120000.npz
[2019-07-27 05:03:12] Saving model to ../experiments/10M_fasttext_prob_x_len_+_bic1.1_x_ced_0.25_w3000/model/model.npz
[2019-07-27 05:03:18] Saving Adam parameters to ../experiments/10M_fasttext_prob_x_len_+_bic1.1_x_ced_0.25_w3000/model/model.npz.optimizer.npz
[2019-07-27 05:03:35] [valid] Ep. 27 : Up. 120000 : cross-entropy : 64.5459 : stalled 2 times (last best: 63.0665)
[2019-07-27 05:03:42] [valid] Ep. 27 : Up. 120000 : perplexity : 12.8231 : stalled 2 times (last best: 12.0947)
[2019-07-27 05:04:31] [valid] Ep. 27 : Up. 120000 : translation : 26.35 : stalled 2 times (last best: 26.48)
[2019-07-27 05:10:02] Ep. 27 : Up. 122000 : Sen. 393,822 : Cost 24.57825661 : Time 417.71s : 12867.53 words/s
[2019-07-27 05:13:37] Seen 551744 samples
[2019-07-27 05:13:37] Starting epoch 28
[2019-07-27 05:13:37] [data] Shuffling data
[2019-07-27 05:13:37] [data] Done reading 594104 sentences
[2019-07-27 05:13:40] [data] Done shuffling 594104 sentences to temp files
[2019-07-27 05:15:32] Ep. 28 : Up. 124000 : Sen. 82,201 : Cost 24.41063881 : Time 329.62s : 16179.65 words/s
[2019-07-27 05:21:02] Ep. 28 : Up. 126000 : Sen. 324,966 : Cost 23.91766739 : Time 329.57s : 16337.60 words/s
[2019-07-27 05:26:10] Seen 551744 samples
[2019-07-27 05:26:10] Starting epoch 29
[2019-07-27 05:26:10] [data] Shuffling data
[2019-07-27 05:26:11] [data] Done reading 594104 sentences
[2019-07-27 05:26:13] [data] Done shuffling 594104 sentences to temp files
[2019-07-27 05:26:34] Ep. 29 : Up. 128000 : Sen. 14,730 : Cost 24.40769577 : Time 332.28s : 16137.98 words/s
[2019-07-27 05:32:01] Ep. 29 : Up. 130000 : Sen. 256,135 : Cost 23.40291595 : Time 327.15s : 16378.80 words/s
[2019-07-27 05:37:31] Ep. 29 : Up. 132000 : Sen. 497,374 : Cost 24.01189804 : Time 330.33s : 16229.29 words/s
[2019-07-27 05:38:45] Seen 551744 samples
[2019-07-27 05:38:45] Starting epoch 30
[2019-07-27 05:38:45] [data] Shuffling data
[2019-07-27 05:38:45] [data] Done reading 594104 sentences
[2019-07-27 05:38:48] [data] Done shuffling 594104 sentences to temp files
[2019-07-27 05:43:02] Ep. 30 : Up. 134000 : Sen. 187,453 : Cost 23.10557556 : Time 331.03s : 16179.02 words/s
[2019-07-27 05:48:31] Ep. 30 : Up. 136000 : Sen. 428,722 : Cost 23.66359520 : Time 328.84s : 16311.14 words/s
[2019-07-27 05:51:20] Seen 551744 samples
[2019-07-27 05:51:20] Starting epoch 31
[2019-07-27 05:51:20] [data] Shuffling data
[2019-07-27 05:51:20] [data] Done reading 594104 sentences
[2019-07-27 05:51:22] [data] Done shuffling 594104 sentences to temp files
[2019-07-27 05:54:03] Ep. 31 : Up. 138000 : Sen. 117,411 : Cost 23.20021248 : Time 331.72s : 16110.45 words/s
[2019-07-27 05:59:31] Ep. 31 : Up. 140000 : Sen. 358,682 : Cost 23.27149391 : Time 327.86s : 16355.95 words/s
[2019-07-27 05:59:31] Saving model to ../experiments/10M_fasttext_prob_x_len_+_bic1.1_x_ced_0.25_w3000/model/model.npz.orig.npz
[2019-07-27 05:59:36] Saving model to ../experiments/10M_fasttext_prob_x_len_+_bic1.1_x_ced_0.25_w3000/model/model.iter140000.npz
[2019-07-27 05:59:38] Saving model to ../experiments/10M_fasttext_prob_x_len_+_bic1.1_x_ced_0.25_w3000/model/model.npz
[2019-07-27 05:59:43] Saving Adam parameters to ../experiments/10M_fasttext_prob_x_len_+_bic1.1_x_ced_0.25_w3000/model/model.npz.optimizer.npz
[2019-07-27 06:00:02] [valid] Ep. 31 : Up. 140000 : cross-entropy : 65.6936 : stalled 3 times (last best: 63.0665)
[2019-07-27 06:00:08] [valid] Ep. 31 : Up. 140000 : perplexity : 13.4182 : stalled 3 times (last best: 12.0947)
[2019-07-27 06:00:58] [valid] Ep. 31 : Up. 140000 : translation : 25.92 : stalled 3 times (last best: 26.48)
[2019-07-27 06:05:23] Seen 551744 samples
[2019-07-27 06:05:23] Starting epoch 32
[2019-07-27 06:05:23] [data] Shuffling data
[2019-07-27 06:05:23] [data] Done reading 594104 sentences
[2019-07-27 06:05:25] [data] Done shuffling 594104 sentences to temp files
[2019-07-27 06:06:32] Ep. 32 : Up. 142000 : Sen. 49,382 : Cost 23.22162819 : Time 421.69s : 12751.12 words/s
[2019-07-27 06:12:01] Ep. 32 : Up. 144000 : Sen. 290,433 : Cost 22.41903305 : Time 328.09s : 16307.48 words/s
[2019-07-27 06:17:29] Ep. 32 : Up. 146000 : Sen. 532,669 : Cost 23.19202995 : Time 328.49s : 16392.29 words/s
[2019-07-27 06:17:55] Seen 551744 samples
[2019-07-27 06:17:55] Starting epoch 33
[2019-07-27 06:17:55] [data] Shuffling data
[2019-07-27 06:17:55] [data] Done reading 594104 sentences
[2019-07-27 06:17:58] [data] Done shuffling 594104 sentences to temp files
[2019-07-27 06:23:00] Ep. 33 : Up. 148000 : Sen. 222,011 : Cost 21.94025040 : Time 330.83s : 16160.84 words/s
[2019-07-27 06:28:29] Ep. 33 : Up. 150000 : Sen. 463,748 : Cost 22.59721756 : Time 328.96s : 16323.10 words/s
[2019-07-27 06:30:29] Seen 551744 samples
[2019-07-27 06:30:29] Starting epoch 34
[2019-07-27 06:30:29] [data] Shuffling data
[2019-07-27 06:30:29] [data] Done reading 594104 sentences
[2019-07-27 06:30:32] [data] Done shuffling 594104 sentences to temp files
[2019-07-27 06:34:00] Ep. 34 : Up. 152000 : Sen. 153,716 : Cost 22.28565788 : Time 331.38s : 16196.67 words/s
[2019-07-27 06:39:30] Ep. 34 : Up. 154000 : Sen. 395,213 : Cost 22.41378784 : Time 329.27s : 16309.75 words/s
[2019-07-27 06:43:02] Seen 551744 samples
[2019-07-27 06:43:02] Starting epoch 35
[2019-07-27 06:43:02] [data] Shuffling data
[2019-07-27 06:43:03] [data] Done reading 594104 sentences
[2019-07-27 06:43:05] [data] Done shuffling 594104 sentences to temp files
[2019-07-27 06:45:01] Ep. 35 : Up. 156000 : Sen. 85,234 : Cost 22.23726845 : Time 331.83s : 16158.18 words/s
[2019-07-27 06:50:31] Ep. 35 : Up. 158000 : Sen. 327,811 : Cost 21.69504929 : Time 329.23s : 16340.52 words/s
[2019-07-27 06:55:35] Seen 551744 samples
[2019-07-27 06:55:35] Starting epoch 36
[2019-07-27 06:55:35] [data] Shuffling data
[2019-07-27 06:55:35] [data] Done reading 594104 sentences
[2019-07-27 06:55:37] [data] Done shuffling 594104 sentences to temp files
[2019-07-27 06:56:02] Ep. 36 : Up. 160000 : Sen. 17,696 : Cost 22.17812347 : Time 331.09s : 16227.48 words/s
[2019-07-27 06:56:02] Saving model to ../experiments/10M_fasttext_prob_x_len_+_bic1.1_x_ced_0.25_w3000/model/model.npz.orig.npz
[2019-07-27 06:56:07] Saving model to ../experiments/10M_fasttext_prob_x_len_+_bic1.1_x_ced_0.25_w3000/model/model.iter160000.npz
[2019-07-27 06:56:09] Saving model to ../experiments/10M_fasttext_prob_x_len_+_bic1.1_x_ced_0.25_w3000/model/model.npz
[2019-07-27 06:56:14] Saving Adam parameters to ../experiments/10M_fasttext_prob_x_len_+_bic1.1_x_ced_0.25_w3000/model/model.npz.optimizer.npz
[2019-07-27 06:56:31] [valid] Ep. 36 : Up. 160000 : cross-entropy : 67.0854 : stalled 4 times (last best: 63.0665)
[2019-07-27 06:56:38] [valid] Ep. 36 : Up. 160000 : perplexity : 14.177 : stalled 4 times (last best: 12.0947)
[2019-07-27 06:57:25] [valid] Ep. 36 : Up. 160000 : translation : 25.69 : stalled 4 times (last best: 26.48)
[2019-07-27 07:02:54] Ep. 36 : Up. 162000 : Sen. 260,289 : Cost 21.42480278 : Time 412.64s : 13047.96 words/s
[2019-07-27 07:08:21] Ep. 36 : Up. 164000 : Sen. 501,243 : Cost 21.87453842 : Time 326.67s : 16394.97 words/s
[2019-07-27 07:09:30] Seen 551744 samples
[2019-07-27 07:09:30] Starting epoch 37
[2019-07-27 07:09:30] [data] Shuffling data
[2019-07-27 07:09:30] [data] Done reading 594104 sentences
[2019-07-27 07:09:32] [data] Done shuffling 594104 sentences to temp files
[2019-07-27 07:13:50] Ep. 37 : Up. 166000 : Sen. 190,575 : Cost 21.20740128 : Time 329.20s : 16255.06 words/s
[2019-07-27 07:19:16] Ep. 37 : Up. 168000 : Sen. 431,393 : Cost 21.49468040 : Time 325.40s : 16422.25 words/s
[2019-07-27 07:21:59] Seen 551744 samples
[2019-07-27 07:21:59] Starting epoch 38
[2019-07-27 07:21:59] [data] Shuffling data
[2019-07-27 07:21:59] [data] Done reading 594104 sentences
[2019-07-27 07:22:02] [data] Done shuffling 594104 sentences to temp files
[2019-07-27 07:24:47] Ep. 38 : Up. 170000 : Sen. 121,780 : Cost 21.29479408 : Time 331.63s : 16228.72 words/s
[2019-07-27 07:30:14] Ep. 38 : Up. 172000 : Sen. 364,041 : Cost 21.04389000 : Time 326.98s : 16439.50 words/s
[2019-07-27 07:34:29] Seen 551744 samples
[2019-07-27 07:34:29] Starting epoch 39
[2019-07-27 07:34:29] [data] Shuffling data
[2019-07-27 07:34:29] [data] Done reading 594104 sentences
[2019-07-27 07:34:31] [data] Done shuffling 594104 sentences to temp files
[2019-07-27 07:35:45] Ep. 39 : Up. 174000 : Sen. 54,563 : Cost 21.26827240 : Time 331.01s : 16260.06 words/s
[2019-07-27 07:41:11] Ep. 39 : Up. 176000 : Sen. 296,184 : Cost 20.71996689 : Time 325.97s : 16477.07 words/s
[2019-07-27 07:46:37] Ep. 39 : Up. 178000 : Sen. 537,600 : Cost 21.44258308 : Time 325.51s : 16441.17 words/s
[2019-07-27 07:46:56] Seen 551744 samples
[2019-07-27 07:46:56] Starting epoch 40
[2019-07-27 07:46:56] [data] Shuffling data
[2019-07-27 07:46:56] [data] Done reading 594104 sentences
[2019-07-27 07:46:59] [data] Done shuffling 594104 sentences to temp files
[2019-07-27 07:52:05] Ep. 40 : Up. 180000 : Sen. 227,019 : Cost 20.33927536 : Time 328.29s : 16333.02 words/s
[2019-07-27 07:52:05] Saving model to ../experiments/10M_fasttext_prob_x_len_+_bic1.1_x_ced_0.25_w3000/model/model.npz.orig.npz
[2019-07-27 07:52:10] Saving model to ../experiments/10M_fasttext_prob_x_len_+_bic1.1_x_ced_0.25_w3000/model/model.iter180000.npz
[2019-07-27 07:52:12] Saving model to ../experiments/10M_fasttext_prob_x_len_+_bic1.1_x_ced_0.25_w3000/model/model.npz
[2019-07-27 07:52:17] Saving Adam parameters to ../experiments/10M_fasttext_prob_x_len_+_bic1.1_x_ced_0.25_w3000/model/model.npz.optimizer.npz
[2019-07-27 07:52:36] [valid] Ep. 40 : Up. 180000 : cross-entropy : 68.4104 : stalled 5 times (last best: 63.0665)
[2019-07-27 07:52:43] [valid] Ep. 40 : Up. 180000 : perplexity : 14.9393 : stalled 5 times (last best: 12.0947)
[2019-07-27 07:53:30] [valid] Ep. 40 : Up. 180000 : translation : 25.53 : stalled 5 times (last best: 26.48)
[2019-07-27 07:53:33] Training finished
[2019-07-27 07:53:38] Saving model to ../experiments/10M_fasttext_prob_x_len_+_bic1.1_x_ced_0.25_w3000/model/model.npz.orig.npz
[2019-07-27 07:53:43] Saving model to ../experiments/10M_fasttext_prob_x_len_+_bic1.1_x_ced_0.25_w3000/model/model.npz
[2019-07-27 07:53:48] Saving Adam parameters to ../experiments/10M_fasttext_prob_x_len_+_bic1.1_x_ced_0.25_w3000/model/model.npz.optimizer.npz
