[2019-08-06 16:47:53] [marian] Marian v1.7.8 ec2d66e 2019-05-27 14:52:11 +0100
[2019-08-06 16:47:53] [marian] Running on zisa as process 181208 with command line:
[2019-08-06 16:47:53] [marian] /fs/bil0/abdel/marian-dev/build/marian --sync-sgd --model ../experiments/10M_fasttext_x_bic1.1_+_bic1.1_x_biced_0.25/model/model.npz -T . --devices 3 --train-sets ../experiments/10M_fasttext_x_bic1.1_+_bic1.1_x_biced_0.25/data/train.bpe.de ../experiments/10M_fasttext_x_bic1.1_+_bic1.1_x_biced_0.25/data/train.bpe.en --vocabs ../experiments/10M_fasttext_x_bic1.1_+_bic1.1_x_biced_0.25/data/train.bpe.de.json ../experiments/10M_fasttext_x_bic1.1_+_bic1.1_x_biced_0.25/data/train.bpe.en.json --mini-batch-fit -w 3000 --dim-vocabs 50000 50000 --layer-normalization --dropout-rnn 0.2 --dropout-src 0.1 --dropout-trg 0.1 --learn-rate 0.0001 --after-epochs 0 --early-stopping 5 --valid-freq 20000 --save-freq 20000 --disp-freq 2000 --valid-mini-batch 8 --valid-sets ../experiments/10M_fasttext_x_bic1.1_+_bic1.1_x_biced_0.25/data/dev.bpe.de ../experiments/10M_fasttext_x_bic1.1_+_bic1.1_x_biced_0.25/data/dev.bpe.en --valid-metrics cross-entropy perplexity translation --valid-translation-output ../experiments/10M_fasttext_x_bic1.1_+_bic1.1_x_biced_0.25/model/dev.out --valid-script-path ../experiments/10M_fasttext_x_bic1.1_+_bic1.1_x_biced_0.25/score-dev.sh --seed 1111 --exponential-smoothing --normalize=1 --beam-size=12 --quiet-translation --log ../experiments/10M_fasttext_x_bic1.1_+_bic1.1_x_biced_0.25/model/train.log --valid-log ../experiments/10M_fasttext_x_bic1.1_+_bic1.1_x_biced_0.25/model/valid.log
[2019-08-06 16:47:53] [config] after-batches: 0
[2019-08-06 16:47:53] [config] after-epochs: 0
[2019-08-06 16:47:53] [config] allow-unk: false
[2019-08-06 16:47:53] [config] beam-size: 12
[2019-08-06 16:47:53] [config] bert-class-symbol: "[CLS]"
[2019-08-06 16:47:53] [config] bert-mask-symbol: "[MASK]"
[2019-08-06 16:47:53] [config] bert-masking-fraction: 0.15
[2019-08-06 16:47:53] [config] bert-sep-symbol: "[SEP]"
[2019-08-06 16:47:53] [config] bert-train-type-embeddings: true
[2019-08-06 16:47:53] [config] bert-type-vocab-size: 2
[2019-08-06 16:47:53] [config] best-deep: false
[2019-08-06 16:47:53] [config] clip-gemm: 0
[2019-08-06 16:47:53] [config] clip-norm: 1
[2019-08-06 16:47:53] [config] cost-type: ce-mean
[2019-08-06 16:47:53] [config] cpu-threads: 0
[2019-08-06 16:47:53] [config] data-weighting: ""
[2019-08-06 16:47:53] [config] data-weighting-type: sentence
[2019-08-06 16:47:53] [config] dec-cell: gru
[2019-08-06 16:47:53] [config] dec-cell-base-depth: 2
[2019-08-06 16:47:53] [config] dec-cell-high-depth: 1
[2019-08-06 16:47:53] [config] dec-depth: 1
[2019-08-06 16:47:53] [config] devices:
[2019-08-06 16:47:53] [config]   - 3
[2019-08-06 16:47:53] [config] dim-emb: 512
[2019-08-06 16:47:53] [config] dim-rnn: 1024
[2019-08-06 16:47:53] [config] dim-vocabs:
[2019-08-06 16:47:53] [config]   - 50000
[2019-08-06 16:47:53] [config]   - 50000
[2019-08-06 16:47:53] [config] disp-first: 0
[2019-08-06 16:47:53] [config] disp-freq: 2000
[2019-08-06 16:47:53] [config] disp-label-counts: false
[2019-08-06 16:47:53] [config] dropout-rnn: 0.2
[2019-08-06 16:47:53] [config] dropout-src: 0.1
[2019-08-06 16:47:53] [config] dropout-trg: 0.1
[2019-08-06 16:47:53] [config] dump-config: ""
[2019-08-06 16:47:53] [config] early-stopping: 5
[2019-08-06 16:47:53] [config] embedding-fix-src: false
[2019-08-06 16:47:53] [config] embedding-fix-trg: false
[2019-08-06 16:47:53] [config] embedding-normalization: false
[2019-08-06 16:47:53] [config] embedding-vectors:
[2019-08-06 16:47:53] [config]   []
[2019-08-06 16:47:53] [config] enc-cell: gru
[2019-08-06 16:47:53] [config] enc-cell-depth: 1
[2019-08-06 16:47:53] [config] enc-depth: 1
[2019-08-06 16:47:53] [config] enc-type: bidirectional
[2019-08-06 16:47:53] [config] exponential-smoothing: 0.0001
[2019-08-06 16:47:53] [config] grad-dropping-momentum: 0
[2019-08-06 16:47:53] [config] grad-dropping-rate: 0
[2019-08-06 16:47:53] [config] grad-dropping-warmup: 100
[2019-08-06 16:47:53] [config] guided-alignment: none
[2019-08-06 16:47:53] [config] guided-alignment-cost: mse
[2019-08-06 16:47:53] [config] guided-alignment-weight: 0.1
[2019-08-06 16:47:53] [config] ignore-model-config: false
[2019-08-06 16:47:53] [config] input-types:
[2019-08-06 16:47:53] [config]   []
[2019-08-06 16:47:53] [config] interpolate-env-vars: false
[2019-08-06 16:47:53] [config] keep-best: false
[2019-08-06 16:47:53] [config] label-smoothing: 0
[2019-08-06 16:47:53] [config] layer-normalization: true
[2019-08-06 16:47:53] [config] learn-rate: 0.0001
[2019-08-06 16:47:53] [config] log: ../experiments/10M_fasttext_x_bic1.1_+_bic1.1_x_biced_0.25/model/train.log
[2019-08-06 16:47:53] [config] log-level: info
[2019-08-06 16:47:53] [config] log-time-zone: ""
[2019-08-06 16:47:53] [config] lr-decay: 0
[2019-08-06 16:47:53] [config] lr-decay-freq: 50000
[2019-08-06 16:47:53] [config] lr-decay-inv-sqrt:
[2019-08-06 16:47:53] [config]   - 0
[2019-08-06 16:47:53] [config] lr-decay-repeat-warmup: false
[2019-08-06 16:47:53] [config] lr-decay-reset-optimizer: false
[2019-08-06 16:47:53] [config] lr-decay-start:
[2019-08-06 16:47:53] [config]   - 10
[2019-08-06 16:47:53] [config]   - 1
[2019-08-06 16:47:53] [config] lr-decay-strategy: epoch+stalled
[2019-08-06 16:47:53] [config] lr-report: false
[2019-08-06 16:47:53] [config] lr-warmup: 0
[2019-08-06 16:47:53] [config] lr-warmup-at-reload: false
[2019-08-06 16:47:53] [config] lr-warmup-cycle: false
[2019-08-06 16:47:53] [config] lr-warmup-start-rate: 0
[2019-08-06 16:47:53] [config] max-length: 50
[2019-08-06 16:47:53] [config] max-length-crop: false
[2019-08-06 16:47:53] [config] max-length-factor: 3
[2019-08-06 16:47:53] [config] maxi-batch: 100
[2019-08-06 16:47:53] [config] maxi-batch-sort: trg
[2019-08-06 16:47:53] [config] mini-batch: 64
[2019-08-06 16:47:53] [config] mini-batch-fit: true
[2019-08-06 16:47:53] [config] mini-batch-fit-step: 10
[2019-08-06 16:47:53] [config] mini-batch-overstuff: 1
[2019-08-06 16:47:53] [config] mini-batch-track-lr: false
[2019-08-06 16:47:53] [config] mini-batch-understuff: 1
[2019-08-06 16:47:53] [config] mini-batch-warmup: 0
[2019-08-06 16:47:53] [config] mini-batch-words: 0
[2019-08-06 16:47:53] [config] mini-batch-words-ref: 0
[2019-08-06 16:47:53] [config] model: ../experiments/10M_fasttext_x_bic1.1_+_bic1.1_x_biced_0.25/model/model.npz
[2019-08-06 16:47:53] [config] multi-loss-type: sum
[2019-08-06 16:47:53] [config] multi-node: false
[2019-08-06 16:47:53] [config] multi-node-overlap: true
[2019-08-06 16:47:53] [config] n-best: false
[2019-08-06 16:47:53] [config] no-nccl: false
[2019-08-06 16:47:53] [config] no-reload: false
[2019-08-06 16:47:53] [config] no-restore-corpus: false
[2019-08-06 16:47:53] [config] no-shuffle: false
[2019-08-06 16:47:53] [config] normalize: 1
[2019-08-06 16:47:53] [config] num-devices: 0
[2019-08-06 16:47:53] [config] optimizer: adam
[2019-08-06 16:47:53] [config] optimizer-delay: 1
[2019-08-06 16:47:53] [config] optimizer-params:
[2019-08-06 16:47:53] [config]   []
[2019-08-06 16:47:53] [config] overwrite: false
[2019-08-06 16:47:53] [config] pretrained-model: ""
[2019-08-06 16:47:53] [config] quiet: false
[2019-08-06 16:47:53] [config] quiet-translation: true
[2019-08-06 16:47:53] [config] relative-paths: false
[2019-08-06 16:47:53] [config] right-left: false
[2019-08-06 16:47:53] [config] save-freq: 20000
[2019-08-06 16:47:53] [config] seed: 1111
[2019-08-06 16:47:53] [config] shuffle-in-ram: false
[2019-08-06 16:47:53] [config] skip: false
[2019-08-06 16:47:53] [config] sqlite: ""
[2019-08-06 16:47:53] [config] sqlite-drop: false
[2019-08-06 16:47:53] [config] sync-sgd: true
[2019-08-06 16:47:53] [config] tempdir: .
[2019-08-06 16:47:53] [config] tied-embeddings: false
[2019-08-06 16:47:53] [config] tied-embeddings-all: false
[2019-08-06 16:47:53] [config] tied-embeddings-src: false
[2019-08-06 16:47:53] [config] train-sets:
[2019-08-06 16:47:53] [config]   - ../experiments/10M_fasttext_x_bic1.1_+_bic1.1_x_biced_0.25/data/train.bpe.de
[2019-08-06 16:47:53] [config]   - ../experiments/10M_fasttext_x_bic1.1_+_bic1.1_x_biced_0.25/data/train.bpe.en
[2019-08-06 16:47:53] [config] transformer-aan-activation: swish
[2019-08-06 16:47:53] [config] transformer-aan-depth: 2
[2019-08-06 16:47:53] [config] transformer-aan-nogate: false
[2019-08-06 16:47:53] [config] transformer-decoder-autoreg: self-attention
[2019-08-06 16:47:53] [config] transformer-dim-aan: 2048
[2019-08-06 16:47:53] [config] transformer-dim-ffn: 2048
[2019-08-06 16:47:53] [config] transformer-dropout: 0
[2019-08-06 16:47:53] [config] transformer-dropout-attention: 0
[2019-08-06 16:47:53] [config] transformer-dropout-ffn: 0
[2019-08-06 16:47:53] [config] transformer-ffn-activation: swish
[2019-08-06 16:47:53] [config] transformer-ffn-depth: 2
[2019-08-06 16:47:53] [config] transformer-guided-alignment-layer: last
[2019-08-06 16:47:53] [config] transformer-heads: 8
[2019-08-06 16:47:53] [config] transformer-no-projection: false
[2019-08-06 16:47:53] [config] transformer-postprocess: dan
[2019-08-06 16:47:53] [config] transformer-postprocess-emb: d
[2019-08-06 16:47:53] [config] transformer-preprocess: ""
[2019-08-06 16:47:53] [config] transformer-tied-layers:
[2019-08-06 16:47:53] [config]   []
[2019-08-06 16:47:53] [config] transformer-train-position-embeddings: false
[2019-08-06 16:47:53] [config] type: amun
[2019-08-06 16:47:53] [config] ulr: false
[2019-08-06 16:47:53] [config] ulr-dim-emb: 0
[2019-08-06 16:47:53] [config] ulr-dropout: 0
[2019-08-06 16:47:53] [config] ulr-keys-vectors: ""
[2019-08-06 16:47:53] [config] ulr-query-vectors: ""
[2019-08-06 16:47:53] [config] ulr-softmax-temperature: 1
[2019-08-06 16:47:53] [config] ulr-trainable-transformation: false
[2019-08-06 16:47:53] [config] valid-freq: 20000
[2019-08-06 16:47:53] [config] valid-log: ../experiments/10M_fasttext_x_bic1.1_+_bic1.1_x_biced_0.25/model/valid.log
[2019-08-06 16:47:53] [config] valid-max-length: 1000
[2019-08-06 16:47:53] [config] valid-metrics:
[2019-08-06 16:47:53] [config]   - cross-entropy
[2019-08-06 16:47:53] [config]   - perplexity
[2019-08-06 16:47:53] [config]   - translation
[2019-08-06 16:47:53] [config] valid-mini-batch: 8
[2019-08-06 16:47:53] [config] valid-script-path: ../experiments/10M_fasttext_x_bic1.1_+_bic1.1_x_biced_0.25/score-dev.sh
[2019-08-06 16:47:53] [config] valid-sets:
[2019-08-06 16:47:53] [config]   - ../experiments/10M_fasttext_x_bic1.1_+_bic1.1_x_biced_0.25/data/dev.bpe.de
[2019-08-06 16:47:53] [config]   - ../experiments/10M_fasttext_x_bic1.1_+_bic1.1_x_biced_0.25/data/dev.bpe.en
[2019-08-06 16:47:53] [config] valid-translation-output: ../experiments/10M_fasttext_x_bic1.1_+_bic1.1_x_biced_0.25/model/dev.out
[2019-08-06 16:47:53] [config] vocabs:
[2019-08-06 16:47:53] [config]   - ../experiments/10M_fasttext_x_bic1.1_+_bic1.1_x_biced_0.25/data/train.bpe.de.json
[2019-08-06 16:47:53] [config]   - ../experiments/10M_fasttext_x_bic1.1_+_bic1.1_x_biced_0.25/data/train.bpe.en.json
[2019-08-06 16:47:53] [config] word-penalty: 0
[2019-08-06 16:47:53] [config] workspace: 3000
[2019-08-06 16:47:53] [config] Model is being created with Marian v1.7.8 ec2d66e 2019-05-27 14:52:11 +0100
[2019-08-06 16:47:53] Using synchronous training
[2019-08-06 16:47:53] [data] Loading vocabulary from JSON/Yaml file ../experiments/10M_fasttext_x_bic1.1_+_bic1.1_x_biced_0.25/data/train.bpe.de.json
[2019-08-06 16:47:53] [data] Using unused word id eos for 0
[2019-08-06 16:47:53] [data] Using unused word id UNK for 1
[2019-08-06 16:47:53] [data] Setting vocabulary size for input 0 to 50000
[2019-08-06 16:47:53] [data] Loading vocabulary from JSON/Yaml file ../experiments/10M_fasttext_x_bic1.1_+_bic1.1_x_biced_0.25/data/train.bpe.en.json
[2019-08-06 16:47:54] [data] Using unused word id eos for 0
[2019-08-06 16:47:54] [data] Using unused word id UNK for 1
[2019-08-06 16:47:54] [data] Setting vocabulary size for input 1 to 50000
[2019-08-06 16:47:54] Compiled without MPI support. Falling back to FakeMPIWrapper
[2019-08-06 16:47:54] [batching] Collecting statistics for batch fitting with step size 10
[2019-08-06 16:47:54] [memory] Extending reserved space to 3072 MB (device gpu3)
[2019-08-06 16:47:55] [comm] Using NCCL 2.4.2 for GPU communication
[2019-08-06 16:47:55] [comm] NCCLCommunicator constructed successfully.
[2019-08-06 16:47:55] [training] Using 1 GPUs
[2019-08-06 16:47:55] [memory] Reserving 422 MB, device gpu3
[2019-08-06 16:47:55] [gpu] 16-bit TensorCores enabled for float32 matrix operations
[2019-08-06 16:47:55] [memory] Reserving 422 MB, device gpu3
[2019-08-06 16:48:01] [batching] Done. Typical MB size is 4042 target words
[2019-08-06 16:48:01] [memory] Extending reserved space to 3072 MB (device gpu3)
[2019-08-06 16:48:01] [comm] Using NCCL 2.4.2 for GPU communication
[2019-08-06 16:48:01] [comm] NCCLCommunicator constructed successfully.
[2019-08-06 16:48:01] [training] Using 1 GPUs
[2019-08-06 16:48:01] Training started
[2019-08-06 16:48:01] [data] Shuffling data
[2019-08-06 16:48:02] [data] Done reading 585199 sentences
[2019-08-06 16:48:04] [data] Done shuffling 585199 sentences to temp files
[2019-08-06 16:48:05] [training] Batches are processed as 1 process(es) x 1 devices/process
[2019-08-06 16:48:05] [memory] Reserving 422 MB, device gpu3
[2019-08-06 16:48:06] [memory] Reserving 422 MB, device gpu3
[2019-08-06 16:48:06] [memory] Reserving 422 MB, device gpu3
[2019-08-06 16:48:06] [memory] Reserving 844 MB, device gpu3
[2019-08-06 17:00:50] Ep. 1 : Up. 2000 : Sen. 248,774 : Cost 129.31343079 : Time 776.37s : 6886.36 words/s
[2019-08-06 17:13:38] Ep. 1 : Up. 4000 : Sen. 496,648 : Cost 97.32285309 : Time 768.50s : 6934.55 words/s
[2019-08-06 17:16:00] Seen 542653 samples
[2019-08-06 17:16:00] Starting epoch 2
[2019-08-06 17:16:00] [data] Shuffling data
[2019-08-06 17:16:01] [data] Done reading 585199 sentences
[2019-08-06 17:16:03] [data] Done shuffling 585199 sentences to temp files
[2019-08-06 17:26:34] Ep. 2 : Up. 6000 : Sen. 203,522 : Cost 79.52097321 : Time 775.96s : 6887.32 words/s
[2019-08-06 17:39:27] Ep. 2 : Up. 8000 : Sen. 451,908 : Cost 70.28087616 : Time 772.82s : 6907.54 words/s
[2019-08-06 17:44:11] Seen 542653 samples
[2019-08-06 17:44:11] Starting epoch 3
[2019-08-06 17:44:11] [data] Shuffling data
[2019-08-06 17:44:11] [data] Done reading 585199 sentences
[2019-08-06 17:44:13] [data] Done shuffling 585199 sentences to temp files
[2019-08-06 17:52:27] Ep. 3 : Up. 10000 : Sen. 158,309 : Cost 63.14158249 : Time 779.88s : 6868.87 words/s
[2019-08-06 18:05:19] Ep. 3 : Up. 12000 : Sen. 406,492 : Cost 58.72034073 : Time 771.57s : 6903.68 words/s
[2019-08-06 18:12:22] Seen 542653 samples
[2019-08-06 18:12:22] Starting epoch 4
[2019-08-06 18:12:22] [data] Shuffling data
[2019-08-06 18:12:23] [data] Done reading 585199 sentences
[2019-08-06 18:12:24] [data] Done shuffling 585199 sentences to temp files
[2019-08-06 18:18:13] Ep. 4 : Up. 14000 : Sen. 111,203 : Cost 55.13223648 : Time 774.21s : 6875.67 words/s
[2019-08-06 18:31:03] Ep. 4 : Up. 16000 : Sen. 359,004 : Cost 52.42913437 : Time 770.28s : 6904.01 words/s
[2019-08-06 18:40:33] Seen 542653 samples
[2019-08-06 18:40:33] Starting epoch 5
[2019-08-06 18:40:33] [data] Shuffling data
[2019-08-06 18:40:34] [data] Done reading 585199 sentences
[2019-08-06 18:40:36] [data] Done shuffling 585199 sentences to temp files
[2019-08-06 18:43:59] Ep. 5 : Up. 18000 : Sen. 64,787 : Cost 50.60103607 : Time 776.20s : 6875.05 words/s
[2019-08-06 18:56:51] Ep. 5 : Up. 20000 : Sen. 312,772 : Cost 48.27056122 : Time 771.97s : 6901.67 words/s
[2019-08-06 18:56:51] Saving model to ../experiments/10M_fasttext_x_bic1.1_+_bic1.1_x_biced_0.25/model/model.npz.orig.npz
[2019-08-06 18:57:00] Saving model to ../experiments/10M_fasttext_x_bic1.1_+_bic1.1_x_biced_0.25/model/model.iter20000.npz
[2019-08-06 18:57:07] Saving model to ../experiments/10M_fasttext_x_bic1.1_+_bic1.1_x_biced_0.25/model/model.npz
[2019-08-06 18:57:16] Saving Adam parameters to ../experiments/10M_fasttext_x_bic1.1_+_bic1.1_x_biced_0.25/model/model.npz.optimizer.npz
[2019-08-06 18:57:41] [valid] Ep. 5 : Up. 20000 : cross-entropy : 68.7428 : new best
[2019-08-06 18:57:51] [valid] Ep. 5 : Up. 20000 : perplexity : 15.1233 : new best
[2019-08-06 18:59:10] [valid] Ep. 5 : Up. 20000 : translation : 22.38 : new best
[2019-08-06 19:11:05] Seen 542653 samples
[2019-08-06 19:11:05] Starting epoch 6
[2019-08-06 19:11:05] [data] Shuffling data
[2019-08-06 19:11:06] [data] Done reading 585199 sentences
[2019-08-06 19:11:08] [data] Done shuffling 585199 sentences to temp files
[2019-08-06 19:12:09] Ep. 6 : Up. 22000 : Sen. 19,065 : Cost 47.44665146 : Time 917.32s : 5828.20 words/s
[2019-08-06 19:25:01] Ep. 6 : Up. 24000 : Sen. 267,193 : Cost 45.07912064 : Time 772.39s : 6908.03 words/s
[2019-08-06 19:37:54] Ep. 6 : Up. 26000 : Sen. 516,072 : Cost 44.58880234 : Time 772.89s : 6911.30 words/s
[2019-08-06 19:39:17] Seen 542653 samples
[2019-08-06 19:39:17] Starting epoch 7
[2019-08-06 19:39:17] [data] Shuffling data
[2019-08-06 19:39:17] [data] Done reading 585199 sentences
[2019-08-06 19:39:19] [data] Done shuffling 585199 sentences to temp files
[2019-08-06 19:50:49] Ep. 7 : Up. 28000 : Sen. 220,558 : Cost 42.81868744 : Time 775.02s : 6859.83 words/s
[2019-08-06 20:03:40] Ep. 7 : Up. 30000 : Sen. 468,956 : Cost 42.32341385 : Time 771.13s : 6906.09 words/s
[2019-08-06 20:07:29] Seen 542653 samples
[2019-08-06 20:07:29] Starting epoch 8
[2019-08-06 20:07:29] [data] Shuffling data
[2019-08-06 20:07:29] [data] Done reading 585199 sentences
[2019-08-06 20:07:31] [data] Done shuffling 585199 sentences to temp files
[2019-08-06 20:16:36] Ep. 8 : Up. 32000 : Sen. 175,085 : Cost 40.68481064 : Time 776.17s : 6884.22 words/s
[2019-08-06 20:29:27] Ep. 8 : Up. 34000 : Sen. 423,317 : Cost 40.33537292 : Time 770.55s : 6919.32 words/s
[2019-08-06 20:35:38] Seen 542653 samples
[2019-08-06 20:35:38] Starting epoch 9
[2019-08-06 20:35:38] [data] Shuffling data
[2019-08-06 20:35:38] [data] Done reading 585199 sentences
[2019-08-06 20:35:40] [data] Done shuffling 585199 sentences to temp files
[2019-08-06 20:42:25] Ep. 9 : Up. 36000 : Sen. 129,634 : Cost 39.40998077 : Time 778.03s : 6882.66 words/s
[2019-08-06 20:55:16] Ep. 9 : Up. 38000 : Sen. 378,288 : Cost 38.71152115 : Time 770.96s : 6917.11 words/s
[2019-08-06 21:03:46] Seen 542653 samples
[2019-08-06 21:03:46] Starting epoch 10
[2019-08-06 21:03:46] [data] Shuffling data
[2019-08-06 21:03:47] [data] Done reading 585199 sentences
[2019-08-06 21:03:50] [data] Done shuffling 585199 sentences to temp files
[2019-08-06 21:08:13] Ep. 10 : Up. 40000 : Sen. 84,421 : Cost 38.10015869 : Time 777.41s : 6879.17 words/s
[2019-08-06 21:08:13] Saving model to ../experiments/10M_fasttext_x_bic1.1_+_bic1.1_x_biced_0.25/model/model.npz.orig.npz
[2019-08-06 21:08:22] Saving model to ../experiments/10M_fasttext_x_bic1.1_+_bic1.1_x_biced_0.25/model/model.iter40000.npz
[2019-08-06 21:08:28] Saving model to ../experiments/10M_fasttext_x_bic1.1_+_bic1.1_x_biced_0.25/model/model.npz
[2019-08-06 21:08:37] Saving Adam parameters to ../experiments/10M_fasttext_x_bic1.1_+_bic1.1_x_biced_0.25/model/model.npz.optimizer.npz
[2019-08-06 21:09:03] [valid] Ep. 10 : Up. 40000 : cross-entropy : 59.7153 : new best
[2019-08-06 21:09:13] [valid] Ep. 10 : Up. 40000 : perplexity : 10.586 : new best
[2019-08-06 21:10:30] [valid] Ep. 10 : Up. 40000 : translation : 24.88 : new best
[2019-08-06 21:23:23] Ep. 10 : Up. 42000 : Sen. 332,935 : Cost 37.25060654 : Time 909.94s : 5861.14 words/s
[2019-08-06 21:34:17] Seen 542653 samples
[2019-08-06 21:34:17] Starting epoch 11
[2019-08-06 21:34:17] [data] Shuffling data
[2019-08-06 21:34:17] [data] Done reading 585199 sentences
[2019-08-06 21:34:19] [data] Done shuffling 585199 sentences to temp files
[2019-08-06 21:36:18] Ep. 11 : Up. 44000 : Sen. 37,516 : Cost 37.34174728 : Time 774.62s : 6868.17 words/s
[2019-08-06 21:49:12] Ep. 11 : Up. 46000 : Sen. 286,836 : Cost 35.80475235 : Time 774.35s : 6910.84 words/s
[2019-08-06 22:02:04] Ep. 11 : Up. 48000 : Sen. 534,576 : Cost 36.25073242 : Time 771.53s : 6913.99 words/s
[2019-08-06 22:02:27] Seen 542653 samples
[2019-08-06 22:02:27] Starting epoch 12
[2019-08-06 22:02:27] [data] Shuffling data
[2019-08-06 22:02:27] [data] Done reading 585199 sentences
[2019-08-06 22:02:29] [data] Done shuffling 585199 sentences to temp files
[2019-08-06 22:14:58] Ep. 12 : Up. 50000 : Sen. 241,084 : Cost 34.29376602 : Time 774.03s : 6888.21 words/s
[2019-08-06 22:27:48] Ep. 12 : Up. 52000 : Sen. 489,163 : Cost 35.12557602 : Time 770.00s : 6926.10 words/s
[2019-08-06 22:30:34] Seen 542653 samples
[2019-08-06 22:30:34] Starting epoch 13
[2019-08-06 22:30:34] [data] Shuffling data
[2019-08-06 22:30:35] [data] Done reading 585199 sentences
[2019-08-06 22:30:37] [data] Done shuffling 585199 sentences to temp files
[2019-08-06 22:40:45] Ep. 13 : Up. 54000 : Sen. 194,396 : Cost 33.87574768 : Time 777.56s : 6871.93 words/s
[2019-08-06 22:53:35] Ep. 13 : Up. 56000 : Sen. 442,686 : Cost 33.98274612 : Time 770.25s : 6915.41 words/s
[2019-08-06 22:58:44] Seen 542653 samples
[2019-08-06 22:58:44] Starting epoch 14
[2019-08-06 22:58:44] [data] Shuffling data
[2019-08-06 22:58:44] [data] Done reading 585199 sentences
[2019-08-06 22:58:46] [data] Done shuffling 585199 sentences to temp files
[2019-08-06 23:06:32] Ep. 14 : Up. 58000 : Sen. 149,422 : Cost 33.13557434 : Time 776.89s : 6886.27 words/s
[2019-08-06 23:19:25] Ep. 14 : Up. 60000 : Sen. 397,908 : Cost 32.88175964 : Time 772.34s : 6918.95 words/s
[2019-08-06 23:19:25] Saving model to ../experiments/10M_fasttext_x_bic1.1_+_bic1.1_x_biced_0.25/model/model.npz.orig.npz
[2019-08-06 23:19:34] Saving model to ../experiments/10M_fasttext_x_bic1.1_+_bic1.1_x_biced_0.25/model/model.iter60000.npz
[2019-08-06 23:19:41] Saving model to ../experiments/10M_fasttext_x_bic1.1_+_bic1.1_x_biced_0.25/model/model.npz
[2019-08-06 23:19:50] Saving Adam parameters to ../experiments/10M_fasttext_x_bic1.1_+_bic1.1_x_biced_0.25/model/model.npz.optimizer.npz
[2019-08-06 23:20:16] [valid] Ep. 14 : Up. 60000 : cross-entropy : 57.0573 : new best
[2019-08-06 23:20:26] [valid] Ep. 14 : Up. 60000 : perplexity : 9.53059 : new best
[2019-08-06 23:21:45] [valid] Ep. 14 : Up. 60000 : translation : 25.73 : new best
[2019-08-06 23:29:15] Seen 542653 samples
[2019-08-06 23:29:15] Starting epoch 15
[2019-08-06 23:29:15] [data] Shuffling data
[2019-08-06 23:29:15] [data] Done reading 585199 sentences
[2019-08-06 23:29:17] [data] Done shuffling 585199 sentences to temp files
[2019-08-06 23:34:45] Ep. 15 : Up. 62000 : Sen. 104,535 : Cost 32.40279770 : Time 919.87s : 5811.07 words/s
[2019-08-06 23:47:35] Ep. 15 : Up. 64000 : Sen. 352,879 : Cost 31.81213570 : Time 770.21s : 6926.80 words/s
[2019-08-06 23:57:25] Seen 542653 samples
[2019-08-06 23:57:25] Starting epoch 16
[2019-08-06 23:57:25] [data] Shuffling data
[2019-08-06 23:57:25] [data] Done reading 585199 sentences
[2019-08-06 23:57:27] [data] Done shuffling 585199 sentences to temp files
[2019-08-07 00:00:28] Ep. 16 : Up. 66000 : Sen. 57,465 : Cost 32.00094986 : Time 773.56s : 6872.12 words/s
[2019-08-07 00:13:20] Ep. 16 : Up. 68000 : Sen. 305,592 : Cost 30.80106544 : Time 771.31s : 6909.27 words/s
[2019-08-07 00:25:36] Seen 542653 samples
[2019-08-07 00:25:36] Starting epoch 17
[2019-08-07 00:25:36] [data] Shuffling data
[2019-08-07 00:25:36] [data] Done reading 585199 sentences
[2019-08-07 00:25:38] [data] Done shuffling 585199 sentences to temp files
[2019-08-07 00:26:18] Ep. 17 : Up. 70000 : Sen. 12,113 : Cost 31.42327309 : Time 778.36s : 6870.71 words/s
[2019-08-07 00:39:10] Ep. 17 : Up. 72000 : Sen. 260,541 : Cost 30.05524445 : Time 772.12s : 6911.71 words/s
[2019-08-07 00:52:01] Ep. 17 : Up. 74000 : Sen. 508,838 : Cost 30.77734947 : Time 771.00s : 6925.07 words/s
[2019-08-07 00:53:46] Seen 542653 samples
[2019-08-07 00:53:46] Starting epoch 18
[2019-08-07 00:53:46] [data] Shuffling data
[2019-08-07 00:53:46] [data] Done reading 585199 sentences
[2019-08-07 00:53:48] [data] Done shuffling 585199 sentences to temp files
[2019-08-07 01:04:56] Ep. 18 : Up. 76000 : Sen. 213,895 : Cost 29.44924355 : Time 775.01s : 6874.82 words/s
[2019-08-07 01:17:48] Ep. 18 : Up. 78000 : Sen. 462,840 : Cost 29.81566620 : Time 771.51s : 6915.98 words/s
[2019-08-07 01:21:56] Seen 542653 samples
[2019-08-07 01:21:56] Starting epoch 19
[2019-08-07 01:21:56] [data] Shuffling data
[2019-08-07 01:21:56] [data] Done reading 585199 sentences
[2019-08-07 01:21:58] [data] Done shuffling 585199 sentences to temp files
[2019-08-07 01:30:45] Ep. 19 : Up. 80000 : Sen. 169,533 : Cost 29.34922409 : Time 777.75s : 6891.28 words/s
[2019-08-07 01:30:45] Saving model to ../experiments/10M_fasttext_x_bic1.1_+_bic1.1_x_biced_0.25/model/model.npz.orig.npz
[2019-08-07 01:30:54] Saving model to ../experiments/10M_fasttext_x_bic1.1_+_bic1.1_x_biced_0.25/model/model.iter80000.npz
[2019-08-07 01:31:01] Saving model to ../experiments/10M_fasttext_x_bic1.1_+_bic1.1_x_biced_0.25/model/model.npz
[2019-08-07 01:31:10] Saving Adam parameters to ../experiments/10M_fasttext_x_bic1.1_+_bic1.1_x_biced_0.25/model/model.npz.optimizer.npz
[2019-08-07 01:31:36] [valid] Ep. 19 : Up. 80000 : cross-entropy : 56.3526 : new best
[2019-08-07 01:31:46] [valid] Ep. 19 : Up. 80000 : perplexity : 9.26886 : new best
[2019-08-07 01:33:03] [valid] Ep. 19 : Up. 80000 : translation : 26.65 : new best
[2019-08-07 01:45:55] Ep. 19 : Up. 82000 : Sen. 417,673 : Cost 29.12285233 : Time 909.48s : 5860.95 words/s
[2019-08-07 01:52:23] Seen 542653 samples
[2019-08-07 01:52:23] Starting epoch 20
[2019-08-07 01:52:23] [data] Shuffling data
[2019-08-07 01:52:23] [data] Done reading 585199 sentences
[2019-08-07 01:52:25] [data] Done shuffling 585199 sentences to temp files
[2019-08-07 01:58:51] Ep. 20 : Up. 84000 : Sen. 123,458 : Cost 28.69574547 : Time 776.37s : 6869.21 words/s
[2019-08-07 02:11:40] Ep. 20 : Up. 86000 : Sen. 371,200 : Cost 28.54947090 : Time 768.71s : 6925.39 words/s
[2019-08-07 02:20:31] Seen 542653 samples
[2019-08-07 02:20:31] Starting epoch 21
[2019-08-07 02:20:31] [data] Shuffling data
[2019-08-07 02:20:31] [data] Done reading 585199 sentences
[2019-08-07 02:20:33] [data] Done shuffling 585199 sentences to temp files
[2019-08-07 02:24:32] Ep. 21 : Up. 88000 : Sen. 76,067 : Cost 28.51705933 : Time 772.48s : 6885.31 words/s
[2019-08-07 02:37:25] Ep. 21 : Up. 90000 : Sen. 324,840 : Cost 27.89495087 : Time 772.64s : 6921.30 words/s
[2019-08-07 02:48:40] Seen 542653 samples
[2019-08-07 02:48:40] Starting epoch 22
[2019-08-07 02:48:40] [data] Shuffling data
[2019-08-07 02:48:40] [data] Done reading 585199 sentences
[2019-08-07 02:48:42] [data] Done shuffling 585199 sentences to temp files
[2019-08-07 02:50:21] Ep. 22 : Up. 92000 : Sen. 30,659 : Cost 28.18724632 : Time 776.29s : 6884.81 words/s
[2019-08-07 03:03:12] Ep. 22 : Up. 94000 : Sen. 279,384 : Cost 26.94794464 : Time 770.31s : 6927.30 words/s
[2019-08-07 03:16:02] Ep. 22 : Up. 96000 : Sen. 528,500 : Cost 27.42716217 : Time 770.62s : 6925.78 words/s
[2019-08-07 03:16:47] Seen 542653 samples
[2019-08-07 03:16:47] Starting epoch 23
[2019-08-07 03:16:47] [data] Shuffling data
[2019-08-07 03:16:48] [data] Done reading 585199 sentences
[2019-08-07 03:16:50] [data] Done shuffling 585199 sentences to temp files
[2019-08-07 03:28:57] Ep. 23 : Up. 98000 : Sen. 234,492 : Cost 26.88882065 : Time 775.19s : 6898.05 words/s
[2019-08-07 03:41:51] Ep. 23 : Up. 100000 : Sen. 483,139 : Cost 27.18066216 : Time 773.19s : 6920.79 words/s
[2019-08-07 03:41:51] Saving model to ../experiments/10M_fasttext_x_bic1.1_+_bic1.1_x_biced_0.25/model/model.npz.orig.npz
[2019-08-07 03:41:59] Saving model to ../experiments/10M_fasttext_x_bic1.1_+_bic1.1_x_biced_0.25/model/model.iter100000.npz
[2019-08-07 03:42:06] Saving model to ../experiments/10M_fasttext_x_bic1.1_+_bic1.1_x_biced_0.25/model/model.npz
[2019-08-07 03:42:15] Saving Adam parameters to ../experiments/10M_fasttext_x_bic1.1_+_bic1.1_x_biced_0.25/model/model.npz.optimizer.npz
[2019-08-07 03:42:42] [valid] Ep. 23 : Up. 100000 : cross-entropy : 56.5286 : stalled 1 times (last best: 56.3526)
[2019-08-07 03:42:51] [valid] Ep. 23 : Up. 100000 : perplexity : 9.33357 : stalled 1 times (last best: 9.26886)
[2019-08-07 03:44:13] [valid] Ep. 23 : Up. 100000 : translation : 26.31 : stalled 1 times (last best: 26.65)
[2019-08-07 03:47:17] Seen 542653 samples
[2019-08-07 03:47:17] Starting epoch 24
[2019-08-07 03:47:17] [data] Shuffling data
[2019-08-07 03:47:18] [data] Done reading 585199 sentences
[2019-08-07 03:47:20] [data] Done shuffling 585199 sentences to temp files
[2019-08-07 03:57:08] Ep. 24 : Up. 102000 : Sen. 188,645 : Cost 26.34318352 : Time 917.30s : 5801.16 words/s
[2019-08-07 04:09:57] Ep. 24 : Up. 104000 : Sen. 436,864 : Cost 26.44617844 : Time 769.22s : 6939.69 words/s
[2019-08-07 04:15:24] Seen 542653 samples
[2019-08-07 04:15:24] Starting epoch 25
[2019-08-07 04:15:24] [data] Shuffling data
[2019-08-07 04:15:24] [data] Done reading 585199 sentences
[2019-08-07 04:15:26] [data] Done shuffling 585199 sentences to temp files
[2019-08-07 04:22:53] Ep. 25 : Up. 106000 : Sen. 142,584 : Cost 26.18085480 : Time 775.50s : 6886.21 words/s
[2019-08-07 04:35:45] Ep. 25 : Up. 108000 : Sen. 391,726 : Cost 25.87222862 : Time 771.98s : 6925.71 words/s
[2019-08-07 04:43:33] Seen 542653 samples
[2019-08-07 04:43:33] Starting epoch 26
[2019-08-07 04:43:33] [data] Shuffling data
[2019-08-07 04:43:33] [data] Done reading 585199 sentences
[2019-08-07 04:43:35] [data] Done shuffling 585199 sentences to temp files
[2019-08-07 04:48:41] Ep. 26 : Up. 110000 : Sen. 98,264 : Cost 25.63173676 : Time 776.43s : 6878.44 words/s
[2019-08-07 05:01:31] Ep. 26 : Up. 112000 : Sen. 346,730 : Cost 25.25499344 : Time 770.24s : 6931.49 words/s
[2019-08-07 05:11:40] Seen 542653 samples
[2019-08-07 05:11:40] Starting epoch 27
[2019-08-07 05:11:40] [data] Shuffling data
[2019-08-07 05:11:41] [data] Done reading 585199 sentences
[2019-08-07 05:11:43] [data] Done shuffling 585199 sentences to temp files
[2019-08-07 05:14:26] Ep. 27 : Up. 114000 : Sen. 52,372 : Cost 25.75568008 : Time 775.16s : 6883.42 words/s
[2019-08-07 05:27:16] Ep. 27 : Up. 116000 : Sen. 300,280 : Cost 24.89294434 : Time 769.82s : 6926.72 words/s
[2019-08-07 05:39:46] Seen 542653 samples
[2019-08-07 05:39:46] Starting epoch 28
[2019-08-07 05:39:46] [data] Shuffling data
[2019-08-07 05:39:47] [data] Done reading 585199 sentences
[2019-08-07 05:39:48] [data] Done shuffling 585199 sentences to temp files
[2019-08-07 05:40:11] Ep. 28 : Up. 118000 : Sen. 6,502 : Cost 25.12607384 : Time 774.33s : 6899.41 words/s
[2019-08-07 05:52:59] Ep. 28 : Up. 120000 : Sen. 254,816 : Cost 24.22831345 : Time 767.88s : 6939.29 words/s
[2019-08-07 05:52:59] Saving model to ../experiments/10M_fasttext_x_bic1.1_+_bic1.1_x_biced_0.25/model/model.npz.orig.npz
[2019-08-07 05:53:07] Saving model to ../experiments/10M_fasttext_x_bic1.1_+_bic1.1_x_biced_0.25/model/model.iter120000.npz
[2019-08-07 05:53:17] Saving model to ../experiments/10M_fasttext_x_bic1.1_+_bic1.1_x_biced_0.25/model/model.npz
[2019-08-07 05:53:28] Saving Adam parameters to ../experiments/10M_fasttext_x_bic1.1_+_bic1.1_x_biced_0.25/model/model.npz.optimizer.npz
[2019-08-07 05:53:54] [valid] Ep. 28 : Up. 120000 : cross-entropy : 57.2175 : stalled 2 times (last best: 56.3526)
[2019-08-07 05:54:03] [valid] Ep. 28 : Up. 120000 : perplexity : 9.5911 : stalled 2 times (last best: 9.26886)
[2019-08-07 05:55:22] [valid] Ep. 28 : Up. 120000 : translation : 26.64 : stalled 2 times (last best: 26.65)
[2019-08-07 06:08:11] Ep. 28 : Up. 122000 : Sen. 502,605 : Cost 25.03330994 : Time 912.07s : 5838.67 words/s
[2019-08-07 06:10:16] Seen 542653 samples
[2019-08-07 06:10:16] Starting epoch 29
[2019-08-07 06:10:16] [data] Shuffling data
[2019-08-07 06:10:16] [data] Done reading 585199 sentences
[2019-08-07 06:10:19] [data] Done shuffling 585199 sentences to temp files
[2019-08-07 06:21:09] Ep. 29 : Up. 124000 : Sen. 207,473 : Cost 24.32445526 : Time 778.69s : 6845.87 words/s
[2019-08-07 06:34:01] Ep. 29 : Up. 126000 : Sen. 455,836 : Cost 24.44660187 : Time 771.25s : 6912.15 words/s
[2019-08-07 06:38:29] Seen 542653 samples
[2019-08-07 06:38:29] Starting epoch 30
[2019-08-07 06:38:29] [data] Shuffling data
[2019-08-07 06:38:30] [data] Done reading 585199 sentences
[2019-08-07 06:38:32] [data] Done shuffling 585199 sentences to temp files
[2019-08-07 06:46:57] Ep. 30 : Up. 128000 : Sen. 161,717 : Cost 23.84452820 : Time 776.17s : 6868.81 words/s
[2019-08-07 06:59:48] Ep. 30 : Up. 130000 : Sen. 410,333 : Cost 24.03987885 : Time 771.23s : 6921.51 words/s
[2019-08-07 07:06:40] Seen 542653 samples
[2019-08-07 07:06:40] Starting epoch 31
[2019-08-07 07:06:40] [data] Shuffling data
[2019-08-07 07:06:40] [data] Done reading 585199 sentences
[2019-08-07 07:06:42] [data] Done shuffling 585199 sentences to temp files
[2019-08-07 07:12:43] Ep. 31 : Up. 132000 : Sen. 116,784 : Cost 23.93310547 : Time 775.21s : 6895.50 words/s
[2019-08-07 07:25:27] Ep. 31 : Up. 134000 : Sen. 365,066 : Cost 23.69660378 : Time 764.28s : 6996.28 words/s
[2019-08-07 07:34:31] Seen 542653 samples
[2019-08-07 07:34:31] Starting epoch 32
[2019-08-07 07:34:31] [data] Shuffling data
[2019-08-07 07:34:31] [data] Done reading 585199 sentences
[2019-08-07 07:34:33] [data] Done shuffling 585199 sentences to temp files
[2019-08-07 07:38:17] Ep. 32 : Up. 136000 : Sen. 71,631 : Cost 23.83150482 : Time 769.10s : 6961.14 words/s
[2019-08-07 07:50:58] Ep. 32 : Up. 138000 : Sen. 320,668 : Cost 23.20717239 : Time 761.35s : 7013.59 words/s
[2019-08-07 08:02:20] Seen 542653 samples
[2019-08-07 08:02:20] Starting epoch 33
[2019-08-07 08:02:20] [data] Shuffling data
[2019-08-07 08:02:20] [data] Done reading 585199 sentences
[2019-08-07 08:02:22] [data] Done shuffling 585199 sentences to temp files
[2019-08-07 08:03:44] Ep. 33 : Up. 140000 : Sen. 25,600 : Cost 23.67297173 : Time 765.63s : 6954.77 words/s
[2019-08-07 08:03:44] Saving model to ../experiments/10M_fasttext_x_bic1.1_+_bic1.1_x_biced_0.25/model/model.npz.orig.npz
[2019-08-07 08:03:52] Saving model to ../experiments/10M_fasttext_x_bic1.1_+_bic1.1_x_biced_0.25/model/model.iter140000.npz
[2019-08-07 08:03:59] Saving model to ../experiments/10M_fasttext_x_bic1.1_+_bic1.1_x_biced_0.25/model/model.npz
[2019-08-07 08:04:08] Saving Adam parameters to ../experiments/10M_fasttext_x_bic1.1_+_bic1.1_x_biced_0.25/model/model.npz.optimizer.npz
[2019-08-07 08:04:34] [valid] Ep. 33 : Up. 140000 : cross-entropy : 58.1194 : stalled 3 times (last best: 56.3526)
[2019-08-07 08:04:44] [valid] Ep. 33 : Up. 140000 : perplexity : 9.93908 : stalled 3 times (last best: 9.26886)
[2019-08-07 08:06:01] [valid] Ep. 33 : Up. 140000 : translation : 26.14 : stalled 3 times (last best: 26.65)
[2019-08-07 08:18:46] Ep. 33 : Up. 142000 : Sen. 274,115 : Cost 22.80212402 : Time 901.99s : 5927.21 words/s
[2019-08-07 08:31:28] Ep. 33 : Up. 144000 : Sen. 523,217 : Cost 23.41164589 : Time 762.61s : 7004.67 words/s
[2019-08-07 08:32:28] Seen 542653 samples
[2019-08-07 08:32:28] Starting epoch 34
[2019-08-07 08:32:28] [data] Shuffling data
[2019-08-07 08:32:28] [data] Done reading 585199 sentences
[2019-08-07 08:32:30] [data] Done shuffling 585199 sentences to temp files
[2019-08-07 08:44:12] Ep. 34 : Up. 146000 : Sen. 228,455 : Cost 22.48902512 : Time 763.54s : 6975.40 words/s
[2019-08-07 08:56:54] Ep. 34 : Up. 148000 : Sen. 477,533 : Cost 22.96355438 : Time 762.61s : 7010.42 words/s
[2019-08-07 09:00:14] Seen 542653 samples
[2019-08-07 09:00:14] Starting epoch 35
[2019-08-07 09:00:14] [data] Shuffling data
[2019-08-07 09:00:15] [data] Done reading 585199 sentences
[2019-08-07 09:00:17] [data] Done shuffling 585199 sentences to temp files
[2019-08-07 09:09:41] Ep. 35 : Up. 150000 : Sen. 182,666 : Cost 22.30543900 : Time 766.43s : 6945.27 words/s
[2019-08-07 09:22:23] Ep. 35 : Up. 152000 : Sen. 430,847 : Cost 22.64324188 : Time 762.45s : 6982.78 words/s
[2019-08-07 09:28:09] Seen 542653 samples
[2019-08-07 09:28:09] Starting epoch 36
[2019-08-07 09:28:09] [data] Shuffling data
[2019-08-07 09:28:10] [data] Done reading 585199 sentences
[2019-08-07 09:28:11] [data] Done shuffling 585199 sentences to temp files
[2019-08-07 09:38:44] Ep. 36 : Up. 154000 : Sen. 136,750 : Cost 22.25913239 : Time 980.70s : 5457.57 words/s
[2019-08-07 09:51:15] Ep. 36 : Up. 156000 : Sen. 384,826 : Cost 22.55323029 : Time 751.09s : 7087.71 words/s
[2019-08-07 09:59:29] Seen 542653 samples
[2019-08-07 09:59:29] Starting epoch 37
[2019-08-07 09:59:29] [data] Shuffling data
[2019-08-07 09:59:29] [data] Done reading 585199 sentences
[2019-08-07 09:59:31] [data] Done shuffling 585199 sentences to temp files
[2019-08-07 10:04:08] Ep. 37 : Up. 158000 : Sen. 90,253 : Cost 22.08176994 : Time 760.39s : 7007.90 words/s
[2019-08-07 10:18:37] Ep. 37 : Up. 160000 : Sen. 338,680 : Cost 22.00074959 : Time 869.09s : 6140.31 words/s
[2019-08-07 10:18:37] Saving model to ../experiments/10M_fasttext_x_bic1.1_+_bic1.1_x_biced_0.25/model/model.npz.orig.npz
[2019-08-07 10:19:19] Saving model to ../experiments/10M_fasttext_x_bic1.1_+_bic1.1_x_biced_0.25/model/model.iter160000.npz
[2019-08-07 10:19:59] Saving model to ../experiments/10M_fasttext_x_bic1.1_+_bic1.1_x_biced_0.25/model/model.npz
[2019-08-07 10:20:41] Saving Adam parameters to ../experiments/10M_fasttext_x_bic1.1_+_bic1.1_x_biced_0.25/model/model.npz.optimizer.npz
[2019-08-07 10:22:14] [valid] Ep. 37 : Up. 160000 : cross-entropy : 59.2165 : stalled 4 times (last best: 56.3526)
[2019-08-07 10:22:24] [valid] Ep. 37 : Up. 160000 : perplexity : 10.3794 : stalled 4 times (last best: 9.26886)
[2019-08-07 10:23:39] [valid] Ep. 37 : Up. 160000 : translation : 26.26 : stalled 4 times (last best: 26.65)
[2019-08-07 10:34:04] Seen 542653 samples
[2019-08-07 10:34:04] Starting epoch 38
[2019-08-07 10:34:04] [data] Shuffling data
[2019-08-07 10:34:04] [data] Done reading 585199 sentences
[2019-08-07 10:34:06] [data] Done shuffling 585199 sentences to temp files
[2019-08-07 10:36:38] Ep. 38 : Up. 162000 : Sen. 45,149 : Cost 22.13685989 : Time 1080.52s : 4956.70 words/s
[2019-08-07 10:49:22] Ep. 38 : Up. 164000 : Sen. 293,019 : Cost 21.69050026 : Time 764.44s : 6968.76 words/s
[2019-08-07 11:02:05] Ep. 38 : Up. 166000 : Sen. 541,888 : Cost 22.16820908 : Time 762.81s : 6993.58 words/s
[2019-08-07 11:02:08] Seen 542653 samples
[2019-08-07 11:02:08] Starting epoch 39
[2019-08-07 11:02:08] [data] Shuffling data
[2019-08-07 11:02:09] [data] Done reading 585199 sentences
[2019-08-07 11:02:10] [data] Done shuffling 585199 sentences to temp files
[2019-08-07 11:15:05] Ep. 39 : Up. 168000 : Sen. 247,259 : Cost 21.25871468 : Time 780.03s : 6846.71 words/s
[2019-08-07 11:27:52] Ep. 39 : Up. 170000 : Sen. 496,611 : Cost 21.70963097 : Time 766.94s : 6972.37 words/s
[2019-08-07 11:30:14] Seen 542653 samples
[2019-08-07 11:30:14] Starting epoch 40
[2019-08-07 11:30:14] [data] Shuffling data
[2019-08-07 11:30:14] [data] Done reading 585199 sentences
[2019-08-07 11:30:16] [data] Done shuffling 585199 sentences to temp files
[2019-08-07 11:40:51] Ep. 40 : Up. 172000 : Sen. 202,094 : Cost 21.13816833 : Time 779.41s : 6843.92 words/s
[2019-08-07 11:53:38] Ep. 40 : Up. 174000 : Sen. 451,013 : Cost 21.51013947 : Time 766.12s : 6979.45 words/s
[2019-08-07 11:58:19] Seen 542653 samples
[2019-08-07 11:58:19] Starting epoch 41
[2019-08-07 11:58:19] [data] Shuffling data
[2019-08-07 11:58:20] [data] Done reading 585199 sentences
[2019-08-07 11:58:22] [data] Done shuffling 585199 sentences to temp files

[CALL STACK]
[0x727f12]                                                            
[0x728985]          marian::data::Corpus::  next  ()                   + 0x6f5
[0x716e4f]          marian::data::CorpusIterator::  increment  ()      + 0x2f
[0x681a7d]          marian::data::BatchGenerator<marian::data::CorpusBase>::  fetchBatches  () + 0x10dd
[0x682adb]          std::future<std::result_of<marian::data::BatchGenerator<marian::data::CorpusBase>::fetchBatchesAsync()::{lambda()#1} ()>::type> marian::ThreadPool::enqueue<marian::data::BatchGenerator<marian::data::CorpusBase>::fetchBatchesAsync()::{lambda()#1}>(std::result_of&&,(marian::data::BatchGenerator<marian::data::CorpusBase>::fetchBatchesAsync()::{lambda()#1}&&)...)::{lambda()#1}::  operator()  () const + 0x2b
[0x6834be]          std::_Function_handler<std::unique_ptr<std::__future_base::_Result_base,std::__future_base::_Result_base::_Deleter> (),std::__future_base::_Task_setter<std::unique_ptr<std::__future_base::_Result<std::deque<std::shared_ptr<marian::data::CorpusBatch>,std::allocator<std::shared_ptr<marian::data::CorpusBatch>>>>,std::__future_base::_Result_base::_Deleter>,std::_Bind_simple<std::reference_wrapper<std::future<std::result_of<marian::data::BatchGenerator<marian::data::CorpusBase>::fetchBatchesAsync()::{lambda()#1} ()>::type> marian::ThreadPool::enqueue<marian::data::BatchGenerator<marian::data::CorpusBase>::fetchBatchesAsync()::{lambda()#1}>(std::result_of&&,(marian::data::BatchGenerator<marian::data::CorpusBase>::fetchBatchesAsync()::{lambda()#1}&&)...)::{lambda()#1}> ()>,std::deque<std::shared_ptr<marian::data::CorpusBatch>,std::allocator<std::shared_ptr<marian::data::CorpusBatch>>>>>::  _M_invoke  (std::_Any_data const&) + 0x3e
[0x5a5f19]          std::__future_base::_State_baseV2::  _M_do_set  (std::function<std::unique_ptr<std::__future_base::_Result_base,std::__future_base::_Result_base::_Deleter> ()>*,  bool*) + 0x29
[0x7f8a03ceea99]                                                       + 0xea99
[0x59fac2]                                                            
[0x5a7341]          std::__future_base::_Task_state<std::future<std::result_of<marian::data::BatchGenerator<marian::data::CorpusBase>::fetchBatchesAsync()::{lambda()#1} ()>::type> marian::ThreadPool::enqueue<marian::data::BatchGenerator<marian::data::CorpusBase>::fetchBatchesAsync()::{lambda()#1}>(std::result_of&&,(marian::data::BatchGenerator<marian::data::CorpusBase>::fetchBatchesAsync()::{lambda()#1}&&)...)::{lambda()#1},std::allocator<int>,std::deque<std::shared_ptr<marian::data::CorpusBatch>,std::allocator<std::shared_ptr>> ()>::  _M_run  () + 0x51
[0x5d00b4]          std::thread::_Impl<std::_Bind_simple<marian::ThreadPool::reserve(unsigned long)::{lambda()#1} ()>>::  _M_run  () + 0x174
[0x7f8a0380ec80]                                                       + 0xb8c80
[0x7f8a03ce76ba]                                                       + 0x76ba
[0x7f8a02f7441d]    clone                                              + 0x6d

[2019-08-07 15:53:05] [marian] Marian v1.7.8 ec2d66e 2019-05-27 14:52:11 +0100
[2019-08-07 15:53:05] [marian] Running on zisa as process 45177 with command line:
[2019-08-07 15:53:05] [marian] /fs/bil0/abdel/marian-dev/build/marian --sync-sgd --model ../experiments/10M_fasttext_x_bic1.1_+_bic1.1_x_biced_0.25/model/model.npz -T . --devices 3 --train-sets ../experiments/10M_fasttext_x_bic1.1_+_bic1.1_x_biced_0.25/data/train.bpe.de ../experiments/10M_fasttext_x_bic1.1_+_bic1.1_x_biced_0.25/data/train.bpe.en --vocabs ../experiments/10M_fasttext_x_bic1.1_+_bic1.1_x_biced_0.25/data/train.bpe.de.json ../experiments/10M_fasttext_x_bic1.1_+_bic1.1_x_biced_0.25/data/train.bpe.en.json --mini-batch-fit -w 3000 --dim-vocabs 50000 50000 --layer-normalization --dropout-rnn 0.2 --dropout-src 0.1 --dropout-trg 0.1 --learn-rate 0.0001 --after-epochs 0 --early-stopping 5 --valid-freq 20000 --save-freq 20000 --disp-freq 2000 --valid-mini-batch 8 --valid-sets ../experiments/10M_fasttext_x_bic1.1_+_bic1.1_x_biced_0.25/data/dev.bpe.de ../experiments/10M_fasttext_x_bic1.1_+_bic1.1_x_biced_0.25/data/dev.bpe.en --valid-metrics cross-entropy perplexity translation --valid-translation-output ../experiments/10M_fasttext_x_bic1.1_+_bic1.1_x_biced_0.25/model/dev.out --valid-script-path ../experiments/10M_fasttext_x_bic1.1_+_bic1.1_x_biced_0.25/score-dev.sh --seed 1111 --exponential-smoothing --normalize=1 --beam-size=12 --quiet-translation --log ../experiments/10M_fasttext_x_bic1.1_+_bic1.1_x_biced_0.25/model/train.log --valid-log ../experiments/10M_fasttext_x_bic1.1_+_bic1.1_x_biced_0.25/model/valid.log
[2019-08-07 15:53:07] [config] after-batches: 0
[2019-08-07 15:53:07] [config] after-epochs: 0
[2019-08-07 15:53:07] [config] allow-unk: false
[2019-08-07 15:53:07] [config] beam-size: 12
[2019-08-07 15:53:07] [config] bert-class-symbol: "[CLS]"
[2019-08-07 15:53:07] [config] bert-mask-symbol: "[MASK]"
[2019-08-07 15:53:07] [config] bert-masking-fraction: 0.15
[2019-08-07 15:53:07] [config] bert-sep-symbol: "[SEP]"
[2019-08-07 15:53:07] [config] bert-train-type-embeddings: true
[2019-08-07 15:53:07] [config] bert-type-vocab-size: 2
[2019-08-07 15:53:07] [config] best-deep: false
[2019-08-07 15:53:07] [config] clip-gemm: 0
[2019-08-07 15:53:07] [config] clip-norm: 1
[2019-08-07 15:53:07] [config] cost-type: ce-mean
[2019-08-07 15:53:07] [config] cpu-threads: 0
[2019-08-07 15:53:07] [config] data-weighting: ""
[2019-08-07 15:53:07] [config] data-weighting-type: sentence
[2019-08-07 15:53:07] [config] dec-cell: gru
[2019-08-07 15:53:07] [config] dec-cell-base-depth: 2
[2019-08-07 15:53:07] [config] dec-cell-high-depth: 1
[2019-08-07 15:53:07] [config] dec-depth: 1
[2019-08-07 15:53:07] [config] devices:
[2019-08-07 15:53:07] [config]   - 3
[2019-08-07 15:53:07] [config] dim-emb: 512
[2019-08-07 15:53:07] [config] dim-rnn: 1024
[2019-08-07 15:53:07] [config] dim-vocabs:
[2019-08-07 15:53:07] [config]   - 50000
[2019-08-07 15:53:07] [config]   - 50000
[2019-08-07 15:53:07] [config] disp-first: 0
[2019-08-07 15:53:07] [config] disp-freq: 2000
[2019-08-07 15:53:07] [config] disp-label-counts: false
[2019-08-07 15:53:07] [config] dropout-rnn: 0.2
[2019-08-07 15:53:07] [config] dropout-src: 0.1
[2019-08-07 15:53:07] [config] dropout-trg: 0.1
[2019-08-07 15:53:07] [config] dump-config: ""
[2019-08-07 15:53:07] [config] early-stopping: 5
[2019-08-07 15:53:07] [config] embedding-fix-src: false
[2019-08-07 15:53:07] [config] embedding-fix-trg: false
[2019-08-07 15:53:07] [config] embedding-normalization: false
[2019-08-07 15:53:07] [config] embedding-vectors:
[2019-08-07 15:53:07] [config]   []
[2019-08-07 15:53:07] [config] enc-cell: gru
[2019-08-07 15:53:07] [config] enc-cell-depth: 1
[2019-08-07 15:53:07] [config] enc-depth: 1
[2019-08-07 15:53:07] [config] enc-type: bidirectional
[2019-08-07 15:53:07] [config] exponential-smoothing: 0.0001
[2019-08-07 15:53:07] [config] grad-dropping-momentum: 0
[2019-08-07 15:53:07] [config] grad-dropping-rate: 0
[2019-08-07 15:53:07] [config] grad-dropping-warmup: 100
[2019-08-07 15:53:07] [config] guided-alignment: none
[2019-08-07 15:53:07] [config] guided-alignment-cost: mse
[2019-08-07 15:53:07] [config] guided-alignment-weight: 0.1
[2019-08-07 15:53:07] [config] ignore-model-config: false
[2019-08-07 15:53:07] [config] input-types:
[2019-08-07 15:53:07] [config]   []
[2019-08-07 15:53:07] [config] interpolate-env-vars: false
[2019-08-07 15:53:07] [config] keep-best: false
[2019-08-07 15:53:07] [config] label-smoothing: 0
[2019-08-07 15:53:07] [config] layer-normalization: true
[2019-08-07 15:53:07] [config] learn-rate: 0.0001
[2019-08-07 15:53:07] [config] log: ../experiments/10M_fasttext_x_bic1.1_+_bic1.1_x_biced_0.25/model/train.log
[2019-08-07 15:53:07] [config] log-level: info
[2019-08-07 15:53:07] [config] log-time-zone: ""
[2019-08-07 15:53:07] [config] lr-decay: 0
[2019-08-07 15:53:07] [config] lr-decay-freq: 50000
[2019-08-07 15:53:07] [config] lr-decay-inv-sqrt:
[2019-08-07 15:53:07] [config]   - 0
[2019-08-07 15:53:07] [config] lr-decay-repeat-warmup: false
[2019-08-07 15:53:07] [config] lr-decay-reset-optimizer: false
[2019-08-07 15:53:07] [config] lr-decay-start:
[2019-08-07 15:53:07] [config]   - 10
[2019-08-07 15:53:07] [config]   - 1
[2019-08-07 15:53:07] [config] lr-decay-strategy: epoch+stalled
[2019-08-07 15:53:07] [config] lr-report: false
[2019-08-07 15:53:07] [config] lr-warmup: 0
[2019-08-07 15:53:07] [config] lr-warmup-at-reload: false
[2019-08-07 15:53:07] [config] lr-warmup-cycle: false
[2019-08-07 15:53:07] [config] lr-warmup-start-rate: 0
[2019-08-07 15:53:07] [config] max-length: 50
[2019-08-07 15:53:07] [config] max-length-crop: false
[2019-08-07 15:53:07] [config] max-length-factor: 3
[2019-08-07 15:53:07] [config] maxi-batch: 100
[2019-08-07 15:53:07] [config] maxi-batch-sort: trg
[2019-08-07 15:53:07] [config] mini-batch: 64
[2019-08-07 15:53:07] [config] mini-batch-fit: true
[2019-08-07 15:53:07] [config] mini-batch-fit-step: 10
[2019-08-07 15:53:07] [config] mini-batch-overstuff: 1
[2019-08-07 15:53:07] [config] mini-batch-track-lr: false
[2019-08-07 15:53:07] [config] mini-batch-understuff: 1
[2019-08-07 15:53:07] [config] mini-batch-warmup: 0
[2019-08-07 15:53:07] [config] mini-batch-words: 0
[2019-08-07 15:53:07] [config] mini-batch-words-ref: 0
[2019-08-07 15:53:07] [config] model: ../experiments/10M_fasttext_x_bic1.1_+_bic1.1_x_biced_0.25/model/model.npz
[2019-08-07 15:53:07] [config] multi-loss-type: sum
[2019-08-07 15:53:07] [config] multi-node: false
[2019-08-07 15:53:07] [config] multi-node-overlap: true
[2019-08-07 15:53:07] [config] n-best: false
[2019-08-07 15:53:07] [config] no-nccl: false
[2019-08-07 15:53:07] [config] no-reload: false
[2019-08-07 15:53:07] [config] no-restore-corpus: false
[2019-08-07 15:53:07] [config] no-shuffle: false
[2019-08-07 15:53:07] [config] normalize: 1
[2019-08-07 15:53:07] [config] num-devices: 0
[2019-08-07 15:53:07] [config] optimizer: adam
[2019-08-07 15:53:07] [config] optimizer-delay: 1
[2019-08-07 15:53:07] [config] optimizer-params:
[2019-08-07 15:53:07] [config]   []
[2019-08-07 15:53:07] [config] overwrite: false
[2019-08-07 15:53:07] [config] pretrained-model: ""
[2019-08-07 15:53:07] [config] quiet: false
[2019-08-07 15:53:07] [config] quiet-translation: true
[2019-08-07 15:53:07] [config] relative-paths: false
[2019-08-07 15:53:07] [config] right-left: false
[2019-08-07 15:53:07] [config] save-freq: 20000
[2019-08-07 15:53:07] [config] seed: 1111
[2019-08-07 15:53:07] [config] shuffle-in-ram: false
[2019-08-07 15:53:07] [config] skip: false
[2019-08-07 15:53:07] [config] sqlite: ""
[2019-08-07 15:53:07] [config] sqlite-drop: false
[2019-08-07 15:53:07] [config] sync-sgd: true
[2019-08-07 15:53:07] [config] tempdir: .
[2019-08-07 15:53:07] [config] tied-embeddings: false
[2019-08-07 15:53:07] [config] tied-embeddings-all: false
[2019-08-07 15:53:07] [config] tied-embeddings-src: false
[2019-08-07 15:53:07] [config] train-sets:
[2019-08-07 15:53:07] [config]   - ../experiments/10M_fasttext_x_bic1.1_+_bic1.1_x_biced_0.25/data/train.bpe.de
[2019-08-07 15:53:07] [config]   - ../experiments/10M_fasttext_x_bic1.1_+_bic1.1_x_biced_0.25/data/train.bpe.en
[2019-08-07 15:53:07] [config] transformer-aan-activation: swish
[2019-08-07 15:53:07] [config] transformer-aan-depth: 2
[2019-08-07 15:53:07] [config] transformer-aan-nogate: false
[2019-08-07 15:53:07] [config] transformer-decoder-autoreg: self-attention
[2019-08-07 15:53:07] [config] transformer-dim-aan: 2048
[2019-08-07 15:53:07] [config] transformer-dim-ffn: 2048
[2019-08-07 15:53:07] [config] transformer-dropout: 0
[2019-08-07 15:53:07] [config] transformer-dropout-attention: 0
[2019-08-07 15:53:07] [config] transformer-dropout-ffn: 0
[2019-08-07 15:53:07] [config] transformer-ffn-activation: swish
[2019-08-07 15:53:07] [config] transformer-ffn-depth: 2
[2019-08-07 15:53:07] [config] transformer-guided-alignment-layer: last
[2019-08-07 15:53:07] [config] transformer-heads: 8
[2019-08-07 15:53:07] [config] transformer-no-projection: false
[2019-08-07 15:53:07] [config] transformer-postprocess: dan
[2019-08-07 15:53:07] [config] transformer-postprocess-emb: d
[2019-08-07 15:53:07] [config] transformer-preprocess: ""
[2019-08-07 15:53:07] [config] transformer-tied-layers:
[2019-08-07 15:53:07] [config]   []
[2019-08-07 15:53:07] [config] transformer-train-position-embeddings: false
[2019-08-07 15:53:07] [config] type: amun
[2019-08-07 15:53:07] [config] ulr: false
[2019-08-07 15:53:07] [config] ulr-dim-emb: 0
[2019-08-07 15:53:07] [config] ulr-dropout: 0
[2019-08-07 15:53:07] [config] ulr-keys-vectors: ""
[2019-08-07 15:53:07] [config] ulr-query-vectors: ""
[2019-08-07 15:53:07] [config] ulr-softmax-temperature: 1
[2019-08-07 15:53:07] [config] ulr-trainable-transformation: false
[2019-08-07 15:53:07] [config] valid-freq: 20000
[2019-08-07 15:53:07] [config] valid-log: ../experiments/10M_fasttext_x_bic1.1_+_bic1.1_x_biced_0.25/model/valid.log
[2019-08-07 15:53:07] [config] valid-max-length: 1000
[2019-08-07 15:53:07] [config] valid-metrics:
[2019-08-07 15:53:07] [config]   - cross-entropy
[2019-08-07 15:53:07] [config]   - perplexity
[2019-08-07 15:53:07] [config]   - translation
[2019-08-07 15:53:07] [config] valid-mini-batch: 8
[2019-08-07 15:53:07] [config] valid-script-path: ../experiments/10M_fasttext_x_bic1.1_+_bic1.1_x_biced_0.25/score-dev.sh
[2019-08-07 15:53:07] [config] valid-sets:
[2019-08-07 15:53:07] [config]   - ../experiments/10M_fasttext_x_bic1.1_+_bic1.1_x_biced_0.25/data/dev.bpe.de
[2019-08-07 15:53:07] [config]   - ../experiments/10M_fasttext_x_bic1.1_+_bic1.1_x_biced_0.25/data/dev.bpe.en
[2019-08-07 15:53:07] [config] valid-translation-output: ../experiments/10M_fasttext_x_bic1.1_+_bic1.1_x_biced_0.25/model/dev.out
[2019-08-07 15:53:07] [config] version: v1.7.8 ec2d66e 2019-05-27 14:52:11 +0100
[2019-08-07 15:53:07] [config] vocabs:
[2019-08-07 15:53:07] [config]   - ../experiments/10M_fasttext_x_bic1.1_+_bic1.1_x_biced_0.25/data/train.bpe.de.json
[2019-08-07 15:53:07] [config]   - ../experiments/10M_fasttext_x_bic1.1_+_bic1.1_x_biced_0.25/data/train.bpe.en.json
[2019-08-07 15:53:07] [config] word-penalty: 0
[2019-08-07 15:53:07] [config] workspace: 3000
[2019-08-07 15:53:07] [config] Loaded model has been created with Marian v1.7.8 ec2d66e 2019-05-27 14:52:11 +0100
[2019-08-07 15:53:07] Using synchronous training
[2019-08-07 15:53:07] [data] Loading vocabulary from JSON/Yaml file ../experiments/10M_fasttext_x_bic1.1_+_bic1.1_x_biced_0.25/data/train.bpe.de.json
[2019-08-07 15:53:08] [data] Using unused word id eos for 0
[2019-08-07 15:53:08] [data] Using unused word id UNK for 1
[2019-08-07 15:53:08] [data] Setting vocabulary size for input 0 to 50000
[2019-08-07 15:53:08] [data] Loading vocabulary from JSON/Yaml file ../experiments/10M_fasttext_x_bic1.1_+_bic1.1_x_biced_0.25/data/train.bpe.en.json
[2019-08-07 15:53:08] [data] Using unused word id eos for 0
[2019-08-07 15:53:08] [data] Using unused word id UNK for 1
[2019-08-07 15:53:08] [data] Setting vocabulary size for input 1 to 50000
[2019-08-07 15:53:08] Compiled without MPI support. Falling back to FakeMPIWrapper
[2019-08-07 15:53:08] [batching] Collecting statistics for batch fitting with step size 10
[2019-08-07 15:53:09] [memory] Extending reserved space to 3072 MB (device gpu3)
[2019-08-07 15:53:09] [comm] Using NCCL 2.4.2 for GPU communication
[2019-08-07 15:53:09] [comm] NCCLCommunicator constructed successfully.
[2019-08-07 15:53:09] [training] Using 1 GPUs
[2019-08-07 15:53:09] [memory] Reserving 422 MB, device gpu3
[2019-08-07 15:53:09] [gpu] 16-bit TensorCores enabled for float32 matrix operations
[2019-08-07 15:53:09] [memory] Reserving 422 MB, device gpu3
[2019-08-07 15:53:16] [batching] Done. Typical MB size is 4042 target words
[2019-08-07 15:53:21] [memory] Extending reserved space to 3072 MB (device gpu3)
[2019-08-07 15:53:21] [comm] Using NCCL 2.4.2 for GPU communication
[2019-08-07 15:53:21] [comm] NCCLCommunicator constructed successfully.
[2019-08-07 15:53:21] [training] Using 1 GPUs
[2019-08-07 15:53:21] Loading model from ../experiments/10M_fasttext_x_bic1.1_+_bic1.1_x_biced_0.25/model/model.npz.orig.npz
[2019-08-07 15:53:54] Loading Adam parameters from ../experiments/10M_fasttext_x_bic1.1_+_bic1.1_x_biced_0.25/model/model.npz.optimizer.npz
[2019-08-07 15:54:13] [memory] Reserving 844 MB, device gpu3
[2019-08-07 15:54:14] [training] Model reloaded from ../experiments/10M_fasttext_x_bic1.1_+_bic1.1_x_biced_0.25/model/model.npz
[2019-08-07 15:54:14] [data] Restoring the corpus state to epoch 37, batch 160000
[2019-08-07 15:54:14] [data] Shuffling data
[2019-08-07 15:54:15] [data] Done reading 585199 sentences
[2019-08-07 15:54:17] [data] Done shuffling 585199 sentences to temp files
[2019-08-07 15:54:31] Training started
[2019-08-07 15:54:31] [training] Batches are processed as 1 process(es) x 1 devices/process
[2019-08-07 15:54:31] [memory] Reserving 422 MB, device gpu3
[2019-08-07 15:54:32] [memory] Reserving 422 MB, device gpu3
[2019-08-07 15:54:32] Loading model from ../experiments/10M_fasttext_x_bic1.1_+_bic1.1_x_biced_0.25/model/model.npz
[2019-08-07 15:54:42] [memory] Reserving 422 MB, device cpu0
[2019-08-07 15:54:43] [memory] Reserving 422 MB, device gpu3
