[2019-08-03 14:40:54] [marian] Marian v1.7.8 ec2d66e 2019-05-27 14:52:11 +0100
[2019-08-03 14:40:54] [marian] Running on hodor as process 85751 with command line:
[2019-08-03 14:40:54] [marian] /fs/bil0/abdel/marian-dev/build/marian --sync-sgd --model ../experiments/10M_bicleaner_dom_0.50_dcce/model/model.npz -T . --devices 0 --train-sets ../experiments/10M_bicleaner_dom_0.50_dcce/data/train.bpe.de ../experiments/10M_bicleaner_dom_0.50_dcce/data/train.bpe.en --vocabs ../experiments/10M_bicleaner_dom_0.50_dcce/data/train.bpe.de.json ../experiments/10M_bicleaner_dom_0.50_dcce/data/train.bpe.en.json --mini-batch-fit -w 3000 --dim-vocabs 50000 50000 --layer-normalization --dropout-rnn 0.2 --dropout-src 0.1 --dropout-trg 0.1 --learn-rate 0.0001 --after-epochs 0 --early-stopping 5 --valid-freq 20000 --save-freq 20000 --disp-freq 2000 --valid-mini-batch 8 --valid-sets ../experiments/10M_bicleaner_dom_0.50_dcce/data/dev.bpe.de ../experiments/10M_bicleaner_dom_0.50_dcce/data/dev.bpe.en --valid-metrics cross-entropy perplexity translation --valid-translation-output ../experiments/10M_bicleaner_dom_0.50_dcce/model/dev.out --valid-script-path ../experiments/10M_bicleaner_dom_0.50_dcce/score-dev.sh --seed 1111 --exponential-smoothing --normalize=1 --beam-size=12 --quiet-translation --log ../experiments/10M_bicleaner_dom_0.50_dcce/model/train.log --valid-log ../experiments/10M_bicleaner_dom_0.50_dcce/model/valid.log
[2019-08-03 14:40:54] [config] after-batches: 0
[2019-08-03 14:40:54] [config] after-epochs: 0
[2019-08-03 14:40:54] [config] allow-unk: false
[2019-08-03 14:40:54] [config] beam-size: 12
[2019-08-03 14:40:54] [config] bert-class-symbol: "[CLS]"
[2019-08-03 14:40:54] [config] bert-mask-symbol: "[MASK]"
[2019-08-03 14:40:54] [config] bert-masking-fraction: 0.15
[2019-08-03 14:40:54] [config] bert-sep-symbol: "[SEP]"
[2019-08-03 14:40:54] [config] bert-train-type-embeddings: true
[2019-08-03 14:40:54] [config] bert-type-vocab-size: 2
[2019-08-03 14:40:54] [config] best-deep: false
[2019-08-03 14:40:54] [config] clip-gemm: 0
[2019-08-03 14:40:54] [config] clip-norm: 1
[2019-08-03 14:40:54] [config] cost-type: ce-mean
[2019-08-03 14:40:54] [config] cpu-threads: 0
[2019-08-03 14:40:54] [config] data-weighting: ""
[2019-08-03 14:40:54] [config] data-weighting-type: sentence
[2019-08-03 14:40:54] [config] dec-cell: gru
[2019-08-03 14:40:54] [config] dec-cell-base-depth: 2
[2019-08-03 14:40:54] [config] dec-cell-high-depth: 1
[2019-08-03 14:40:54] [config] dec-depth: 1
[2019-08-03 14:40:54] [config] devices:
[2019-08-03 14:40:54] [config]   - 0
[2019-08-03 14:40:54] [config] dim-emb: 512
[2019-08-03 14:40:54] [config] dim-rnn: 1024
[2019-08-03 14:40:54] [config] dim-vocabs:
[2019-08-03 14:40:54] [config]   - 50000
[2019-08-03 14:40:54] [config]   - 50000
[2019-08-03 14:40:54] [config] disp-first: 0
[2019-08-03 14:40:54] [config] disp-freq: 2000
[2019-08-03 14:40:54] [config] disp-label-counts: false
[2019-08-03 14:40:54] [config] dropout-rnn: 0.2
[2019-08-03 14:40:54] [config] dropout-src: 0.1
[2019-08-03 14:40:54] [config] dropout-trg: 0.1
[2019-08-03 14:40:54] [config] dump-config: ""
[2019-08-03 14:40:54] [config] early-stopping: 5
[2019-08-03 14:40:54] [config] embedding-fix-src: false
[2019-08-03 14:40:54] [config] embedding-fix-trg: false
[2019-08-03 14:40:54] [config] embedding-normalization: false
[2019-08-03 14:40:54] [config] embedding-vectors:
[2019-08-03 14:40:54] [config]   []
[2019-08-03 14:40:54] [config] enc-cell: gru
[2019-08-03 14:40:54] [config] enc-cell-depth: 1
[2019-08-03 14:40:54] [config] enc-depth: 1
[2019-08-03 14:40:54] [config] enc-type: bidirectional
[2019-08-03 14:40:54] [config] exponential-smoothing: 0.0001
[2019-08-03 14:40:54] [config] grad-dropping-momentum: 0
[2019-08-03 14:40:54] [config] grad-dropping-rate: 0
[2019-08-03 14:40:54] [config] grad-dropping-warmup: 100
[2019-08-03 14:40:54] [config] guided-alignment: none
[2019-08-03 14:40:54] [config] guided-alignment-cost: mse
[2019-08-03 14:40:54] [config] guided-alignment-weight: 0.1
[2019-08-03 14:40:54] [config] ignore-model-config: false
[2019-08-03 14:40:54] [config] input-types:
[2019-08-03 14:40:54] [config]   []
[2019-08-03 14:40:54] [config] interpolate-env-vars: false
[2019-08-03 14:40:54] [config] keep-best: false
[2019-08-03 14:40:54] [config] label-smoothing: 0
[2019-08-03 14:40:54] [config] layer-normalization: true
[2019-08-03 14:40:54] [config] learn-rate: 0.0001
[2019-08-03 14:40:54] [config] log: ../experiments/10M_bicleaner_dom_0.50_dcce/model/train.log
[2019-08-03 14:40:54] [config] log-level: info
[2019-08-03 14:40:54] [config] log-time-zone: ""
[2019-08-03 14:40:54] [config] lr-decay: 0
[2019-08-03 14:40:54] [config] lr-decay-freq: 50000
[2019-08-03 14:40:54] [config] lr-decay-inv-sqrt:
[2019-08-03 14:40:54] [config]   - 0
[2019-08-03 14:40:54] [config] lr-decay-repeat-warmup: false
[2019-08-03 14:40:54] [config] lr-decay-reset-optimizer: false
[2019-08-03 14:40:54] [config] lr-decay-start:
[2019-08-03 14:40:54] [config]   - 10
[2019-08-03 14:40:54] [config]   - 1
[2019-08-03 14:40:54] [config] lr-decay-strategy: epoch+stalled
[2019-08-03 14:40:54] [config] lr-report: false
[2019-08-03 14:40:54] [config] lr-warmup: 0
[2019-08-03 14:40:54] [config] lr-warmup-at-reload: false
[2019-08-03 14:40:54] [config] lr-warmup-cycle: false
[2019-08-03 14:40:54] [config] lr-warmup-start-rate: 0
[2019-08-03 14:40:54] [config] max-length: 50
[2019-08-03 14:40:54] [config] max-length-crop: false
[2019-08-03 14:40:54] [config] max-length-factor: 3
[2019-08-03 14:40:54] [config] maxi-batch: 100
[2019-08-03 14:40:54] [config] maxi-batch-sort: trg
[2019-08-03 14:40:54] [config] mini-batch: 64
[2019-08-03 14:40:54] [config] mini-batch-fit: true
[2019-08-03 14:40:54] [config] mini-batch-fit-step: 10
[2019-08-03 14:40:54] [config] mini-batch-overstuff: 1
[2019-08-03 14:40:54] [config] mini-batch-track-lr: false
[2019-08-03 14:40:54] [config] mini-batch-understuff: 1
[2019-08-03 14:40:54] [config] mini-batch-warmup: 0
[2019-08-03 14:40:54] [config] mini-batch-words: 0
[2019-08-03 14:40:54] [config] mini-batch-words-ref: 0
[2019-08-03 14:40:54] [config] model: ../experiments/10M_bicleaner_dom_0.50_dcce/model/model.npz
[2019-08-03 14:40:54] [config] multi-loss-type: sum
[2019-08-03 14:40:54] [config] multi-node: false
[2019-08-03 14:40:54] [config] multi-node-overlap: true
[2019-08-03 14:40:54] [config] n-best: false
[2019-08-03 14:40:54] [config] no-nccl: false
[2019-08-03 14:40:54] [config] no-reload: false
[2019-08-03 14:40:54] [config] no-restore-corpus: false
[2019-08-03 14:40:54] [config] no-shuffle: false
[2019-08-03 14:40:54] [config] normalize: 1
[2019-08-03 14:40:54] [config] num-devices: 0
[2019-08-03 14:40:54] [config] optimizer: adam
[2019-08-03 14:40:54] [config] optimizer-delay: 1
[2019-08-03 14:40:54] [config] optimizer-params:
[2019-08-03 14:40:54] [config]   []
[2019-08-03 14:40:54] [config] overwrite: false
[2019-08-03 14:40:54] [config] pretrained-model: ""
[2019-08-03 14:40:54] [config] quiet: false
[2019-08-03 14:40:54] [config] quiet-translation: true
[2019-08-03 14:40:54] [config] relative-paths: false
[2019-08-03 14:40:54] [config] right-left: false
[2019-08-03 14:40:54] [config] save-freq: 20000
[2019-08-03 14:40:54] [config] seed: 1111
[2019-08-03 14:40:54] [config] shuffle-in-ram: false
[2019-08-03 14:40:54] [config] skip: false
[2019-08-03 14:40:54] [config] sqlite: ""
[2019-08-03 14:40:54] [config] sqlite-drop: false
[2019-08-03 14:40:54] [config] sync-sgd: true
[2019-08-03 14:40:54] [config] tempdir: .
[2019-08-03 14:40:54] [config] tied-embeddings: false
[2019-08-03 14:40:54] [config] tied-embeddings-all: false
[2019-08-03 14:40:54] [config] tied-embeddings-src: false
[2019-08-03 14:40:54] [config] train-sets:
[2019-08-03 14:40:54] [config]   - ../experiments/10M_bicleaner_dom_0.50_dcce/data/train.bpe.de
[2019-08-03 14:40:54] [config]   - ../experiments/10M_bicleaner_dom_0.50_dcce/data/train.bpe.en
[2019-08-03 14:40:54] [config] transformer-aan-activation: swish
[2019-08-03 14:40:54] [config] transformer-aan-depth: 2
[2019-08-03 14:40:54] [config] transformer-aan-nogate: false
[2019-08-03 14:40:54] [config] transformer-decoder-autoreg: self-attention
[2019-08-03 14:40:54] [config] transformer-dim-aan: 2048
[2019-08-03 14:40:54] [config] transformer-dim-ffn: 2048
[2019-08-03 14:40:54] [config] transformer-dropout: 0
[2019-08-03 14:40:54] [config] transformer-dropout-attention: 0
[2019-08-03 14:40:54] [config] transformer-dropout-ffn: 0
[2019-08-03 14:40:54] [config] transformer-ffn-activation: swish
[2019-08-03 14:40:54] [config] transformer-ffn-depth: 2
[2019-08-03 14:40:54] [config] transformer-guided-alignment-layer: last
[2019-08-03 14:40:54] [config] transformer-heads: 8
[2019-08-03 14:40:54] [config] transformer-no-projection: false
[2019-08-03 14:40:54] [config] transformer-postprocess: dan
[2019-08-03 14:40:54] [config] transformer-postprocess-emb: d
[2019-08-03 14:40:54] [config] transformer-preprocess: ""
[2019-08-03 14:40:54] [config] transformer-tied-layers:
[2019-08-03 14:40:54] [config]   []
[2019-08-03 14:40:54] [config] transformer-train-position-embeddings: false
[2019-08-03 14:40:54] [config] type: amun
[2019-08-03 14:40:54] [config] ulr: false
[2019-08-03 14:40:54] [config] ulr-dim-emb: 0
[2019-08-03 14:40:54] [config] ulr-dropout: 0
[2019-08-03 14:40:54] [config] ulr-keys-vectors: ""
[2019-08-03 14:40:54] [config] ulr-query-vectors: ""
[2019-08-03 14:40:54] [config] ulr-softmax-temperature: 1
[2019-08-03 14:40:54] [config] ulr-trainable-transformation: false
[2019-08-03 14:40:54] [config] valid-freq: 20000
[2019-08-03 14:40:54] [config] valid-log: ../experiments/10M_bicleaner_dom_0.50_dcce/model/valid.log
[2019-08-03 14:40:54] [config] valid-max-length: 1000
[2019-08-03 14:40:54] [config] valid-metrics:
[2019-08-03 14:40:54] [config]   - cross-entropy
[2019-08-03 14:40:54] [config]   - perplexity
[2019-08-03 14:40:54] [config]   - translation
[2019-08-03 14:40:54] [config] valid-mini-batch: 8
[2019-08-03 14:40:54] [config] valid-script-path: ../experiments/10M_bicleaner_dom_0.50_dcce/score-dev.sh
[2019-08-03 14:40:54] [config] valid-sets:
[2019-08-03 14:40:54] [config]   - ../experiments/10M_bicleaner_dom_0.50_dcce/data/dev.bpe.de
[2019-08-03 14:40:54] [config]   - ../experiments/10M_bicleaner_dom_0.50_dcce/data/dev.bpe.en
[2019-08-03 14:40:54] [config] valid-translation-output: ../experiments/10M_bicleaner_dom_0.50_dcce/model/dev.out
[2019-08-03 14:40:54] [config] vocabs:
[2019-08-03 14:40:54] [config]   - ../experiments/10M_bicleaner_dom_0.50_dcce/data/train.bpe.de.json
[2019-08-03 14:40:54] [config]   - ../experiments/10M_bicleaner_dom_0.50_dcce/data/train.bpe.en.json
[2019-08-03 14:40:54] [config] word-penalty: 0
[2019-08-03 14:40:54] [config] workspace: 3000
[2019-08-03 14:40:54] [config] Model is being created with Marian v1.7.8 ec2d66e 2019-05-27 14:52:11 +0100
[2019-08-03 14:40:54] Using synchronous training
[2019-08-03 14:40:54] [data] Loading vocabulary from JSON/Yaml file ../experiments/10M_bicleaner_dom_0.50_dcce/data/train.bpe.de.json
[2019-08-03 14:40:54] [data] Using unused word id eos for 0
[2019-08-03 14:40:54] [data] Using unused word id UNK for 1
[2019-08-03 14:40:54] [data] Setting vocabulary size for input 0 to 50000
[2019-08-03 14:40:54] [data] Loading vocabulary from JSON/Yaml file ../experiments/10M_bicleaner_dom_0.50_dcce/data/train.bpe.en.json
[2019-08-03 14:40:54] [data] Using unused word id eos for 0
[2019-08-03 14:40:54] [data] Using unused word id UNK for 1
[2019-08-03 14:40:54] [data] Setting vocabulary size for input 1 to 50000
[2019-08-03 14:40:54] Compiled without MPI support. Falling back to FakeMPIWrapper
[2019-08-03 14:40:54] [batching] Collecting statistics for batch fitting with step size 10
[2019-08-03 14:40:55] [memory] Extending reserved space to 3072 MB (device gpu0)
[2019-08-03 14:40:55] [comm] Using NCCL 2.4.2 for GPU communication
[2019-08-03 14:40:55] [comm] NCCLCommunicator constructed successfully.
[2019-08-03 14:40:55] [training] Using 1 GPUs
[2019-08-03 14:40:55] [memory] Reserving 422 MB, device gpu0
[2019-08-03 14:40:55] [gpu] 16-bit TensorCores enabled for float32 matrix operations
[2019-08-03 14:40:56] [memory] Reserving 422 MB, device gpu0
[2019-08-03 14:41:00] [batching] Done. Typical MB size is 4042 target words
[2019-08-03 14:41:00] [memory] Extending reserved space to 3072 MB (device gpu0)
[2019-08-03 14:41:01] [comm] Using NCCL 2.4.2 for GPU communication
[2019-08-03 14:41:01] [comm] NCCLCommunicator constructed successfully.
[2019-08-03 14:41:01] [training] Using 1 GPUs
[2019-08-03 14:41:01] Training started
[2019-08-03 14:41:01] [data] Shuffling data
[2019-08-03 14:41:01] [data] Done reading 520505 sentences
[2019-08-03 14:41:03] [data] Done shuffling 520505 sentences to temp files
[2019-08-03 14:41:05] [training] Batches are processed as 1 process(es) x 1 devices/process
[2019-08-03 14:41:05] [memory] Reserving 422 MB, device gpu0
[2019-08-03 14:41:05] [memory] Reserving 422 MB, device gpu0
[2019-08-03 14:41:05] [memory] Reserving 422 MB, device gpu0
[2019-08-03 14:41:05] [memory] Reserving 844 MB, device gpu0
[2019-08-03 14:50:57] Ep. 1 : Up. 2000 : Sen. 240,079 : Cost 132.13385010 : Time 602.52s : 9034.78 words/s
[2019-08-03 15:00:33] Seen 472117 samples
[2019-08-03 15:00:33] Starting epoch 2
[2019-08-03 15:00:33] [data] Shuffling data
[2019-08-03 15:00:33] [data] Done reading 520505 sentences
[2019-08-03 15:00:35] [data] Done shuffling 520505 sentences to temp files
[2019-08-03 15:00:57] Ep. 2 : Up. 4000 : Sen. 8,125 : Cost 99.99493408 : Time 600.16s : 9069.37 words/s
[2019-08-03 15:10:53] Ep. 2 : Up. 6000 : Sen. 248,081 : Cost 83.13430786 : Time 596.49s : 9111.39 words/s
[2019-08-03 15:20:14] Seen 472117 samples
[2019-08-03 15:20:14] Starting epoch 3
[2019-08-03 15:20:14] [data] Shuffling data
[2019-08-03 15:20:15] [data] Done reading 520505 sentences
[2019-08-03 15:20:16] [data] Done shuffling 520505 sentences to temp files
[2019-08-03 15:20:56] Ep. 3 : Up. 8000 : Sen. 15,177 : Cost 73.88130951 : Time 602.31s : 8996.38 words/s
[2019-08-03 15:30:53] Ep. 3 : Up. 10000 : Sen. 255,133 : Cost 66.35958099 : Time 597.18s : 9114.05 words/s
[2019-08-03 15:39:54] Seen 472117 samples
[2019-08-03 15:39:54] Starting epoch 4
[2019-08-03 15:39:54] [data] Shuffling data
[2019-08-03 15:39:55] [data] Done reading 520505 sentences
[2019-08-03 15:39:57] [data] Done shuffling 520505 sentences to temp files
[2019-08-03 15:40:55] Ep. 4 : Up. 12000 : Sen. 22,276 : Cost 62.45227814 : Time 601.88s : 9010.33 words/s
[2019-08-03 15:50:53] Ep. 4 : Up. 14000 : Sen. 262,187 : Cost 57.60100174 : Time 598.30s : 9073.16 words/s
[2019-08-03 15:59:38] Seen 472117 samples
[2019-08-03 15:59:38] Starting epoch 5
[2019-08-03 15:59:38] [data] Shuffling data
[2019-08-03 15:59:38] [data] Done reading 520505 sentences
[2019-08-03 15:59:40] [data] Done shuffling 520505 sentences to temp files
[2019-08-03 16:00:53] Ep. 5 : Up. 16000 : Sen. 29,048 : Cost 55.78724670 : Time 599.93s : 9031.63 words/s
[2019-08-03 16:10:53] Ep. 5 : Up. 18000 : Sen. 269,292 : Cost 52.99372482 : Time 599.66s : 9090.30 words/s
[2019-08-03 16:19:21] Seen 472117 samples
[2019-08-03 16:19:21] Starting epoch 6
[2019-08-03 16:19:21] [data] Shuffling data
[2019-08-03 16:19:21] [data] Done reading 520505 sentences
[2019-08-03 16:19:23] [data] Done shuffling 520505 sentences to temp files
[2019-08-03 16:20:56] Ep. 6 : Up. 20000 : Sen. 36,563 : Cost 51.58013916 : Time 603.82s : 8978.53 words/s
[2019-08-03 16:20:56] Saving model to ../experiments/10M_bicleaner_dom_0.50_dcce/model/model.npz.orig.npz
[2019-08-03 16:21:05] Saving model to ../experiments/10M_bicleaner_dom_0.50_dcce/model/model.iter20000.npz
[2019-08-03 16:21:12] Saving model to ../experiments/10M_bicleaner_dom_0.50_dcce/model/model.npz
[2019-08-03 16:21:21] Saving Adam parameters to ../experiments/10M_bicleaner_dom_0.50_dcce/model/model.npz.optimizer.npz
[2019-08-03 16:21:51] [valid] Ep. 6 : Up. 20000 : cross-entropy : 68.8034 : new best
[2019-08-03 16:21:58] [valid] Ep. 6 : Up. 20000 : perplexity : 15.0785 : new best
[2019-08-03 16:23:02] [valid] Ep. 6 : Up. 20000 : translation : 23.03 : new best
[2019-08-03 16:33:05] Ep. 6 : Up. 22000 : Sen. 276,115 : Cost 49.19727325 : Time 728.49s : 7457.76 words/s
[2019-08-03 16:41:14] Seen 472117 samples
[2019-08-03 16:41:14] Starting epoch 7
[2019-08-03 16:41:14] [data] Shuffling data
[2019-08-03 16:41:14] [data] Done reading 520505 sentences
[2019-08-03 16:41:15] [data] Done shuffling 520505 sentences to temp files
[2019-08-03 16:43:06] Ep. 7 : Up. 24000 : Sen. 43,572 : Cost 48.28702164 : Time 600.69s : 9043.04 words/s
[2019-08-03 16:53:04] Ep. 7 : Up. 26000 : Sen. 283,177 : Cost 46.53302765 : Time 598.26s : 9082.76 words/s
[2019-08-03 17:00:56] Seen 472117 samples
[2019-08-03 17:00:56] Starting epoch 8
[2019-08-03 17:00:56] [data] Shuffling data
[2019-08-03 17:00:57] [data] Done reading 520505 sentences
[2019-08-03 17:00:58] [data] Done shuffling 520505 sentences to temp files
[2019-08-03 17:03:08] Ep. 8 : Up. 28000 : Sen. 51,305 : Cost 45.71868896 : Time 604.27s : 9004.70 words/s
[2019-08-03 17:13:10] Ep. 8 : Up. 30000 : Sen. 292,137 : Cost 43.95642090 : Time 601.57s : 9056.49 words/s
[2019-08-03 17:20:40] Seen 472117 samples
[2019-08-03 17:20:40] Starting epoch 9
[2019-08-03 17:20:40] [data] Shuffling data
[2019-08-03 17:20:40] [data] Done reading 520505 sentences
[2019-08-03 17:20:42] [data] Done shuffling 520505 sentences to temp files
[2019-08-03 17:23:13] Ep. 9 : Up. 32000 : Sen. 59,675 : Cost 43.74386978 : Time 603.17s : 9014.43 words/s
[2019-08-03 17:33:14] Ep. 9 : Up. 34000 : Sen. 299,378 : Cost 42.26754379 : Time 601.40s : 9040.63 words/s
[2019-08-03 17:40:26] Seen 472117 samples
[2019-08-03 17:40:26] Starting epoch 10
[2019-08-03 17:40:26] [data] Shuffling data
[2019-08-03 17:40:27] [data] Done reading 520505 sentences
[2019-08-03 17:40:28] [data] Done shuffling 520505 sentences to temp files
[2019-08-03 17:43:19] Ep. 10 : Up. 36000 : Sen. 67,220 : Cost 41.89444351 : Time 605.17s : 8987.41 words/s
[2019-08-03 17:53:17] Ep. 10 : Up. 38000 : Sen. 307,801 : Cost 40.56776810 : Time 597.87s : 9115.18 words/s
[2019-08-03 18:00:08] Seen 472117 samples
[2019-08-03 18:00:08] Starting epoch 11
[2019-08-03 18:00:08] [data] Shuffling data
[2019-08-03 18:00:08] [data] Done reading 520505 sentences
[2019-08-03 18:00:10] [data] Done shuffling 520505 sentences to temp files
[2019-08-03 18:03:20] Ep. 11 : Up. 40000 : Sen. 75,318 : Cost 40.36877060 : Time 602.41s : 9017.69 words/s
[2019-08-03 18:03:20] Saving model to ../experiments/10M_bicleaner_dom_0.50_dcce/model/model.npz.orig.npz
[2019-08-03 18:03:30] Saving model to ../experiments/10M_bicleaner_dom_0.50_dcce/model/model.iter40000.npz
[2019-08-03 18:03:37] Saving model to ../experiments/10M_bicleaner_dom_0.50_dcce/model/model.npz
[2019-08-03 18:03:46] Saving Adam parameters to ../experiments/10M_bicleaner_dom_0.50_dcce/model/model.npz.optimizer.npz
[2019-08-03 18:04:15] [valid] Ep. 11 : Up. 40000 : cross-entropy : 60.2088 : new best
[2019-08-03 18:04:23] [valid] Ep. 11 : Up. 40000 : perplexity : 10.7439 : new best
[2019-08-03 18:05:27] [valid] Ep. 11 : Up. 40000 : translation : 25.5 : new best
[2019-08-03 18:15:27] Ep. 11 : Up. 42000 : Sen. 314,623 : Cost 39.28221130 : Time 726.91s : 7462.95 words/s
[2019-08-03 18:22:00] Seen 472117 samples
[2019-08-03 18:22:00] Starting epoch 12
[2019-08-03 18:22:00] [data] Shuffling data
[2019-08-03 18:22:00] [data] Done reading 520505 sentences
[2019-08-03 18:22:02] [data] Done shuffling 520505 sentences to temp files
[2019-08-03 18:25:29] Ep. 12 : Up. 44000 : Sen. 81,894 : Cost 38.82519913 : Time 601.97s : 9007.83 words/s
[2019-08-03 18:35:32] Ep. 12 : Up. 46000 : Sen. 321,737 : Cost 38.26914215 : Time 603.48s : 9022.04 words/s
[2019-08-03 18:41:49] Seen 472117 samples
[2019-08-03 18:41:49] Starting epoch 13
[2019-08-03 18:41:49] [data] Shuffling data
[2019-08-03 18:41:49] [data] Done reading 520505 sentences
[2019-08-03 18:41:51] [data] Done shuffling 520505 sentences to temp files
[2019-08-03 18:45:38] Ep. 13 : Up. 48000 : Sen. 90,187 : Cost 37.59090424 : Time 606.26s : 8984.25 words/s
[2019-08-03 18:55:39] Ep. 13 : Up. 50000 : Sen. 330,016 : Cost 36.98004913 : Time 600.37s : 9055.43 words/s
[2019-08-03 19:01:34] Seen 472117 samples
[2019-08-03 19:01:34] Starting epoch 14
[2019-08-03 19:01:34] [data] Shuffling data
[2019-08-03 19:01:35] [data] Done reading 520505 sentences
[2019-08-03 19:01:36] [data] Done shuffling 520505 sentences to temp files
[2019-08-03 19:05:45] Ep. 14 : Up. 52000 : Sen. 97,252 : Cost 36.58975983 : Time 606.19s : 8960.16 words/s
[2019-08-03 19:15:48] Ep. 14 : Up. 54000 : Sen. 337,995 : Cost 35.98148727 : Time 603.26s : 9027.32 words/s
[2019-08-03 19:21:26] Seen 472117 samples
[2019-08-03 19:21:26] Starting epoch 15
[2019-08-03 19:21:26] [data] Shuffling data
[2019-08-03 19:21:27] [data] Done reading 520505 sentences
[2019-08-03 19:21:28] [data] Done shuffling 520505 sentences to temp files
[2019-08-03 19:25:57] Ep. 15 : Up. 56000 : Sen. 105,633 : Cost 35.61233521 : Time 608.83s : 8933.55 words/s
[2019-08-03 19:35:59] Ep. 15 : Up. 58000 : Sen. 345,465 : Cost 35.13529587 : Time 601.63s : 9038.53 words/s
[2019-08-03 19:41:17] Seen 472117 samples
[2019-08-03 19:41:17] Starting epoch 16
[2019-08-03 19:41:17] [data] Shuffling data
[2019-08-03 19:41:17] [data] Done reading 520505 sentences
[2019-08-03 19:41:19] [data] Done shuffling 520505 sentences to temp files
[2019-08-03 19:46:06] Ep. 16 : Up. 60000 : Sen. 113,287 : Cost 34.40911102 : Time 607.90s : 8948.48 words/s
[2019-08-03 19:46:06] Saving model to ../experiments/10M_bicleaner_dom_0.50_dcce/model/model.npz.orig.npz
[2019-08-03 19:46:15] Saving model to ../experiments/10M_bicleaner_dom_0.50_dcce/model/model.iter60000.npz
[2019-08-03 19:46:22] Saving model to ../experiments/10M_bicleaner_dom_0.50_dcce/model/model.npz
[2019-08-03 19:46:31] Saving Adam parameters to ../experiments/10M_bicleaner_dom_0.50_dcce/model/model.npz.optimizer.npz
[2019-08-03 19:46:55] [valid] Ep. 16 : Up. 60000 : cross-entropy : 58.0343 : new best
[2019-08-03 19:47:03] [valid] Ep. 16 : Up. 60000 : perplexity : 9.86102 : new best
[2019-08-03 19:48:07] [valid] Ep. 16 : Up. 60000 : translation : 26.25 : new best
[2019-08-03 19:58:08] Ep. 16 : Up. 62000 : Sen. 352,566 : Cost 34.15113831 : Time 721.64s : 7518.35 words/s
[2019-08-03 20:03:07] Seen 472117 samples
[2019-08-03 20:03:07] Starting epoch 17
[2019-08-03 20:03:07] [data] Shuffling data
[2019-08-03 20:03:08] [data] Done reading 520505 sentences
[2019-08-03 20:03:10] [data] Done shuffling 520505 sentences to temp files
[2019-08-03 20:08:14] Ep. 17 : Up. 64000 : Sen. 120,089 : Cost 33.50311279 : Time 606.10s : 8940.32 words/s
[2019-08-03 20:18:19] Ep. 17 : Up. 66000 : Sen. 360,638 : Cost 33.23106003 : Time 604.91s : 9018.78 words/s
[2019-08-03 20:23:00] Seen 472117 samples
[2019-08-03 20:23:00] Starting epoch 18
[2019-08-03 20:23:00] [data] Shuffling data
[2019-08-03 20:23:00] [data] Done reading 520505 sentences
[2019-08-03 20:23:02] [data] Done shuffling 520505 sentences to temp files
[2019-08-03 20:28:26] Ep. 18 : Up. 68000 : Sen. 128,000 : Cost 32.90114212 : Time 607.04s : 8944.16 words/s
[2019-08-03 20:38:31] Ep. 18 : Up. 70000 : Sen. 368,930 : Cost 32.57075882 : Time 604.39s : 9025.90 words/s
[2019-08-03 20:42:50] Seen 472117 samples
[2019-08-03 20:42:50] Starting epoch 19
[2019-08-03 20:42:50] [data] Shuffling data
[2019-08-03 20:42:50] [data] Done reading 520505 sentences
[2019-08-03 20:42:52] [data] Done shuffling 520505 sentences to temp files
[2019-08-03 20:48:35] Ep. 19 : Up. 72000 : Sen. 136,595 : Cost 32.31741714 : Time 604.64s : 8989.40 words/s
[2019-08-03 20:58:38] Ep. 19 : Up. 74000 : Sen. 376,875 : Cost 31.88695526 : Time 602.63s : 9042.73 words/s
[2019-08-03 21:02:36] Seen 472117 samples
[2019-08-03 21:02:36] Starting epoch 20
[2019-08-03 21:02:36] [data] Shuffling data
[2019-08-03 21:02:36] [data] Done reading 520505 sentences
[2019-08-03 21:02:38] [data] Done shuffling 520505 sentences to temp files
[2019-08-03 21:08:43] Ep. 20 : Up. 76000 : Sen. 144,761 : Cost 31.31934357 : Time 604.87s : 8992.57 words/s
[2019-08-03 21:18:45] Ep. 20 : Up. 78000 : Sen. 385,048 : Cost 31.33292389 : Time 601.97s : 9049.93 words/s
[2019-08-03 21:22:23] Seen 472117 samples
[2019-08-03 21:22:23] Starting epoch 21
[2019-08-03 21:22:23] [data] Shuffling data
[2019-08-03 21:22:23] [data] Done reading 520505 sentences
[2019-08-03 21:22:25] [data] Done shuffling 520505 sentences to temp files
[2019-08-03 21:28:51] Ep. 21 : Up. 80000 : Sen. 153,203 : Cost 30.84385109 : Time 606.17s : 8985.44 words/s
[2019-08-03 21:28:51] Saving model to ../experiments/10M_bicleaner_dom_0.50_dcce/model/model.npz.orig.npz
[2019-08-03 21:29:00] Saving model to ../experiments/10M_bicleaner_dom_0.50_dcce/model/model.iter80000.npz
[2019-08-03 21:29:06] Saving model to ../experiments/10M_bicleaner_dom_0.50_dcce/model/model.npz
[2019-08-03 21:29:15] Saving Adam parameters to ../experiments/10M_bicleaner_dom_0.50_dcce/model/model.npz.optimizer.npz
[2019-08-03 21:29:39] [valid] Ep. 21 : Up. 80000 : cross-entropy : 57.763 : new best
[2019-08-03 21:29:47] [valid] Ep. 21 : Up. 80000 : perplexity : 9.75608 : new best
[2019-08-03 21:30:52] [valid] Ep. 21 : Up. 80000 : translation : 26.35 : new best
[2019-08-03 21:40:55] Ep. 21 : Up. 82000 : Sen. 392,648 : Cost 30.60186768 : Time 723.99s : 7493.04 words/s
[2019-08-03 21:44:13] Seen 472117 samples
[2019-08-03 21:44:13] Starting epoch 22
[2019-08-03 21:44:13] [data] Shuffling data
[2019-08-03 21:44:14] [data] Done reading 520505 sentences
[2019-08-03 21:44:16] [data] Done shuffling 520505 sentences to temp files
[2019-08-03 21:50:59] Ep. 22 : Up. 84000 : Sen. 160,438 : Cost 30.17153168 : Time 604.68s : 8988.64 words/s
[2019-08-03 22:01:02] Ep. 22 : Up. 86000 : Sen. 400,573 : Cost 30.26863289 : Time 602.75s : 9035.74 words/s
[2019-08-03 22:04:01] Seen 472117 samples
[2019-08-03 22:04:01] Starting epoch 23
[2019-08-03 22:04:01] [data] Shuffling data
[2019-08-03 22:04:01] [data] Done reading 520505 sentences
[2019-08-03 22:04:03] [data] Done shuffling 520505 sentences to temp files
[2019-08-03 22:11:10] Ep. 23 : Up. 88000 : Sen. 168,233 : Cost 29.33724594 : Time 607.75s : 8943.45 words/s
[2019-08-03 22:21:07] Ep. 23 : Up. 90000 : Sen. 407,884 : Cost 29.72430038 : Time 597.23s : 9089.93 words/s
[2019-08-03 22:23:49] Seen 472117 samples
[2019-08-03 22:23:49] Starting epoch 24
[2019-08-03 22:23:49] [data] Shuffling data
[2019-08-03 22:23:50] [data] Done reading 520505 sentences
[2019-08-03 22:23:52] [data] Done shuffling 520505 sentences to temp files
[2019-08-03 22:31:16] Ep. 24 : Up. 92000 : Sen. 175,623 : Cost 28.97225952 : Time 609.10s : 8935.91 words/s
[2019-08-03 22:41:18] Ep. 24 : Up. 94000 : Sen. 415,432 : Cost 29.10057831 : Time 601.25s : 9022.05 words/s
[2019-08-03 22:43:39] Seen 472117 samples
[2019-08-03 22:43:39] Starting epoch 25
[2019-08-03 22:43:39] [data] Shuffling data
[2019-08-03 22:43:40] [data] Done reading 520505 sentences
[2019-08-03 22:43:42] [data] Done shuffling 520505 sentences to temp files
[2019-08-03 22:51:22] Ep. 25 : Up. 96000 : Sen. 182,898 : Cost 28.39190102 : Time 604.64s : 8987.91 words/s
[2019-08-03 23:01:24] Ep. 25 : Up. 98000 : Sen. 422,895 : Cost 28.58708382 : Time 601.39s : 9044.49 words/s
[2019-08-03 23:03:27] Seen 472117 samples
[2019-08-03 23:03:27] Starting epoch 26
[2019-08-03 23:03:27] [data] Shuffling data
[2019-08-03 23:03:27] [data] Done reading 520505 sentences
[2019-08-03 23:03:29] [data] Done shuffling 520505 sentences to temp files
[2019-08-03 23:11:27] Ep. 26 : Up. 100000 : Sen. 191,414 : Cost 27.87503052 : Time 603.50s : 9019.95 words/s
[2019-08-03 23:11:27] Saving model to ../experiments/10M_bicleaner_dom_0.50_dcce/model/model.npz.orig.npz
[2019-08-03 23:11:36] Saving model to ../experiments/10M_bicleaner_dom_0.50_dcce/model/model.iter100000.npz
[2019-08-03 23:11:43] Saving model to ../experiments/10M_bicleaner_dom_0.50_dcce/model/model.npz
[2019-08-03 23:11:52] Saving Adam parameters to ../experiments/10M_bicleaner_dom_0.50_dcce/model/model.npz.optimizer.npz
[2019-08-03 23:12:17] [valid] Ep. 26 : Up. 100000 : cross-entropy : 58.3346 : stalled 1 times (last best: 57.763)
[2019-08-03 23:12:25] [valid] Ep. 26 : Up. 100000 : perplexity : 9.97849 : stalled 1 times (last best: 9.75608)
[2019-08-03 23:13:29] [valid] Ep. 26 : Up. 100000 : translation : 26.4 : new best
[2019-08-03 23:23:32] Ep. 26 : Up. 102000 : Sen. 430,939 : Cost 28.06105614 : Time 725.36s : 7493.20 words/s
[2019-08-03 23:25:16] Seen 472117 samples
[2019-08-03 23:25:16] Starting epoch 27
[2019-08-03 23:25:16] [data] Shuffling data
[2019-08-03 23:25:16] [data] Done reading 520505 sentences
[2019-08-03 23:25:18] [data] Done shuffling 520505 sentences to temp files
[2019-08-03 23:33:38] Ep. 27 : Up. 104000 : Sen. 198,637 : Cost 27.28659630 : Time 605.68s : 8983.68 words/s
[2019-08-03 23:43:41] Ep. 27 : Up. 106000 : Sen. 437,964 : Cost 27.82036781 : Time 602.59s : 9002.72 words/s
[2019-08-03 23:45:06] Seen 472117 samples
[2019-08-03 23:45:06] Starting epoch 28
[2019-08-03 23:45:06] [data] Shuffling data
[2019-08-03 23:45:06] [data] Done reading 520505 sentences
[2019-08-03 23:45:08] [data] Done shuffling 520505 sentences to temp files
[2019-08-03 23:53:46] Ep. 28 : Up. 108000 : Sen. 206,220 : Cost 26.82021713 : Time 605.36s : 8994.59 words/s
[2019-08-04 00:03:44] Ep. 28 : Up. 110000 : Sen. 445,079 : Cost 27.45147896 : Time 598.17s : 9057.72 words/s
[2019-08-04 00:04:51] Seen 472117 samples
[2019-08-04 00:04:51] Starting epoch 29
[2019-08-04 00:04:51] [data] Shuffling data
[2019-08-04 00:04:51] [data] Done reading 520505 sentences
[2019-08-04 00:04:53] [data] Done shuffling 520505 sentences to temp files
[2019-08-04 00:13:51] Ep. 29 : Up. 112000 : Sen. 212,908 : Cost 26.35216522 : Time 606.98s : 8945.76 words/s
[2019-08-04 00:23:51] Ep. 29 : Up. 114000 : Sen. 452,990 : Cost 26.96455193 : Time 599.52s : 9067.32 words/s
[2019-08-04 00:24:39] Seen 472117 samples
[2019-08-04 00:24:39] Starting epoch 30
[2019-08-04 00:24:39] [data] Shuffling data
[2019-08-04 00:24:40] [data] Done reading 520505 sentences
[2019-08-04 00:24:41] [data] Done shuffling 520505 sentences to temp files
[2019-08-04 00:33:55] Ep. 30 : Up. 116000 : Sen. 220,281 : Cost 26.21305084 : Time 604.63s : 9009.92 words/s
[2019-08-04 00:43:56] Ep. 30 : Up. 118000 : Sen. 460,300 : Cost 26.41444778 : Time 600.52s : 9031.37 words/s
[2019-08-04 00:44:26] Seen 472117 samples
[2019-08-04 00:44:26] Starting epoch 31
[2019-08-04 00:44:26] [data] Shuffling data
[2019-08-04 00:44:27] [data] Done reading 520505 sentences
[2019-08-04 00:44:28] [data] Done shuffling 520505 sentences to temp files
[2019-08-04 00:54:02] Ep. 31 : Up. 120000 : Sen. 227,715 : Cost 25.94805908 : Time 605.55s : 8979.54 words/s
[2019-08-04 00:54:02] Saving model to ../experiments/10M_bicleaner_dom_0.50_dcce/model/model.npz.orig.npz
[2019-08-04 00:54:11] Saving model to ../experiments/10M_bicleaner_dom_0.50_dcce/model/model.iter120000.npz
[2019-08-04 00:54:17] Saving model to ../experiments/10M_bicleaner_dom_0.50_dcce/model/model.npz
[2019-08-04 00:54:26] Saving Adam parameters to ../experiments/10M_bicleaner_dom_0.50_dcce/model/model.npz.optimizer.npz
[2019-08-04 00:54:50] [valid] Ep. 31 : Up. 120000 : cross-entropy : 59.3964 : stalled 2 times (last best: 57.763)
[2019-08-04 00:54:58] [valid] Ep. 31 : Up. 120000 : perplexity : 10.4052 : stalled 2 times (last best: 9.75608)
[2019-08-04 00:56:01] [valid] Ep. 31 : Up. 120000 : translation : 26.26 : stalled 1 times (last best: 26.4)
[2019-08-04 01:06:05] Ep. 31 : Up. 122000 : Sen. 468,216 : Cost 26.02910423 : Time 723.52s : 7523.58 words/s
[2019-08-04 01:06:15] Seen 472117 samples
[2019-08-04 01:06:15] Starting epoch 32
[2019-08-04 01:06:15] [data] Shuffling data
[2019-08-04 01:06:16] [data] Done reading 520505 sentences
[2019-08-04 01:06:22] [data] Done shuffling 520505 sentences to temp files
[2019-08-04 01:16:16] Ep. 32 : Up. 124000 : Sen. 235,273 : Cost 25.17374802 : Time 610.73s : 8889.51 words/s
[2019-08-04 01:26:10] Seen 472117 samples
[2019-08-04 01:26:10] Starting epoch 33
[2019-08-04 01:26:10] [data] Shuffling data
[2019-08-04 01:26:10] [data] Done reading 520505 sentences
[2019-08-04 01:26:14] [data] Done shuffling 520505 sentences to temp files
[2019-08-04 01:26:25] Ep. 33 : Up. 126000 : Sen. 3,286 : Cost 25.93410301 : Time 609.68s : 8921.31 words/s
[2019-08-04 01:36:29] Ep. 33 : Up. 128000 : Sen. 243,585 : Cost 24.82907867 : Time 603.40s : 9021.02 words/s
[2019-08-04 01:46:03] Seen 472117 samples
[2019-08-04 01:46:03] Starting epoch 34
[2019-08-04 01:46:03] [data] Shuffling data
[2019-08-04 01:46:03] [data] Done reading 520505 sentences
[2019-08-04 01:46:12] [data] Done shuffling 520505 sentences to temp files
[2019-08-04 01:46:39] Ep. 34 : Up. 130000 : Sen. 10,597 : Cost 25.46409225 : Time 610.44s : 8875.46 words/s
[2019-08-04 01:56:40] Ep. 34 : Up. 132000 : Sen. 250,165 : Cost 24.55848885 : Time 600.34s : 9046.95 words/s
[2019-08-04 02:05:55] Seen 472117 samples
[2019-08-04 02:05:55] Starting epoch 35
[2019-08-04 02:05:55] [data] Shuffling data
[2019-08-04 02:05:55] [data] Done reading 520505 sentences
[2019-08-04 02:06:03] [data] Done shuffling 520505 sentences to temp files
[2019-08-04 02:06:49] Ep. 35 : Up. 134000 : Sen. 17,741 : Cost 25.13876152 : Time 609.52s : 8905.48 words/s
[2019-08-04 02:16:52] Ep. 35 : Up. 136000 : Sen. 257,301 : Cost 24.39535522 : Time 602.43s : 9037.57 words/s
[2019-08-04 02:25:49] Seen 472117 samples
[2019-08-04 02:25:49] Starting epoch 36
[2019-08-04 02:25:49] [data] Shuffling data
[2019-08-04 02:25:49] [data] Done reading 520505 sentences
[2019-08-04 02:26:00] [data] Done shuffling 520505 sentences to temp files
[2019-08-04 02:27:05] Ep. 36 : Up. 138000 : Sen. 24,561 : Cost 24.62859917 : Time 613.41s : 8837.43 words/s
[2019-08-04 02:37:06] Ep. 36 : Up. 140000 : Sen. 264,212 : Cost 24.22202301 : Time 600.89s : 9036.71 words/s
[2019-08-04 02:37:06] Saving model to ../experiments/10M_bicleaner_dom_0.50_dcce/model/model.npz.orig.npz
[2019-08-04 02:37:21] Saving model to ../experiments/10M_bicleaner_dom_0.50_dcce/model/model.iter140000.npz
[2019-08-04 02:37:33] Saving model to ../experiments/10M_bicleaner_dom_0.50_dcce/model/model.npz
[2019-08-04 02:37:51] Saving Adam parameters to ../experiments/10M_bicleaner_dom_0.50_dcce/model/model.npz.optimizer.npz
[2019-08-04 02:38:19] [valid] Ep. 36 : Up. 140000 : cross-entropy : 60.6637 : stalled 3 times (last best: 57.763)
[2019-08-04 02:38:27] [valid] Ep. 36 : Up. 140000 : perplexity : 10.9384 : stalled 3 times (last best: 9.75608)
[2019-08-04 02:39:39] [valid] Ep. 36 : Up. 140000 : translation : 25.95 : stalled 2 times (last best: 26.4)
[2019-08-04 02:48:19] Seen 472117 samples
[2019-08-04 02:48:19] Starting epoch 37
[2019-08-04 02:48:19] [data] Shuffling data
[2019-08-04 02:48:20] [data] Done reading 520505 sentences
[2019-08-04 02:48:26] [data] Done shuffling 520505 sentences to temp files
[2019-08-04 02:49:49] Ep. 37 : Up. 142000 : Sen. 32,078 : Cost 24.63711929 : Time 762.81s : 7128.41 words/s
[2019-08-04 02:59:49] Ep. 37 : Up. 144000 : Sen. 272,382 : Cost 23.94360542 : Time 600.72s : 9067.67 words/s
[2019-08-04 03:08:11] Seen 472117 samples
[2019-08-04 03:08:11] Starting epoch 38
[2019-08-04 03:08:11] [data] Shuffling data
[2019-08-04 03:08:11] [data] Done reading 520505 sentences
[2019-08-04 03:08:19] [data] Done shuffling 520505 sentences to temp files
[2019-08-04 03:09:59] Ep. 38 : Up. 146000 : Sen. 39,502 : Cost 24.04688835 : Time 609.93s : 8887.13 words/s
[2019-08-04 03:20:02] Ep. 38 : Up. 148000 : Sen. 279,077 : Cost 23.46645355 : Time 602.22s : 9016.32 words/s
[2019-08-04 03:28:07] Seen 472117 samples
[2019-08-04 03:28:07] Starting epoch 39
[2019-08-04 03:28:07] [data] Shuffling data
[2019-08-04 03:28:08] [data] Done reading 520505 sentences
[2019-08-04 03:28:14] [data] Done shuffling 520505 sentences to temp files
[2019-08-04 03:30:14] Ep. 39 : Up. 150000 : Sen. 47,015 : Cost 23.61982536 : Time 612.78s : 8859.10 words/s
[2019-08-04 03:40:15] Ep. 39 : Up. 152000 : Sen. 285,980 : Cost 23.41012955 : Time 600.83s : 9009.19 words/s
[2019-08-04 03:48:04] Seen 472117 samples
[2019-08-04 03:48:04] Starting epoch 40
[2019-08-04 03:48:04] [data] Shuffling data
[2019-08-04 03:48:04] [data] Done reading 520505 sentences
[2019-08-04 03:48:10] [data] Done shuffling 520505 sentences to temp files
[2019-08-04 03:50:30] Ep. 40 : Up. 154000 : Sen. 54,096 : Cost 23.69639206 : Time 614.85s : 8875.86 words/s
[2019-08-04 04:00:28] Ep. 40 : Up. 156000 : Sen. 293,511 : Cost 22.97268105 : Time 597.74s : 9080.56 words/s
[2019-08-04 04:07:57] Seen 472117 samples
[2019-08-04 04:07:57] Starting epoch 41
[2019-08-04 04:07:57] [data] Shuffling data
[2019-08-04 04:07:57] [data] Done reading 520505 sentences
[2019-08-04 04:08:07] [data] Done shuffling 520505 sentences to temp files
[2019-08-04 04:10:41] Ep. 41 : Up. 158000 : Sen. 61,264 : Cost 23.25058937 : Time 612.77s : 8854.21 words/s
[2019-08-04 04:20:41] Ep. 41 : Up. 160000 : Sen. 301,005 : Cost 22.90951347 : Time 600.58s : 9066.50 words/s
[2019-08-04 04:20:41] Saving model to ../experiments/10M_bicleaner_dom_0.50_dcce/model/model.npz.orig.npz
[2019-08-04 04:20:56] Saving model to ../experiments/10M_bicleaner_dom_0.50_dcce/model/model.iter160000.npz
[2019-08-04 04:21:05] Saving model to ../experiments/10M_bicleaner_dom_0.50_dcce/model/model.npz
[2019-08-04 04:21:25] Saving Adam parameters to ../experiments/10M_bicleaner_dom_0.50_dcce/model/model.npz.optimizer.npz
[2019-08-04 04:21:58] [valid] Ep. 41 : Up. 160000 : cross-entropy : 62.0868 : stalled 4 times (last best: 57.763)
[2019-08-04 04:22:06] [valid] Ep. 41 : Up. 160000 : perplexity : 11.5698 : stalled 4 times (last best: 9.75608)
[2019-08-04 04:23:15] [valid] Ep. 41 : Up. 160000 : translation : 25.76 : stalled 3 times (last best: 26.4)
[2019-08-04 04:30:19] Seen 472117 samples
[2019-08-04 04:30:19] Starting epoch 42
[2019-08-04 04:30:19] [data] Shuffling data
[2019-08-04 04:30:19] [data] Done reading 520505 sentences
[2019-08-04 04:30:27] [data] Done shuffling 520505 sentences to temp files
[2019-08-04 04:33:21] Ep. 42 : Up. 162000 : Sen. 68,584 : Cost 22.85445786 : Time 759.65s : 7138.45 words/s
[2019-08-04 04:43:16] Ep. 42 : Up. 164000 : Sen. 307,593 : Cost 22.56786728 : Time 595.27s : 9124.81 words/s
[2019-08-04 04:50:03] Seen 472117 samples
[2019-08-04 04:50:03] Starting epoch 43
[2019-08-04 04:50:03] [data] Shuffling data
[2019-08-04 04:50:04] [data] Done reading 520505 sentences
[2019-08-04 04:50:12] [data] Done shuffling 520505 sentences to temp files
[2019-08-04 04:53:23] Ep. 43 : Up. 166000 : Sen. 76,226 : Cost 22.70856285 : Time 606.97s : 8981.02 words/s
[2019-08-04 05:03:17] Ep. 43 : Up. 168000 : Sen. 315,844 : Cost 22.37029839 : Time 594.38s : 9161.63 words/s
[2019-08-04 05:09:46] Seen 472117 samples
[2019-08-04 05:09:46] Starting epoch 44
[2019-08-04 05:09:46] [data] Shuffling data
[2019-08-04 05:09:46] [data] Done reading 520505 sentences
[2019-08-04 05:09:59] [data] Done shuffling 520505 sentences to temp files
[2019-08-04 05:13:27] Ep. 44 : Up. 170000 : Sen. 83,753 : Cost 22.15962601 : Time 609.43s : 8891.70 words/s
[2019-08-04 05:23:19] Ep. 44 : Up. 172000 : Sen. 323,291 : Cost 21.94089508 : Time 592.17s : 9171.26 words/s
[2019-08-04 05:29:30] Seen 472117 samples
[2019-08-04 05:29:30] Starting epoch 45
[2019-08-04 05:29:30] [data] Shuffling data
[2019-08-04 05:29:30] [data] Done reading 520505 sentences
[2019-08-04 05:29:37] [data] Done shuffling 520505 sentences to temp files
[2019-08-04 05:33:24] Ep. 45 : Up. 174000 : Sen. 90,128 : Cost 22.13502693 : Time 604.89s : 8969.56 words/s
[2019-08-04 05:43:18] Ep. 45 : Up. 176000 : Sen. 329,785 : Cost 21.86118889 : Time 594.04s : 9139.69 words/s
[2019-08-04 05:49:11] Seen 472117 samples
[2019-08-04 05:49:11] Starting epoch 46
[2019-08-04 05:49:11] [data] Shuffling data
[2019-08-04 05:49:11] [data] Done reading 520505 sentences
[2019-08-04 05:49:20] [data] Done shuffling 520505 sentences to temp files
[2019-08-04 05:53:25] Ep. 46 : Up. 178000 : Sen. 97,549 : Cost 21.79371452 : Time 607.28s : 8939.36 words/s
[2019-08-04 06:03:22] Ep. 46 : Up. 180000 : Sen. 337,753 : Cost 21.75657845 : Time 596.45s : 9129.20 words/s
[2019-08-04 06:03:22] Saving model to ../experiments/10M_bicleaner_dom_0.50_dcce/model/model.npz.orig.npz
[2019-08-04 06:03:42] Saving model to ../experiments/10M_bicleaner_dom_0.50_dcce/model/model.iter180000.npz
[2019-08-04 06:03:53] Saving model to ../experiments/10M_bicleaner_dom_0.50_dcce/model/model.npz
[2019-08-04 06:04:19] Saving Adam parameters to ../experiments/10M_bicleaner_dom_0.50_dcce/model/model.npz.optimizer.npz
[2019-08-04 06:04:48] [valid] Ep. 46 : Up. 180000 : cross-entropy : 63.5433 : stalled 5 times (last best: 57.763)
[2019-08-04 06:04:56] [valid] Ep. 46 : Up. 180000 : perplexity : 12.2538 : stalled 5 times (last best: 9.75608)
[2019-08-04 06:06:10] [valid] Ep. 46 : Up. 180000 : translation : 25.41 : stalled 4 times (last best: 26.4)
[2019-08-04 06:06:12] Training finished
[2019-08-04 06:06:17] Saving model to ../experiments/10M_bicleaner_dom_0.50_dcce/model/model.npz.orig.npz
[2019-08-04 06:06:35] Saving model to ../experiments/10M_bicleaner_dom_0.50_dcce/model/model.npz
[2019-08-04 06:06:52] Saving Adam parameters to ../experiments/10M_bicleaner_dom_0.50_dcce/model/model.npz.optimizer.npz
