[2019-07-16 12:18:26] [marian] Marian v1.7.8 ec2d66e 2019-05-27 14:52:11 +0100
[2019-07-16 12:18:26] [marian] Running on lofn as process 18619 with command line:
[2019-07-16 12:18:26] [marian] /fs/bil0/abdel/marian-dev/build/marian --sync-sgd --model ../experiments/10M_random_bic1.1_hardrules/model/model.npz -T . --devices 1 --train-sets ../experiments/10M_random_bic1.1_hardrules/data/train.bpe.de ../experiments/10M_random_bic1.1_hardrules/data/train.bpe.en --vocabs ../experiments/10M_random_bic1.1_hardrules/data/train.bpe.de.json ../experiments/10M_random_bic1.1_hardrules/data/train.bpe.en.json --mini-batch-fit -w 5000 --dim-vocabs 50000 50000 --layer-normalization --dropout-rnn 0.2 --dropout-src 0.1 --dropout-trg 0.1 --learn-rate 0.0001 --after-epochs 0 --early-stopping 5 --valid-freq 20000 --save-freq 20000 --disp-freq 2000 --valid-mini-batch 8 --valid-sets ../experiments/10M_random_bic1.1_hardrules/data/dev.bpe.de ../experiments/10M_random_bic1.1_hardrules/data/dev.bpe.en --valid-metrics cross-entropy perplexity translation --valid-translation-output ../experiments/10M_random_bic1.1_hardrules/model/dev.out --valid-script-path ../experiments/10M_random_bic1.1_hardrules/score-dev.sh --seed 1111 --exponential-smoothing --normalize=1 --beam-size=12 --quiet-translation --log ../experiments/10M_random_bic1.1_hardrules/model/train.log --valid-log ../experiments/10M_random_bic1.1_hardrules/model/valid.log
[2019-07-16 12:18:26] [config] after-batches: 0
[2019-07-16 12:18:26] [config] after-epochs: 0
[2019-07-16 12:18:26] [config] allow-unk: false
[2019-07-16 12:18:26] [config] beam-size: 12
[2019-07-16 12:18:26] [config] bert-class-symbol: "[CLS]"
[2019-07-16 12:18:26] [config] bert-mask-symbol: "[MASK]"
[2019-07-16 12:18:26] [config] bert-masking-fraction: 0.15
[2019-07-16 12:18:26] [config] bert-sep-symbol: "[SEP]"
[2019-07-16 12:18:26] [config] bert-train-type-embeddings: true
[2019-07-16 12:18:26] [config] bert-type-vocab-size: 2
[2019-07-16 12:18:26] [config] best-deep: false
[2019-07-16 12:18:26] [config] clip-gemm: 0
[2019-07-16 12:18:26] [config] clip-norm: 1
[2019-07-16 12:18:26] [config] cost-type: ce-mean
[2019-07-16 12:18:26] [config] cpu-threads: 0
[2019-07-16 12:18:26] [config] data-weighting: ""
[2019-07-16 12:18:26] [config] data-weighting-type: sentence
[2019-07-16 12:18:26] [config] dec-cell: gru
[2019-07-16 12:18:26] [config] dec-cell-base-depth: 2
[2019-07-16 12:18:26] [config] dec-cell-high-depth: 1
[2019-07-16 12:18:26] [config] dec-depth: 1
[2019-07-16 12:18:26] [config] devices:
[2019-07-16 12:18:26] [config]   - 1
[2019-07-16 12:18:26] [config] dim-emb: 512
[2019-07-16 12:18:26] [config] dim-rnn: 1024
[2019-07-16 12:18:26] [config] dim-vocabs:
[2019-07-16 12:18:26] [config]   - 50000
[2019-07-16 12:18:26] [config]   - 50000
[2019-07-16 12:18:26] [config] disp-first: 0
[2019-07-16 12:18:26] [config] disp-freq: 2000
[2019-07-16 12:18:26] [config] disp-label-counts: false
[2019-07-16 12:18:26] [config] dropout-rnn: 0.2
[2019-07-16 12:18:26] [config] dropout-src: 0.1
[2019-07-16 12:18:26] [config] dropout-trg: 0.1
[2019-07-16 12:18:26] [config] dump-config: ""
[2019-07-16 12:18:26] [config] early-stopping: 5
[2019-07-16 12:18:26] [config] embedding-fix-src: false
[2019-07-16 12:18:26] [config] embedding-fix-trg: false
[2019-07-16 12:18:26] [config] embedding-normalization: false
[2019-07-16 12:18:26] [config] embedding-vectors:
[2019-07-16 12:18:26] [config]   []
[2019-07-16 12:18:26] [config] enc-cell: gru
[2019-07-16 12:18:26] [config] enc-cell-depth: 1
[2019-07-16 12:18:26] [config] enc-depth: 1
[2019-07-16 12:18:26] [config] enc-type: bidirectional
[2019-07-16 12:18:26] [config] exponential-smoothing: 0.0001
[2019-07-16 12:18:26] [config] grad-dropping-momentum: 0
[2019-07-16 12:18:26] [config] grad-dropping-rate: 0
[2019-07-16 12:18:26] [config] grad-dropping-warmup: 100
[2019-07-16 12:18:26] [config] guided-alignment: none
[2019-07-16 12:18:26] [config] guided-alignment-cost: mse
[2019-07-16 12:18:26] [config] guided-alignment-weight: 0.1
[2019-07-16 12:18:26] [config] ignore-model-config: false
[2019-07-16 12:18:26] [config] input-types:
[2019-07-16 12:18:26] [config]   []
[2019-07-16 12:18:26] [config] interpolate-env-vars: false
[2019-07-16 12:18:26] [config] keep-best: false
[2019-07-16 12:18:26] [config] label-smoothing: 0
[2019-07-16 12:18:26] [config] layer-normalization: true
[2019-07-16 12:18:26] [config] learn-rate: 0.0001
[2019-07-16 12:18:26] [config] log: ../experiments/10M_random_bic1.1_hardrules/model/train.log
[2019-07-16 12:18:26] [config] log-level: info
[2019-07-16 12:18:26] [config] log-time-zone: ""
[2019-07-16 12:18:26] [config] lr-decay: 0
[2019-07-16 12:18:26] [config] lr-decay-freq: 50000
[2019-07-16 12:18:26] [config] lr-decay-inv-sqrt:
[2019-07-16 12:18:26] [config]   - 0
[2019-07-16 12:18:26] [config] lr-decay-repeat-warmup: false
[2019-07-16 12:18:26] [config] lr-decay-reset-optimizer: false
[2019-07-16 12:18:26] [config] lr-decay-start:
[2019-07-16 12:18:26] [config]   - 10
[2019-07-16 12:18:26] [config]   - 1
[2019-07-16 12:18:26] [config] lr-decay-strategy: epoch+stalled
[2019-07-16 12:18:26] [config] lr-report: false
[2019-07-16 12:18:26] [config] lr-warmup: 0
[2019-07-16 12:18:26] [config] lr-warmup-at-reload: false
[2019-07-16 12:18:26] [config] lr-warmup-cycle: false
[2019-07-16 12:18:26] [config] lr-warmup-start-rate: 0
[2019-07-16 12:18:26] [config] max-length: 50
[2019-07-16 12:18:26] [config] max-length-crop: false
[2019-07-16 12:18:26] [config] max-length-factor: 3
[2019-07-16 12:18:26] [config] maxi-batch: 100
[2019-07-16 12:18:26] [config] maxi-batch-sort: trg
[2019-07-16 12:18:26] [config] mini-batch: 64
[2019-07-16 12:18:26] [config] mini-batch-fit: true
[2019-07-16 12:18:26] [config] mini-batch-fit-step: 10
[2019-07-16 12:18:26] [config] mini-batch-overstuff: 1
[2019-07-16 12:18:26] [config] mini-batch-track-lr: false
[2019-07-16 12:18:26] [config] mini-batch-understuff: 1
[2019-07-16 12:18:26] [config] mini-batch-warmup: 0
[2019-07-16 12:18:26] [config] mini-batch-words: 0
[2019-07-16 12:18:26] [config] mini-batch-words-ref: 0
[2019-07-16 12:18:26] [config] model: ../experiments/10M_random_bic1.1_hardrules/model/model.npz
[2019-07-16 12:18:26] [config] multi-loss-type: sum
[2019-07-16 12:18:26] [config] multi-node: false
[2019-07-16 12:18:26] [config] multi-node-overlap: true
[2019-07-16 12:18:26] [config] n-best: false
[2019-07-16 12:18:26] [config] no-nccl: false
[2019-07-16 12:18:26] [config] no-reload: false
[2019-07-16 12:18:26] [config] no-restore-corpus: false
[2019-07-16 12:18:26] [config] no-shuffle: false
[2019-07-16 12:18:26] [config] normalize: 1
[2019-07-16 12:18:26] [config] num-devices: 0
[2019-07-16 12:18:26] [config] optimizer: adam
[2019-07-16 12:18:26] [config] optimizer-delay: 1
[2019-07-16 12:18:26] [config] optimizer-params:
[2019-07-16 12:18:26] [config]   []
[2019-07-16 12:18:26] [config] overwrite: false
[2019-07-16 12:18:26] [config] pretrained-model: ""
[2019-07-16 12:18:26] [config] quiet: false
[2019-07-16 12:18:26] [config] quiet-translation: true
[2019-07-16 12:18:26] [config] relative-paths: false
[2019-07-16 12:18:26] [config] right-left: false
[2019-07-16 12:18:26] [config] save-freq: 20000
[2019-07-16 12:18:26] [config] seed: 1111
[2019-07-16 12:18:26] [config] shuffle-in-ram: false
[2019-07-16 12:18:26] [config] skip: false
[2019-07-16 12:18:26] [config] sqlite: ""
[2019-07-16 12:18:26] [config] sqlite-drop: false
[2019-07-16 12:18:26] [config] sync-sgd: true
[2019-07-16 12:18:26] [config] tempdir: .
[2019-07-16 12:18:26] [config] tied-embeddings: false
[2019-07-16 12:18:26] [config] tied-embeddings-all: false
[2019-07-16 12:18:26] [config] tied-embeddings-src: false
[2019-07-16 12:18:26] [config] train-sets:
[2019-07-16 12:18:26] [config]   - ../experiments/10M_random_bic1.1_hardrules/data/train.bpe.de
[2019-07-16 12:18:26] [config]   - ../experiments/10M_random_bic1.1_hardrules/data/train.bpe.en
[2019-07-16 12:18:26] [config] transformer-aan-activation: swish
[2019-07-16 12:18:26] [config] transformer-aan-depth: 2
[2019-07-16 12:18:26] [config] transformer-aan-nogate: false
[2019-07-16 12:18:26] [config] transformer-decoder-autoreg: self-attention
[2019-07-16 12:18:26] [config] transformer-dim-aan: 2048
[2019-07-16 12:18:26] [config] transformer-dim-ffn: 2048
[2019-07-16 12:18:26] [config] transformer-dropout: 0
[2019-07-16 12:18:26] [config] transformer-dropout-attention: 0
[2019-07-16 12:18:26] [config] transformer-dropout-ffn: 0
[2019-07-16 12:18:26] [config] transformer-ffn-activation: swish
[2019-07-16 12:18:26] [config] transformer-ffn-depth: 2
[2019-07-16 12:18:26] [config] transformer-guided-alignment-layer: last
[2019-07-16 12:18:26] [config] transformer-heads: 8
[2019-07-16 12:18:26] [config] transformer-no-projection: false
[2019-07-16 12:18:26] [config] transformer-postprocess: dan
[2019-07-16 12:18:26] [config] transformer-postprocess-emb: d
[2019-07-16 12:18:26] [config] transformer-preprocess: ""
[2019-07-16 12:18:26] [config] transformer-tied-layers:
[2019-07-16 12:18:26] [config]   []
[2019-07-16 12:18:26] [config] transformer-train-position-embeddings: false
[2019-07-16 12:18:26] [config] type: amun
[2019-07-16 12:18:26] [config] ulr: false
[2019-07-16 12:18:26] [config] ulr-dim-emb: 0
[2019-07-16 12:18:26] [config] ulr-dropout: 0
[2019-07-16 12:18:26] [config] ulr-keys-vectors: ""
[2019-07-16 12:18:26] [config] ulr-query-vectors: ""
[2019-07-16 12:18:26] [config] ulr-softmax-temperature: 1
[2019-07-16 12:18:26] [config] ulr-trainable-transformation: false
[2019-07-16 12:18:26] [config] valid-freq: 20000
[2019-07-16 12:18:26] [config] valid-log: ../experiments/10M_random_bic1.1_hardrules/model/valid.log
[2019-07-16 12:18:26] [config] valid-max-length: 1000
[2019-07-16 12:18:26] [config] valid-metrics:
[2019-07-16 12:18:26] [config]   - cross-entropy
[2019-07-16 12:18:26] [config]   - perplexity
[2019-07-16 12:18:26] [config]   - translation
[2019-07-16 12:18:26] [config] valid-mini-batch: 8
[2019-07-16 12:18:26] [config] valid-script-path: ../experiments/10M_random_bic1.1_hardrules/score-dev.sh
[2019-07-16 12:18:26] [config] valid-sets:
[2019-07-16 12:18:26] [config]   - ../experiments/10M_random_bic1.1_hardrules/data/dev.bpe.de
[2019-07-16 12:18:26] [config]   - ../experiments/10M_random_bic1.1_hardrules/data/dev.bpe.en
[2019-07-16 12:18:26] [config] valid-translation-output: ../experiments/10M_random_bic1.1_hardrules/model/dev.out
[2019-07-16 12:18:26] [config] vocabs:
[2019-07-16 12:18:26] [config]   - ../experiments/10M_random_bic1.1_hardrules/data/train.bpe.de.json
[2019-07-16 12:18:26] [config]   - ../experiments/10M_random_bic1.1_hardrules/data/train.bpe.en.json
[2019-07-16 12:18:26] [config] word-penalty: 0
[2019-07-16 12:18:26] [config] workspace: 5000
[2019-07-16 12:18:26] [config] Model is being created with Marian v1.7.8 ec2d66e 2019-05-27 14:52:11 +0100
[2019-07-16 12:18:26] Using synchronous training
[2019-07-16 12:18:26] [data] Loading vocabulary from JSON/Yaml file ../experiments/10M_random_bic1.1_hardrules/data/train.bpe.de.json
[2019-07-16 12:18:26] [data] Using unused word id eos for 0
[2019-07-16 12:18:26] [data] Using unused word id UNK for 1
[2019-07-16 12:18:26] [data] Setting vocabulary size for input 0 to 50000
[2019-07-16 12:18:26] [data] Loading vocabulary from JSON/Yaml file ../experiments/10M_random_bic1.1_hardrules/data/train.bpe.en.json
[2019-07-16 12:18:26] [data] Using unused word id eos for 0
[2019-07-16 12:18:26] [data] Using unused word id UNK for 1
[2019-07-16 12:18:26] [data] Setting vocabulary size for input 1 to 50000
[2019-07-16 12:18:26] Compiled without MPI support. Falling back to FakeMPIWrapper
[2019-07-16 12:18:26] [batching] Collecting statistics for batch fitting with step size 10
[2019-07-16 12:18:27] [memory] Extending reserved space to 5120 MB (device gpu1)
[2019-07-16 12:18:27] [comm] Using NCCL 2.4.2 for GPU communication
[2019-07-16 12:18:27] [comm] NCCLCommunicator constructed successfully.
[2019-07-16 12:18:27] [training] Using 1 GPUs
[2019-07-16 12:18:27] [memory] Reserving 422 MB, device gpu1
[2019-07-16 12:18:27] [gpu] 16-bit TensorCores enabled for float32 matrix operations
[2019-07-16 12:18:27] [memory] Reserving 422 MB, device gpu1
[2019-07-16 12:18:36] [batching] Done. Typical MB size is 6880 target words
[2019-07-16 12:18:36] [memory] Extending reserved space to 5120 MB (device gpu1)
[2019-07-16 12:18:36] [comm] Using NCCL 2.4.2 for GPU communication
[2019-07-16 12:18:36] [comm] NCCLCommunicator constructed successfully.
[2019-07-16 12:18:36] [training] Using 1 GPUs
[2019-07-16 12:18:36] Training started
[2019-07-16 12:18:36] [data] Shuffling data
[2019-07-16 12:18:37] [data] Done reading 650186 sentences
[2019-07-16 12:18:39] [data] Done shuffling 650186 sentences to temp files
[2019-07-16 12:18:41] [training] Batches are processed as 1 process(es) x 1 devices/process
[2019-07-16 12:18:41] [memory] Reserving 422 MB, device gpu1
[2019-07-16 12:18:41] [memory] Reserving 422 MB, device gpu1
[2019-07-16 12:18:41] [memory] Reserving 422 MB, device gpu1
[2019-07-16 12:18:41] [memory] Reserving 844 MB, device gpu1
[2019-07-16 12:31:24] Ep. 1 : Up. 2000 : Sen. 329,184 : Cost 129.43803406 : Time 778.11s : 7950.97 words/s
[2019-07-16 12:41:27] Seen 587316 samples
[2019-07-16 12:41:27] Starting epoch 2
[2019-07-16 12:41:27] [data] Shuffling data
[2019-07-16 12:41:27] [data] Done reading 650186 sentences
[2019-07-16 12:41:29] [data] Done shuffling 650186 sentences to temp files
[2019-07-16 12:44:15] Ep. 2 : Up. 4000 : Sen. 69,570 : Cost 111.01811981 : Time 770.71s : 8007.65 words/s
[2019-07-16 12:57:02] Ep. 2 : Up. 6000 : Sen. 398,916 : Cost 101.32215881 : Time 766.38s : 8090.73 words/s
[2019-07-16 13:04:20] Seen 587316 samples
[2019-07-16 13:04:20] Starting epoch 3
[2019-07-16 13:04:20] [data] Shuffling data
[2019-07-16 13:04:20] [data] Done reading 650186 sentences
[2019-07-16 13:04:23] [data] Done shuffling 650186 sentences to temp files
[2019-07-16 13:09:55] Ep. 3 : Up. 8000 : Sen. 142,284 : Cost 94.84978485 : Time 773.72s : 8028.08 words/s
[2019-07-16 13:22:45] Ep. 3 : Up. 10000 : Sen. 472,324 : Cost 90.17461395 : Time 769.59s : 8066.81 words/s
[2019-07-16 13:27:13] Seen 587316 samples
[2019-07-16 13:27:13] Starting epoch 4
[2019-07-16 13:27:13] [data] Shuffling data
[2019-07-16 13:27:14] [data] Done reading 650186 sentences
[2019-07-16 13:27:16] [data] Done shuffling 650186 sentences to temp files
[2019-07-16 13:35:40] Ep. 4 : Up. 12000 : Sen. 214,937 : Cost 86.03011322 : Time 774.80s : 8012.80 words/s
[2019-07-16 13:48:31] Ep. 4 : Up. 14000 : Sen. 546,077 : Cost 83.32276917 : Time 771.09s : 8075.29 words/s
[2019-07-16 13:50:07] Seen 587316 samples
[2019-07-16 13:50:07] Starting epoch 5
[2019-07-16 13:50:07] [data] Shuffling data
[2019-07-16 13:50:08] [data] Done reading 650186 sentences
[2019-07-16 13:50:10] [data] Done shuffling 650186 sentences to temp files
[2019-07-16 14:01:22] Ep. 5 : Up. 16000 : Sen. 287,738 : Cost 79.98930359 : Time 770.83s : 8021.09 words/s
[2019-07-16 14:13:02] Seen 587316 samples
[2019-07-16 14:13:02] Starting epoch 6
[2019-07-16 14:13:02] [data] Shuffling data
[2019-07-16 14:13:02] [data] Done reading 650186 sentences
[2019-07-16 14:13:05] [data] Done shuffling 650186 sentences to temp files
[2019-07-16 14:14:16] Ep. 6 : Up. 18000 : Sen. 29,198 : Cost 78.61579895 : Time 774.47s : 7995.71 words/s
[2019-07-16 14:27:04] Ep. 6 : Up. 20000 : Sen. 359,382 : Cost 75.79389191 : Time 767.62s : 8074.67 words/s
[2019-07-16 14:27:04] Saving model to ../experiments/10M_random_bic1.1_hardrules/model/model.npz.orig.npz
[2019-07-16 14:27:13] Saving model to ../experiments/10M_random_bic1.1_hardrules/model/model.iter20000.npz
[2019-07-16 14:27:20] Saving model to ../experiments/10M_random_bic1.1_hardrules/model/model.npz
[2019-07-16 14:27:30] Saving Adam parameters to ../experiments/10M_random_bic1.1_hardrules/model/model.npz.optimizer.npz
[2019-07-16 14:27:57] [valid] Ep. 6 : Up. 20000 : cross-entropy : 90.7488 : new best
[2019-07-16 14:28:05] [valid] Ep. 6 : Up. 20000 : perplexity : 35.1357 : new best
[2019-07-16 14:29:29] [valid] Ep. 6 : Up. 20000 : translation : 8.28 : new best
[2019-07-16 14:38:25] Seen 587316 samples
[2019-07-16 14:38:25] Starting epoch 7
[2019-07-16 14:38:25] [data] Shuffling data
[2019-07-16 14:38:26] [data] Done reading 650186 sentences
[2019-07-16 14:38:28] [data] Done shuffling 650186 sentences to temp files
[2019-07-16 14:42:29] Ep. 7 : Up. 22000 : Sen. 102,094 : Cost 74.53698730 : Time 924.98s : 6717.57 words/s
[2019-07-16 14:55:17] Ep. 7 : Up. 24000 : Sen. 431,033 : Cost 72.82760620 : Time 768.12s : 8057.75 words/s
[2019-07-16 15:01:22] Seen 587316 samples
[2019-07-16 15:01:22] Starting epoch 8
[2019-07-16 15:01:22] [data] Shuffling data
[2019-07-16 15:01:22] [data] Done reading 650186 sentences
[2019-07-16 15:01:24] [data] Done shuffling 650186 sentences to temp files
[2019-07-16 15:08:08] Ep. 8 : Up. 26000 : Sen. 172,668 : Cost 71.31349182 : Time 771.69s : 8007.79 words/s
[2019-07-16 15:21:01] Ep. 8 : Up. 28000 : Sen. 503,763 : Cost 70.38959503 : Time 772.12s : 8060.00 words/s
[2019-07-16 15:24:17] Seen 587316 samples
[2019-07-16 15:24:17] Starting epoch 9
[2019-07-16 15:24:17] [data] Shuffling data
[2019-07-16 15:24:18] [data] Done reading 650186 sentences
[2019-07-16 15:24:20] [data] Done shuffling 650186 sentences to temp files
[2019-07-16 15:33:55] Ep. 9 : Up. 30000 : Sen. 245,583 : Cost 68.84216309 : Time 774.91s : 7997.28 words/s
[2019-07-16 15:46:41] Ep. 9 : Up. 32000 : Sen. 573,077 : Cost 68.54864502 : Time 765.19s : 8049.84 words/s
[2019-07-16 15:47:14] Seen 587316 samples
[2019-07-16 15:47:14] Starting epoch 10
[2019-07-16 15:47:14] [data] Shuffling data
[2019-07-16 15:47:14] [data] Done reading 650186 sentences
[2019-07-16 15:47:17] [data] Done shuffling 650186 sentences to temp files
[2019-07-16 15:59:36] Ep. 10 : Up. 34000 : Sen. 315,585 : Cost 66.35699463 : Time 775.26s : 7996.13 words/s
[2019-07-16 16:10:11] Seen 587316 samples
[2019-07-16 16:10:11] Starting epoch 11
[2019-07-16 16:10:11] [data] Shuffling data
[2019-07-16 16:10:11] [data] Done reading 650186 sentences
[2019-07-16 16:10:13] [data] Done shuffling 650186 sentences to temp files
[2019-07-16 16:12:31] Ep. 11 : Up. 36000 : Sen. 57,732 : Cost 66.35771179 : Time 775.08s : 8001.35 words/s
[2019-07-16 16:25:18] Ep. 11 : Up. 38000 : Sen. 387,254 : Cost 64.71424103 : Time 766.72s : 8073.05 words/s
[2019-07-16 16:33:06] Seen 587316 samples
[2019-07-16 16:33:06] Starting epoch 12
[2019-07-16 16:33:06] [data] Shuffling data
[2019-07-16 16:33:06] [data] Done reading 650186 sentences
[2019-07-16 16:33:08] [data] Done shuffling 650186 sentences to temp files
[2019-07-16 16:38:10] Ep. 12 : Up. 40000 : Sen. 128,306 : Cost 64.11341858 : Time 771.79s : 8003.75 words/s
[2019-07-16 16:38:10] Saving model to ../experiments/10M_random_bic1.1_hardrules/model/model.npz.orig.npz
[2019-07-16 16:38:19] Saving model to ../experiments/10M_random_bic1.1_hardrules/model/model.iter40000.npz
[2019-07-16 16:38:26] Saving model to ../experiments/10M_random_bic1.1_hardrules/model/model.npz
[2019-07-16 16:38:35] Saving Adam parameters to ../experiments/10M_random_bic1.1_hardrules/model/model.npz.optimizer.npz
[2019-07-16 16:39:02] [valid] Ep. 12 : Up. 40000 : cross-entropy : 77.2701 : new best
[2019-07-16 16:39:10] [valid] Ep. 12 : Up. 40000 : perplexity : 20.7092 : new best
[2019-07-16 16:40:29] [valid] Ep. 12 : Up. 40000 : translation : 13.44 : new best
[2019-07-16 16:53:19] Ep. 12 : Up. 42000 : Sen. 457,578 : Cost 63.49948883 : Time 909.29s : 6809.23 words/s
[2019-07-16 16:58:22] Seen 587316 samples
[2019-07-16 16:58:22] Starting epoch 13
[2019-07-16 16:58:22] [data] Shuffling data
[2019-07-16 16:58:23] [data] Done reading 650186 sentences
[2019-07-16 16:58:25] [data] Done shuffling 650186 sentences to temp files
[2019-07-16 17:06:12] Ep. 13 : Up. 44000 : Sen. 199,190 : Cost 62.70685959 : Time 772.82s : 8020.73 words/s
[2019-07-16 17:19:00] Ep. 13 : Up. 46000 : Sen. 530,762 : Cost 62.04114914 : Time 768.49s : 8102.83 words/s
[2019-07-16 17:21:14] Seen 587316 samples
[2019-07-16 17:21:14] Starting epoch 14
[2019-07-16 17:21:14] [data] Shuffling data
[2019-07-16 17:21:14] [data] Done reading 650186 sentences
[2019-07-16 17:21:16] [data] Done shuffling 650186 sentences to temp files
[2019-07-16 17:31:55] Ep. 14 : Up. 48000 : Sen. 273,512 : Cost 60.86413193 : Time 774.57s : 8016.02 words/s
[2019-07-16 17:44:08] Seen 587316 samples
[2019-07-16 17:44:08] Starting epoch 15
[2019-07-16 17:44:08] [data] Shuffling data
[2019-07-16 17:44:08] [data] Done reading 650186 sentences
[2019-07-16 17:44:10] [data] Done shuffling 650186 sentences to temp files
[2019-07-16 17:44:45] Ep. 15 : Up. 50000 : Sen. 13,972 : Cost 61.06790543 : Time 770.15s : 8005.97 words/s
[2019-07-16 17:57:34] Ep. 15 : Up. 52000 : Sen. 342,906 : Cost 59.37337112 : Time 768.98s : 8057.50 words/s
[2019-07-16 18:07:02] Seen 587316 samples
[2019-07-16 18:07:02] Starting epoch 16
[2019-07-16 18:07:02] [data] Shuffling data
[2019-07-16 18:07:02] [data] Done reading 650186 sentences
[2019-07-16 18:07:04] [data] Done shuffling 650186 sentences to temp files
[2019-07-16 18:10:28] Ep. 16 : Up. 54000 : Sen. 86,854 : Cost 59.27724075 : Time 773.88s : 8043.51 words/s
[2019-07-16 18:23:13] Ep. 16 : Up. 56000 : Sen. 416,536 : Cost 58.38880920 : Time 764.96s : 8104.78 words/s
[2019-07-16 18:29:49] Seen 587316 samples
[2019-07-16 18:29:49] Starting epoch 17
[2019-07-16 18:29:49] [data] Shuffling data
[2019-07-16 18:29:49] [data] Done reading 650186 sentences
[2019-07-16 18:29:51] [data] Done shuffling 650186 sentences to temp files
[2019-07-16 18:36:05] Ep. 17 : Up. 58000 : Sen. 159,736 : Cost 57.89597321 : Time 772.02s : 8051.58 words/s
[2019-07-16 18:48:51] Ep. 17 : Up. 60000 : Sen. 490,078 : Cost 57.35184860 : Time 766.22s : 8102.18 words/s
[2019-07-16 18:48:51] Saving model to ../experiments/10M_random_bic1.1_hardrules/model/model.npz.orig.npz
[2019-07-16 18:49:00] Saving model to ../experiments/10M_random_bic1.1_hardrules/model/model.iter60000.npz
[2019-07-16 18:49:07] Saving model to ../experiments/10M_random_bic1.1_hardrules/model/model.npz
[2019-07-16 18:49:16] Saving Adam parameters to ../experiments/10M_random_bic1.1_hardrules/model/model.npz.optimizer.npz
[2019-07-16 18:49:41] [valid] Ep. 17 : Up. 60000 : cross-entropy : 73.6993 : new best
[2019-07-16 18:49:50] [valid] Ep. 17 : Up. 60000 : perplexity : 18.0028 : new best
[2019-07-16 18:51:03] [valid] Ep. 17 : Up. 60000 : translation : 15.24 : new best
[2019-07-16 18:54:52] Seen 587316 samples
[2019-07-16 18:54:52] Starting epoch 18
[2019-07-16 18:54:52] [data] Shuffling data
[2019-07-16 18:54:53] [data] Done reading 650186 sentences
[2019-07-16 18:54:55] [data] Done shuffling 650186 sentences to temp files
[2019-07-16 19:03:55] Ep. 18 : Up. 62000 : Sen. 232,133 : Cost 56.52710724 : Time 904.46s : 6849.39 words/s
[2019-07-16 19:16:41] Ep. 18 : Up. 64000 : Sen. 561,207 : Cost 56.74504852 : Time 765.47s : 8090.09 words/s
[2019-07-16 19:17:43] Seen 587316 samples
[2019-07-16 19:17:43] Starting epoch 19
[2019-07-16 19:17:43] [data] Shuffling data
[2019-07-16 19:17:43] [data] Done reading 650186 sentences
[2019-07-16 19:17:45] [data] Done shuffling 650186 sentences to temp files
[2019-07-16 19:29:34] Ep. 19 : Up. 66000 : Sen. 304,114 : Cost 55.20011139 : Time 773.19s : 8037.41 words/s
[2019-07-16 19:40:33] Seen 587316 samples
[2019-07-16 19:40:33] Starting epoch 20
[2019-07-16 19:40:33] [data] Shuffling data
[2019-07-16 19:40:33] [data] Done reading 650186 sentences
[2019-07-16 19:40:35] [data] Done shuffling 650186 sentences to temp files
[2019-07-16 19:42:29] Ep. 20 : Up. 68000 : Sen. 47,991 : Cost 55.60683823 : Time 774.48s : 8032.03 words/s
[2019-07-16 19:55:17] Ep. 20 : Up. 70000 : Sen. 377,996 : Cost 54.66493988 : Time 768.75s : 8083.59 words/s
[2019-07-16 20:03:26] Seen 587316 samples
[2019-07-16 20:03:26] Starting epoch 21
[2019-07-16 20:03:26] [data] Shuffling data
[2019-07-16 20:03:27] [data] Done reading 650186 sentences
[2019-07-16 20:03:29] [data] Done shuffling 650186 sentences to temp files
[2019-07-16 20:08:11] Ep. 21 : Up. 72000 : Sen. 120,232 : Cost 54.42927933 : Time 773.50s : 8009.32 words/s
[2019-07-16 20:20:57] Ep. 21 : Up. 74000 : Sen. 449,901 : Cost 53.86730957 : Time 765.96s : 8097.53 words/s
[2019-07-16 20:26:18] Seen 587316 samples
[2019-07-16 20:26:18] Starting epoch 22
[2019-07-16 20:26:18] [data] Shuffling data
[2019-07-16 20:26:19] [data] Done reading 650186 sentences
[2019-07-16 20:26:21] [data] Done shuffling 650186 sentences to temp files
[2019-07-16 20:33:47] Ep. 22 : Up. 76000 : Sen. 190,808 : Cost 53.24677277 : Time 770.75s : 8009.86 words/s
[2019-07-16 20:46:38] Ep. 22 : Up. 78000 : Sen. 521,594 : Cost 53.24229050 : Time 770.74s : 8064.10 words/s
[2019-07-16 20:49:12] Seen 587316 samples
[2019-07-16 20:49:12] Starting epoch 23
[2019-07-16 20:49:12] [data] Shuffling data
[2019-07-16 20:49:12] [data] Done reading 650186 sentences
[2019-07-16 20:49:14] [data] Done shuffling 650186 sentences to temp files
[2019-07-16 20:59:28] Ep. 23 : Up. 80000 : Sen. 262,532 : Cost 52.12407303 : Time 769.30s : 8026.84 words/s
[2019-07-16 20:59:28] Saving model to ../experiments/10M_random_bic1.1_hardrules/model/model.npz.orig.npz
[2019-07-16 20:59:36] Saving model to ../experiments/10M_random_bic1.1_hardrules/model/model.iter80000.npz
[2019-07-16 20:59:43] Saving model to ../experiments/10M_random_bic1.1_hardrules/model/model.npz
[2019-07-16 20:59:51] Saving Adam parameters to ../experiments/10M_random_bic1.1_hardrules/model/model.npz.optimizer.npz
[2019-07-16 21:00:17] [valid] Ep. 23 : Up. 80000 : cross-entropy : 72.9809 : new best
[2019-07-16 21:00:25] [valid] Ep. 23 : Up. 80000 : perplexity : 17.5027 : new best
[2019-07-16 21:01:38] [valid] Ep. 23 : Up. 80000 : translation : 15.71 : new best
[2019-07-16 21:14:17] Seen 587316 samples
[2019-07-16 21:14:17] Starting epoch 24
[2019-07-16 21:14:17] [data] Shuffling data
[2019-07-16 21:14:17] [data] Done reading 650186 sentences
[2019-07-16 21:14:20] [data] Done shuffling 650186 sentences to temp files
[2019-07-16 21:14:32] Ep. 24 : Up. 82000 : Sen. 4,106 : Cost 52.70031357 : Time 904.28s : 6846.29 words/s
[2019-07-16 21:27:15] Ep. 24 : Up. 84000 : Sen. 331,702 : Cost 51.07515335 : Time 763.36s : 8069.80 words/s
[2019-07-16 21:37:10] Seen 587316 samples
[2019-07-16 21:37:10] Starting epoch 25
[2019-07-16 21:37:10] [data] Shuffling data
[2019-07-16 21:37:11] [data] Done reading 650186 sentences
[2019-07-16 21:37:13] [data] Done shuffling 650186 sentences to temp files
[2019-07-16 21:40:13] Ep. 25 : Up. 86000 : Sen. 76,320 : Cost 51.56219101 : Time 778.17s : 8025.15 words/s
[2019-07-16 21:53:00] Ep. 25 : Up. 88000 : Sen. 405,826 : Cost 50.67082214 : Time 766.51s : 8075.83 words/s
[2019-07-16 22:00:03] Seen 587316 samples
[2019-07-16 22:00:03] Starting epoch 26
[2019-07-16 22:00:03] [data] Shuffling data
[2019-07-16 22:00:03] [data] Done reading 650186 sentences
[2019-07-16 22:00:05] [data] Done shuffling 650186 sentences to temp files
[2019-07-16 22:05:52] Ep. 26 : Up. 90000 : Sen. 148,205 : Cost 50.51365662 : Time 772.23s : 8025.52 words/s
[2019-07-16 22:18:41] Ep. 26 : Up. 92000 : Sen. 478,187 : Cost 50.39758301 : Time 768.71s : 8078.58 words/s
[2019-07-16 22:22:56] Seen 587316 samples
[2019-07-16 22:22:56] Starting epoch 27
[2019-07-16 22:22:56] [data] Shuffling data
[2019-07-16 22:22:57] [data] Done reading 650186 sentences
[2019-07-16 22:22:59] [data] Done shuffling 650186 sentences to temp files
[2019-07-16 22:31:34] Ep. 27 : Up. 94000 : Sen. 219,979 : Cost 49.83432770 : Time 772.82s : 8018.41 words/s
[2019-07-16 22:44:22] Ep. 27 : Up. 96000 : Sen. 550,170 : Cost 49.92663574 : Time 768.68s : 8082.54 words/s
[2019-07-16 22:45:49] Seen 587316 samples
[2019-07-16 22:45:49] Starting epoch 28
[2019-07-16 22:45:49] [data] Shuffling data
[2019-07-16 22:45:50] [data] Done reading 650186 sentences
[2019-07-16 22:45:52] [data] Done shuffling 650186 sentences to temp files
[2019-07-16 22:57:20] Ep. 28 : Up. 98000 : Sen. 293,162 : Cost 48.55439377 : Time 777.42s : 7981.55 words/s
[2019-07-16 23:08:45] Seen 587316 samples
[2019-07-16 23:08:45] Starting epoch 29
[2019-07-16 23:08:45] [data] Shuffling data
[2019-07-16 23:08:46] [data] Done reading 650186 sentences
[2019-07-16 23:08:48] [data] Done shuffling 650186 sentences to temp files
[2019-07-16 23:10:13] Ep. 29 : Up. 100000 : Sen. 35,004 : Cost 49.36095047 : Time 772.84s : 8023.02 words/s
[2019-07-16 23:10:13] Saving model to ../experiments/10M_random_bic1.1_hardrules/model/model.npz.orig.npz
[2019-07-16 23:10:22] Saving model to ../experiments/10M_random_bic1.1_hardrules/model/model.iter100000.npz
[2019-07-16 23:10:29] Saving model to ../experiments/10M_random_bic1.1_hardrules/model/model.npz
[2019-07-16 23:10:38] Saving Adam parameters to ../experiments/10M_random_bic1.1_hardrules/model/model.npz.optimizer.npz
[2019-07-16 23:11:03] [valid] Ep. 29 : Up. 100000 : cross-entropy : 73.4783 : stalled 1 times (last best: 72.9809)
[2019-07-16 23:11:12] [valid] Ep. 29 : Up. 100000 : perplexity : 17.8474 : stalled 1 times (last best: 17.5027)
[2019-07-16 23:12:25] [valid] Ep. 29 : Up. 100000 : translation : 15.75 : new best
[2019-07-16 23:25:14] Ep. 29 : Up. 102000 : Sen. 365,412 : Cost 48.05051422 : Time 901.54s : 6881.72 words/s
[2019-07-16 23:33:51] Seen 587316 samples
[2019-07-16 23:33:51] Starting epoch 30
[2019-07-16 23:33:51] [data] Shuffling data
[2019-07-16 23:33:52] [data] Done reading 650186 sentences
[2019-07-16 23:33:54] [data] Done shuffling 650186 sentences to temp files
[2019-07-16 23:38:10] Ep. 30 : Up. 104000 : Sen. 108,277 : Cost 48.26900864 : Time 775.68s : 8024.12 words/s
[2019-07-16 23:50:59] Ep. 30 : Up. 106000 : Sen. 439,805 : Cost 47.75842285 : Time 769.43s : 8088.36 words/s
[2019-07-16 23:56:43] Seen 587316 samples
[2019-07-16 23:56:43] Starting epoch 31
[2019-07-16 23:56:43] [data] Shuffling data
[2019-07-16 23:56:44] [data] Done reading 650186 sentences
[2019-07-16 23:56:46] [data] Done shuffling 650186 sentences to temp files
[2019-07-17 00:03:49] Ep. 31 : Up. 108000 : Sen. 180,818 : Cost 47.51209641 : Time 769.82s : 8025.96 words/s
[2019-07-17 00:16:37] Ep. 31 : Up. 110000 : Sen. 510,893 : Cost 47.45232010 : Time 768.36s : 8080.64 words/s
[2019-07-17 00:19:36] Seen 587316 samples
[2019-07-17 00:19:36] Starting epoch 32
[2019-07-17 00:19:36] [data] Shuffling data
[2019-07-17 00:19:36] [data] Done reading 650186 sentences
[2019-07-17 00:19:38] [data] Done shuffling 650186 sentences to temp files
[2019-07-17 00:29:29] Ep. 32 : Up. 112000 : Sen. 252,766 : Cost 46.77066803 : Time 772.03s : 8024.28 words/s
[2019-07-17 00:42:16] Ep. 32 : Up. 114000 : Sen. 582,038 : Cost 47.23237991 : Time 766.21s : 8079.15 words/s
[2019-07-17 00:42:28] Seen 587316 samples
[2019-07-17 00:42:28] Starting epoch 33
[2019-07-17 00:42:28] [data] Shuffling data
[2019-07-17 00:42:28] [data] Done reading 650186 sentences
[2019-07-17 00:42:30] [data] Done shuffling 650186 sentences to temp files
[2019-07-17 00:55:10] Ep. 33 : Up. 116000 : Sen. 324,068 : Cost 46.01560211 : Time 774.49s : 8014.40 words/s
[2019-07-17 01:05:21] Seen 587316 samples
[2019-07-17 01:05:21] Starting epoch 34
[2019-07-17 01:05:21] [data] Shuffling data
[2019-07-17 01:05:22] [data] Done reading 650186 sentences
[2019-07-17 01:05:24] [data] Done shuffling 650186 sentences to temp files
[2019-07-17 01:08:02] Ep. 34 : Up. 118000 : Sen. 66,907 : Cost 46.00427246 : Time 772.20s : 8024.62 words/s
[2019-07-17 01:20:49] Ep. 34 : Up. 120000 : Sen. 396,131 : Cost 45.73202133 : Time 766.52s : 8082.83 words/s
[2019-07-17 01:20:49] Saving model to ../experiments/10M_random_bic1.1_hardrules/model/model.npz.orig.npz
[2019-07-17 01:20:57] Saving model to ../experiments/10M_random_bic1.1_hardrules/model/model.iter120000.npz
[2019-07-17 01:21:04] Saving model to ../experiments/10M_random_bic1.1_hardrules/model/model.npz
[2019-07-17 01:21:13] Saving Adam parameters to ../experiments/10M_random_bic1.1_hardrules/model/model.npz.optimizer.npz
[2019-07-17 01:21:39] [valid] Ep. 34 : Up. 120000 : cross-entropy : 74.6204 : stalled 2 times (last best: 72.9809)
[2019-07-17 01:21:47] [valid] Ep. 34 : Up. 120000 : perplexity : 18.6651 : stalled 2 times (last best: 17.5027)
[2019-07-17 01:23:00] [valid] Ep. 34 : Up. 120000 : translation : 15.4 : stalled 1 times (last best: 15.75)
[2019-07-17 01:30:26] Seen 587316 samples
[2019-07-17 01:30:26] Starting epoch 35
[2019-07-17 01:30:26] [data] Shuffling data
[2019-07-17 01:30:26] [data] Done reading 650186 sentences
[2019-07-17 01:30:28] [data] Done shuffling 650186 sentences to temp files
[2019-07-17 01:35:55] Ep. 35 : Up. 122000 : Sen. 139,622 : Cost 45.63571930 : Time 906.20s : 6859.08 words/s
[2019-07-17 01:48:40] Ep. 35 : Up. 124000 : Sen. 468,455 : Cost 45.56903839 : Time 764.55s : 8087.34 words/s
[2019-07-17 01:53:18] Seen 587316 samples
[2019-07-17 01:53:18] Starting epoch 36
[2019-07-17 01:53:18] [data] Shuffling data
[2019-07-17 01:53:18] [data] Done reading 650186 sentences
[2019-07-17 01:53:20] [data] Done shuffling 650186 sentences to temp files
[2019-07-17 02:01:34] Ep. 36 : Up. 126000 : Sen. 210,838 : Cost 45.05514908 : Time 774.22s : 8008.08 words/s
[2019-07-17 02:14:22] Ep. 36 : Up. 128000 : Sen. 539,339 : Cost 45.04876328 : Time 767.81s : 8053.32 words/s
[2019-07-17 02:16:13] Seen 587316 samples
[2019-07-17 02:16:13] Starting epoch 37
[2019-07-17 02:16:13] [data] Shuffling data
[2019-07-17 02:16:13] [data] Done reading 650186 sentences
[2019-07-17 02:16:15] [data] Done shuffling 650186 sentences to temp files
[2019-07-17 02:27:14] Ep. 37 : Up. 130000 : Sen. 281,962 : Cost 44.02003860 : Time 772.55s : 8027.40 words/s
[2019-07-17 02:39:07] Seen 587316 samples
[2019-07-17 02:39:07] Starting epoch 38
[2019-07-17 02:39:07] [data] Shuffling data
[2019-07-17 02:39:07] [data] Done reading 650186 sentences
[2019-07-17 02:39:09] [data] Done shuffling 650186 sentences to temp files
[2019-07-17 02:40:10] Ep. 38 : Up. 132000 : Sen. 24,593 : Cost 44.66059113 : Time 775.84s : 7996.96 words/s
[2019-07-17 02:52:58] Ep. 38 : Up. 134000 : Sen. 354,658 : Cost 43.57679367 : Time 767.56s : 8081.24 words/s
[2019-07-17 03:02:00] Seen 587316 samples
[2019-07-17 03:02:00] Starting epoch 39
[2019-07-17 03:02:00] [data] Shuffling data
[2019-07-17 03:02:00] [data] Done reading 650186 sentences
[2019-07-17 03:02:02] [data] Done shuffling 650186 sentences to temp files
[2019-07-17 03:05:52] Ep. 39 : Up. 136000 : Sen. 97,671 : Cost 44.13238144 : Time 774.83s : 8036.40 words/s
[2019-07-17 03:18:42] Ep. 39 : Up. 138000 : Sen. 428,174 : Cost 43.57218933 : Time 769.99s : 8060.62 words/s
[2019-07-17 03:24:54] Seen 587316 samples
[2019-07-17 03:24:54] Starting epoch 40
[2019-07-17 03:24:54] [data] Shuffling data
[2019-07-17 03:24:55] [data] Done reading 650186 sentences
[2019-07-17 03:24:57] [data] Done shuffling 650186 sentences to temp files
[2019-07-17 03:31:38] Ep. 40 : Up. 140000 : Sen. 169,994 : Cost 43.39492035 : Time 775.24s : 7996.52 words/s
[2019-07-17 03:31:38] Saving model to ../experiments/10M_random_bic1.1_hardrules/model/model.npz.orig.npz
[2019-07-17 03:31:46] Saving model to ../experiments/10M_random_bic1.1_hardrules/model/model.iter140000.npz
[2019-07-17 03:31:53] Saving model to ../experiments/10M_random_bic1.1_hardrules/model/model.npz
[2019-07-17 03:32:02] Saving Adam parameters to ../experiments/10M_random_bic1.1_hardrules/model/model.npz.optimizer.npz
[2019-07-17 03:32:27] [valid] Ep. 40 : Up. 140000 : cross-entropy : 76.011 : stalled 3 times (last best: 72.9809)
[2019-07-17 03:32:36] [valid] Ep. 40 : Up. 140000 : perplexity : 19.7113 : stalled 3 times (last best: 17.5027)
[2019-07-17 03:33:50] [valid] Ep. 40 : Up. 140000 : translation : 14.93 : stalled 2 times (last best: 15.75)
[2019-07-17 03:46:38] Ep. 40 : Up. 142000 : Sen. 498,936 : Cost 43.45036697 : Time 899.99s : 6863.09 words/s
[2019-07-17 03:50:04] Seen 587316 samples
[2019-07-17 03:50:04] Starting epoch 41
[2019-07-17 03:50:04] [data] Shuffling data
[2019-07-17 03:50:05] [data] Done reading 650186 sentences
[2019-07-17 03:50:07] [data] Done shuffling 650186 sentences to temp files
[2019-07-17 03:59:34] Ep. 41 : Up. 144000 : Sen. 242,706 : Cost 42.70726776 : Time 776.20s : 8031.64 words/s
[2019-07-17 04:12:20] Ep. 41 : Up. 146000 : Sen. 571,179 : Cost 43.39075851 : Time 766.37s : 8067.55 words/s
[2019-07-17 04:12:58] Seen 587316 samples
[2019-07-17 04:12:58] Starting epoch 42
[2019-07-17 04:12:58] [data] Shuffling data
[2019-07-17 04:12:58] [data] Done reading 650186 sentences
[2019-07-17 04:13:00] [data] Done shuffling 650186 sentences to temp files
[2019-07-17 04:25:14] Ep. 42 : Up. 148000 : Sen. 314,212 : Cost 41.88205338 : Time 773.69s : 8025.93 words/s
[2019-07-17 04:35:50] Seen 587316 samples
[2019-07-17 04:35:50] Starting epoch 43
[2019-07-17 04:35:50] [data] Shuffling data
[2019-07-17 04:35:50] [data] Done reading 650186 sentences
[2019-07-17 04:35:52] [data] Done shuffling 650186 sentences to temp files
[2019-07-17 04:38:05] Ep. 43 : Up. 150000 : Sen. 56,042 : Cost 42.86770248 : Time 771.23s : 8022.59 words/s
[2019-07-17 04:50:55] Ep. 43 : Up. 152000 : Sen. 386,837 : Cost 41.87339783 : Time 769.80s : 8080.93 words/s
[2019-07-17 04:58:43] Seen 587316 samples
[2019-07-17 04:58:43] Starting epoch 44
[2019-07-17 04:58:43] [data] Shuffling data
[2019-07-17 04:58:43] [data] Done reading 650186 sentences
[2019-07-17 04:58:45] [data] Done shuffling 650186 sentences to temp files
[2019-07-17 05:03:50] Ep. 44 : Up. 154000 : Sen. 130,116 : Cost 41.81433487 : Time 774.83s : 8019.12 words/s
[2019-07-17 05:16:38] Ep. 44 : Up. 156000 : Sen. 458,431 : Cost 41.96918106 : Time 768.72s : 8051.44 words/s
[2019-07-17 05:21:37] Seen 587316 samples
[2019-07-17 05:21:37] Starting epoch 45
[2019-07-17 05:21:37] [data] Shuffling data
[2019-07-17 05:21:37] [data] Done reading 650186 sentences
[2019-07-17 05:21:39] [data] Done shuffling 650186 sentences to temp files
[2019-07-17 05:29:30] Ep. 45 : Up. 158000 : Sen. 201,404 : Cost 41.30254364 : Time 771.77s : 8040.08 words/s
[2019-07-17 05:42:20] Ep. 45 : Up. 160000 : Sen. 531,826 : Cost 41.85714340 : Time 769.88s : 8078.81 words/s
[2019-07-17 05:42:20] Saving model to ../experiments/10M_random_bic1.1_hardrules/model/model.npz.orig.npz
[2019-07-17 05:42:29] Saving model to ../experiments/10M_random_bic1.1_hardrules/model/model.iter160000.npz
[2019-07-17 05:42:36] Saving model to ../experiments/10M_random_bic1.1_hardrules/model/model.npz
[2019-07-17 05:42:45] Saving Adam parameters to ../experiments/10M_random_bic1.1_hardrules/model/model.npz.optimizer.npz
[2019-07-17 05:43:11] [valid] Ep. 45 : Up. 160000 : cross-entropy : 77.5451 : stalled 4 times (last best: 72.9809)
[2019-07-17 05:43:19] [valid] Ep. 45 : Up. 160000 : perplexity : 20.9338 : stalled 4 times (last best: 17.5027)
[2019-07-17 05:44:32] [valid] Ep. 45 : Up. 160000 : translation : 14.93 : stalled 3 times (last best: 15.75)
[2019-07-17 05:46:43] Seen 587316 samples
[2019-07-17 05:46:43] Starting epoch 46
[2019-07-17 05:46:43] [data] Shuffling data
[2019-07-17 05:46:44] [data] Done reading 650186 sentences
[2019-07-17 05:46:46] [data] Done shuffling 650186 sentences to temp files
[2019-07-17 05:57:27] Ep. 46 : Up. 162000 : Sen. 274,838 : Cost 40.66847992 : Time 907.30s : 6839.97 words/s
[2019-07-17 06:09:34] Seen 587316 samples
[2019-07-17 06:09:34] Starting epoch 47
[2019-07-17 06:09:34] [data] Shuffling data
[2019-07-17 06:09:34] [data] Done reading 650186 sentences
[2019-07-17 06:09:36] [data] Done shuffling 650186 sentences to temp files
[2019-07-17 06:10:21] Ep. 47 : Up. 164000 : Sen. 18,138 : Cost 41.44683075 : Time 773.91s : 8036.74 words/s
[2019-07-17 06:23:08] Ep. 47 : Up. 166000 : Sen. 346,668 : Cost 40.44221878 : Time 766.75s : 8059.10 words/s
[2019-07-17 06:32:30] Seen 587316 samples
[2019-07-17 06:32:30] Starting epoch 48
[2019-07-17 06:32:30] [data] Shuffling data
[2019-07-17 06:32:31] [data] Done reading 650186 sentences
[2019-07-17 06:32:33] [data] Done shuffling 650186 sentences to temp files
[2019-07-17 06:36:02] Ep. 48 : Up. 168000 : Sen. 89,238 : Cost 41.01339340 : Time 774.25s : 8008.29 words/s
[2019-07-17 06:48:50] Ep. 48 : Up. 170000 : Sen. 418,448 : Cost 40.58945465 : Time 768.08s : 8074.00 words/s
[2019-07-17 06:55:23] Seen 587316 samples
[2019-07-17 06:55:23] Starting epoch 49
[2019-07-17 06:55:23] [data] Shuffling data
[2019-07-17 06:55:24] [data] Done reading 650186 sentences
[2019-07-17 06:55:26] [data] Done shuffling 650186 sentences to temp files
[2019-07-17 07:01:40] Ep. 49 : Up. 172000 : Sen. 160,000 : Cost 40.31420517 : Time 769.86s : 8018.46 words/s
[2019-07-17 07:14:35] Ep. 49 : Up. 174000 : Sen. 491,657 : Cost 40.44569397 : Time 774.93s : 8054.46 words/s
[2019-07-17 07:18:17] Seen 587316 samples
[2019-07-17 07:18:17] Starting epoch 50
[2019-07-17 07:18:17] [data] Shuffling data
[2019-07-17 07:18:18] [data] Done reading 650186 sentences
[2019-07-17 07:18:20] [data] Done shuffling 650186 sentences to temp files
[2019-07-17 07:27:28] Ep. 50 : Up. 176000 : Sen. 234,065 : Cost 39.75318146 : Time 772.89s : 8026.62 words/s
[2019-07-17 07:40:15] Ep. 50 : Up. 178000 : Sen. 563,200 : Cost 40.35110855 : Time 767.24s : 8066.44 words/s
[2019-07-17 07:41:12] Seen 587316 samples
[2019-07-17 07:41:12] Starting epoch 51
[2019-07-17 07:41:12] [data] Shuffling data
[2019-07-17 07:41:12] [data] Done reading 650186 sentences
[2019-07-17 07:41:14] [data] Done shuffling 650186 sentences to temp files
[2019-07-17 07:53:12] Ep. 51 : Up. 180000 : Sen. 307,200 : Cost 39.24195480 : Time 776.54s : 8024.43 words/s
[2019-07-17 07:53:12] Saving model to ../experiments/10M_random_bic1.1_hardrules/model/model.npz.orig.npz
[2019-07-17 07:53:21] Saving model to ../experiments/10M_random_bic1.1_hardrules/model/model.iter180000.npz
[2019-07-17 07:53:28] Saving model to ../experiments/10M_random_bic1.1_hardrules/model/model.npz
[2019-07-17 07:53:38] Saving Adam parameters to ../experiments/10M_random_bic1.1_hardrules/model/model.npz.optimizer.npz
[2019-07-17 07:54:04] [valid] Ep. 51 : Up. 180000 : cross-entropy : 79.0189 : stalled 5 times (last best: 72.9809)
[2019-07-17 07:54:12] [valid] Ep. 51 : Up. 180000 : perplexity : 22.1794 : stalled 5 times (last best: 17.5027)
[2019-07-17 07:55:27] [valid] Ep. 51 : Up. 180000 : translation : 14.55 : stalled 4 times (last best: 15.75)
[2019-07-17 07:55:29] Training finished
[2019-07-17 07:55:32] Saving model to ../experiments/10M_random_bic1.1_hardrules/model/model.npz.orig.npz
[2019-07-17 07:55:41] Saving model to ../experiments/10M_random_bic1.1_hardrules/model/model.npz
[2019-07-17 07:56:00] Saving Adam parameters to ../experiments/10M_random_bic1.1_hardrules/model/model.npz.optimizer.npz
