[2019-08-04 10:05:40] [marian] Marian v1.7.8 ec2d66e 2019-05-27 14:52:11 +0100
[2019-08-04 10:05:40] [marian] Running on zisa as process 185158 with command line:
[2019-08-04 10:05:40] [marian] /fs/bil0/abdel/marian-dev/build/marian --sync-sgd --model ../experiments/10M_fasttext_prob_x_len_+_biced_0.0_x_dcce/model/model.npz -T . --devices 3 --train-sets ../experiments/10M_fasttext_prob_x_len_+_biced_0.0_x_dcce/data/train.bpe.de ../experiments/10M_fasttext_prob_x_len_+_biced_0.0_x_dcce/data/train.bpe.en --vocabs ../experiments/10M_fasttext_prob_x_len_+_biced_0.0_x_dcce/data/train.bpe.de.json ../experiments/10M_fasttext_prob_x_len_+_biced_0.0_x_dcce/data/train.bpe.en.json --mini-batch-fit -w 3000 --dim-vocabs 50000 50000 --layer-normalization --dropout-rnn 0.2 --dropout-src 0.1 --dropout-trg 0.1 --learn-rate 0.0001 --after-epochs 0 --early-stopping 5 --valid-freq 20000 --save-freq 20000 --disp-freq 2000 --valid-mini-batch 8 --valid-sets ../experiments/10M_fasttext_prob_x_len_+_biced_0.0_x_dcce/data/dev.bpe.de ../experiments/10M_fasttext_prob_x_len_+_biced_0.0_x_dcce/data/dev.bpe.en --valid-metrics cross-entropy perplexity translation --valid-translation-output ../experiments/10M_fasttext_prob_x_len_+_biced_0.0_x_dcce/model/dev.out --valid-script-path ../experiments/10M_fasttext_prob_x_len_+_biced_0.0_x_dcce/score-dev.sh --seed 1111 --exponential-smoothing --normalize=1 --beam-size=12 --quiet-translation --log ../experiments/10M_fasttext_prob_x_len_+_biced_0.0_x_dcce/model/train.log --valid-log ../experiments/10M_fasttext_prob_x_len_+_biced_0.0_x_dcce/model/valid.log
[2019-08-04 10:05:40] [config] after-batches: 0
[2019-08-04 10:05:40] [config] after-epochs: 0
[2019-08-04 10:05:40] [config] allow-unk: false
[2019-08-04 10:05:40] [config] beam-size: 12
[2019-08-04 10:05:40] [config] bert-class-symbol: "[CLS]"
[2019-08-04 10:05:40] [config] bert-mask-symbol: "[MASK]"
[2019-08-04 10:05:40] [config] bert-masking-fraction: 0.15
[2019-08-04 10:05:40] [config] bert-sep-symbol: "[SEP]"
[2019-08-04 10:05:40] [config] bert-train-type-embeddings: true
[2019-08-04 10:05:40] [config] bert-type-vocab-size: 2
[2019-08-04 10:05:40] [config] best-deep: false
[2019-08-04 10:05:40] [config] clip-gemm: 0
[2019-08-04 10:05:40] [config] clip-norm: 1
[2019-08-04 10:05:40] [config] cost-type: ce-mean
[2019-08-04 10:05:40] [config] cpu-threads: 0
[2019-08-04 10:05:40] [config] data-weighting: ""
[2019-08-04 10:05:40] [config] data-weighting-type: sentence
[2019-08-04 10:05:40] [config] dec-cell: gru
[2019-08-04 10:05:40] [config] dec-cell-base-depth: 2
[2019-08-04 10:05:40] [config] dec-cell-high-depth: 1
[2019-08-04 10:05:40] [config] dec-depth: 1
[2019-08-04 10:05:40] [config] devices:
[2019-08-04 10:05:40] [config]   - 3
[2019-08-04 10:05:40] [config] dim-emb: 512
[2019-08-04 10:05:40] [config] dim-rnn: 1024
[2019-08-04 10:05:40] [config] dim-vocabs:
[2019-08-04 10:05:40] [config]   - 50000
[2019-08-04 10:05:40] [config]   - 50000
[2019-08-04 10:05:40] [config] disp-first: 0
[2019-08-04 10:05:40] [config] disp-freq: 2000
[2019-08-04 10:05:40] [config] disp-label-counts: false
[2019-08-04 10:05:40] [config] dropout-rnn: 0.2
[2019-08-04 10:05:40] [config] dropout-src: 0.1
[2019-08-04 10:05:40] [config] dropout-trg: 0.1
[2019-08-04 10:05:40] [config] dump-config: ""
[2019-08-04 10:05:40] [config] early-stopping: 5
[2019-08-04 10:05:40] [config] embedding-fix-src: false
[2019-08-04 10:05:40] [config] embedding-fix-trg: false
[2019-08-04 10:05:40] [config] embedding-normalization: false
[2019-08-04 10:05:40] [config] embedding-vectors:
[2019-08-04 10:05:40] [config]   []
[2019-08-04 10:05:40] [config] enc-cell: gru
[2019-08-04 10:05:40] [config] enc-cell-depth: 1
[2019-08-04 10:05:40] [config] enc-depth: 1
[2019-08-04 10:05:40] [config] enc-type: bidirectional
[2019-08-04 10:05:40] [config] exponential-smoothing: 0.0001
[2019-08-04 10:05:40] [config] grad-dropping-momentum: 0
[2019-08-04 10:05:40] [config] grad-dropping-rate: 0
[2019-08-04 10:05:40] [config] grad-dropping-warmup: 100
[2019-08-04 10:05:40] [config] guided-alignment: none
[2019-08-04 10:05:40] [config] guided-alignment-cost: mse
[2019-08-04 10:05:40] [config] guided-alignment-weight: 0.1
[2019-08-04 10:05:40] [config] ignore-model-config: false
[2019-08-04 10:05:40] [config] input-types:
[2019-08-04 10:05:40] [config]   []
[2019-08-04 10:05:40] [config] interpolate-env-vars: false
[2019-08-04 10:05:40] [config] keep-best: false
[2019-08-04 10:05:40] [config] label-smoothing: 0
[2019-08-04 10:05:40] [config] layer-normalization: true
[2019-08-04 10:05:40] [config] learn-rate: 0.0001
[2019-08-04 10:05:40] [config] log: ../experiments/10M_fasttext_prob_x_len_+_biced_0.0_x_dcce/model/train.log
[2019-08-04 10:05:40] [config] log-level: info
[2019-08-04 10:05:40] [config] log-time-zone: ""
[2019-08-04 10:05:40] [config] lr-decay: 0
[2019-08-04 10:05:40] [config] lr-decay-freq: 50000
[2019-08-04 10:05:40] [config] lr-decay-inv-sqrt:
[2019-08-04 10:05:40] [config]   - 0
[2019-08-04 10:05:40] [config] lr-decay-repeat-warmup: false
[2019-08-04 10:05:40] [config] lr-decay-reset-optimizer: false
[2019-08-04 10:05:40] [config] lr-decay-start:
[2019-08-04 10:05:40] [config]   - 10
[2019-08-04 10:05:40] [config]   - 1
[2019-08-04 10:05:40] [config] lr-decay-strategy: epoch+stalled
[2019-08-04 10:05:40] [config] lr-report: false
[2019-08-04 10:05:40] [config] lr-warmup: 0
[2019-08-04 10:05:40] [config] lr-warmup-at-reload: false
[2019-08-04 10:05:40] [config] lr-warmup-cycle: false
[2019-08-04 10:05:40] [config] lr-warmup-start-rate: 0
[2019-08-04 10:05:40] [config] max-length: 50
[2019-08-04 10:05:40] [config] max-length-crop: false
[2019-08-04 10:05:40] [config] max-length-factor: 3
[2019-08-04 10:05:40] [config] maxi-batch: 100
[2019-08-04 10:05:40] [config] maxi-batch-sort: trg
[2019-08-04 10:05:40] [config] mini-batch: 64
[2019-08-04 10:05:40] [config] mini-batch-fit: true
[2019-08-04 10:05:40] [config] mini-batch-fit-step: 10
[2019-08-04 10:05:40] [config] mini-batch-overstuff: 1
[2019-08-04 10:05:40] [config] mini-batch-track-lr: false
[2019-08-04 10:05:40] [config] mini-batch-understuff: 1
[2019-08-04 10:05:40] [config] mini-batch-warmup: 0
[2019-08-04 10:05:40] [config] mini-batch-words: 0
[2019-08-04 10:05:40] [config] mini-batch-words-ref: 0
[2019-08-04 10:05:40] [config] model: ../experiments/10M_fasttext_prob_x_len_+_biced_0.0_x_dcce/model/model.npz
[2019-08-04 10:05:40] [config] multi-loss-type: sum
[2019-08-04 10:05:40] [config] multi-node: false
[2019-08-04 10:05:40] [config] multi-node-overlap: true
[2019-08-04 10:05:40] [config] n-best: false
[2019-08-04 10:05:40] [config] no-nccl: false
[2019-08-04 10:05:40] [config] no-reload: false
[2019-08-04 10:05:40] [config] no-restore-corpus: false
[2019-08-04 10:05:40] [config] no-shuffle: false
[2019-08-04 10:05:40] [config] normalize: 1
[2019-08-04 10:05:40] [config] num-devices: 0
[2019-08-04 10:05:40] [config] optimizer: adam
[2019-08-04 10:05:40] [config] optimizer-delay: 1
[2019-08-04 10:05:40] [config] optimizer-params:
[2019-08-04 10:05:40] [config]   []
[2019-08-04 10:05:40] [config] overwrite: false
[2019-08-04 10:05:40] [config] pretrained-model: ""
[2019-08-04 10:05:40] [config] quiet: false
[2019-08-04 10:05:40] [config] quiet-translation: true
[2019-08-04 10:05:40] [config] relative-paths: false
[2019-08-04 10:05:40] [config] right-left: false
[2019-08-04 10:05:40] [config] save-freq: 20000
[2019-08-04 10:05:40] [config] seed: 1111
[2019-08-04 10:05:40] [config] shuffle-in-ram: false
[2019-08-04 10:05:40] [config] skip: false
[2019-08-04 10:05:40] [config] sqlite: ""
[2019-08-04 10:05:40] [config] sqlite-drop: false
[2019-08-04 10:05:40] [config] sync-sgd: true
[2019-08-04 10:05:40] [config] tempdir: .
[2019-08-04 10:05:40] [config] tied-embeddings: false
[2019-08-04 10:05:40] [config] tied-embeddings-all: false
[2019-08-04 10:05:40] [config] tied-embeddings-src: false
[2019-08-04 10:05:40] [config] train-sets:
[2019-08-04 10:05:40] [config]   - ../experiments/10M_fasttext_prob_x_len_+_biced_0.0_x_dcce/data/train.bpe.de
[2019-08-04 10:05:40] [config]   - ../experiments/10M_fasttext_prob_x_len_+_biced_0.0_x_dcce/data/train.bpe.en
[2019-08-04 10:05:40] [config] transformer-aan-activation: swish
[2019-08-04 10:05:40] [config] transformer-aan-depth: 2
[2019-08-04 10:05:40] [config] transformer-aan-nogate: false
[2019-08-04 10:05:40] [config] transformer-decoder-autoreg: self-attention
[2019-08-04 10:05:40] [config] transformer-dim-aan: 2048
[2019-08-04 10:05:40] [config] transformer-dim-ffn: 2048
[2019-08-04 10:05:40] [config] transformer-dropout: 0
[2019-08-04 10:05:40] [config] transformer-dropout-attention: 0
[2019-08-04 10:05:40] [config] transformer-dropout-ffn: 0
[2019-08-04 10:05:40] [config] transformer-ffn-activation: swish
[2019-08-04 10:05:40] [config] transformer-ffn-depth: 2
[2019-08-04 10:05:40] [config] transformer-guided-alignment-layer: last
[2019-08-04 10:05:40] [config] transformer-heads: 8
[2019-08-04 10:05:40] [config] transformer-no-projection: false
[2019-08-04 10:05:40] [config] transformer-postprocess: dan
[2019-08-04 10:05:40] [config] transformer-postprocess-emb: d
[2019-08-04 10:05:40] [config] transformer-preprocess: ""
[2019-08-04 10:05:40] [config] transformer-tied-layers:
[2019-08-04 10:05:40] [config]   []
[2019-08-04 10:05:40] [config] transformer-train-position-embeddings: false
[2019-08-04 10:05:40] [config] type: amun
[2019-08-04 10:05:40] [config] ulr: false
[2019-08-04 10:05:40] [config] ulr-dim-emb: 0
[2019-08-04 10:05:40] [config] ulr-dropout: 0
[2019-08-04 10:05:40] [config] ulr-keys-vectors: ""
[2019-08-04 10:05:40] [config] ulr-query-vectors: ""
[2019-08-04 10:05:40] [config] ulr-softmax-temperature: 1
[2019-08-04 10:05:40] [config] ulr-trainable-transformation: false
[2019-08-04 10:05:40] [config] valid-freq: 20000
[2019-08-04 10:05:40] [config] valid-log: ../experiments/10M_fasttext_prob_x_len_+_biced_0.0_x_dcce/model/valid.log
[2019-08-04 10:05:40] [config] valid-max-length: 1000
[2019-08-04 10:05:40] [config] valid-metrics:
[2019-08-04 10:05:40] [config]   - cross-entropy
[2019-08-04 10:05:40] [config]   - perplexity
[2019-08-04 10:05:40] [config]   - translation
[2019-08-04 10:05:40] [config] valid-mini-batch: 8
[2019-08-04 10:05:40] [config] valid-script-path: ../experiments/10M_fasttext_prob_x_len_+_biced_0.0_x_dcce/score-dev.sh
[2019-08-04 10:05:40] [config] valid-sets:
[2019-08-04 10:05:40] [config]   - ../experiments/10M_fasttext_prob_x_len_+_biced_0.0_x_dcce/data/dev.bpe.de
[2019-08-04 10:05:40] [config]   - ../experiments/10M_fasttext_prob_x_len_+_biced_0.0_x_dcce/data/dev.bpe.en
[2019-08-04 10:05:40] [config] valid-translation-output: ../experiments/10M_fasttext_prob_x_len_+_biced_0.0_x_dcce/model/dev.out
[2019-08-04 10:05:40] [config] vocabs:
[2019-08-04 10:05:40] [config]   - ../experiments/10M_fasttext_prob_x_len_+_biced_0.0_x_dcce/data/train.bpe.de.json
[2019-08-04 10:05:40] [config]   - ../experiments/10M_fasttext_prob_x_len_+_biced_0.0_x_dcce/data/train.bpe.en.json
[2019-08-04 10:05:40] [config] word-penalty: 0
[2019-08-04 10:05:40] [config] workspace: 3000
[2019-08-04 10:05:40] [config] Model is being created with Marian v1.7.8 ec2d66e 2019-05-27 14:52:11 +0100
[2019-08-04 10:05:40] Using synchronous training
[2019-08-04 10:05:40] [data] Loading vocabulary from JSON/Yaml file ../experiments/10M_fasttext_prob_x_len_+_biced_0.0_x_dcce/data/train.bpe.de.json
[2019-08-04 10:05:41] [data] Using unused word id eos for 0
[2019-08-04 10:05:41] [data] Using unused word id UNK for 1
[2019-08-04 10:05:41] [data] Setting vocabulary size for input 0 to 50000
[2019-08-04 10:05:41] [data] Loading vocabulary from JSON/Yaml file ../experiments/10M_fasttext_prob_x_len_+_biced_0.0_x_dcce/data/train.bpe.en.json
[2019-08-04 10:05:41] [data] Using unused word id eos for 0
[2019-08-04 10:05:41] [data] Using unused word id UNK for 1
[2019-08-04 10:05:41] [data] Setting vocabulary size for input 1 to 50000
[2019-08-04 10:05:41] Compiled without MPI support. Falling back to FakeMPIWrapper
[2019-08-04 10:05:41] [batching] Collecting statistics for batch fitting with step size 10
[2019-08-04 10:05:42] [memory] Extending reserved space to 3072 MB (device gpu3)
[2019-08-04 10:05:43] [comm] Using NCCL 2.4.2 for GPU communication
[2019-08-04 10:05:43] [comm] NCCLCommunicator constructed successfully.
[2019-08-04 10:05:43] [training] Using 1 GPUs
[2019-08-04 10:05:43] [memory] Reserving 422 MB, device gpu3
[2019-08-04 10:05:43] [gpu] 16-bit TensorCores enabled for float32 matrix operations
[2019-08-04 10:05:43] [memory] Reserving 422 MB, device gpu3
[2019-08-04 10:05:49] [batching] Done. Typical MB size is 4042 target words
[2019-08-04 10:05:49] [memory] Extending reserved space to 3072 MB (device gpu3)
[2019-08-04 10:05:49] [comm] Using NCCL 2.4.2 for GPU communication
[2019-08-04 10:05:49] [comm] NCCLCommunicator constructed successfully.
[2019-08-04 10:05:49] [training] Using 1 GPUs
[2019-08-04 10:05:49] Training started
[2019-08-04 10:05:49] [data] Shuffling data
[2019-08-04 10:05:50] [data] Done reading 719507 sentences
[2019-08-04 10:05:58] [data] Done shuffling 719507 sentences to temp files
[2019-08-04 10:06:01] [training] Batches are processed as 1 process(es) x 1 devices/process
[2019-08-04 10:06:01] [memory] Reserving 422 MB, device gpu3
[2019-08-04 10:06:01] [memory] Reserving 422 MB, device gpu3
[2019-08-04 10:06:01] [memory] Reserving 422 MB, device gpu3
[2019-08-04 10:06:01] [memory] Reserving 844 MB, device gpu3
[2019-08-04 10:17:32] Ep. 1 : Up. 2000 : Sen. 285,236 : Cost 87.26836395 : Time 710.86s : 6727.96 words/s
[2019-08-04 10:29:18] Ep. 1 : Up. 4000 : Sen. 572,027 : Cost 60.77346039 : Time 706.24s : 6825.39 words/s
[2019-08-04 10:33:35] Seen 676506 samples
[2019-08-04 10:33:35] Starting epoch 2
[2019-08-04 10:33:35] [data] Shuffling data
[2019-08-04 10:33:36] [data] Done reading 719507 sentences
[2019-08-04 10:33:46] [data] Done shuffling 719507 sentences to temp files
[2019-08-04 10:41:12] Ep. 2 : Up. 6000 : Sen. 180,772 : Cost 49.17858124 : Time 713.06s : 6723.44 words/s
[2019-08-04 10:52:53] Ep. 2 : Up. 8000 : Sen. 464,971 : Cost 42.67943573 : Time 701.05s : 6808.97 words/s
[2019-08-04 11:01:32] Seen 676506 samples
[2019-08-04 11:01:32] Starting epoch 3
[2019-08-04 11:01:32] [data] Shuffling data
[2019-08-04 11:01:32] [data] Done reading 719507 sentences
[2019-08-04 11:01:44] [data] Done shuffling 719507 sentences to temp files
[2019-08-04 11:04:51] Ep. 3 : Up. 10000 : Sen. 75,625 : Cost 38.71791840 : Time 718.54s : 6702.55 words/s
[2019-08-04 11:16:33] Ep. 3 : Up. 12000 : Sen. 361,248 : Cost 35.65212631 : Time 701.98s : 6832.44 words/s
[2019-08-04 11:28:10] Ep. 3 : Up. 14000 : Sen. 644,692 : Cost 34.02789307 : Time 697.14s : 6837.47 words/s
[2019-08-04 11:29:28] Seen 676506 samples
[2019-08-04 11:29:28] Starting epoch 4
[2019-08-04 11:29:28] [data] Shuffling data
[2019-08-04 11:29:28] [data] Done reading 719507 sentences
[2019-08-04 11:29:39] [data] Done shuffling 719507 sentences to temp files
[2019-08-04 11:40:02] Ep. 4 : Up. 16000 : Sen. 252,751 : Cost 31.67297173 : Time 711.74s : 6726.53 words/s
[2019-08-04 11:51:44] Ep. 4 : Up. 18000 : Sen. 539,116 : Cost 30.69556999 : Time 702.26s : 6836.24 words/s
[2019-08-04 11:57:20] Seen 676506 samples
[2019-08-04 11:57:20] Starting epoch 5
[2019-08-04 11:57:20] [data] Shuffling data
[2019-08-04 11:57:20] [data] Done reading 719507 sentences
[2019-08-04 11:57:32] [data] Done shuffling 719507 sentences to temp files
[2019-08-04 12:03:37] Ep. 5 : Up. 20000 : Sen. 148,539 : Cost 29.33733749 : Time 713.05s : 6730.34 words/s
[2019-08-04 12:03:37] Saving model to ../experiments/10M_fasttext_prob_x_len_+_biced_0.0_x_dcce/model/model.npz.orig.npz
[2019-08-04 12:04:00] Saving model to ../experiments/10M_fasttext_prob_x_len_+_biced_0.0_x_dcce/model/model.iter20000.npz
[2019-08-04 12:04:09] Saving model to ../experiments/10M_fasttext_prob_x_len_+_biced_0.0_x_dcce/model/model.npz
[2019-08-04 12:04:32] Saving Adam parameters to ../experiments/10M_fasttext_prob_x_len_+_biced_0.0_x_dcce/model/model.npz.optimizer.npz
[2019-08-04 12:05:01] [valid] Ep. 5 : Up. 20000 : cross-entropy : 81.8669 : new best
[2019-08-04 12:05:10] [valid] Ep. 5 : Up. 20000 : perplexity : 24.8684 : new best
[2019-08-04 12:06:37] [valid] Ep. 5 : Up. 20000 : translation : 21.68 : new best
[2019-08-04 12:18:09] Ep. 5 : Up. 22000 : Sen. 434,963 : Cost 28.27573204 : Time 871.48s : 5516.73 words/s
[2019-08-04 12:27:53] Seen 676506 samples
[2019-08-04 12:27:53] Starting epoch 6
[2019-08-04 12:27:53] [data] Shuffling data
[2019-08-04 12:27:53] [data] Done reading 719507 sentences
[2019-08-04 12:28:02] [data] Done shuffling 719507 sentences to temp files
[2019-08-04 12:29:50] Ep. 6 : Up. 24000 : Sen. 43,875 : Cost 27.73400688 : Time 701.41s : 6839.01 words/s
[2019-08-04 12:41:22] Ep. 6 : Up. 26000 : Sen. 329,752 : Cost 26.47926521 : Time 692.18s : 6951.82 words/s
[2019-08-04 12:52:47] Ep. 6 : Up. 28000 : Sen. 613,570 : Cost 26.20125389 : Time 684.14s : 6950.40 words/s
[2019-08-04 12:55:18] Seen 676506 samples
[2019-08-04 12:55:18] Starting epoch 7
[2019-08-04 12:55:18] [data] Shuffling data
[2019-08-04 12:55:19] [data] Done reading 719507 sentences
[2019-08-04 12:55:27] [data] Done shuffling 719507 sentences to temp files
[2019-08-04 13:04:29] Ep. 7 : Up. 30000 : Sen. 223,795 : Cost 25.09710884 : Time 702.02s : 6851.68 words/s
[2019-08-04 13:15:55] Ep. 7 : Up. 32000 : Sen. 507,348 : Cost 24.85798454 : Time 686.35s : 6944.54 words/s
[2019-08-04 13:22:42] Seen 676506 samples
[2019-08-04 13:22:42] Starting epoch 8
[2019-08-04 13:22:42] [data] Shuffling data
[2019-08-04 13:22:43] [data] Done reading 719507 sentences
[2019-08-04 13:22:51] [data] Done shuffling 719507 sentences to temp files
[2019-08-04 13:27:36] Ep. 8 : Up. 34000 : Sen. 116,711 : Cost 24.47803116 : Time 701.54s : 6843.12 words/s
[2019-08-04 13:39:07] Ep. 8 : Up. 36000 : Sen. 400,861 : Cost 24.01060486 : Time 690.35s : 6931.35 words/s
[2019-08-04 13:50:09] Seen 676506 samples
[2019-08-04 13:50:09] Starting epoch 9
[2019-08-04 13:50:09] [data] Shuffling data
[2019-08-04 13:50:10] [data] Done reading 719507 sentences
[2019-08-04 13:50:22] [data] Done shuffling 719507 sentences to temp files
[2019-08-04 13:50:52] Ep. 9 : Up. 38000 : Sen. 11,095 : Cost 23.61590385 : Time 704.80s : 6822.31 words/s
[2019-08-04 14:02:20] Ep. 9 : Up. 40000 : Sen. 296,469 : Cost 22.76099396 : Time 688.34s : 6954.33 words/s
[2019-08-04 14:02:20] Saving model to ../experiments/10M_fasttext_prob_x_len_+_biced_0.0_x_dcce/model/model.npz.orig.npz
[2019-08-04 14:02:32] Saving model to ../experiments/10M_fasttext_prob_x_len_+_biced_0.0_x_dcce/model/model.iter40000.npz
[2019-08-04 14:02:47] Saving model to ../experiments/10M_fasttext_prob_x_len_+_biced_0.0_x_dcce/model/model.npz
[2019-08-04 14:03:08] Saving Adam parameters to ../experiments/10M_fasttext_prob_x_len_+_biced_0.0_x_dcce/model/model.npz.optimizer.npz
[2019-08-04 14:03:36] [valid] Ep. 9 : Up. 40000 : cross-entropy : 72.7365 : new best
[2019-08-04 14:03:45] [valid] Ep. 9 : Up. 40000 : perplexity : 17.3778 : new best
[2019-08-04 14:05:10] [valid] Ep. 9 : Up. 40000 : translation : 24.02 : new best
[2019-08-04 14:16:37] Ep. 9 : Up. 42000 : Sen. 582,098 : Cost 22.81090546 : Time 857.41s : 5595.52 words/s
[2019-08-04 14:20:25] Seen 676506 samples
[2019-08-04 14:20:25] Starting epoch 10
[2019-08-04 14:20:25] [data] Shuffling data
[2019-08-04 14:20:25] [data] Done reading 719507 sentences
[2019-08-04 14:20:32] [data] Done shuffling 719507 sentences to temp files
[2019-08-04 14:28:16] Ep. 10 : Up. 44000 : Sen. 191,205 : Cost 22.00126648 : Time 698.28s : 6866.40 words/s
[2019-08-04 14:39:44] Ep. 10 : Up. 46000 : Sen. 475,815 : Cost 21.93442345 : Time 688.28s : 6947.25 words/s
[2019-08-04 14:47:47] Seen 676506 samples
[2019-08-04 14:47:47] Starting epoch 11
[2019-08-04 14:47:47] [data] Shuffling data
[2019-08-04 14:47:48] [data] Done reading 719507 sentences
[2019-08-04 14:48:02] [data] Done shuffling 719507 sentences to temp files
[2019-08-04 14:51:28] Ep. 11 : Up. 48000 : Sen. 83,998 : Cost 21.60045815 : Time 704.24s : 6784.65 words/s
[2019-08-04 15:03:03] Ep. 11 : Up. 50000 : Sen. 371,404 : Cost 20.97216797 : Time 694.92s : 6956.16 words/s
[2019-08-04 15:14:29] Ep. 11 : Up. 52000 : Sen. 656,827 : Cost 21.19546127 : Time 685.62s : 6972.47 words/s
[2019-08-04 15:15:17] Seen 676506 samples
[2019-08-04 15:15:17] Starting epoch 12
[2019-08-04 15:15:17] [data] Shuffling data
[2019-08-04 15:15:18] [data] Done reading 719507 sentences
[2019-08-04 15:15:31] [data] Done shuffling 719507 sentences to temp files
[2019-08-04 15:26:10] Ep. 12 : Up. 54000 : Sen. 265,211 : Cost 20.50626564 : Time 701.54s : 6840.06 words/s
[2019-08-04 15:37:38] Ep. 12 : Up. 56000 : Sen. 551,031 : Cost 20.45831108 : Time 688.14s : 6970.99 words/s
[2019-08-04 15:42:41] Seen 676506 samples
[2019-08-04 15:42:41] Starting epoch 13
[2019-08-04 15:42:41] [data] Shuffling data
[2019-08-04 15:42:42] [data] Done reading 719507 sentences
[2019-08-04 15:42:49] [data] Done shuffling 719507 sentences to temp files
[2019-08-04 15:49:18] Ep. 13 : Up. 58000 : Sen. 160,552 : Cost 20.03635979 : Time 699.26s : 6860.47 words/s
[2019-08-04 16:00:41] Ep. 13 : Up. 60000 : Sen. 444,422 : Cost 19.81374741 : Time 683.66s : 6992.32 words/s
[2019-08-04 16:00:41] Saving model to ../experiments/10M_fasttext_prob_x_len_+_biced_0.0_x_dcce/model/model.npz.orig.npz
[2019-08-04 16:00:58] Saving model to ../experiments/10M_fasttext_prob_x_len_+_biced_0.0_x_dcce/model/model.iter60000.npz
[2019-08-04 16:01:10] Saving model to ../experiments/10M_fasttext_prob_x_len_+_biced_0.0_x_dcce/model/model.npz
[2019-08-04 16:01:28] Saving Adam parameters to ../experiments/10M_fasttext_prob_x_len_+_biced_0.0_x_dcce/model/model.npz.optimizer.npz
[2019-08-04 16:01:57] [valid] Ep. 13 : Up. 60000 : cross-entropy : 70.2001 : new best
[2019-08-04 16:02:06] [valid] Ep. 13 : Up. 60000 : perplexity : 15.731 : new best
[2019-08-04 16:03:32] [valid] Ep. 13 : Up. 60000 : translation : 24.93 : new best
[2019-08-04 16:12:49] Seen 676506 samples
[2019-08-04 16:12:49] Starting epoch 14
[2019-08-04 16:12:49] [data] Shuffling data
[2019-08-04 16:12:49] [data] Done reading 719507 sentences
[2019-08-04 16:13:00] [data] Done shuffling 719507 sentences to temp files
[2019-08-04 16:15:11] Ep. 14 : Up. 62000 : Sen. 53,143 : Cost 19.93788338 : Time 869.67s : 5501.47 words/s
[2019-08-04 16:26:37] Ep. 14 : Up. 64000 : Sen. 337,895 : Cost 19.11503220 : Time 685.94s : 6966.65 words/s
[2019-08-04 16:38:02] Ep. 14 : Up. 66000 : Sen. 623,181 : Cost 19.37469292 : Time 685.14s : 6993.97 words/s
[2019-08-04 16:40:10] Seen 676506 samples
[2019-08-04 16:40:10] Starting epoch 15
[2019-08-04 16:40:10] [data] Shuffling data
[2019-08-04 16:40:11] [data] Done reading 719507 sentences
[2019-08-04 16:40:26] [data] Done shuffling 719507 sentences to temp files
[2019-08-04 16:49:46] Ep. 15 : Up. 68000 : Sen. 231,393 : Cost 18.85923767 : Time 704.13s : 6795.42 words/s
[2019-08-04 17:01:19] Ep. 15 : Up. 70000 : Sen. 519,257 : Cost 18.94383430 : Time 693.14s : 6965.71 words/s
[2019-08-04 17:07:39] Seen 676506 samples
[2019-08-04 17:07:39] Starting epoch 16
[2019-08-04 17:07:39] [data] Shuffling data
[2019-08-04 17:07:39] [data] Done reading 719507 sentences
[2019-08-04 17:07:51] [data] Done shuffling 719507 sentences to temp files
[2019-08-04 17:13:01] Ep. 16 : Up. 72000 : Sen. 127,820 : Cost 18.43807220 : Time 701.50s : 6812.93 words/s
[2019-08-04 17:24:23] Ep. 16 : Up. 74000 : Sen. 412,256 : Cost 18.20492744 : Time 682.30s : 6993.03 words/s
[2019-08-04 17:35:00] Seen 676506 samples
[2019-08-04 17:35:00] Starting epoch 17
[2019-08-04 17:35:00] [data] Shuffling data
[2019-08-04 17:35:00] [data] Done reading 719507 sentences
[2019-08-04 17:35:09] [data] Done shuffling 719507 sentences to temp files
[2019-08-04 17:36:01] Ep. 17 : Up. 76000 : Sen. 20,984 : Cost 18.57187080 : Time 698.34s : 6879.78 words/s
[2019-08-04 17:47:32] Ep. 17 : Up. 78000 : Sen. 307,098 : Cost 17.47955704 : Time 690.38s : 6958.63 words/s
[2019-08-04 17:59:00] Ep. 17 : Up. 80000 : Sen. 592,647 : Cost 17.94104958 : Time 688.62s : 6972.25 words/s
[2019-08-04 17:59:00] Saving model to ../experiments/10M_fasttext_prob_x_len_+_biced_0.0_x_dcce/model/model.npz.orig.npz
[2019-08-04 17:59:18] Saving model to ../experiments/10M_fasttext_prob_x_len_+_biced_0.0_x_dcce/model/model.iter80000.npz
[2019-08-04 17:59:29] Saving model to ../experiments/10M_fasttext_prob_x_len_+_biced_0.0_x_dcce/model/model.npz
[2019-08-04 17:59:47] Saving Adam parameters to ../experiments/10M_fasttext_prob_x_len_+_biced_0.0_x_dcce/model/model.npz.optimizer.npz
[2019-08-04 18:00:16] [valid] Ep. 17 : Up. 80000 : cross-entropy : 69.9157 : new best
[2019-08-04 18:00:25] [valid] Ep. 17 : Up. 80000 : perplexity : 15.5563 : new best
[2019-08-04 18:01:47] [valid] Ep. 17 : Up. 80000 : translation : 25.24 : new best
[2019-08-04 18:05:10] Seen 676506 samples
[2019-08-04 18:05:10] Starting epoch 18
[2019-08-04 18:05:10] [data] Shuffling data
[2019-08-04 18:05:10] [data] Done reading 719507 sentences
[2019-08-04 18:05:28] [data] Done shuffling 719507 sentences to temp files
[2019-08-04 18:13:37] Ep. 18 : Up. 82000 : Sen. 200,935 : Cost 17.63779068 : Time 876.49s : 5459.53 words/s
[2019-08-04 18:25:03] Ep. 18 : Up. 84000 : Sen. 486,400 : Cost 17.55611229 : Time 686.21s : 6984.11 words/s
[2019-08-04 18:32:40] Seen 676506 samples
[2019-08-04 18:32:40] Starting epoch 19
[2019-08-04 18:32:40] [data] Shuffling data
[2019-08-04 18:32:40] [data] Done reading 719507 sentences
[2019-08-04 18:32:51] [data] Done shuffling 719507 sentences to temp files
[2019-08-04 18:36:46] Ep. 19 : Up. 86000 : Sen. 96,778 : Cost 17.25993729 : Time 702.65s : 6832.50 words/s
[2019-08-04 18:48:15] Ep. 19 : Up. 88000 : Sen. 381,973 : Cost 17.23440361 : Time 689.37s : 6954.98 words/s
[2019-08-04 18:59:43] Ep. 19 : Up. 90000 : Sen. 667,599 : Cost 17.56517982 : Time 687.34s : 6986.70 words/s
[2019-08-04 19:00:04] Seen 676506 samples
[2019-08-04 19:00:04] Starting epoch 20
[2019-08-04 19:00:04] [data] Shuffling data
[2019-08-04 19:00:04] [data] Done reading 719507 sentences
[2019-08-04 19:00:18] [data] Done shuffling 719507 sentences to temp files
[2019-08-04 19:11:26] Ep. 20 : Up. 92000 : Sen. 275,200 : Cost 16.49122047 : Time 703.07s : 6791.40 words/s
[2019-08-04 19:22:56] Ep. 20 : Up. 94000 : Sen. 562,011 : Cost 16.80024338 : Time 690.18s : 6971.56 words/s
[2019-08-04 19:27:32] Seen 676506 samples
[2019-08-04 19:27:32] Starting epoch 21
[2019-08-04 19:27:32] [data] Shuffling data
[2019-08-04 19:27:33] [data] Done reading 719507 sentences
[2019-08-04 19:27:44] [data] Done shuffling 719507 sentences to temp files
[2019-08-04 19:34:39] Ep. 21 : Up. 96000 : Sen. 172,012 : Cost 16.42234230 : Time 703.61s : 6841.10 words/s
[2019-08-04 19:46:08] Ep. 21 : Up. 98000 : Sen. 456,996 : Cost 16.44495010 : Time 688.51s : 6951.67 words/s
[2019-08-04 19:54:56] Seen 676506 samples
[2019-08-04 19:54:56] Starting epoch 22
[2019-08-04 19:54:56] [data] Shuffling data
[2019-08-04 19:54:57] [data] Done reading 719507 sentences
[2019-08-04 19:55:09] [data] Done shuffling 719507 sentences to temp files
[2019-08-04 19:57:49] Ep. 22 : Up. 100000 : Sen. 67,067 : Cost 16.37028694 : Time 701.45s : 6838.33 words/s
[2019-08-04 19:57:49] Saving model to ../experiments/10M_fasttext_prob_x_len_+_biced_0.0_x_dcce/model/model.npz.orig.npz
[2019-08-04 19:58:07] Saving model to ../experiments/10M_fasttext_prob_x_len_+_biced_0.0_x_dcce/model/model.iter100000.npz
[2019-08-04 19:58:16] Saving model to ../experiments/10M_fasttext_prob_x_len_+_biced_0.0_x_dcce/model/model.npz
[2019-08-04 19:58:32] Saving Adam parameters to ../experiments/10M_fasttext_prob_x_len_+_biced_0.0_x_dcce/model/model.npz.optimizer.npz
[2019-08-04 19:59:04] [valid] Ep. 22 : Up. 100000 : cross-entropy : 70.4166 : stalled 1 times (last best: 69.9157)
[2019-08-04 19:59:13] [valid] Ep. 22 : Up. 100000 : perplexity : 15.8652 : stalled 1 times (last best: 15.5563)
[2019-08-04 20:00:38] [valid] Ep. 22 : Up. 100000 : translation : 25.12 : stalled 1 times (last best: 25.24)
[2019-08-04 20:12:11] Ep. 22 : Up. 102000 : Sen. 353,854 : Cost 16.10073280 : Time 861.18s : 5603.96 words/s
[2019-08-04 20:23:38] Ep. 22 : Up. 104000 : Sen. 639,513 : Cost 16.35098839 : Time 687.26s : 6981.48 words/s
[2019-08-04 20:25:08] Seen 676506 samples
[2019-08-04 20:25:08] Starting epoch 23
[2019-08-04 20:25:08] [data] Shuffling data
[2019-08-04 20:25:09] [data] Done reading 719507 sentences
[2019-08-04 20:25:20] [data] Done shuffling 719507 sentences to temp files
[2019-08-04 20:35:18] Ep. 23 : Up. 106000 : Sen. 246,961 : Cost 15.84615421 : Time 700.15s : 6806.52 words/s
[2019-08-04 20:46:46] Ep. 23 : Up. 108000 : Sen. 532,660 : Cost 15.94613743 : Time 688.38s : 6986.94 words/s
[2019-08-04 20:52:31] Seen 676506 samples
[2019-08-04 20:52:31] Starting epoch 24
[2019-08-04 20:52:31] [data] Shuffling data
[2019-08-04 20:52:32] [data] Done reading 719507 sentences
[2019-08-04 20:52:38] [data] Done shuffling 719507 sentences to temp files
[2019-08-04 20:58:22] Ep. 24 : Up. 110000 : Sen. 142,240 : Cost 15.65443230 : Time 696.03s : 6888.09 words/s
[2019-08-04 21:09:49] Ep. 24 : Up. 112000 : Sen. 427,084 : Cost 15.68404770 : Time 686.98s : 6977.12 words/s
[2019-08-04 21:19:47] Seen 676506 samples
[2019-08-04 21:19:47] Starting epoch 25
[2019-08-04 21:19:47] [data] Shuffling data
[2019-08-04 21:19:47] [data] Done reading 719507 sentences
[2019-08-04 21:19:59] [data] Done shuffling 719507 sentences to temp files
[2019-08-04 21:21:31] Ep. 25 : Up. 114000 : Sen. 37,721 : Cost 15.82951164 : Time 701.93s : 6864.71 words/s
[2019-08-04 21:33:00] Ep. 25 : Up. 116000 : Sen. 323,409 : Cost 15.13149834 : Time 688.68s : 6954.55 words/s
[2019-08-04 21:44:26] Ep. 25 : Up. 118000 : Sen. 609,166 : Cost 15.47899055 : Time 686.29s : 6995.89 words/s
[2019-08-04 21:47:10] Seen 676506 samples
[2019-08-04 21:47:10] Starting epoch 26
[2019-08-04 21:47:10] [data] Shuffling data
[2019-08-04 21:47:10] [data] Done reading 719507 sentences
[2019-08-04 21:47:19] [data] Done shuffling 719507 sentences to temp files
[2019-08-04 21:56:08] Ep. 26 : Up. 120000 : Sen. 217,985 : Cost 15.09086990 : Time 702.19s : 6832.74 words/s
[2019-08-04 21:56:08] Saving model to ../experiments/10M_fasttext_prob_x_len_+_biced_0.0_x_dcce/model/model.npz.orig.npz
[2019-08-04 21:56:28] Saving model to ../experiments/10M_fasttext_prob_x_len_+_biced_0.0_x_dcce/model/model.iter120000.npz
[2019-08-04 21:56:42] Saving model to ../experiments/10M_fasttext_prob_x_len_+_biced_0.0_x_dcce/model/model.npz
[2019-08-04 21:57:03] Saving Adam parameters to ../experiments/10M_fasttext_prob_x_len_+_biced_0.0_x_dcce/model/model.npz.optimizer.npz
[2019-08-04 21:57:35] [valid] Ep. 26 : Up. 120000 : cross-entropy : 71.3825 : stalled 2 times (last best: 69.9157)
[2019-08-04 21:57:44] [valid] Ep. 26 : Up. 120000 : perplexity : 16.4783 : stalled 2 times (last best: 15.5563)
[2019-08-04 21:59:12] [valid] Ep. 26 : Up. 120000 : translation : 25.11 : stalled 2 times (last best: 25.24)
[2019-08-04 22:10:42] Ep. 26 : Up. 122000 : Sen. 503,691 : Cost 15.05060291 : Time 873.85s : 5490.89 words/s
[2019-08-04 22:17:39] Seen 676506 samples
[2019-08-04 22:17:39] Starting epoch 27
[2019-08-04 22:17:39] [data] Shuffling data
[2019-08-04 22:17:40] [data] Done reading 719507 sentences
[2019-08-04 22:17:48] [data] Done shuffling 719507 sentences to temp files
[2019-08-04 22:22:23] Ep. 27 : Up. 124000 : Sen. 113,390 : Cost 14.96558380 : Time 700.59s : 6845.60 words/s
[2019-08-04 22:33:52] Ep. 27 : Up. 126000 : Sen. 397,037 : Cost 14.76156616 : Time 689.21s : 6923.32 words/s
[2019-08-04 22:45:05] Seen 676506 samples
[2019-08-04 22:45:05] Starting epoch 28
[2019-08-04 22:45:05] [data] Shuffling data
[2019-08-04 22:45:05] [data] Done reading 719507 sentences
[2019-08-04 22:45:13] [data] Done shuffling 719507 sentences to temp files
[2019-08-04 22:45:33] Ep. 28 : Up. 128000 : Sen. 6,696 : Cost 15.09842968 : Time 700.56s : 6864.50 words/s
[2019-08-04 22:57:01] Ep. 28 : Up. 130000 : Sen. 292,178 : Cost 14.27460957 : Time 688.79s : 6952.72 words/s
[2019-08-04 23:08:35] Ep. 28 : Up. 132000 : Sen. 579,477 : Cost 14.67785263 : Time 693.62s : 6952.83 words/s
[2019-08-04 23:12:32] Seen 676506 samples
[2019-08-04 23:12:32] Starting epoch 29
[2019-08-04 23:12:32] [data] Shuffling data
[2019-08-04 23:12:32] [data] Done reading 719507 sentences
[2019-08-04 23:12:46] [data] Done shuffling 719507 sentences to temp files
[2019-08-04 23:20:21] Ep. 29 : Up. 134000 : Sen. 186,299 : Cost 14.40339851 : Time 706.04s : 6743.69 words/s
[2019-08-04 23:31:53] Ep. 29 : Up. 136000 : Sen. 472,343 : Cost 14.57942963 : Time 692.01s : 6953.27 words/s
[2019-08-04 23:40:05] Seen 676506 samples
[2019-08-04 23:40:05] Starting epoch 30
[2019-08-04 23:40:05] [data] Shuffling data
[2019-08-04 23:40:06] [data] Done reading 719507 sentences
[2019-08-04 23:40:19] [data] Done shuffling 719507 sentences to temp files
[2019-08-04 23:43:38] Ep. 30 : Up. 138000 : Sen. 82,063 : Cost 14.39475060 : Time 705.24s : 6798.41 words/s
[2019-08-04 23:55:10] Ep. 30 : Up. 140000 : Sen. 367,681 : Cost 14.20103836 : Time 691.26s : 6949.93 words/s
[2019-08-04 23:55:10] Saving model to ../experiments/10M_fasttext_prob_x_len_+_biced_0.0_x_dcce/model/model.npz.orig.npz
[2019-08-04 23:55:31] Saving model to ../experiments/10M_fasttext_prob_x_len_+_biced_0.0_x_dcce/model/model.iter140000.npz
[2019-08-04 23:55:42] Saving model to ../experiments/10M_fasttext_prob_x_len_+_biced_0.0_x_dcce/model/model.npz
[2019-08-04 23:56:07] Saving Adam parameters to ../experiments/10M_fasttext_prob_x_len_+_biced_0.0_x_dcce/model/model.npz.optimizer.npz
[2019-08-04 23:56:46] [valid] Ep. 30 : Up. 140000 : cross-entropy : 72.7265 : stalled 3 times (last best: 69.9157)
[2019-08-04 23:56:55] [valid] Ep. 30 : Up. 140000 : perplexity : 17.371 : stalled 3 times (last best: 15.5563)
[2019-08-04 23:58:18] [valid] Ep. 30 : Up. 140000 : translation : 25.17 : stalled 3 times (last best: 25.24)
[2019-08-05 00:09:48] Ep. 30 : Up. 142000 : Sen. 652,800 : Cost 14.43643188 : Time 878.65s : 5451.19 words/s
[2019-08-05 00:10:46] Seen 676506 samples
[2019-08-05 00:10:46] Starting epoch 31
[2019-08-05 00:10:46] [data] Shuffling data
[2019-08-05 00:10:46] [data] Done reading 719507 sentences
[2019-08-05 00:11:06] [data] Done shuffling 719507 sentences to temp files
[2019-08-05 00:21:39] Ep. 31 : Up. 144000 : Sen. 261,778 : Cost 13.99083328 : Time 710.72s : 6742.85 words/s
[2019-08-05 00:33:07] Ep. 31 : Up. 146000 : Sen. 546,873 : Cost 14.05773354 : Time 688.13s : 6964.19 words/s
[2019-08-05 00:38:19] Seen 676506 samples
[2019-08-05 00:38:19] Starting epoch 32
[2019-08-05 00:38:19] [data] Shuffling data
[2019-08-05 00:38:19] [data] Done reading 719507 sentences
[2019-08-05 00:38:37] [data] Done shuffling 719507 sentences to temp files
[2019-08-05 00:44:58] Ep. 32 : Up. 148000 : Sen. 157,241 : Cost 13.89777946 : Time 710.99s : 6768.55 words/s
[2019-08-05 00:56:28] Ep. 32 : Up. 150000 : Sen. 443,045 : Cost 13.96282768 : Time 689.91s : 6979.34 words/s
[2019-08-05 01:05:49] Seen 676506 samples
[2019-08-05 01:05:49] Starting epoch 33
[2019-08-05 01:05:49] [data] Shuffling data
[2019-08-05 01:05:50] [data] Done reading 719507 sentences
[2019-08-05 01:05:58] [data] Done shuffling 719507 sentences to temp files
[2019-08-05 01:08:08] Ep. 33 : Up. 152000 : Sen. 52,047 : Cost 13.89318371 : Time 700.17s : 6824.15 words/s
[2019-08-05 01:19:39] Ep. 33 : Up. 154000 : Sen. 339,507 : Cost 13.62189388 : Time 690.97s : 6982.82 words/s
[2019-08-05 01:31:05] Ep. 33 : Up. 156000 : Sen. 624,281 : Cost 13.93463135 : Time 685.45s : 6978.06 words/s
[2019-08-05 01:33:11] Seen 676506 samples
[2019-08-05 01:33:11] Starting epoch 34
[2019-08-05 01:33:11] [data] Shuffling data
[2019-08-05 01:33:12] [data] Done reading 719507 sentences
[2019-08-05 01:33:26] [data] Done shuffling 719507 sentences to temp files
[2019-08-05 01:42:51] Ep. 34 : Up. 158000 : Sen. 233,656 : Cost 13.50290871 : Time 706.71s : 6780.96 words/s
[2019-08-05 01:54:18] Ep. 34 : Up. 160000 : Sen. 517,992 : Cost 13.67506981 : Time 686.51s : 6973.53 words/s
[2019-08-05 01:54:18] Saving model to ../experiments/10M_fasttext_prob_x_len_+_biced_0.0_x_dcce/model/model.npz.orig.npz
[2019-08-05 01:54:33] Saving model to ../experiments/10M_fasttext_prob_x_len_+_biced_0.0_x_dcce/model/model.iter160000.npz
[2019-08-05 01:54:49] Saving model to ../experiments/10M_fasttext_prob_x_len_+_biced_0.0_x_dcce/model/model.npz
[2019-08-05 01:55:18] Saving Adam parameters to ../experiments/10M_fasttext_prob_x_len_+_biced_0.0_x_dcce/model/model.npz.optimizer.npz
[2019-08-05 01:55:49] [valid] Ep. 34 : Up. 160000 : cross-entropy : 74.1171 : stalled 4 times (last best: 69.9157)
[2019-08-05 01:55:58] [valid] Ep. 34 : Up. 160000 : perplexity : 18.3455 : stalled 4 times (last best: 15.5563)
[2019-08-05 01:57:19] [valid] Ep. 34 : Up. 160000 : translation : 25.03 : stalled 4 times (last best: 25.24)
[2019-08-05 02:03:43] Seen 676506 samples
[2019-08-05 02:03:43] Starting epoch 35
[2019-08-05 02:03:43] [data] Shuffling data
[2019-08-05 02:03:44] [data] Done reading 719507 sentences
[2019-08-05 02:04:01] [data] Done shuffling 719507 sentences to temp files
[2019-08-05 02:09:10] Ep. 35 : Up. 162000 : Sen. 127,537 : Cost 13.45198917 : Time 892.62s : 5376.59 words/s
[2019-08-05 02:20:42] Ep. 35 : Up. 164000 : Sen. 414,781 : Cost 13.27706337 : Time 691.92s : 6969.71 words/s
[2019-08-05 02:31:14] Seen 676506 samples
[2019-08-05 02:31:14] Starting epoch 36
[2019-08-05 02:31:14] [data] Shuffling data
[2019-08-05 02:31:15] [data] Done reading 719507 sentences
[2019-08-05 02:31:24] [data] Done shuffling 719507 sentences to temp files
[2019-08-05 02:32:19] Ep. 36 : Up. 166000 : Sen. 22,276 : Cost 13.35859299 : Time 697.02s : 6847.82 words/s
[2019-08-05 02:43:48] Ep. 36 : Up. 168000 : Sen. 308,376 : Cost 13.05832672 : Time 688.93s : 6974.27 words/s
[2019-08-05 02:55:15] Ep. 36 : Up. 170000 : Sen. 594,428 : Cost 13.32661819 : Time 686.89s : 6987.26 words/s
[2019-08-05 02:58:34] Seen 676506 samples
[2019-08-05 02:58:34] Starting epoch 37
[2019-08-05 02:58:34] [data] Shuffling data
[2019-08-05 02:58:34] [data] Done reading 719507 sentences
[2019-08-05 02:58:50] [data] Done shuffling 719507 sentences to temp files
[2019-08-05 03:07:02] Ep. 37 : Up. 172000 : Sen. 203,678 : Cost 12.97462654 : Time 706.94s : 6795.62 words/s
[2019-08-05 03:18:26] Ep. 37 : Up. 174000 : Sen. 488,203 : Cost 13.11731148 : Time 683.44s : 6992.75 words/s
[2019-08-05 03:25:59] Seen 676506 samples
[2019-08-05 03:25:59] Starting epoch 38
[2019-08-05 03:25:59] [data] Shuffling data
[2019-08-05 03:25:59] [data] Done reading 719507 sentences
[2019-08-05 03:26:14] [data] Done shuffling 719507 sentences to temp files
[2019-08-05 03:30:11] Ep. 38 : Up. 176000 : Sen. 97,969 : Cost 13.02302361 : Time 705.71s : 6806.88 words/s
[2019-08-05 03:41:40] Ep. 38 : Up. 178000 : Sen. 382,929 : Cost 12.97713375 : Time 688.95s : 6954.11 words/s
[2019-08-05 03:53:06] Ep. 38 : Up. 180000 : Sen. 667,404 : Cost 13.03514004 : Time 685.63s : 6957.10 words/s
[2019-08-05 03:53:06] Saving model to ../experiments/10M_fasttext_prob_x_len_+_biced_0.0_x_dcce/model/model.npz.orig.npz
[2019-08-05 03:53:36] Saving model to ../experiments/10M_fasttext_prob_x_len_+_biced_0.0_x_dcce/model/model.iter180000.npz
[2019-08-05 03:53:47] Saving model to ../experiments/10M_fasttext_prob_x_len_+_biced_0.0_x_dcce/model/model.npz
[2019-08-05 03:54:24] Saving Adam parameters to ../experiments/10M_fasttext_prob_x_len_+_biced_0.0_x_dcce/model/model.npz.optimizer.npz
[2019-08-05 03:55:05] [valid] Ep. 38 : Up. 180000 : cross-entropy : 75.4789 : stalled 5 times (last best: 69.9157)
[2019-08-05 03:55:14] [valid] Ep. 38 : Up. 180000 : perplexity : 19.3529 : stalled 5 times (last best: 15.5563)
[2019-08-05 03:56:32] [valid] Ep. 38 : Up. 180000 : translation : 24.81 : stalled 5 times (last best: 25.24)
[2019-08-05 03:56:33] Training finished
[2019-08-05 03:56:40] Saving model to ../experiments/10M_fasttext_prob_x_len_+_biced_0.0_x_dcce/model/model.npz.orig.npz
[2019-08-05 03:57:18] Saving model to ../experiments/10M_fasttext_prob_x_len_+_biced_0.0_x_dcce/model/model.npz
[2019-08-05 03:57:41] Saving Adam parameters to ../experiments/10M_fasttext_prob_x_len_+_biced_0.0_x_dcce/model/model.npz.optimizer.npz
