[2019-07-27 02:03:01] [marian] Marian v1.7.8 ec2d66e 2019-05-27 14:52:11 +0100
[2019-07-27 02:03:01] [marian] Running on hretha as process 4620 with command line:
[2019-07-27 02:03:01] [marian] /fs/bil0/abdel/marian-dev/build/marian --sync-sgd --model ../experiments/100M_fasttext_prob_x_len_+_dcce_x_ced_0.25_w3000/model/model.npz -T . --devices 1 --train-sets ../experiments/100M_fasttext_prob_x_len_+_dcce_x_ced_0.25_w3000/data/train.bpe.de ../experiments/100M_fasttext_prob_x_len_+_dcce_x_ced_0.25_w3000/data/train.bpe.en --vocabs ../experiments/100M_fasttext_prob_x_len_+_dcce_x_ced_0.25_w3000/data/train.bpe.de.json ../experiments/100M_fasttext_prob_x_len_+_dcce_x_ced_0.25_w3000/data/train.bpe.en.json --mini-batch-fit -w 3000 --dim-vocabs 50000 50000 --layer-normalization --dropout-rnn 0.2 --dropout-src 0.1 --dropout-trg 0.1 --learn-rate 0.0001 --after-epochs 0 --early-stopping 5 --valid-freq 20000 --save-freq 20000 --disp-freq 2000 --valid-mini-batch 8 --valid-sets ../experiments/100M_fasttext_prob_x_len_+_dcce_x_ced_0.25_w3000/data/dev.bpe.de ../experiments/100M_fasttext_prob_x_len_+_dcce_x_ced_0.25_w3000/data/dev.bpe.en --valid-metrics cross-entropy perplexity translation --valid-translation-output ../experiments/100M_fasttext_prob_x_len_+_dcce_x_ced_0.25_w3000/model/dev.out --valid-script-path ../experiments/100M_fasttext_prob_x_len_+_dcce_x_ced_0.25_w3000/score-dev.sh --seed 1111 --exponential-smoothing --normalize=1 --beam-size=12 --quiet-translation --log ../experiments/100M_fasttext_prob_x_len_+_dcce_x_ced_0.25_w3000/model/train.log --valid-log ../experiments/100M_fasttext_prob_x_len_+_dcce_x_ced_0.25_w3000/model/valid.log
[2019-07-27 02:03:01] [config] after-batches: 0
[2019-07-27 02:03:01] [config] after-epochs: 0
[2019-07-27 02:03:01] [config] allow-unk: false
[2019-07-27 02:03:01] [config] beam-size: 12
[2019-07-27 02:03:01] [config] bert-class-symbol: "[CLS]"
[2019-07-27 02:03:01] [config] bert-mask-symbol: "[MASK]"
[2019-07-27 02:03:01] [config] bert-masking-fraction: 0.15
[2019-07-27 02:03:01] [config] bert-sep-symbol: "[SEP]"
[2019-07-27 02:03:01] [config] bert-train-type-embeddings: true
[2019-07-27 02:03:01] [config] bert-type-vocab-size: 2
[2019-07-27 02:03:01] [config] best-deep: false
[2019-07-27 02:03:01] [config] clip-gemm: 0
[2019-07-27 02:03:01] [config] clip-norm: 1
[2019-07-27 02:03:01] [config] cost-type: ce-mean
[2019-07-27 02:03:01] [config] cpu-threads: 0
[2019-07-27 02:03:01] [config] data-weighting: ""
[2019-07-27 02:03:01] [config] data-weighting-type: sentence
[2019-07-27 02:03:01] [config] dec-cell: gru
[2019-07-27 02:03:01] [config] dec-cell-base-depth: 2
[2019-07-27 02:03:01] [config] dec-cell-high-depth: 1
[2019-07-27 02:03:01] [config] dec-depth: 1
[2019-07-27 02:03:01] [config] devices:
[2019-07-27 02:03:01] [config]   - 1
[2019-07-27 02:03:01] [config] dim-emb: 512
[2019-07-27 02:03:01] [config] dim-rnn: 1024
[2019-07-27 02:03:01] [config] dim-vocabs:
[2019-07-27 02:03:01] [config]   - 50000
[2019-07-27 02:03:01] [config]   - 50000
[2019-07-27 02:03:01] [config] disp-first: 0
[2019-07-27 02:03:01] [config] disp-freq: 2000
[2019-07-27 02:03:01] [config] disp-label-counts: false
[2019-07-27 02:03:01] [config] dropout-rnn: 0.2
[2019-07-27 02:03:01] [config] dropout-src: 0.1
[2019-07-27 02:03:01] [config] dropout-trg: 0.1
[2019-07-27 02:03:01] [config] dump-config: ""
[2019-07-27 02:03:01] [config] early-stopping: 5
[2019-07-27 02:03:01] [config] embedding-fix-src: false
[2019-07-27 02:03:01] [config] embedding-fix-trg: false
[2019-07-27 02:03:01] [config] embedding-normalization: false
[2019-07-27 02:03:01] [config] embedding-vectors:
[2019-07-27 02:03:01] [config]   []
[2019-07-27 02:03:01] [config] enc-cell: gru
[2019-07-27 02:03:01] [config] enc-cell-depth: 1
[2019-07-27 02:03:01] [config] enc-depth: 1
[2019-07-27 02:03:01] [config] enc-type: bidirectional
[2019-07-27 02:03:01] [config] exponential-smoothing: 0.0001
[2019-07-27 02:03:01] [config] grad-dropping-momentum: 0
[2019-07-27 02:03:01] [config] grad-dropping-rate: 0
[2019-07-27 02:03:01] [config] grad-dropping-warmup: 100
[2019-07-27 02:03:01] [config] guided-alignment: none
[2019-07-27 02:03:01] [config] guided-alignment-cost: mse
[2019-07-27 02:03:01] [config] guided-alignment-weight: 0.1
[2019-07-27 02:03:01] [config] ignore-model-config: false
[2019-07-27 02:03:01] [config] input-types:
[2019-07-27 02:03:01] [config]   []
[2019-07-27 02:03:01] [config] interpolate-env-vars: false
[2019-07-27 02:03:01] [config] keep-best: false
[2019-07-27 02:03:01] [config] label-smoothing: 0
[2019-07-27 02:03:01] [config] layer-normalization: true
[2019-07-27 02:03:01] [config] learn-rate: 0.0001
[2019-07-27 02:03:01] [config] log: ../experiments/100M_fasttext_prob_x_len_+_dcce_x_ced_0.25_w3000/model/train.log
[2019-07-27 02:03:01] [config] log-level: info
[2019-07-27 02:03:01] [config] log-time-zone: ""
[2019-07-27 02:03:01] [config] lr-decay: 0
[2019-07-27 02:03:01] [config] lr-decay-freq: 50000
[2019-07-27 02:03:01] [config] lr-decay-inv-sqrt:
[2019-07-27 02:03:01] [config]   - 0
[2019-07-27 02:03:01] [config] lr-decay-repeat-warmup: false
[2019-07-27 02:03:01] [config] lr-decay-reset-optimizer: false
[2019-07-27 02:03:01] [config] lr-decay-start:
[2019-07-27 02:03:01] [config]   - 10
[2019-07-27 02:03:01] [config]   - 1
[2019-07-27 02:03:01] [config] lr-decay-strategy: epoch+stalled
[2019-07-27 02:03:01] [config] lr-report: false
[2019-07-27 02:03:01] [config] lr-warmup: 0
[2019-07-27 02:03:01] [config] lr-warmup-at-reload: false
[2019-07-27 02:03:01] [config] lr-warmup-cycle: false
[2019-07-27 02:03:01] [config] lr-warmup-start-rate: 0
[2019-07-27 02:03:01] [config] max-length: 50
[2019-07-27 02:03:01] [config] max-length-crop: false
[2019-07-27 02:03:01] [config] max-length-factor: 3
[2019-07-27 02:03:01] [config] maxi-batch: 100
[2019-07-27 02:03:01] [config] maxi-batch-sort: trg
[2019-07-27 02:03:01] [config] mini-batch: 64
[2019-07-27 02:03:01] [config] mini-batch-fit: true
[2019-07-27 02:03:01] [config] mini-batch-fit-step: 10
[2019-07-27 02:03:01] [config] mini-batch-overstuff: 1
[2019-07-27 02:03:01] [config] mini-batch-track-lr: false
[2019-07-27 02:03:01] [config] mini-batch-understuff: 1
[2019-07-27 02:03:01] [config] mini-batch-warmup: 0
[2019-07-27 02:03:01] [config] mini-batch-words: 0
[2019-07-27 02:03:01] [config] mini-batch-words-ref: 0
[2019-07-27 02:03:01] [config] model: ../experiments/100M_fasttext_prob_x_len_+_dcce_x_ced_0.25_w3000/model/model.npz
[2019-07-27 02:03:01] [config] multi-loss-type: sum
[2019-07-27 02:03:01] [config] multi-node: false
[2019-07-27 02:03:01] [config] multi-node-overlap: true
[2019-07-27 02:03:01] [config] n-best: false
[2019-07-27 02:03:01] [config] no-nccl: false
[2019-07-27 02:03:01] [config] no-reload: false
[2019-07-27 02:03:01] [config] no-restore-corpus: false
[2019-07-27 02:03:01] [config] no-shuffle: false
[2019-07-27 02:03:01] [config] normalize: 1
[2019-07-27 02:03:01] [config] num-devices: 0
[2019-07-27 02:03:01] [config] optimizer: adam
[2019-07-27 02:03:01] [config] optimizer-delay: 1
[2019-07-27 02:03:01] [config] optimizer-params:
[2019-07-27 02:03:01] [config]   []
[2019-07-27 02:03:01] [config] overwrite: false
[2019-07-27 02:03:01] [config] pretrained-model: ""
[2019-07-27 02:03:01] [config] quiet: false
[2019-07-27 02:03:01] [config] quiet-translation: true
[2019-07-27 02:03:01] [config] relative-paths: false
[2019-07-27 02:03:01] [config] right-left: false
[2019-07-27 02:03:01] [config] save-freq: 20000
[2019-07-27 02:03:01] [config] seed: 1111
[2019-07-27 02:03:01] [config] shuffle-in-ram: false
[2019-07-27 02:03:01] [config] skip: false
[2019-07-27 02:03:01] [config] sqlite: ""
[2019-07-27 02:03:01] [config] sqlite-drop: false
[2019-07-27 02:03:01] [config] sync-sgd: true
[2019-07-27 02:03:01] [config] tempdir: .
[2019-07-27 02:03:01] [config] tied-embeddings: false
[2019-07-27 02:03:01] [config] tied-embeddings-all: false
[2019-07-27 02:03:01] [config] tied-embeddings-src: false
[2019-07-27 02:03:01] [config] train-sets:
[2019-07-27 02:03:01] [config]   - ../experiments/100M_fasttext_prob_x_len_+_dcce_x_ced_0.25_w3000/data/train.bpe.de
[2019-07-27 02:03:01] [config]   - ../experiments/100M_fasttext_prob_x_len_+_dcce_x_ced_0.25_w3000/data/train.bpe.en
[2019-07-27 02:03:01] [config] transformer-aan-activation: swish
[2019-07-27 02:03:01] [config] transformer-aan-depth: 2
[2019-07-27 02:03:01] [config] transformer-aan-nogate: false
[2019-07-27 02:03:01] [config] transformer-decoder-autoreg: self-attention
[2019-07-27 02:03:01] [config] transformer-dim-aan: 2048
[2019-07-27 02:03:01] [config] transformer-dim-ffn: 2048
[2019-07-27 02:03:01] [config] transformer-dropout: 0
[2019-07-27 02:03:01] [config] transformer-dropout-attention: 0
[2019-07-27 02:03:01] [config] transformer-dropout-ffn: 0
[2019-07-27 02:03:01] [config] transformer-ffn-activation: swish
[2019-07-27 02:03:01] [config] transformer-ffn-depth: 2
[2019-07-27 02:03:01] [config] transformer-guided-alignment-layer: last
[2019-07-27 02:03:01] [config] transformer-heads: 8
[2019-07-27 02:03:01] [config] transformer-no-projection: false
[2019-07-27 02:03:01] [config] transformer-postprocess: dan
[2019-07-27 02:03:01] [config] transformer-postprocess-emb: d
[2019-07-27 02:03:01] [config] transformer-preprocess: ""
[2019-07-27 02:03:01] [config] transformer-tied-layers:
[2019-07-27 02:03:01] [config]   []
[2019-07-27 02:03:01] [config] transformer-train-position-embeddings: false
[2019-07-27 02:03:01] [config] type: amun
[2019-07-27 02:03:01] [config] ulr: false
[2019-07-27 02:03:01] [config] ulr-dim-emb: 0
[2019-07-27 02:03:01] [config] ulr-dropout: 0
[2019-07-27 02:03:01] [config] ulr-keys-vectors: ""
[2019-07-27 02:03:01] [config] ulr-query-vectors: ""
[2019-07-27 02:03:01] [config] ulr-softmax-temperature: 1
[2019-07-27 02:03:01] [config] ulr-trainable-transformation: false
[2019-07-27 02:03:01] [config] valid-freq: 20000
[2019-07-27 02:03:01] [config] valid-log: ../experiments/100M_fasttext_prob_x_len_+_dcce_x_ced_0.25_w3000/model/valid.log
[2019-07-27 02:03:01] [config] valid-max-length: 1000
[2019-07-27 02:03:01] [config] valid-metrics:
[2019-07-27 02:03:01] [config]   - cross-entropy
[2019-07-27 02:03:01] [config]   - perplexity
[2019-07-27 02:03:01] [config]   - translation
[2019-07-27 02:03:01] [config] valid-mini-batch: 8
[2019-07-27 02:03:01] [config] valid-script-path: ../experiments/100M_fasttext_prob_x_len_+_dcce_x_ced_0.25_w3000/score-dev.sh
[2019-07-27 02:03:01] [config] valid-sets:
[2019-07-27 02:03:01] [config]   - ../experiments/100M_fasttext_prob_x_len_+_dcce_x_ced_0.25_w3000/data/dev.bpe.de
[2019-07-27 02:03:01] [config]   - ../experiments/100M_fasttext_prob_x_len_+_dcce_x_ced_0.25_w3000/data/dev.bpe.en
[2019-07-27 02:03:01] [config] valid-translation-output: ../experiments/100M_fasttext_prob_x_len_+_dcce_x_ced_0.25_w3000/model/dev.out
[2019-07-27 02:03:01] [config] vocabs:
[2019-07-27 02:03:01] [config]   - ../experiments/100M_fasttext_prob_x_len_+_dcce_x_ced_0.25_w3000/data/train.bpe.de.json
[2019-07-27 02:03:01] [config]   - ../experiments/100M_fasttext_prob_x_len_+_dcce_x_ced_0.25_w3000/data/train.bpe.en.json
[2019-07-27 02:03:01] [config] word-penalty: 0
[2019-07-27 02:03:01] [config] workspace: 3000
[2019-07-27 02:03:01] [config] Model is being created with Marian v1.7.8 ec2d66e 2019-05-27 14:52:11 +0100
[2019-07-27 02:03:01] Using synchronous training
[2019-07-27 02:03:01] [data] Loading vocabulary from JSON/Yaml file ../experiments/100M_fasttext_prob_x_len_+_dcce_x_ced_0.25_w3000/data/train.bpe.de.json
[2019-07-27 02:03:02] [data] Using unused word id eos for 0
[2019-07-27 02:03:02] [data] Using unused word id UNK for 1
[2019-07-27 02:03:02] [data] Setting vocabulary size for input 0 to 50000
[2019-07-27 02:03:02] [data] Loading vocabulary from JSON/Yaml file ../experiments/100M_fasttext_prob_x_len_+_dcce_x_ced_0.25_w3000/data/train.bpe.en.json
[2019-07-27 02:03:02] [data] Using unused word id eos for 0
[2019-07-27 02:03:02] [data] Using unused word id UNK for 1
[2019-07-27 02:03:02] [data] Setting vocabulary size for input 1 to 50000
[2019-07-27 02:03:02] Compiled without MPI support. Falling back to FakeMPIWrapper
[2019-07-27 02:03:02] [batching] Collecting statistics for batch fitting with step size 10
[2019-07-27 02:03:03] [memory] Extending reserved space to 3072 MB (device gpu1)
[2019-07-27 02:03:04] [comm] Using NCCL 2.4.2 for GPU communication
[2019-07-27 02:03:04] [comm] NCCLCommunicator constructed successfully.
[2019-07-27 02:03:04] [training] Using 1 GPUs
[2019-07-27 02:03:04] [memory] Reserving 422 MB, device gpu1
[2019-07-27 02:03:04] [gpu] 16-bit TensorCores enabled for float32 matrix operations
[2019-07-27 02:03:04] [memory] Reserving 422 MB, device gpu1
[2019-07-27 02:03:09] [batching] Done. Typical MB size is 4042 target words
[2019-07-27 02:03:09] [memory] Extending reserved space to 3072 MB (device gpu1)
[2019-07-27 02:03:09] [comm] Using NCCL 2.4.2 for GPU communication
[2019-07-27 02:03:09] [comm] NCCLCommunicator constructed successfully.
[2019-07-27 02:03:09] [training] Using 1 GPUs
[2019-07-27 02:03:09] Training started
[2019-07-27 02:03:09] [data] Shuffling data
[2019-07-27 02:03:12] [data] Done reading 5196149 sentences
[2019-07-27 02:03:35] [data] Done shuffling 5196149 sentences to temp files
[2019-07-27 02:03:41] [training] Batches are processed as 1 process(es) x 1 devices/process
[2019-07-27 02:03:41] [memory] Reserving 422 MB, device gpu1
[2019-07-27 02:03:41] [memory] Reserving 422 MB, device gpu1
[2019-07-27 02:03:41] [memory] Reserving 422 MB, device gpu1
[2019-07-27 02:03:41] [memory] Reserving 844 MB, device gpu1
[2019-07-27 02:12:19] Ep. 1 : Up. 2000 : Sen. 206,602 : Cost 129.75082397 : Time 556.56s : 7931.33 words/s
[2019-07-27 02:21:01] Ep. 1 : Up. 4000 : Sen. 413,664 : Cost 105.14312744 : Time 522.52s : 8453.50 words/s
[2019-07-27 02:29:45] Ep. 1 : Up. 6000 : Sen. 620,652 : Cost 92.91146088 : Time 523.72s : 8424.39 words/s
[2019-07-27 02:38:30] Ep. 1 : Up. 8000 : Sen. 827,280 : Cost 84.99728394 : Time 524.60s : 8416.10 words/s
[2019-07-27 02:47:10] Ep. 1 : Up. 10000 : Sen. 1,034,039 : Cost 78.63124084 : Time 520.54s : 8461.35 words/s
[2019-07-27 02:55:50] Ep. 1 : Up. 12000 : Sen. 1,239,946 : Cost 74.48889923 : Time 520.00s : 8440.20 words/s
[2019-07-27 03:04:36] Ep. 1 : Up. 14000 : Sen. 1,447,971 : Cost 71.15253448 : Time 525.45s : 8428.29 words/s
[2019-07-27 03:13:20] Ep. 1 : Up. 16000 : Sen. 1,654,940 : Cost 69.16749573 : Time 524.09s : 8431.72 words/s
[2019-07-27 03:22:07] Ep. 1 : Up. 18000 : Sen. 1,863,547 : Cost 66.53283691 : Time 526.81s : 8434.22 words/s
[2019-07-27 03:30:48] Ep. 1 : Up. 20000 : Sen. 2,069,912 : Cost 65.15606689 : Time 521.17s : 8435.04 words/s
[2019-07-27 03:30:48] Saving model to ../experiments/100M_fasttext_prob_x_len_+_dcce_x_ced_0.25_w3000/model/model.npz.orig.npz
[2019-07-27 03:30:57] Saving model to ../experiments/100M_fasttext_prob_x_len_+_dcce_x_ced_0.25_w3000/model/model.iter20000.npz
[2019-07-27 03:31:04] Saving model to ../experiments/100M_fasttext_prob_x_len_+_dcce_x_ced_0.25_w3000/model/model.npz
[2019-07-27 03:31:13] Saving Adam parameters to ../experiments/100M_fasttext_prob_x_len_+_dcce_x_ced_0.25_w3000/model/model.npz.optimizer.npz
[2019-07-27 03:31:38] [valid] Ep. 1 : Up. 20000 : cross-entropy : 77.9056 : new best
[2019-07-27 03:31:46] [valid] Ep. 1 : Up. 20000 : perplexity : 21.6701 : new best
[2019-07-27 03:32:51] [valid] Ep. 1 : Up. 20000 : translation : 20.65 : new best
[2019-07-27 03:41:38] Ep. 1 : Up. 22000 : Sen. 2,276,941 : Cost 63.89616013 : Time 650.29s : 6797.57 words/s
[2019-07-27 03:50:24] Ep. 1 : Up. 24000 : Sen. 2,483,741 : Cost 62.61301422 : Time 526.14s : 8403.19 words/s
[2019-07-27 03:59:09] Ep. 1 : Up. 26000 : Sen. 2,690,863 : Cost 61.51604843 : Time 524.60s : 8428.33 words/s
[2019-07-27 04:07:53] Ep. 1 : Up. 28000 : Sen. 2,897,788 : Cost 60.77601624 : Time 524.23s : 8430.46 words/s
[2019-07-27 04:16:40] Ep. 1 : Up. 30000 : Sen. 3,104,901 : Cost 59.81790543 : Time 526.78s : 8393.07 words/s
[2019-07-27 04:25:22] Ep. 1 : Up. 32000 : Sen. 3,310,498 : Cost 59.19207382 : Time 522.72s : 8423.27 words/s
[2019-07-27 04:34:06] Ep. 1 : Up. 34000 : Sen. 3,517,401 : Cost 58.15779495 : Time 523.23s : 8419.24 words/s
[2019-07-27 04:42:48] Ep. 1 : Up. 36000 : Sen. 3,724,073 : Cost 57.87058640 : Time 522.55s : 8446.28 words/s
[2019-07-27 04:51:31] Ep. 1 : Up. 38000 : Sen. 3,930,759 : Cost 57.08150101 : Time 523.13s : 8439.67 words/s
[2019-07-27 05:00:18] Ep. 1 : Up. 40000 : Sen. 4,138,724 : Cost 56.57946396 : Time 526.81s : 8404.09 words/s
[2019-07-27 05:00:18] Saving model to ../experiments/100M_fasttext_prob_x_len_+_dcce_x_ced_0.25_w3000/model/model.npz.orig.npz
[2019-07-27 05:00:26] Saving model to ../experiments/100M_fasttext_prob_x_len_+_dcce_x_ced_0.25_w3000/model/model.iter40000.npz
[2019-07-27 05:00:33] Saving model to ../experiments/100M_fasttext_prob_x_len_+_dcce_x_ced_0.25_w3000/model/model.npz
[2019-07-27 05:00:43] Saving Adam parameters to ../experiments/100M_fasttext_prob_x_len_+_dcce_x_ced_0.25_w3000/model/model.npz.optimizer.npz
[2019-07-27 05:01:07] [valid] Ep. 1 : Up. 40000 : cross-entropy : 64.8967 : new best
[2019-07-27 05:01:15] [valid] Ep. 1 : Up. 40000 : perplexity : 12.9657 : new best
[2019-07-27 05:02:17] [valid] Ep. 1 : Up. 40000 : translation : 24.91 : new best
[2019-07-27 05:11:04] Ep. 1 : Up. 42000 : Sen. 4,346,207 : Cost 55.72233963 : Time 646.18s : 6840.41 words/s
[2019-07-27 05:12:36] Seen 4381953 samples
[2019-07-27 05:12:36] Starting epoch 2
[2019-07-27 05:12:36] [data] Shuffling data
[2019-07-27 05:12:39] [data] Done reading 5196149 sentences
[2019-07-27 05:13:01] [data] Done shuffling 5196149 sentences to temp files
[2019-07-27 05:20:17] Ep. 2 : Up. 44000 : Sen. 170,437 : Cost 54.79332352 : Time 552.60s : 7962.39 words/s
[2019-07-27 05:29:03] Ep. 2 : Up. 46000 : Sen. 376,896 : Cost 54.39968872 : Time 525.61s : 8406.69 words/s
[2019-07-27 05:37:46] Ep. 2 : Up. 48000 : Sen. 583,088 : Cost 54.03121185 : Time 523.10s : 8405.20 words/s
[2019-07-27 05:46:30] Ep. 2 : Up. 50000 : Sen. 790,858 : Cost 53.45964813 : Time 523.97s : 8441.34 words/s
[2019-07-27 05:55:15] Ep. 2 : Up. 52000 : Sen. 996,565 : Cost 53.45565414 : Time 524.93s : 8382.49 words/s
[2019-07-27 06:04:00] Ep. 2 : Up. 54000 : Sen. 1,203,483 : Cost 53.19249344 : Time 525.27s : 8403.25 words/s
[2019-07-27 06:12:43] Ep. 2 : Up. 56000 : Sen. 1,408,977 : Cost 52.74637604 : Time 523.54s : 8359.69 words/s
[2019-07-27 06:21:28] Ep. 2 : Up. 58000 : Sen. 1,615,294 : Cost 52.88137817 : Time 524.36s : 8413.13 words/s
[2019-07-27 06:30:14] Ep. 2 : Up. 60000 : Sen. 1,822,565 : Cost 51.99148560 : Time 526.50s : 8376.93 words/s
[2019-07-27 06:30:14] Saving model to ../experiments/100M_fasttext_prob_x_len_+_dcce_x_ced_0.25_w3000/model/model.npz.orig.npz
[2019-07-27 06:30:23] Saving model to ../experiments/100M_fasttext_prob_x_len_+_dcce_x_ced_0.25_w3000/model/model.iter60000.npz
[2019-07-27 06:30:30] Saving model to ../experiments/100M_fasttext_prob_x_len_+_dcce_x_ced_0.25_w3000/model/model.npz
[2019-07-27 06:30:39] Saving Adam parameters to ../experiments/100M_fasttext_prob_x_len_+_dcce_x_ced_0.25_w3000/model/model.npz.optimizer.npz
[2019-07-27 06:31:03] [valid] Ep. 2 : Up. 60000 : cross-entropy : 59.5789 : new best
[2019-07-27 06:31:11] [valid] Ep. 2 : Up. 60000 : perplexity : 10.5102 : new best
[2019-07-27 06:32:13] [valid] Ep. 2 : Up. 60000 : translation : 26.66 : new best
[2019-07-27 06:40:59] Ep. 2 : Up. 62000 : Sen. 2,029,316 : Cost 52.03126907 : Time 645.10s : 6846.71 words/s
[2019-07-27 06:49:43] Ep. 2 : Up. 64000 : Sen. 2,235,912 : Cost 51.85684204 : Time 523.80s : 8393.80 words/s
[2019-07-27 06:58:29] Ep. 2 : Up. 66000 : Sen. 2,443,331 : Cost 51.64771652 : Time 525.62s : 8404.03 words/s
[2019-07-27 07:07:12] Ep. 2 : Up. 68000 : Sen. 2,649,600 : Cost 51.23731613 : Time 523.68s : 8406.82 words/s
[2019-07-27 07:16:01] Ep. 2 : Up. 70000 : Sen. 2,857,382 : Cost 51.45064163 : Time 528.57s : 8402.98 words/s
[2019-07-27 07:24:47] Ep. 2 : Up. 72000 : Sen. 3,064,728 : Cost 50.98344803 : Time 525.67s : 8408.63 words/s
[2019-07-27 07:33:30] Ep. 2 : Up. 74000 : Sen. 3,271,384 : Cost 50.66312027 : Time 523.51s : 8415.18 words/s
[2019-07-27 07:42:14] Ep. 2 : Up. 76000 : Sen. 3,477,592 : Cost 50.56508636 : Time 524.12s : 8385.26 words/s
[2019-07-27 07:50:58] Ep. 2 : Up. 78000 : Sen. 3,684,823 : Cost 50.35145187 : Time 523.21s : 8440.45 words/s
[2019-07-27 07:59:41] Ep. 2 : Up. 80000 : Sen. 3,891,380 : Cost 50.15535355 : Time 523.21s : 8422.32 words/s
[2019-07-27 07:59:41] Saving model to ../experiments/100M_fasttext_prob_x_len_+_dcce_x_ced_0.25_w3000/model/model.npz.orig.npz
[2019-07-27 07:59:50] Saving model to ../experiments/100M_fasttext_prob_x_len_+_dcce_x_ced_0.25_w3000/model/model.iter80000.npz
[2019-07-27 07:59:57] Saving model to ../experiments/100M_fasttext_prob_x_len_+_dcce_x_ced_0.25_w3000/model/model.npz
[2019-07-27 08:00:06] Saving Adam parameters to ../experiments/100M_fasttext_prob_x_len_+_dcce_x_ced_0.25_w3000/model/model.npz.optimizer.npz
[2019-07-27 08:00:30] [valid] Ep. 2 : Up. 80000 : cross-entropy : 56.3932 : new best
[2019-07-27 08:00:38] [valid] Ep. 2 : Up. 80000 : perplexity : 9.26798 : new best
[2019-07-27 08:01:40] [valid] Ep. 2 : Up. 80000 : translation : 27.65 : new best
[2019-07-27 08:10:27] Ep. 2 : Up. 82000 : Sen. 4,098,652 : Cost 50.06837463 : Time 646.35s : 6852.35 words/s
[2019-07-27 08:19:13] Ep. 2 : Up. 84000 : Sen. 4,306,136 : Cost 50.27983475 : Time 526.27s : 8419.57 words/s
[2019-07-27 08:22:27] Seen 4381953 samples
[2019-07-27 08:22:27] Starting epoch 3
[2019-07-27 08:22:27] [data] Shuffling data
[2019-07-27 08:22:30] [data] Done reading 5196149 sentences
[2019-07-27 08:22:52] [data] Done shuffling 5196149 sentences to temp files
[2019-07-27 08:28:30] Ep. 3 : Up. 86000 : Sen. 130,784 : Cost 49.33360291 : Time 556.86s : 7950.81 words/s
[2019-07-27 08:37:14] Ep. 3 : Up. 88000 : Sen. 337,023 : Cost 48.64409637 : Time 523.89s : 8393.86 words/s
[2019-07-27 08:45:56] Ep. 3 : Up. 90000 : Sen. 543,703 : Cost 48.84846497 : Time 521.46s : 8462.10 words/s
[2019-07-27 08:54:42] Ep. 3 : Up. 92000 : Sen. 751,819 : Cost 48.53538513 : Time 526.87s : 8433.97 words/s
[2019-07-27 09:03:30] Ep. 3 : Up. 94000 : Sen. 959,256 : Cost 48.65087128 : Time 527.84s : 8410.97 words/s
[2019-07-27 09:12:17] Ep. 3 : Up. 96000 : Sen. 1,166,465 : Cost 48.40670395 : Time 526.42s : 8417.95 words/s
[2019-07-27 09:21:01] Ep. 3 : Up. 98000 : Sen. 1,373,235 : Cost 48.61580658 : Time 524.66s : 8420.37 words/s
[2019-07-27 09:29:46] Ep. 3 : Up. 100000 : Sen. 1,580,698 : Cost 48.14718628 : Time 524.15s : 8429.27 words/s
[2019-07-27 09:29:46] Saving model to ../experiments/100M_fasttext_prob_x_len_+_dcce_x_ced_0.25_w3000/model/model.npz.orig.npz
[2019-07-27 09:29:55] Saving model to ../experiments/100M_fasttext_prob_x_len_+_dcce_x_ced_0.25_w3000/model/model.iter100000.npz
[2019-07-27 09:30:02] Saving model to ../experiments/100M_fasttext_prob_x_len_+_dcce_x_ced_0.25_w3000/model/model.npz
[2019-07-27 09:30:12] Saving Adam parameters to ../experiments/100M_fasttext_prob_x_len_+_dcce_x_ced_0.25_w3000/model/model.npz.optimizer.npz
[2019-07-27 09:30:36] [valid] Ep. 3 : Up. 100000 : cross-entropy : 54.4247 : new best
[2019-07-27 09:30:44] [valid] Ep. 3 : Up. 100000 : perplexity : 8.57492 : new best
[2019-07-27 09:31:45] [valid] Ep. 3 : Up. 100000 : translation : 28.28 : new best
[2019-07-27 09:40:34] Ep. 3 : Up. 102000 : Sen. 1,788,181 : Cost 48.17403412 : Time 648.20s : 6821.62 words/s
[2019-07-27 09:49:16] Ep. 3 : Up. 104000 : Sen. 1,995,315 : Cost 47.93041229 : Time 522.46s : 8430.32 words/s
[2019-07-27 09:58:02] Ep. 3 : Up. 106000 : Sen. 2,202,605 : Cost 48.16857910 : Time 525.94s : 8407.35 words/s
[2019-07-27 10:06:47] Ep. 3 : Up. 108000 : Sen. 2,410,105 : Cost 47.79692841 : Time 525.07s : 8416.59 words/s
[2019-07-27 10:15:31] Ep. 3 : Up. 110000 : Sen. 2,616,390 : Cost 47.91127777 : Time 523.71s : 8409.92 words/s
[2019-07-27 10:24:14] Ep. 3 : Up. 112000 : Sen. 2,822,556 : Cost 47.79814911 : Time 523.23s : 8419.55 words/s
[2019-07-27 10:32:56] Ep. 3 : Up. 114000 : Sen. 3,028,418 : Cost 47.58496475 : Time 521.55s : 8411.86 words/s
[2019-07-27 10:41:40] Ep. 3 : Up. 116000 : Sen. 3,234,716 : Cost 47.62549210 : Time 524.29s : 8397.14 words/s
[2019-07-27 10:50:25] Ep. 3 : Up. 118000 : Sen. 3,441,292 : Cost 47.50932693 : Time 525.07s : 8406.13 words/s
[2019-07-27 10:59:07] Ep. 3 : Up. 120000 : Sen. 3,647,465 : Cost 47.08219147 : Time 521.44s : 8405.86 words/s
[2019-07-27 10:59:07] Saving model to ../experiments/100M_fasttext_prob_x_len_+_dcce_x_ced_0.25_w3000/model/model.npz.orig.npz
[2019-07-27 10:59:16] Saving model to ../experiments/100M_fasttext_prob_x_len_+_dcce_x_ced_0.25_w3000/model/model.iter120000.npz
[2019-07-27 10:59:23] Saving model to ../experiments/100M_fasttext_prob_x_len_+_dcce_x_ced_0.25_w3000/model/model.npz
[2019-07-27 10:59:31] Saving Adam parameters to ../experiments/100M_fasttext_prob_x_len_+_dcce_x_ced_0.25_w3000/model/model.npz.optimizer.npz
[2019-07-27 10:59:55] [valid] Ep. 3 : Up. 120000 : cross-entropy : 52.9424 : new best
[2019-07-27 11:00:03] [valid] Ep. 3 : Up. 120000 : perplexity : 8.08749 : new best
[2019-07-27 11:01:04] [valid] Ep. 3 : Up. 120000 : translation : 28.97 : new best
[2019-07-27 11:09:52] Ep. 3 : Up. 122000 : Sen. 3,853,734 : Cost 47.40650177 : Time 645.17s : 6831.27 words/s
[2019-07-27 11:18:37] Ep. 3 : Up. 124000 : Sen. 4,060,683 : Cost 47.23653030 : Time 524.86s : 8396.03 words/s
[2019-07-27 11:27:23] Ep. 3 : Up. 126000 : Sen. 4,268,248 : Cost 47.17836761 : Time 526.27s : 8412.89 words/s
[2019-07-27 11:32:11] Seen 4381953 samples
[2019-07-27 11:32:11] Starting epoch 4
[2019-07-27 11:32:11] [data] Shuffling data
[2019-07-27 11:32:14] [data] Done reading 5196149 sentences
[2019-07-27 11:32:36] [data] Done shuffling 5196149 sentences to temp files
[2019-07-27 11:36:37] Ep. 4 : Up. 128000 : Sen. 92,733 : Cost 46.50615692 : Time 554.22s : 7942.85 words/s
[2019-07-27 11:45:24] Ep. 4 : Up. 130000 : Sen. 299,728 : Cost 46.18134308 : Time 526.47s : 8403.21 words/s
[2019-07-27 11:54:06] Ep. 4 : Up. 132000 : Sen. 507,395 : Cost 45.60921478 : Time 522.55s : 8462.08 words/s
[2019-07-27 12:02:52] Ep. 4 : Up. 134000 : Sen. 714,430 : Cost 46.13066483 : Time 525.62s : 8417.29 words/s
[2019-07-27 12:11:36] Ep. 4 : Up. 136000 : Sen. 921,080 : Cost 46.05080414 : Time 524.06s : 8414.52 words/s
[2019-07-27 12:20:18] Ep. 4 : Up. 138000 : Sen. 1,125,913 : Cost 46.17666626 : Time 522.34s : 8377.39 words/s
[2019-07-27 12:29:03] Ep. 4 : Up. 140000 : Sen. 1,333,125 : Cost 45.84550095 : Time 524.74s : 8433.63 words/s
[2019-07-27 12:29:03] Saving model to ../experiments/100M_fasttext_prob_x_len_+_dcce_x_ced_0.25_w3000/model/model.npz.orig.npz
[2019-07-27 12:29:12] Saving model to ../experiments/100M_fasttext_prob_x_len_+_dcce_x_ced_0.25_w3000/model/model.iter140000.npz
[2019-07-27 12:29:19] Saving model to ../experiments/100M_fasttext_prob_x_len_+_dcce_x_ced_0.25_w3000/model/model.npz
[2019-07-27 12:29:28] Saving Adam parameters to ../experiments/100M_fasttext_prob_x_len_+_dcce_x_ced_0.25_w3000/model/model.npz.optimizer.npz
[2019-07-27 12:29:53] [valid] Ep. 4 : Up. 140000 : cross-entropy : 51.9763 : new best
[2019-07-27 12:30:01] [valid] Ep. 4 : Up. 140000 : perplexity : 7.78481 : new best
[2019-07-27 12:31:03] [valid] Ep. 4 : Up. 140000 : translation : 29.31 : new best
[2019-07-27 12:39:50] Ep. 4 : Up. 142000 : Sen. 1,539,879 : Cost 45.97945023 : Time 646.89s : 6820.20 words/s
[2019-07-27 12:48:35] Ep. 4 : Up. 144000 : Sen. 1,746,098 : Cost 46.06951523 : Time 525.68s : 8383.98 words/s
[2019-07-27 12:57:22] Ep. 4 : Up. 146000 : Sen. 1,953,514 : Cost 45.54401398 : Time 526.58s : 8391.86 words/s
[2019-07-27 13:06:08] Ep. 4 : Up. 148000 : Sen. 2,161,128 : Cost 45.74192810 : Time 526.40s : 8404.27 words/s
[2019-07-27 13:14:55] Ep. 4 : Up. 150000 : Sen. 2,368,895 : Cost 45.49489975 : Time 526.15s : 8398.66 words/s
[2019-07-27 13:23:39] Ep. 4 : Up. 152000 : Sen. 2,575,870 : Cost 45.95544815 : Time 524.87s : 8426.61 words/s
[2019-07-27 13:32:23] Ep. 4 : Up. 154000 : Sen. 2,782,634 : Cost 45.73273087 : Time 523.23s : 8432.87 words/s
[2019-07-27 13:41:06] Ep. 4 : Up. 156000 : Sen. 2,988,440 : Cost 45.82573700 : Time 523.29s : 8390.47 words/s
[2019-07-27 13:49:51] Ep. 4 : Up. 158000 : Sen. 3,194,617 : Cost 45.65358734 : Time 525.25s : 8378.36 words/s
[2019-07-27 13:58:34] Ep. 4 : Up. 160000 : Sen. 3,401,238 : Cost 45.59244156 : Time 522.87s : 8426.60 words/s
[2019-07-27 13:58:34] Saving model to ../experiments/100M_fasttext_prob_x_len_+_dcce_x_ced_0.25_w3000/model/model.npz.orig.npz
[2019-07-27 13:58:43] Saving model to ../experiments/100M_fasttext_prob_x_len_+_dcce_x_ced_0.25_w3000/model/model.iter160000.npz
[2019-07-27 13:58:50] Saving model to ../experiments/100M_fasttext_prob_x_len_+_dcce_x_ced_0.25_w3000/model/model.npz
[2019-07-27 13:59:00] Saving Adam parameters to ../experiments/100M_fasttext_prob_x_len_+_dcce_x_ced_0.25_w3000/model/model.npz.optimizer.npz
[2019-07-27 13:59:25] [valid] Ep. 4 : Up. 160000 : cross-entropy : 51.1817 : new best
[2019-07-27 13:59:32] [valid] Ep. 4 : Up. 160000 : perplexity : 7.54436 : new best
[2019-07-27 14:00:34] [valid] Ep. 4 : Up. 160000 : translation : 29.52 : new best
[2019-07-27 14:09:22] Ep. 4 : Up. 162000 : Sen. 3,607,654 : Cost 45.73738861 : Time 647.51s : 6810.44 words/s
[2019-07-27 14:18:07] Ep. 4 : Up. 164000 : Sen. 3,815,260 : Cost 45.49769211 : Time 525.02s : 8424.75 words/s
[2019-07-27 14:26:51] Ep. 4 : Up. 166000 : Sen. 4,021,490 : Cost 45.43849182 : Time 524.91s : 8390.48 words/s
[2019-07-27 14:35:35] Ep. 4 : Up. 168000 : Sen. 4,227,441 : Cost 45.27533722 : Time 523.70s : 8368.71 words/s
[2019-07-27 14:42:08] Seen 4381953 samples
[2019-07-27 14:42:08] Starting epoch 5
[2019-07-27 14:42:08] [data] Shuffling data
[2019-07-27 14:42:12] [data] Done reading 5196149 sentences
[2019-07-27 14:42:33] [data] Done shuffling 5196149 sentences to temp files
[2019-07-27 14:44:47] Ep. 5 : Up. 170000 : Sen. 51,873 : Cost 45.00856781 : Time 552.27s : 7991.72 words/s
[2019-07-27 14:53:32] Ep. 5 : Up. 172000 : Sen. 259,118 : Cost 43.93133163 : Time 524.91s : 8384.28 words/s
[2019-07-27 15:02:21] Ep. 5 : Up. 174000 : Sen. 465,913 : Cost 44.75024033 : Time 528.85s : 8369.40 words/s
[2019-07-27 15:11:05] Ep. 5 : Up. 176000 : Sen. 671,787 : Cost 44.40035629 : Time 523.40s : 8401.50 words/s
[2019-07-27 15:19:51] Ep. 5 : Up. 178000 : Sen. 877,967 : Cost 44.49977112 : Time 526.05s : 8375.42 words/s
[2019-07-27 15:28:35] Ep. 5 : Up. 180000 : Sen. 1,085,099 : Cost 44.37432098 : Time 524.53s : 8414.13 words/s
[2019-07-27 15:28:35] Saving model to ../experiments/100M_fasttext_prob_x_len_+_dcce_x_ced_0.25_w3000/model/model.npz.orig.npz
[2019-07-27 15:28:44] Saving model to ../experiments/100M_fasttext_prob_x_len_+_dcce_x_ced_0.25_w3000/model/model.iter180000.npz
[2019-07-27 15:28:52] Saving model to ../experiments/100M_fasttext_prob_x_len_+_dcce_x_ced_0.25_w3000/model/model.npz
[2019-07-27 15:29:01] Saving Adam parameters to ../experiments/100M_fasttext_prob_x_len_+_dcce_x_ced_0.25_w3000/model/model.npz.optimizer.npz
[2019-07-27 15:29:25] [valid] Ep. 5 : Up. 180000 : cross-entropy : 50.6096 : new best
[2019-07-27 15:29:33] [valid] Ep. 5 : Up. 180000 : perplexity : 7.37586 : new best
[2019-07-27 15:30:35] [valid] Ep. 5 : Up. 180000 : translation : 29.86 : new best
[2019-07-27 15:39:20] Ep. 5 : Up. 182000 : Sen. 1,291,550 : Cost 44.08058167 : Time 645.20s : 6803.31 words/s
[2019-07-27 15:48:11] Ep. 5 : Up. 184000 : Sen. 1,498,266 : Cost 44.54611969 : Time 530.63s : 8341.30 words/s
[2019-07-27 15:56:58] Ep. 5 : Up. 186000 : Sen. 1,705,993 : Cost 44.23865128 : Time 526.57s : 8393.01 words/s
[2019-07-27 16:05:43] Ep. 5 : Up. 188000 : Sen. 1,913,733 : Cost 44.44908905 : Time 525.22s : 8426.24 words/s
[2019-07-27 16:14:28] Ep. 5 : Up. 190000 : Sen. 2,120,884 : Cost 44.45663834 : Time 525.44s : 8419.95 words/s
[2019-07-27 16:23:13] Ep. 5 : Up. 192000 : Sen. 2,327,585 : Cost 44.37419128 : Time 524.85s : 8405.11 words/s
[2019-07-27 16:32:00] Ep. 5 : Up. 194000 : Sen. 2,534,200 : Cost 44.25995255 : Time 526.61s : 8375.17 words/s
[2019-07-27 16:40:42] Ep. 5 : Up. 196000 : Sen. 2,741,236 : Cost 44.33282089 : Time 522.73s : 8452.60 words/s
[2019-07-27 16:49:29] Ep. 5 : Up. 198000 : Sen. 2,947,956 : Cost 44.40905762 : Time 526.86s : 8389.69 words/s
[2019-07-27 16:58:13] Ep. 5 : Up. 200000 : Sen. 3,154,563 : Cost 44.52077103 : Time 523.40s : 8424.27 words/s
[2019-07-27 16:58:13] Saving model to ../experiments/100M_fasttext_prob_x_len_+_dcce_x_ced_0.25_w3000/model/model.npz.orig.npz
[2019-07-27 16:58:22] Saving model to ../experiments/100M_fasttext_prob_x_len_+_dcce_x_ced_0.25_w3000/model/model.iter200000.npz
[2019-07-27 16:58:29] Saving model to ../experiments/100M_fasttext_prob_x_len_+_dcce_x_ced_0.25_w3000/model/model.npz
[2019-07-27 16:58:38] Saving Adam parameters to ../experiments/100M_fasttext_prob_x_len_+_dcce_x_ced_0.25_w3000/model/model.npz.optimizer.npz
[2019-07-27 16:59:02] [valid] Ep. 5 : Up. 200000 : cross-entropy : 50.1758 : new best
[2019-07-27 16:59:10] [valid] Ep. 5 : Up. 200000 : perplexity : 7.25061 : new best
[2019-07-27 17:00:12] [valid] Ep. 5 : Up. 200000 : translation : 30.04 : new best
[2019-07-27 17:08:59] Ep. 5 : Up. 202000 : Sen. 3,361,220 : Cost 43.99437714 : Time 645.78s : 6816.43 words/s
[2019-07-27 17:17:43] Ep. 5 : Up. 204000 : Sen. 3,568,080 : Cost 44.15283585 : Time 524.65s : 8395.88 words/s
[2019-07-27 17:26:31] Ep. 5 : Up. 206000 : Sen. 3,775,759 : Cost 44.36500549 : Time 528.10s : 8400.57 words/s
[2019-07-27 17:35:16] Ep. 5 : Up. 208000 : Sen. 3,982,800 : Cost 44.31327438 : Time 524.74s : 8426.35 words/s
[2019-07-27 17:43:59] Ep. 5 : Up. 210000 : Sen. 4,188,893 : Cost 44.12421417 : Time 523.00s : 8393.49 words/s
[2019-07-27 17:52:10] Seen 4381953 samples
[2019-07-27 17:52:10] Starting epoch 6
[2019-07-27 17:52:10] [data] Shuffling data
[2019-07-27 17:52:13] [data] Done reading 5196149 sentences
[2019-07-27 17:52:34] [data] Done shuffling 5196149 sentences to temp files
[2019-07-27 17:53:11] Ep. 6 : Up. 212000 : Sen. 13,255 : Cost 44.07819748 : Time 551.91s : 7982.86 words/s
[2019-07-27 18:01:55] Ep. 6 : Up. 214000 : Sen. 219,621 : Cost 43.11640167 : Time 523.66s : 8397.90 words/s
[2019-07-27 18:10:39] Ep. 6 : Up. 216000 : Sen. 426,457 : Cost 42.99779510 : Time 524.51s : 8395.17 words/s
[2019-07-27 18:19:26] Ep. 6 : Up. 218000 : Sen. 633,600 : Cost 43.35830688 : Time 527.05s : 8400.31 words/s
[2019-07-27 18:28:08] Ep. 6 : Up. 220000 : Sen. 839,629 : Cost 43.16977310 : Time 521.88s : 8422.91 words/s
[2019-07-27 18:28:08] Saving model to ../experiments/100M_fasttext_prob_x_len_+_dcce_x_ced_0.25_w3000/model/model.npz.orig.npz
[2019-07-27 18:28:16] Saving model to ../experiments/100M_fasttext_prob_x_len_+_dcce_x_ced_0.25_w3000/model/model.iter220000.npz
[2019-07-27 18:28:23] Saving model to ../experiments/100M_fasttext_prob_x_len_+_dcce_x_ced_0.25_w3000/model/model.npz
[2019-07-27 18:28:33] Saving Adam parameters to ../experiments/100M_fasttext_prob_x_len_+_dcce_x_ced_0.25_w3000/model/model.npz.optimizer.npz
[2019-07-27 18:28:57] [valid] Ep. 6 : Up. 220000 : cross-entropy : 49.8433 : new best
[2019-07-27 18:29:05] [valid] Ep. 6 : Up. 220000 : perplexity : 7.15605 : new best
[2019-07-27 18:30:07] [valid] Ep. 6 : Up. 220000 : translation : 30.17 : new best
[2019-07-27 18:38:56] Ep. 6 : Up. 222000 : Sen. 1,046,340 : Cost 43.24294281 : Time 647.93s : 6805.60 words/s
[2019-07-27 18:47:43] Ep. 6 : Up. 224000 : Sen. 1,253,529 : Cost 43.04659653 : Time 527.11s : 8357.89 words/s
[2019-07-27 18:56:27] Ep. 6 : Up. 226000 : Sen. 1,459,388 : Cost 43.33987045 : Time 524.38s : 8374.17 words/s
[2019-07-27 19:05:15] Ep. 6 : Up. 228000 : Sen. 1,666,536 : Cost 43.49497604 : Time 527.57s : 8383.11 words/s
[2019-07-27 19:14:00] Ep. 6 : Up. 230000 : Sen. 1,872,681 : Cost 43.46971130 : Time 524.79s : 8393.35 words/s
[2019-07-27 19:22:43] Ep. 6 : Up. 232000 : Sen. 2,077,993 : Cost 43.32551575 : Time 523.43s : 8370.06 words/s
[2019-07-27 19:31:27] Ep. 6 : Up. 234000 : Sen. 2,284,644 : Cost 43.38575363 : Time 523.57s : 8427.11 words/s
[2019-07-27 19:40:11] Ep. 6 : Up. 236000 : Sen. 2,490,252 : Cost 43.37367630 : Time 524.34s : 8382.02 words/s
[2019-07-27 19:49:00] Ep. 6 : Up. 238000 : Sen. 2,696,861 : Cost 43.32394409 : Time 528.89s : 8351.39 words/s
[2019-07-27 19:57:47] Ep. 6 : Up. 240000 : Sen. 2,903,812 : Cost 43.28945160 : Time 527.21s : 8391.09 words/s
[2019-07-27 19:57:47] Saving model to ../experiments/100M_fasttext_prob_x_len_+_dcce_x_ced_0.25_w3000/model/model.npz.orig.npz
[2019-07-27 19:57:56] Saving model to ../experiments/100M_fasttext_prob_x_len_+_dcce_x_ced_0.25_w3000/model/model.iter240000.npz
[2019-07-27 19:58:03] Saving model to ../experiments/100M_fasttext_prob_x_len_+_dcce_x_ced_0.25_w3000/model/model.npz
[2019-07-27 19:58:12] Saving Adam parameters to ../experiments/100M_fasttext_prob_x_len_+_dcce_x_ced_0.25_w3000/model/model.npz.optimizer.npz
[2019-07-27 19:58:37] [valid] Ep. 6 : Up. 240000 : cross-entropy : 49.5554 : new best
[2019-07-27 19:58:45] [valid] Ep. 6 : Up. 240000 : perplexity : 7.07515 : new best
[2019-07-27 19:59:46] [valid] Ep. 6 : Up. 240000 : translation : 30.32 : new best
[2019-07-27 20:08:31] Ep. 6 : Up. 242000 : Sen. 3,110,056 : Cost 43.13766098 : Time 643.61s : 6815.02 words/s
[2019-07-27 20:17:20] Ep. 6 : Up. 244000 : Sen. 3,318,440 : Cost 43.27104950 : Time 528.87s : 8414.51 words/s
[2019-07-27 20:26:05] Ep. 6 : Up. 246000 : Sen. 3,525,929 : Cost 43.25243378 : Time 525.10s : 8412.85 words/s
[2019-07-27 20:34:51] Ep. 6 : Up. 248000 : Sen. 3,732,369 : Cost 43.37679291 : Time 525.84s : 8381.32 words/s
[2019-07-27 20:43:37] Ep. 6 : Up. 250000 : Sen. 3,939,333 : Cost 43.03836441 : Time 526.12s : 8366.89 words/s
[2019-07-27 20:52:22] Ep. 6 : Up. 252000 : Sen. 4,145,172 : Cost 43.40689087 : Time 524.85s : 8389.93 words/s
[2019-07-27 21:01:07] Ep. 6 : Up. 254000 : Sen. 4,352,900 : Cost 43.20766068 : Time 525.40s : 8427.47 words/s
[2019-07-27 21:02:22] Seen 4381953 samples
[2019-07-27 21:02:22] Starting epoch 7
[2019-07-27 21:02:22] [data] Shuffling data
[2019-07-27 21:02:25] [data] Done reading 5196149 sentences
[2019-07-27 21:02:47] [data] Done shuffling 5196149 sentences to temp files
[2019-07-27 21:10:21] Ep. 7 : Up. 256000 : Sen. 177,469 : Cost 42.30541229 : Time 554.23s : 7948.92 words/s
[2019-07-27 21:19:07] Ep. 7 : Up. 258000 : Sen. 383,787 : Cost 42.34838867 : Time 525.71s : 8384.51 words/s
[2019-07-27 21:27:52] Ep. 7 : Up. 260000 : Sen. 589,423 : Cost 42.34984207 : Time 524.99s : 8367.11 words/s
[2019-07-27 21:27:52] Saving model to ../experiments/100M_fasttext_prob_x_len_+_dcce_x_ced_0.25_w3000/model/model.npz.orig.npz
[2019-07-27 21:28:00] Saving model to ../experiments/100M_fasttext_prob_x_len_+_dcce_x_ced_0.25_w3000/model/model.iter260000.npz
[2019-07-27 21:28:07] Saving model to ../experiments/100M_fasttext_prob_x_len_+_dcce_x_ced_0.25_w3000/model/model.npz
[2019-07-27 21:28:16] Saving Adam parameters to ../experiments/100M_fasttext_prob_x_len_+_dcce_x_ced_0.25_w3000/model/model.npz.optimizer.npz
[2019-07-27 21:28:41] [valid] Ep. 7 : Up. 260000 : cross-entropy : 49.2502 : new best
[2019-07-27 21:28:48] [valid] Ep. 7 : Up. 260000 : perplexity : 6.99042 : new best
[2019-07-27 21:29:50] [valid] Ep. 7 : Up. 260000 : translation : 30.42 : new best
[2019-07-27 21:38:36] Ep. 7 : Up. 262000 : Sen. 795,829 : Cost 42.15830612 : Time 643.59s : 6825.28 words/s
[2019-07-27 21:47:24] Ep. 7 : Up. 264000 : Sen. 1,002,887 : Cost 42.67570877 : Time 528.11s : 8398.77 words/s
[2019-07-27 21:56:09] Ep. 7 : Up. 266000 : Sen. 1,210,276 : Cost 42.23672104 : Time 525.55s : 8400.27 words/s
[2019-07-27 22:04:57] Ep. 7 : Up. 268000 : Sen. 1,417,622 : Cost 42.28077698 : Time 527.74s : 8367.35 words/s
[2019-07-27 22:13:44] Ep. 7 : Up. 270000 : Sen. 1,624,724 : Cost 42.63004684 : Time 527.34s : 8392.02 words/s
[2019-07-27 22:22:28] Ep. 7 : Up. 272000 : Sen. 1,830,400 : Cost 42.55217743 : Time 523.97s : 8377.25 words/s
[2019-07-27 22:31:15] Ep. 7 : Up. 274000 : Sen. 2,038,739 : Cost 42.25797272 : Time 526.38s : 8407.44 words/s
[2019-07-27 22:40:04] Ep. 7 : Up. 276000 : Sen. 2,245,953 : Cost 42.72506332 : Time 529.66s : 8380.27 words/s
[2019-07-27 22:48:52] Ep. 7 : Up. 278000 : Sen. 2,453,095 : Cost 42.51797867 : Time 527.99s : 8375.56 words/s
[2019-07-27 22:57:41] Ep. 7 : Up. 280000 : Sen. 2,660,354 : Cost 42.43165207 : Time 528.52s : 8367.06 words/s
[2019-07-27 22:57:41] Saving model to ../experiments/100M_fasttext_prob_x_len_+_dcce_x_ced_0.25_w3000/model/model.npz.orig.npz
[2019-07-27 22:57:50] Saving model to ../experiments/100M_fasttext_prob_x_len_+_dcce_x_ced_0.25_w3000/model/model.iter280000.npz
[2019-07-27 22:57:57] Saving model to ../experiments/100M_fasttext_prob_x_len_+_dcce_x_ced_0.25_w3000/model/model.npz
[2019-07-27 22:58:07] Saving Adam parameters to ../experiments/100M_fasttext_prob_x_len_+_dcce_x_ced_0.25_w3000/model/model.npz.optimizer.npz
[2019-07-27 22:58:31] [valid] Ep. 7 : Up. 280000 : cross-entropy : 49.1285 : new best
[2019-07-27 22:58:38] [valid] Ep. 7 : Up. 280000 : perplexity : 6.95691 : new best
[2019-07-27 22:59:40] [valid] Ep. 7 : Up. 280000 : translation : 30.35 : stalled 1 times (last best: 30.42)
[2019-07-27 23:08:28] Ep. 7 : Up. 282000 : Sen. 2,867,033 : Cost 42.46894455 : Time 646.80s : 6811.33 words/s
[2019-07-27 23:17:16] Ep. 7 : Up. 284000 : Sen. 3,074,609 : Cost 42.75275421 : Time 528.20s : 8389.61 words/s
[2019-07-27 23:26:04] Ep. 7 : Up. 286000 : Sen. 3,281,269 : Cost 42.62355423 : Time 527.90s : 8364.02 words/s
[2019-07-27 23:34:49] Ep. 7 : Up. 288000 : Sen. 3,488,542 : Cost 42.58469772 : Time 525.37s : 8424.90 words/s
[2019-07-27 23:43:35] Ep. 7 : Up. 290000 : Sen. 3,695,358 : Cost 42.49741364 : Time 525.55s : 8386.58 words/s
[2019-07-27 23:52:21] Ep. 7 : Up. 292000 : Sen. 3,902,447 : Cost 42.72267914 : Time 526.57s : 8391.59 words/s
[2019-07-28 00:01:05] Ep. 7 : Up. 294000 : Sen. 4,108,600 : Cost 42.52428055 : Time 524.18s : 8382.73 words/s
[2019-07-28 00:09:52] Ep. 7 : Up. 296000 : Sen. 4,315,689 : Cost 42.65705109 : Time 526.46s : 8397.98 words/s
[2019-07-28 00:12:40] Seen 4381953 samples
[2019-07-28 00:12:40] Starting epoch 8
[2019-07-28 00:12:40] [data] Shuffling data
[2019-07-28 00:12:43] [data] Done reading 5196149 sentences
[2019-07-28 00:13:04] [data] Done shuffling 5196149 sentences to temp files
[2019-07-28 00:19:05] Ep. 8 : Up. 298000 : Sen. 139,794 : Cost 41.72076416 : Time 552.77s : 7937.68 words/s
[2019-07-28 00:27:51] Ep. 8 : Up. 300000 : Sen. 347,305 : Cost 41.48843384 : Time 526.19s : 8412.46 words/s
[2019-07-28 00:27:51] Saving model to ../experiments/100M_fasttext_prob_x_len_+_dcce_x_ced_0.25_w3000/model/model.npz.orig.npz
[2019-07-28 00:28:00] Saving model to ../experiments/100M_fasttext_prob_x_len_+_dcce_x_ced_0.25_w3000/model/model.iter300000.npz
[2019-07-28 00:28:07] Saving model to ../experiments/100M_fasttext_prob_x_len_+_dcce_x_ced_0.25_w3000/model/model.npz
[2019-07-28 00:28:16] Saving Adam parameters to ../experiments/100M_fasttext_prob_x_len_+_dcce_x_ced_0.25_w3000/model/model.npz.optimizer.npz
[2019-07-28 00:28:42] [valid] Ep. 8 : Up. 300000 : cross-entropy : 48.9562 : new best
[2019-07-28 00:28:49] [valid] Ep. 8 : Up. 300000 : perplexity : 6.90973 : new best
[2019-07-28 00:29:51] [valid] Ep. 8 : Up. 300000 : translation : 30.64 : new best
[2019-07-28 00:38:39] Ep. 8 : Up. 302000 : Sen. 553,858 : Cost 41.66505814 : Time 648.24s : 6793.56 words/s
[2019-07-28 00:47:25] Ep. 8 : Up. 304000 : Sen. 761,161 : Cost 41.63135529 : Time 526.38s : 8408.07 words/s
[2019-07-28 00:56:10] Ep. 8 : Up. 306000 : Sen. 968,640 : Cost 41.50980759 : Time 524.88s : 8413.19 words/s
[2019-07-28 01:04:57] Ep. 8 : Up. 308000 : Sen. 1,174,389 : Cost 41.92825317 : Time 526.17s : 8364.56 words/s
[2019-07-28 01:13:42] Ep. 8 : Up. 310000 : Sen. 1,380,697 : Cost 41.75379944 : Time 525.27s : 8378.93 words/s
[2019-07-28 01:22:30] Ep. 8 : Up. 312000 : Sen. 1,588,642 : Cost 41.75711441 : Time 527.81s : 8408.17 words/s
[2019-07-28 01:31:16] Ep. 8 : Up. 314000 : Sen. 1,795,536 : Cost 41.91233063 : Time 526.84s : 8413.19 words/s
[2019-07-28 01:39:58] Ep. 8 : Up. 316000 : Sen. 2,001,677 : Cost 41.82526016 : Time 521.39s : 8439.11 words/s
[2019-07-28 01:48:41] Ep. 8 : Up. 318000 : Sen. 2,207,819 : Cost 41.87400055 : Time 523.51s : 8382.23 words/s
[2019-07-28 01:57:25] Ep. 8 : Up. 320000 : Sen. 2,414,882 : Cost 41.84190750 : Time 523.90s : 8447.61 words/s
[2019-07-28 01:57:25] Saving model to ../experiments/100M_fasttext_prob_x_len_+_dcce_x_ced_0.25_w3000/model/model.npz.orig.npz
[2019-07-28 01:57:37] Saving model to ../experiments/100M_fasttext_prob_x_len_+_dcce_x_ced_0.25_w3000/model/model.iter320000.npz
[2019-07-28 01:57:48] Saving model to ../experiments/100M_fasttext_prob_x_len_+_dcce_x_ced_0.25_w3000/model/model.npz
[2019-07-28 01:57:59] Saving Adam parameters to ../experiments/100M_fasttext_prob_x_len_+_dcce_x_ced_0.25_w3000/model/model.npz.optimizer.npz
[2019-07-28 01:58:24] [valid] Ep. 8 : Up. 320000 : cross-entropy : 48.9389 : new best
[2019-07-28 01:58:32] [valid] Ep. 8 : Up. 320000 : perplexity : 6.90501 : new best
[2019-07-28 01:59:39] [valid] Ep. 8 : Up. 320000 : translation : 30.29 : stalled 1 times (last best: 30.64)
[2019-07-28 02:08:27] Ep. 8 : Up. 322000 : Sen. 2,622,285 : Cost 41.91899490 : Time 662.12s : 6674.27 words/s
[2019-07-28 02:17:10] Ep. 8 : Up. 324000 : Sen. 2,828,372 : Cost 41.92662811 : Time 522.71s : 8410.77 words/s
[2019-07-28 02:25:52] Ep. 8 : Up. 326000 : Sen. 3,034,047 : Cost 41.99232101 : Time 521.83s : 8424.13 words/s
[2019-07-28 02:34:36] Ep. 8 : Up. 328000 : Sen. 3,240,574 : Cost 41.85283661 : Time 524.16s : 8395.34 words/s
[2019-07-28 02:43:21] Ep. 8 : Up. 330000 : Sen. 3,447,036 : Cost 41.85385513 : Time 525.13s : 8389.53 words/s
[2019-07-28 02:52:07] Ep. 8 : Up. 332000 : Sen. 3,654,265 : Cost 41.88490677 : Time 526.18s : 8395.42 words/s
[2019-07-28 03:00:53] Ep. 8 : Up. 334000 : Sen. 3,861,819 : Cost 41.82447052 : Time 525.56s : 8401.63 words/s
[2019-07-28 03:09:41] Ep. 8 : Up. 336000 : Sen. 4,068,905 : Cost 41.99473953 : Time 527.89s : 8382.08 words/s
[2019-07-28 03:18:24] Ep. 8 : Up. 338000 : Sen. 4,275,200 : Cost 41.76906204 : Time 522.69s : 8404.88 words/s
[2019-07-28 03:22:55] Seen 4381953 samples
[2019-07-28 03:22:55] Starting epoch 9
[2019-07-28 03:22:55] [data] Shuffling data
[2019-07-28 03:22:58] [data] Done reading 5196149 sentences
[2019-07-28 03:23:19] [data] Done shuffling 5196149 sentences to temp files
[2019-07-28 03:27:36] Ep. 9 : Up. 340000 : Sen. 99,715 : Cost 41.34845734 : Time 552.54s : 7972.87 words/s
[2019-07-28 03:27:36] Saving model to ../experiments/100M_fasttext_prob_x_len_+_dcce_x_ced_0.25_w3000/model/model.npz.orig.npz
[2019-07-28 03:27:45] Saving model to ../experiments/100M_fasttext_prob_x_len_+_dcce_x_ced_0.25_w3000/model/model.iter340000.npz
[2019-07-28 03:27:52] Saving model to ../experiments/100M_fasttext_prob_x_len_+_dcce_x_ced_0.25_w3000/model/model.npz
[2019-07-28 03:28:02] Saving Adam parameters to ../experiments/100M_fasttext_prob_x_len_+_dcce_x_ced_0.25_w3000/model/model.npz.optimizer.npz
[2019-07-28 03:28:25] [valid] Ep. 9 : Up. 340000 : cross-entropy : 48.7514 : new best
[2019-07-28 03:28:33] [valid] Ep. 9 : Up. 340000 : perplexity : 6.85408 : new best
[2019-07-28 03:29:35] [valid] Ep. 9 : Up. 340000 : translation : 30.62 : stalled 2 times (last best: 30.64)
[2019-07-28 03:38:20] Ep. 9 : Up. 342000 : Sen. 305,712 : Cost 40.96059036 : Time 643.55s : 6832.89 words/s
[2019-07-28 03:47:05] Ep. 9 : Up. 344000 : Sen. 512,279 : Cost 41.07744217 : Time 525.50s : 8382.80 words/s
[2019-07-28 03:55:49] Ep. 9 : Up. 346000 : Sen. 718,561 : Cost 41.14731598 : Time 523.49s : 8407.14 words/s
[2019-07-28 04:04:34] Ep. 9 : Up. 348000 : Sen. 924,706 : Cost 41.12700653 : Time 525.02s : 8387.94 words/s
[2019-07-28 04:13:18] Ep. 9 : Up. 350000 : Sen. 1,131,696 : Cost 40.86212921 : Time 524.68s : 8395.86 words/s
[2019-07-28 04:22:02] Ep. 9 : Up. 352000 : Sen. 1,338,782 : Cost 40.92896271 : Time 523.94s : 8419.27 words/s
[2019-07-28 04:30:47] Ep. 9 : Up. 354000 : Sen. 1,545,660 : Cost 41.44313431 : Time 524.39s : 8446.86 words/s
[2019-07-28 04:39:26] Ep. 9 : Up. 356000 : Sen. 1,750,993 : Cost 41.26609421 : Time 519.77s : 8405.09 words/s
[2019-07-28 04:48:14] Ep. 9 : Up. 358000 : Sen. 1,958,400 : Cost 41.22619247 : Time 527.41s : 8390.03 words/s
[2019-07-28 04:57:02] Ep. 9 : Up. 360000 : Sen. 2,166,303 : Cost 41.28490829 : Time 528.35s : 8380.55 words/s
[2019-07-28 04:57:02] Saving model to ../experiments/100M_fasttext_prob_x_len_+_dcce_x_ced_0.25_w3000/model/model.npz.orig.npz
[2019-07-28 04:57:11] Saving model to ../experiments/100M_fasttext_prob_x_len_+_dcce_x_ced_0.25_w3000/model/model.iter360000.npz
[2019-07-28 04:57:18] Saving model to ../experiments/100M_fasttext_prob_x_len_+_dcce_x_ced_0.25_w3000/model/model.npz
[2019-07-28 04:57:28] Saving Adam parameters to ../experiments/100M_fasttext_prob_x_len_+_dcce_x_ced_0.25_w3000/model/model.npz.optimizer.npz
[2019-07-28 04:57:51] [valid] Ep. 9 : Up. 360000 : cross-entropy : 48.833 : stalled 1 times (last best: 48.7514)
[2019-07-28 04:57:59] [valid] Ep. 9 : Up. 360000 : perplexity : 6.87622 : stalled 1 times (last best: 6.85408)
[2019-07-28 04:59:00] [valid] Ep. 9 : Up. 360000 : translation : 30.49 : stalled 3 times (last best: 30.64)
[2019-07-28 05:07:46] Ep. 9 : Up. 362000 : Sen. 2,372,559 : Cost 41.32108307 : Time 643.76s : 6846.26 words/s
[2019-07-28 05:16:34] Ep. 9 : Up. 364000 : Sen. 2,579,750 : Cost 41.47636414 : Time 528.19s : 8392.82 words/s
[2019-07-28 05:25:17] Ep. 9 : Up. 366000 : Sen. 2,785,708 : Cost 41.44631577 : Time 523.29s : 8407.19 words/s
[2019-07-28 05:34:04] Ep. 9 : Up. 368000 : Sen. 2,993,150 : Cost 41.31626129 : Time 526.66s : 8394.20 words/s
[2019-07-28 05:42:49] Ep. 9 : Up. 370000 : Sen. 3,200,258 : Cost 41.21300888 : Time 524.92s : 8412.39 words/s
[2019-07-28 05:51:34] Ep. 9 : Up. 372000 : Sen. 3,407,617 : Cost 41.21925354 : Time 524.63s : 8399.74 words/s
[2019-07-28 06:00:21] Ep. 9 : Up. 374000 : Sen. 3,614,575 : Cost 41.33789825 : Time 527.44s : 8391.97 words/s
[2019-07-28 06:09:08] Ep. 9 : Up. 376000 : Sen. 3,821,518 : Cost 41.49541092 : Time 526.67s : 8381.64 words/s
[2019-07-28 06:17:51] Ep. 9 : Up. 378000 : Sen. 4,027,054 : Cost 41.69438553 : Time 523.04s : 8401.39 words/s
[2019-07-28 06:26:39] Ep. 9 : Up. 380000 : Sen. 4,233,989 : Cost 41.58934784 : Time 528.64s : 8362.81 words/s
[2019-07-28 06:26:39] Saving model to ../experiments/100M_fasttext_prob_x_len_+_dcce_x_ced_0.25_w3000/model/model.npz.orig.npz
[2019-07-28 06:26:48] Saving model to ../experiments/100M_fasttext_prob_x_len_+_dcce_x_ced_0.25_w3000/model/model.iter380000.npz
[2019-07-28 06:26:55] Saving model to ../experiments/100M_fasttext_prob_x_len_+_dcce_x_ced_0.25_w3000/model/model.npz
[2019-07-28 06:27:05] Saving Adam parameters to ../experiments/100M_fasttext_prob_x_len_+_dcce_x_ced_0.25_w3000/model/model.npz.optimizer.npz
[2019-07-28 06:27:29] [valid] Ep. 9 : Up. 380000 : cross-entropy : 48.6109 : new best
[2019-07-28 06:27:37] [valid] Ep. 9 : Up. 380000 : perplexity : 6.81617 : new best
[2019-07-28 06:28:39] [valid] Ep. 9 : Up. 380000 : translation : 30.54 : stalled 4 times (last best: 30.64)
[2019-07-28 06:34:57] Seen 4381953 samples
[2019-07-28 06:34:57] Starting epoch 10
[2019-07-28 06:34:57] [data] Shuffling data
[2019-07-28 06:35:00] [data] Done reading 5196149 sentences
[2019-07-28 06:35:21] [data] Done shuffling 5196149 sentences to temp files
[2019-07-28 06:37:57] Ep. 10 : Up. 382000 : Sen. 59,094 : Cost 41.21240616 : Time 677.42s : 6521.00 words/s
[2019-07-28 06:46:47] Ep. 10 : Up. 384000 : Sen. 267,027 : Cost 40.34897614 : Time 529.82s : 8372.35 words/s
[2019-07-28 06:55:32] Ep. 10 : Up. 386000 : Sen. 473,424 : Cost 40.48159790 : Time 525.01s : 8387.13 words/s
[2019-07-28 07:04:18] Ep. 10 : Up. 388000 : Sen. 680,493 : Cost 40.48976898 : Time 526.06s : 8387.16 words/s
[2019-07-28 07:13:02] Ep. 10 : Up. 390000 : Sen. 887,435 : Cost 40.57052231 : Time 524.13s : 8416.25 words/s
[2019-07-28 07:21:46] Ep. 10 : Up. 392000 : Sen. 1,092,260 : Cost 40.59553146 : Time 523.92s : 8357.52 words/s
[2019-07-28 07:30:32] Ep. 10 : Up. 394000 : Sen. 1,298,995 : Cost 40.58507919 : Time 526.62s : 8364.75 words/s
[2019-07-28 07:39:19] Ep. 10 : Up. 396000 : Sen. 1,506,049 : Cost 40.88455200 : Time 526.91s : 8384.35 words/s
[2019-07-28 07:48:05] Ep. 10 : Up. 398000 : Sen. 1,711,979 : Cost 40.67896271 : Time 525.68s : 8339.49 words/s
[2019-07-28 07:56:54] Ep. 10 : Up. 400000 : Sen. 1,919,355 : Cost 41.04756546 : Time 528.96s : 8383.84 words/s
[2019-07-28 07:56:54] Saving model to ../experiments/100M_fasttext_prob_x_len_+_dcce_x_ced_0.25_w3000/model/model.npz.orig.npz
[2019-07-28 07:57:05] Saving model to ../experiments/100M_fasttext_prob_x_len_+_dcce_x_ced_0.25_w3000/model/model.iter400000.npz
[2019-07-28 07:57:12] Saving model to ../experiments/100M_fasttext_prob_x_len_+_dcce_x_ced_0.25_w3000/model/model.npz
[2019-07-28 07:57:21] Saving Adam parameters to ../experiments/100M_fasttext_prob_x_len_+_dcce_x_ced_0.25_w3000/model/model.npz.optimizer.npz
[2019-07-28 07:57:46] [valid] Ep. 10 : Up. 400000 : cross-entropy : 48.6873 : stalled 1 times (last best: 48.6109)
[2019-07-28 07:57:53] [valid] Ep. 10 : Up. 400000 : perplexity : 6.83676 : stalled 1 times (last best: 6.81617)
[2019-07-28 07:58:57] [valid] Ep. 10 : Up. 400000 : translation : 30.52 : stalled 5 times (last best: 30.64)
[2019-07-28 08:07:43] Ep. 10 : Up. 402000 : Sen. 2,126,095 : Cost 40.88029861 : Time 649.46s : 6791.70 words/s
[2019-07-28 08:16:33] Ep. 10 : Up. 404000 : Sen. 2,333,413 : Cost 40.92495728 : Time 529.82s : 8356.20 words/s
[2019-07-28 08:25:25] Ep. 10 : Up. 406000 : Sen. 2,541,411 : Cost 40.98267365 : Time 531.44s : 8347.21 words/s
[2019-07-28 08:34:11] Ep. 10 : Up. 408000 : Sen. 2,748,425 : Cost 40.89439392 : Time 526.15s : 8391.80 words/s
[2019-07-28 08:42:59] Ep. 10 : Up. 410000 : Sen. 2,955,682 : Cost 41.21156311 : Time 528.30s : 8412.65 words/s
[2019-07-28 08:51:47] Ep. 10 : Up. 412000 : Sen. 3,162,532 : Cost 40.88554001 : Time 527.38s : 8352.84 words/s
[2019-07-28 09:00:33] Ep. 10 : Up. 414000 : Sen. 3,370,224 : Cost 40.88154221 : Time 526.03s : 8419.43 words/s
[2019-07-28 09:09:20] Ep. 10 : Up. 416000 : Sen. 3,577,051 : Cost 40.91905212 : Time 527.82s : 8358.67 words/s
[2019-07-28 09:18:06] Ep. 10 : Up. 418000 : Sen. 3,783,706 : Cost 40.76006317 : Time 525.83s : 8368.59 words/s
[2019-07-28 09:26:54] Ep. 10 : Up. 420000 : Sen. 3,990,593 : Cost 41.06469727 : Time 527.97s : 8378.61 words/s
[2019-07-28 09:26:54] Saving model to ../experiments/100M_fasttext_prob_x_len_+_dcce_x_ced_0.25_w3000/model/model.npz.orig.npz
[2019-07-28 09:27:03] Saving model to ../experiments/100M_fasttext_prob_x_len_+_dcce_x_ced_0.25_w3000/model/model.iter420000.npz
[2019-07-28 09:27:10] Saving model to ../experiments/100M_fasttext_prob_x_len_+_dcce_x_ced_0.25_w3000/model/model.npz
[2019-07-28 09:27:19] Saving Adam parameters to ../experiments/100M_fasttext_prob_x_len_+_dcce_x_ced_0.25_w3000/model/model.npz.optimizer.npz
[2019-07-28 09:27:42] [valid] Ep. 10 : Up. 420000 : cross-entropy : 48.451 : new best
[2019-07-28 09:27:50] [valid] Ep. 10 : Up. 420000 : perplexity : 6.77329 : new best
[2019-07-28 09:28:53] [valid] Ep. 10 : Up. 420000 : translation : 30.7 : new best
[2019-07-28 09:37:41] Ep. 10 : Up. 422000 : Sen. 4,197,649 : Cost 40.83968735 : Time 646.80s : 6811.83 words/s
[2019-07-28 09:45:31] Seen 4381953 samples
[2019-07-28 09:45:31] Starting epoch 11
[2019-07-28 09:45:31] [data] Shuffling data
[2019-07-28 09:45:34] [data] Done reading 5196149 sentences
[2019-07-28 09:45:55] [data] Done shuffling 5196149 sentences to temp files
[2019-07-28 09:46:56] Ep. 11 : Up. 424000 : Sen. 21,670 : Cost 40.94101334 : Time 555.30s : 7927.76 words/s
[2019-07-28 09:55:43] Ep. 11 : Up. 426000 : Sen. 229,165 : Cost 39.90148926 : Time 526.45s : 8390.75 words/s
[2019-07-28 10:04:29] Ep. 11 : Up. 428000 : Sen. 436,186 : Cost 40.04899216 : Time 526.01s : 8393.44 words/s
[2019-07-28 10:13:12] Ep. 11 : Up. 430000 : Sen. 641,984 : Cost 39.75404739 : Time 523.42s : 8350.06 words/s
[2019-07-28 10:21:59] Ep. 11 : Up. 432000 : Sen. 848,518 : Cost 40.24687195 : Time 526.87s : 8375.83 words/s
[2019-07-28 10:30:42] Ep. 11 : Up. 434000 : Sen. 1,054,591 : Cost 40.10878754 : Time 522.66s : 8401.48 words/s
[2019-07-28 10:39:27] Ep. 11 : Up. 436000 : Sen. 1,261,091 : Cost 40.25236893 : Time 525.59s : 8396.30 words/s
[2019-07-28 10:48:16] Ep. 11 : Up. 438000 : Sen. 1,468,200 : Cost 40.15259171 : Time 528.65s : 8345.21 words/s
[2019-07-28 10:57:04] Ep. 11 : Up. 440000 : Sen. 1,674,783 : Cost 40.45867157 : Time 528.41s : 8368.56 words/s
[2019-07-28 10:57:04] Saving model to ../experiments/100M_fasttext_prob_x_len_+_dcce_x_ced_0.25_w3000/model/model.npz.orig.npz
[2019-07-28 10:57:13] Saving model to ../experiments/100M_fasttext_prob_x_len_+_dcce_x_ced_0.25_w3000/model/model.iter440000.npz
[2019-07-28 10:57:20] Saving model to ../experiments/100M_fasttext_prob_x_len_+_dcce_x_ced_0.25_w3000/model/model.npz
[2019-07-28 10:57:29] Saving Adam parameters to ../experiments/100M_fasttext_prob_x_len_+_dcce_x_ced_0.25_w3000/model/model.npz.optimizer.npz
[2019-07-28 10:57:53] [valid] Ep. 11 : Up. 440000 : cross-entropy : 48.5085 : stalled 1 times (last best: 48.451)
[2019-07-28 10:58:01] [valid] Ep. 11 : Up. 440000 : perplexity : 6.78868 : stalled 1 times (last best: 6.77329)
[2019-07-28 10:59:02] [valid] Ep. 11 : Up. 440000 : translation : 30.63 : stalled 1 times (last best: 30.7)
[2019-07-28 11:07:47] Ep. 11 : Up. 442000 : Sen. 1,881,161 : Cost 40.49839783 : Time 642.47s : 6863.49 words/s
[2019-07-28 11:16:34] Ep. 11 : Up. 444000 : Sen. 2,087,895 : Cost 40.52701950 : Time 527.65s : 8375.86 words/s
[2019-07-28 11:25:22] Ep. 11 : Up. 446000 : Sen. 2,295,020 : Cost 40.43195343 : Time 527.07s : 8383.62 words/s
[2019-07-28 11:34:06] Ep. 11 : Up. 448000 : Sen. 2,501,288 : Cost 40.36060333 : Time 524.07s : 8384.84 words/s
[2019-07-28 11:42:50] Ep. 11 : Up. 450000 : Sen. 2,707,925 : Cost 40.60641098 : Time 524.29s : 8418.77 words/s
[2019-07-28 11:51:34] Ep. 11 : Up. 452000 : Sen. 2,914,044 : Cost 40.67269516 : Time 523.84s : 8388.45 words/s
[2019-07-28 12:00:19] Ep. 11 : Up. 454000 : Sen. 3,120,492 : Cost 40.62444305 : Time 525.68s : 8382.02 words/s
[2019-07-28 12:09:06] Ep. 11 : Up. 456000 : Sen. 3,326,587 : Cost 40.58098602 : Time 526.21s : 8374.65 words/s
[2019-07-28 12:17:52] Ep. 11 : Up. 458000 : Sen. 3,532,620 : Cost 40.57322311 : Time 526.01s : 8357.86 words/s
[2019-07-28 12:26:37] Ep. 11 : Up. 460000 : Sen. 3,738,238 : Cost 40.81725693 : Time 525.58s : 8359.31 words/s
[2019-07-28 12:26:37] Saving model to ../experiments/100M_fasttext_prob_x_len_+_dcce_x_ced_0.25_w3000/model/model.npz.orig.npz
[2019-07-28 12:26:46] Saving model to ../experiments/100M_fasttext_prob_x_len_+_dcce_x_ced_0.25_w3000/model/model.iter460000.npz
[2019-07-28 12:26:53] Saving model to ../experiments/100M_fasttext_prob_x_len_+_dcce_x_ced_0.25_w3000/model/model.npz
[2019-07-28 12:27:02] Saving Adam parameters to ../experiments/100M_fasttext_prob_x_len_+_dcce_x_ced_0.25_w3000/model/model.npz.optimizer.npz
[2019-07-28 12:27:26] [valid] Ep. 11 : Up. 460000 : cross-entropy : 48.4297 : new best
[2019-07-28 12:27:34] [valid] Ep. 11 : Up. 460000 : perplexity : 6.76758 : new best
[2019-07-28 12:28:36] [valid] Ep. 11 : Up. 460000 : translation : 30.79 : new best
[2019-07-28 12:37:26] Ep. 11 : Up. 462000 : Sen. 3,945,701 : Cost 40.52855682 : Time 648.96s : 6816.44 words/s
[2019-07-28 12:46:16] Ep. 11 : Up. 464000 : Sen. 4,153,029 : Cost 40.72166443 : Time 529.87s : 8349.48 words/s
[2019-07-28 12:55:06] Ep. 11 : Up. 466000 : Sen. 4,361,086 : Cost 40.48394012 : Time 530.24s : 8338.46 words/s
[2019-07-28 12:56:01] Seen 4381953 samples
[2019-07-28 12:56:01] Starting epoch 12
[2019-07-28 12:56:01] [data] Shuffling data
[2019-07-28 12:56:04] [data] Done reading 5196149 sentences
[2019-07-28 12:56:24] [data] Done shuffling 5196149 sentences to temp files
[2019-07-28 13:04:22] Ep. 12 : Up. 468000 : Sen. 185,805 : Cost 39.78208542 : Time 555.53s : 7938.43 words/s
[2019-07-28 13:13:11] Ep. 12 : Up. 470000 : Sen. 393,891 : Cost 39.62517929 : Time 529.56s : 8355.65 words/s
[2019-07-28 13:22:01] Ep. 12 : Up. 472000 : Sen. 600,612 : Cost 40.11615372 : Time 529.41s : 8379.79 words/s
[2019-07-28 13:30:45] Ep. 12 : Up. 474000 : Sen. 807,841 : Cost 39.55023575 : Time 524.37s : 8413.82 words/s
[2019-07-28 13:39:31] Ep. 12 : Up. 476000 : Sen. 1,013,821 : Cost 39.97372818 : Time 525.34s : 8380.76 words/s
[2019-07-28 13:48:16] Ep. 12 : Up. 478000 : Sen. 1,220,627 : Cost 39.48337173 : Time 525.33s : 8365.40 words/s
[2019-07-28 13:57:01] Ep. 12 : Up. 480000 : Sen. 1,426,594 : Cost 39.52524948 : Time 525.55s : 8352.11 words/s
[2019-07-28 13:57:01] Saving model to ../experiments/100M_fasttext_prob_x_len_+_dcce_x_ced_0.25_w3000/model/model.npz.orig.npz
[2019-07-28 13:57:10] Saving model to ../experiments/100M_fasttext_prob_x_len_+_dcce_x_ced_0.25_w3000/model/model.iter480000.npz
[2019-07-28 13:57:16] Saving model to ../experiments/100M_fasttext_prob_x_len_+_dcce_x_ced_0.25_w3000/model/model.npz
[2019-07-28 13:57:25] Saving Adam parameters to ../experiments/100M_fasttext_prob_x_len_+_dcce_x_ced_0.25_w3000/model/model.npz.optimizer.npz
[2019-07-28 13:57:49] [valid] Ep. 12 : Up. 480000 : cross-entropy : 48.5575 : stalled 1 times (last best: 48.4297)
[2019-07-28 13:57:56] [valid] Ep. 12 : Up. 480000 : perplexity : 6.80182 : stalled 1 times (last best: 6.76758)
[2019-07-28 13:58:58] [valid] Ep. 12 : Up. 480000 : translation : 30.88 : new best
[2019-07-28 14:07:48] Ep. 12 : Up. 482000 : Sen. 1,633,540 : Cost 40.02624512 : Time 647.03s : 6821.36 words/s
[2019-07-28 14:16:36] Ep. 12 : Up. 484000 : Sen. 1,840,032 : Cost 40.04233170 : Time 527.84s : 8341.05 words/s
[2019-07-28 14:25:25] Ep. 12 : Up. 486000 : Sen. 2,047,152 : Cost 40.37240601 : Time 529.03s : 8364.53 words/s
[2019-07-28 14:34:13] Ep. 12 : Up. 488000 : Sen. 2,254,119 : Cost 40.02119827 : Time 527.30s : 8360.02 words/s
[2019-07-28 14:43:01] Ep. 12 : Up. 490000 : Sen. 2,460,255 : Cost 40.34399033 : Time 528.15s : 8363.23 words/s
[2019-07-28 14:51:45] Ep. 12 : Up. 492000 : Sen. 2,666,052 : Cost 40.02073288 : Time 524.23s : 8367.85 words/s
[2019-07-28 15:00:31] Ep. 12 : Up. 494000 : Sen. 2,872,608 : Cost 40.00261307 : Time 525.97s : 8366.62 words/s
[2019-07-28 15:09:18] Ep. 12 : Up. 496000 : Sen. 3,078,914 : Cost 40.21688080 : Time 527.39s : 8367.65 words/s
[2019-07-28 15:18:08] Ep. 12 : Up. 498000 : Sen. 3,286,731 : Cost 40.23955536 : Time 529.54s : 8371.26 words/s
[2019-07-28 15:26:55] Ep. 12 : Up. 500000 : Sen. 3,493,797 : Cost 40.18159485 : Time 526.99s : 8395.77 words/s
[2019-07-28 15:26:55] Saving model to ../experiments/100M_fasttext_prob_x_len_+_dcce_x_ced_0.25_w3000/model/model.npz.orig.npz
[2019-07-28 15:27:04] Saving model to ../experiments/100M_fasttext_prob_x_len_+_dcce_x_ced_0.25_w3000/model/model.iter500000.npz
[2019-07-28 15:27:10] Saving model to ../experiments/100M_fasttext_prob_x_len_+_dcce_x_ced_0.25_w3000/model/model.npz
[2019-07-28 15:27:19] Saving Adam parameters to ../experiments/100M_fasttext_prob_x_len_+_dcce_x_ced_0.25_w3000/model/model.npz.optimizer.npz
[2019-07-28 15:27:43] [valid] Ep. 12 : Up. 500000 : cross-entropy : 48.4606 : stalled 2 times (last best: 48.4297)
[2019-07-28 15:27:51] [valid] Ep. 12 : Up. 500000 : perplexity : 6.77584 : stalled 2 times (last best: 6.76758)
[2019-07-28 15:28:52] [valid] Ep. 12 : Up. 500000 : translation : 30.94 : new best
[2019-07-28 15:37:42] Ep. 12 : Up. 502000 : Sen. 3,700,166 : Cost 40.32618713 : Time 646.75s : 6811.77 words/s
[2019-07-28 15:46:27] Ep. 12 : Up. 504000 : Sen. 3,906,771 : Cost 40.35023499 : Time 525.71s : 8375.90 words/s
[2019-07-28 15:55:15] Ep. 12 : Up. 506000 : Sen. 4,112,370 : Cost 40.34173965 : Time 527.24s : 8346.03 words/s
[2019-07-28 16:04:01] Ep. 12 : Up. 508000 : Sen. 4,319,241 : Cost 40.05750275 : Time 526.88s : 8347.04 words/s
[2019-07-28 16:06:42] Seen 4381953 samples
[2019-07-28 16:06:42] Starting epoch 13
[2019-07-28 16:06:42] [data] Shuffling data
[2019-07-28 16:06:45] [data] Done reading 5196149 sentences
[2019-07-28 16:07:06] [data] Done shuffling 5196149 sentences to temp files
[2019-07-28 16:13:10] Ep. 13 : Up. 510000 : Sen. 143,518 : Cost 39.68197250 : Time 548.71s : 8022.51 words/s
[2019-07-28 16:21:57] Ep. 13 : Up. 512000 : Sen. 351,115 : Cost 39.16817474 : Time 526.77s : 8405.67 words/s
[2019-07-28 16:30:43] Ep. 13 : Up. 514000 : Sen. 558,451 : Cost 39.28655624 : Time 526.53s : 8396.21 words/s
[2019-07-28 16:39:31] Ep. 13 : Up. 516000 : Sen. 765,868 : Cost 39.47717285 : Time 527.61s : 8378.16 words/s
[2019-07-28 16:48:18] Ep. 13 : Up. 518000 : Sen. 972,166 : Cost 39.85946655 : Time 526.51s : 8364.74 words/s
[2019-07-28 16:57:04] Ep. 13 : Up. 520000 : Sen. 1,178,326 : Cost 39.31431961 : Time 526.09s : 8334.59 words/s
[2019-07-28 16:57:04] Saving model to ../experiments/100M_fasttext_prob_x_len_+_dcce_x_ced_0.25_w3000/model/model.npz.orig.npz
[2019-07-28 16:57:13] Saving model to ../experiments/100M_fasttext_prob_x_len_+_dcce_x_ced_0.25_w3000/model/model.iter520000.npz
[2019-07-28 16:57:19] Saving model to ../experiments/100M_fasttext_prob_x_len_+_dcce_x_ced_0.25_w3000/model/model.npz
[2019-07-28 16:57:29] Saving Adam parameters to ../experiments/100M_fasttext_prob_x_len_+_dcce_x_ced_0.25_w3000/model/model.npz.optimizer.npz
[2019-07-28 16:57:52] [valid] Ep. 13 : Up. 520000 : cross-entropy : 48.4506 : stalled 3 times (last best: 48.4297)
[2019-07-28 16:58:00] [valid] Ep. 13 : Up. 520000 : perplexity : 6.77317 : stalled 3 times (last best: 6.76758)
[2019-07-28 16:59:04] [valid] Ep. 13 : Up. 520000 : translation : 30.82 : stalled 1 times (last best: 30.94)
[2019-07-28 17:07:54] Ep. 13 : Up. 522000 : Sen. 1,385,281 : Cost 39.68097305 : Time 650.15s : 6803.39 words/s
[2019-07-28 17:16:38] Ep. 13 : Up. 524000 : Sen. 1,590,999 : Cost 39.81974411 : Time 524.15s : 8396.22 words/s
[2019-07-28 17:25:27] Ep. 13 : Up. 526000 : Sen. 1,797,907 : Cost 39.47684479 : Time 529.41s : 8328.24 words/s
[2019-07-28 17:34:17] Ep. 13 : Up. 528000 : Sen. 2,004,836 : Cost 39.80424500 : Time 529.12s : 8341.28 words/s
[2019-07-28 17:43:05] Ep. 13 : Up. 530000 : Sen. 2,211,748 : Cost 39.59786606 : Time 528.76s : 8334.75 words/s
[2019-07-28 17:51:56] Ep. 13 : Up. 532000 : Sen. 2,419,020 : Cost 39.96156693 : Time 530.52s : 8350.27 words/s
[2019-07-28 18:00:46] Ep. 13 : Up. 534000 : Sen. 2,626,107 : Cost 39.90248871 : Time 529.69s : 8352.50 words/s
[2019-07-28 18:09:34] Ep. 13 : Up. 536000 : Sen. 2,833,729 : Cost 39.76097488 : Time 528.13s : 8375.53 words/s
[2019-07-28 18:18:24] Ep. 13 : Up. 538000 : Sen. 3,041,454 : Cost 40.04105759 : Time 530.07s : 8357.54 words/s
[2019-07-28 18:27:12] Ep. 13 : Up. 540000 : Sen. 3,248,732 : Cost 39.82137680 : Time 527.97s : 8378.13 words/s
[2019-07-28 18:27:12] Saving model to ../experiments/100M_fasttext_prob_x_len_+_dcce_x_ced_0.25_w3000/model/model.npz.orig.npz
[2019-07-28 18:27:21] Saving model to ../experiments/100M_fasttext_prob_x_len_+_dcce_x_ced_0.25_w3000/model/model.iter540000.npz
[2019-07-28 18:27:28] Saving model to ../experiments/100M_fasttext_prob_x_len_+_dcce_x_ced_0.25_w3000/model/model.npz
[2019-07-28 18:27:37] Saving Adam parameters to ../experiments/100M_fasttext_prob_x_len_+_dcce_x_ced_0.25_w3000/model/model.npz.optimizer.npz
[2019-07-28 18:28:01] [valid] Ep. 13 : Up. 540000 : cross-entropy : 48.4004 : new best
[2019-07-28 18:28:08] [valid] Ep. 13 : Up. 540000 : perplexity : 6.75975 : new best
[2019-07-28 18:29:10] [valid] Ep. 13 : Up. 540000 : translation : 30.93 : stalled 2 times (last best: 30.94)
[2019-07-28 18:38:01] Ep. 13 : Up. 542000 : Sen. 3,455,526 : Cost 40.08750916 : Time 649.34s : 6823.29 words/s
[2019-07-28 18:46:44] Ep. 13 : Up. 544000 : Sen. 3,661,034 : Cost 39.86410522 : Time 523.40s : 8385.75 words/s
[2019-07-28 18:55:28] Ep. 13 : Up. 546000 : Sen. 3,867,213 : Cost 39.84852982 : Time 523.56s : 8394.31 words/s
[2019-07-28 19:04:15] Ep. 13 : Up. 548000 : Sen. 4,073,829 : Cost 40.05516434 : Time 527.44s : 8353.24 words/s
[2019-07-28 19:13:04] Ep. 13 : Up. 550000 : Sen. 4,281,522 : Cost 39.70322037 : Time 528.24s : 8366.86 words/s
[2019-07-28 19:17:21] Seen 4381953 samples
[2019-07-28 19:17:21] Starting epoch 14
[2019-07-28 19:17:21] [data] Shuffling data
[2019-07-28 19:17:24] [data] Done reading 5196149 sentences
[2019-07-28 19:17:44] [data] Done shuffling 5196149 sentences to temp files
[2019-07-28 19:22:17] Ep. 14 : Up. 552000 : Sen. 106,203 : Cost 39.59347534 : Time 553.51s : 7967.25 words/s
[2019-07-28 19:31:04] Ep. 14 : Up. 554000 : Sen. 311,982 : Cost 39.27113724 : Time 526.33s : 8365.42 words/s
[2019-07-28 19:39:54] Ep. 14 : Up. 556000 : Sen. 519,775 : Cost 38.86728287 : Time 530.01s : 8356.01 words/s
[2019-07-28 19:48:45] Ep. 14 : Up. 558000 : Sen. 725,918 : Cost 39.35270309 : Time 531.19s : 8310.34 words/s
[2019-07-28 19:57:28] Ep. 14 : Up. 560000 : Sen. 932,195 : Cost 38.82593155 : Time 522.87s : 8377.04 words/s
[2019-07-28 19:57:28] Saving model to ../experiments/100M_fasttext_prob_x_len_+_dcce_x_ced_0.25_w3000/model/model.npz.orig.npz
[2019-07-28 19:57:36] Saving model to ../experiments/100M_fasttext_prob_x_len_+_dcce_x_ced_0.25_w3000/model/model.iter560000.npz
[2019-07-28 19:57:43] Saving model to ../experiments/100M_fasttext_prob_x_len_+_dcce_x_ced_0.25_w3000/model/model.npz
[2019-07-28 19:57:52] Saving Adam parameters to ../experiments/100M_fasttext_prob_x_len_+_dcce_x_ced_0.25_w3000/model/model.npz.optimizer.npz
[2019-07-28 19:58:16] [valid] Ep. 14 : Up. 560000 : cross-entropy : 48.4632 : stalled 1 times (last best: 48.4004)
[2019-07-28 19:58:24] [valid] Ep. 14 : Up. 560000 : perplexity : 6.77654 : stalled 1 times (last best: 6.75975)
[2019-07-28 19:59:26] [valid] Ep. 14 : Up. 560000 : translation : 30.71 : stalled 3 times (last best: 30.94)
[2019-07-28 20:08:13] Ep. 14 : Up. 562000 : Sen. 1,138,645 : Cost 39.45772934 : Time 645.26s : 6831.36 words/s
[2019-07-28 20:17:01] Ep. 14 : Up. 564000 : Sen. 1,346,467 : Cost 39.27230072 : Time 528.22s : 8386.30 words/s
[2019-07-28 20:25:50] Ep. 14 : Up. 566000 : Sen. 1,553,624 : Cost 39.39792633 : Time 528.78s : 8343.05 words/s
[2019-07-28 20:34:42] Ep. 14 : Up. 568000 : Sen. 1,761,518 : Cost 39.50410843 : Time 532.29s : 8339.74 words/s
[2019-07-28 20:43:31] Ep. 14 : Up. 570000 : Sen. 1,968,376 : Cost 39.20238113 : Time 528.70s : 8325.92 words/s
[2019-07-28 20:52:22] Ep. 14 : Up. 572000 : Sen. 2,175,284 : Cost 39.36006165 : Time 531.59s : 8292.21 words/s
[2019-07-28 21:01:17] Ep. 14 : Up. 574000 : Sen. 2,382,871 : Cost 39.56902313 : Time 534.78s : 8293.97 words/s
[2019-07-28 21:10:09] Ep. 14 : Up. 576000 : Sen. 2,589,813 : Cost 39.79528809 : Time 532.28s : 8310.09 words/s
[2019-07-28 21:19:01] Ep. 14 : Up. 578000 : Sen. 2,796,370 : Cost 39.58055496 : Time 531.61s : 8292.31 words/s
[2019-07-28 21:27:51] Ep. 14 : Up. 580000 : Sen. 3,002,790 : Cost 39.69308853 : Time 530.10s : 8304.94 words/s
[2019-07-28 21:27:51] Saving model to ../experiments/100M_fasttext_prob_x_len_+_dcce_x_ced_0.25_w3000/model/model.npz.orig.npz
[2019-07-28 21:28:01] Saving model to ../experiments/100M_fasttext_prob_x_len_+_dcce_x_ced_0.25_w3000/model/model.iter580000.npz
[2019-07-28 21:28:08] Saving model to ../experiments/100M_fasttext_prob_x_len_+_dcce_x_ced_0.25_w3000/model/model.npz
[2019-07-28 21:28:18] Saving Adam parameters to ../experiments/100M_fasttext_prob_x_len_+_dcce_x_ced_0.25_w3000/model/model.npz.optimizer.npz
[2019-07-28 21:28:44] [valid] Ep. 14 : Up. 580000 : cross-entropy : 48.4044 : stalled 2 times (last best: 48.4004)
[2019-07-28 21:28:52] [valid] Ep. 14 : Up. 580000 : perplexity : 6.76083 : stalled 2 times (last best: 6.75975)
[2019-07-28 21:29:58] [valid] Ep. 14 : Up. 580000 : translation : 30.87 : stalled 4 times (last best: 30.94)
[2019-07-28 21:38:53] Ep. 14 : Up. 582000 : Sen. 3,209,247 : Cost 39.70641708 : Time 661.45s : 6668.32 words/s
[2019-07-28 21:47:39] Ep. 14 : Up. 584000 : Sen. 3,415,557 : Cost 39.58742142 : Time 526.64s : 8349.40 words/s
[2019-07-28 21:56:26] Ep. 14 : Up. 586000 : Sen. 3,621,374 : Cost 39.71114731 : Time 526.50s : 8335.71 words/s
[2019-07-28 22:05:16] Ep. 14 : Up. 588000 : Sen. 3,829,065 : Cost 39.83915710 : Time 530.56s : 8352.20 words/s
[2019-07-28 22:14:04] Ep. 14 : Up. 590000 : Sen. 4,035,450 : Cost 39.73976517 : Time 527.98s : 8352.70 words/s
[2019-07-28 22:22:52] Ep. 14 : Up. 592000 : Sen. 4,242,148 : Cost 39.76170731 : Time 527.23s : 8348.79 words/s
[2019-07-28 22:28:51] Seen 4381953 samples
[2019-07-28 22:28:51] Starting epoch 15
[2019-07-28 22:28:51] [data] Shuffling data
[2019-07-28 22:28:54] [data] Done reading 5196149 sentences
[2019-07-28 22:29:16] [data] Done shuffling 5196149 sentences to temp files
[2019-07-28 22:32:10] Ep. 15 : Up. 594000 : Sen. 66,662 : Cost 39.50252151 : Time 558.45s : 7907.09 words/s
[2019-07-28 22:40:59] Ep. 15 : Up. 596000 : Sen. 273,671 : Cost 38.72274017 : Time 528.72s : 8348.39 words/s
[2019-07-28 22:49:50] Ep. 15 : Up. 598000 : Sen. 480,914 : Cost 38.94089127 : Time 531.57s : 8325.43 words/s
[2019-07-28 22:58:42] Ep. 15 : Up. 600000 : Sen. 688,864 : Cost 39.01689911 : Time 531.79s : 8343.62 words/s
[2019-07-28 22:58:42] Saving model to ../experiments/100M_fasttext_prob_x_len_+_dcce_x_ced_0.25_w3000/model/model.npz.orig.npz
[2019-07-28 22:58:52] Saving model to ../experiments/100M_fasttext_prob_x_len_+_dcce_x_ced_0.25_w3000/model/model.iter600000.npz
[2019-07-28 22:58:59] Saving model to ../experiments/100M_fasttext_prob_x_len_+_dcce_x_ced_0.25_w3000/model/model.npz
[2019-07-28 22:59:08] Saving Adam parameters to ../experiments/100M_fasttext_prob_x_len_+_dcce_x_ced_0.25_w3000/model/model.npz.optimizer.npz
[2019-07-28 22:59:33] [valid] Ep. 15 : Up. 600000 : cross-entropy : 48.3313 : new best
[2019-07-28 22:59:41] [valid] Ep. 15 : Up. 600000 : perplexity : 6.74133 : new best
[2019-07-28 23:00:44] [valid] Ep. 15 : Up. 600000 : translation : 30.94 : stalled 5 times (last best: 30.94)
[2019-07-28 23:09:36] Ep. 15 : Up. 602000 : Sen. 895,898 : Cost 38.99756241 : Time 653.91s : 6758.18 words/s
[2019-07-28 23:18:25] Ep. 15 : Up. 604000 : Sen. 1,102,636 : Cost 39.19985199 : Time 528.95s : 8350.87 words/s
[2019-07-28 23:27:11] Ep. 15 : Up. 606000 : Sen. 1,309,482 : Cost 38.98459625 : Time 526.18s : 8370.86 words/s
[2019-07-28 23:35:59] Ep. 15 : Up. 608000 : Sen. 1,515,857 : Cost 39.23131561 : Time 527.50s : 8376.13 words/s
[2019-07-28 23:44:47] Ep. 15 : Up. 610000 : Sen. 1,722,314 : Cost 39.22486877 : Time 528.85s : 8345.23 words/s
[2019-07-28 23:53:35] Ep. 15 : Up. 612000 : Sen. 1,929,716 : Cost 38.98741913 : Time 527.87s : 8369.23 words/s
[2019-07-29 00:02:23] Ep. 15 : Up. 614000 : Sen. 2,135,721 : Cost 39.36890030 : Time 527.79s : 8331.30 words/s
[2019-07-29 00:11:15] Ep. 15 : Up. 616000 : Sen. 2,343,488 : Cost 39.38706589 : Time 532.02s : 8322.70 words/s
[2019-07-29 00:20:07] Ep. 15 : Up. 618000 : Sen. 2,549,911 : Cost 39.32701111 : Time 531.90s : 8292.03 words/s
[2019-07-29 00:28:57] Ep. 15 : Up. 620000 : Sen. 2,756,460 : Cost 39.38757324 : Time 530.33s : 8299.18 words/s
[2019-07-29 00:28:57] Saving model to ../experiments/100M_fasttext_prob_x_len_+_dcce_x_ced_0.25_w3000/model/model.npz.orig.npz
[2019-07-29 00:29:06] Saving model to ../experiments/100M_fasttext_prob_x_len_+_dcce_x_ced_0.25_w3000/model/model.iter620000.npz
[2019-07-29 00:29:13] Saving model to ../experiments/100M_fasttext_prob_x_len_+_dcce_x_ced_0.25_w3000/model/model.npz
[2019-07-29 00:29:23] Saving Adam parameters to ../experiments/100M_fasttext_prob_x_len_+_dcce_x_ced_0.25_w3000/model/model.npz.optimizer.npz
[2019-07-29 00:29:49] [valid] Ep. 15 : Up. 620000 : cross-entropy : 48.3823 : stalled 1 times (last best: 48.3313)
[2019-07-29 00:29:56] [valid] Ep. 15 : Up. 620000 : perplexity : 6.75492 : stalled 1 times (last best: 6.74133)
[2019-07-29 00:31:02] [valid] Ep. 15 : Up. 620000 : translation : 30.9 : stalled 6 times (last best: 30.94)
[2019-07-29 00:39:57] Ep. 15 : Up. 622000 : Sen. 2,963,541 : Cost 39.26924896 : Time 659.77s : 6698.81 words/s
[2019-07-29 00:48:44] Ep. 15 : Up. 624000 : Sen. 3,168,889 : Cost 39.50812149 : Time 527.20s : 8325.91 words/s
[2019-07-29 00:57:33] Ep. 15 : Up. 626000 : Sen. 3,374,956 : Cost 39.45028687 : Time 528.73s : 8311.70 words/s
[2019-07-29 01:06:22] Ep. 15 : Up. 628000 : Sen. 3,581,700 : Cost 39.51794815 : Time 528.80s : 8340.65 words/s
[2019-07-29 01:15:12] Ep. 15 : Up. 630000 : Sen. 3,788,800 : Cost 39.24587250 : Time 529.56s : 8326.52 words/s
[2019-07-29 01:24:00] Ep. 15 : Up. 632000 : Sen. 3,995,409 : Cost 39.26228714 : Time 528.80s : 8294.90 words/s
[2019-07-29 01:32:51] Ep. 15 : Up. 634000 : Sen. 4,201,538 : Cost 39.52013397 : Time 530.30s : 8296.56 words/s
[2019-07-29 01:40:34] Seen 4381953 samples
[2019-07-29 01:40:34] Starting epoch 16
[2019-07-29 01:40:34] [data] Shuffling data
[2019-07-29 01:40:37] [data] Done reading 5196149 sentences
[2019-07-29 01:41:03] [data] Done shuffling 5196149 sentences to temp files
[2019-07-29 01:42:09] Ep. 16 : Up. 636000 : Sen. 25,111 : Cost 39.58242035 : Time 558.23s : 7873.65 words/s
[2019-07-29 01:51:00] Ep. 16 : Up. 638000 : Sen. 231,542 : Cost 38.25469971 : Time 531.32s : 8282.53 words/s
[2019-07-29 01:59:52] Ep. 16 : Up. 640000 : Sen. 439,196 : Cost 38.71563339 : Time 532.02s : 8323.97 words/s
[2019-07-29 01:59:52] Saving model to ../experiments/100M_fasttext_prob_x_len_+_dcce_x_ced_0.25_w3000/model/model.npz.orig.npz
[2019-07-29 02:00:05] Saving model to ../experiments/100M_fasttext_prob_x_len_+_dcce_x_ced_0.25_w3000/model/model.iter640000.npz
[2019-07-29 02:00:13] Saving model to ../experiments/100M_fasttext_prob_x_len_+_dcce_x_ced_0.25_w3000/model/model.npz
[2019-07-29 02:00:23] Saving Adam parameters to ../experiments/100M_fasttext_prob_x_len_+_dcce_x_ced_0.25_w3000/model/model.npz.optimizer.npz
[2019-07-29 02:00:48] [valid] Ep. 16 : Up. 640000 : cross-entropy : 48.2923 : new best
[2019-07-29 02:00:56] [valid] Ep. 16 : Up. 640000 : perplexity : 6.73097 : new best
[2019-07-29 02:02:03] [valid] Ep. 16 : Up. 640000 : translation : 30.94 : stalled 7 times (last best: 30.94)
[2019-07-29 02:10:53] Ep. 16 : Up. 642000 : Sen. 645,879 : Cost 38.57498932 : Time 661.17s : 6653.68 words/s
[2019-07-29 02:19:43] Ep. 16 : Up. 644000 : Sen. 851,937 : Cost 38.76657486 : Time 529.47s : 8302.14 words/s
[2019-07-29 02:28:32] Ep. 16 : Up. 646000 : Sen. 1,058,573 : Cost 38.81178284 : Time 529.62s : 8323.75 words/s
[2019-07-29 02:37:21] Ep. 16 : Up. 648000 : Sen. 1,264,136 : Cost 38.88398743 : Time 529.03s : 8310.04 words/s
[2019-07-29 02:46:14] Ep. 16 : Up. 650000 : Sen. 1,471,268 : Cost 38.94765854 : Time 532.92s : 8305.04 words/s
[2019-07-29 02:55:05] Ep. 16 : Up. 652000 : Sen. 1,678,209 : Cost 38.97189713 : Time 530.94s : 8299.87 words/s
[2019-07-29 03:03:55] Ep. 16 : Up. 654000 : Sen. 1,885,080 : Cost 38.97558212 : Time 529.48s : 8329.52 words/s
[2019-07-29 03:12:44] Ep. 16 : Up. 656000 : Sen. 2,092,069 : Cost 38.89674377 : Time 529.13s : 8347.04 words/s
[2019-07-29 03:21:33] Ep. 16 : Up. 658000 : Sen. 2,297,948 : Cost 38.95200729 : Time 529.52s : 8306.67 words/s
[2019-07-29 03:30:21] Ep. 16 : Up. 660000 : Sen. 2,504,520 : Cost 38.98635483 : Time 527.61s : 8338.77 words/s
[2019-07-29 03:30:21] Saving model to ../experiments/100M_fasttext_prob_x_len_+_dcce_x_ced_0.25_w3000/model/model.npz.orig.npz
[2019-07-29 03:30:30] Saving model to ../experiments/100M_fasttext_prob_x_len_+_dcce_x_ced_0.25_w3000/model/model.iter660000.npz
[2019-07-29 03:30:37] Saving model to ../experiments/100M_fasttext_prob_x_len_+_dcce_x_ced_0.25_w3000/model/model.npz
[2019-07-29 03:30:47] Saving Adam parameters to ../experiments/100M_fasttext_prob_x_len_+_dcce_x_ced_0.25_w3000/model/model.npz.optimizer.npz
[2019-07-29 03:31:13] [valid] Ep. 16 : Up. 660000 : cross-entropy : 48.3839 : stalled 1 times (last best: 48.2923)
[2019-07-29 03:31:20] [valid] Ep. 16 : Up. 660000 : perplexity : 6.75536 : stalled 1 times (last best: 6.73097)
[2019-07-29 03:32:26] [valid] Ep. 16 : Up. 660000 : translation : 30.92 : stalled 8 times (last best: 30.94)
[2019-07-29 03:41:20] Ep. 16 : Up. 662000 : Sen. 2,712,129 : Cost 39.18009949 : Time 658.60s : 6729.69 words/s
[2019-07-29 03:50:10] Ep. 16 : Up. 664000 : Sen. 2,919,472 : Cost 39.13317871 : Time 529.98s : 8344.43 words/s
[2019-07-29 03:59:03] Ep. 16 : Up. 666000 : Sen. 3,126,318 : Cost 39.23306274 : Time 532.98s : 8304.06 words/s
[2019-07-29 04:07:52] Ep. 16 : Up. 668000 : Sen. 3,334,235 : Cost 39.17147827 : Time 529.19s : 8377.29 words/s
[2019-07-29 04:16:32] Ep. 16 : Up. 670000 : Sen. 3,538,903 : Cost 39.15773010 : Time 519.84s : 8395.29 words/s
[2019-07-29 04:25:19] Ep. 16 : Up. 672000 : Sen. 3,745,831 : Cost 39.11045074 : Time 526.84s : 8366.19 words/s
[2019-07-29 04:34:03] Ep. 16 : Up. 674000 : Sen. 3,951,759 : Cost 39.36825180 : Time 524.85s : 8373.29 words/s
[2019-07-29 04:42:53] Ep. 16 : Up. 676000 : Sen. 4,159,424 : Cost 39.40072250 : Time 529.45s : 8382.06 words/s
[2019-07-29 04:51:39] Ep. 16 : Up. 678000 : Sen. 4,366,857 : Cost 39.27770233 : Time 526.16s : 8415.71 words/s
[2019-07-29 04:52:17] Seen 4381953 samples
[2019-07-29 04:52:17] Starting epoch 17
[2019-07-29 04:52:17] [data] Shuffling data
[2019-07-29 04:52:20] [data] Done reading 5196149 sentences
[2019-07-29 04:52:43] [data] Done shuffling 5196149 sentences to temp files
[2019-07-29 05:00:54] Ep. 17 : Up. 680000 : Sen. 192,913 : Cost 38.04119110 : Time 554.72s : 7972.60 words/s
[2019-07-29 05:00:54] Saving model to ../experiments/100M_fasttext_prob_x_len_+_dcce_x_ced_0.25_w3000/model/model.npz.orig.npz
[2019-07-29 05:01:03] Saving model to ../experiments/100M_fasttext_prob_x_len_+_dcce_x_ced_0.25_w3000/model/model.iter680000.npz
[2019-07-29 05:01:10] Saving model to ../experiments/100M_fasttext_prob_x_len_+_dcce_x_ced_0.25_w3000/model/model.npz
[2019-07-29 05:01:20] Saving Adam parameters to ../experiments/100M_fasttext_prob_x_len_+_dcce_x_ced_0.25_w3000/model/model.npz.optimizer.npz
[2019-07-29 05:01:45] [valid] Ep. 17 : Up. 680000 : cross-entropy : 48.3243 : stalled 2 times (last best: 48.2923)
[2019-07-29 05:01:53] [valid] Ep. 17 : Up. 680000 : perplexity : 6.73948 : stalled 2 times (last best: 6.73097)
[2019-07-29 05:02:56] [valid] Ep. 17 : Up. 680000 : translation : 30.82 : stalled 9 times (last best: 30.94)
[2019-07-29 05:11:43] Ep. 17 : Up. 682000 : Sen. 399,703 : Cost 38.44026947 : Time 648.92s : 6810.90 words/s
[2019-07-29 05:20:26] Ep. 17 : Up. 684000 : Sen. 605,704 : Cost 38.53736115 : Time 523.59s : 8414.02 words/s
[2019-07-29 05:29:12] Ep. 17 : Up. 686000 : Sen. 812,722 : Cost 38.52818298 : Time 525.70s : 8410.76 words/s
[2019-07-29 05:37:57] Ep. 17 : Up. 688000 : Sen. 1,019,052 : Cost 38.55343246 : Time 524.73s : 8379.75 words/s
[2019-07-29 05:46:42] Ep. 17 : Up. 690000 : Sen. 1,225,843 : Cost 38.72879410 : Time 525.68s : 8396.02 words/s
[2019-07-29 05:55:26] Ep. 17 : Up. 692000 : Sen. 1,431,688 : Cost 38.50674438 : Time 523.66s : 8367.11 words/s
[2019-07-29 06:04:11] Ep. 17 : Up. 694000 : Sen. 1,637,573 : Cost 38.76969528 : Time 524.98s : 8364.42 words/s
[2019-07-29 06:13:03] Ep. 17 : Up. 696000 : Sen. 1,845,978 : Cost 38.63819885 : Time 532.36s : 8360.65 words/s
[2019-07-29 06:21:47] Ep. 17 : Up. 698000 : Sen. 2,051,859 : Cost 38.99942780 : Time 523.54s : 8407.04 words/s
[2019-07-29 06:30:33] Ep. 17 : Up. 700000 : Sen. 2,259,200 : Cost 38.69723511 : Time 526.47s : 8387.12 words/s
[2019-07-29 06:30:33] Saving model to ../experiments/100M_fasttext_prob_x_len_+_dcce_x_ced_0.25_w3000/model/model.npz.orig.npz
[2019-07-29 06:30:43] Saving model to ../experiments/100M_fasttext_prob_x_len_+_dcce_x_ced_0.25_w3000/model/model.iter700000.npz
[2019-07-29 06:30:50] Saving model to ../experiments/100M_fasttext_prob_x_len_+_dcce_x_ced_0.25_w3000/model/model.npz
[2019-07-29 06:31:00] Saving Adam parameters to ../experiments/100M_fasttext_prob_x_len_+_dcce_x_ced_0.25_w3000/model/model.npz.optimizer.npz
[2019-07-29 06:31:25] [valid] Ep. 17 : Up. 700000 : cross-entropy : 48.4395 : stalled 3 times (last best: 48.2923)
[2019-07-29 06:31:32] [valid] Ep. 17 : Up. 700000 : perplexity : 6.77018 : stalled 3 times (last best: 6.73097)
[2019-07-29 06:32:35] [valid] Ep. 17 : Up. 700000 : translation : 30.85 : stalled 10 times (last best: 30.94)
[2019-07-29 06:41:22] Ep. 17 : Up. 702000 : Sen. 2,465,492 : Cost 38.76318741 : Time 648.27s : 6779.69 words/s
[2019-07-29 06:50:09] Ep. 17 : Up. 704000 : Sen. 2,672,389 : Cost 38.94363403 : Time 527.82s : 8367.89 words/s
[2019-07-29 06:58:56] Ep. 17 : Up. 706000 : Sen. 2,879,555 : Cost 39.02315140 : Time 526.32s : 8397.34 words/s
[2019-07-29 07:07:42] Ep. 17 : Up. 708000 : Sen. 3,086,378 : Cost 38.95652390 : Time 525.98s : 8390.22 words/s
[2019-07-29 07:16:30] Ep. 17 : Up. 710000 : Sen. 3,294,814 : Cost 38.73377609 : Time 528.37s : 8399.93 words/s
[2019-07-29 07:25:15] Ep. 17 : Up. 712000 : Sen. 3,500,913 : Cost 38.95454025 : Time 525.12s : 8365.63 words/s
[2019-07-29 07:34:01] Ep. 17 : Up. 714000 : Sen. 3,707,157 : Cost 39.23962021 : Time 525.65s : 8391.45 words/s
[2019-07-29 07:42:48] Ep. 17 : Up. 716000 : Sen. 3,913,886 : Cost 39.08219147 : Time 526.63s : 8383.44 words/s
[2019-07-29 07:51:33] Ep. 17 : Up. 718000 : Sen. 4,120,019 : Cost 39.03629684 : Time 525.13s : 8371.03 words/s
[2019-07-29 08:00:20] Ep. 17 : Up. 720000 : Sen. 4,327,452 : Cost 39.22245789 : Time 527.11s : 8408.28 words/s
[2019-07-29 08:00:20] Saving model to ../experiments/100M_fasttext_prob_x_len_+_dcce_x_ced_0.25_w3000/model/model.npz.orig.npz
[2019-07-29 08:00:30] Saving model to ../experiments/100M_fasttext_prob_x_len_+_dcce_x_ced_0.25_w3000/model/model.iter720000.npz
[2019-07-29 08:00:37] Saving model to ../experiments/100M_fasttext_prob_x_len_+_dcce_x_ced_0.25_w3000/model/model.npz
[2019-07-29 08:00:46] Saving Adam parameters to ../experiments/100M_fasttext_prob_x_len_+_dcce_x_ced_0.25_w3000/model/model.npz.optimizer.npz
[2019-07-29 08:01:11] [valid] Ep. 17 : Up. 720000 : cross-entropy : 48.2783 : new best
[2019-07-29 08:01:19] [valid] Ep. 17 : Up. 720000 : perplexity : 6.72725 : new best
[2019-07-29 08:02:21] [valid] Ep. 17 : Up. 720000 : translation : 30.77 : stalled 11 times (last best: 30.94)
[2019-07-29 08:04:41] Seen 4381953 samples
[2019-07-29 08:04:41] Starting epoch 18
[2019-07-29 08:04:41] [data] Shuffling data
[2019-07-29 08:04:44] [data] Done reading 5196149 sentences
[2019-07-29 08:05:05] [data] Done shuffling 5196149 sentences to temp files
[2019-07-29 08:11:37] Ep. 18 : Up. 722000 : Sen. 153,465 : Cost 38.28330994 : Time 676.98s : 6532.89 words/s
[2019-07-29 08:20:22] Ep. 18 : Up. 724000 : Sen. 360,156 : Cost 38.12680435 : Time 525.44s : 8399.66 words/s
[2019-07-29 08:29:09] Ep. 18 : Up. 726000 : Sen. 567,948 : Cost 38.31050873 : Time 526.73s : 8419.78 words/s
[2019-07-29 08:37:57] Ep. 18 : Up. 728000 : Sen. 775,541 : Cost 38.32722855 : Time 527.73s : 8404.44 words/s
[2019-07-29 08:46:44] Ep. 18 : Up. 730000 : Sen. 982,683 : Cost 38.32478714 : Time 527.56s : 8363.73 words/s
[2019-07-29 08:55:32] Ep. 18 : Up. 732000 : Sen. 1,189,172 : Cost 38.54120636 : Time 528.04s : 8367.25 words/s
[2019-07-29 09:04:19] Ep. 18 : Up. 734000 : Sen. 1,396,621 : Cost 38.39530563 : Time 526.31s : 8385.16 words/s
[2019-07-29 09:13:03] Ep. 18 : Up. 736000 : Sen. 1,603,544 : Cost 38.64665222 : Time 524.84s : 8414.74 words/s
[2019-07-29 09:21:49] Ep. 18 : Up. 738000 : Sen. 1,811,065 : Cost 38.41203308 : Time 525.28s : 8396.85 words/s
[2019-07-29 09:30:32] Ep. 18 : Up. 740000 : Sen. 2,017,496 : Cost 38.74944305 : Time 523.03s : 8435.78 words/s
[2019-07-29 09:30:32] Saving model to ../experiments/100M_fasttext_prob_x_len_+_dcce_x_ced_0.25_w3000/model/model.npz.orig.npz
[2019-07-29 09:30:41] Saving model to ../experiments/100M_fasttext_prob_x_len_+_dcce_x_ced_0.25_w3000/model/model.iter740000.npz
[2019-07-29 09:30:48] Saving model to ../experiments/100M_fasttext_prob_x_len_+_dcce_x_ced_0.25_w3000/model/model.npz
[2019-07-29 09:30:57] Saving Adam parameters to ../experiments/100M_fasttext_prob_x_len_+_dcce_x_ced_0.25_w3000/model/model.npz.optimizer.npz
[2019-07-29 09:31:22] [valid] Ep. 18 : Up. 740000 : cross-entropy : 48.4959 : stalled 1 times (last best: 48.2783)
[2019-07-29 09:31:30] [valid] Ep. 18 : Up. 740000 : perplexity : 6.78528 : stalled 1 times (last best: 6.72725)
[2019-07-29 09:32:32] [valid] Ep. 18 : Up. 740000 : translation : 30.67 : stalled 12 times (last best: 30.94)
[2019-07-29 09:41:22] Ep. 18 : Up. 742000 : Sen. 2,224,829 : Cost 38.78967285 : Time 650.14s : 6809.44 words/s
[2019-07-29 09:50:06] Ep. 18 : Up. 744000 : Sen. 2,431,688 : Cost 38.53570175 : Time 524.11s : 8414.63 words/s
[2019-07-29 09:58:51] Ep. 18 : Up. 746000 : Sen. 2,638,766 : Cost 38.58729553 : Time 525.31s : 8396.34 words/s
[2019-07-29 10:07:38] Ep. 18 : Up. 748000 : Sen. 2,845,945 : Cost 38.75463104 : Time 526.93s : 8399.91 words/s
[2019-07-29 10:16:21] Ep. 18 : Up. 750000 : Sen. 3,052,244 : Cost 38.86604309 : Time 522.48s : 8432.64 words/s
[2019-07-29 10:25:06] Ep. 18 : Up. 752000 : Sen. 3,259,185 : Cost 38.78170776 : Time 525.79s : 8401.93 words/s
[2019-07-29 10:33:51] Ep. 18 : Up. 754000 : Sen. 3,465,845 : Cost 38.76975632 : Time 524.21s : 8423.35 words/s
[2019-07-29 10:42:39] Ep. 18 : Up. 756000 : Sen. 3,674,292 : Cost 38.83723068 : Time 528.52s : 8416.24 words/s
[2019-07-29 10:51:23] Ep. 18 : Up. 758000 : Sen. 3,880,279 : Cost 38.83264542 : Time 524.09s : 8376.68 words/s
[2019-07-29 11:00:10] Ep. 18 : Up. 760000 : Sen. 4,087,003 : Cost 39.05651474 : Time 526.33s : 8389.47 words/s
[2019-07-29 11:00:10] Saving model to ../experiments/100M_fasttext_prob_x_len_+_dcce_x_ced_0.25_w3000/model/model.npz.orig.npz
[2019-07-29 11:00:20] Saving model to ../experiments/100M_fasttext_prob_x_len_+_dcce_x_ced_0.25_w3000/model/model.iter760000.npz
[2019-07-29 11:00:26] Saving model to ../experiments/100M_fasttext_prob_x_len_+_dcce_x_ced_0.25_w3000/model/model.npz
[2019-07-29 11:00:36] Saving Adam parameters to ../experiments/100M_fasttext_prob_x_len_+_dcce_x_ced_0.25_w3000/model/model.npz.optimizer.npz
[2019-07-29 11:01:01] [valid] Ep. 18 : Up. 760000 : cross-entropy : 48.3155 : stalled 2 times (last best: 48.2783)
[2019-07-29 11:01:08] [valid] Ep. 18 : Up. 760000 : perplexity : 6.73715 : stalled 2 times (last best: 6.72725)
[2019-07-29 11:02:12] [valid] Ep. 18 : Up. 760000 : translation : 30.84 : stalled 13 times (last best: 30.94)
[2019-07-29 11:10:59] Ep. 18 : Up. 762000 : Sen. 4,293,927 : Cost 38.70651245 : Time 649.04s : 6796.12 words/s
[2019-07-29 11:14:44] Seen 4381953 samples
[2019-07-29 11:14:44] Starting epoch 19
[2019-07-29 11:14:44] [data] Shuffling data
[2019-07-29 11:14:47] [data] Done reading 5196149 sentences
[2019-07-29 11:15:13] [data] Done shuffling 5196149 sentences to temp files
[2019-07-29 11:20:20] Ep. 19 : Up. 764000 : Sen. 119,222 : Cost 38.55943298 : Time 561.02s : 7905.51 words/s
[2019-07-29 11:29:07] Ep. 19 : Up. 766000 : Sen. 326,655 : Cost 37.76526260 : Time 527.40s : 8366.06 words/s
[2019-07-29 11:37:50] Ep. 19 : Up. 768000 : Sen. 531,837 : Cost 37.90789795 : Time 523.04s : 8372.80 words/s
[2019-07-29 11:46:35] Ep. 19 : Up. 770000 : Sen. 740,433 : Cost 37.88470459 : Time 524.85s : 8437.75 words/s
[2019-07-29 11:55:23] Ep. 19 : Up. 772000 : Sen. 947,200 : Cost 38.12563705 : Time 527.97s : 8380.75 words/s
[2019-07-29 12:04:10] Ep. 19 : Up. 774000 : Sen. 1,154,486 : Cost 38.37553787 : Time 527.08s : 8406.53 words/s
[2019-07-29 12:12:58] Ep. 19 : Up. 776000 : Sen. 1,361,765 : Cost 38.14752197 : Time 528.24s : 8361.63 words/s
[2019-07-29 12:21:40] Ep. 19 : Up. 778000 : Sen. 1,566,490 : Cost 38.44547653 : Time 521.36s : 8391.21 words/s
[2019-07-29 12:30:23] Ep. 19 : Up. 780000 : Sen. 1,773,320 : Cost 38.24810410 : Time 523.78s : 8415.23 words/s
[2019-07-29 12:30:23] Saving model to ../experiments/100M_fasttext_prob_x_len_+_dcce_x_ced_0.25_w3000/model/model.npz.orig.npz
[2019-07-29 12:30:32] Saving model to ../experiments/100M_fasttext_prob_x_len_+_dcce_x_ced_0.25_w3000/model/model.iter780000.npz
[2019-07-29 12:30:40] Saving model to ../experiments/100M_fasttext_prob_x_len_+_dcce_x_ced_0.25_w3000/model/model.npz
[2019-07-29 12:30:49] Saving Adam parameters to ../experiments/100M_fasttext_prob_x_len_+_dcce_x_ced_0.25_w3000/model/model.npz.optimizer.npz
[2019-07-29 12:31:14] [valid] Ep. 19 : Up. 780000 : cross-entropy : 48.5035 : stalled 3 times (last best: 48.2783)
[2019-07-29 12:31:21] [valid] Ep. 19 : Up. 780000 : perplexity : 6.78732 : stalled 3 times (last best: 6.72725)
[2019-07-29 12:32:25] [valid] Ep. 19 : Up. 780000 : translation : 30.86 : stalled 14 times (last best: 30.94)
[2019-07-29 12:41:13] Ep. 19 : Up. 782000 : Sen. 1,980,804 : Cost 38.36093140 : Time 649.75s : 6815.77 words/s
[2019-07-29 12:50:01] Ep. 19 : Up. 784000 : Sen. 2,187,857 : Cost 38.49280548 : Time 527.89s : 8378.30 words/s
[2019-07-29 12:58:46] Ep. 19 : Up. 786000 : Sen. 2,393,945 : Cost 38.54086304 : Time 524.62s : 8383.93 words/s
[2019-07-29 13:07:34] Ep. 19 : Up. 788000 : Sen. 2,600,861 : Cost 38.81161499 : Time 527.99s : 8382.77 words/s
[2019-07-29 13:16:17] Ep. 19 : Up. 790000 : Sen. 2,807,583 : Cost 38.18812180 : Time 523.33s : 8382.71 words/s
[2019-07-29 13:25:00] Ep. 19 : Up. 792000 : Sen. 3,013,868 : Cost 38.70761490 : Time 522.60s : 8436.22 words/s
[2019-07-29 13:33:45] Ep. 19 : Up. 794000 : Sen. 3,220,341 : Cost 38.68971634 : Time 525.50s : 8382.85 words/s
[2019-07-29 13:42:34] Ep. 19 : Up. 796000 : Sen. 3,428,273 : Cost 38.67158127 : Time 529.15s : 8383.47 words/s
[2019-07-29 13:51:19] Ep. 19 : Up. 798000 : Sen. 3,634,605 : Cost 38.71146011 : Time 524.84s : 8400.79 words/s
[2019-07-29 14:00:06] Ep. 19 : Up. 800000 : Sen. 3,841,892 : Cost 38.69834900 : Time 526.44s : 8405.95 words/s
[2019-07-29 14:00:06] Saving model to ../experiments/100M_fasttext_prob_x_len_+_dcce_x_ced_0.25_w3000/model/model.npz.orig.npz
[2019-07-29 14:00:15] Saving model to ../experiments/100M_fasttext_prob_x_len_+_dcce_x_ced_0.25_w3000/model/model.iter800000.npz
[2019-07-29 14:00:22] Saving model to ../experiments/100M_fasttext_prob_x_len_+_dcce_x_ced_0.25_w3000/model/model.npz
[2019-07-29 14:00:31] Saving Adam parameters to ../experiments/100M_fasttext_prob_x_len_+_dcce_x_ced_0.25_w3000/model/model.npz.optimizer.npz
[2019-07-29 14:00:56] [valid] Ep. 19 : Up. 800000 : cross-entropy : 48.4138 : stalled 4 times (last best: 48.2783)
[2019-07-29 14:01:04] [valid] Ep. 19 : Up. 800000 : perplexity : 6.76333 : stalled 4 times (last best: 6.72725)
[2019-07-29 14:02:06] [valid] Ep. 19 : Up. 800000 : translation : 30.94 : stalled 15 times (last best: 30.94)
[2019-07-29 14:10:54] Ep. 19 : Up. 802000 : Sen. 4,048,731 : Cost 38.63678741 : Time 648.54s : 6807.07 words/s
[2019-07-29 14:19:39] Ep. 19 : Up. 804000 : Sen. 4,255,498 : Cost 38.55869293 : Time 524.89s : 8384.62 words/s
[2019-07-29 14:25:00] Seen 4381953 samples
[2019-07-29 14:25:00] Starting epoch 20
[2019-07-29 14:25:00] [data] Shuffling data
[2019-07-29 14:25:03] [data] Done reading 5196149 sentences
[2019-07-29 14:25:24] [data] Done shuffling 5196149 sentences to temp files
[2019-07-29 14:28:52] Ep. 20 : Up. 806000 : Sen. 80,550 : Cost 38.33094406 : Time 553.27s : 7987.01 words/s
[2019-07-29 14:37:39] Ep. 20 : Up. 808000 : Sen. 287,543 : Cost 38.03572464 : Time 526.73s : 8412.49 words/s
[2019-07-29 14:46:26] Ep. 20 : Up. 810000 : Sen. 494,753 : Cost 37.81736755 : Time 527.23s : 8395.86 words/s
[2019-07-29 14:55:12] Ep. 20 : Up. 812000 : Sen. 701,010 : Cost 38.05883789 : Time 525.43s : 8365.66 words/s
[2019-07-29 15:03:57] Ep. 20 : Up. 814000 : Sen. 908,308 : Cost 37.91140366 : Time 525.57s : 8408.77 words/s
[2019-07-29 15:12:43] Ep. 20 : Up. 816000 : Sen. 1,115,197 : Cost 37.85550308 : Time 525.73s : 8383.78 words/s
[2019-07-29 15:21:29] Ep. 20 : Up. 818000 : Sen. 1,321,314 : Cost 38.33373642 : Time 526.01s : 8384.46 words/s
[2019-07-29 15:30:13] Ep. 20 : Up. 820000 : Sen. 1,528,192 : Cost 38.23416138 : Time 524.21s : 8430.16 words/s
[2019-07-29 15:30:13] Saving model to ../experiments/100M_fasttext_prob_x_len_+_dcce_x_ced_0.25_w3000/model/model.npz.orig.npz
[2019-07-29 15:30:23] Saving model to ../experiments/100M_fasttext_prob_x_len_+_dcce_x_ced_0.25_w3000/model/model.iter820000.npz
[2019-07-29 15:30:30] Saving model to ../experiments/100M_fasttext_prob_x_len_+_dcce_x_ced_0.25_w3000/model/model.npz
[2019-07-29 15:30:40] Saving Adam parameters to ../experiments/100M_fasttext_prob_x_len_+_dcce_x_ced_0.25_w3000/model/model.npz.optimizer.npz
[2019-07-29 15:31:05] [valid] Ep. 20 : Up. 820000 : cross-entropy : 48.4837 : stalled 5 times (last best: 48.2783)
[2019-07-29 15:31:13] [valid] Ep. 20 : Up. 820000 : perplexity : 6.78202 : stalled 5 times (last best: 6.72725)
[2019-07-29 15:32:17] [valid] Ep. 20 : Up. 820000 : translation : 31.03 : new best
[2019-07-29 15:32:19] Training finished
[2019-07-29 15:32:23] Saving model to ../experiments/100M_fasttext_prob_x_len_+_dcce_x_ced_0.25_w3000/model/model.npz.orig.npz
[2019-07-29 15:32:34] Saving model to ../experiments/100M_fasttext_prob_x_len_+_dcce_x_ced_0.25_w3000/model/model.npz
[2019-07-29 15:32:43] Saving Adam parameters to ../experiments/100M_fasttext_prob_x_len_+_dcce_x_ced_0.25_w3000/model/model.npz.optimizer.npz
