[2019-08-02 19:06:16] [marian] Marian v1.7.8 ec2d66e 2019-05-27 14:52:11 +0100
[2019-08-02 19:06:16] [marian] Running on bil as process 50477 with command line:
[2019-08-02 19:06:16] [marian] /fs/bil0/abdel/marian-dev/build/marian --sync-sgd --model ../experiments/10M_bicleaner_v1.1_+_biced_0.0_x_bic1.1_w3000/model/model.npz -T . --devices 6 --train-sets ../experiments/10M_bicleaner_v1.1_+_biced_0.0_x_bic1.1_w3000/data/train.bpe.de ../experiments/10M_bicleaner_v1.1_+_biced_0.0_x_bic1.1_w3000/data/train.bpe.en --vocabs ../experiments/10M_bicleaner_v1.1_+_biced_0.0_x_bic1.1_w3000/data/train.bpe.de.json ../experiments/10M_bicleaner_v1.1_+_biced_0.0_x_bic1.1_w3000/data/train.bpe.en.json --mini-batch-fit -w 3000 --dim-vocabs 50000 50000 --layer-normalization --dropout-rnn 0.2 --dropout-src 0.1 --dropout-trg 0.1 --learn-rate 0.0001 --after-epochs 0 --early-stopping 5 --valid-freq 20000 --save-freq 20000 --disp-freq 2000 --valid-mini-batch 8 --valid-sets ../experiments/10M_bicleaner_v1.1_+_biced_0.0_x_bic1.1_w3000/data/dev.bpe.de ../experiments/10M_bicleaner_v1.1_+_biced_0.0_x_bic1.1_w3000/data/dev.bpe.en --valid-metrics cross-entropy perplexity translation --valid-translation-output ../experiments/10M_bicleaner_v1.1_+_biced_0.0_x_bic1.1_w3000/model/dev.out --valid-script-path ../experiments/10M_bicleaner_v1.1_+_biced_0.0_x_bic1.1_w3000/score-dev.sh --seed 1111 --exponential-smoothing --normalize=1 --beam-size=12 --quiet-translation --log ../experiments/10M_bicleaner_v1.1_+_biced_0.0_x_bic1.1_w3000/model/train.log --valid-log ../experiments/10M_bicleaner_v1.1_+_biced_0.0_x_bic1.1_w3000/model/valid.log
[2019-08-02 19:06:16] [config] after-batches: 0
[2019-08-02 19:06:16] [config] after-epochs: 0
[2019-08-02 19:06:16] [config] allow-unk: false
[2019-08-02 19:06:16] [config] beam-size: 12
[2019-08-02 19:06:16] [config] bert-class-symbol: "[CLS]"
[2019-08-02 19:06:16] [config] bert-mask-symbol: "[MASK]"
[2019-08-02 19:06:16] [config] bert-masking-fraction: 0.15
[2019-08-02 19:06:16] [config] bert-sep-symbol: "[SEP]"
[2019-08-02 19:06:16] [config] bert-train-type-embeddings: true
[2019-08-02 19:06:16] [config] bert-type-vocab-size: 2
[2019-08-02 19:06:16] [config] best-deep: false
[2019-08-02 19:06:16] [config] clip-gemm: 0
[2019-08-02 19:06:16] [config] clip-norm: 1
[2019-08-02 19:06:16] [config] cost-type: ce-mean
[2019-08-02 19:06:16] [config] cpu-threads: 0
[2019-08-02 19:06:16] [config] data-weighting: ""
[2019-08-02 19:06:16] [config] data-weighting-type: sentence
[2019-08-02 19:06:16] [config] dec-cell: gru
[2019-08-02 19:06:16] [config] dec-cell-base-depth: 2
[2019-08-02 19:06:16] [config] dec-cell-high-depth: 1
[2019-08-02 19:06:16] [config] dec-depth: 1
[2019-08-02 19:06:16] [config] devices:
[2019-08-02 19:06:16] [config]   - 6
[2019-08-02 19:06:16] [config] dim-emb: 512
[2019-08-02 19:06:16] [config] dim-rnn: 1024
[2019-08-02 19:06:16] [config] dim-vocabs:
[2019-08-02 19:06:16] [config]   - 50000
[2019-08-02 19:06:16] [config]   - 50000
[2019-08-02 19:06:16] [config] disp-first: 0
[2019-08-02 19:06:16] [config] disp-freq: 2000
[2019-08-02 19:06:16] [config] disp-label-counts: false
[2019-08-02 19:06:16] [config] dropout-rnn: 0.2
[2019-08-02 19:06:16] [config] dropout-src: 0.1
[2019-08-02 19:06:16] [config] dropout-trg: 0.1
[2019-08-02 19:06:16] [config] dump-config: ""
[2019-08-02 19:06:16] [config] early-stopping: 5
[2019-08-02 19:06:16] [config] embedding-fix-src: false
[2019-08-02 19:06:16] [config] embedding-fix-trg: false
[2019-08-02 19:06:16] [config] embedding-normalization: false
[2019-08-02 19:06:16] [config] embedding-vectors:
[2019-08-02 19:06:16] [config]   []
[2019-08-02 19:06:16] [config] enc-cell: gru
[2019-08-02 19:06:16] [config] enc-cell-depth: 1
[2019-08-02 19:06:16] [config] enc-depth: 1
[2019-08-02 19:06:16] [config] enc-type: bidirectional
[2019-08-02 19:06:16] [config] exponential-smoothing: 0.0001
[2019-08-02 19:06:16] [config] grad-dropping-momentum: 0
[2019-08-02 19:06:16] [config] grad-dropping-rate: 0
[2019-08-02 19:06:16] [config] grad-dropping-warmup: 100
[2019-08-02 19:06:16] [config] guided-alignment: none
[2019-08-02 19:06:16] [config] guided-alignment-cost: mse
[2019-08-02 19:06:16] [config] guided-alignment-weight: 0.1
[2019-08-02 19:06:16] [config] ignore-model-config: false
[2019-08-02 19:06:16] [config] input-types:
[2019-08-02 19:06:16] [config]   []
[2019-08-02 19:06:16] [config] interpolate-env-vars: false
[2019-08-02 19:06:16] [config] keep-best: false
[2019-08-02 19:06:16] [config] label-smoothing: 0
[2019-08-02 19:06:16] [config] layer-normalization: true
[2019-08-02 19:06:16] [config] learn-rate: 0.0001
[2019-08-02 19:06:16] [config] log: ../experiments/10M_bicleaner_v1.1_+_biced_0.0_x_bic1.1_w3000/model/train.log
[2019-08-02 19:06:16] [config] log-level: info
[2019-08-02 19:06:16] [config] log-time-zone: ""
[2019-08-02 19:06:16] [config] lr-decay: 0
[2019-08-02 19:06:16] [config] lr-decay-freq: 50000
[2019-08-02 19:06:16] [config] lr-decay-inv-sqrt:
[2019-08-02 19:06:16] [config]   - 0
[2019-08-02 19:06:16] [config] lr-decay-repeat-warmup: false
[2019-08-02 19:06:16] [config] lr-decay-reset-optimizer: false
[2019-08-02 19:06:16] [config] lr-decay-start:
[2019-08-02 19:06:16] [config]   - 10
[2019-08-02 19:06:16] [config]   - 1
[2019-08-02 19:06:16] [config] lr-decay-strategy: epoch+stalled
[2019-08-02 19:06:16] [config] lr-report: false
[2019-08-02 19:06:16] [config] lr-warmup: 0
[2019-08-02 19:06:16] [config] lr-warmup-at-reload: false
[2019-08-02 19:06:16] [config] lr-warmup-cycle: false
[2019-08-02 19:06:16] [config] lr-warmup-start-rate: 0
[2019-08-02 19:06:16] [config] max-length: 50
[2019-08-02 19:06:16] [config] max-length-crop: false
[2019-08-02 19:06:16] [config] max-length-factor: 3
[2019-08-02 19:06:16] [config] maxi-batch: 100
[2019-08-02 19:06:16] [config] maxi-batch-sort: trg
[2019-08-02 19:06:16] [config] mini-batch: 64
[2019-08-02 19:06:16] [config] mini-batch-fit: true
[2019-08-02 19:06:16] [config] mini-batch-fit-step: 10
[2019-08-02 19:06:16] [config] mini-batch-overstuff: 1
[2019-08-02 19:06:16] [config] mini-batch-track-lr: false
[2019-08-02 19:06:16] [config] mini-batch-understuff: 1
[2019-08-02 19:06:16] [config] mini-batch-warmup: 0
[2019-08-02 19:06:16] [config] mini-batch-words: 0
[2019-08-02 19:06:16] [config] mini-batch-words-ref: 0
[2019-08-02 19:06:16] [config] model: ../experiments/10M_bicleaner_v1.1_+_biced_0.0_x_bic1.1_w3000/model/model.npz
[2019-08-02 19:06:16] [config] multi-loss-type: sum
[2019-08-02 19:06:16] [config] multi-node: false
[2019-08-02 19:06:16] [config] multi-node-overlap: true
[2019-08-02 19:06:16] [config] n-best: false
[2019-08-02 19:06:16] [config] no-nccl: false
[2019-08-02 19:06:16] [config] no-reload: false
[2019-08-02 19:06:16] [config] no-restore-corpus: false
[2019-08-02 19:06:16] [config] no-shuffle: false
[2019-08-02 19:06:16] [config] normalize: 1
[2019-08-02 19:06:16] [config] num-devices: 0
[2019-08-02 19:06:16] [config] optimizer: adam
[2019-08-02 19:06:16] [config] optimizer-delay: 1
[2019-08-02 19:06:16] [config] optimizer-params:
[2019-08-02 19:06:16] [config]   []
[2019-08-02 19:06:16] [config] overwrite: false
[2019-08-02 19:06:16] [config] pretrained-model: ""
[2019-08-02 19:06:16] [config] quiet: false
[2019-08-02 19:06:16] [config] quiet-translation: true
[2019-08-02 19:06:16] [config] relative-paths: false
[2019-08-02 19:06:16] [config] right-left: false
[2019-08-02 19:06:16] [config] save-freq: 20000
[2019-08-02 19:06:16] [config] seed: 1111
[2019-08-02 19:06:16] [config] shuffle-in-ram: false
[2019-08-02 19:06:16] [config] skip: false
[2019-08-02 19:06:16] [config] sqlite: ""
[2019-08-02 19:06:16] [config] sqlite-drop: false
[2019-08-02 19:06:16] [config] sync-sgd: true
[2019-08-02 19:06:16] [config] tempdir: .
[2019-08-02 19:06:16] [config] tied-embeddings: false
[2019-08-02 19:06:16] [config] tied-embeddings-all: false
[2019-08-02 19:06:16] [config] tied-embeddings-src: false
[2019-08-02 19:06:16] [config] train-sets:
[2019-08-02 19:06:16] [config]   - ../experiments/10M_bicleaner_v1.1_+_biced_0.0_x_bic1.1_w3000/data/train.bpe.de
[2019-08-02 19:06:16] [config]   - ../experiments/10M_bicleaner_v1.1_+_biced_0.0_x_bic1.1_w3000/data/train.bpe.en
[2019-08-02 19:06:16] [config] transformer-aan-activation: swish
[2019-08-02 19:06:16] [config] transformer-aan-depth: 2
[2019-08-02 19:06:16] [config] transformer-aan-nogate: false
[2019-08-02 19:06:16] [config] transformer-decoder-autoreg: self-attention
[2019-08-02 19:06:16] [config] transformer-dim-aan: 2048
[2019-08-02 19:06:16] [config] transformer-dim-ffn: 2048
[2019-08-02 19:06:16] [config] transformer-dropout: 0
[2019-08-02 19:06:16] [config] transformer-dropout-attention: 0
[2019-08-02 19:06:16] [config] transformer-dropout-ffn: 0
[2019-08-02 19:06:16] [config] transformer-ffn-activation: swish
[2019-08-02 19:06:16] [config] transformer-ffn-depth: 2
[2019-08-02 19:06:16] [config] transformer-guided-alignment-layer: last
[2019-08-02 19:06:16] [config] transformer-heads: 8
[2019-08-02 19:06:16] [config] transformer-no-projection: false
[2019-08-02 19:06:16] [config] transformer-postprocess: dan
[2019-08-02 19:06:16] [config] transformer-postprocess-emb: d
[2019-08-02 19:06:16] [config] transformer-preprocess: ""
[2019-08-02 19:06:16] [config] transformer-tied-layers:
[2019-08-02 19:06:16] [config]   []
[2019-08-02 19:06:16] [config] transformer-train-position-embeddings: false
[2019-08-02 19:06:16] [config] type: amun
[2019-08-02 19:06:16] [config] ulr: false
[2019-08-02 19:06:16] [config] ulr-dim-emb: 0
[2019-08-02 19:06:16] [config] ulr-dropout: 0
[2019-08-02 19:06:16] [config] ulr-keys-vectors: ""
[2019-08-02 19:06:16] [config] ulr-query-vectors: ""
[2019-08-02 19:06:16] [config] ulr-softmax-temperature: 1
[2019-08-02 19:06:16] [config] ulr-trainable-transformation: false
[2019-08-02 19:06:16] [config] valid-freq: 20000
[2019-08-02 19:06:16] [config] valid-log: ../experiments/10M_bicleaner_v1.1_+_biced_0.0_x_bic1.1_w3000/model/valid.log
[2019-08-02 19:06:16] [config] valid-max-length: 1000
[2019-08-02 19:06:16] [config] valid-metrics:
[2019-08-02 19:06:16] [config]   - cross-entropy
[2019-08-02 19:06:16] [config]   - perplexity
[2019-08-02 19:06:16] [config]   - translation
[2019-08-02 19:06:16] [config] valid-mini-batch: 8
[2019-08-02 19:06:16] [config] valid-script-path: ../experiments/10M_bicleaner_v1.1_+_biced_0.0_x_bic1.1_w3000/score-dev.sh
[2019-08-02 19:06:16] [config] valid-sets:
[2019-08-02 19:06:16] [config]   - ../experiments/10M_bicleaner_v1.1_+_biced_0.0_x_bic1.1_w3000/data/dev.bpe.de
[2019-08-02 19:06:16] [config]   - ../experiments/10M_bicleaner_v1.1_+_biced_0.0_x_bic1.1_w3000/data/dev.bpe.en
[2019-08-02 19:06:16] [config] valid-translation-output: ../experiments/10M_bicleaner_v1.1_+_biced_0.0_x_bic1.1_w3000/model/dev.out
[2019-08-02 19:06:16] [config] vocabs:
[2019-08-02 19:06:16] [config]   - ../experiments/10M_bicleaner_v1.1_+_biced_0.0_x_bic1.1_w3000/data/train.bpe.de.json
[2019-08-02 19:06:16] [config]   - ../experiments/10M_bicleaner_v1.1_+_biced_0.0_x_bic1.1_w3000/data/train.bpe.en.json
[2019-08-02 19:06:16] [config] word-penalty: 0
[2019-08-02 19:06:16] [config] workspace: 3000
[2019-08-02 19:06:16] [config] Model is being created with Marian v1.7.8 ec2d66e 2019-05-27 14:52:11 +0100
[2019-08-02 19:06:16] Using synchronous training
[2019-08-02 19:06:16] [data] Loading vocabulary from JSON/Yaml file ../experiments/10M_bicleaner_v1.1_+_biced_0.0_x_bic1.1_w3000/data/train.bpe.de.json
[2019-08-02 19:06:16] [data] Using unused word id eos for 0
[2019-08-02 19:06:16] [data] Using unused word id UNK for 1
[2019-08-02 19:06:16] [data] Setting vocabulary size for input 0 to 50000
[2019-08-02 19:06:16] [data] Loading vocabulary from JSON/Yaml file ../experiments/10M_bicleaner_v1.1_+_biced_0.0_x_bic1.1_w3000/data/train.bpe.en.json
[2019-08-02 19:06:17] [data] Using unused word id eos for 0
[2019-08-02 19:06:17] [data] Using unused word id UNK for 1
[2019-08-02 19:06:17] [data] Setting vocabulary size for input 1 to 50000
[2019-08-02 19:06:17] Compiled without MPI support. Falling back to FakeMPIWrapper
[2019-08-02 19:06:17] [batching] Collecting statistics for batch fitting with step size 10
[2019-08-02 19:06:18] [memory] Extending reserved space to 3072 MB (device gpu6)
[2019-08-02 19:06:18] [comm] Using NCCL 2.4.2 for GPU communication
[2019-08-02 19:06:19] [comm] NCCLCommunicator constructed successfully.
[2019-08-02 19:06:19] [training] Using 1 GPUs
[2019-08-02 19:06:19] [memory] Reserving 422 MB, device gpu6
[2019-08-02 19:06:19] [gpu] 16-bit TensorCores enabled for float32 matrix operations
[2019-08-02 19:06:19] [memory] Reserving 422 MB, device gpu6
[2019-08-02 19:06:21] [batching] Done. Typical MB size is 4042 target words
[2019-08-02 19:06:21] [memory] Extending reserved space to 3072 MB (device gpu6)
[2019-08-02 19:06:21] [comm] Using NCCL 2.4.2 for GPU communication
[2019-08-02 19:06:21] [comm] NCCLCommunicator constructed successfully.
[2019-08-02 19:06:21] [training] Using 1 GPUs
[2019-08-02 19:06:21] Training started
[2019-08-02 19:06:21] [data] Shuffling data
[2019-08-02 19:06:22] [data] Done reading 590510 sentences
[2019-08-02 19:06:24] [data] Done shuffling 590510 sentences to temp files
[2019-08-02 19:06:25] [training] Batches are processed as 1 process(es) x 1 devices/process
[2019-08-02 19:06:25] [memory] Reserving 422 MB, device gpu6
[2019-08-02 19:06:25] [memory] Reserving 422 MB, device gpu6
[2019-08-02 19:06:25] [memory] Reserving 422 MB, device gpu6
[2019-08-02 19:06:25] [memory] Reserving 844 MB, device gpu6
[2019-08-02 19:11:48] Ep. 1 : Up. 2000 : Sen. 242,909 : Cost 130.26142883 : Time 331.19s : 15887.54 words/s
[2019-08-02 19:17:13] Ep. 1 : Up. 4000 : Sen. 485,999 : Cost 98.82480621 : Time 324.85s : 16238.32 words/s
[2019-08-02 19:18:36] Seen 548846 samples
[2019-08-02 19:18:36] Starting epoch 2
[2019-08-02 19:18:36] [data] Shuffling data
[2019-08-02 19:18:37] [data] Done reading 590510 sentences
[2019-08-02 19:18:39] [data] Done shuffling 590510 sentences to temp files
[2019-08-02 19:22:40] Ep. 2 : Up. 6000 : Sen. 181,047 : Cost 80.92968750 : Time 327.75s : 16110.76 words/s
[2019-08-02 19:28:05] Ep. 2 : Up. 8000 : Sen. 424,233 : Cost 71.24942780 : Time 324.35s : 16237.42 words/s
[2019-08-02 19:30:52] Seen 548846 samples
[2019-08-02 19:30:52] Starting epoch 3
[2019-08-02 19:30:52] [data] Shuffling data
[2019-08-02 19:30:52] [data] Done reading 590510 sentences
[2019-08-02 19:30:55] [data] Done shuffling 590510 sentences to temp files
[2019-08-02 19:33:32] Ep. 3 : Up. 10000 : Sen. 117,467 : Cost 64.19618988 : Time 327.66s : 16051.45 words/s
[2019-08-02 19:38:58] Ep. 3 : Up. 12000 : Sen. 361,897 : Cost 59.23777008 : Time 325.84s : 16251.16 words/s
[2019-08-02 19:43:08] Seen 548846 samples
[2019-08-02 19:43:08] Starting epoch 4
[2019-08-02 19:43:08] [data] Shuffling data
[2019-08-02 19:43:08] [data] Done reading 590510 sentences
[2019-08-02 19:43:11] [data] Done shuffling 590510 sentences to temp files
[2019-08-02 19:44:26] Ep. 4 : Up. 14000 : Sen. 56,069 : Cost 56.06984329 : Time 327.55s : 16056.36 words/s
[2019-08-02 19:49:51] Ep. 4 : Up. 16000 : Sen. 298,893 : Cost 53.07231522 : Time 324.76s : 16235.34 words/s
[2019-08-02 19:55:16] Ep. 4 : Up. 18000 : Sen. 542,619 : Cost 51.66435623 : Time 324.96s : 16259.17 words/s
[2019-08-02 19:55:24] Seen 548846 samples
[2019-08-02 19:55:24] Starting epoch 5
[2019-08-02 19:55:24] [data] Shuffling data
[2019-08-02 19:55:24] [data] Done reading 590510 sentences
[2019-08-02 19:55:26] [data] Done shuffling 590510 sentences to temp files
[2019-08-02 20:00:42] Ep. 5 : Up. 20000 : Sen. 236,644 : Cost 48.48143005 : Time 326.66s : 16098.19 words/s
[2019-08-02 20:00:42] Saving model to ../experiments/10M_bicleaner_v1.1_+_biced_0.0_x_bic1.1_w3000/model/model.npz.orig.npz
[2019-08-02 20:00:47] Saving model to ../experiments/10M_bicleaner_v1.1_+_biced_0.0_x_bic1.1_w3000/model/model.iter20000.npz
[2019-08-02 20:00:50] Saving model to ../experiments/10M_bicleaner_v1.1_+_biced_0.0_x_bic1.1_w3000/model/model.npz
[2019-08-02 20:00:54] Saving Adam parameters to ../experiments/10M_bicleaner_v1.1_+_biced_0.0_x_bic1.1_w3000/model/model.npz.optimizer.npz
[2019-08-02 20:01:11] [valid] Ep. 5 : Up. 20000 : cross-entropy : 67.7806 : new best
[2019-08-02 20:01:18] [valid] Ep. 5 : Up. 20000 : perplexity : 14.5838 : new best
[2019-08-02 20:02:09] [valid] Ep. 5 : Up. 20000 : translation : 23.49 : new best
[2019-08-02 20:07:36] Ep. 5 : Up. 22000 : Sen. 479,582 : Cost 47.57223511 : Time 413.83s : 12710.35 words/s
[2019-08-02 20:09:09] Seen 548846 samples
[2019-08-02 20:09:09] Starting epoch 6
[2019-08-02 20:09:09] [data] Shuffling data
[2019-08-02 20:09:09] [data] Done reading 590510 sentences
[2019-08-02 20:09:12] [data] Done shuffling 590510 sentences to temp files
[2019-08-02 20:13:04] Ep. 6 : Up. 24000 : Sen. 173,004 : Cost 45.82835007 : Time 328.27s : 16033.91 words/s
[2019-08-02 20:18:30] Ep. 6 : Up. 26000 : Sen. 416,315 : Cost 44.72682190 : Time 325.17s : 16210.89 words/s
[2019-08-02 20:21:26] Seen 548846 samples
[2019-08-02 20:21:26] Starting epoch 7
[2019-08-02 20:21:26] [data] Shuffling data
[2019-08-02 20:21:27] [data] Done reading 590510 sentences
[2019-08-02 20:21:29] [data] Done shuffling 590510 sentences to temp files
[2019-08-02 20:23:59] Ep. 7 : Up. 28000 : Sen. 112,015 : Cost 43.56238174 : Time 329.04s : 16068.80 words/s
[2019-08-02 20:29:24] Ep. 7 : Up. 30000 : Sen. 354,981 : Cost 42.78318024 : Time 325.21s : 16222.07 words/s
[2019-08-02 20:33:43] Seen 548846 samples
[2019-08-02 20:33:43] Starting epoch 8
[2019-08-02 20:33:43] [data] Shuffling data
[2019-08-02 20:33:44] [data] Done reading 590510 sentences
[2019-08-02 20:33:47] [data] Done shuffling 590510 sentences to temp files
[2019-08-02 20:34:53] Ep. 8 : Up. 32000 : Sen. 49,791 : Cost 42.14662170 : Time 329.29s : 16008.96 words/s
[2019-08-02 20:40:19] Ep. 8 : Up. 34000 : Sen. 293,021 : Cost 40.60493851 : Time 325.88s : 16194.52 words/s
[2019-08-02 20:45:45] Ep. 8 : Up. 36000 : Sen. 536,294 : Cost 40.52035141 : Time 325.64s : 16208.08 words/s
[2019-08-02 20:46:02] Seen 548846 samples
[2019-08-02 20:46:02] Starting epoch 9
[2019-08-02 20:46:02] [data] Shuffling data
[2019-08-02 20:46:02] [data] Done reading 590510 sentences
[2019-08-02 20:46:04] [data] Done shuffling 590510 sentences to temp files
[2019-08-02 20:51:13] Ep. 9 : Up. 38000 : Sen. 230,142 : Cost 38.72182846 : Time 327.95s : 16027.57 words/s
[2019-08-02 20:56:38] Ep. 9 : Up. 40000 : Sen. 473,055 : Cost 38.90545273 : Time 325.31s : 16201.63 words/s
[2019-08-02 20:56:38] Saving model to ../experiments/10M_bicleaner_v1.1_+_biced_0.0_x_bic1.1_w3000/model/model.npz.orig.npz
[2019-08-02 20:56:43] Saving model to ../experiments/10M_bicleaner_v1.1_+_biced_0.0_x_bic1.1_w3000/model/model.iter40000.npz
[2019-08-02 20:56:46] Saving model to ../experiments/10M_bicleaner_v1.1_+_biced_0.0_x_bic1.1_w3000/model/model.npz
[2019-08-02 20:56:51] Saving Adam parameters to ../experiments/10M_bicleaner_v1.1_+_biced_0.0_x_bic1.1_w3000/model/model.npz.optimizer.npz
[2019-08-02 20:57:10] [valid] Ep. 9 : Up. 40000 : cross-entropy : 58.831 : new best
[2019-08-02 20:57:16] [valid] Ep. 9 : Up. 40000 : perplexity : 10.2375 : new best
[2019-08-02 20:58:08] [valid] Ep. 9 : Up. 40000 : translation : 26.04 : new best
[2019-08-02 20:59:51] Seen 548846 samples
[2019-08-02 20:59:51] Starting epoch 10
[2019-08-02 20:59:51] [data] Shuffling data
[2019-08-02 20:59:51] [data] Done reading 590510 sentences
[2019-08-02 20:59:54] [data] Done shuffling 590510 sentences to temp files
[2019-08-02 21:03:39] Ep. 10 : Up. 42000 : Sen. 168,316 : Cost 37.35721970 : Time 421.22s : 12540.87 words/s
[2019-08-02 21:09:05] Ep. 10 : Up. 44000 : Sen. 411,189 : Cost 37.42188263 : Time 326.02s : 16154.03 words/s
[2019-08-02 21:12:09] Seen 548846 samples
[2019-08-02 21:12:09] Starting epoch 11
[2019-08-02 21:12:09] [data] Shuffling data
[2019-08-02 21:12:09] [data] Done reading 590510 sentences
[2019-08-02 21:12:12] [data] Done shuffling 590510 sentences to temp files
[2019-08-02 21:14:34] Ep. 11 : Up. 46000 : Sen. 105,506 : Cost 36.85876083 : Time 328.54s : 16057.54 words/s
[2019-08-02 21:20:00] Ep. 11 : Up. 48000 : Sen. 349,624 : Cost 36.03930664 : Time 326.11s : 16200.77 words/s
[2019-08-02 21:24:27] Seen 548846 samples
[2019-08-02 21:24:27] Starting epoch 12
[2019-08-02 21:24:27] [data] Shuffling data
[2019-08-02 21:24:27] [data] Done reading 590510 sentences
[2019-08-02 21:24:30] [data] Done shuffling 590510 sentences to temp files
[2019-08-02 21:25:28] Ep. 12 : Up. 50000 : Sen. 43,407 : Cost 35.89601135 : Time 328.39s : 16029.60 words/s
[2019-08-02 21:30:54] Ep. 12 : Up. 52000 : Sen. 286,787 : Cost 34.62182999 : Time 326.15s : 16161.06 words/s
[2019-08-02 21:36:20] Ep. 12 : Up. 54000 : Sen. 530,132 : Cost 35.05105209 : Time 325.40s : 16200.47 words/s
[2019-08-02 21:36:45] Seen 548846 samples
[2019-08-02 21:36:45] Starting epoch 13
[2019-08-02 21:36:45] [data] Shuffling data
[2019-08-02 21:36:46] [data] Done reading 590510 sentences
[2019-08-02 21:36:48] [data] Done shuffling 590510 sentences to temp files
[2019-08-02 21:41:50] Ep. 13 : Up. 56000 : Sen. 224,757 : Cost 33.92730331 : Time 329.93s : 16031.89 words/s
[2019-08-02 21:47:14] Ep. 13 : Up. 58000 : Sen. 467,561 : Cost 33.77775192 : Time 324.58s : 16184.76 words/s
[2019-08-02 21:49:03] Seen 548846 samples
[2019-08-02 21:49:03] Starting epoch 14
[2019-08-02 21:49:03] [data] Shuffling data
[2019-08-02 21:49:03] [data] Done reading 590510 sentences
[2019-08-02 21:49:06] [data] Done shuffling 590510 sentences to temp files
[2019-08-02 21:52:43] Ep. 14 : Up. 60000 : Sen. 161,964 : Cost 33.13398743 : Time 329.11s : 16049.57 words/s
[2019-08-02 21:52:43] Saving model to ../experiments/10M_bicleaner_v1.1_+_biced_0.0_x_bic1.1_w3000/model/model.npz.orig.npz
[2019-08-02 21:52:48] Saving model to ../experiments/10M_bicleaner_v1.1_+_biced_0.0_x_bic1.1_w3000/model/model.iter60000.npz
[2019-08-02 21:52:51] Saving model to ../experiments/10M_bicleaner_v1.1_+_biced_0.0_x_bic1.1_w3000/model/model.npz
[2019-08-02 21:52:57] Saving Adam parameters to ../experiments/10M_bicleaner_v1.1_+_biced_0.0_x_bic1.1_w3000/model/model.npz.optimizer.npz
[2019-08-02 21:53:15] [valid] Ep. 14 : Up. 60000 : cross-entropy : 56.2364 : new best
[2019-08-02 21:53:22] [valid] Ep. 14 : Up. 60000 : perplexity : 9.23941 : new best
[2019-08-02 21:54:13] [valid] Ep. 14 : Up. 60000 : translation : 27.08 : new best
[2019-08-02 21:59:41] Ep. 14 : Up. 62000 : Sen. 405,714 : Cost 32.94410324 : Time 417.52s : 12639.10 words/s
[2019-08-02 22:02:52] Seen 548846 samples
[2019-08-02 22:02:52] Starting epoch 15
[2019-08-02 22:02:52] [data] Shuffling data
[2019-08-02 22:02:53] [data] Done reading 590510 sentences
[2019-08-02 22:02:55] [data] Done shuffling 590510 sentences to temp files
[2019-08-02 22:05:08] Ep. 15 : Up. 64000 : Sen. 99,312 : Cost 32.69385529 : Time 327.51s : 16037.52 words/s
[2019-08-02 22:10:33] Ep. 15 : Up. 66000 : Sen. 342,041 : Cost 32.10629272 : Time 324.88s : 16208.73 words/s
[2019-08-02 22:15:09] Seen 548846 samples
[2019-08-02 22:15:09] Starting epoch 16
[2019-08-02 22:15:09] [data] Shuffling data
[2019-08-02 22:15:09] [data] Done reading 590510 sentences
[2019-08-02 22:15:12] [data] Done shuffling 590510 sentences to temp files
[2019-08-02 22:16:02] Ep. 16 : Up. 68000 : Sen. 37,152 : Cost 31.98638535 : Time 328.69s : 16078.76 words/s
[2019-08-02 22:21:28] Ep. 16 : Up. 70000 : Sen. 280,844 : Cost 31.09598732 : Time 326.60s : 16171.82 words/s
[2019-08-02 22:26:53] Ep. 16 : Up. 72000 : Sen. 523,452 : Cost 31.55965996 : Time 324.96s : 16185.78 words/s
[2019-08-02 22:27:27] Seen 548846 samples
[2019-08-02 22:27:27] Starting epoch 17
[2019-08-02 22:27:27] [data] Shuffling data
[2019-08-02 22:27:28] [data] Done reading 590510 sentences
[2019-08-02 22:27:30] [data] Done shuffling 590510 sentences to temp files
[2019-08-02 22:32:22] Ep. 17 : Up. 74000 : Sen. 217,813 : Cost 30.35995865 : Time 328.66s : 16034.07 words/s
[2019-08-02 22:37:47] Ep. 17 : Up. 76000 : Sen. 461,034 : Cost 31.04104996 : Time 325.15s : 16218.72 words/s
[2019-08-02 22:39:44] Seen 548846 samples
[2019-08-02 22:39:44] Starting epoch 18
[2019-08-02 22:39:44] [data] Shuffling data
[2019-08-02 22:39:45] [data] Done reading 590510 sentences
[2019-08-02 22:39:47] [data] Done shuffling 590510 sentences to temp files
[2019-08-02 22:43:16] Ep. 18 : Up. 78000 : Sen. 155,623 : Cost 30.13322830 : Time 328.54s : 16054.45 words/s
[2019-08-02 22:48:41] Ep. 18 : Up. 80000 : Sen. 398,969 : Cost 29.95140266 : Time 325.00s : 16209.92 words/s
[2019-08-02 22:48:41] Saving model to ../experiments/10M_bicleaner_v1.1_+_biced_0.0_x_bic1.1_w3000/model/model.npz.orig.npz
[2019-08-02 22:48:47] Saving model to ../experiments/10M_bicleaner_v1.1_+_biced_0.0_x_bic1.1_w3000/model/model.iter80000.npz
[2019-08-02 22:48:49] Saving model to ../experiments/10M_bicleaner_v1.1_+_biced_0.0_x_bic1.1_w3000/model/model.npz
[2019-08-02 22:48:54] Saving Adam parameters to ../experiments/10M_bicleaner_v1.1_+_biced_0.0_x_bic1.1_w3000/model/model.npz.optimizer.npz
[2019-08-02 22:49:13] [valid] Ep. 18 : Up. 80000 : cross-entropy : 55.5333 : new best
[2019-08-02 22:49:19] [valid] Ep. 18 : Up. 80000 : perplexity : 8.98608 : new best
[2019-08-02 22:50:10] [valid] Ep. 18 : Up. 80000 : translation : 27.35 : new best
[2019-08-02 22:53:33] Seen 548846 samples
[2019-08-02 22:53:33] Starting epoch 19
[2019-08-02 22:53:33] [data] Shuffling data
[2019-08-02 22:53:34] [data] Done reading 590510 sentences
[2019-08-02 22:53:36] [data] Done shuffling 590510 sentences to temp files
[2019-08-02 22:55:40] Ep. 19 : Up. 82000 : Sen. 93,098 : Cost 29.62078857 : Time 419.60s : 12542.81 words/s
[2019-08-02 23:01:06] Ep. 19 : Up. 84000 : Sen. 336,207 : Cost 29.08802032 : Time 325.17s : 16207.53 words/s
[2019-08-02 23:05:51] Seen 548846 samples
[2019-08-02 23:05:51] Starting epoch 20
[2019-08-02 23:05:51] [data] Shuffling data
[2019-08-02 23:05:51] [data] Done reading 590510 sentences
[2019-08-02 23:05:53] [data] Done shuffling 590510 sentences to temp files
[2019-08-02 23:06:34] Ep. 20 : Up. 86000 : Sen. 30,892 : Cost 29.30596924 : Time 328.72s : 16057.02 words/s
[2019-08-02 23:12:00] Ep. 20 : Up. 88000 : Sen. 274,421 : Cost 28.45839310 : Time 325.49s : 16210.53 words/s
[2019-08-02 23:17:25] Ep. 20 : Up. 90000 : Sen. 516,851 : Cost 29.13931084 : Time 324.91s : 16210.14 words/s
[2019-08-02 23:18:08] Seen 548846 samples
[2019-08-02 23:18:08] Starting epoch 21
[2019-08-02 23:18:08] [data] Shuffling data
[2019-08-02 23:18:08] [data] Done reading 590510 sentences
[2019-08-02 23:18:10] [data] Done shuffling 590510 sentences to temp files
[2019-08-02 23:22:52] Ep. 21 : Up. 92000 : Sen. 210,034 : Cost 28.00564766 : Time 327.47s : 16032.08 words/s
[2019-08-02 23:28:18] Ep. 21 : Up. 94000 : Sen. 454,478 : Cost 28.47808838 : Time 326.26s : 16217.30 words/s
[2019-08-02 23:30:25] Seen 548846 samples
[2019-08-02 23:30:25] Starting epoch 22
[2019-08-02 23:30:25] [data] Shuffling data
[2019-08-02 23:30:25] [data] Done reading 590510 sentences
[2019-08-02 23:30:28] [data] Done shuffling 590510 sentences to temp files
[2019-08-02 23:33:47] Ep. 22 : Up. 96000 : Sen. 148,344 : Cost 27.79538155 : Time 328.72s : 16010.24 words/s
[2019-08-02 23:39:12] Ep. 22 : Up. 98000 : Sen. 392,127 : Cost 27.62278557 : Time 325.14s : 16218.91 words/s
[2019-08-02 23:42:45] Seen 548846 samples
[2019-08-02 23:42:45] Starting epoch 23
[2019-08-02 23:42:45] [data] Shuffling data
[2019-08-02 23:42:45] [data] Done reading 590510 sentences
[2019-08-02 23:42:48] [data] Done shuffling 590510 sentences to temp files
[2019-08-02 23:47:01] Ep. 23 : Up. 100000 : Sen. 86,619 : Cost 27.60544777 : Time 468.31s : 11266.01 words/s
[2019-08-02 23:47:01] Saving model to ../experiments/10M_bicleaner_v1.1_+_biced_0.0_x_bic1.1_w3000/model/model.npz.orig.npz
[2019-08-02 23:47:06] Saving model to ../experiments/10M_bicleaner_v1.1_+_biced_0.0_x_bic1.1_w3000/model/model.iter100000.npz
[2019-08-02 23:47:08] Saving model to ../experiments/10M_bicleaner_v1.1_+_biced_0.0_x_bic1.1_w3000/model/model.npz
[2019-08-02 23:47:14] Saving Adam parameters to ../experiments/10M_bicleaner_v1.1_+_biced_0.0_x_bic1.1_w3000/model/model.npz.optimizer.npz
[2019-08-02 23:47:38] [valid] Ep. 23 : Up. 100000 : cross-entropy : 55.71 : stalled 1 times (last best: 55.5333)
[2019-08-02 23:47:51] [valid] Ep. 23 : Up. 100000 : perplexity : 9.0491 : stalled 1 times (last best: 8.98608)
[2019-08-02 23:49:24] [valid] Ep. 23 : Up. 100000 : translation : 27.48 : new best
[2019-08-03 00:02:05] Ep. 23 : Up. 102000 : Sen. 328,464 : Cost 27.07436562 : Time 904.81s : 5806.65 words/s
[2019-08-03 00:13:31] Seen 548846 samples
[2019-08-03 00:13:31] Starting epoch 24
[2019-08-03 00:13:31] [data] Shuffling data
[2019-08-03 00:13:31] [data] Done reading 590510 sentences
[2019-08-03 00:13:34] [data] Done shuffling 590510 sentences to temp files
[2019-08-03 00:14:48] Ep. 24 : Up. 104000 : Sen. 23,906 : Cost 27.31832314 : Time 762.80s : 6931.54 words/s
[2019-08-03 00:27:28] Ep. 24 : Up. 106000 : Sen. 268,077 : Cost 26.39706039 : Time 759.71s : 6956.75 words/s
[2019-08-03 00:40:06] Ep. 24 : Up. 108000 : Sen. 509,597 : Cost 26.95555305 : Time 758.19s : 6917.02 words/s
[2019-08-03 00:42:08] Seen 548846 samples
[2019-08-03 00:42:08] Starting epoch 25
[2019-08-03 00:42:08] [data] Shuffling data
[2019-08-03 00:42:09] [data] Done reading 590510 sentences
[2019-08-03 00:42:11] [data] Done shuffling 590510 sentences to temp files
[2019-08-03 00:52:49] Ep. 25 : Up. 110000 : Sen. 204,595 : Cost 25.83103180 : Time 762.64s : 6929.41 words/s
[2019-08-03 01:05:29] Ep. 25 : Up. 112000 : Sen. 448,180 : Cost 26.43125534 : Time 760.47s : 6939.93 words/s
[2019-08-03 01:10:44] Seen 548846 samples
[2019-08-03 01:10:44] Starting epoch 26
[2019-08-03 01:10:44] [data] Shuffling data
[2019-08-03 01:10:44] [data] Done reading 590510 sentences
[2019-08-03 01:10:47] [data] Done shuffling 590510 sentences to temp files
[2019-08-03 01:18:10] Ep. 26 : Up. 114000 : Sen. 142,406 : Cost 25.82179642 : Time 761.11s : 6915.22 words/s
[2019-08-03 01:30:49] Ep. 26 : Up. 116000 : Sen. 385,310 : Cost 25.88264275 : Time 758.94s : 6943.40 words/s
[2019-08-03 01:39:22] Seen 548846 samples
[2019-08-03 01:39:22] Starting epoch 27
[2019-08-03 01:39:22] [data] Shuffling data
[2019-08-03 01:39:22] [data] Done reading 590510 sentences
[2019-08-03 01:39:25] [data] Done shuffling 590510 sentences to temp files
[2019-08-03 01:42:35] Ep. 27 : Up. 118000 : Sen. 78,443 : Cost 25.78003693 : Time 706.00s : 7426.97 words/s
[2019-08-03 01:54:49] Ep. 27 : Up. 120000 : Sen. 322,402 : Cost 25.23459053 : Time 733.75s : 7205.53 words/s
[2019-08-03 01:54:49] Saving model to ../experiments/10M_bicleaner_v1.1_+_biced_0.0_x_bic1.1_w3000/model/model.npz.orig.npz
[2019-08-03 01:54:54] Saving model to ../experiments/10M_bicleaner_v1.1_+_biced_0.0_x_bic1.1_w3000/model/model.iter120000.npz
[2019-08-03 01:54:57] Saving model to ../experiments/10M_bicleaner_v1.1_+_biced_0.0_x_bic1.1_w3000/model/model.npz
[2019-08-03 01:55:02] Saving Adam parameters to ../experiments/10M_bicleaner_v1.1_+_biced_0.0_x_bic1.1_w3000/model/model.npz.optimizer.npz
[2019-08-03 01:55:28] [valid] Ep. 27 : Up. 120000 : cross-entropy : 56.3612 : stalled 2 times (last best: 55.5333)
[2019-08-03 01:55:41] [valid] Ep. 27 : Up. 120000 : perplexity : 9.28511 : stalled 2 times (last best: 8.98608)
[2019-08-03 01:57:14] [valid] Ep. 27 : Up. 120000 : translation : 27.37 : stalled 1 times (last best: 27.48)
[2019-08-03 02:09:05] Seen 548846 samples
[2019-08-03 02:09:05] Starting epoch 28
[2019-08-03 02:09:05] [data] Shuffling data
[2019-08-03 02:09:06] [data] Done reading 590510 sentences
[2019-08-03 02:09:08] [data] Done shuffling 590510 sentences to temp files
[2019-08-03 02:09:58] Ep. 28 : Up. 122000 : Sen. 15,566 : Cost 25.61801338 : Time 908.50s : 5781.98 words/s
[2019-08-03 02:22:36] Ep. 28 : Up. 124000 : Sen. 258,539 : Cost 24.58364677 : Time 758.21s : 6949.92 words/s
[2019-08-03 02:35:13] Ep. 28 : Up. 126000 : Sen. 501,648 : Cost 25.41609001 : Time 757.50s : 6940.36 words/s
[2019-08-03 02:37:41] Seen 548846 samples
[2019-08-03 02:37:41] Starting epoch 29
[2019-08-03 02:37:41] [data] Shuffling data
[2019-08-03 02:37:42] [data] Done reading 590510 sentences
[2019-08-03 02:37:44] [data] Done shuffling 590510 sentences to temp files
[2019-08-03 02:47:57] Ep. 29 : Up. 128000 : Sen. 196,317 : Cost 24.44000244 : Time 763.53s : 6912.17 words/s
[2019-08-03 03:00:35] Ep. 29 : Up. 130000 : Sen. 438,964 : Cost 24.64570999 : Time 758.43s : 6936.13 words/s
[2019-08-03 03:06:19] Seen 548846 samples
[2019-08-03 03:06:19] Starting epoch 30
[2019-08-03 03:06:19] [data] Shuffling data
[2019-08-03 03:06:19] [data] Done reading 590510 sentences
[2019-08-03 03:06:22] [data] Done shuffling 590510 sentences to temp files
[2019-08-03 03:13:19] Ep. 30 : Up. 132000 : Sen. 132,783 : Cost 24.49234962 : Time 763.48s : 6908.95 words/s
[2019-08-03 03:25:57] Ep. 30 : Up. 134000 : Sen. 376,955 : Cost 24.18976402 : Time 758.70s : 6962.75 words/s
[2019-08-03 03:34:54] Seen 548846 samples
[2019-08-03 03:34:54] Starting epoch 31
[2019-08-03 03:34:54] [data] Shuffling data
[2019-08-03 03:34:54] [data] Done reading 590510 sentences
[2019-08-03 03:34:57] [data] Done shuffling 590510 sentences to temp files
[2019-08-03 03:38:40] Ep. 31 : Up. 136000 : Sen. 70,973 : Cost 24.32759666 : Time 763.08s : 6900.24 words/s
[2019-08-03 03:49:59] Ep. 31 : Up. 138000 : Sen. 314,890 : Cost 23.86177826 : Time 679.02s : 7778.38 words/s
[2019-08-03 04:02:09] Seen 548846 samples
[2019-08-03 04:02:09] Starting epoch 32
[2019-08-03 04:02:09] [data] Shuffling data
[2019-08-03 04:02:09] [data] Done reading 590510 sentences
[2019-08-03 04:02:11] [data] Done shuffling 590510 sentences to temp files
[2019-08-03 04:02:39] Ep. 32 : Up. 140000 : Sen. 8,762 : Cost 24.20662880 : Time 759.61s : 6925.92 words/s
[2019-08-03 04:02:39] Saving model to ../experiments/10M_bicleaner_v1.1_+_biced_0.0_x_bic1.1_w3000/model/model.npz.orig.npz
[2019-08-03 04:02:44] Saving model to ../experiments/10M_bicleaner_v1.1_+_biced_0.0_x_bic1.1_w3000/model/model.iter140000.npz
[2019-08-03 04:02:47] Saving model to ../experiments/10M_bicleaner_v1.1_+_biced_0.0_x_bic1.1_w3000/model/model.npz
[2019-08-03 04:02:52] Saving Adam parameters to ../experiments/10M_bicleaner_v1.1_+_biced_0.0_x_bic1.1_w3000/model/model.npz.optimizer.npz
[2019-08-03 04:03:16] [valid] Ep. 32 : Up. 140000 : cross-entropy : 57.3138 : stalled 3 times (last best: 55.5333)
[2019-08-03 04:03:29] [valid] Ep. 32 : Up. 140000 : perplexity : 9.64148 : stalled 3 times (last best: 8.98608)
[2019-08-03 04:05:01] [valid] Ep. 32 : Up. 140000 : translation : 27.26 : stalled 2 times (last best: 27.48)
[2019-08-03 04:17:44] Ep. 32 : Up. 142000 : Sen. 251,718 : Cost 23.43223190 : Time 904.51s : 5827.23 words/s
[2019-08-03 04:30:22] Ep. 32 : Up. 144000 : Sen. 495,455 : Cost 24.11507034 : Time 758.63s : 6958.01 words/s
[2019-08-03 04:33:09] Seen 548846 samples
[2019-08-03 04:33:09] Starting epoch 33
[2019-08-03 04:33:09] [data] Shuffling data
[2019-08-03 04:33:10] [data] Done reading 590510 sentences
[2019-08-03 04:33:12] [data] Done shuffling 590510 sentences to temp files
[2019-08-03 04:43:03] Ep. 33 : Up. 146000 : Sen. 189,992 : Cost 22.94369698 : Time 760.99s : 6925.63 words/s
[2019-08-03 04:55:43] Ep. 33 : Up. 148000 : Sen. 433,383 : Cost 23.22899437 : Time 759.50s : 6953.20 words/s
[2019-08-03 05:01:42] Seen 548846 samples
[2019-08-03 05:01:42] Starting epoch 34
[2019-08-03 05:01:42] [data] Shuffling data
[2019-08-03 05:01:43] [data] Done reading 590510 sentences
[2019-08-03 05:01:45] [data] Done shuffling 590510 sentences to temp files
[2019-08-03 05:08:24] Ep. 34 : Up. 150000 : Sen. 128,213 : Cost 23.34254074 : Time 761.22s : 6935.02 words/s
[2019-08-03 05:21:04] Ep. 34 : Up. 152000 : Sen. 372,499 : Cost 23.24169731 : Time 759.76s : 6967.05 words/s
[2019-08-03 05:30:14] Seen 548846 samples
[2019-08-03 05:30:14] Starting epoch 35
[2019-08-03 05:30:14] [data] Shuffling data
[2019-08-03 05:30:14] [data] Done reading 590510 sentences
[2019-08-03 05:30:17] [data] Done shuffling 590510 sentences to temp files
[2019-08-03 05:33:45] Ep. 35 : Up. 154000 : Sen. 66,238 : Cost 23.15556145 : Time 761.24s : 6917.33 words/s
[2019-08-03 05:45:05] Ep. 35 : Up. 156000 : Sen. 310,126 : Cost 22.49601936 : Time 679.61s : 7769.88 words/s
[2019-08-03 05:57:28] Seen 548846 samples
[2019-08-03 05:57:28] Starting epoch 36
[2019-08-03 05:57:28] [data] Shuffling data
[2019-08-03 05:57:29] [data] Done reading 590510 sentences
[2019-08-03 05:57:31] [data] Done shuffling 590510 sentences to temp files
[2019-08-03 05:57:46] Ep. 36 : Up. 158000 : Sen. 4,597 : Cost 23.18906212 : Time 761.79s : 6924.27 words/s
[2019-08-03 06:10:23] Ep. 36 : Up. 160000 : Sen. 246,859 : Cost 22.11709023 : Time 756.94s : 6941.81 words/s
[2019-08-03 06:10:23] Saving model to ../experiments/10M_bicleaner_v1.1_+_biced_0.0_x_bic1.1_w3000/model/model.npz.orig.npz
[2019-08-03 06:10:29] Saving model to ../experiments/10M_bicleaner_v1.1_+_biced_0.0_x_bic1.1_w3000/model/model.iter160000.npz
[2019-08-03 06:10:31] Saving model to ../experiments/10M_bicleaner_v1.1_+_biced_0.0_x_bic1.1_w3000/model/model.npz
[2019-08-03 06:10:36] Saving Adam parameters to ../experiments/10M_bicleaner_v1.1_+_biced_0.0_x_bic1.1_w3000/model/model.npz.optimizer.npz
[2019-08-03 06:11:01] [valid] Ep. 36 : Up. 160000 : cross-entropy : 58.354 : stalled 4 times (last best: 55.5333)
[2019-08-03 06:11:14] [valid] Ep. 36 : Up. 160000 : perplexity : 10.0463 : stalled 4 times (last best: 8.98608)
[2019-08-03 06:12:47] [valid] Ep. 36 : Up. 160000 : translation : 27.08 : stalled 3 times (last best: 27.48)
[2019-08-03 06:25:27] Ep. 36 : Up. 162000 : Sen. 490,021 : Cost 22.81267357 : Time 903.53s : 5834.90 words/s
[2019-08-03 06:28:29] Seen 548846 samples
[2019-08-03 06:28:29] Starting epoch 37
[2019-08-03 06:28:29] [data] Shuffling data
[2019-08-03 06:28:29] [data] Done reading 590510 sentences
[2019-08-03 06:28:32] [data] Done shuffling 590510 sentences to temp files
[2019-08-03 06:38:07] Ep. 37 : Up. 164000 : Sen. 184,510 : Cost 22.19349861 : Time 760.32s : 6928.84 words/s
[2019-08-03 06:50:44] Ep. 37 : Up. 166000 : Sen. 427,592 : Cost 22.24778557 : Time 757.15s : 6956.46 words/s
[2019-08-03 06:57:03] Seen 548846 samples
[2019-08-03 06:57:03] Starting epoch 38
[2019-08-03 06:57:03] [data] Shuffling data
[2019-08-03 06:57:04] [data] Done reading 590510 sentences
[2019-08-03 06:57:07] [data] Done shuffling 590510 sentences to temp files
[2019-08-03 07:03:28] Ep. 38 : Up. 168000 : Sen. 122,911 : Cost 21.92828369 : Time 763.64s : 6917.53 words/s
[2019-08-03 07:16:07] Ep. 38 : Up. 170000 : Sen. 366,043 : Cost 22.17475128 : Time 758.80s : 6953.39 words/s
[2019-08-03 07:25:38] Seen 548846 samples
[2019-08-03 07:25:38] Starting epoch 39
[2019-08-03 07:25:38] [data] Shuffling data
[2019-08-03 07:25:39] [data] Done reading 590510 sentences
[2019-08-03 07:25:42] [data] Done shuffling 590510 sentences to temp files
[2019-08-03 07:28:50] Ep. 39 : Up. 172000 : Sen. 60,262 : Cost 22.08153343 : Time 762.80s : 6912.82 words/s
[2019-08-03 07:41:27] Ep. 39 : Up. 174000 : Sen. 303,778 : Cost 21.40569687 : Time 757.64s : 6959.36 words/s
[2019-08-03 07:52:43] Ep. 39 : Up. 176000 : Sen. 547,226 : Cost 22.09617424 : Time 675.79s : 7819.62 words/s
[2019-08-03 07:52:47] Seen 548846 samples
[2019-08-03 07:52:47] Starting epoch 40
[2019-08-03 07:52:47] [data] Shuffling data
[2019-08-03 07:52:48] [data] Done reading 590510 sentences
[2019-08-03 07:52:50] [data] Done shuffling 590510 sentences to temp files
[2019-08-03 08:05:24] Ep. 40 : Up. 178000 : Sen. 242,259 : Cost 21.03595352 : Time 760.93s : 6939.64 words/s
[2019-08-03 08:18:02] Ep. 40 : Up. 180000 : Sen. 485,381 : Cost 21.81703758 : Time 757.99s : 6951.92 words/s
[2019-08-03 08:18:02] Saving model to ../experiments/10M_bicleaner_v1.1_+_biced_0.0_x_bic1.1_w3000/model/model.npz.orig.npz
[2019-08-03 08:18:08] Saving model to ../experiments/10M_bicleaner_v1.1_+_biced_0.0_x_bic1.1_w3000/model/model.iter180000.npz
[2019-08-03 08:18:10] Saving model to ../experiments/10M_bicleaner_v1.1_+_biced_0.0_x_bic1.1_w3000/model/model.npz
[2019-08-03 08:18:16] Saving Adam parameters to ../experiments/10M_bicleaner_v1.1_+_biced_0.0_x_bic1.1_w3000/model/model.npz.optimizer.npz
[2019-08-03 08:18:41] [valid] Ep. 40 : Up. 180000 : cross-entropy : 59.4407 : stalled 5 times (last best: 55.5333)
[2019-08-03 08:18:54] [valid] Ep. 40 : Up. 180000 : perplexity : 10.4873 : stalled 5 times (last best: 8.98608)
[2019-08-03 08:20:26] [valid] Ep. 40 : Up. 180000 : translation : 26.86 : stalled 4 times (last best: 27.48)
[2019-08-03 08:20:28] Training finished
[2019-08-03 08:20:33] Saving model to ../experiments/10M_bicleaner_v1.1_+_biced_0.0_x_bic1.1_w3000/model/model.npz.orig.npz
[2019-08-03 08:20:38] Saving model to ../experiments/10M_bicleaner_v1.1_+_biced_0.0_x_bic1.1_w3000/model/model.npz
[2019-08-03 08:20:44] Saving Adam parameters to ../experiments/10M_bicleaner_v1.1_+_biced_0.0_x_bic1.1_w3000/model/model.npz.optimizer.npz
