[2019-08-10 18:38:15] [marian] Marian v1.7.8 ec2d66e 2019-05-27 14:52:11 +0100
[2019-08-10 18:38:15] [marian] Running on fulla as process 379088 with command line:
[2019-08-10 18:38:15] [marian] /fs/bil0/abdel/marian-dev/build/marian --sync-sgd --model ../experiments/100M_bicleaner_v1.1_+_bic1.1_arpa_x_biced_0.5_x_dcce/model/model.npz -T . --devices 6 --train-sets ../experiments/100M_bicleaner_v1.1_+_bic1.1_arpa_x_biced_0.5_x_dcce/data/train.bpe.de ../experiments/100M_bicleaner_v1.1_+_bic1.1_arpa_x_biced_0.5_x_dcce/data/train.bpe.en --vocabs ../experiments/100M_bicleaner_v1.1_+_bic1.1_arpa_x_biced_0.5_x_dcce/data/train.bpe.de.json ../experiments/100M_bicleaner_v1.1_+_bic1.1_arpa_x_biced_0.5_x_dcce/data/train.bpe.en.json --mini-batch-fit -w 3000 --dim-vocabs 50000 50000 --layer-normalization --dropout-rnn 0.2 --dropout-src 0.1 --dropout-trg 0.1 --learn-rate 0.0001 --after-epochs 0 --early-stopping 5 --valid-freq 20000 --save-freq 20000 --disp-freq 2000 --valid-mini-batch 8 --valid-sets ../experiments/100M_bicleaner_v1.1_+_bic1.1_arpa_x_biced_0.5_x_dcce/data/dev.bpe.de ../experiments/100M_bicleaner_v1.1_+_bic1.1_arpa_x_biced_0.5_x_dcce/data/dev.bpe.en --valid-metrics cross-entropy perplexity translation --valid-translation-output ../experiments/100M_bicleaner_v1.1_+_bic1.1_arpa_x_biced_0.5_x_dcce/model/dev.out --valid-script-path ../experiments/100M_bicleaner_v1.1_+_bic1.1_arpa_x_biced_0.5_x_dcce/score-dev.sh --seed 1111 --exponential-smoothing --normalize=1 --beam-size=12 --quiet-translation --log ../experiments/100M_bicleaner_v1.1_+_bic1.1_arpa_x_biced_0.5_x_dcce/model/train.log --valid-log ../experiments/100M_bicleaner_v1.1_+_bic1.1_arpa_x_biced_0.5_x_dcce/model/valid.log
[2019-08-10 18:38:15] [config] after-batches: 0
[2019-08-10 18:38:15] [config] after-epochs: 0
[2019-08-10 18:38:15] [config] allow-unk: false
[2019-08-10 18:38:15] [config] beam-size: 12
[2019-08-10 18:38:15] [config] bert-class-symbol: "[CLS]"
[2019-08-10 18:38:15] [config] bert-mask-symbol: "[MASK]"
[2019-08-10 18:38:15] [config] bert-masking-fraction: 0.15
[2019-08-10 18:38:15] [config] bert-sep-symbol: "[SEP]"
[2019-08-10 18:38:15] [config] bert-train-type-embeddings: true
[2019-08-10 18:38:15] [config] bert-type-vocab-size: 2
[2019-08-10 18:38:15] [config] best-deep: false
[2019-08-10 18:38:15] [config] clip-gemm: 0
[2019-08-10 18:38:15] [config] clip-norm: 1
[2019-08-10 18:38:15] [config] cost-type: ce-mean
[2019-08-10 18:38:15] [config] cpu-threads: 0
[2019-08-10 18:38:15] [config] data-weighting: ""
[2019-08-10 18:38:15] [config] data-weighting-type: sentence
[2019-08-10 18:38:15] [config] dec-cell: gru
[2019-08-10 18:38:15] [config] dec-cell-base-depth: 2
[2019-08-10 18:38:15] [config] dec-cell-high-depth: 1
[2019-08-10 18:38:15] [config] dec-depth: 1
[2019-08-10 18:38:15] [config] devices:
[2019-08-10 18:38:15] [config]   - 6
[2019-08-10 18:38:15] [config] dim-emb: 512
[2019-08-10 18:38:15] [config] dim-rnn: 1024
[2019-08-10 18:38:15] [config] dim-vocabs:
[2019-08-10 18:38:15] [config]   - 50000
[2019-08-10 18:38:15] [config]   - 50000
[2019-08-10 18:38:15] [config] disp-first: 0
[2019-08-10 18:38:15] [config] disp-freq: 2000
[2019-08-10 18:38:15] [config] disp-label-counts: false
[2019-08-10 18:38:15] [config] dropout-rnn: 0.2
[2019-08-10 18:38:15] [config] dropout-src: 0.1
[2019-08-10 18:38:15] [config] dropout-trg: 0.1
[2019-08-10 18:38:15] [config] dump-config: ""
[2019-08-10 18:38:15] [config] early-stopping: 5
[2019-08-10 18:38:15] [config] embedding-fix-src: false
[2019-08-10 18:38:15] [config] embedding-fix-trg: false
[2019-08-10 18:38:15] [config] embedding-normalization: false
[2019-08-10 18:38:15] [config] embedding-vectors:
[2019-08-10 18:38:15] [config]   []
[2019-08-10 18:38:15] [config] enc-cell: gru
[2019-08-10 18:38:15] [config] enc-cell-depth: 1
[2019-08-10 18:38:15] [config] enc-depth: 1
[2019-08-10 18:38:15] [config] enc-type: bidirectional
[2019-08-10 18:38:15] [config] exponential-smoothing: 0.0001
[2019-08-10 18:38:15] [config] grad-dropping-momentum: 0
[2019-08-10 18:38:15] [config] grad-dropping-rate: 0
[2019-08-10 18:38:15] [config] grad-dropping-warmup: 100
[2019-08-10 18:38:15] [config] guided-alignment: none
[2019-08-10 18:38:15] [config] guided-alignment-cost: mse
[2019-08-10 18:38:15] [config] guided-alignment-weight: 0.1
[2019-08-10 18:38:15] [config] ignore-model-config: false
[2019-08-10 18:38:15] [config] input-types:
[2019-08-10 18:38:15] [config]   []
[2019-08-10 18:38:15] [config] interpolate-env-vars: false
[2019-08-10 18:38:15] [config] keep-best: false
[2019-08-10 18:38:15] [config] label-smoothing: 0
[2019-08-10 18:38:15] [config] layer-normalization: true
[2019-08-10 18:38:15] [config] learn-rate: 0.0001
[2019-08-10 18:38:15] [config] log: ../experiments/100M_bicleaner_v1.1_+_bic1.1_arpa_x_biced_0.5_x_dcce/model/train.log
[2019-08-10 18:38:15] [config] log-level: info
[2019-08-10 18:38:15] [config] log-time-zone: ""
[2019-08-10 18:38:15] [config] lr-decay: 0
[2019-08-10 18:38:15] [config] lr-decay-freq: 50000
[2019-08-10 18:38:15] [config] lr-decay-inv-sqrt:
[2019-08-10 18:38:15] [config]   - 0
[2019-08-10 18:38:15] [config] lr-decay-repeat-warmup: false
[2019-08-10 18:38:15] [config] lr-decay-reset-optimizer: false
[2019-08-10 18:38:15] [config] lr-decay-start:
[2019-08-10 18:38:15] [config]   - 10
[2019-08-10 18:38:15] [config]   - 1
[2019-08-10 18:38:15] [config] lr-decay-strategy: epoch+stalled
[2019-08-10 18:38:15] [config] lr-report: false
[2019-08-10 18:38:15] [config] lr-warmup: 0
[2019-08-10 18:38:15] [config] lr-warmup-at-reload: false
[2019-08-10 18:38:15] [config] lr-warmup-cycle: false
[2019-08-10 18:38:15] [config] lr-warmup-start-rate: 0
[2019-08-10 18:38:15] [config] max-length: 50
[2019-08-10 18:38:15] [config] max-length-crop: false
[2019-08-10 18:38:15] [config] max-length-factor: 3
[2019-08-10 18:38:15] [config] maxi-batch: 100
[2019-08-10 18:38:15] [config] maxi-batch-sort: trg
[2019-08-10 18:38:15] [config] mini-batch: 64
[2019-08-10 18:38:15] [config] mini-batch-fit: true
[2019-08-10 18:38:15] [config] mini-batch-fit-step: 10
[2019-08-10 18:38:15] [config] mini-batch-overstuff: 1
[2019-08-10 18:38:15] [config] mini-batch-track-lr: false
[2019-08-10 18:38:15] [config] mini-batch-understuff: 1
[2019-08-10 18:38:15] [config] mini-batch-warmup: 0
[2019-08-10 18:38:15] [config] mini-batch-words: 0
[2019-08-10 18:38:15] [config] mini-batch-words-ref: 0
[2019-08-10 18:38:15] [config] model: ../experiments/100M_bicleaner_v1.1_+_bic1.1_arpa_x_biced_0.5_x_dcce/model/model.npz
[2019-08-10 18:38:15] [config] multi-loss-type: sum
[2019-08-10 18:38:15] [config] multi-node: false
[2019-08-10 18:38:15] [config] multi-node-overlap: true
[2019-08-10 18:38:15] [config] n-best: false
[2019-08-10 18:38:15] [config] no-nccl: false
[2019-08-10 18:38:15] [config] no-reload: false
[2019-08-10 18:38:15] [config] no-restore-corpus: false
[2019-08-10 18:38:15] [config] no-shuffle: false
[2019-08-10 18:38:15] [config] normalize: 1
[2019-08-10 18:38:15] [config] num-devices: 0
[2019-08-10 18:38:15] [config] optimizer: adam
[2019-08-10 18:38:15] [config] optimizer-delay: 1
[2019-08-10 18:38:15] [config] optimizer-params:
[2019-08-10 18:38:15] [config]   []
[2019-08-10 18:38:15] [config] overwrite: false
[2019-08-10 18:38:15] [config] pretrained-model: ""
[2019-08-10 18:38:15] [config] quiet: false
[2019-08-10 18:38:15] [config] quiet-translation: true
[2019-08-10 18:38:15] [config] relative-paths: false
[2019-08-10 18:38:15] [config] right-left: false
[2019-08-10 18:38:15] [config] save-freq: 20000
[2019-08-10 18:38:15] [config] seed: 1111
[2019-08-10 18:38:15] [config] shuffle-in-ram: false
[2019-08-10 18:38:15] [config] skip: false
[2019-08-10 18:38:15] [config] sqlite: ""
[2019-08-10 18:38:15] [config] sqlite-drop: false
[2019-08-10 18:38:15] [config] sync-sgd: true
[2019-08-10 18:38:15] [config] tempdir: .
[2019-08-10 18:38:15] [config] tied-embeddings: false
[2019-08-10 18:38:15] [config] tied-embeddings-all: false
[2019-08-10 18:38:15] [config] tied-embeddings-src: false
[2019-08-10 18:38:15] [config] train-sets:
[2019-08-10 18:38:15] [config]   - ../experiments/100M_bicleaner_v1.1_+_bic1.1_arpa_x_biced_0.5_x_dcce/data/train.bpe.de
[2019-08-10 18:38:15] [config]   - ../experiments/100M_bicleaner_v1.1_+_bic1.1_arpa_x_biced_0.5_x_dcce/data/train.bpe.en
[2019-08-10 18:38:15] [config] transformer-aan-activation: swish
[2019-08-10 18:38:15] [config] transformer-aan-depth: 2
[2019-08-10 18:38:15] [config] transformer-aan-nogate: false
[2019-08-10 18:38:15] [config] transformer-decoder-autoreg: self-attention
[2019-08-10 18:38:15] [config] transformer-dim-aan: 2048
[2019-08-10 18:38:15] [config] transformer-dim-ffn: 2048
[2019-08-10 18:38:15] [config] transformer-dropout: 0
[2019-08-10 18:38:15] [config] transformer-dropout-attention: 0
[2019-08-10 18:38:15] [config] transformer-dropout-ffn: 0
[2019-08-10 18:38:15] [config] transformer-ffn-activation: swish
[2019-08-10 18:38:15] [config] transformer-ffn-depth: 2
[2019-08-10 18:38:15] [config] transformer-guided-alignment-layer: last
[2019-08-10 18:38:15] [config] transformer-heads: 8
[2019-08-10 18:38:15] [config] transformer-no-projection: false
[2019-08-10 18:38:15] [config] transformer-postprocess: dan
[2019-08-10 18:38:15] [config] transformer-postprocess-emb: d
[2019-08-10 18:38:15] [config] transformer-preprocess: ""
[2019-08-10 18:38:15] [config] transformer-tied-layers:
[2019-08-10 18:38:15] [config]   []
[2019-08-10 18:38:15] [config] transformer-train-position-embeddings: false
[2019-08-10 18:38:15] [config] type: amun
[2019-08-10 18:38:15] [config] ulr: false
[2019-08-10 18:38:15] [config] ulr-dim-emb: 0
[2019-08-10 18:38:15] [config] ulr-dropout: 0
[2019-08-10 18:38:15] [config] ulr-keys-vectors: ""
[2019-08-10 18:38:15] [config] ulr-query-vectors: ""
[2019-08-10 18:38:15] [config] ulr-softmax-temperature: 1
[2019-08-10 18:38:15] [config] ulr-trainable-transformation: false
[2019-08-10 18:38:15] [config] valid-freq: 20000
[2019-08-10 18:38:15] [config] valid-log: ../experiments/100M_bicleaner_v1.1_+_bic1.1_arpa_x_biced_0.5_x_dcce/model/valid.log
[2019-08-10 18:38:15] [config] valid-max-length: 1000
[2019-08-10 18:38:15] [config] valid-metrics:
[2019-08-10 18:38:15] [config]   - cross-entropy
[2019-08-10 18:38:15] [config]   - perplexity
[2019-08-10 18:38:15] [config]   - translation
[2019-08-10 18:38:15] [config] valid-mini-batch: 8
[2019-08-10 18:38:15] [config] valid-script-path: ../experiments/100M_bicleaner_v1.1_+_bic1.1_arpa_x_biced_0.5_x_dcce/score-dev.sh
[2019-08-10 18:38:15] [config] valid-sets:
[2019-08-10 18:38:15] [config]   - ../experiments/100M_bicleaner_v1.1_+_bic1.1_arpa_x_biced_0.5_x_dcce/data/dev.bpe.de
[2019-08-10 18:38:15] [config]   - ../experiments/100M_bicleaner_v1.1_+_bic1.1_arpa_x_biced_0.5_x_dcce/data/dev.bpe.en
[2019-08-10 18:38:15] [config] valid-translation-output: ../experiments/100M_bicleaner_v1.1_+_bic1.1_arpa_x_biced_0.5_x_dcce/model/dev.out
[2019-08-10 18:38:15] [config] vocabs:
[2019-08-10 18:38:15] [config]   - ../experiments/100M_bicleaner_v1.1_+_bic1.1_arpa_x_biced_0.5_x_dcce/data/train.bpe.de.json
[2019-08-10 18:38:15] [config]   - ../experiments/100M_bicleaner_v1.1_+_bic1.1_arpa_x_biced_0.5_x_dcce/data/train.bpe.en.json
[2019-08-10 18:38:15] [config] word-penalty: 0
[2019-08-10 18:38:15] [config] workspace: 3000
[2019-08-10 18:38:15] [config] Model is being created with Marian v1.7.8 ec2d66e 2019-05-27 14:52:11 +0100
[2019-08-10 18:38:15] Using synchronous training
[2019-08-10 18:38:15] [data] Loading vocabulary from JSON/Yaml file ../experiments/100M_bicleaner_v1.1_+_bic1.1_arpa_x_biced_0.5_x_dcce/data/train.bpe.de.json
[2019-08-10 18:38:16] [data] Using unused word id eos for 0
[2019-08-10 18:38:16] [data] Using unused word id UNK for 1
[2019-08-10 18:38:16] [data] Setting vocabulary size for input 0 to 50000
[2019-08-10 18:38:16] [data] Loading vocabulary from JSON/Yaml file ../experiments/100M_bicleaner_v1.1_+_bic1.1_arpa_x_biced_0.5_x_dcce/data/train.bpe.en.json
[2019-08-10 18:38:16] [data] Using unused word id eos for 0
[2019-08-10 18:38:16] [data] Using unused word id UNK for 1
[2019-08-10 18:38:16] [data] Setting vocabulary size for input 1 to 50000
[2019-08-10 18:38:16] Compiled without MPI support. Falling back to FakeMPIWrapper
[2019-08-10 18:38:16] [batching] Collecting statistics for batch fitting with step size 10
[2019-08-10 18:38:17] [memory] Extending reserved space to 3072 MB (device gpu6)
[2019-08-10 18:38:17] [comm] Using NCCL 2.4.2 for GPU communication
[2019-08-10 18:38:17] [comm] NCCLCommunicator constructed successfully.
[2019-08-10 18:38:17] [training] Using 1 GPUs
[2019-08-10 18:38:17] [memory] Reserving 422 MB, device gpu6
[2019-08-10 18:38:17] [gpu] 16-bit TensorCores enabled for float32 matrix operations
[2019-08-10 18:38:17] [memory] Reserving 422 MB, device gpu6
[2019-08-10 18:38:20] [batching] Done. Typical MB size is 4042 target words
[2019-08-10 18:38:20] [memory] Extending reserved space to 3072 MB (device gpu6)
[2019-08-10 18:38:20] [comm] Using NCCL 2.4.2 for GPU communication
[2019-08-10 18:38:20] [comm] NCCLCommunicator constructed successfully.
[2019-08-10 18:38:20] [training] Using 1 GPUs
[2019-08-10 18:38:20] Training started
[2019-08-10 18:38:20] [data] Shuffling data
[2019-08-10 18:38:23] [data] Done reading 4175559 sentences
[2019-08-10 18:38:42] [data] Done shuffling 4175559 sentences to temp files
[2019-08-10 18:38:50] [training] Batches are processed as 1 process(es) x 1 devices/process
[2019-08-10 18:38:50] [memory] Reserving 422 MB, device gpu6
[2019-08-10 18:38:50] [memory] Reserving 422 MB, device gpu6
[2019-08-10 18:38:50] [memory] Reserving 422 MB, device gpu6
[2019-08-10 18:38:51] [memory] Reserving 844 MB, device gpu6
[2019-08-10 18:44:26] Ep. 1 : Up. 2000 : Sen. 198,973 : Cost 157.54670715 : Time 369.96s : 13442.17 words/s
[2019-08-10 18:50:03] Ep. 1 : Up. 4000 : Sen. 398,723 : Cost 132.50028992 : Time 337.53s : 14836.13 words/s
[2019-08-10 18:55:40] Ep. 1 : Up. 6000 : Sen. 598,799 : Cost 117.29918671 : Time 336.66s : 14839.46 words/s
[2019-08-10 19:01:17] Ep. 1 : Up. 8000 : Sen. 798,692 : Cost 107.75643158 : Time 337.18s : 14829.69 words/s
[2019-08-10 19:06:55] Ep. 1 : Up. 10000 : Sen. 998,208 : Cost 100.31403351 : Time 337.51s : 14772.03 words/s
[2019-08-10 19:12:32] Ep. 1 : Up. 12000 : Sen. 1,197,574 : Cost 95.12860870 : Time 337.31s : 14750.33 words/s
[2019-08-10 19:18:11] Ep. 1 : Up. 14000 : Sen. 1,397,803 : Cost 91.51402283 : Time 338.89s : 14770.14 words/s
[2019-08-10 19:23:50] Ep. 1 : Up. 16000 : Sen. 1,596,848 : Cost 88.66735840 : Time 338.53s : 14707.88 words/s
[2019-08-10 19:29:28] Ep. 1 : Up. 18000 : Sen. 1,796,480 : Cost 86.09422302 : Time 338.10s : 14746.07 words/s
[2019-08-10 19:35:07] Ep. 1 : Up. 20000 : Sen. 1,996,722 : Cost 83.66867828 : Time 339.60s : 14744.94 words/s
[2019-08-10 19:35:07] Saving model to ../experiments/100M_bicleaner_v1.1_+_bic1.1_arpa_x_biced_0.5_x_dcce/model/model.npz.orig.npz
[2019-08-10 19:35:17] Saving model to ../experiments/100M_bicleaner_v1.1_+_bic1.1_arpa_x_biced_0.5_x_dcce/model/model.iter20000.npz
[2019-08-10 19:35:26] Saving model to ../experiments/100M_bicleaner_v1.1_+_bic1.1_arpa_x_biced_0.5_x_dcce/model/model.npz
[2019-08-10 19:35:37] Saving Adam parameters to ../experiments/100M_bicleaner_v1.1_+_bic1.1_arpa_x_biced_0.5_x_dcce/model/model.npz.optimizer.npz
[2019-08-10 19:36:09] [valid] Ep. 1 : Up. 20000 : cross-entropy : 66.4122 : new best
[2019-08-10 19:36:16] [valid] Ep. 1 : Up. 20000 : perplexity : 13.8392 : new best
[2019-08-10 19:37:13] [valid] Ep. 1 : Up. 20000 : translation : 20.84 : new best
[2019-08-10 19:42:55] Ep. 1 : Up. 22000 : Sen. 2,197,262 : Cost 82.18708801 : Time 468.06s : 10723.40 words/s
[2019-08-10 19:48:34] Ep. 1 : Up. 24000 : Sen. 2,396,270 : Cost 81.04010773 : Time 338.98s : 14714.52 words/s
[2019-08-10 19:54:12] Ep. 1 : Up. 26000 : Sen. 2,596,395 : Cost 79.27841187 : Time 338.10s : 14784.13 words/s
[2019-08-10 19:59:51] Ep. 1 : Up. 28000 : Sen. 2,795,734 : Cost 78.00764465 : Time 338.47s : 14702.10 words/s
[2019-08-10 20:05:30] Ep. 1 : Up. 30000 : Sen. 2,995,471 : Cost 77.53952789 : Time 338.92s : 14757.72 words/s
[2019-08-10 20:11:08] Ep. 1 : Up. 32000 : Sen. 3,195,299 : Cost 76.18895721 : Time 338.18s : 14769.71 words/s
[2019-08-10 20:15:50] Seen 3360685 samples
[2019-08-10 20:15:50] Starting epoch 2
[2019-08-10 20:15:50] [data] Shuffling data
[2019-08-10 20:15:53] [data] Done reading 4175559 sentences
[2019-08-10 20:16:13] [data] Done shuffling 4175559 sentences to temp files
[2019-08-10 20:17:22] Ep. 2 : Up. 34000 : Sen. 34,612 : Cost 75.22830963 : Time 374.45s : 13355.38 words/s
[2019-08-10 20:23:03] Ep. 2 : Up. 36000 : Sen. 235,833 : Cost 73.54310608 : Time 340.22s : 14760.31 words/s
[2019-08-10 20:28:43] Ep. 2 : Up. 38000 : Sen. 436,303 : Cost 72.97328186 : Time 340.08s : 14728.03 words/s
[2019-08-10 20:34:23] Ep. 2 : Up. 40000 : Sen. 636,323 : Cost 72.52267456 : Time 340.32s : 14696.48 words/s
[2019-08-10 20:34:23] Saving model to ../experiments/100M_bicleaner_v1.1_+_bic1.1_arpa_x_biced_0.5_x_dcce/model/model.npz.orig.npz
[2019-08-10 20:34:33] Saving model to ../experiments/100M_bicleaner_v1.1_+_bic1.1_arpa_x_biced_0.5_x_dcce/model/model.iter40000.npz
[2019-08-10 20:34:41] Saving model to ../experiments/100M_bicleaner_v1.1_+_bic1.1_arpa_x_biced_0.5_x_dcce/model/model.npz
[2019-08-10 20:34:55] Saving Adam parameters to ../experiments/100M_bicleaner_v1.1_+_bic1.1_arpa_x_biced_0.5_x_dcce/model/model.npz.optimizer.npz
[2019-08-10 20:35:22] [valid] Ep. 2 : Up. 40000 : cross-entropy : 54.1863 : new best
[2019-08-10 20:35:28] [valid] Ep. 2 : Up. 40000 : perplexity : 8.53184 : new best
[2019-08-10 20:36:23] [valid] Ep. 2 : Up. 40000 : translation : 24.97 : new best
[2019-08-10 20:42:05] Ep. 2 : Up. 42000 : Sen. 836,163 : Cost 72.12792969 : Time 462.00s : 10813.32 words/s
[2019-08-10 20:47:44] Ep. 2 : Up. 44000 : Sen. 1,036,230 : Cost 71.82501984 : Time 338.96s : 14756.76 words/s
[2019-08-10 20:53:25] Ep. 2 : Up. 46000 : Sen. 1,236,829 : Cost 71.35110474 : Time 340.76s : 14736.19 words/s
[2019-08-10 20:59:04] Ep. 2 : Up. 48000 : Sen. 1,436,654 : Cost 70.60923004 : Time 338.95s : 14714.95 words/s
[2019-08-10 21:04:42] Ep. 2 : Up. 50000 : Sen. 1,636,037 : Cost 70.56387329 : Time 338.41s : 14765.01 words/s
[2019-08-10 21:10:21] Ep. 2 : Up. 52000 : Sen. 1,835,621 : Cost 69.82746887 : Time 338.55s : 14724.48 words/s
[2019-08-10 21:16:00] Ep. 2 : Up. 54000 : Sen. 2,035,761 : Cost 69.68605804 : Time 339.39s : 14736.22 words/s
[2019-08-10 21:21:39] Ep. 2 : Up. 56000 : Sen. 2,235,719 : Cost 68.90592957 : Time 338.86s : 14742.96 words/s
[2019-08-10 21:27:19] Ep. 2 : Up. 58000 : Sen. 2,435,115 : Cost 68.94915771 : Time 339.83s : 14689.29 words/s
[2019-08-10 21:32:59] Ep. 2 : Up. 60000 : Sen. 2,635,502 : Cost 68.82806396 : Time 340.60s : 14726.93 words/s
[2019-08-10 21:32:59] Saving model to ../experiments/100M_bicleaner_v1.1_+_bic1.1_arpa_x_biced_0.5_x_dcce/model/model.npz.orig.npz
[2019-08-10 21:33:09] Saving model to ../experiments/100M_bicleaner_v1.1_+_bic1.1_arpa_x_biced_0.5_x_dcce/model/model.iter60000.npz
[2019-08-10 21:33:16] Saving model to ../experiments/100M_bicleaner_v1.1_+_bic1.1_arpa_x_biced_0.5_x_dcce/model/model.npz
[2019-08-10 21:33:27] Saving Adam parameters to ../experiments/100M_bicleaner_v1.1_+_bic1.1_arpa_x_biced_0.5_x_dcce/model/model.npz.optimizer.npz
[2019-08-10 21:33:54] [valid] Ep. 2 : Up. 60000 : cross-entropy : 49.2439 : new best
[2019-08-10 21:34:01] [valid] Ep. 2 : Up. 60000 : perplexity : 7.01651 : new best
[2019-08-10 21:34:55] [valid] Ep. 2 : Up. 60000 : translation : 26.93 : new best
[2019-08-10 21:40:37] Ep. 2 : Up. 62000 : Sen. 2,836,008 : Cost 68.29935455 : Time 457.97s : 10953.45 words/s
[2019-08-10 21:46:17] Ep. 2 : Up. 64000 : Sen. 3,035,988 : Cost 68.19121552 : Time 339.86s : 14731.26 words/s
[2019-08-10 21:51:56] Ep. 2 : Up. 66000 : Sen. 3,235,616 : Cost 67.60310364 : Time 338.32s : 14731.35 words/s
[2019-08-10 21:55:28] Seen 3360685 samples
[2019-08-10 21:55:28] Starting epoch 3
[2019-08-10 21:55:28] [data] Shuffling data
[2019-08-10 21:55:31] [data] Done reading 4175559 sentences
[2019-08-10 21:55:52] [data] Done shuffling 4175559 sentences to temp files
[2019-08-10 21:58:06] Ep. 3 : Up. 68000 : Sen. 74,995 : Cost 66.77323151 : Time 370.24s : 13510.92 words/s
[2019-08-10 22:03:45] Ep. 3 : Up. 70000 : Sen. 275,122 : Cost 66.04672241 : Time 339.29s : 14745.33 words/s
[2019-08-10 22:09:20] Ep. 3 : Up. 72000 : Sen. 474,036 : Cost 65.69435883 : Time 334.74s : 14870.38 words/s
[2019-08-10 22:14:57] Ep. 3 : Up. 74000 : Sen. 674,821 : Cost 65.59409332 : Time 336.77s : 14895.90 words/s
[2019-08-10 22:20:37] Ep. 3 : Up. 76000 : Sen. 874,709 : Cost 65.58094025 : Time 339.97s : 14708.88 words/s
[2019-08-10 22:26:16] Ep. 3 : Up. 78000 : Sen. 1,075,065 : Cost 65.20955658 : Time 339.40s : 14760.26 words/s
[2019-08-10 22:31:55] Ep. 3 : Up. 80000 : Sen. 1,273,936 : Cost 65.45721436 : Time 339.19s : 14683.15 words/s
[2019-08-10 22:31:55] Saving model to ../experiments/100M_bicleaner_v1.1_+_bic1.1_arpa_x_biced_0.5_x_dcce/model/model.npz.orig.npz
[2019-08-10 22:32:05] Saving model to ../experiments/100M_bicleaner_v1.1_+_bic1.1_arpa_x_biced_0.5_x_dcce/model/model.iter80000.npz
[2019-08-10 22:32:12] Saving model to ../experiments/100M_bicleaner_v1.1_+_bic1.1_arpa_x_biced_0.5_x_dcce/model/model.npz
[2019-08-10 22:32:22] Saving Adam parameters to ../experiments/100M_bicleaner_v1.1_+_bic1.1_arpa_x_biced_0.5_x_dcce/model/model.npz.optimizer.npz
[2019-08-10 22:32:49] [valid] Ep. 3 : Up. 80000 : cross-entropy : 46.5611 : new best
[2019-08-10 22:32:56] [valid] Ep. 3 : Up. 80000 : perplexity : 6.30994 : new best
[2019-08-10 22:33:50] [valid] Ep. 3 : Up. 80000 : translation : 27.92 : new best
[2019-08-10 22:39:31] Ep. 3 : Up. 82000 : Sen. 1,473,498 : Cost 64.99257660 : Time 455.42s : 10949.37 words/s
[2019-08-10 22:45:10] Ep. 3 : Up. 84000 : Sen. 1,673,494 : Cost 64.77621460 : Time 338.92s : 14740.20 words/s
[2019-08-10 22:50:49] Ep. 3 : Up. 86000 : Sen. 1,873,692 : Cost 64.71176147 : Time 339.41s : 14741.59 words/s
[2019-08-10 22:56:29] Ep. 3 : Up. 88000 : Sen. 2,073,948 : Cost 64.66716003 : Time 339.65s : 14709.02 words/s
[2019-08-10 23:02:08] Ep. 3 : Up. 90000 : Sen. 2,273,786 : Cost 64.55701447 : Time 339.38s : 14720.13 words/s
[2019-08-10 23:07:48] Ep. 3 : Up. 92000 : Sen. 2,474,013 : Cost 64.43361664 : Time 340.22s : 14709.13 words/s
[2019-08-10 23:13:27] Ep. 3 : Up. 94000 : Sen. 2,674,348 : Cost 64.10832977 : Time 338.79s : 14750.93 words/s
[2019-08-10 23:19:06] Ep. 3 : Up. 96000 : Sen. 2,873,702 : Cost 64.20612335 : Time 339.24s : 14735.47 words/s
[2019-08-10 23:24:47] Ep. 3 : Up. 98000 : Sen. 3,074,287 : Cost 63.82418823 : Time 340.39s : 14734.78 words/s
[2019-08-10 23:30:26] Ep. 3 : Up. 100000 : Sen. 3,273,878 : Cost 63.83503342 : Time 338.85s : 14714.94 words/s
[2019-08-10 23:30:26] Saving model to ../experiments/100M_bicleaner_v1.1_+_bic1.1_arpa_x_biced_0.5_x_dcce/model/model.npz.orig.npz
[2019-08-10 23:30:35] Saving model to ../experiments/100M_bicleaner_v1.1_+_bic1.1_arpa_x_biced_0.5_x_dcce/model/model.iter100000.npz
[2019-08-10 23:30:42] Saving model to ../experiments/100M_bicleaner_v1.1_+_bic1.1_arpa_x_biced_0.5_x_dcce/model/model.npz
[2019-08-10 23:30:52] Saving Adam parameters to ../experiments/100M_bicleaner_v1.1_+_bic1.1_arpa_x_biced_0.5_x_dcce/model/model.npz.optimizer.npz
[2019-08-10 23:31:19] [valid] Ep. 3 : Up. 100000 : cross-entropy : 44.7748 : new best
[2019-08-10 23:31:25] [valid] Ep. 3 : Up. 100000 : perplexity : 5.87939 : new best
[2019-08-10 23:32:19] [valid] Ep. 3 : Up. 100000 : translation : 28.58 : new best
[2019-08-10 23:34:50] Seen 3360685 samples
[2019-08-10 23:34:50] Starting epoch 4
[2019-08-10 23:34:50] [data] Shuffling data
[2019-08-10 23:34:52] [data] Done reading 4175559 sentences
[2019-08-10 23:35:19] [data] Done shuffling 4175559 sentences to temp files
[2019-08-10 23:38:31] Ep. 4 : Up. 102000 : Sen. 112,261 : Cost 63.20352173 : Time 485.43s : 10284.93 words/s
[2019-08-10 23:44:11] Ep. 4 : Up. 104000 : Sen. 312,160 : Cost 62.40198898 : Time 339.88s : 14718.85 words/s
[2019-08-10 23:49:49] Ep. 4 : Up. 106000 : Sen. 511,922 : Cost 61.94731903 : Time 337.84s : 14726.88 words/s
[2019-08-10 23:55:30] Ep. 4 : Up. 108000 : Sen. 712,345 : Cost 62.13315964 : Time 341.29s : 14673.15 words/s
[2019-08-11 00:01:11] Ep. 4 : Up. 110000 : Sen. 913,025 : Cost 62.32453156 : Time 341.01s : 14734.68 words/s
[2019-08-11 00:06:52] Ep. 4 : Up. 112000 : Sen. 1,112,968 : Cost 62.35378647 : Time 341.35s : 14706.27 words/s
[2019-08-11 00:12:32] Ep. 4 : Up. 114000 : Sen. 1,312,705 : Cost 61.97175217 : Time 339.22s : 14683.23 words/s
[2019-08-11 00:18:12] Ep. 4 : Up. 116000 : Sen. 1,512,450 : Cost 62.54585648 : Time 340.38s : 14725.27 words/s
[2019-08-11 00:23:52] Ep. 4 : Up. 118000 : Sen. 1,713,167 : Cost 61.79186630 : Time 340.45s : 14707.89 words/s
[2019-08-11 00:29:33] Ep. 4 : Up. 120000 : Sen. 1,912,975 : Cost 62.29793930 : Time 340.18s : 14710.46 words/s
[2019-08-11 00:29:33] Saving model to ../experiments/100M_bicleaner_v1.1_+_bic1.1_arpa_x_biced_0.5_x_dcce/model/model.npz.orig.npz
[2019-08-11 00:29:42] Saving model to ../experiments/100M_bicleaner_v1.1_+_bic1.1_arpa_x_biced_0.5_x_dcce/model/model.iter120000.npz
[2019-08-11 00:29:49] Saving model to ../experiments/100M_bicleaner_v1.1_+_bic1.1_arpa_x_biced_0.5_x_dcce/model/model.npz
[2019-08-11 00:29:59] Saving Adam parameters to ../experiments/100M_bicleaner_v1.1_+_bic1.1_arpa_x_biced_0.5_x_dcce/model/model.npz.optimizer.npz
[2019-08-11 00:30:27] [valid] Ep. 4 : Up. 120000 : cross-entropy : 43.5832 : new best
[2019-08-11 00:30:33] [valid] Ep. 4 : Up. 120000 : perplexity : 5.60864 : new best
[2019-08-11 00:31:28] [valid] Ep. 4 : Up. 120000 : translation : 28.97 : new best
[2019-08-11 00:37:11] Ep. 4 : Up. 122000 : Sen. 2,113,894 : Cost 61.84117126 : Time 458.30s : 10951.60 words/s
[2019-08-11 00:42:50] Ep. 4 : Up. 124000 : Sen. 2,313,133 : Cost 61.96979523 : Time 338.90s : 14698.51 words/s
[2019-08-11 00:48:30] Ep. 4 : Up. 126000 : Sen. 2,513,149 : Cost 61.77963257 : Time 340.49s : 14701.52 words/s
[2019-08-11 00:54:11] Ep. 4 : Up. 128000 : Sen. 2,713,600 : Cost 61.60372925 : Time 340.42s : 14707.62 words/s
[2019-08-11 00:59:50] Ep. 4 : Up. 130000 : Sen. 2,913,999 : Cost 61.29178238 : Time 339.34s : 14742.10 words/s
[2019-08-11 01:05:30] Ep. 4 : Up. 132000 : Sen. 3,114,193 : Cost 61.61445999 : Time 340.22s : 14710.26 words/s
[2019-08-11 01:11:10] Ep. 4 : Up. 134000 : Sen. 3,313,786 : Cost 61.48306274 : Time 339.32s : 14705.45 words/s
[2019-08-11 01:12:30] Seen 3360685 samples
[2019-08-11 01:12:30] Starting epoch 5
[2019-08-11 01:12:30] [data] Shuffling data
[2019-08-11 01:12:32] [data] Done reading 4175559 sentences
[2019-08-11 01:12:54] [data] Done shuffling 4175559 sentences to temp files
[2019-08-11 01:17:22] Ep. 5 : Up. 136000 : Sen. 152,874 : Cost 60.22109985 : Time 372.14s : 13415.11 words/s
[2019-08-11 01:23:02] Ep. 5 : Up. 138000 : Sen. 353,285 : Cost 59.87674713 : Time 340.13s : 14701.60 words/s
[2019-08-11 01:28:39] Ep. 5 : Up. 140000 : Sen. 553,692 : Cost 60.21114349 : Time 337.21s : 14882.85 words/s
[2019-08-11 01:28:39] Saving model to ../experiments/100M_bicleaner_v1.1_+_bic1.1_arpa_x_biced_0.5_x_dcce/model/model.npz.orig.npz
[2019-08-11 01:28:51] Saving model to ../experiments/100M_bicleaner_v1.1_+_bic1.1_arpa_x_biced_0.5_x_dcce/model/model.iter140000.npz
[2019-08-11 01:29:03] Saving model to ../experiments/100M_bicleaner_v1.1_+_bic1.1_arpa_x_biced_0.5_x_dcce/model/model.npz
[2019-08-11 01:29:18] Saving Adam parameters to ../experiments/100M_bicleaner_v1.1_+_bic1.1_arpa_x_biced_0.5_x_dcce/model/model.npz.optimizer.npz
[2019-08-11 01:29:45] [valid] Ep. 5 : Up. 140000 : cross-entropy : 42.5856 : new best
[2019-08-11 01:29:51] [valid] Ep. 5 : Up. 140000 : perplexity : 5.39159 : new best
[2019-08-11 01:30:44] [valid] Ep. 5 : Up. 140000 : translation : 29.51 : new best
[2019-08-11 01:36:26] Ep. 5 : Up. 142000 : Sen. 753,981 : Cost 60.10294724 : Time 467.18s : 10702.46 words/s
[2019-08-11 01:42:09] Ep. 5 : Up. 144000 : Sen. 954,685 : Cost 60.13489532 : Time 342.18s : 14687.97 words/s
[2019-08-11 01:47:48] Ep. 5 : Up. 146000 : Sen. 1,154,361 : Cost 60.15833664 : Time 339.18s : 14718.77 words/s
[2019-08-11 01:53:29] Ep. 5 : Up. 148000 : Sen. 1,354,354 : Cost 59.93523788 : Time 341.35s : 14642.76 words/s
[2019-08-11 01:59:10] Ep. 5 : Up. 150000 : Sen. 1,554,049 : Cost 60.10978699 : Time 340.69s : 14642.46 words/s
[2019-08-11 02:04:50] Ep. 5 : Up. 152000 : Sen. 1,753,756 : Cost 60.34926224 : Time 340.47s : 14692.35 words/s
[2019-08-11 02:10:32] Ep. 5 : Up. 154000 : Sen. 1,954,199 : Cost 60.22935104 : Time 341.45s : 14677.97 words/s
[2019-08-11 02:16:12] Ep. 5 : Up. 156000 : Sen. 2,154,528 : Cost 59.92590714 : Time 340.68s : 14685.35 words/s
[2019-08-11 02:21:52] Ep. 5 : Up. 158000 : Sen. 2,354,239 : Cost 60.03832626 : Time 339.39s : 14705.08 words/s
[2019-08-11 02:27:30] Ep. 5 : Up. 160000 : Sen. 2,553,600 : Cost 59.97731781 : Time 338.24s : 14744.46 words/s
[2019-08-11 02:27:30] Saving model to ../experiments/100M_bicleaner_v1.1_+_bic1.1_arpa_x_biced_0.5_x_dcce/model/model.npz.orig.npz
[2019-08-11 02:27:41] Saving model to ../experiments/100M_bicleaner_v1.1_+_bic1.1_arpa_x_biced_0.5_x_dcce/model/model.iter160000.npz
[2019-08-11 02:27:52] Saving model to ../experiments/100M_bicleaner_v1.1_+_bic1.1_arpa_x_biced_0.5_x_dcce/model/model.npz
[2019-08-11 02:28:02] Saving Adam parameters to ../experiments/100M_bicleaner_v1.1_+_bic1.1_arpa_x_biced_0.5_x_dcce/model/model.npz.optimizer.npz
[2019-08-11 02:28:30] [valid] Ep. 5 : Up. 160000 : cross-entropy : 41.9569 : new best
[2019-08-11 02:28:36] [valid] Ep. 5 : Up. 160000 : perplexity : 5.25912 : new best
[2019-08-11 02:29:31] [valid] Ep. 5 : Up. 160000 : translation : 29.65 : new best
[2019-08-11 02:35:13] Ep. 5 : Up. 162000 : Sen. 2,753,508 : Cost 60.11604691 : Time 462.95s : 10814.74 words/s
[2019-08-11 02:40:53] Ep. 5 : Up. 164000 : Sen. 2,953,572 : Cost 59.71109772 : Time 340.38s : 14683.71 words/s
[2019-08-11 02:46:34] Ep. 5 : Up. 166000 : Sen. 3,153,992 : Cost 59.67482758 : Time 340.72s : 14688.93 words/s
[2019-08-11 02:52:15] Ep. 5 : Up. 168000 : Sen. 3,353,600 : Cost 59.68970871 : Time 340.88s : 14668.11 words/s
[2019-08-11 02:52:27] Seen 3360685 samples
[2019-08-11 02:52:27] Starting epoch 6
[2019-08-11 02:52:27] [data] Shuffling data
[2019-08-11 02:52:30] [data] Done reading 4175559 sentences
[2019-08-11 02:52:50] [data] Done shuffling 4175559 sentences to temp files
[2019-08-11 02:58:23] Ep. 6 : Up. 170000 : Sen. 193,399 : Cost 58.58882523 : Time 367.73s : 13631.91 words/s
[2019-08-11 03:04:03] Ep. 6 : Up. 172000 : Sen. 393,190 : Cost 58.33947372 : Time 340.29s : 14700.80 words/s
[2019-08-11 03:09:42] Ep. 6 : Up. 174000 : Sen. 592,855 : Cost 58.45178604 : Time 338.92s : 14736.57 words/s
[2019-08-11 03:15:21] Ep. 6 : Up. 176000 : Sen. 793,105 : Cost 58.47486115 : Time 339.46s : 14740.90 words/s
[2019-08-11 03:21:01] Ep. 6 : Up. 178000 : Sen. 992,805 : Cost 58.43558884 : Time 340.10s : 14684.41 words/s
[2019-08-11 03:26:40] Ep. 6 : Up. 180000 : Sen. 1,192,638 : Cost 58.47104263 : Time 338.72s : 14719.09 words/s
[2019-08-11 03:26:40] Saving model to ../experiments/100M_bicleaner_v1.1_+_bic1.1_arpa_x_biced_0.5_x_dcce/model/model.npz.orig.npz
[2019-08-11 03:26:50] Saving model to ../experiments/100M_bicleaner_v1.1_+_bic1.1_arpa_x_biced_0.5_x_dcce/model/model.iter180000.npz
[2019-08-11 03:26:57] Saving model to ../experiments/100M_bicleaner_v1.1_+_bic1.1_arpa_x_biced_0.5_x_dcce/model/model.npz
[2019-08-11 03:27:08] Saving Adam parameters to ../experiments/100M_bicleaner_v1.1_+_bic1.1_arpa_x_biced_0.5_x_dcce/model/model.npz.optimizer.npz
[2019-08-11 03:27:36] [valid] Ep. 6 : Up. 180000 : cross-entropy : 41.4745 : new best
[2019-08-11 03:27:43] [valid] Ep. 6 : Up. 180000 : perplexity : 5.15971 : new best
[2019-08-11 03:28:37] [valid] Ep. 6 : Up. 180000 : translation : 29.8 : new best
[2019-08-11 03:34:19] Ep. 6 : Up. 182000 : Sen. 1,393,203 : Cost 58.69859695 : Time 459.27s : 10918.12 words/s
[2019-08-11 03:39:59] Ep. 6 : Up. 184000 : Sen. 1,592,526 : Cost 58.38101578 : Time 339.38s : 14664.72 words/s
[2019-08-11 03:45:39] Ep. 6 : Up. 186000 : Sen. 1,792,414 : Cost 58.75875854 : Time 340.66s : 14708.07 words/s
[2019-08-11 03:51:20] Ep. 6 : Up. 188000 : Sen. 1,992,614 : Cost 58.70614243 : Time 340.74s : 14700.05 words/s
[2019-08-11 03:57:01] Ep. 6 : Up. 190000 : Sen. 2,192,894 : Cost 58.71075439 : Time 340.93s : 14718.83 words/s
[2019-08-11 04:02:39] Ep. 6 : Up. 192000 : Sen. 2,392,272 : Cost 58.57000732 : Time 338.20s : 14711.75 words/s
[2019-08-11 04:08:19] Ep. 6 : Up. 194000 : Sen. 2,592,000 : Cost 58.55807877 : Time 339.47s : 14707.57 words/s
[2019-08-11 04:13:58] Ep. 6 : Up. 196000 : Sen. 2,792,002 : Cost 58.72696686 : Time 339.23s : 14756.71 words/s
[2019-08-11 04:19:39] Ep. 6 : Up. 198000 : Sen. 2,992,216 : Cost 58.57505417 : Time 340.58s : 14674.36 words/s
[2019-08-11 04:25:18] Ep. 6 : Up. 200000 : Sen. 3,192,284 : Cost 58.69424438 : Time 339.87s : 14706.55 words/s
[2019-08-11 04:25:18] Saving model to ../experiments/100M_bicleaner_v1.1_+_bic1.1_arpa_x_biced_0.5_x_dcce/model/model.npz.orig.npz
[2019-08-11 04:25:29] Saving model to ../experiments/100M_bicleaner_v1.1_+_bic1.1_arpa_x_biced_0.5_x_dcce/model/model.iter200000.npz
[2019-08-11 04:25:36] Saving model to ../experiments/100M_bicleaner_v1.1_+_bic1.1_arpa_x_biced_0.5_x_dcce/model/model.npz
[2019-08-11 04:25:46] Saving Adam parameters to ../experiments/100M_bicleaner_v1.1_+_bic1.1_arpa_x_biced_0.5_x_dcce/model/model.npz.optimizer.npz
[2019-08-11 04:26:14] [valid] Ep. 6 : Up. 200000 : cross-entropy : 40.9814 : new best
[2019-08-11 04:26:20] [valid] Ep. 6 : Up. 200000 : perplexity : 5.06002 : new best
[2019-08-11 04:27:14] [valid] Ep. 6 : Up. 200000 : translation : 29.94 : new best
[2019-08-11 04:32:02] Seen 3360685 samples
[2019-08-11 04:32:02] Starting epoch 7
[2019-08-11 04:32:02] [data] Shuffling data
[2019-08-11 04:32:05] [data] Done reading 4175559 sentences
[2019-08-11 04:32:27] [data] Done shuffling 4175559 sentences to temp files
[2019-08-11 04:33:27] Ep. 7 : Up. 202000 : Sen. 31,248 : Cost 58.39461899 : Time 488.49s : 10214.38 words/s
[2019-08-11 04:39:04] Ep. 7 : Up. 204000 : Sen. 231,383 : Cost 57.08963394 : Time 337.39s : 14848.80 words/s
[2019-08-11 04:44:38] Ep. 7 : Up. 206000 : Sen. 430,873 : Cost 57.47874451 : Time 333.76s : 14964.79 words/s
[2019-08-11 04:50:14] Ep. 7 : Up. 208000 : Sen. 630,969 : Cost 57.23847580 : Time 335.85s : 14856.68 words/s
[2019-08-11 04:55:54] Ep. 7 : Up. 210000 : Sen. 831,268 : Cost 57.48213577 : Time 339.60s : 14740.67 words/s
[2019-08-11 05:01:33] Ep. 7 : Up. 212000 : Sen. 1,031,089 : Cost 57.52705002 : Time 339.49s : 14717.62 words/s
[2019-08-11 05:07:14] Ep. 7 : Up. 214000 : Sen. 1,230,646 : Cost 57.83841324 : Time 340.96s : 14677.87 words/s
[2019-08-11 05:12:54] Ep. 7 : Up. 216000 : Sen. 1,430,892 : Cost 57.38906097 : Time 339.77s : 14690.27 words/s
[2019-08-11 05:18:34] Ep. 7 : Up. 218000 : Sen. 1,630,827 : Cost 57.72129822 : Time 340.48s : 14702.01 words/s
[2019-08-11 05:24:14] Ep. 7 : Up. 220000 : Sen. 1,830,847 : Cost 57.62188721 : Time 340.21s : 14690.64 words/s
[2019-08-11 05:24:14] Saving model to ../experiments/100M_bicleaner_v1.1_+_bic1.1_arpa_x_biced_0.5_x_dcce/model/model.npz.orig.npz
[2019-08-11 05:24:24] Saving model to ../experiments/100M_bicleaner_v1.1_+_bic1.1_arpa_x_biced_0.5_x_dcce/model/model.iter220000.npz
[2019-08-11 05:24:32] Saving model to ../experiments/100M_bicleaner_v1.1_+_bic1.1_arpa_x_biced_0.5_x_dcce/model/model.npz
[2019-08-11 05:24:42] Saving Adam parameters to ../experiments/100M_bicleaner_v1.1_+_bic1.1_arpa_x_biced_0.5_x_dcce/model/model.npz.optimizer.npz
[2019-08-11 05:25:08] [valid] Ep. 7 : Up. 220000 : cross-entropy : 40.6392 : new best
[2019-08-11 05:25:15] [valid] Ep. 7 : Up. 220000 : perplexity : 4.99198 : new best
[2019-08-11 05:26:09] [valid] Ep. 7 : Up. 220000 : translation : 30 : new best
[2019-08-11 05:31:52] Ep. 7 : Up. 222000 : Sen. 2,030,851 : Cost 57.63623810 : Time 457.20s : 10943.53 words/s
[2019-08-11 05:37:32] Ep. 7 : Up. 224000 : Sen. 2,231,486 : Cost 57.51166153 : Time 340.72s : 14704.49 words/s
[2019-08-11 05:43:11] Ep. 7 : Up. 226000 : Sen. 2,431,126 : Cost 57.45938110 : Time 339.09s : 14728.94 words/s
[2019-08-11 05:48:52] Ep. 7 : Up. 228000 : Sen. 2,631,386 : Cost 57.50905991 : Time 340.27s : 14712.63 words/s
[2019-08-11 05:54:31] Ep. 7 : Up. 230000 : Sen. 2,831,352 : Cost 57.63701248 : Time 339.69s : 14703.66 words/s
[2019-08-11 06:00:12] Ep. 7 : Up. 232000 : Sen. 3,030,207 : Cost 57.70097351 : Time 340.66s : 14633.72 words/s
[2019-08-11 06:05:51] Ep. 7 : Up. 234000 : Sen. 3,230,543 : Cost 57.57329178 : Time 339.02s : 14741.60 words/s
[2019-08-11 06:09:33] Seen 3360685 samples
[2019-08-11 06:09:33] Starting epoch 8
[2019-08-11 06:09:33] [data] Shuffling data
[2019-08-11 06:09:36] [data] Done reading 4175559 sentences
[2019-08-11 06:09:51] [data] Done shuffling 4175559 sentences to temp files
[2019-08-11 06:11:58] Ep. 8 : Up. 236000 : Sen. 70,074 : Cost 57.07736206 : Time 367.07s : 13665.89 words/s
[2019-08-11 06:17:39] Ep. 8 : Up. 238000 : Sen. 269,889 : Cost 56.37071609 : Time 340.37s : 14693.70 words/s
[2019-08-11 06:23:18] Ep. 8 : Up. 240000 : Sen. 469,478 : Cost 56.29883957 : Time 339.62s : 14673.59 words/s
[2019-08-11 06:23:18] Saving model to ../experiments/100M_bicleaner_v1.1_+_bic1.1_arpa_x_biced_0.5_x_dcce/model/model.npz.orig.npz
[2019-08-11 06:23:28] Saving model to ../experiments/100M_bicleaner_v1.1_+_bic1.1_arpa_x_biced_0.5_x_dcce/model/model.iter240000.npz
[2019-08-11 06:23:36] Saving model to ../experiments/100M_bicleaner_v1.1_+_bic1.1_arpa_x_biced_0.5_x_dcce/model/model.npz
[2019-08-11 06:23:46] Saving Adam parameters to ../experiments/100M_bicleaner_v1.1_+_bic1.1_arpa_x_biced_0.5_x_dcce/model/model.npz.optimizer.npz
[2019-08-11 06:24:14] [valid] Ep. 8 : Up. 240000 : cross-entropy : 40.3646 : new best
[2019-08-11 06:24:20] [valid] Ep. 8 : Up. 240000 : perplexity : 4.93804 : new best
[2019-08-11 06:25:15] [valid] Ep. 8 : Up. 240000 : translation : 30.06 : new best
[2019-08-11 06:30:58] Ep. 8 : Up. 242000 : Sen. 670,673 : Cost 56.39786148 : Time 459.60s : 10936.95 words/s
[2019-08-11 06:36:38] Ep. 8 : Up. 244000 : Sen. 870,614 : Cost 56.53737259 : Time 340.16s : 14715.80 words/s
[2019-08-11 06:42:17] Ep. 8 : Up. 246000 : Sen. 1,070,447 : Cost 56.52969742 : Time 338.82s : 14755.05 words/s
[2019-08-11 06:47:56] Ep. 8 : Up. 248000 : Sen. 1,269,984 : Cost 56.71673584 : Time 338.98s : 14740.54 words/s
[2019-08-11 06:53:35] Ep. 8 : Up. 250000 : Sen. 1,469,130 : Cost 56.70716095 : Time 339.11s : 14698.03 words/s
[2019-08-11 06:59:15] Ep. 8 : Up. 252000 : Sen. 1,668,943 : Cost 56.62817764 : Time 340.18s : 14684.00 words/s
[2019-08-11 07:04:54] Ep. 8 : Up. 254000 : Sen. 1,868,722 : Cost 56.78189468 : Time 339.04s : 14721.69 words/s
[2019-08-11 07:10:33] Ep. 8 : Up. 256000 : Sen. 2,068,707 : Cost 56.83504105 : Time 338.95s : 14734.69 words/s
[2019-08-11 07:16:13] Ep. 8 : Up. 258000 : Sen. 2,267,305 : Cost 57.02509689 : Time 340.29s : 14648.29 words/s
[2019-08-11 07:21:53] Ep. 8 : Up. 260000 : Sen. 2,467,737 : Cost 56.42024231 : Time 339.96s : 14697.02 words/s
[2019-08-11 07:21:53] Saving model to ../experiments/100M_bicleaner_v1.1_+_bic1.1_arpa_x_biced_0.5_x_dcce/model/model.npz.orig.npz
[2019-08-11 07:22:05] Saving model to ../experiments/100M_bicleaner_v1.1_+_bic1.1_arpa_x_biced_0.5_x_dcce/model/model.iter260000.npz
[2019-08-11 07:22:14] Saving model to ../experiments/100M_bicleaner_v1.1_+_bic1.1_arpa_x_biced_0.5_x_dcce/model/model.npz
[2019-08-11 07:22:26] Saving Adam parameters to ../experiments/100M_bicleaner_v1.1_+_bic1.1_arpa_x_biced_0.5_x_dcce/model/model.npz.optimizer.npz
[2019-08-11 07:22:56] [valid] Ep. 8 : Up. 260000 : cross-entropy : 40.1782 : new best
[2019-08-11 07:23:07] [valid] Ep. 8 : Up. 260000 : perplexity : 4.90176 : new best
[2019-08-11 07:24:02] [valid] Ep. 8 : Up. 260000 : translation : 30.13 : new best
[2019-08-11 07:29:44] Ep. 8 : Up. 262000 : Sen. 2,667,694 : Cost 56.89921951 : Time 470.72s : 10648.98 words/s
[2019-08-11 07:35:23] Ep. 8 : Up. 264000 : Sen. 2,867,768 : Cost 56.77619934 : Time 339.49s : 14705.42 words/s
[2019-08-11 07:41:02] Ep. 8 : Up. 266000 : Sen. 3,067,217 : Cost 57.04493713 : Time 338.91s : 14740.20 words/s
[2019-08-11 07:46:44] Ep. 8 : Up. 268000 : Sen. 3,267,779 : Cost 56.46222687 : Time 341.29s : 14637.99 words/s
[2019-08-11 07:49:21] Seen 3360685 samples
[2019-08-11 07:49:21] Starting epoch 9
[2019-08-11 07:49:21] [data] Shuffling data
[2019-08-11 07:49:24] [data] Done reading 4175559 sentences
[2019-08-11 07:49:42] [data] Done shuffling 4175559 sentences to temp files
[2019-08-11 07:52:59] Ep. 9 : Up. 270000 : Sen. 107,430 : Cost 55.70570374 : Time 375.05s : 13321.70 words/s
[2019-08-11 07:58:35] Ep. 9 : Up. 272000 : Sen. 307,451 : Cost 55.48313904 : Time 336.55s : 14883.62 words/s
[2019-08-11 08:04:12] Ep. 9 : Up. 274000 : Sen. 507,603 : Cost 55.62602997 : Time 336.92s : 14840.03 words/s
[2019-08-11 08:09:52] Ep. 9 : Up. 276000 : Sen. 707,813 : Cost 55.73732758 : Time 339.81s : 14728.69 words/s
[2019-08-11 08:15:33] Ep. 9 : Up. 278000 : Sen. 907,911 : Cost 55.77769852 : Time 340.66s : 14713.94 words/s
[2019-08-11 08:21:11] Ep. 9 : Up. 280000 : Sen. 1,108,405 : Cost 55.58436584 : Time 338.10s : 14759.19 words/s
[2019-08-11 08:21:11] Saving model to ../experiments/100M_bicleaner_v1.1_+_bic1.1_arpa_x_biced_0.5_x_dcce/model/model.npz.orig.npz
[2019-08-11 08:21:21] Saving model to ../experiments/100M_bicleaner_v1.1_+_bic1.1_arpa_x_biced_0.5_x_dcce/model/model.iter280000.npz
[2019-08-11 08:21:28] Saving model to ../experiments/100M_bicleaner_v1.1_+_bic1.1_arpa_x_biced_0.5_x_dcce/model/model.npz
[2019-08-11 08:21:38] Saving Adam parameters to ../experiments/100M_bicleaner_v1.1_+_bic1.1_arpa_x_biced_0.5_x_dcce/model/model.npz.optimizer.npz
[2019-08-11 08:22:05] [valid] Ep. 9 : Up. 280000 : cross-entropy : 39.944 : new best
[2019-08-11 08:22:11] [valid] Ep. 9 : Up. 280000 : perplexity : 4.85656 : new best
[2019-08-11 08:23:05] [valid] Ep. 9 : Up. 280000 : translation : 30.14 : new best
[2019-08-11 08:28:46] Ep. 9 : Up. 282000 : Sen. 1,308,315 : Cost 55.98073959 : Time 455.40s : 10977.31 words/s
[2019-08-11 08:34:27] Ep. 9 : Up. 284000 : Sen. 1,507,797 : Cost 55.64601898 : Time 340.50s : 14656.69 words/s
[2019-08-11 08:40:06] Ep. 9 : Up. 286000 : Sen. 1,706,920 : Cost 55.88727951 : Time 339.04s : 14703.69 words/s
[2019-08-11 08:45:45] Ep. 9 : Up. 288000 : Sen. 1,906,258 : Cost 56.17995071 : Time 339.11s : 14715.81 words/s
[2019-08-11 08:51:24] Ep. 9 : Up. 290000 : Sen. 2,106,117 : Cost 56.19831085 : Time 339.17s : 14733.01 words/s
[2019-08-11 08:57:04] Ep. 9 : Up. 292000 : Sen. 2,306,504 : Cost 56.12735748 : Time 340.15s : 14745.39 words/s
[2019-08-11 09:02:42] Ep. 9 : Up. 294000 : Sen. 2,506,399 : Cost 56.04818344 : Time 337.62s : 14804.60 words/s
[2019-08-11 09:08:22] Ep. 9 : Up. 296000 : Sen. 2,706,625 : Cost 55.80532074 : Time 340.14s : 14705.88 words/s
[2019-08-11 09:14:03] Ep. 9 : Up. 298000 : Sen. 2,907,207 : Cost 55.86754608 : Time 341.16s : 14688.74 words/s
[2019-08-11 09:19:44] Ep. 9 : Up. 300000 : Sen. 3,107,582 : Cost 55.99971390 : Time 340.76s : 14682.87 words/s
[2019-08-11 09:19:44] Saving model to ../experiments/100M_bicleaner_v1.1_+_bic1.1_arpa_x_biced_0.5_x_dcce/model/model.npz.orig.npz
[2019-08-11 09:19:53] Saving model to ../experiments/100M_bicleaner_v1.1_+_bic1.1_arpa_x_biced_0.5_x_dcce/model/model.iter300000.npz
[2019-08-11 09:20:00] Saving model to ../experiments/100M_bicleaner_v1.1_+_bic1.1_arpa_x_biced_0.5_x_dcce/model/model.npz
[2019-08-11 09:20:10] Saving Adam parameters to ../experiments/100M_bicleaner_v1.1_+_bic1.1_arpa_x_biced_0.5_x_dcce/model/model.npz.optimizer.npz
[2019-08-11 09:20:37] [valid] Ep. 9 : Up. 300000 : cross-entropy : 39.7397 : new best
[2019-08-11 09:20:44] [valid] Ep. 9 : Up. 300000 : perplexity : 4.81745 : new best
[2019-08-11 09:21:38] [valid] Ep. 9 : Up. 300000 : translation : 30.41 : new best
[2019-08-11 09:27:19] Ep. 9 : Up. 302000 : Sen. 3,307,189 : Cost 56.01112747 : Time 455.03s : 10983.57 words/s
[2019-08-11 09:28:50] Seen 3360685 samples
[2019-08-11 09:28:50] Starting epoch 10
[2019-08-11 09:28:50] [data] Shuffling data
[2019-08-11 09:28:53] [data] Done reading 4175559 sentences
[2019-08-11 09:29:09] [data] Done shuffling 4175559 sentences to temp files
[2019-08-11 09:33:28] Ep. 10 : Up. 304000 : Sen. 146,201 : Cost 55.14163971 : Time 368.57s : 13571.67 words/s
[2019-08-11 09:39:08] Ep. 10 : Up. 306000 : Sen. 346,227 : Cost 54.66017914 : Time 340.23s : 14682.08 words/s
[2019-08-11 09:44:49] Ep. 10 : Up. 308000 : Sen. 546,959 : Cost 54.79692459 : Time 341.55s : 14691.75 words/s
[2019-08-11 09:50:31] Ep. 10 : Up. 310000 : Sen. 747,488 : Cost 55.02182388 : Time 341.20s : 14696.13 words/s
[2019-08-11 09:56:11] Ep. 10 : Up. 312000 : Sen. 947,200 : Cost 54.98614502 : Time 340.35s : 14681.93 words/s
[2019-08-11 10:01:50] Ep. 10 : Up. 314000 : Sen. 1,147,197 : Cost 55.21599197 : Time 339.33s : 14721.11 words/s
[2019-08-11 10:07:30] Ep. 10 : Up. 316000 : Sen. 1,347,197 : Cost 55.35623550 : Time 340.19s : 14693.57 words/s
[2019-08-11 10:13:09] Ep. 10 : Up. 318000 : Sen. 1,546,780 : Cost 55.07525635 : Time 338.49s : 14734.14 words/s
[2019-08-11 10:18:48] Ep. 10 : Up. 320000 : Sen. 1,746,765 : Cost 55.32303238 : Time 339.26s : 14716.69 words/s
[2019-08-11 10:18:48] Saving model to ../experiments/100M_bicleaner_v1.1_+_bic1.1_arpa_x_biced_0.5_x_dcce/model/model.npz.orig.npz
[2019-08-11 10:18:58] Saving model to ../experiments/100M_bicleaner_v1.1_+_bic1.1_arpa_x_biced_0.5_x_dcce/model/model.iter320000.npz
[2019-08-11 10:19:05] Saving model to ../experiments/100M_bicleaner_v1.1_+_bic1.1_arpa_x_biced_0.5_x_dcce/model/model.npz
[2019-08-11 10:19:16] Saving Adam parameters to ../experiments/100M_bicleaner_v1.1_+_bic1.1_arpa_x_biced_0.5_x_dcce/model/model.npz.optimizer.npz
[2019-08-11 10:19:41] [valid] Ep. 10 : Up. 320000 : cross-entropy : 39.6515 : new best
[2019-08-11 10:19:48] [valid] Ep. 10 : Up. 320000 : perplexity : 4.80068 : new best
[2019-08-11 10:20:42] [valid] Ep. 10 : Up. 320000 : translation : 30.6 : new best
[2019-08-11 10:26:22] Ep. 10 : Up. 322000 : Sen. 1,945,600 : Cost 55.09641647 : Time 453.49s : 10962.82 words/s
[2019-08-11 10:32:02] Ep. 10 : Up. 324000 : Sen. 2,145,449 : Cost 55.50660706 : Time 340.46s : 14704.09 words/s
[2019-08-11 10:37:41] Ep. 10 : Up. 326000 : Sen. 2,345,074 : Cost 55.33195114 : Time 338.71s : 14695.34 words/s
[2019-08-11 10:43:20] Ep. 10 : Up. 328000 : Sen. 2,543,976 : Cost 55.45471954 : Time 338.98s : 14712.91 words/s
[2019-08-11 10:48:59] Ep. 10 : Up. 330000 : Sen. 2,743,760 : Cost 55.58901978 : Time 339.24s : 14742.59 words/s
[2019-08-11 10:54:38] Ep. 10 : Up. 332000 : Sen. 2,943,612 : Cost 55.45345688 : Time 339.33s : 14723.83 words/s
[2019-08-11 11:00:18] Ep. 10 : Up. 334000 : Sen. 3,144,074 : Cost 55.45737839 : Time 340.03s : 14753.66 words/s
[2019-08-11 11:05:57] Ep. 10 : Up. 336000 : Sen. 3,344,293 : Cost 55.35993576 : Time 338.27s : 14743.66 words/s
[2019-08-11 11:06:25] Seen 3360685 samples
[2019-08-11 11:06:25] Starting epoch 11
[2019-08-11 11:06:25] [data] Shuffling data
[2019-08-11 11:06:28] [data] Done reading 4175559 sentences
[2019-08-11 11:06:49] [data] Done shuffling 4175559 sentences to temp files
[2019-08-11 11:12:02] Ep. 11 : Up. 338000 : Sen. 183,615 : Cost 54.35051727 : Time 365.16s : 13715.29 words/s
[2019-08-11 11:17:34] Ep. 11 : Up. 340000 : Sen. 383,239 : Cost 54.12353134 : Time 332.35s : 15007.56 words/s
[2019-08-11 11:17:34] Saving model to ../experiments/100M_bicleaner_v1.1_+_bic1.1_arpa_x_biced_0.5_x_dcce/model/model.npz.orig.npz
[2019-08-11 11:17:44] Saving model to ../experiments/100M_bicleaner_v1.1_+_bic1.1_arpa_x_biced_0.5_x_dcce/model/model.iter340000.npz
[2019-08-11 11:17:52] Saving model to ../experiments/100M_bicleaner_v1.1_+_bic1.1_arpa_x_biced_0.5_x_dcce/model/model.npz
[2019-08-11 11:18:02] Saving Adam parameters to ../experiments/100M_bicleaner_v1.1_+_bic1.1_arpa_x_biced_0.5_x_dcce/model/model.npz.optimizer.npz
[2019-08-11 11:18:29] [valid] Ep. 11 : Up. 340000 : cross-entropy : 39.463 : new best
[2019-08-11 11:18:36] [valid] Ep. 11 : Up. 340000 : perplexity : 4.76501 : new best
[2019-08-11 11:19:29] [valid] Ep. 11 : Up. 340000 : translation : 30.41 : stalled 1 times (last best: 30.6)
[2019-08-11 11:25:08] Ep. 11 : Up. 342000 : Sen. 582,920 : Cost 54.26054001 : Time 453.58s : 11003.48 words/s
[2019-08-11 11:30:47] Ep. 11 : Up. 344000 : Sen. 782,382 : Cost 54.47317886 : Time 339.06s : 14710.70 words/s
[2019-08-11 11:36:27] Ep. 11 : Up. 346000 : Sen. 982,149 : Cost 54.60395050 : Time 339.82s : 14736.11 words/s
[2019-08-11 11:42:06] Ep. 11 : Up. 348000 : Sen. 1,182,759 : Cost 54.61057663 : Time 338.82s : 14755.11 words/s
[2019-08-11 11:47:45] Ep. 11 : Up. 350000 : Sen. 1,382,580 : Cost 54.72053146 : Time 339.16s : 14738.77 words/s
[2019-08-11 11:53:24] Ep. 11 : Up. 352000 : Sen. 1,583,045 : Cost 54.69247055 : Time 339.68s : 14740.37 words/s
[2019-08-11 11:59:01] Ep. 11 : Up. 354000 : Sen. 1,782,772 : Cost 54.82752991 : Time 336.60s : 14830.86 words/s
[2019-08-11 12:04:40] Ep. 11 : Up. 356000 : Sen. 1,982,539 : Cost 55.19782639 : Time 339.36s : 14739.25 words/s
[2019-08-11 12:10:19] Ep. 11 : Up. 358000 : Sen. 2,182,322 : Cost 54.77952194 : Time 338.62s : 14743.47 words/s
[2019-08-11 12:15:58] Ep. 11 : Up. 360000 : Sen. 2,381,767 : Cost 54.87695694 : Time 338.56s : 14728.90 words/s
[2019-08-11 12:15:58] Saving model to ../experiments/100M_bicleaner_v1.1_+_bic1.1_arpa_x_biced_0.5_x_dcce/model/model.npz.orig.npz
[2019-08-11 12:16:07] Saving model to ../experiments/100M_bicleaner_v1.1_+_bic1.1_arpa_x_biced_0.5_x_dcce/model/model.iter360000.npz
[2019-08-11 12:16:14] Saving model to ../experiments/100M_bicleaner_v1.1_+_bic1.1_arpa_x_biced_0.5_x_dcce/model/model.npz
[2019-08-11 12:16:24] Saving Adam parameters to ../experiments/100M_bicleaner_v1.1_+_bic1.1_arpa_x_biced_0.5_x_dcce/model/model.npz.optimizer.npz
[2019-08-11 12:16:50] [valid] Ep. 11 : Up. 360000 : cross-entropy : 39.3722 : new best
[2019-08-11 12:16:57] [valid] Ep. 11 : Up. 360000 : perplexity : 4.74793 : new best
[2019-08-11 12:17:51] [valid] Ep. 11 : Up. 360000 : translation : 30.41 : stalled 2 times (last best: 30.6)
[2019-08-11 12:23:31] Ep. 11 : Up. 362000 : Sen. 2,580,996 : Cost 55.16471100 : Time 453.61s : 10976.56 words/s
[2019-08-11 12:29:12] Ep. 11 : Up. 364000 : Sen. 2,780,485 : Cost 55.38690948 : Time 340.84s : 14709.54 words/s
[2019-08-11 12:34:50] Ep. 11 : Up. 366000 : Sen. 2,980,409 : Cost 54.95603180 : Time 338.27s : 14732.23 words/s
[2019-08-11 12:40:30] Ep. 11 : Up. 368000 : Sen. 3,180,396 : Cost 55.00401688 : Time 339.43s : 14749.22 words/s
[2019-08-11 12:45:35] Seen 3360685 samples
[2019-08-11 12:45:35] Starting epoch 12
[2019-08-11 12:45:35] [data] Shuffling data
[2019-08-11 12:45:38] [data] Done reading 4175559 sentences
[2019-08-11 12:46:00] [data] Done shuffling 4175559 sentences to temp files
[2019-08-11 12:46:41] Ep. 12 : Up. 370000 : Sen. 19,671 : Cost 54.86389923 : Time 370.97s : 13464.46 words/s
[2019-08-11 12:52:19] Ep. 12 : Up. 372000 : Sen. 218,914 : Cost 53.56108475 : Time 338.63s : 14721.42 words/s
[2019-08-11 12:57:58] Ep. 12 : Up. 374000 : Sen. 418,791 : Cost 53.77547073 : Time 339.02s : 14726.85 words/s
[2019-08-11 13:03:38] Ep. 12 : Up. 376000 : Sen. 618,241 : Cost 53.88035965 : Time 339.37s : 14684.14 words/s
[2019-08-11 13:09:18] Ep. 12 : Up. 378000 : Sen. 818,457 : Cost 54.26288223 : Time 340.77s : 14698.16 words/s
[2019-08-11 13:14:59] Ep. 12 : Up. 380000 : Sen. 1,018,519 : Cost 53.94324112 : Time 340.65s : 14702.78 words/s
[2019-08-11 13:14:59] Saving model to ../experiments/100M_bicleaner_v1.1_+_bic1.1_arpa_x_biced_0.5_x_dcce/model/model.npz.orig.npz
[2019-08-11 13:15:08] Saving model to ../experiments/100M_bicleaner_v1.1_+_bic1.1_arpa_x_biced_0.5_x_dcce/model/model.iter380000.npz
[2019-08-11 13:15:16] Saving model to ../experiments/100M_bicleaner_v1.1_+_bic1.1_arpa_x_biced_0.5_x_dcce/model/model.npz
[2019-08-11 13:15:26] Saving Adam parameters to ../experiments/100M_bicleaner_v1.1_+_bic1.1_arpa_x_biced_0.5_x_dcce/model/model.npz.optimizer.npz
[2019-08-11 13:15:52] [valid] Ep. 12 : Up. 380000 : cross-entropy : 39.3255 : new best
[2019-08-11 13:15:59] [valid] Ep. 12 : Up. 380000 : perplexity : 4.73915 : new best
[2019-08-11 13:16:52] [valid] Ep. 12 : Up. 380000 : translation : 30.54 : stalled 3 times (last best: 30.6)
[2019-08-11 13:22:34] Ep. 12 : Up. 382000 : Sen. 1,218,752 : Cost 53.76110458 : Time 454.72s : 10989.77 words/s
[2019-08-11 13:28:14] Ep. 12 : Up. 384000 : Sen. 1,418,928 : Cost 54.17004013 : Time 339.84s : 14726.54 words/s
[2019-08-11 13:33:52] Ep. 12 : Up. 386000 : Sen. 1,618,732 : Cost 54.14953232 : Time 338.76s : 14741.79 words/s
[2019-08-11 13:39:32] Ep. 12 : Up. 388000 : Sen. 1,819,040 : Cost 54.33714676 : Time 339.94s : 14712.34 words/s
[2019-08-11 13:45:10] Ep. 12 : Up. 390000 : Sen. 2,018,572 : Cost 54.55914307 : Time 337.64s : 14780.83 words/s
[2019-08-11 13:50:48] Ep. 12 : Up. 392000 : Sen. 2,218,264 : Cost 54.60163116 : Time 337.57s : 14800.62 words/s
[2019-08-11 13:56:28] Ep. 12 : Up. 394000 : Sen. 2,418,449 : Cost 54.49097443 : Time 340.35s : 14705.46 words/s
[2019-08-11 14:02:06] Ep. 12 : Up. 396000 : Sen. 2,617,600 : Cost 54.51889801 : Time 338.45s : 14720.68 words/s
[2019-08-11 14:07:46] Ep. 12 : Up. 398000 : Sen. 2,817,597 : Cost 54.33066940 : Time 339.39s : 14711.87 words/s
[2019-08-11 14:13:26] Ep. 12 : Up. 400000 : Sen. 3,017,552 : Cost 54.61851501 : Time 340.05s : 14718.82 words/s
[2019-08-11 14:13:26] Saving model to ../experiments/100M_bicleaner_v1.1_+_bic1.1_arpa_x_biced_0.5_x_dcce/model/model.npz.orig.npz
[2019-08-11 14:13:35] Saving model to ../experiments/100M_bicleaner_v1.1_+_bic1.1_arpa_x_biced_0.5_x_dcce/model/model.iter400000.npz
[2019-08-11 14:13:43] Saving model to ../experiments/100M_bicleaner_v1.1_+_bic1.1_arpa_x_biced_0.5_x_dcce/model/model.npz
[2019-08-11 14:13:53] Saving Adam parameters to ../experiments/100M_bicleaner_v1.1_+_bic1.1_arpa_x_biced_0.5_x_dcce/model/model.npz.optimizer.npz
[2019-08-11 14:14:23] [valid] Ep. 12 : Up. 400000 : cross-entropy : 39.1971 : new best
[2019-08-11 14:14:29] [valid] Ep. 12 : Up. 400000 : perplexity : 4.71514 : new best
[2019-08-11 14:15:23] [valid] Ep. 12 : Up. 400000 : translation : 30.48 : stalled 4 times (last best: 30.6)
[2019-08-11 14:21:05] Ep. 12 : Up. 402000 : Sen. 3,218,159 : Cost 54.64910507 : Time 458.87s : 10949.69 words/s
[2019-08-11 14:25:04] Seen 3360685 samples
[2019-08-11 14:25:04] Starting epoch 13
[2019-08-11 14:25:04] [data] Shuffling data
[2019-08-11 14:25:07] [data] Done reading 4175559 sentences
[2019-08-11 14:25:28] [data] Done shuffling 4175559 sentences to temp files
[2019-08-11 14:27:12] Ep. 13 : Up. 404000 : Sen. 57,260 : Cost 54.07331848 : Time 367.35s : 13602.65 words/s
[2019-08-11 14:32:47] Ep. 13 : Up. 406000 : Sen. 257,089 : Cost 53.19288635 : Time 334.60s : 14914.08 words/s
[2019-08-11 14:38:25] Ep. 13 : Up. 408000 : Sen. 456,937 : Cost 53.14860916 : Time 338.52s : 14736.33 words/s
[2019-08-11 14:44:05] Ep. 13 : Up. 410000 : Sen. 656,839 : Cost 53.57448578 : Time 339.90s : 14734.36 words/s
[2019-08-11 14:49:45] Ep. 13 : Up. 412000 : Sen. 857,225 : Cost 53.68969727 : Time 340.35s : 14727.94 words/s
[2019-08-11 14:55:24] Ep. 13 : Up. 414000 : Sen. 1,057,027 : Cost 53.71760559 : Time 338.41s : 14775.96 words/s
[2019-08-11 15:01:03] Ep. 13 : Up. 416000 : Sen. 1,256,299 : Cost 53.93932343 : Time 338.74s : 14721.16 words/s
[2019-08-11 15:06:40] Ep. 13 : Up. 418000 : Sen. 1,456,361 : Cost 53.70687485 : Time 337.49s : 14827.00 words/s
[2019-08-11 15:12:19] Ep. 13 : Up. 420000 : Sen. 1,656,697 : Cost 53.67145538 : Time 338.41s : 14762.33 words/s
[2019-08-11 15:12:19] Saving model to ../experiments/100M_bicleaner_v1.1_+_bic1.1_arpa_x_biced_0.5_x_dcce/model/model.npz.orig.npz
[2019-08-11 15:12:30] Saving model to ../experiments/100M_bicleaner_v1.1_+_bic1.1_arpa_x_biced_0.5_x_dcce/model/model.iter420000.npz
[2019-08-11 15:12:38] Saving model to ../experiments/100M_bicleaner_v1.1_+_bic1.1_arpa_x_biced_0.5_x_dcce/model/model.npz
[2019-08-11 15:12:48] Saving Adam parameters to ../experiments/100M_bicleaner_v1.1_+_bic1.1_arpa_x_biced_0.5_x_dcce/model/model.npz.optimizer.npz
[2019-08-11 15:13:17] [valid] Ep. 13 : Up. 420000 : cross-entropy : 39.2102 : stalled 1 times (last best: 39.1971)
[2019-08-11 15:13:23] [valid] Ep. 13 : Up. 420000 : perplexity : 4.71758 : stalled 1 times (last best: 4.71514)
[2019-08-11 15:14:18] [valid] Ep. 13 : Up. 420000 : translation : 30.59 : stalled 5 times (last best: 30.6)
[2019-08-11 15:19:57] Ep. 13 : Up. 422000 : Sen. 1,856,476 : Cost 53.75411987 : Time 458.38s : 10892.19 words/s
[2019-08-11 15:25:35] Ep. 13 : Up. 424000 : Sen. 2,056,548 : Cost 53.79769897 : Time 338.46s : 14760.74 words/s
[2019-08-11 15:31:14] Ep. 13 : Up. 426000 : Sen. 2,256,785 : Cost 54.19842148 : Time 338.76s : 14793.20 words/s
[2019-08-11 15:36:52] Ep. 13 : Up. 428000 : Sen. 2,456,638 : Cost 54.27685165 : Time 338.30s : 14792.49 words/s
[2019-08-11 15:42:32] Ep. 13 : Up. 430000 : Sen. 2,656,491 : Cost 54.29109955 : Time 339.23s : 14748.72 words/s
[2019-08-11 15:48:09] Ep. 13 : Up. 432000 : Sen. 2,856,428 : Cost 53.97349548 : Time 337.37s : 14755.75 words/s
