[2019-08-02 19:43:22] [marian] Marian v1.7.8 ec2d66e 2019-05-27 14:52:11 +0100
[2019-08-02 19:43:22] [marian] Running on hretha as process 19939 with command line:
[2019-08-02 19:43:22] [marian] /fs/bil0/abdel/marian-dev/build/marian --sync-sgd --model ../experiments/10M_bicleaner_v1.1_+_ced_0.0_x_bic1.1_x_dcce_w3000/model/model.npz -T . --devices 1 --train-sets ../experiments/10M_bicleaner_v1.1_+_ced_0.0_x_bic1.1_x_dcce_w3000/data/train.bpe.de ../experiments/10M_bicleaner_v1.1_+_ced_0.0_x_bic1.1_x_dcce_w3000/data/train.bpe.en --vocabs ../experiments/10M_bicleaner_v1.1_+_ced_0.0_x_bic1.1_x_dcce_w3000/data/train.bpe.de.json ../experiments/10M_bicleaner_v1.1_+_ced_0.0_x_bic1.1_x_dcce_w3000/data/train.bpe.en.json --mini-batch-fit -w 3000 --dim-vocabs 50000 50000 --layer-normalization --dropout-rnn 0.2 --dropout-src 0.1 --dropout-trg 0.1 --learn-rate 0.0001 --after-epochs 0 --early-stopping 5 --valid-freq 20000 --save-freq 20000 --disp-freq 2000 --valid-mini-batch 8 --valid-sets ../experiments/10M_bicleaner_v1.1_+_ced_0.0_x_bic1.1_x_dcce_w3000/data/dev.bpe.de ../experiments/10M_bicleaner_v1.1_+_ced_0.0_x_bic1.1_x_dcce_w3000/data/dev.bpe.en --valid-metrics cross-entropy perplexity translation --valid-translation-output ../experiments/10M_bicleaner_v1.1_+_ced_0.0_x_bic1.1_x_dcce_w3000/model/dev.out --valid-script-path ../experiments/10M_bicleaner_v1.1_+_ced_0.0_x_bic1.1_x_dcce_w3000/score-dev.sh --seed 1111 --exponential-smoothing --normalize=1 --beam-size=12 --quiet-translation --log ../experiments/10M_bicleaner_v1.1_+_ced_0.0_x_bic1.1_x_dcce_w3000/model/train.log --valid-log ../experiments/10M_bicleaner_v1.1_+_ced_0.0_x_bic1.1_x_dcce_w3000/model/valid.log
[2019-08-02 19:43:22] [config] after-batches: 0
[2019-08-02 19:43:22] [config] after-epochs: 0
[2019-08-02 19:43:22] [config] allow-unk: false
[2019-08-02 19:43:22] [config] beam-size: 12
[2019-08-02 19:43:22] [config] bert-class-symbol: "[CLS]"
[2019-08-02 19:43:22] [config] bert-mask-symbol: "[MASK]"
[2019-08-02 19:43:22] [config] bert-masking-fraction: 0.15
[2019-08-02 19:43:22] [config] bert-sep-symbol: "[SEP]"
[2019-08-02 19:43:22] [config] bert-train-type-embeddings: true
[2019-08-02 19:43:22] [config] bert-type-vocab-size: 2
[2019-08-02 19:43:22] [config] best-deep: false
[2019-08-02 19:43:22] [config] clip-gemm: 0
[2019-08-02 19:43:22] [config] clip-norm: 1
[2019-08-02 19:43:22] [config] cost-type: ce-mean
[2019-08-02 19:43:22] [config] cpu-threads: 0
[2019-08-02 19:43:22] [config] data-weighting: ""
[2019-08-02 19:43:22] [config] data-weighting-type: sentence
[2019-08-02 19:43:22] [config] dec-cell: gru
[2019-08-02 19:43:22] [config] dec-cell-base-depth: 2
[2019-08-02 19:43:22] [config] dec-cell-high-depth: 1
[2019-08-02 19:43:22] [config] dec-depth: 1
[2019-08-02 19:43:22] [config] devices:
[2019-08-02 19:43:22] [config]   - 1
[2019-08-02 19:43:22] [config] dim-emb: 512
[2019-08-02 19:43:22] [config] dim-rnn: 1024
[2019-08-02 19:43:22] [config] dim-vocabs:
[2019-08-02 19:43:22] [config]   - 50000
[2019-08-02 19:43:22] [config]   - 50000
[2019-08-02 19:43:22] [config] disp-first: 0
[2019-08-02 19:43:22] [config] disp-freq: 2000
[2019-08-02 19:43:22] [config] disp-label-counts: false
[2019-08-02 19:43:22] [config] dropout-rnn: 0.2
[2019-08-02 19:43:22] [config] dropout-src: 0.1
[2019-08-02 19:43:22] [config] dropout-trg: 0.1
[2019-08-02 19:43:22] [config] dump-config: ""
[2019-08-02 19:43:22] [config] early-stopping: 5
[2019-08-02 19:43:22] [config] embedding-fix-src: false
[2019-08-02 19:43:22] [config] embedding-fix-trg: false
[2019-08-02 19:43:22] [config] embedding-normalization: false
[2019-08-02 19:43:22] [config] embedding-vectors:
[2019-08-02 19:43:22] [config]   []
[2019-08-02 19:43:22] [config] enc-cell: gru
[2019-08-02 19:43:22] [config] enc-cell-depth: 1
[2019-08-02 19:43:22] [config] enc-depth: 1
[2019-08-02 19:43:22] [config] enc-type: bidirectional
[2019-08-02 19:43:22] [config] exponential-smoothing: 0.0001
[2019-08-02 19:43:22] [config] grad-dropping-momentum: 0
[2019-08-02 19:43:22] [config] grad-dropping-rate: 0
[2019-08-02 19:43:22] [config] grad-dropping-warmup: 100
[2019-08-02 19:43:22] [config] guided-alignment: none
[2019-08-02 19:43:22] [config] guided-alignment-cost: mse
[2019-08-02 19:43:22] [config] guided-alignment-weight: 0.1
[2019-08-02 19:43:22] [config] ignore-model-config: false
[2019-08-02 19:43:22] [config] input-types:
[2019-08-02 19:43:22] [config]   []
[2019-08-02 19:43:22] [config] interpolate-env-vars: false
[2019-08-02 19:43:22] [config] keep-best: false
[2019-08-02 19:43:22] [config] label-smoothing: 0
[2019-08-02 19:43:22] [config] layer-normalization: true
[2019-08-02 19:43:22] [config] learn-rate: 0.0001
[2019-08-02 19:43:22] [config] log: ../experiments/10M_bicleaner_v1.1_+_ced_0.0_x_bic1.1_x_dcce_w3000/model/train.log
[2019-08-02 19:43:22] [config] log-level: info
[2019-08-02 19:43:22] [config] log-time-zone: ""
[2019-08-02 19:43:22] [config] lr-decay: 0
[2019-08-02 19:43:22] [config] lr-decay-freq: 50000
[2019-08-02 19:43:22] [config] lr-decay-inv-sqrt:
[2019-08-02 19:43:22] [config]   - 0
[2019-08-02 19:43:22] [config] lr-decay-repeat-warmup: false
[2019-08-02 19:43:22] [config] lr-decay-reset-optimizer: false
[2019-08-02 19:43:22] [config] lr-decay-start:
[2019-08-02 19:43:22] [config]   - 10
[2019-08-02 19:43:22] [config]   - 1
[2019-08-02 19:43:22] [config] lr-decay-strategy: epoch+stalled
[2019-08-02 19:43:22] [config] lr-report: false
[2019-08-02 19:43:22] [config] lr-warmup: 0
[2019-08-02 19:43:22] [config] lr-warmup-at-reload: false
[2019-08-02 19:43:22] [config] lr-warmup-cycle: false
[2019-08-02 19:43:22] [config] lr-warmup-start-rate: 0
[2019-08-02 19:43:22] [config] max-length: 50
[2019-08-02 19:43:22] [config] max-length-crop: false
[2019-08-02 19:43:22] [config] max-length-factor: 3
[2019-08-02 19:43:22] [config] maxi-batch: 100
[2019-08-02 19:43:22] [config] maxi-batch-sort: trg
[2019-08-02 19:43:22] [config] mini-batch: 64
[2019-08-02 19:43:22] [config] mini-batch-fit: true
[2019-08-02 19:43:22] [config] mini-batch-fit-step: 10
[2019-08-02 19:43:22] [config] mini-batch-overstuff: 1
[2019-08-02 19:43:22] [config] mini-batch-track-lr: false
[2019-08-02 19:43:22] [config] mini-batch-understuff: 1
[2019-08-02 19:43:22] [config] mini-batch-warmup: 0
[2019-08-02 19:43:22] [config] mini-batch-words: 0
[2019-08-02 19:43:22] [config] mini-batch-words-ref: 0
[2019-08-02 19:43:22] [config] model: ../experiments/10M_bicleaner_v1.1_+_ced_0.0_x_bic1.1_x_dcce_w3000/model/model.npz
[2019-08-02 19:43:22] [config] multi-loss-type: sum
[2019-08-02 19:43:22] [config] multi-node: false
[2019-08-02 19:43:22] [config] multi-node-overlap: true
[2019-08-02 19:43:22] [config] n-best: false
[2019-08-02 19:43:22] [config] no-nccl: false
[2019-08-02 19:43:22] [config] no-reload: false
[2019-08-02 19:43:22] [config] no-restore-corpus: false
[2019-08-02 19:43:22] [config] no-shuffle: false
[2019-08-02 19:43:22] [config] normalize: 1
[2019-08-02 19:43:22] [config] num-devices: 0
[2019-08-02 19:43:22] [config] optimizer: adam
[2019-08-02 19:43:22] [config] optimizer-delay: 1
[2019-08-02 19:43:22] [config] optimizer-params:
[2019-08-02 19:43:22] [config]   []
[2019-08-02 19:43:22] [config] overwrite: false
[2019-08-02 19:43:22] [config] pretrained-model: ""
[2019-08-02 19:43:22] [config] quiet: false
[2019-08-02 19:43:22] [config] quiet-translation: true
[2019-08-02 19:43:22] [config] relative-paths: false
[2019-08-02 19:43:22] [config] right-left: false
[2019-08-02 19:43:22] [config] save-freq: 20000
[2019-08-02 19:43:22] [config] seed: 1111
[2019-08-02 19:43:22] [config] shuffle-in-ram: false
[2019-08-02 19:43:22] [config] skip: false
[2019-08-02 19:43:22] [config] sqlite: ""
[2019-08-02 19:43:22] [config] sqlite-drop: false
[2019-08-02 19:43:22] [config] sync-sgd: true
[2019-08-02 19:43:22] [config] tempdir: .
[2019-08-02 19:43:22] [config] tied-embeddings: false
[2019-08-02 19:43:22] [config] tied-embeddings-all: false
[2019-08-02 19:43:22] [config] tied-embeddings-src: false
[2019-08-02 19:43:22] [config] train-sets:
[2019-08-02 19:43:22] [config]   - ../experiments/10M_bicleaner_v1.1_+_ced_0.0_x_bic1.1_x_dcce_w3000/data/train.bpe.de
[2019-08-02 19:43:22] [config]   - ../experiments/10M_bicleaner_v1.1_+_ced_0.0_x_bic1.1_x_dcce_w3000/data/train.bpe.en
[2019-08-02 19:43:22] [config] transformer-aan-activation: swish
[2019-08-02 19:43:22] [config] transformer-aan-depth: 2
[2019-08-02 19:43:22] [config] transformer-aan-nogate: false
[2019-08-02 19:43:22] [config] transformer-decoder-autoreg: self-attention
[2019-08-02 19:43:22] [config] transformer-dim-aan: 2048
[2019-08-02 19:43:22] [config] transformer-dim-ffn: 2048
[2019-08-02 19:43:22] [config] transformer-dropout: 0
[2019-08-02 19:43:22] [config] transformer-dropout-attention: 0
[2019-08-02 19:43:22] [config] transformer-dropout-ffn: 0
[2019-08-02 19:43:22] [config] transformer-ffn-activation: swish
[2019-08-02 19:43:22] [config] transformer-ffn-depth: 2
[2019-08-02 19:43:22] [config] transformer-guided-alignment-layer: last
[2019-08-02 19:43:22] [config] transformer-heads: 8
[2019-08-02 19:43:22] [config] transformer-no-projection: false
[2019-08-02 19:43:22] [config] transformer-postprocess: dan
[2019-08-02 19:43:22] [config] transformer-postprocess-emb: d
[2019-08-02 19:43:22] [config] transformer-preprocess: ""
[2019-08-02 19:43:22] [config] transformer-tied-layers:
[2019-08-02 19:43:22] [config]   []
[2019-08-02 19:43:22] [config] transformer-train-position-embeddings: false
[2019-08-02 19:43:22] [config] type: amun
[2019-08-02 19:43:22] [config] ulr: false
[2019-08-02 19:43:22] [config] ulr-dim-emb: 0
[2019-08-02 19:43:22] [config] ulr-dropout: 0
[2019-08-02 19:43:22] [config] ulr-keys-vectors: ""
[2019-08-02 19:43:22] [config] ulr-query-vectors: ""
[2019-08-02 19:43:22] [config] ulr-softmax-temperature: 1
[2019-08-02 19:43:22] [config] ulr-trainable-transformation: false
[2019-08-02 19:43:22] [config] valid-freq: 20000
[2019-08-02 19:43:22] [config] valid-log: ../experiments/10M_bicleaner_v1.1_+_ced_0.0_x_bic1.1_x_dcce_w3000/model/valid.log
[2019-08-02 19:43:22] [config] valid-max-length: 1000
[2019-08-02 19:43:22] [config] valid-metrics:
[2019-08-02 19:43:22] [config]   - cross-entropy
[2019-08-02 19:43:22] [config]   - perplexity
[2019-08-02 19:43:22] [config]   - translation
[2019-08-02 19:43:22] [config] valid-mini-batch: 8
[2019-08-02 19:43:22] [config] valid-script-path: ../experiments/10M_bicleaner_v1.1_+_ced_0.0_x_bic1.1_x_dcce_w3000/score-dev.sh
[2019-08-02 19:43:22] [config] valid-sets:
[2019-08-02 19:43:22] [config]   - ../experiments/10M_bicleaner_v1.1_+_ced_0.0_x_bic1.1_x_dcce_w3000/data/dev.bpe.de
[2019-08-02 19:43:22] [config]   - ../experiments/10M_bicleaner_v1.1_+_ced_0.0_x_bic1.1_x_dcce_w3000/data/dev.bpe.en
[2019-08-02 19:43:22] [config] valid-translation-output: ../experiments/10M_bicleaner_v1.1_+_ced_0.0_x_bic1.1_x_dcce_w3000/model/dev.out
[2019-08-02 19:43:22] [config] vocabs:
[2019-08-02 19:43:22] [config]   - ../experiments/10M_bicleaner_v1.1_+_ced_0.0_x_bic1.1_x_dcce_w3000/data/train.bpe.de.json
[2019-08-02 19:43:22] [config]   - ../experiments/10M_bicleaner_v1.1_+_ced_0.0_x_bic1.1_x_dcce_w3000/data/train.bpe.en.json
[2019-08-02 19:43:22] [config] word-penalty: 0
[2019-08-02 19:43:22] [config] workspace: 3000
[2019-08-02 19:43:22] [config] Model is being created with Marian v1.7.8 ec2d66e 2019-05-27 14:52:11 +0100
[2019-08-02 19:43:22] Using synchronous training
[2019-08-02 19:43:22] [data] Loading vocabulary from JSON/Yaml file ../experiments/10M_bicleaner_v1.1_+_ced_0.0_x_bic1.1_x_dcce_w3000/data/train.bpe.de.json
[2019-08-02 19:43:22] [data] Using unused word id eos for 0
[2019-08-02 19:43:22] [data] Using unused word id UNK for 1
[2019-08-02 19:43:22] [data] Setting vocabulary size for input 0 to 50000
[2019-08-02 19:43:22] [data] Loading vocabulary from JSON/Yaml file ../experiments/10M_bicleaner_v1.1_+_ced_0.0_x_bic1.1_x_dcce_w3000/data/train.bpe.en.json
[2019-08-02 19:43:23] [data] Using unused word id eos for 0
[2019-08-02 19:43:23] [data] Using unused word id UNK for 1
[2019-08-02 19:43:23] [data] Setting vocabulary size for input 1 to 50000
[2019-08-02 19:43:23] Compiled without MPI support. Falling back to FakeMPIWrapper
[2019-08-02 19:43:23] [batching] Collecting statistics for batch fitting with step size 10
[2019-08-02 19:43:24] [memory] Extending reserved space to 3072 MB (device gpu1)
[2019-08-02 19:43:24] [comm] Using NCCL 2.4.2 for GPU communication
[2019-08-02 19:43:25] [comm] NCCLCommunicator constructed successfully.
[2019-08-02 19:43:25] [training] Using 1 GPUs
[2019-08-02 19:43:25] [memory] Reserving 422 MB, device gpu1
[2019-08-02 19:43:25] [gpu] 16-bit TensorCores enabled for float32 matrix operations
[2019-08-02 19:43:25] [memory] Reserving 422 MB, device gpu1
[2019-08-02 19:43:36] [batching] Done. Typical MB size is 4042 target words
[2019-08-02 19:43:36] [memory] Extending reserved space to 3072 MB (device gpu1)
[2019-08-02 19:43:36] [comm] Using NCCL 2.4.2 for GPU communication
[2019-08-02 19:43:36] [comm] NCCLCommunicator constructed successfully.
[2019-08-02 19:43:36] [training] Using 1 GPUs
[2019-08-02 19:43:36] Training started
[2019-08-02 19:43:36] [data] Shuffling data
[2019-08-02 19:43:37] [data] Done reading 527504 sentences
[2019-08-02 19:43:39] [data] Done shuffling 527504 sentences to temp files
[2019-08-02 19:43:41] [training] Batches are processed as 1 process(es) x 1 devices/process
[2019-08-02 19:43:41] [memory] Reserving 422 MB, device gpu1
[2019-08-02 19:43:41] [memory] Reserving 422 MB, device gpu1
[2019-08-02 19:43:41] [memory] Reserving 422 MB, device gpu1
[2019-08-02 19:43:42] [memory] Reserving 844 MB, device gpu1
[2019-08-02 19:43:42] Error: CUDA error 2 'out of memory' - /fs/bil0/abdel/marian-dev/src/tensors/gpu/device.cu:38: cudaMalloc(&data_, size)
[2019-08-02 19:43:42] Error: Aborted from virtual void marian::gpu::Device::reserve(size_t) in /fs/bil0/abdel/marian-dev/src/tensors/gpu/device.cu:38

[CALL STACK]
[0x19f32c1]         marian::gpu::Device::  reserve  (unsigned long)    + 0x1401
[0x759e83]          marian::TensorAllocator::  reserveExact  (unsigned long) + 0x1c3
[0x81752c]          marian::Adam::  updateImpl  (std::shared_ptr<marian::TensorBase>,  std::shared_ptr<marian::TensorBase>,  unsigned long,  unsigned long) + 0x4ac
[0x90c7ac]          marian::OptimizerBase::  update  (std::shared_ptr<marian::TensorBase>,  std::shared_ptr<marian::TensorBase>,  unsigned long) + 0xbc
[0x93b230]                                                            
[0x9b7ba0]          marian::NCCLCommunicator::  foreach  (std::function<void (unsigned long,unsigned long,unsigned long)> const&,  bool) const + 0x690
[0x9421b1]          marian::SyncGraphGroup::  update  (std::vector<std::shared_ptr<marian::data::Batch>,std::allocator<std::shared_ptr<marian::data::Batch>>>,  unsigned long) + 0x681
[0x943e76]          marian::SyncGraphGroup::  update  (std::shared_ptr<marian::data::Batch>) + 0x12f6
[0x66fada]          marian::Train<marian::SyncGraphGroup>::  run  ()   + 0xbea
[0x5a13aa]          mainTrainer  (int,  char**)                        + 0x2ca
[0x57dd1a]          main                                               + 0x8a
[0x7fc1608e3830]    __libc_start_main                                  + 0xf0
[0x59edc9]          _start                                             + 0x29

[2019-08-02 19:55:09] [marian] Marian v1.7.8 ec2d66e 2019-05-27 14:52:11 +0100
[2019-08-02 19:55:09] [marian] Running on hretha as process 20856 with command line:
[2019-08-02 19:55:09] [marian] /fs/bil0/abdel/marian-dev/build/marian --sync-sgd --model ../experiments/10M_bicleaner_v1.1_+_ced_0.0_x_bic1.1_x_dcce_w3000/model/model.npz -T . --devices 1 --train-sets ../experiments/10M_bicleaner_v1.1_+_ced_0.0_x_bic1.1_x_dcce_w3000/data/train.bpe.de ../experiments/10M_bicleaner_v1.1_+_ced_0.0_x_bic1.1_x_dcce_w3000/data/train.bpe.en --vocabs ../experiments/10M_bicleaner_v1.1_+_ced_0.0_x_bic1.1_x_dcce_w3000/data/train.bpe.de.json ../experiments/10M_bicleaner_v1.1_+_ced_0.0_x_bic1.1_x_dcce_w3000/data/train.bpe.en.json --mini-batch-fit -w 3000 --dim-vocabs 50000 50000 --layer-normalization --dropout-rnn 0.2 --dropout-src 0.1 --dropout-trg 0.1 --learn-rate 0.0001 --after-epochs 0 --early-stopping 5 --valid-freq 20000 --save-freq 20000 --disp-freq 2000 --valid-mini-batch 8 --valid-sets ../experiments/10M_bicleaner_v1.1_+_ced_0.0_x_bic1.1_x_dcce_w3000/data/dev.bpe.de ../experiments/10M_bicleaner_v1.1_+_ced_0.0_x_bic1.1_x_dcce_w3000/data/dev.bpe.en --valid-metrics cross-entropy perplexity translation --valid-translation-output ../experiments/10M_bicleaner_v1.1_+_ced_0.0_x_bic1.1_x_dcce_w3000/model/dev.out --valid-script-path ../experiments/10M_bicleaner_v1.1_+_ced_0.0_x_bic1.1_x_dcce_w3000/score-dev.sh --seed 1111 --exponential-smoothing --normalize=1 --beam-size=12 --quiet-translation --log ../experiments/10M_bicleaner_v1.1_+_ced_0.0_x_bic1.1_x_dcce_w3000/model/train.log --valid-log ../experiments/10M_bicleaner_v1.1_+_ced_0.0_x_bic1.1_x_dcce_w3000/model/valid.log
[2019-08-02 19:55:09] [config] after-batches: 0
[2019-08-02 19:55:09] [config] after-epochs: 0
[2019-08-02 19:55:09] [config] allow-unk: false
[2019-08-02 19:55:09] [config] beam-size: 12
[2019-08-02 19:55:09] [config] bert-class-symbol: "[CLS]"
[2019-08-02 19:55:09] [config] bert-mask-symbol: "[MASK]"
[2019-08-02 19:55:09] [config] bert-masking-fraction: 0.15
[2019-08-02 19:55:09] [config] bert-sep-symbol: "[SEP]"
[2019-08-02 19:55:09] [config] bert-train-type-embeddings: true
[2019-08-02 19:55:09] [config] bert-type-vocab-size: 2
[2019-08-02 19:55:09] [config] best-deep: false
[2019-08-02 19:55:09] [config] clip-gemm: 0
[2019-08-02 19:55:09] [config] clip-norm: 1
[2019-08-02 19:55:09] [config] cost-type: ce-mean
[2019-08-02 19:55:09] [config] cpu-threads: 0
[2019-08-02 19:55:09] [config] data-weighting: ""
[2019-08-02 19:55:09] [config] data-weighting-type: sentence
[2019-08-02 19:55:09] [config] dec-cell: gru
[2019-08-02 19:55:09] [config] dec-cell-base-depth: 2
[2019-08-02 19:55:09] [config] dec-cell-high-depth: 1
[2019-08-02 19:55:09] [config] dec-depth: 1
[2019-08-02 19:55:09] [config] devices:
[2019-08-02 19:55:09] [config]   - 1
[2019-08-02 19:55:09] [config] dim-emb: 512
[2019-08-02 19:55:09] [config] dim-rnn: 1024
[2019-08-02 19:55:09] [config] dim-vocabs:
[2019-08-02 19:55:09] [config]   - 50000
[2019-08-02 19:55:09] [config]   - 50000
[2019-08-02 19:55:09] [config] disp-first: 0
[2019-08-02 19:55:09] [config] disp-freq: 2000
[2019-08-02 19:55:09] [config] disp-label-counts: false
[2019-08-02 19:55:09] [config] dropout-rnn: 0.2
[2019-08-02 19:55:09] [config] dropout-src: 0.1
[2019-08-02 19:55:09] [config] dropout-trg: 0.1
[2019-08-02 19:55:09] [config] dump-config: ""
[2019-08-02 19:55:09] [config] early-stopping: 5
[2019-08-02 19:55:09] [config] embedding-fix-src: false
[2019-08-02 19:55:09] [config] embedding-fix-trg: false
[2019-08-02 19:55:09] [config] embedding-normalization: false
[2019-08-02 19:55:09] [config] embedding-vectors:
[2019-08-02 19:55:09] [config]   []
[2019-08-02 19:55:09] [config] enc-cell: gru
[2019-08-02 19:55:09] [config] enc-cell-depth: 1
[2019-08-02 19:55:09] [config] enc-depth: 1
[2019-08-02 19:55:09] [config] enc-type: bidirectional
[2019-08-02 19:55:09] [config] exponential-smoothing: 0.0001
[2019-08-02 19:55:09] [config] grad-dropping-momentum: 0
[2019-08-02 19:55:09] [config] grad-dropping-rate: 0
[2019-08-02 19:55:09] [config] grad-dropping-warmup: 100
[2019-08-02 19:55:09] [config] guided-alignment: none
[2019-08-02 19:55:09] [config] guided-alignment-cost: mse
[2019-08-02 19:55:09] [config] guided-alignment-weight: 0.1
[2019-08-02 19:55:09] [config] ignore-model-config: false
[2019-08-02 19:55:09] [config] input-types:
[2019-08-02 19:55:09] [config]   []
[2019-08-02 19:55:09] [config] interpolate-env-vars: false
[2019-08-02 19:55:09] [config] keep-best: false
[2019-08-02 19:55:09] [config] label-smoothing: 0
[2019-08-02 19:55:09] [config] layer-normalization: true
[2019-08-02 19:55:09] [config] learn-rate: 0.0001
[2019-08-02 19:55:09] [config] log: ../experiments/10M_bicleaner_v1.1_+_ced_0.0_x_bic1.1_x_dcce_w3000/model/train.log
[2019-08-02 19:55:09] [config] log-level: info
[2019-08-02 19:55:09] [config] log-time-zone: ""
[2019-08-02 19:55:09] [config] lr-decay: 0
[2019-08-02 19:55:09] [config] lr-decay-freq: 50000
[2019-08-02 19:55:09] [config] lr-decay-inv-sqrt:
[2019-08-02 19:55:09] [config]   - 0
[2019-08-02 19:55:09] [config] lr-decay-repeat-warmup: false
[2019-08-02 19:55:09] [config] lr-decay-reset-optimizer: false
[2019-08-02 19:55:09] [config] lr-decay-start:
[2019-08-02 19:55:09] [config]   - 10
[2019-08-02 19:55:09] [config]   - 1
[2019-08-02 19:55:09] [config] lr-decay-strategy: epoch+stalled
[2019-08-02 19:55:09] [config] lr-report: false
[2019-08-02 19:55:09] [config] lr-warmup: 0
[2019-08-02 19:55:09] [config] lr-warmup-at-reload: false
[2019-08-02 19:55:09] [config] lr-warmup-cycle: false
[2019-08-02 19:55:09] [config] lr-warmup-start-rate: 0
[2019-08-02 19:55:09] [config] max-length: 50
[2019-08-02 19:55:09] [config] max-length-crop: false
[2019-08-02 19:55:09] [config] max-length-factor: 3
[2019-08-02 19:55:09] [config] maxi-batch: 100
[2019-08-02 19:55:09] [config] maxi-batch-sort: trg
[2019-08-02 19:55:09] [config] mini-batch: 64
[2019-08-02 19:55:09] [config] mini-batch-fit: true
[2019-08-02 19:55:09] [config] mini-batch-fit-step: 10
[2019-08-02 19:55:09] [config] mini-batch-overstuff: 1
[2019-08-02 19:55:09] [config] mini-batch-track-lr: false
[2019-08-02 19:55:09] [config] mini-batch-understuff: 1
[2019-08-02 19:55:09] [config] mini-batch-warmup: 0
[2019-08-02 19:55:09] [config] mini-batch-words: 0
[2019-08-02 19:55:09] [config] mini-batch-words-ref: 0
[2019-08-02 19:55:09] [config] model: ../experiments/10M_bicleaner_v1.1_+_ced_0.0_x_bic1.1_x_dcce_w3000/model/model.npz
[2019-08-02 19:55:09] [config] multi-loss-type: sum
[2019-08-02 19:55:09] [config] multi-node: false
[2019-08-02 19:55:09] [config] multi-node-overlap: true
[2019-08-02 19:55:09] [config] n-best: false
[2019-08-02 19:55:09] [config] no-nccl: false
[2019-08-02 19:55:09] [config] no-reload: false
[2019-08-02 19:55:09] [config] no-restore-corpus: false
[2019-08-02 19:55:09] [config] no-shuffle: false
[2019-08-02 19:55:09] [config] normalize: 1
[2019-08-02 19:55:09] [config] num-devices: 0
[2019-08-02 19:55:09] [config] optimizer: adam
[2019-08-02 19:55:09] [config] optimizer-delay: 1
[2019-08-02 19:55:09] [config] optimizer-params:
[2019-08-02 19:55:09] [config]   []
[2019-08-02 19:55:09] [config] overwrite: false
[2019-08-02 19:55:09] [config] pretrained-model: ""
[2019-08-02 19:55:09] [config] quiet: false
[2019-08-02 19:55:09] [config] quiet-translation: true
[2019-08-02 19:55:09] [config] relative-paths: false
[2019-08-02 19:55:09] [config] right-left: false
[2019-08-02 19:55:09] [config] save-freq: 20000
[2019-08-02 19:55:09] [config] seed: 1111
[2019-08-02 19:55:09] [config] shuffle-in-ram: false
[2019-08-02 19:55:09] [config] skip: false
[2019-08-02 19:55:09] [config] sqlite: ""
[2019-08-02 19:55:09] [config] sqlite-drop: false
[2019-08-02 19:55:09] [config] sync-sgd: true
[2019-08-02 19:55:09] [config] tempdir: .
[2019-08-02 19:55:09] [config] tied-embeddings: false
[2019-08-02 19:55:09] [config] tied-embeddings-all: false
[2019-08-02 19:55:09] [config] tied-embeddings-src: false
[2019-08-02 19:55:09] [config] train-sets:
[2019-08-02 19:55:09] [config]   - ../experiments/10M_bicleaner_v1.1_+_ced_0.0_x_bic1.1_x_dcce_w3000/data/train.bpe.de
[2019-08-02 19:55:09] [config]   - ../experiments/10M_bicleaner_v1.1_+_ced_0.0_x_bic1.1_x_dcce_w3000/data/train.bpe.en
[2019-08-02 19:55:09] [config] transformer-aan-activation: swish
[2019-08-02 19:55:09] [config] transformer-aan-depth: 2
[2019-08-02 19:55:09] [config] transformer-aan-nogate: false
[2019-08-02 19:55:09] [config] transformer-decoder-autoreg: self-attention
[2019-08-02 19:55:09] [config] transformer-dim-aan: 2048
[2019-08-02 19:55:09] [config] transformer-dim-ffn: 2048
[2019-08-02 19:55:09] [config] transformer-dropout: 0
[2019-08-02 19:55:09] [config] transformer-dropout-attention: 0
[2019-08-02 19:55:09] [config] transformer-dropout-ffn: 0
[2019-08-02 19:55:09] [config] transformer-ffn-activation: swish
[2019-08-02 19:55:09] [config] transformer-ffn-depth: 2
[2019-08-02 19:55:09] [config] transformer-guided-alignment-layer: last
[2019-08-02 19:55:09] [config] transformer-heads: 8
[2019-08-02 19:55:09] [config] transformer-no-projection: false
[2019-08-02 19:55:09] [config] transformer-postprocess: dan
[2019-08-02 19:55:09] [config] transformer-postprocess-emb: d
[2019-08-02 19:55:09] [config] transformer-preprocess: ""
[2019-08-02 19:55:09] [config] transformer-tied-layers:
[2019-08-02 19:55:09] [config]   []
[2019-08-02 19:55:09] [config] transformer-train-position-embeddings: false
[2019-08-02 19:55:09] [config] type: amun
[2019-08-02 19:55:09] [config] ulr: false
[2019-08-02 19:55:09] [config] ulr-dim-emb: 0
[2019-08-02 19:55:09] [config] ulr-dropout: 0
[2019-08-02 19:55:09] [config] ulr-keys-vectors: ""
[2019-08-02 19:55:09] [config] ulr-query-vectors: ""
[2019-08-02 19:55:09] [config] ulr-softmax-temperature: 1
[2019-08-02 19:55:09] [config] ulr-trainable-transformation: false
[2019-08-02 19:55:09] [config] valid-freq: 20000
[2019-08-02 19:55:09] [config] valid-log: ../experiments/10M_bicleaner_v1.1_+_ced_0.0_x_bic1.1_x_dcce_w3000/model/valid.log
[2019-08-02 19:55:09] [config] valid-max-length: 1000
[2019-08-02 19:55:09] [config] valid-metrics:
[2019-08-02 19:55:09] [config]   - cross-entropy
[2019-08-02 19:55:09] [config]   - perplexity
[2019-08-02 19:55:09] [config]   - translation
[2019-08-02 19:55:09] [config] valid-mini-batch: 8
[2019-08-02 19:55:09] [config] valid-script-path: ../experiments/10M_bicleaner_v1.1_+_ced_0.0_x_bic1.1_x_dcce_w3000/score-dev.sh
[2019-08-02 19:55:09] [config] valid-sets:
[2019-08-02 19:55:09] [config]   - ../experiments/10M_bicleaner_v1.1_+_ced_0.0_x_bic1.1_x_dcce_w3000/data/dev.bpe.de
[2019-08-02 19:55:09] [config]   - ../experiments/10M_bicleaner_v1.1_+_ced_0.0_x_bic1.1_x_dcce_w3000/data/dev.bpe.en
[2019-08-02 19:55:09] [config] valid-translation-output: ../experiments/10M_bicleaner_v1.1_+_ced_0.0_x_bic1.1_x_dcce_w3000/model/dev.out
[2019-08-02 19:55:09] [config] vocabs:
[2019-08-02 19:55:09] [config]   - ../experiments/10M_bicleaner_v1.1_+_ced_0.0_x_bic1.1_x_dcce_w3000/data/train.bpe.de.json
[2019-08-02 19:55:09] [config]   - ../experiments/10M_bicleaner_v1.1_+_ced_0.0_x_bic1.1_x_dcce_w3000/data/train.bpe.en.json
[2019-08-02 19:55:09] [config] word-penalty: 0
[2019-08-02 19:55:09] [config] workspace: 3000
[2019-08-02 19:55:09] [config] Model is being created with Marian v1.7.8 ec2d66e 2019-05-27 14:52:11 +0100
[2019-08-02 19:55:09] Using synchronous training
[2019-08-02 19:55:09] [data] Loading vocabulary from JSON/Yaml file ../experiments/10M_bicleaner_v1.1_+_ced_0.0_x_bic1.1_x_dcce_w3000/data/train.bpe.de.json
[2019-08-02 19:55:09] [data] Using unused word id eos for 0
[2019-08-02 19:55:09] [data] Using unused word id UNK for 1
[2019-08-02 19:55:09] [data] Setting vocabulary size for input 0 to 50000
[2019-08-02 19:55:09] [data] Loading vocabulary from JSON/Yaml file ../experiments/10M_bicleaner_v1.1_+_ced_0.0_x_bic1.1_x_dcce_w3000/data/train.bpe.en.json
[2019-08-02 19:55:10] [data] Using unused word id eos for 0
[2019-08-02 19:55:10] [data] Using unused word id UNK for 1
[2019-08-02 19:55:10] [data] Setting vocabulary size for input 1 to 50000
[2019-08-02 19:55:10] Compiled without MPI support. Falling back to FakeMPIWrapper
[2019-08-02 19:55:10] [batching] Collecting statistics for batch fitting with step size 10
[2019-08-02 19:55:11] [memory] Extending reserved space to 3072 MB (device gpu1)
[2019-08-02 19:55:11] [comm] Using NCCL 2.4.2 for GPU communication
[2019-08-02 19:55:11] [comm] NCCLCommunicator constructed successfully.
[2019-08-02 19:55:11] [training] Using 1 GPUs
[2019-08-02 19:55:11] [memory] Reserving 422 MB, device gpu1
[2019-08-02 19:55:11] [gpu] 16-bit TensorCores enabled for float32 matrix operations
[2019-08-02 19:55:11] [memory] Reserving 422 MB, device gpu1
[2019-08-02 19:55:16] [batching] Done. Typical MB size is 4042 target words
[2019-08-02 19:55:16] [memory] Extending reserved space to 3072 MB (device gpu1)
[2019-08-02 19:55:17] [comm] Using NCCL 2.4.2 for GPU communication
[2019-08-02 19:55:17] [comm] NCCLCommunicator constructed successfully.
[2019-08-02 19:55:17] [training] Using 1 GPUs
[2019-08-02 19:55:17] Training started
[2019-08-02 19:55:17] [data] Shuffling data
[2019-08-02 19:55:17] [data] Done reading 527504 sentences
[2019-08-02 19:55:20] [data] Done shuffling 527504 sentences to temp files
[2019-08-02 19:55:21] [training] Batches are processed as 1 process(es) x 1 devices/process
[2019-08-02 19:55:21] [memory] Reserving 422 MB, device gpu1
[2019-08-02 19:55:21] [memory] Reserving 422 MB, device gpu1
[2019-08-02 19:55:21] [memory] Reserving 422 MB, device gpu1
[2019-08-02 19:55:21] [memory] Reserving 844 MB, device gpu1
[2019-08-02 20:05:04] Ep. 1 : Up. 2000 : Sen. 244,234 : Cost 117.26682281 : Time 593.93s : 8688.75 words/s
[2019-08-02 20:14:33] Seen 482919 samples
[2019-08-02 20:14:33] Starting epoch 2
[2019-08-02 20:14:33] [data] Shuffling data
[2019-08-02 20:14:33] [data] Done reading 527504 sentences
[2019-08-02 20:14:35] [data] Done shuffling 527504 sentences to temp files
[2019-08-02 20:14:52] Ep. 2 : Up. 4000 : Sen. 6,093 : Cost 84.61777496 : Time 588.46s : 8767.79 words/s
[2019-08-02 20:24:37] Ep. 2 : Up. 6000 : Sen. 251,620 : Cost 69.10449219 : Time 584.86s : 8843.29 words/s
[2019-08-02 20:33:52] Seen 482919 samples
[2019-08-02 20:33:52] Starting epoch 3
[2019-08-02 20:33:52] [data] Shuffling data
[2019-08-02 20:33:53] [data] Done reading 527504 sentences
[2019-08-02 20:33:56] [data] Done shuffling 527504 sentences to temp files
[2019-08-02 20:34:28] Ep. 3 : Up. 8000 : Sen. 12,280 : Cost 61.81468201 : Time 590.51s : 8720.67 words/s
[2019-08-02 20:44:13] Ep. 3 : Up. 10000 : Sen. 256,579 : Cost 55.09702301 : Time 585.62s : 8809.42 words/s
[2019-08-02 20:53:16] Seen 482919 samples
[2019-08-02 20:53:16] Starting epoch 4
[2019-08-02 20:53:16] [data] Shuffling data
[2019-08-02 20:53:16] [data] Done reading 527504 sentences
[2019-08-02 20:53:18] [data] Done shuffling 527504 sentences to temp files
[2019-08-02 20:54:04] Ep. 4 : Up. 12000 : Sen. 18,033 : Cost 52.02661133 : Time 590.66s : 8712.14 words/s
[2019-08-02 21:03:52] Ep. 4 : Up. 14000 : Sen. 263,387 : Cost 48.05641937 : Time 588.67s : 8783.02 words/s
[2019-08-02 21:12:40] Seen 482919 samples
[2019-08-02 21:12:40] Starting epoch 5
[2019-08-02 21:12:40] [data] Shuffling data
[2019-08-02 21:12:41] [data] Done reading 527504 sentences
[2019-08-02 21:12:43] [data] Done shuffling 527504 sentences to temp files
[2019-08-02 21:13:44] Ep. 5 : Up. 16000 : Sen. 24,917 : Cost 46.54437256 : Time 591.85s : 8718.93 words/s
[2019-08-02 21:23:31] Ep. 5 : Up. 18000 : Sen. 269,562 : Cost 43.85803223 : Time 586.72s : 8807.37 words/s
[2019-08-02 21:32:03] Seen 482919 samples
[2019-08-02 21:32:03] Starting epoch 6
[2019-08-02 21:32:03] [data] Shuffling data
[2019-08-02 21:32:03] [data] Done reading 527504 sentences
[2019-08-02 21:32:06] [data] Done shuffling 527504 sentences to temp files
[2019-08-02 21:33:22] Ep. 6 : Up. 20000 : Sen. 31,256 : Cost 42.97303391 : Time 590.46s : 8732.52 words/s
[2019-08-02 21:33:22] Saving model to ../experiments/10M_bicleaner_v1.1_+_ced_0.0_x_bic1.1_x_dcce_w3000/model/model.npz.orig.npz
[2019-08-02 21:33:31] Saving model to ../experiments/10M_bicleaner_v1.1_+_ced_0.0_x_bic1.1_x_dcce_w3000/model/model.iter20000.npz
[2019-08-02 21:33:38] Saving model to ../experiments/10M_bicleaner_v1.1_+_ced_0.0_x_bic1.1_x_dcce_w3000/model/model.npz
[2019-08-02 21:33:48] Saving Adam parameters to ../experiments/10M_bicleaner_v1.1_+_ced_0.0_x_bic1.1_x_dcce_w3000/model/model.npz.optimizer.npz
[2019-08-02 21:34:13] [valid] Ep. 6 : Up. 20000 : cross-entropy : 69.8461 : new best
[2019-08-02 21:34:21] [valid] Ep. 6 : Up. 20000 : perplexity : 15.9204 : new best
[2019-08-02 21:35:30] [valid] Ep. 6 : Up. 20000 : translation : 22.54 : new best
[2019-08-02 21:45:17] Ep. 6 : Up. 22000 : Sen. 275,593 : Cost 41.11890793 : Time 715.57s : 7215.49 words/s
[2019-08-02 21:53:32] Seen 482919 samples
[2019-08-02 21:53:32] Starting epoch 7
[2019-08-02 21:53:32] [data] Shuffling data
[2019-08-02 21:53:32] [data] Done reading 527504 sentences
[2019-08-02 21:53:34] [data] Done shuffling 527504 sentences to temp files
[2019-08-02 21:55:04] Ep. 7 : Up. 24000 : Sen. 36,772 : Cost 40.15790939 : Time 587.09s : 8762.16 words/s
[2019-08-02 22:04:52] Ep. 7 : Up. 26000 : Sen. 281,600 : Cost 38.41728973 : Time 587.80s : 8783.04 words/s
[2019-08-02 22:12:53] Seen 482919 samples
[2019-08-02 22:12:53] Starting epoch 8
[2019-08-02 22:12:53] [data] Shuffling data
[2019-08-02 22:12:54] [data] Done reading 527504 sentences
[2019-08-02 22:12:56] [data] Done shuffling 527504 sentences to temp files
[2019-08-02 22:14:43] Ep. 8 : Up. 28000 : Sen. 43,674 : Cost 38.21828842 : Time 590.65s : 8748.51 words/s
[2019-08-02 22:24:29] Ep. 8 : Up. 30000 : Sen. 288,417 : Cost 36.76505661 : Time 586.47s : 8810.22 words/s
[2019-08-02 22:32:13] Seen 482919 samples
[2019-08-02 22:32:13] Starting epoch 9
[2019-08-02 22:32:13] [data] Shuffling data
[2019-08-02 22:32:14] [data] Done reading 527504 sentences
[2019-08-02 22:32:18] [data] Done shuffling 527504 sentences to temp files
[2019-08-02 22:34:21] Ep. 9 : Up. 32000 : Sen. 50,592 : Cost 36.81346512 : Time 591.62s : 8743.42 words/s
[2019-08-02 22:44:06] Ep. 9 : Up. 34000 : Sen. 295,416 : Cost 35.37674713 : Time 585.24s : 8817.90 words/s
[2019-08-02 22:51:35] Seen 482919 samples
[2019-08-02 22:51:35] Starting epoch 10
[2019-08-02 22:51:35] [data] Shuffling data
[2019-08-02 22:51:36] [data] Done reading 527504 sentences
[2019-08-02 22:51:38] [data] Done shuffling 527504 sentences to temp files
[2019-08-02 22:53:56] Ep. 10 : Up. 36000 : Sen. 57,428 : Cost 35.04265976 : Time 590.38s : 8757.83 words/s
[2019-08-02 23:03:42] Ep. 10 : Up. 38000 : Sen. 302,185 : Cost 33.92760468 : Time 585.69s : 8812.76 words/s
[2019-08-02 23:10:57] Seen 482919 samples
[2019-08-02 23:10:57] Starting epoch 11
[2019-08-02 23:10:57] [data] Shuffling data
[2019-08-02 23:10:57] [data] Done reading 527504 sentences
[2019-08-02 23:10:59] [data] Done shuffling 527504 sentences to temp files
[2019-08-02 23:13:36] Ep. 11 : Up. 40000 : Sen. 65,010 : Cost 33.85281754 : Time 594.25s : 8727.27 words/s
[2019-08-02 23:13:36] Saving model to ../experiments/10M_bicleaner_v1.1_+_ced_0.0_x_bic1.1_x_dcce_w3000/model/model.npz.orig.npz
[2019-08-02 23:13:46] Saving model to ../experiments/10M_bicleaner_v1.1_+_ced_0.0_x_bic1.1_x_dcce_w3000/model/model.iter40000.npz
[2019-08-02 23:13:54] Saving model to ../experiments/10M_bicleaner_v1.1_+_ced_0.0_x_bic1.1_x_dcce_w3000/model/model.npz
[2019-08-02 23:14:03] Saving Adam parameters to ../experiments/10M_bicleaner_v1.1_+_ced_0.0_x_bic1.1_x_dcce_w3000/model/model.npz.optimizer.npz
[2019-08-02 23:14:29] [valid] Ep. 11 : Up. 40000 : cross-entropy : 61.1173 : new best
[2019-08-02 23:14:38] [valid] Ep. 11 : Up. 40000 : perplexity : 11.2653 : new best
[2019-08-02 23:15:48] [valid] Ep. 11 : Up. 40000 : translation : 25.33 : new best
[2019-08-02 23:25:37] Ep. 11 : Up. 42000 : Sen. 310,199 : Cost 32.70446777 : Time 720.47s : 7180.34 words/s
[2019-08-02 23:32:32] Seen 482919 samples
[2019-08-02 23:32:32] Starting epoch 12
[2019-08-02 23:32:32] [data] Shuffling data
[2019-08-02 23:32:32] [data] Done reading 527504 sentences
[2019-08-02 23:32:34] [data] Done shuffling 527504 sentences to temp files
[2019-08-02 23:35:30] Ep. 12 : Up. 44000 : Sen. 71,198 : Cost 32.53386688 : Time 593.33s : 8666.33 words/s
[2019-08-02 23:45:22] Ep. 12 : Up. 46000 : Sen. 316,414 : Cost 32.07208633 : Time 592.09s : 8753.15 words/s
[2019-08-02 23:52:02] Seen 482919 samples
[2019-08-02 23:52:02] Starting epoch 13
[2019-08-02 23:52:02] [data] Shuffling data
[2019-08-02 23:52:03] [data] Done reading 527504 sentences
[2019-08-02 23:52:05] [data] Done shuffling 527504 sentences to temp files
[2019-08-02 23:55:17] Ep. 13 : Up. 48000 : Sen. 78,821 : Cost 31.57983398 : Time 594.55s : 8696.03 words/s
[2019-08-03 00:05:05] Ep. 13 : Up. 50000 : Sen. 322,955 : Cost 31.07292938 : Time 588.07s : 8782.40 words/s
[2019-08-03 00:11:29] Seen 482919 samples
[2019-08-03 00:11:29] Starting epoch 14
[2019-08-03 00:11:29] [data] Shuffling data
[2019-08-03 00:11:29] [data] Done reading 527504 sentences
[2019-08-03 00:11:31] [data] Done shuffling 527504 sentences to temp files
[2019-08-03 00:14:57] Ep. 14 : Up. 52000 : Sen. 85,160 : Cost 30.59559631 : Time 592.17s : 8702.76 words/s
[2019-08-03 00:24:46] Ep. 14 : Up. 54000 : Sen. 330,962 : Cost 30.16335487 : Time 588.72s : 8805.36 words/s
[2019-08-03 00:30:53] Seen 482919 samples
[2019-08-03 00:30:53] Starting epoch 15
[2019-08-03 00:30:53] [data] Shuffling data
[2019-08-03 00:30:54] [data] Done reading 527504 sentences
[2019-08-03 00:30:56] [data] Done shuffling 527504 sentences to temp files
[2019-08-03 00:34:42] Ep. 15 : Up. 56000 : Sen. 92,890 : Cost 29.62867546 : Time 595.88s : 8682.44 words/s
[2019-08-03 00:44:28] Ep. 15 : Up. 58000 : Sen. 337,503 : Cost 29.26441002 : Time 586.27s : 8789.59 words/s
[2019-08-03 00:50:16] Seen 482919 samples
[2019-08-03 00:50:16] Starting epoch 16
[2019-08-03 00:50:16] [data] Shuffling data
[2019-08-03 00:50:16] [data] Done reading 527504 sentences
[2019-08-03 00:50:18] [data] Done shuffling 527504 sentences to temp files
[2019-08-03 00:54:19] Ep. 16 : Up. 60000 : Sen. 99,435 : Cost 29.08686066 : Time 591.37s : 8745.45 words/s
[2019-08-03 00:54:19] Saving model to ../experiments/10M_bicleaner_v1.1_+_ced_0.0_x_bic1.1_x_dcce_w3000/model/model.npz.orig.npz
[2019-08-03 00:54:29] Saving model to ../experiments/10M_bicleaner_v1.1_+_ced_0.0_x_bic1.1_x_dcce_w3000/model/model.iter60000.npz
[2019-08-03 00:54:36] Saving model to ../experiments/10M_bicleaner_v1.1_+_ced_0.0_x_bic1.1_x_dcce_w3000/model/model.npz
[2019-08-03 00:54:46] Saving Adam parameters to ../experiments/10M_bicleaner_v1.1_+_ced_0.0_x_bic1.1_x_dcce_w3000/model/model.npz.optimizer.npz
[2019-08-03 00:55:12] [valid] Ep. 16 : Up. 60000 : cross-entropy : 58.9865 : new best
[2019-08-03 00:55:20] [valid] Ep. 16 : Up. 60000 : perplexity : 10.3532 : new best
[2019-08-03 00:56:30] [valid] Ep. 16 : Up. 60000 : translation : 26.14 : new best
[2019-08-03 01:06:20] Ep. 16 : Up. 62000 : Sen. 343,792 : Cost 28.89709091 : Time 720.35s : 7166.92 words/s
[2019-08-03 01:11:53] Seen 482919 samples
[2019-08-03 01:11:53] Starting epoch 17
[2019-08-03 01:11:53] [data] Shuffling data
[2019-08-03 01:11:53] [data] Done reading 527504 sentences
[2019-08-03 01:11:56] [data] Done shuffling 527504 sentences to temp files
[2019-08-03 01:16:12] Ep. 17 : Up. 64000 : Sen. 105,338 : Cost 28.11232948 : Time 592.59s : 8699.97 words/s
[2019-08-03 01:25:59] Ep. 17 : Up. 66000 : Sen. 350,167 : Cost 27.93433380 : Time 586.42s : 8809.62 words/s
[2019-08-03 01:31:19] Seen 482919 samples
[2019-08-03 01:31:19] Starting epoch 18
[2019-08-03 01:31:19] [data] Shuffling data
[2019-08-03 01:31:19] [data] Done reading 527504 sentences
[2019-08-03 01:31:21] [data] Done shuffling 527504 sentences to temp files
[2019-08-03 01:35:52] Ep. 18 : Up. 68000 : Sen. 111,623 : Cost 27.72906303 : Time 593.76s : 8689.65 words/s
[2019-08-03 01:45:38] Ep. 18 : Up. 70000 : Sen. 356,255 : Cost 27.49590874 : Time 586.13s : 8806.37 words/s
[2019-08-03 01:50:44] Seen 482919 samples
[2019-08-03 01:50:44] Starting epoch 19
[2019-08-03 01:50:44] [data] Shuffling data
[2019-08-03 01:50:44] [data] Done reading 527504 sentences
[2019-08-03 01:50:46] [data] Done shuffling 527504 sentences to temp files
[2019-08-03 01:55:36] Ep. 19 : Up. 72000 : Sen. 118,935 : Cost 27.01194954 : Time 597.11s : 8664.68 words/s
[2019-08-03 02:05:21] Ep. 19 : Up. 74000 : Sen. 363,805 : Cost 26.88001442 : Time 585.14s : 8813.78 words/s
[2019-08-03 02:10:09] Seen 482919 samples
[2019-08-03 02:10:09] Starting epoch 20
[2019-08-03 02:10:09] [data] Shuffling data
[2019-08-03 02:10:09] [data] Done reading 527504 sentences
[2019-08-03 02:10:11] [data] Done shuffling 527504 sentences to temp files
[2019-08-03 02:15:12] Ep. 20 : Up. 76000 : Sen. 124,792 : Cost 26.53816414 : Time 591.36s : 8724.82 words/s
[2019-08-03 02:25:02] Ep. 20 : Up. 78000 : Sen. 369,721 : Cost 26.32064629 : Time 589.99s : 8749.51 words/s
[2019-08-03 02:29:34] Seen 482919 samples
[2019-08-03 02:29:34] Starting epoch 21
[2019-08-03 02:29:34] [data] Shuffling data
[2019-08-03 02:29:35] [data] Done reading 527504 sentences
[2019-08-03 02:29:37] [data] Done shuffling 527504 sentences to temp files
[2019-08-03 02:34:55] Ep. 21 : Up. 80000 : Sen. 131,606 : Cost 25.93957329 : Time 592.58s : 8721.07 words/s
[2019-08-03 02:34:55] Saving model to ../experiments/10M_bicleaner_v1.1_+_ced_0.0_x_bic1.1_x_dcce_w3000/model/model.npz.orig.npz
[2019-08-03 02:35:04] Saving model to ../experiments/10M_bicleaner_v1.1_+_ced_0.0_x_bic1.1_x_dcce_w3000/model/model.iter80000.npz
[2019-08-03 02:35:11] Saving model to ../experiments/10M_bicleaner_v1.1_+_ced_0.0_x_bic1.1_x_dcce_w3000/model/model.npz
[2019-08-03 02:35:22] Saving Adam parameters to ../experiments/10M_bicleaner_v1.1_+_ced_0.0_x_bic1.1_x_dcce_w3000/model/model.npz.optimizer.npz
[2019-08-03 02:35:47] [valid] Ep. 21 : Up. 80000 : cross-entropy : 58.8246 : new best
[2019-08-03 02:35:55] [valid] Ep. 21 : Up. 80000 : perplexity : 10.287 : new best
[2019-08-03 02:37:02] [valid] Ep. 21 : Up. 80000 : translation : 26.49 : new best
[2019-08-03 02:46:47] Ep. 21 : Up. 82000 : Sen. 376,498 : Cost 25.88639450 : Time 712.14s : 7239.42 words/s
[2019-08-03 02:51:04] Seen 482919 samples
[2019-08-03 02:51:04] Starting epoch 22
[2019-08-03 02:51:04] [data] Shuffling data
[2019-08-03 02:51:05] [data] Done reading 527504 sentences
[2019-08-03 02:51:07] [data] Done shuffling 527504 sentences to temp files
[2019-08-03 02:56:39] Ep. 22 : Up. 84000 : Sen. 138,014 : Cost 25.45605659 : Time 591.78s : 8701.59 words/s
[2019-08-03 03:06:24] Ep. 22 : Up. 86000 : Sen. 382,708 : Cost 25.35492325 : Time 585.10s : 8851.08 words/s
[2019-08-03 03:10:25] Seen 482919 samples
[2019-08-03 03:10:25] Starting epoch 23
[2019-08-03 03:10:25] [data] Shuffling data
[2019-08-03 03:10:25] [data] Done reading 527504 sentences
[2019-08-03 03:10:27] [data] Done shuffling 527504 sentences to temp files
[2019-08-03 03:16:14] Ep. 23 : Up. 88000 : Sen. 144,111 : Cost 25.15078163 : Time 590.35s : 8736.63 words/s
[2019-08-03 03:26:02] Ep. 23 : Up. 90000 : Sen. 388,523 : Cost 24.91250420 : Time 588.40s : 8771.20 words/s
[2019-08-03 03:29:47] Seen 482919 samples
[2019-08-03 03:29:47] Starting epoch 24
[2019-08-03 03:29:47] [data] Shuffling data
[2019-08-03 03:29:48] [data] Done reading 527504 sentences
[2019-08-03 03:29:50] [data] Done shuffling 527504 sentences to temp files
[2019-08-03 03:35:51] Ep. 24 : Up. 92000 : Sen. 149,761 : Cost 24.43825722 : Time 589.01s : 8728.56 words/s
[2019-08-03 03:45:38] Ep. 24 : Up. 94000 : Sen. 394,245 : Cost 24.72432899 : Time 586.71s : 8807.42 words/s
[2019-08-03 03:49:09] Seen 482919 samples
[2019-08-03 03:49:09] Starting epoch 25
[2019-08-03 03:49:09] [data] Shuffling data
[2019-08-03 03:49:10] [data] Done reading 527504 sentences
[2019-08-03 03:49:12] [data] Done shuffling 527504 sentences to temp files
[2019-08-03 03:55:30] Ep. 25 : Up. 96000 : Sen. 157,484 : Cost 24.24040985 : Time 592.08s : 8764.39 words/s
[2019-08-03 04:05:15] Ep. 25 : Up. 98000 : Sen. 401,472 : Cost 24.03627396 : Time 584.32s : 8807.98 words/s
[2019-08-03 04:08:29] Seen 482919 samples
[2019-08-03 04:08:29] Starting epoch 26
[2019-08-03 04:08:29] [data] Shuffling data
[2019-08-03 04:08:30] [data] Done reading 527504 sentences
[2019-08-03 04:08:32] [data] Done shuffling 527504 sentences to temp files
[2019-08-03 04:15:08] Ep. 26 : Up. 100000 : Sen. 164,410 : Cost 23.64794922 : Time 593.89s : 8733.83 words/s
[2019-08-03 04:15:08] Saving model to ../experiments/10M_bicleaner_v1.1_+_ced_0.0_x_bic1.1_x_dcce_w3000/model/model.npz.orig.npz
[2019-08-03 04:15:20] Saving model to ../experiments/10M_bicleaner_v1.1_+_ced_0.0_x_bic1.1_x_dcce_w3000/model/model.iter100000.npz
[2019-08-03 04:15:27] Saving model to ../experiments/10M_bicleaner_v1.1_+_ced_0.0_x_bic1.1_x_dcce_w3000/model/model.npz
[2019-08-03 04:15:37] Saving Adam parameters to ../experiments/10M_bicleaner_v1.1_+_ced_0.0_x_bic1.1_x_dcce_w3000/model/model.npz.optimizer.npz
[2019-08-03 04:16:11] [valid] Ep. 26 : Up. 100000 : cross-entropy : 59.5448 : stalled 1 times (last best: 58.8246)
[2019-08-03 04:16:19] [valid] Ep. 26 : Up. 100000 : perplexity : 10.5848 : stalled 1 times (last best: 10.287)
[2019-08-03 04:17:25] [valid] Ep. 26 : Up. 100000 : translation : 26.56 : new best
[2019-08-03 04:27:09] Ep. 26 : Up. 102000 : Sen. 408,810 : Cost 23.88212395 : Time 720.77s : 7152.57 words/s
[2019-08-03 04:30:04] Seen 482919 samples
[2019-08-03 04:30:04] Starting epoch 27
[2019-08-03 04:30:04] [data] Shuffling data
[2019-08-03 04:30:04] [data] Done reading 527504 sentences
[2019-08-03 04:30:06] [data] Done shuffling 527504 sentences to temp files
[2019-08-03 04:36:55] Ep. 27 : Up. 104000 : Sen. 171,119 : Cost 23.27929306 : Time 585.58s : 8832.74 words/s
[2019-08-03 04:46:35] Ep. 27 : Up. 106000 : Sen. 415,664 : Cost 23.46269608 : Time 579.77s : 8896.25 words/s
[2019-08-03 04:49:15] Seen 482919 samples
[2019-08-03 04:49:15] Starting epoch 28
[2019-08-03 04:49:15] [data] Shuffling data
[2019-08-03 04:49:15] [data] Done reading 527504 sentences
[2019-08-03 04:49:17] [data] Done shuffling 527504 sentences to temp files
[2019-08-03 04:56:25] Ep. 28 : Up. 108000 : Sen. 178,344 : Cost 22.88231087 : Time 590.16s : 8773.21 words/s
[2019-08-03 05:06:06] Ep. 28 : Up. 110000 : Sen. 423,015 : Cost 23.24984932 : Time 580.99s : 8903.35 words/s
[2019-08-03 05:08:28] Seen 482919 samples
[2019-08-03 05:08:28] Starting epoch 29
[2019-08-03 05:08:28] [data] Shuffling data
[2019-08-03 05:08:29] [data] Done reading 527504 sentences
[2019-08-03 05:08:31] [data] Done shuffling 527504 sentences to temp files
[2019-08-03 05:15:52] Ep. 29 : Up. 112000 : Sen. 184,728 : Cost 22.55211067 : Time 586.10s : 8803.82 words/s
[2019-08-03 05:25:37] Ep. 29 : Up. 114000 : Sen. 429,349 : Cost 22.78600311 : Time 584.89s : 8819.86 words/s
[2019-08-03 05:27:44] Seen 482919 samples
[2019-08-03 05:27:44] Starting epoch 30
[2019-08-03 05:27:44] [data] Shuffling data
[2019-08-03 05:27:45] [data] Done reading 527504 sentences
[2019-08-03 05:27:47] [data] Done shuffling 527504 sentences to temp files
[2019-08-03 05:35:22] Ep. 30 : Up. 116000 : Sen. 190,628 : Cost 22.45178795 : Time 585.35s : 8812.07 words/s
[2019-08-03 05:45:09] Ep. 30 : Up. 118000 : Sen. 436,206 : Cost 22.66273117 : Time 586.53s : 8827.75 words/s
[2019-08-03 05:47:00] Seen 482919 samples
[2019-08-03 05:47:00] Starting epoch 31
[2019-08-03 05:47:00] [data] Shuffling data
[2019-08-03 05:47:00] [data] Done reading 527504 sentences
[2019-08-03 05:47:02] [data] Done shuffling 527504 sentences to temp files
[2019-08-03 05:54:56] Ep. 31 : Up. 120000 : Sen. 198,400 : Cost 22.16993904 : Time 587.60s : 8807.84 words/s
[2019-08-03 05:54:56] Saving model to ../experiments/10M_bicleaner_v1.1_+_ced_0.0_x_bic1.1_x_dcce_w3000/model/model.npz.orig.npz
[2019-08-03 05:55:06] Saving model to ../experiments/10M_bicleaner_v1.1_+_ced_0.0_x_bic1.1_x_dcce_w3000/model/model.iter120000.npz
[2019-08-03 05:55:13] Saving model to ../experiments/10M_bicleaner_v1.1_+_ced_0.0_x_bic1.1_x_dcce_w3000/model/model.npz
[2019-08-03 05:55:23] Saving Adam parameters to ../experiments/10M_bicleaner_v1.1_+_ced_0.0_x_bic1.1_x_dcce_w3000/model/model.npz.optimizer.npz
[2019-08-03 05:55:49] [valid] Ep. 31 : Up. 120000 : cross-entropy : 60.8572 : stalled 2 times (last best: 58.8246)
[2019-08-03 05:55:57] [valid] Ep. 31 : Up. 120000 : perplexity : 11.1498 : stalled 2 times (last best: 10.287)
[2019-08-03 05:57:06] [valid] Ep. 31 : Up. 120000 : translation : 26.44 : stalled 1 times (last best: 26.56)
[2019-08-03 06:06:51] Ep. 31 : Up. 122000 : Sen. 443,037 : Cost 22.23630524 : Time 714.70s : 7222.65 words/s
[2019-08-03 06:08:25] Seen 482919 samples
[2019-08-03 06:08:25] Starting epoch 32
[2019-08-03 06:08:25] [data] Shuffling data
[2019-08-03 06:08:26] [data] Done reading 527504 sentences
[2019-08-03 06:08:28] [data] Done shuffling 527504 sentences to temp files
[2019-08-03 06:16:37] Ep. 32 : Up. 124000 : Sen. 204,431 : Cost 21.79356003 : Time 586.16s : 8778.84 words/s
[2019-08-03 06:26:20] Ep. 32 : Up. 126000 : Sen. 449,370 : Cost 22.04299164 : Time 583.01s : 8873.36 words/s
[2019-08-03 06:27:40] Seen 482919 samples
[2019-08-03 06:27:40] Starting epoch 33
[2019-08-03 06:27:40] [data] Shuffling data
[2019-08-03 06:27:40] [data] Done reading 527504 sentences
[2019-08-03 06:27:42] [data] Done shuffling 527504 sentences to temp files
[2019-08-03 06:36:06] Ep. 33 : Up. 128000 : Sen. 211,501 : Cost 21.11431503 : Time 585.96s : 8808.48 words/s
[2019-08-03 06:45:48] Ep. 33 : Up. 130000 : Sen. 456,064 : Cost 21.71957588 : Time 582.20s : 8871.98 words/s
[2019-08-03 06:46:53] Seen 482919 samples
[2019-08-03 06:46:53] Starting epoch 34
[2019-08-03 06:46:53] [data] Shuffling data
[2019-08-03 06:46:53] [data] Done reading 527504 sentences
[2019-08-03 06:46:55] [data] Done shuffling 527504 sentences to temp files
[2019-08-03 06:55:35] Ep. 34 : Up. 132000 : Sen. 217,813 : Cost 20.90139198 : Time 586.66s : 8797.95 words/s
[2019-08-03 07:05:16] Ep. 34 : Up. 134000 : Sen. 463,001 : Cost 21.26983452 : Time 581.51s : 8895.67 words/s
[2019-08-03 07:06:04] Seen 482919 samples
[2019-08-03 07:06:04] Starting epoch 35
[2019-08-03 07:06:04] [data] Shuffling data
[2019-08-03 07:06:04] [data] Done reading 527504 sentences
[2019-08-03 07:06:06] [data] Done shuffling 527504 sentences to temp files
[2019-08-03 07:15:04] Ep. 35 : Up. 136000 : Sen. 224,746 : Cost 20.80694962 : Time 587.69s : 8798.77 words/s
[2019-08-03 07:24:43] Ep. 35 : Up. 138000 : Sen. 468,902 : Cost 21.38030624 : Time 578.98s : 8881.67 words/s
[2019-08-03 07:25:17] Seen 482919 samples
[2019-08-03 07:25:17] Starting epoch 36
[2019-08-03 07:25:17] [data] Shuffling data
[2019-08-03 07:25:18] [data] Done reading 527504 sentences
[2019-08-03 07:25:21] [data] Done shuffling 527504 sentences to temp files
[2019-08-03 07:34:30] Ep. 36 : Up. 140000 : Sen. 230,400 : Cost 20.46754837 : Time 586.64s : 8790.39 words/s
[2019-08-03 07:34:30] Saving model to ../experiments/10M_bicleaner_v1.1_+_ced_0.0_x_bic1.1_x_dcce_w3000/model/model.npz.orig.npz
[2019-08-03 07:34:39] Saving model to ../experiments/10M_bicleaner_v1.1_+_ced_0.0_x_bic1.1_x_dcce_w3000/model/model.iter140000.npz
[2019-08-03 07:34:47] Saving model to ../experiments/10M_bicleaner_v1.1_+_ced_0.0_x_bic1.1_x_dcce_w3000/model/model.npz
[2019-08-03 07:34:57] Saving Adam parameters to ../experiments/10M_bicleaner_v1.1_+_ced_0.0_x_bic1.1_x_dcce_w3000/model/model.npz.optimizer.npz
[2019-08-03 07:35:23] [valid] Ep. 36 : Up. 140000 : cross-entropy : 62.2583 : stalled 3 times (last best: 58.8246)
[2019-08-03 07:35:31] [valid] Ep. 36 : Up. 140000 : perplexity : 11.7863 : stalled 3 times (last best: 10.287)
[2019-08-03 07:36:37] [valid] Ep. 36 : Up. 140000 : translation : 26.46 : stalled 2 times (last best: 26.56)
[2019-08-03 07:46:16] Ep. 36 : Up. 142000 : Sen. 473,993 : Cost 21.06721497 : Time 706.10s : 7281.34 words/s
[2019-08-03 07:46:37] Seen 482919 samples
[2019-08-03 07:46:37] Starting epoch 37
[2019-08-03 07:46:37] [data] Shuffling data
[2019-08-03 07:46:38] [data] Done reading 527504 sentences
[2019-08-03 07:46:40] [data] Done shuffling 527504 sentences to temp files
[2019-08-03 07:56:03] Ep. 37 : Up. 144000 : Sen. 235,482 : Cost 20.32265854 : Time 586.93s : 8781.51 words/s
[2019-08-03 08:05:48] Ep. 37 : Up. 146000 : Sen. 480,234 : Cost 20.81870842 : Time 584.83s : 8836.66 words/s
[2019-08-03 08:05:54] Seen 482919 samples
[2019-08-03 08:05:54] Starting epoch 38
[2019-08-03 08:05:54] [data] Shuffling data
[2019-08-03 08:05:54] [data] Done reading 527504 sentences
[2019-08-03 08:05:56] [data] Done shuffling 527504 sentences to temp files
[2019-08-03 08:15:36] Ep. 38 : Up. 148000 : Sen. 242,885 : Cost 19.85462761 : Time 588.15s : 8794.30 words/s
[2019-08-03 08:25:08] Seen 482919 samples
[2019-08-03 08:25:08] Starting epoch 39
[2019-08-03 08:25:08] [data] Shuffling data
[2019-08-03 08:25:09] [data] Done reading 527504 sentences
[2019-08-03 08:25:12] [data] Done shuffling 527504 sentences to temp files
[2019-08-03 08:25:23] Ep. 39 : Up. 150000 : Sen. 3,579 : Cost 20.42868996 : Time 587.38s : 8769.41 words/s
[2019-08-03 08:35:05] Ep. 39 : Up. 152000 : Sen. 249,096 : Cost 19.72151184 : Time 581.76s : 8894.06 words/s
[2019-08-03 08:44:20] Seen 482919 samples
[2019-08-03 08:44:20] Starting epoch 40
[2019-08-03 08:44:20] [data] Shuffling data
[2019-08-03 08:44:20] [data] Done reading 527504 sentences
[2019-08-03 08:44:22] [data] Done shuffling 527504 sentences to temp files
[2019-08-03 08:44:50] Ep. 40 : Up. 154000 : Sen. 10,709 : Cost 20.24499702 : Time 584.69s : 8821.81 words/s
[2019-08-03 08:54:33] Ep. 40 : Up. 156000 : Sen. 255,086 : Cost 19.54753113 : Time 583.17s : 8850.55 words/s
[2019-08-03 09:03:35] Seen 482919 samples
[2019-08-03 09:03:35] Starting epoch 41
[2019-08-03 09:03:35] [data] Shuffling data
[2019-08-03 09:03:35] [data] Done reading 527504 sentences
[2019-08-03 09:03:38] [data] Done shuffling 527504 sentences to temp files
[2019-08-03 09:04:19] Ep. 41 : Up. 158000 : Sen. 17,233 : Cost 19.82356071 : Time 586.76s : 8789.90 words/s
[2019-08-03 09:14:02] Ep. 41 : Up. 160000 : Sen. 262,400 : Cost 19.46233559 : Time 582.70s : 8891.41 words/s
[2019-08-03 09:14:02] Saving model to ../experiments/10M_bicleaner_v1.1_+_ced_0.0_x_bic1.1_x_dcce_w3000/model/model.npz.orig.npz
[2019-08-03 09:14:11] Saving model to ../experiments/10M_bicleaner_v1.1_+_ced_0.0_x_bic1.1_x_dcce_w3000/model/model.iter160000.npz
[2019-08-03 09:14:19] Saving model to ../experiments/10M_bicleaner_v1.1_+_ced_0.0_x_bic1.1_x_dcce_w3000/model/model.npz
[2019-08-03 09:14:28] Saving Adam parameters to ../experiments/10M_bicleaner_v1.1_+_ced_0.0_x_bic1.1_x_dcce_w3000/model/model.npz.optimizer.npz
[2019-08-03 09:14:56] [valid] Ep. 41 : Up. 160000 : cross-entropy : 63.6661 : stalled 4 times (last best: 58.8246)
[2019-08-03 09:15:04] [valid] Ep. 41 : Up. 160000 : perplexity : 12.4624 : stalled 4 times (last best: 10.287)
[2019-08-03 09:16:09] [valid] Ep. 41 : Up. 160000 : translation : 26.25 : stalled 3 times (last best: 26.56)
[2019-08-03 09:24:52] Seen 482919 samples
[2019-08-03 09:24:52] Starting epoch 42
[2019-08-03 09:24:52] [data] Shuffling data
[2019-08-03 09:24:52] [data] Done reading 527504 sentences
[2019-08-03 09:24:54] [data] Done shuffling 527504 sentences to temp files
[2019-08-03 09:25:54] Ep. 42 : Up. 162000 : Sen. 24,731 : Cost 19.86531639 : Time 711.98s : 7258.52 words/s
[2019-08-03 09:35:35] Ep. 42 : Up. 164000 : Sen. 268,493 : Cost 19.39196587 : Time 581.12s : 8863.15 words/s
[2019-08-03 09:44:07] Seen 482919 samples
[2019-08-03 09:44:07] Starting epoch 43
[2019-08-03 09:44:07] [data] Shuffling data
[2019-08-03 09:44:07] [data] Done reading 527504 sentences
[2019-08-03 09:44:09] [data] Done shuffling 527504 sentences to temp files
[2019-08-03 09:45:25] Ep. 43 : Up. 166000 : Sen. 30,117 : Cost 19.39788055 : Time 589.24s : 8754.12 words/s
[2019-08-03 09:55:06] Ep. 43 : Up. 168000 : Sen. 274,897 : Cost 19.03643608 : Time 581.59s : 8877.72 words/s
[2019-08-03 10:03:21] Seen 482919 samples
[2019-08-03 10:03:21] Starting epoch 44
[2019-08-03 10:03:21] [data] Shuffling data
[2019-08-03 10:03:22] [data] Done reading 527504 sentences
[2019-08-03 10:03:24] [data] Done shuffling 527504 sentences to temp files
[2019-08-03 10:04:53] Ep. 44 : Up. 170000 : Sen. 36,683 : Cost 19.38169479 : Time 586.85s : 8803.65 words/s
[2019-08-03 10:14:34] Ep. 44 : Up. 172000 : Sen. 281,174 : Cost 18.71455765 : Time 580.67s : 8871.78 words/s
[2019-08-03 10:22:35] Seen 482919 samples
[2019-08-03 10:22:35] Starting epoch 45
[2019-08-03 10:22:35] [data] Shuffling data
[2019-08-03 10:22:35] [data] Done reading 527504 sentences
[2019-08-03 10:22:37] [data] Done shuffling 527504 sentences to temp files
[2019-08-03 10:24:20] Ep. 45 : Up. 174000 : Sen. 42,447 : Cost 19.12957191 : Time 585.88s : 8798.84 words/s
[2019-08-03 10:34:03] Ep. 45 : Up. 176000 : Sen. 287,865 : Cost 18.59252930 : Time 583.73s : 8874.23 words/s
[2019-08-03 10:41:46] Seen 482919 samples
[2019-08-03 10:41:46] Starting epoch 46
[2019-08-03 10:41:46] [data] Shuffling data
[2019-08-03 10:41:46] [data] Done reading 527504 sentences
[2019-08-03 10:41:48] [data] Done shuffling 527504 sentences to temp files
[2019-08-03 10:43:47] Ep. 46 : Up. 178000 : Sen. 49,816 : Cost 18.80229568 : Time 583.43s : 8833.30 words/s
[2019-08-03 10:53:28] Ep. 46 : Up. 180000 : Sen. 293,811 : Cost 18.75761986 : Time 580.99s : 8877.82 words/s
[2019-08-03 10:53:28] Saving model to ../experiments/10M_bicleaner_v1.1_+_ced_0.0_x_bic1.1_x_dcce_w3000/model/model.npz.orig.npz
[2019-08-03 10:53:38] Saving model to ../experiments/10M_bicleaner_v1.1_+_ced_0.0_x_bic1.1_x_dcce_w3000/model/model.iter180000.npz
[2019-08-03 10:53:47] Saving model to ../experiments/10M_bicleaner_v1.1_+_ced_0.0_x_bic1.1_x_dcce_w3000/model/model.npz
[2019-08-03 10:53:57] Saving Adam parameters to ../experiments/10M_bicleaner_v1.1_+_ced_0.0_x_bic1.1_x_dcce_w3000/model/model.npz.optimizer.npz
[2019-08-03 10:54:23] [valid] Ep. 46 : Up. 180000 : cross-entropy : 65.17 : stalled 5 times (last best: 58.8246)
[2019-08-03 10:54:31] [valid] Ep. 46 : Up. 180000 : perplexity : 13.2277 : stalled 5 times (last best: 10.287)
[2019-08-03 10:55:42] [valid] Ep. 46 : Up. 180000 : translation : 26.05 : stalled 4 times (last best: 26.56)
[2019-08-03 10:55:44] Training finished
[2019-08-03 10:55:48] Saving model to ../experiments/10M_bicleaner_v1.1_+_ced_0.0_x_bic1.1_x_dcce_w3000/model/model.npz.orig.npz
[2019-08-03 10:55:57] Saving model to ../experiments/10M_bicleaner_v1.1_+_ced_0.0_x_bic1.1_x_dcce_w3000/model/model.npz
[2019-08-03 10:56:08] Saving Adam parameters to ../experiments/10M_bicleaner_v1.1_+_ced_0.0_x_bic1.1_x_dcce_w3000/model/model.npz.optimizer.npz
