[2019-07-26 23:26:25] [marian] Marian v1.7.8 ec2d66e 2019-05-27 14:52:11 +0100
[2019-07-26 23:26:25] [marian] Running on bil as process 50149 with command line:
[2019-07-26 23:26:25] [marian] /fs/bil0/abdel/marian-dev/build/marian --sync-sgd --model ../experiments/10M_fasttext_prob_x_len_+_bic1.1_x_dcce_x_ced_0.25_w3000/model/model.npz -T . --devices 6 --train-sets ../experiments/10M_fasttext_prob_x_len_+_bic1.1_x_dcce_x_ced_0.25_w3000/data/train.bpe.de ../experiments/10M_fasttext_prob_x_len_+_bic1.1_x_dcce_x_ced_0.25_w3000/data/train.bpe.en --vocabs ../experiments/10M_fasttext_prob_x_len_+_bic1.1_x_dcce_x_ced_0.25_w3000/data/train.bpe.de.json ../experiments/10M_fasttext_prob_x_len_+_bic1.1_x_dcce_x_ced_0.25_w3000/data/train.bpe.en.json --mini-batch-fit -w 3000 --dim-vocabs 50000 50000 --layer-normalization --dropout-rnn 0.2 --dropout-src 0.1 --dropout-trg 0.1 --learn-rate 0.0001 --after-epochs 0 --early-stopping 5 --valid-freq 20000 --save-freq 20000 --disp-freq 2000 --valid-mini-batch 8 --valid-sets ../experiments/10M_fasttext_prob_x_len_+_bic1.1_x_dcce_x_ced_0.25_w3000/data/dev.bpe.de ../experiments/10M_fasttext_prob_x_len_+_bic1.1_x_dcce_x_ced_0.25_w3000/data/dev.bpe.en --valid-metrics cross-entropy perplexity translation --valid-translation-output ../experiments/10M_fasttext_prob_x_len_+_bic1.1_x_dcce_x_ced_0.25_w3000/model/dev.out --valid-script-path ../experiments/10M_fasttext_prob_x_len_+_bic1.1_x_dcce_x_ced_0.25_w3000/score-dev.sh --seed 1111 --exponential-smoothing --normalize=1 --beam-size=12 --quiet-translation --log ../experiments/10M_fasttext_prob_x_len_+_bic1.1_x_dcce_x_ced_0.25_w3000/model/train.log --valid-log ../experiments/10M_fasttext_prob_x_len_+_bic1.1_x_dcce_x_ced_0.25_w3000/model/valid.log
[2019-07-26 23:26:25] [config] after-batches: 0
[2019-07-26 23:26:25] [config] after-epochs: 0
[2019-07-26 23:26:25] [config] allow-unk: false
[2019-07-26 23:26:25] [config] beam-size: 12
[2019-07-26 23:26:25] [config] bert-class-symbol: "[CLS]"
[2019-07-26 23:26:25] [config] bert-mask-symbol: "[MASK]"
[2019-07-26 23:26:25] [config] bert-masking-fraction: 0.15
[2019-07-26 23:26:25] [config] bert-sep-symbol: "[SEP]"
[2019-07-26 23:26:25] [config] bert-train-type-embeddings: true
[2019-07-26 23:26:25] [config] bert-type-vocab-size: 2
[2019-07-26 23:26:25] [config] best-deep: false
[2019-07-26 23:26:25] [config] clip-gemm: 0
[2019-07-26 23:26:25] [config] clip-norm: 1
[2019-07-26 23:26:25] [config] cost-type: ce-mean
[2019-07-26 23:26:25] [config] cpu-threads: 0
[2019-07-26 23:26:25] [config] data-weighting: ""
[2019-07-26 23:26:25] [config] data-weighting-type: sentence
[2019-07-26 23:26:25] [config] dec-cell: gru
[2019-07-26 23:26:25] [config] dec-cell-base-depth: 2
[2019-07-26 23:26:25] [config] dec-cell-high-depth: 1
[2019-07-26 23:26:25] [config] dec-depth: 1
[2019-07-26 23:26:25] [config] devices:
[2019-07-26 23:26:25] [config]   - 6
[2019-07-26 23:26:25] [config] dim-emb: 512
[2019-07-26 23:26:25] [config] dim-rnn: 1024
[2019-07-26 23:26:25] [config] dim-vocabs:
[2019-07-26 23:26:25] [config]   - 50000
[2019-07-26 23:26:25] [config]   - 50000
[2019-07-26 23:26:25] [config] disp-first: 0
[2019-07-26 23:26:25] [config] disp-freq: 2000
[2019-07-26 23:26:25] [config] disp-label-counts: false
[2019-07-26 23:26:25] [config] dropout-rnn: 0.2
[2019-07-26 23:26:25] [config] dropout-src: 0.1
[2019-07-26 23:26:25] [config] dropout-trg: 0.1
[2019-07-26 23:26:25] [config] dump-config: ""
[2019-07-26 23:26:25] [config] early-stopping: 5
[2019-07-26 23:26:25] [config] embedding-fix-src: false
[2019-07-26 23:26:25] [config] embedding-fix-trg: false
[2019-07-26 23:26:25] [config] embedding-normalization: false
[2019-07-26 23:26:25] [config] embedding-vectors:
[2019-07-26 23:26:25] [config]   []
[2019-07-26 23:26:25] [config] enc-cell: gru
[2019-07-26 23:26:25] [config] enc-cell-depth: 1
[2019-07-26 23:26:25] [config] enc-depth: 1
[2019-07-26 23:26:25] [config] enc-type: bidirectional
[2019-07-26 23:26:25] [config] exponential-smoothing: 0.0001
[2019-07-26 23:26:25] [config] grad-dropping-momentum: 0
[2019-07-26 23:26:25] [config] grad-dropping-rate: 0
[2019-07-26 23:26:25] [config] grad-dropping-warmup: 100
[2019-07-26 23:26:25] [config] guided-alignment: none
[2019-07-26 23:26:25] [config] guided-alignment-cost: mse
[2019-07-26 23:26:25] [config] guided-alignment-weight: 0.1
[2019-07-26 23:26:25] [config] ignore-model-config: false
[2019-07-26 23:26:25] [config] input-types:
[2019-07-26 23:26:25] [config]   []
[2019-07-26 23:26:25] [config] interpolate-env-vars: false
[2019-07-26 23:26:25] [config] keep-best: false
[2019-07-26 23:26:25] [config] label-smoothing: 0
[2019-07-26 23:26:25] [config] layer-normalization: true
[2019-07-26 23:26:25] [config] learn-rate: 0.0001
[2019-07-26 23:26:25] [config] log: ../experiments/10M_fasttext_prob_x_len_+_bic1.1_x_dcce_x_ced_0.25_w3000/model/train.log
[2019-07-26 23:26:25] [config] log-level: info
[2019-07-26 23:26:25] [config] log-time-zone: ""
[2019-07-26 23:26:25] [config] lr-decay: 0
[2019-07-26 23:26:25] [config] lr-decay-freq: 50000
[2019-07-26 23:26:25] [config] lr-decay-inv-sqrt:
[2019-07-26 23:26:25] [config]   - 0
[2019-07-26 23:26:25] [config] lr-decay-repeat-warmup: false
[2019-07-26 23:26:25] [config] lr-decay-reset-optimizer: false
[2019-07-26 23:26:25] [config] lr-decay-start:
[2019-07-26 23:26:25] [config]   - 10
[2019-07-26 23:26:25] [config]   - 1
[2019-07-26 23:26:25] [config] lr-decay-strategy: epoch+stalled
[2019-07-26 23:26:25] [config] lr-report: false
[2019-07-26 23:26:25] [config] lr-warmup: 0
[2019-07-26 23:26:25] [config] lr-warmup-at-reload: false
[2019-07-26 23:26:25] [config] lr-warmup-cycle: false
[2019-07-26 23:26:25] [config] lr-warmup-start-rate: 0
[2019-07-26 23:26:25] [config] max-length: 50
[2019-07-26 23:26:25] [config] max-length-crop: false
[2019-07-26 23:26:25] [config] max-length-factor: 3
[2019-07-26 23:26:25] [config] maxi-batch: 100
[2019-07-26 23:26:25] [config] maxi-batch-sort: trg
[2019-07-26 23:26:25] [config] mini-batch: 64
[2019-07-26 23:26:25] [config] mini-batch-fit: true
[2019-07-26 23:26:25] [config] mini-batch-fit-step: 10
[2019-07-26 23:26:25] [config] mini-batch-overstuff: 1
[2019-07-26 23:26:25] [config] mini-batch-track-lr: false
[2019-07-26 23:26:25] [config] mini-batch-understuff: 1
[2019-07-26 23:26:25] [config] mini-batch-warmup: 0
[2019-07-26 23:26:25] [config] mini-batch-words: 0
[2019-07-26 23:26:25] [config] mini-batch-words-ref: 0
[2019-07-26 23:26:25] [config] model: ../experiments/10M_fasttext_prob_x_len_+_bic1.1_x_dcce_x_ced_0.25_w3000/model/model.npz
[2019-07-26 23:26:25] [config] multi-loss-type: sum
[2019-07-26 23:26:25] [config] multi-node: false
[2019-07-26 23:26:25] [config] multi-node-overlap: true
[2019-07-26 23:26:25] [config] n-best: false
[2019-07-26 23:26:25] [config] no-nccl: false
[2019-07-26 23:26:25] [config] no-reload: false
[2019-07-26 23:26:25] [config] no-restore-corpus: false
[2019-07-26 23:26:25] [config] no-shuffle: false
[2019-07-26 23:26:25] [config] normalize: 1
[2019-07-26 23:26:25] [config] num-devices: 0
[2019-07-26 23:26:25] [config] optimizer: adam
[2019-07-26 23:26:25] [config] optimizer-delay: 1
[2019-07-26 23:26:25] [config] optimizer-params:
[2019-07-26 23:26:25] [config]   []
[2019-07-26 23:26:25] [config] overwrite: false
[2019-07-26 23:26:25] [config] pretrained-model: ""
[2019-07-26 23:26:25] [config] quiet: false
[2019-07-26 23:26:25] [config] quiet-translation: true
[2019-07-26 23:26:25] [config] relative-paths: false
[2019-07-26 23:26:25] [config] right-left: false
[2019-07-26 23:26:25] [config] save-freq: 20000
[2019-07-26 23:26:25] [config] seed: 1111
[2019-07-26 23:26:25] [config] shuffle-in-ram: false
[2019-07-26 23:26:25] [config] skip: false
[2019-07-26 23:26:25] [config] sqlite: ""
[2019-07-26 23:26:25] [config] sqlite-drop: false
[2019-07-26 23:26:25] [config] sync-sgd: true
[2019-07-26 23:26:25] [config] tempdir: .
[2019-07-26 23:26:25] [config] tied-embeddings: false
[2019-07-26 23:26:25] [config] tied-embeddings-all: false
[2019-07-26 23:26:25] [config] tied-embeddings-src: false
[2019-07-26 23:26:25] [config] train-sets:
[2019-07-26 23:26:25] [config]   - ../experiments/10M_fasttext_prob_x_len_+_bic1.1_x_dcce_x_ced_0.25_w3000/data/train.bpe.de
[2019-07-26 23:26:25] [config]   - ../experiments/10M_fasttext_prob_x_len_+_bic1.1_x_dcce_x_ced_0.25_w3000/data/train.bpe.en
[2019-07-26 23:26:25] [config] transformer-aan-activation: swish
[2019-07-26 23:26:25] [config] transformer-aan-depth: 2
[2019-07-26 23:26:25] [config] transformer-aan-nogate: false
[2019-07-26 23:26:25] [config] transformer-decoder-autoreg: self-attention
[2019-07-26 23:26:25] [config] transformer-dim-aan: 2048
[2019-07-26 23:26:25] [config] transformer-dim-ffn: 2048
[2019-07-26 23:26:25] [config] transformer-dropout: 0
[2019-07-26 23:26:25] [config] transformer-dropout-attention: 0
[2019-07-26 23:26:25] [config] transformer-dropout-ffn: 0
[2019-07-26 23:26:25] [config] transformer-ffn-activation: swish
[2019-07-26 23:26:25] [config] transformer-ffn-depth: 2
[2019-07-26 23:26:25] [config] transformer-guided-alignment-layer: last
[2019-07-26 23:26:25] [config] transformer-heads: 8
[2019-07-26 23:26:25] [config] transformer-no-projection: false
[2019-07-26 23:26:25] [config] transformer-postprocess: dan
[2019-07-26 23:26:25] [config] transformer-postprocess-emb: d
[2019-07-26 23:26:25] [config] transformer-preprocess: ""
[2019-07-26 23:26:25] [config] transformer-tied-layers:
[2019-07-26 23:26:25] [config]   []
[2019-07-26 23:26:25] [config] transformer-train-position-embeddings: false
[2019-07-26 23:26:25] [config] type: amun
[2019-07-26 23:26:25] [config] ulr: false
[2019-07-26 23:26:25] [config] ulr-dim-emb: 0
[2019-07-26 23:26:25] [config] ulr-dropout: 0
[2019-07-26 23:26:25] [config] ulr-keys-vectors: ""
[2019-07-26 23:26:25] [config] ulr-query-vectors: ""
[2019-07-26 23:26:25] [config] ulr-softmax-temperature: 1
[2019-07-26 23:26:25] [config] ulr-trainable-transformation: false
[2019-07-26 23:26:25] [config] valid-freq: 20000
[2019-07-26 23:26:25] [config] valid-log: ../experiments/10M_fasttext_prob_x_len_+_bic1.1_x_dcce_x_ced_0.25_w3000/model/valid.log
[2019-07-26 23:26:25] [config] valid-max-length: 1000
[2019-07-26 23:26:25] [config] valid-metrics:
[2019-07-26 23:26:25] [config]   - cross-entropy
[2019-07-26 23:26:25] [config]   - perplexity
[2019-07-26 23:26:25] [config]   - translation
[2019-07-26 23:26:25] [config] valid-mini-batch: 8
[2019-07-26 23:26:25] [config] valid-script-path: ../experiments/10M_fasttext_prob_x_len_+_bic1.1_x_dcce_x_ced_0.25_w3000/score-dev.sh
[2019-07-26 23:26:25] [config] valid-sets:
[2019-07-26 23:26:25] [config]   - ../experiments/10M_fasttext_prob_x_len_+_bic1.1_x_dcce_x_ced_0.25_w3000/data/dev.bpe.de
[2019-07-26 23:26:25] [config]   - ../experiments/10M_fasttext_prob_x_len_+_bic1.1_x_dcce_x_ced_0.25_w3000/data/dev.bpe.en
[2019-07-26 23:26:25] [config] valid-translation-output: ../experiments/10M_fasttext_prob_x_len_+_bic1.1_x_dcce_x_ced_0.25_w3000/model/dev.out
[2019-07-26 23:26:25] [config] vocabs:
[2019-07-26 23:26:25] [config]   - ../experiments/10M_fasttext_prob_x_len_+_bic1.1_x_dcce_x_ced_0.25_w3000/data/train.bpe.de.json
[2019-07-26 23:26:25] [config]   - ../experiments/10M_fasttext_prob_x_len_+_bic1.1_x_dcce_x_ced_0.25_w3000/data/train.bpe.en.json
[2019-07-26 23:26:25] [config] word-penalty: 0
[2019-07-26 23:26:25] [config] workspace: 3000
[2019-07-26 23:26:25] [config] Model is being created with Marian v1.7.8 ec2d66e 2019-05-27 14:52:11 +0100
[2019-07-26 23:26:25] Using synchronous training
[2019-07-26 23:26:25] [data] Loading vocabulary from JSON/Yaml file ../experiments/10M_fasttext_prob_x_len_+_bic1.1_x_dcce_x_ced_0.25_w3000/data/train.bpe.de.json
[2019-07-26 23:26:26] [data] Using unused word id eos for 0
[2019-07-26 23:26:26] [data] Using unused word id UNK for 1
[2019-07-26 23:26:26] [data] Setting vocabulary size for input 0 to 50000
[2019-07-26 23:26:26] [data] Loading vocabulary from JSON/Yaml file ../experiments/10M_fasttext_prob_x_len_+_bic1.1_x_dcce_x_ced_0.25_w3000/data/train.bpe.en.json
[2019-07-26 23:26:26] [data] Using unused word id eos for 0
[2019-07-26 23:26:26] [data] Using unused word id UNK for 1
[2019-07-26 23:26:26] [data] Setting vocabulary size for input 1 to 50000
[2019-07-26 23:26:26] Compiled without MPI support. Falling back to FakeMPIWrapper
[2019-07-26 23:26:26] [batching] Collecting statistics for batch fitting with step size 10
[2019-07-26 23:26:27] [memory] Extending reserved space to 3072 MB (device gpu6)
[2019-07-26 23:26:27] [comm] Using NCCL 2.4.2 for GPU communication
[2019-07-26 23:26:27] [comm] NCCLCommunicator constructed successfully.
[2019-07-26 23:26:27] [training] Using 1 GPUs
[2019-07-26 23:26:27] [memory] Reserving 422 MB, device gpu6
[2019-07-26 23:26:27] [gpu] 16-bit TensorCores enabled for float32 matrix operations
[2019-07-26 23:26:27] [memory] Reserving 422 MB, device gpu6
[2019-07-26 23:26:30] [batching] Done. Typical MB size is 4042 target words
[2019-07-26 23:26:30] [memory] Extending reserved space to 3072 MB (device gpu6)
[2019-07-26 23:26:30] [comm] Using NCCL 2.4.2 for GPU communication
[2019-07-26 23:26:30] [comm] NCCLCommunicator constructed successfully.
[2019-07-26 23:26:30] [training] Using 1 GPUs
[2019-07-26 23:26:30] Training started
[2019-07-26 23:26:30] [data] Shuffling data
[2019-07-26 23:26:30] [data] Done reading 510943 sentences
[2019-07-26 23:26:32] [data] Done shuffling 510943 sentences to temp files
[2019-07-26 23:26:33] [training] Batches are processed as 1 process(es) x 1 devices/process
[2019-07-26 23:26:33] [memory] Reserving 422 MB, device gpu6
[2019-07-26 23:26:33] [memory] Reserving 422 MB, device gpu6
[2019-07-26 23:26:33] [memory] Reserving 422 MB, device gpu6
[2019-07-26 23:26:33] [memory] Reserving 844 MB, device gpu6
[2019-07-26 23:32:02] Ep. 1 : Up. 2000 : Sen. 236,800 : Cost 120.40413666 : Time 336.30s : 15676.27 words/s
[2019-07-26 23:37:17] Seen 462041 samples
[2019-07-26 23:37:17] Starting epoch 2
[2019-07-26 23:37:17] [data] Shuffling data
[2019-07-26 23:37:18] [data] Done reading 510943 sentences
[2019-07-26 23:37:20] [data] Done shuffling 510943 sentences to temp files
[2019-07-26 23:37:37] Ep. 2 : Up. 4000 : Sen. 12,083 : Cost 86.83100891 : Time 334.78s : 15771.19 words/s
[2019-07-26 23:43:09] Ep. 2 : Up. 6000 : Sen. 249,867 : Cost 71.09602356 : Time 331.75s : 15942.56 words/s
[2019-07-26 23:48:05] Seen 462041 samples
[2019-07-26 23:48:05] Starting epoch 3
[2019-07-26 23:48:05] [data] Shuffling data
[2019-07-26 23:48:06] [data] Done reading 510943 sentences
[2019-07-26 23:48:08] [data] Done shuffling 510943 sentences to temp files
[2019-07-26 23:48:43] Ep. 3 : Up. 8000 : Sen. 25,027 : Cost 62.82255173 : Time 334.03s : 15791.47 words/s
[2019-07-26 23:54:13] Ep. 3 : Up. 10000 : Sen. 262,177 : Cost 56.42846680 : Time 329.95s : 15999.25 words/s
[2019-07-26 23:58:51] Seen 462041 samples
[2019-07-26 23:58:51] Starting epoch 4
[2019-07-26 23:58:51] [data] Shuffling data
[2019-07-26 23:58:52] [data] Done reading 510943 sentences
[2019-07-26 23:58:54] [data] Done shuffling 510943 sentences to temp files
[2019-07-26 23:59:45] Ep. 4 : Up. 12000 : Sen. 36,457 : Cost 53.05362701 : Time 332.20s : 15835.60 words/s
[2019-07-27 00:05:15] Ep. 4 : Up. 14000 : Sen. 274,455 : Cost 49.47544861 : Time 330.46s : 16024.87 words/s
[2019-07-27 00:09:36] Seen 462041 samples
[2019-07-27 00:09:36] Starting epoch 5
[2019-07-27 00:09:36] [data] Shuffling data
[2019-07-27 00:09:37] [data] Done reading 510943 sentences
[2019-07-27 00:09:39] [data] Done shuffling 510943 sentences to temp files
[2019-07-27 00:10:48] Ep. 5 : Up. 16000 : Sen. 49,615 : Cost 47.57719803 : Time 332.49s : 15873.30 words/s
[2019-07-27 00:16:16] Ep. 5 : Up. 18000 : Sen. 286,375 : Cost 45.13661194 : Time 328.52s : 16035.37 words/s
[2019-07-27 00:20:20] Seen 462041 samples
[2019-07-27 00:20:20] Starting epoch 6
[2019-07-27 00:20:20] [data] Shuffling data
[2019-07-27 00:20:20] [data] Done reading 510943 sentences
[2019-07-27 00:20:22] [data] Done shuffling 510943 sentences to temp files
[2019-07-27 00:21:47] Ep. 6 : Up. 20000 : Sen. 61,375 : Cost 43.95438385 : Time 330.64s : 15933.32 words/s
[2019-07-27 00:21:47] Saving model to ../experiments/10M_fasttext_prob_x_len_+_bic1.1_x_dcce_x_ced_0.25_w3000/model/model.npz.orig.npz
[2019-07-27 00:21:52] Saving model to ../experiments/10M_fasttext_prob_x_len_+_bic1.1_x_dcce_x_ced_0.25_w3000/model/model.iter20000.npz
[2019-07-27 00:21:54] Saving model to ../experiments/10M_fasttext_prob_x_len_+_bic1.1_x_dcce_x_ced_0.25_w3000/model/model.npz
[2019-07-27 00:21:58] Saving Adam parameters to ../experiments/10M_fasttext_prob_x_len_+_bic1.1_x_dcce_x_ced_0.25_w3000/model/model.npz.optimizer.npz
[2019-07-27 00:22:14] [valid] Ep. 6 : Up. 20000 : cross-entropy : 74.1008 : new best
[2019-07-27 00:22:20] [valid] Ep. 6 : Up. 20000 : perplexity : 18.8271 : new best
[2019-07-27 00:23:09] [valid] Ep. 6 : Up. 20000 : translation : 23.41 : new best
[2019-07-27 00:28:40] Ep. 6 : Up. 22000 : Sen. 298,393 : Cost 42.16187668 : Time 412.99s : 12768.47 words/s
[2019-07-27 00:32:29] Seen 462041 samples
[2019-07-27 00:32:29] Starting epoch 7
[2019-07-27 00:32:29] [data] Shuffling data
[2019-07-27 00:32:29] [data] Done reading 510943 sentences
[2019-07-27 00:32:31] [data] Done shuffling 510943 sentences to temp files
[2019-07-27 00:34:14] Ep. 7 : Up. 24000 : Sen. 73,067 : Cost 41.21488953 : Time 333.72s : 15813.26 words/s
[2019-07-27 00:39:46] Ep. 7 : Up. 26000 : Sen. 310,302 : Cost 40.03388214 : Time 332.04s : 15918.56 words/s
[2019-07-27 00:43:17] Seen 462041 samples
[2019-07-27 00:43:17] Starting epoch 8
[2019-07-27 00:43:17] [data] Shuffling data
[2019-07-27 00:43:17] [data] Done reading 510943 sentences
[2019-07-27 00:43:19] [data] Done shuffling 510943 sentences to temp files
[2019-07-27 00:45:17] Ep. 8 : Up. 28000 : Sen. 84,740 : Cost 39.07469940 : Time 331.68s : 15861.55 words/s
[2019-07-27 00:50:47] Ep. 8 : Up. 30000 : Sen. 322,416 : Cost 38.04903030 : Time 329.20s : 16069.37 words/s
[2019-07-27 00:54:00] Seen 462041 samples
[2019-07-27 00:54:00] Starting epoch 9
[2019-07-27 00:54:00] [data] Shuffling data
[2019-07-27 00:54:00] [data] Done reading 510943 sentences
[2019-07-27 00:54:02] [data] Done shuffling 510943 sentences to temp files
[2019-07-27 00:56:18] Ep. 9 : Up. 32000 : Sen. 98,039 : Cost 37.12850952 : Time 331.03s : 15930.00 words/s
[2019-07-27 01:01:47] Ep. 9 : Up. 34000 : Sen. 335,375 : Cost 36.82471848 : Time 329.33s : 16052.11 words/s
[2019-07-27 01:04:42] Seen 462041 samples
[2019-07-27 01:04:42] Starting epoch 10
[2019-07-27 01:04:42] [data] Shuffling data
[2019-07-27 01:04:43] [data] Done reading 510943 sentences
[2019-07-27 01:04:45] [data] Done shuffling 510943 sentences to temp files
[2019-07-27 01:07:19] Ep. 10 : Up. 36000 : Sen. 111,031 : Cost 35.69672775 : Time 331.90s : 15947.41 words/s
[2019-07-27 01:12:48] Ep. 10 : Up. 38000 : Sen. 348,363 : Cost 35.23027802 : Time 329.11s : 16031.94 words/s
[2019-07-27 01:15:26] Seen 462041 samples
[2019-07-27 01:15:26] Starting epoch 11
[2019-07-27 01:15:26] [data] Shuffling data
[2019-07-27 01:15:26] [data] Done reading 510943 sentences
[2019-07-27 01:15:28] [data] Done shuffling 510943 sentences to temp files
[2019-07-27 01:18:19] Ep. 11 : Up. 40000 : Sen. 123,012 : Cost 34.59415436 : Time 331.00s : 15912.54 words/s
[2019-07-27 01:18:19] Saving model to ../experiments/10M_fasttext_prob_x_len_+_bic1.1_x_dcce_x_ced_0.25_w3000/model/model.npz.orig.npz
[2019-07-27 01:18:24] Saving model to ../experiments/10M_fasttext_prob_x_len_+_bic1.1_x_dcce_x_ced_0.25_w3000/model/model.iter40000.npz
[2019-07-27 01:18:26] Saving model to ../experiments/10M_fasttext_prob_x_len_+_bic1.1_x_dcce_x_ced_0.25_w3000/model/model.npz
[2019-07-27 01:18:31] Saving Adam parameters to ../experiments/10M_fasttext_prob_x_len_+_bic1.1_x_dcce_x_ced_0.25_w3000/model/model.npz.optimizer.npz
[2019-07-27 01:18:49] [valid] Ep. 11 : Up. 40000 : cross-entropy : 66.6612 : new best
[2019-07-27 01:18:55] [valid] Ep. 11 : Up. 40000 : perplexity : 14.0215 : new best
[2019-07-27 01:19:43] [valid] Ep. 11 : Up. 40000 : translation : 25.6 : new best
[2019-07-27 01:25:14] Ep. 11 : Up. 42000 : Sen. 360,366 : Cost 33.89606094 : Time 415.47s : 12720.15 words/s
[2019-07-27 01:27:36] Seen 462041 samples
[2019-07-27 01:27:36] Starting epoch 12
[2019-07-27 01:27:36] [data] Shuffling data
[2019-07-27 01:27:36] [data] Done reading 510943 sentences
[2019-07-27 01:27:38] [data] Done shuffling 510943 sentences to temp files
[2019-07-27 01:30:46] Ep. 12 : Up. 44000 : Sen. 135,999 : Cost 33.26958084 : Time 331.40s : 15926.75 words/s
[2019-07-27 01:36:15] Ep. 12 : Up. 46000 : Sen. 373,599 : Cost 32.85500336 : Time 329.47s : 16060.36 words/s
[2019-07-27 01:38:19] Seen 462041 samples
[2019-07-27 01:38:19] Starting epoch 13
[2019-07-27 01:38:19] [data] Shuffling data
[2019-07-27 01:38:19] [data] Done reading 510943 sentences
[2019-07-27 01:38:21] [data] Done shuffling 510943 sentences to temp files
[2019-07-27 01:41:46] Ep. 13 : Up. 48000 : Sen. 147,405 : Cost 32.26109695 : Time 330.74s : 15897.73 words/s
[2019-07-27 01:47:14] Ep. 13 : Up. 50000 : Sen. 384,393 : Cost 32.09096146 : Time 328.30s : 16059.39 words/s
[2019-07-27 01:49:02] Seen 462041 samples
[2019-07-27 01:49:02] Starting epoch 14
[2019-07-27 01:49:02] [data] Shuffling data
[2019-07-27 01:49:02] [data] Done reading 510943 sentences
[2019-07-27 01:49:04] [data] Done shuffling 510943 sentences to temp files
[2019-07-27 01:52:46] Ep. 14 : Up. 52000 : Sen. 159,865 : Cost 31.30013275 : Time 331.82s : 15914.97 words/s
[2019-07-27 01:58:16] Ep. 14 : Up. 54000 : Sen. 397,454 : Cost 31.19815063 : Time 329.64s : 16051.90 words/s
[2019-07-27 01:59:45] Seen 462041 samples
[2019-07-27 01:59:45] Starting epoch 15
[2019-07-27 01:59:45] [data] Shuffling data
[2019-07-27 01:59:46] [data] Done reading 510943 sentences
[2019-07-27 01:59:48] [data] Done shuffling 510943 sentences to temp files
[2019-07-27 02:03:47] Ep. 15 : Up. 56000 : Sen. 172,527 : Cost 30.35331917 : Time 331.02s : 15923.08 words/s
[2019-07-27 02:09:16] Ep. 15 : Up. 58000 : Sen. 409,600 : Cost 30.47525406 : Time 328.80s : 16049.29 words/s
[2019-07-27 02:10:29] Seen 462041 samples
[2019-07-27 02:10:29] Starting epoch 16
[2019-07-27 02:10:29] [data] Shuffling data
[2019-07-27 02:10:29] [data] Done reading 510943 sentences
[2019-07-27 02:10:31] [data] Done shuffling 510943 sentences to temp files
[2019-07-27 02:14:46] Ep. 16 : Up. 60000 : Sen. 183,746 : Cost 29.57019806 : Time 330.37s : 15889.53 words/s
[2019-07-27 02:14:46] Saving model to ../experiments/10M_fasttext_prob_x_len_+_bic1.1_x_dcce_x_ced_0.25_w3000/model/model.npz.orig.npz
[2019-07-27 02:14:51] Saving model to ../experiments/10M_fasttext_prob_x_len_+_bic1.1_x_dcce_x_ced_0.25_w3000/model/model.iter60000.npz
[2019-07-27 02:14:53] Saving model to ../experiments/10M_fasttext_prob_x_len_+_bic1.1_x_dcce_x_ced_0.25_w3000/model/model.npz
[2019-07-27 02:14:58] Saving Adam parameters to ../experiments/10M_fasttext_prob_x_len_+_bic1.1_x_dcce_x_ced_0.25_w3000/model/model.npz.optimizer.npz
[2019-07-27 02:15:17] [valid] Ep. 16 : Up. 60000 : cross-entropy : 65.1065 : new best
[2019-07-27 02:15:23] [valid] Ep. 16 : Up. 60000 : perplexity : 13.1841 : new best
[2019-07-27 02:16:11] [valid] Ep. 16 : Up. 60000 : translation : 26.44 : new best
[2019-07-27 02:21:43] Ep. 16 : Up. 62000 : Sen. 421,377 : Cost 29.76568031 : Time 416.81s : 12689.43 words/s
[2019-07-27 02:22:40] Seen 462041 samples
[2019-07-27 02:22:40] Starting epoch 17
[2019-07-27 02:22:40] [data] Shuffling data
[2019-07-27 02:22:40] [data] Done reading 510943 sentences
[2019-07-27 02:22:42] [data] Done shuffling 510943 sentences to temp files
[2019-07-27 02:27:17] Ep. 17 : Up. 64000 : Sen. 196,823 : Cost 28.80282974 : Time 333.71s : 15867.46 words/s
[2019-07-27 02:32:46] Ep. 17 : Up. 66000 : Sen. 434,163 : Cost 28.92332458 : Time 329.90s : 15980.70 words/s
[2019-07-27 02:33:26] Seen 462041 samples
[2019-07-27 02:33:26] Starting epoch 18
[2019-07-27 02:33:26] [data] Shuffling data
[2019-07-27 02:33:26] [data] Done reading 510943 sentences
[2019-07-27 02:33:28] [data] Done shuffling 510943 sentences to temp files
[2019-07-27 02:38:19] Ep. 18 : Up. 68000 : Sen. 209,587 : Cost 28.09228516 : Time 332.09s : 15907.95 words/s
[2019-07-27 02:43:47] Ep. 18 : Up. 70000 : Sen. 446,382 : Cost 28.50383186 : Time 328.81s : 16025.69 words/s
[2019-07-27 02:44:09] Seen 462041 samples
[2019-07-27 02:44:09] Starting epoch 19
[2019-07-27 02:44:09] [data] Shuffling data
[2019-07-27 02:44:10] [data] Done reading 510943 sentences
[2019-07-27 02:44:12] [data] Done shuffling 510943 sentences to temp files
[2019-07-27 02:49:18] Ep. 19 : Up. 72000 : Sen. 220,990 : Cost 27.26925087 : Time 330.85s : 15900.66 words/s
[2019-07-27 02:54:48] Ep. 19 : Up. 74000 : Sen. 458,387 : Cost 27.92811775 : Time 329.44s : 16046.43 words/s
[2019-07-27 02:54:53] Seen 462041 samples
[2019-07-27 02:54:53] Starting epoch 20
[2019-07-27 02:54:53] [data] Shuffling data
[2019-07-27 02:54:53] [data] Done reading 510943 sentences
[2019-07-27 02:54:55] [data] Done shuffling 510943 sentences to temp files
[2019-07-27 03:00:19] Ep. 20 : Up. 76000 : Sen. 232,850 : Cost 26.79984665 : Time 331.69s : 15916.62 words/s
[2019-07-27 03:05:37] Seen 462041 samples
[2019-07-27 03:05:37] Starting epoch 21
[2019-07-27 03:05:37] [data] Shuffling data
[2019-07-27 03:05:37] [data] Done reading 510943 sentences
[2019-07-27 03:05:39] [data] Done shuffling 510943 sentences to temp files
[2019-07-27 03:05:51] Ep. 21 : Up. 78000 : Sen. 8,232 : Cost 27.29357338 : Time 331.53s : 15910.84 words/s
[2019-07-27 03:11:20] Ep. 21 : Up. 80000 : Sen. 246,594 : Cost 26.33696365 : Time 329.55s : 16068.43 words/s
[2019-07-27 03:11:20] Saving model to ../experiments/10M_fasttext_prob_x_len_+_bic1.1_x_dcce_x_ced_0.25_w3000/model/model.npz.orig.npz
[2019-07-27 03:11:25] Saving model to ../experiments/10M_fasttext_prob_x_len_+_bic1.1_x_dcce_x_ced_0.25_w3000/model/model.iter80000.npz
[2019-07-27 03:11:27] Saving model to ../experiments/10M_fasttext_prob_x_len_+_bic1.1_x_dcce_x_ced_0.25_w3000/model/model.npz
[2019-07-27 03:11:32] Saving Adam parameters to ../experiments/10M_fasttext_prob_x_len_+_bic1.1_x_dcce_x_ced_0.25_w3000/model/model.npz.optimizer.npz
[2019-07-27 03:11:49] [valid] Ep. 21 : Up. 80000 : cross-entropy : 65.3835 : stalled 1 times (last best: 65.1065)
[2019-07-27 03:11:55] [valid] Ep. 21 : Up. 80000 : perplexity : 13.3295 : stalled 1 times (last best: 13.1841)
[2019-07-27 03:12:44] [valid] Ep. 21 : Up. 80000 : translation : 26.55 : new best
[2019-07-27 03:17:45] Seen 462041 samples
[2019-07-27 03:17:45] Starting epoch 22
[2019-07-27 03:17:45] [data] Shuffling data
[2019-07-27 03:17:46] [data] Done reading 510943 sentences
[2019-07-27 03:17:48] [data] Done shuffling 510943 sentences to temp files
[2019-07-27 03:18:18] Ep. 22 : Up. 82000 : Sen. 21,596 : Cost 26.68643570 : Time 417.50s : 12650.08 words/s
[2019-07-27 03:23:47] Ep. 22 : Up. 84000 : Sen. 259,522 : Cost 25.67139626 : Time 329.48s : 16056.91 words/s
[2019-07-27 03:28:28] Seen 462041 samples
[2019-07-27 03:28:28] Starting epoch 23
[2019-07-27 03:28:28] [data] Shuffling data
[2019-07-27 03:28:29] [data] Done reading 510943 sentences
[2019-07-27 03:28:31] [data] Done shuffling 510943 sentences to temp files
[2019-07-27 03:29:19] Ep. 23 : Up. 86000 : Sen. 34,263 : Cost 26.34990120 : Time 331.82s : 15921.20 words/s
[2019-07-27 03:34:47] Ep. 23 : Up. 88000 : Sen. 271,370 : Cost 25.36571693 : Time 327.85s : 16036.26 words/s
[2019-07-27 03:39:13] Seen 462041 samples
[2019-07-27 03:39:13] Starting epoch 24
[2019-07-27 03:39:13] [data] Shuffling data
[2019-07-27 03:39:13] [data] Done reading 510943 sentences
[2019-07-27 03:39:15] [data] Done shuffling 510943 sentences to temp files
[2019-07-27 03:40:19] Ep. 24 : Up. 90000 : Sen. 45,500 : Cost 25.79524040 : Time 331.91s : 15866.80 words/s
[2019-07-27 03:45:47] Ep. 24 : Up. 92000 : Sen. 282,255 : Cost 25.01762009 : Time 328.49s : 16015.24 words/s
[2019-07-27 03:49:57] Seen 462041 samples
[2019-07-27 03:49:57] Starting epoch 25
[2019-07-27 03:49:57] [data] Shuffling data
[2019-07-27 03:49:57] [data] Done reading 510943 sentences
[2019-07-27 03:49:59] [data] Done shuffling 510943 sentences to temp files
[2019-07-27 03:51:19] Ep. 25 : Up. 94000 : Sen. 57,719 : Cost 25.06041527 : Time 331.42s : 15950.73 words/s
[2019-07-27 03:56:48] Ep. 25 : Up. 96000 : Sen. 295,156 : Cost 24.63063812 : Time 329.31s : 16059.56 words/s
[2019-07-27 04:00:40] Seen 462041 samples
[2019-07-27 04:00:40] Starting epoch 26
[2019-07-27 04:00:40] [data] Shuffling data
[2019-07-27 04:00:40] [data] Done reading 510943 sentences
[2019-07-27 04:00:42] [data] Done shuffling 510943 sentences to temp files
[2019-07-27 04:02:21] Ep. 26 : Up. 98000 : Sen. 70,793 : Cost 24.78446007 : Time 332.55s : 15905.03 words/s
[2019-07-27 04:07:50] Ep. 26 : Up. 100000 : Sen. 308,094 : Cost 24.22285461 : Time 329.15s : 16024.07 words/s
[2019-07-27 04:07:50] Saving model to ../experiments/10M_fasttext_prob_x_len_+_bic1.1_x_dcce_x_ced_0.25_w3000/model/model.npz.orig.npz
[2019-07-27 04:07:55] Saving model to ../experiments/10M_fasttext_prob_x_len_+_bic1.1_x_dcce_x_ced_0.25_w3000/model/model.iter100000.npz
[2019-07-27 04:07:57] Saving model to ../experiments/10M_fasttext_prob_x_len_+_bic1.1_x_dcce_x_ced_0.25_w3000/model/model.npz
[2019-07-27 04:08:02] Saving Adam parameters to ../experiments/10M_fasttext_prob_x_len_+_bic1.1_x_dcce_x_ced_0.25_w3000/model/model.npz.optimizer.npz
[2019-07-27 04:08:18] [valid] Ep. 26 : Up. 100000 : cross-entropy : 66.498 : stalled 2 times (last best: 65.1065)
[2019-07-27 04:08:25] [valid] Ep. 26 : Up. 100000 : perplexity : 13.9312 : stalled 2 times (last best: 13.1841)
[2019-07-27 04:09:13] [valid] Ep. 26 : Up. 100000 : translation : 26.46 : stalled 1 times (last best: 26.55)
[2019-07-27 04:12:49] Seen 462041 samples
[2019-07-27 04:12:49] Starting epoch 27
[2019-07-27 04:12:49] [data] Shuffling data
[2019-07-27 04:12:49] [data] Done reading 510943 sentences
[2019-07-27 04:12:51] [data] Done shuffling 510943 sentences to temp files
[2019-07-27 04:14:45] Ep. 27 : Up. 102000 : Sen. 81,887 : Cost 24.28458595 : Time 415.13s : 12648.50 words/s
[2019-07-27 04:20:14] Ep. 27 : Up. 104000 : Sen. 319,570 : Cost 23.96247864 : Time 329.14s : 16060.53 words/s
[2019-07-27 04:23:32] Seen 462041 samples
[2019-07-27 04:23:32] Starting epoch 28
[2019-07-27 04:23:32] [data] Shuffling data
[2019-07-27 04:23:32] [data] Done reading 510943 sentences
[2019-07-27 04:23:34] [data] Done shuffling 510943 sentences to temp files
[2019-07-27 04:25:45] Ep. 28 : Up. 106000 : Sen. 94,726 : Cost 23.70437813 : Time 331.24s : 15931.39 words/s
[2019-07-27 04:31:14] Ep. 28 : Up. 108000 : Sen. 331,695 : Cost 23.53941727 : Time 328.96s : 16026.93 words/s
[2019-07-27 04:34:15] Seen 462041 samples
[2019-07-27 04:34:15] Starting epoch 29
[2019-07-27 04:34:15] [data] Shuffling data
[2019-07-27 04:34:16] [data] Done reading 510943 sentences
[2019-07-27 04:34:18] [data] Done shuffling 510943 sentences to temp files
[2019-07-27 04:36:46] Ep. 29 : Up. 110000 : Sen. 105,884 : Cost 23.36417007 : Time 331.23s : 15905.32 words/s
[2019-07-27 04:42:16] Ep. 29 : Up. 112000 : Sen. 344,086 : Cost 23.26309395 : Time 330.00s : 16058.79 words/s
[2019-07-27 04:44:59] Seen 462041 samples
[2019-07-27 04:44:59] Starting epoch 30
[2019-07-27 04:44:59] [data] Shuffling data
[2019-07-27 04:44:59] [data] Done reading 510943 sentences
[2019-07-27 04:45:01] [data] Done shuffling 510943 sentences to temp files
[2019-07-27 04:47:46] Ep. 30 : Up. 114000 : Sen. 119,657 : Cost 23.08955383 : Time 330.41s : 15944.58 words/s
[2019-07-27 04:53:16] Ep. 30 : Up. 116000 : Sen. 357,290 : Cost 23.05495644 : Time 330.31s : 16022.34 words/s
[2019-07-27 04:55:42] Seen 462041 samples
[2019-07-27 04:55:42] Starting epoch 31
[2019-07-27 04:55:42] [data] Shuffling data
[2019-07-27 04:55:42] [data] Done reading 510943 sentences
[2019-07-27 04:55:44] [data] Done shuffling 510943 sentences to temp files
[2019-07-27 04:58:47] Ep. 31 : Up. 118000 : Sen. 131,571 : Cost 22.60483932 : Time 331.16s : 15913.85 words/s
[2019-07-27 05:04:16] Ep. 31 : Up. 120000 : Sen. 369,000 : Cost 22.66430664 : Time 328.77s : 16032.02 words/s
[2019-07-27 05:04:16] Saving model to ../experiments/10M_fasttext_prob_x_len_+_bic1.1_x_dcce_x_ced_0.25_w3000/model/model.npz.orig.npz
[2019-07-27 05:04:21] Saving model to ../experiments/10M_fasttext_prob_x_len_+_bic1.1_x_dcce_x_ced_0.25_w3000/model/model.iter120000.npz
[2019-07-27 05:04:23] Saving model to ../experiments/10M_fasttext_prob_x_len_+_bic1.1_x_dcce_x_ced_0.25_w3000/model/model.npz
[2019-07-27 05:04:28] Saving Adam parameters to ../experiments/10M_fasttext_prob_x_len_+_bic1.1_x_dcce_x_ced_0.25_w3000/model/model.npz.optimizer.npz
[2019-07-27 05:04:45] [valid] Ep. 31 : Up. 120000 : cross-entropy : 68.0667 : stalled 3 times (last best: 65.1065)
[2019-07-27 05:04:51] [valid] Ep. 31 : Up. 120000 : perplexity : 14.8244 : stalled 3 times (last best: 13.1841)
[2019-07-27 05:05:39] [valid] Ep. 31 : Up. 120000 : translation : 26.4 : stalled 2 times (last best: 26.55)
[2019-07-27 05:07:51] Seen 462041 samples
[2019-07-27 05:07:51] Starting epoch 32
[2019-07-27 05:07:51] [data] Shuffling data
[2019-07-27 05:07:51] [data] Done reading 510943 sentences
[2019-07-27 05:07:53] [data] Done shuffling 510943 sentences to temp files
[2019-07-27 05:11:13] Ep. 32 : Up. 122000 : Sen. 144,004 : Cost 22.32527351 : Time 416.74s : 12666.70 words/s
[2019-07-27 05:16:40] Ep. 32 : Up. 124000 : Sen. 380,437 : Cost 22.47170639 : Time 327.40s : 16047.34 words/s
[2019-07-27 05:18:34] Seen 462041 samples
[2019-07-27 05:18:34] Starting epoch 33
[2019-07-27 05:18:34] [data] Shuffling data
[2019-07-27 05:18:35] [data] Done reading 510943 sentences
[2019-07-27 05:18:37] [data] Done shuffling 510943 sentences to temp files
[2019-07-27 05:22:13] Ep. 33 : Up. 126000 : Sen. 156,162 : Cost 21.97129440 : Time 332.18s : 15945.10 words/s
[2019-07-27 05:27:42] Ep. 33 : Up. 128000 : Sen. 393,392 : Cost 22.14660645 : Time 329.85s : 16041.33 words/s
[2019-07-27 05:29:17] Seen 462041 samples
[2019-07-27 05:29:17] Starting epoch 34
[2019-07-27 05:29:17] [data] Shuffling data
[2019-07-27 05:29:18] [data] Done reading 510943 sentences
[2019-07-27 05:29:19] [data] Done shuffling 510943 sentences to temp files
[2019-07-27 05:33:14] Ep. 34 : Up. 130000 : Sen. 168,596 : Cost 21.63650513 : Time 331.71s : 15893.41 words/s
[2019-07-27 05:38:43] Ep. 34 : Up. 132000 : Sen. 406,087 : Cost 21.97276115 : Time 328.79s : 16070.81 words/s
[2019-07-27 05:40:01] Seen 462041 samples
[2019-07-27 05:40:01] Starting epoch 35
[2019-07-27 05:40:01] [data] Shuffling data
[2019-07-27 05:40:01] [data] Done reading 510943 sentences
[2019-07-27 05:40:03] [data] Done shuffling 510943 sentences to temp files
[2019-07-27 05:44:14] Ep. 35 : Up. 134000 : Sen. 180,980 : Cost 21.48576736 : Time 331.02s : 15925.63 words/s
[2019-07-27 05:49:43] Ep. 35 : Up. 136000 : Sen. 418,333 : Cost 21.63548470 : Time 329.36s : 16052.16 words/s
[2019-07-27 05:50:44] Seen 462041 samples
[2019-07-27 05:50:44] Starting epoch 36
[2019-07-27 05:50:44] [data] Shuffling data
[2019-07-27 05:50:44] [data] Done reading 510943 sentences
[2019-07-27 05:50:46] [data] Done shuffling 510943 sentences to temp files
[2019-07-27 05:55:15] Ep. 36 : Up. 138000 : Sen. 193,671 : Cost 21.10945702 : Time 331.39s : 15922.42 words/s
[2019-07-27 06:00:43] Ep. 36 : Up. 140000 : Sen. 430,393 : Cost 21.60878372 : Time 328.08s : 16078.52 words/s
[2019-07-27 06:00:43] Saving model to ../experiments/10M_fasttext_prob_x_len_+_bic1.1_x_dcce_x_ced_0.25_w3000/model/model.npz.orig.npz
[2019-07-27 06:00:48] Saving model to ../experiments/10M_fasttext_prob_x_len_+_bic1.1_x_dcce_x_ced_0.25_w3000/model/model.iter140000.npz
[2019-07-27 06:00:50] Saving model to ../experiments/10M_fasttext_prob_x_len_+_bic1.1_x_dcce_x_ced_0.25_w3000/model/model.npz
[2019-07-27 06:00:54] Saving Adam parameters to ../experiments/10M_fasttext_prob_x_len_+_bic1.1_x_dcce_x_ced_0.25_w3000/model/model.npz.optimizer.npz
[2019-07-27 06:01:11] [valid] Ep. 36 : Up. 140000 : cross-entropy : 69.7492 : stalled 4 times (last best: 65.1065)
[2019-07-27 06:01:18] [valid] Ep. 36 : Up. 140000 : perplexity : 15.846 : stalled 4 times (last best: 13.1841)
[2019-07-27 06:02:06] [valid] Ep. 36 : Up. 140000 : translation : 25.93 : stalled 3 times (last best: 26.55)
[2019-07-27 06:02:51] Seen 462041 samples
[2019-07-27 06:02:51] Starting epoch 37
[2019-07-27 06:02:51] [data] Shuffling data
[2019-07-27 06:02:52] [data] Done reading 510943 sentences
[2019-07-27 06:02:54] [data] Done shuffling 510943 sentences to temp files
[2019-07-27 06:07:38] Ep. 37 : Up. 142000 : Sen. 205,680 : Cost 20.69214058 : Time 415.71s : 12676.19 words/s
[2019-07-27 06:13:08] Ep. 37 : Up. 144000 : Sen. 442,149 : Cost 21.41526794 : Time 329.43s : 16009.59 words/s
[2019-07-27 06:13:35] Seen 462041 samples
[2019-07-27 06:13:35] Starting epoch 38
[2019-07-27 06:13:35] [data] Shuffling data
[2019-07-27 06:13:35] [data] Done reading 510943 sentences
[2019-07-27 06:13:37] [data] Done shuffling 510943 sentences to temp files
[2019-07-27 06:18:38] Ep. 38 : Up. 146000 : Sen. 217,363 : Cost 20.50220680 : Time 330.49s : 15948.28 words/s
[2019-07-27 06:24:07] Ep. 38 : Up. 148000 : Sen. 454,244 : Cost 21.15982628 : Time 328.50s : 16043.48 words/s
[2019-07-27 06:24:18] Seen 462041 samples
[2019-07-27 06:24:18] Starting epoch 39
[2019-07-27 06:24:18] [data] Shuffling data
[2019-07-27 06:24:18] [data] Done reading 510943 sentences
[2019-07-27 06:24:21] [data] Done shuffling 510943 sentences to temp files
[2019-07-27 06:29:40] Ep. 39 : Up. 150000 : Sen. 228,874 : Cost 20.16210938 : Time 333.24s : 15819.02 words/s
[2019-07-27 06:35:04] Seen 462041 samples
[2019-07-27 06:35:04] Starting epoch 40
[2019-07-27 06:35:04] [data] Shuffling data
[2019-07-27 06:35:04] [data] Done reading 510943 sentences
[2019-07-27 06:35:07] [data] Done shuffling 510943 sentences to temp files
[2019-07-27 06:35:13] Ep. 40 : Up. 152000 : Sen. 4,659 : Cost 20.74629021 : Time 332.67s : 15881.00 words/s
[2019-07-27 06:40:44] Ep. 40 : Up. 154000 : Sen. 242,598 : Cost 19.96384239 : Time 330.88s : 15998.86 words/s
[2019-07-27 06:45:50] Seen 462041 samples
[2019-07-27 06:45:50] Starting epoch 41
[2019-07-27 06:45:50] [data] Shuffling data
[2019-07-27 06:45:50] [data] Done reading 510943 sentences
[2019-07-27 06:45:52] [data] Done shuffling 510943 sentences to temp files
[2019-07-27 06:46:16] Ep. 41 : Up. 156000 : Sen. 16,802 : Cost 20.41162491 : Time 332.29s : 15848.71 words/s
[2019-07-27 06:51:45] Ep. 41 : Up. 158000 : Sen. 253,842 : Cost 19.62819290 : Time 329.10s : 16001.58 words/s
[2019-07-27 06:56:36] Seen 462041 samples
[2019-07-27 06:56:36] Starting epoch 42
[2019-07-27 06:56:36] [data] Shuffling data
[2019-07-27 06:56:36] [data] Done reading 510943 sentences
[2019-07-27 06:56:38] [data] Done shuffling 510943 sentences to temp files
[2019-07-27 06:57:19] Ep. 42 : Up. 160000 : Sen. 28,818 : Cost 20.40961647 : Time 333.72s : 15847.81 words/s
[2019-07-27 06:57:19] Saving model to ../experiments/10M_fasttext_prob_x_len_+_bic1.1_x_dcce_x_ced_0.25_w3000/model/model.npz.orig.npz
[2019-07-27 06:57:24] Saving model to ../experiments/10M_fasttext_prob_x_len_+_bic1.1_x_dcce_x_ced_0.25_w3000/model/model.iter160000.npz
[2019-07-27 06:57:26] Saving model to ../experiments/10M_fasttext_prob_x_len_+_bic1.1_x_dcce_x_ced_0.25_w3000/model/model.npz
[2019-07-27 06:57:30] Saving Adam parameters to ../experiments/10M_fasttext_prob_x_len_+_bic1.1_x_dcce_x_ced_0.25_w3000/model/model.npz.optimizer.npz
[2019-07-27 06:57:47] [valid] Ep. 42 : Up. 160000 : cross-entropy : 71.5559 : stalled 5 times (last best: 65.1065)
[2019-07-27 06:57:54] [valid] Ep. 42 : Up. 160000 : perplexity : 17.0216 : stalled 5 times (last best: 13.1841)
[2019-07-27 06:58:43] [valid] Ep. 42 : Up. 160000 : translation : 25.85 : stalled 4 times (last best: 26.55)
[2019-07-27 06:58:45] Training finished
[2019-07-27 06:58:50] Saving model to ../experiments/10M_fasttext_prob_x_len_+_bic1.1_x_dcce_x_ced_0.25_w3000/model/model.npz.orig.npz
[2019-07-27 06:58:55] Saving model to ../experiments/10M_fasttext_prob_x_len_+_bic1.1_x_dcce_x_ced_0.25_w3000/model/model.npz
[2019-07-27 06:59:00] Saving Adam parameters to ../experiments/10M_fasttext_prob_x_len_+_bic1.1_x_dcce_x_ced_0.25_w3000/model/model.npz.optimizer.npz
