[2019-07-18 11:09:17] [marian] Marian v1.7.8 ec2d66e 2019-05-27 14:52:11 +0100
[2019-07-18 11:09:17] [marian] Running on hretha as process 10942 with command line:
[2019-07-18 11:09:17] [marian] /fs/bil0/abdel/marian-dev/build/marian --sync-sgd --model ../experiments/100M_mc_fasttext_prob_x_len_+_biced_0.25_x_bic1.1_x_dcce/model/model.npz -T . --devices 1 --train-sets ../experiments/100M_mc_fasttext_prob_x_len_+_biced_0.25_x_bic1.1_x_dcce/data/train.bpe.de ../experiments/100M_mc_fasttext_prob_x_len_+_biced_0.25_x_bic1.1_x_dcce/data/train.bpe.en --vocabs ../experiments/100M_mc_fasttext_prob_x_len_+_biced_0.25_x_bic1.1_x_dcce/data/train.bpe.de.json ../experiments/100M_mc_fasttext_prob_x_len_+_biced_0.25_x_bic1.1_x_dcce/data/train.bpe.en.json --mini-batch-fit -w 5000 --dim-vocabs 50000 50000 --layer-normalization --dropout-rnn 0.1 --learn-rate 0.0003 --lr-decay-inv-sqrt 16000 --after-epochs 0 --early-stopping 5 --valid-freq 5000 --save-freq 5000 --disp-freq 1000 --valid-mini-batch 8 --valid-sets ../experiments/100M_mc_fasttext_prob_x_len_+_biced_0.25_x_bic1.1_x_dcce/data/dev.bpe.de ../experiments/100M_mc_fasttext_prob_x_len_+_biced_0.25_x_bic1.1_x_dcce/data/dev.bpe.en --valid-metrics cross-entropy perplexity translation --valid-translation-output ../experiments/100M_mc_fasttext_prob_x_len_+_biced_0.25_x_bic1.1_x_dcce/model/dev.out --valid-script-path ../experiments/100M_mc_fasttext_prob_x_len_+_biced_0.25_x_bic1.1_x_dcce/score-dev.sh --seed 1111 --exponential-smoothing --normalize=1 --beam-size=12 --quiet-translation --log ../experiments/100M_mc_fasttext_prob_x_len_+_biced_0.25_x_bic1.1_x_dcce/model/train.log --valid-log ../experiments/100M_mc_fasttext_prob_x_len_+_biced_0.25_x_bic1.1_x_dcce/model/valid.log
[2019-07-18 11:09:17] [config] after-batches: 0
[2019-07-18 11:09:17] [config] after-epochs: 0
[2019-07-18 11:09:17] [config] allow-unk: false
[2019-07-18 11:09:17] [config] beam-size: 12
[2019-07-18 11:09:17] [config] bert-class-symbol: "[CLS]"
[2019-07-18 11:09:17] [config] bert-mask-symbol: "[MASK]"
[2019-07-18 11:09:17] [config] bert-masking-fraction: 0.15
[2019-07-18 11:09:17] [config] bert-sep-symbol: "[SEP]"
[2019-07-18 11:09:17] [config] bert-train-type-embeddings: true
[2019-07-18 11:09:17] [config] bert-type-vocab-size: 2
[2019-07-18 11:09:17] [config] best-deep: false
[2019-07-18 11:09:17] [config] clip-gemm: 0
[2019-07-18 11:09:17] [config] clip-norm: 1
[2019-07-18 11:09:17] [config] cost-type: ce-mean
[2019-07-18 11:09:17] [config] cpu-threads: 0
[2019-07-18 11:09:17] [config] data-weighting: ""
[2019-07-18 11:09:17] [config] data-weighting-type: sentence
[2019-07-18 11:09:17] [config] dec-cell: gru
[2019-07-18 11:09:17] [config] dec-cell-base-depth: 2
[2019-07-18 11:09:17] [config] dec-cell-high-depth: 1
[2019-07-18 11:09:17] [config] dec-depth: 1
[2019-07-18 11:09:17] [config] devices:
[2019-07-18 11:09:17] [config]   - 1
[2019-07-18 11:09:17] [config] dim-emb: 512
[2019-07-18 11:09:17] [config] dim-rnn: 1024
[2019-07-18 11:09:17] [config] dim-vocabs:
[2019-07-18 11:09:17] [config]   - 50000
[2019-07-18 11:09:17] [config]   - 50000
[2019-07-18 11:09:17] [config] disp-first: 0
[2019-07-18 11:09:17] [config] disp-freq: 1000
[2019-07-18 11:09:17] [config] disp-label-counts: false
[2019-07-18 11:09:17] [config] dropout-rnn: 0.1
[2019-07-18 11:09:17] [config] dropout-src: 0
[2019-07-18 11:09:17] [config] dropout-trg: 0
[2019-07-18 11:09:17] [config] dump-config: ""
[2019-07-18 11:09:17] [config] early-stopping: 5
[2019-07-18 11:09:17] [config] embedding-fix-src: false
[2019-07-18 11:09:17] [config] embedding-fix-trg: false
[2019-07-18 11:09:17] [config] embedding-normalization: false
[2019-07-18 11:09:17] [config] embedding-vectors:
[2019-07-18 11:09:17] [config]   []
[2019-07-18 11:09:17] [config] enc-cell: gru
[2019-07-18 11:09:17] [config] enc-cell-depth: 1
[2019-07-18 11:09:17] [config] enc-depth: 1
[2019-07-18 11:09:17] [config] enc-type: bidirectional
[2019-07-18 11:09:17] [config] exponential-smoothing: 0.0001
[2019-07-18 11:09:17] [config] grad-dropping-momentum: 0
[2019-07-18 11:09:17] [config] grad-dropping-rate: 0
[2019-07-18 11:09:17] [config] grad-dropping-warmup: 100
[2019-07-18 11:09:17] [config] guided-alignment: none
[2019-07-18 11:09:17] [config] guided-alignment-cost: mse
[2019-07-18 11:09:17] [config] guided-alignment-weight: 0.1
[2019-07-18 11:09:17] [config] ignore-model-config: false
[2019-07-18 11:09:17] [config] input-types:
[2019-07-18 11:09:17] [config]   []
[2019-07-18 11:09:17] [config] interpolate-env-vars: false
[2019-07-18 11:09:17] [config] keep-best: false
[2019-07-18 11:09:17] [config] label-smoothing: 0
[2019-07-18 11:09:17] [config] layer-normalization: true
[2019-07-18 11:09:17] [config] learn-rate: 0.0003
[2019-07-18 11:09:17] [config] log: ../experiments/100M_mc_fasttext_prob_x_len_+_biced_0.25_x_bic1.1_x_dcce/model/train.log
[2019-07-18 11:09:17] [config] log-level: info
[2019-07-18 11:09:17] [config] log-time-zone: ""
[2019-07-18 11:09:17] [config] lr-decay: 0
[2019-07-18 11:09:17] [config] lr-decay-freq: 50000
[2019-07-18 11:09:17] [config] lr-decay-inv-sqrt:
[2019-07-18 11:09:17] [config]   - 16000
[2019-07-18 11:09:17] [config] lr-decay-repeat-warmup: false
[2019-07-18 11:09:17] [config] lr-decay-reset-optimizer: false
[2019-07-18 11:09:17] [config] lr-decay-start:
[2019-07-18 11:09:17] [config]   - 10
[2019-07-18 11:09:17] [config]   - 1
[2019-07-18 11:09:17] [config] lr-decay-strategy: epoch+stalled
[2019-07-18 11:09:17] [config] lr-report: false
[2019-07-18 11:09:17] [config] lr-warmup: 0
[2019-07-18 11:09:17] [config] lr-warmup-at-reload: false
[2019-07-18 11:09:17] [config] lr-warmup-cycle: false
[2019-07-18 11:09:17] [config] lr-warmup-start-rate: 0
[2019-07-18 11:09:17] [config] max-length: 50
[2019-07-18 11:09:17] [config] max-length-crop: false
[2019-07-18 11:09:17] [config] max-length-factor: 3
[2019-07-18 11:09:17] [config] maxi-batch: 100
[2019-07-18 11:09:17] [config] maxi-batch-sort: trg
[2019-07-18 11:09:17] [config] mini-batch: 64
[2019-07-18 11:09:17] [config] mini-batch-fit: true
[2019-07-18 11:09:17] [config] mini-batch-fit-step: 10
[2019-07-18 11:09:17] [config] mini-batch-overstuff: 1
[2019-07-18 11:09:17] [config] mini-batch-track-lr: false
[2019-07-18 11:09:17] [config] mini-batch-understuff: 1
[2019-07-18 11:09:17] [config] mini-batch-warmup: 0
[2019-07-18 11:09:17] [config] mini-batch-words: 0
[2019-07-18 11:09:17] [config] mini-batch-words-ref: 0
[2019-07-18 11:09:17] [config] model: ../experiments/100M_mc_fasttext_prob_x_len_+_biced_0.25_x_bic1.1_x_dcce/model/model.npz
[2019-07-18 11:09:17] [config] multi-loss-type: sum
[2019-07-18 11:09:17] [config] multi-node: false
[2019-07-18 11:09:17] [config] multi-node-overlap: true
[2019-07-18 11:09:17] [config] n-best: false
[2019-07-18 11:09:17] [config] no-nccl: false
[2019-07-18 11:09:17] [config] no-reload: false
[2019-07-18 11:09:17] [config] no-restore-corpus: false
[2019-07-18 11:09:17] [config] no-shuffle: false
[2019-07-18 11:09:17] [config] normalize: 1
[2019-07-18 11:09:17] [config] num-devices: 0
[2019-07-18 11:09:17] [config] optimizer: adam
[2019-07-18 11:09:17] [config] optimizer-delay: 1
[2019-07-18 11:09:17] [config] optimizer-params:
[2019-07-18 11:09:17] [config]   []
[2019-07-18 11:09:17] [config] overwrite: false
[2019-07-18 11:09:17] [config] pretrained-model: ""
[2019-07-18 11:09:17] [config] quiet: false
[2019-07-18 11:09:17] [config] quiet-translation: true
[2019-07-18 11:09:17] [config] relative-paths: false
[2019-07-18 11:09:17] [config] right-left: false
[2019-07-18 11:09:17] [config] save-freq: 5000
[2019-07-18 11:09:17] [config] seed: 1111
[2019-07-18 11:09:17] [config] shuffle-in-ram: false
[2019-07-18 11:09:17] [config] skip: false
[2019-07-18 11:09:17] [config] sqlite: ""
[2019-07-18 11:09:17] [config] sqlite-drop: false
[2019-07-18 11:09:17] [config] sync-sgd: true
[2019-07-18 11:09:17] [config] tempdir: .
[2019-07-18 11:09:17] [config] tied-embeddings: false
[2019-07-18 11:09:17] [config] tied-embeddings-all: false
[2019-07-18 11:09:17] [config] tied-embeddings-src: false
[2019-07-18 11:09:17] [config] train-sets:
[2019-07-18 11:09:17] [config]   - ../experiments/100M_mc_fasttext_prob_x_len_+_biced_0.25_x_bic1.1_x_dcce/data/train.bpe.de
[2019-07-18 11:09:17] [config]   - ../experiments/100M_mc_fasttext_prob_x_len_+_biced_0.25_x_bic1.1_x_dcce/data/train.bpe.en
[2019-07-18 11:09:17] [config] transformer-aan-activation: swish
[2019-07-18 11:09:17] [config] transformer-aan-depth: 2
[2019-07-18 11:09:17] [config] transformer-aan-nogate: false
[2019-07-18 11:09:17] [config] transformer-decoder-autoreg: self-attention
[2019-07-18 11:09:17] [config] transformer-dim-aan: 2048
[2019-07-18 11:09:17] [config] transformer-dim-ffn: 2048
[2019-07-18 11:09:17] [config] transformer-dropout: 0
[2019-07-18 11:09:17] [config] transformer-dropout-attention: 0
[2019-07-18 11:09:17] [config] transformer-dropout-ffn: 0
[2019-07-18 11:09:17] [config] transformer-ffn-activation: swish
[2019-07-18 11:09:17] [config] transformer-ffn-depth: 2
[2019-07-18 11:09:17] [config] transformer-guided-alignment-layer: last
[2019-07-18 11:09:17] [config] transformer-heads: 8
[2019-07-18 11:09:17] [config] transformer-no-projection: false
[2019-07-18 11:09:17] [config] transformer-postprocess: dan
[2019-07-18 11:09:17] [config] transformer-postprocess-emb: d
[2019-07-18 11:09:17] [config] transformer-preprocess: ""
[2019-07-18 11:09:17] [config] transformer-tied-layers:
[2019-07-18 11:09:17] [config]   []
[2019-07-18 11:09:17] [config] transformer-train-position-embeddings: false
[2019-07-18 11:09:17] [config] type: amun
[2019-07-18 11:09:17] [config] ulr: false
[2019-07-18 11:09:17] [config] ulr-dim-emb: 0
[2019-07-18 11:09:17] [config] ulr-dropout: 0
[2019-07-18 11:09:17] [config] ulr-keys-vectors: ""
[2019-07-18 11:09:17] [config] ulr-query-vectors: ""
[2019-07-18 11:09:17] [config] ulr-softmax-temperature: 1
[2019-07-18 11:09:17] [config] ulr-trainable-transformation: false
[2019-07-18 11:09:17] [config] valid-freq: 5000
[2019-07-18 11:09:17] [config] valid-log: ../experiments/100M_mc_fasttext_prob_x_len_+_biced_0.25_x_bic1.1_x_dcce/model/valid.log
[2019-07-18 11:09:17] [config] valid-max-length: 1000
[2019-07-18 11:09:17] [config] valid-metrics:
[2019-07-18 11:09:17] [config]   - cross-entropy
[2019-07-18 11:09:17] [config]   - perplexity
[2019-07-18 11:09:17] [config]   - translation
[2019-07-18 11:09:17] [config] valid-mini-batch: 8
[2019-07-18 11:09:17] [config] valid-script-path: ../experiments/100M_mc_fasttext_prob_x_len_+_biced_0.25_x_bic1.1_x_dcce/score-dev.sh
[2019-07-18 11:09:17] [config] valid-sets:
[2019-07-18 11:09:17] [config]   - ../experiments/100M_mc_fasttext_prob_x_len_+_biced_0.25_x_bic1.1_x_dcce/data/dev.bpe.de
[2019-07-18 11:09:17] [config]   - ../experiments/100M_mc_fasttext_prob_x_len_+_biced_0.25_x_bic1.1_x_dcce/data/dev.bpe.en
[2019-07-18 11:09:17] [config] valid-translation-output: ../experiments/100M_mc_fasttext_prob_x_len_+_biced_0.25_x_bic1.1_x_dcce/model/dev.out
[2019-07-18 11:09:17] [config] vocabs:
[2019-07-18 11:09:17] [config]   - ../experiments/100M_mc_fasttext_prob_x_len_+_biced_0.25_x_bic1.1_x_dcce/data/train.bpe.de.json
[2019-07-18 11:09:17] [config]   - ../experiments/100M_mc_fasttext_prob_x_len_+_biced_0.25_x_bic1.1_x_dcce/data/train.bpe.en.json
[2019-07-18 11:09:17] [config] word-penalty: 0
[2019-07-18 11:09:17] [config] workspace: 5000
[2019-07-18 11:09:17] [config] Model is being created with Marian v1.7.8 ec2d66e 2019-05-27 14:52:11 +0100
[2019-07-18 11:09:18] Using synchronous training
[2019-07-18 11:09:18] [data] Loading vocabulary from JSON/Yaml file ../experiments/100M_mc_fasttext_prob_x_len_+_biced_0.25_x_bic1.1_x_dcce/data/train.bpe.de.json
[2019-07-18 11:09:18] [data] Using unused word id eos for 0
[2019-07-18 11:09:18] [data] Using unused word id UNK for 1
[2019-07-18 11:09:18] [data] Setting vocabulary size for input 0 to 50000
[2019-07-18 11:09:18] [data] Loading vocabulary from JSON/Yaml file ../experiments/100M_mc_fasttext_prob_x_len_+_biced_0.25_x_bic1.1_x_dcce/data/train.bpe.en.json
[2019-07-18 11:09:18] [data] Using unused word id eos for 0
[2019-07-18 11:09:18] [data] Using unused word id UNK for 1
[2019-07-18 11:09:18] [data] Setting vocabulary size for input 1 to 50000
[2019-07-18 11:09:18] Compiled without MPI support. Falling back to FakeMPIWrapper
[2019-07-18 11:09:18] [batching] Collecting statistics for batch fitting with step size 10
[2019-07-18 11:09:20] [memory] Extending reserved space to 5120 MB (device gpu1)
[2019-07-18 11:09:20] [comm] Using NCCL 2.4.2 for GPU communication
[2019-07-18 11:09:20] [comm] NCCLCommunicator constructed successfully.
[2019-07-18 11:09:20] [training] Using 1 GPUs
[2019-07-18 11:09:20] [memory] Reserving 422 MB, device gpu1
[2019-07-18 11:09:20] [gpu] 16-bit TensorCores enabled for float32 matrix operations
[2019-07-18 11:09:20] [memory] Reserving 422 MB, device gpu1
[2019-07-18 11:09:29] [batching] Done. Typical MB size is 6880 target words
[2019-07-18 11:09:29] [memory] Extending reserved space to 5120 MB (device gpu1)
[2019-07-18 11:09:29] [comm] Using NCCL 2.4.2 for GPU communication
[2019-07-18 11:09:29] [comm] NCCLCommunicator constructed successfully.
[2019-07-18 11:09:29] [training] Using 1 GPUs
[2019-07-18 11:09:29] Training started
[2019-07-18 11:09:29] [data] Shuffling data
[2019-07-18 11:09:32] [data] Done reading 4266183 sentences
[2019-07-18 11:09:51] [data] Done shuffling 4266183 sentences to temp files
[2019-07-18 11:09:53] [training] Batches are processed as 1 process(es) x 1 devices/process
[2019-07-18 11:09:53] [memory] Reserving 422 MB, device gpu1
[2019-07-18 11:09:53] [memory] Reserving 422 MB, device gpu1
[2019-07-18 11:09:53] [memory] Reserving 422 MB, device gpu1
[2019-07-18 11:09:53] [memory] Reserving 844 MB, device gpu1
[2019-07-18 11:17:26] Ep. 1 : Up. 1000 : Sen. 154,490 : Cost 145.27171326 : Time 487.86s : 8009.61 words/s
[2019-07-18 11:25:02] Ep. 1 : Up. 2000 : Sen. 308,528 : Cost 113.63674927 : Time 456.16s : 8515.92 words/s
[2019-07-18 11:32:38] Ep. 1 : Up. 3000 : Sen. 462,131 : Cost 89.18093109 : Time 455.73s : 8522.25 words/s
[2019-07-18 11:40:13] Ep. 1 : Up. 4000 : Sen. 616,761 : Cost 77.42522430 : Time 455.30s : 8555.38 words/s
[2019-07-18 11:47:54] Ep. 1 : Up. 5000 : Sen. 770,544 : Cost 72.19879913 : Time 460.39s : 8488.98 words/s
[2019-07-18 11:47:54] Saving model to ../experiments/100M_mc_fasttext_prob_x_len_+_biced_0.25_x_bic1.1_x_dcce/model/model.npz.orig.npz
[2019-07-18 11:48:03] Saving model to ../experiments/100M_mc_fasttext_prob_x_len_+_biced_0.25_x_bic1.1_x_dcce/model/model.iter5000.npz
[2019-07-18 11:48:10] Saving model to ../experiments/100M_mc_fasttext_prob_x_len_+_biced_0.25_x_bic1.1_x_dcce/model/model.npz
[2019-07-18 11:48:19] Saving Adam parameters to ../experiments/100M_mc_fasttext_prob_x_len_+_biced_0.25_x_bic1.1_x_dcce/model/model.npz.optimizer.npz
[2019-07-18 11:48:43] [valid] Ep. 1 : Up. 5000 : cross-entropy : 71.3775 : new best
[2019-07-18 11:48:51] [valid] Ep. 1 : Up. 5000 : perplexity : 16.7776 : new best
[2019-07-18 11:49:59] [valid] Ep. 1 : Up. 5000 : translation : 21.79 : new best
[2019-07-18 11:57:37] Ep. 1 : Up. 6000 : Sen. 924,203 : Cost 67.57721710 : Time 582.88s : 6650.15 words/s
[2019-07-18 12:05:13] Ep. 1 : Up. 7000 : Sen. 1,078,162 : Cost 64.67716217 : Time 456.28s : 8499.55 words/s
[2019-07-18 12:12:52] Ep. 1 : Up. 8000 : Sen. 1,232,226 : Cost 63.01578522 : Time 459.14s : 8476.33 words/s
[2019-07-18 12:20:33] Ep. 1 : Up. 9000 : Sen. 1,386,410 : Cost 61.38111115 : Time 460.87s : 8462.98 words/s
[2019-07-18 12:28:10] Ep. 1 : Up. 10000 : Sen. 1,539,428 : Cost 60.03572083 : Time 456.72s : 8477.15 words/s
[2019-07-18 12:28:10] Saving model to ../experiments/100M_mc_fasttext_prob_x_len_+_biced_0.25_x_bic1.1_x_dcce/model/model.npz.orig.npz
[2019-07-18 12:28:19] Saving model to ../experiments/100M_mc_fasttext_prob_x_len_+_biced_0.25_x_bic1.1_x_dcce/model/model.iter10000.npz
[2019-07-18 12:28:26] Saving model to ../experiments/100M_mc_fasttext_prob_x_len_+_biced_0.25_x_bic1.1_x_dcce/model/model.npz
[2019-07-18 12:28:35] Saving Adam parameters to ../experiments/100M_mc_fasttext_prob_x_len_+_biced_0.25_x_bic1.1_x_dcce/model/model.npz.optimizer.npz
[2019-07-18 12:29:02] [valid] Ep. 1 : Up. 10000 : cross-entropy : 58.0998 : new best
[2019-07-18 12:29:10] [valid] Ep. 1 : Up. 10000 : perplexity : 9.92898 : new best
[2019-07-18 12:30:14] [valid] Ep. 1 : Up. 10000 : translation : 25.93 : new best
[2019-07-18 12:37:56] Ep. 1 : Up. 11000 : Sen. 1,694,004 : Cost 58.85211182 : Time 585.42s : 6657.82 words/s
[2019-07-18 12:45:30] Ep. 1 : Up. 12000 : Sen. 1,847,346 : Cost 57.77655792 : Time 454.86s : 8503.95 words/s
[2019-07-18 12:53:10] Ep. 1 : Up. 13000 : Sen. 2,000,922 : Cost 57.07197189 : Time 459.97s : 8453.35 words/s
[2019-07-18 13:00:46] Ep. 1 : Up. 14000 : Sen. 2,153,956 : Cost 56.43172836 : Time 455.19s : 8505.46 words/s
[2019-07-18 13:08:20] Ep. 1 : Up. 15000 : Sen. 2,307,480 : Cost 55.45616913 : Time 454.36s : 8506.08 words/s
[2019-07-18 13:08:20] Saving model to ../experiments/100M_mc_fasttext_prob_x_len_+_biced_0.25_x_bic1.1_x_dcce/model/model.npz.orig.npz
[2019-07-18 13:08:29] Saving model to ../experiments/100M_mc_fasttext_prob_x_len_+_biced_0.25_x_bic1.1_x_dcce/model/model.iter15000.npz
[2019-07-18 13:08:35] Saving model to ../experiments/100M_mc_fasttext_prob_x_len_+_biced_0.25_x_bic1.1_x_dcce/model/model.npz
[2019-07-18 13:08:45] Saving Adam parameters to ../experiments/100M_mc_fasttext_prob_x_len_+_biced_0.25_x_bic1.1_x_dcce/model/model.npz.optimizer.npz
[2019-07-18 13:09:09] [valid] Ep. 1 : Up. 15000 : cross-entropy : 53.1801 : new best
[2019-07-18 13:09:16] [valid] Ep. 1 : Up. 15000 : perplexity : 8.17505 : new best
[2019-07-18 13:10:19] [valid] Ep. 1 : Up. 15000 : translation : 27.87 : new best
[2019-07-18 13:18:01] Ep. 1 : Up. 16000 : Sen. 2,461,409 : Cost 55.25368881 : Time 581.28s : 6701.47 words/s
[2019-07-18 13:25:42] Ep. 1 : Up. 17000 : Sen. 2,615,425 : Cost 54.44193649 : Time 460.60s : 8466.39 words/s
[2019-07-18 13:33:17] Ep. 1 : Up. 18000 : Sen. 2,768,297 : Cost 53.75807571 : Time 454.79s : 8492.19 words/s
[2019-07-18 13:40:55] Ep. 1 : Up. 19000 : Sen. 2,921,995 : Cost 53.15586090 : Time 458.26s : 8456.52 words/s
[2019-07-18 13:48:31] Ep. 1 : Up. 20000 : Sen. 3,075,721 : Cost 52.64847946 : Time 456.04s : 8507.84 words/s
[2019-07-18 13:48:31] Saving model to ../experiments/100M_mc_fasttext_prob_x_len_+_biced_0.25_x_bic1.1_x_dcce/model/model.npz.orig.npz
[2019-07-18 13:48:40] Saving model to ../experiments/100M_mc_fasttext_prob_x_len_+_biced_0.25_x_bic1.1_x_dcce/model/model.iter20000.npz
[2019-07-18 13:48:46] Saving model to ../experiments/100M_mc_fasttext_prob_x_len_+_biced_0.25_x_bic1.1_x_dcce/model/model.npz
[2019-07-18 13:48:55] Saving Adam parameters to ../experiments/100M_mc_fasttext_prob_x_len_+_biced_0.25_x_bic1.1_x_dcce/model/model.npz.optimizer.npz
[2019-07-18 13:49:21] [valid] Ep. 1 : Up. 20000 : cross-entropy : 50.3923 : new best
[2019-07-18 13:49:28] [valid] Ep. 1 : Up. 20000 : perplexity : 7.32244 : new best
[2019-07-18 13:50:31] [valid] Ep. 1 : Up. 20000 : translation : 28.95 : new best
[2019-07-18 13:58:12] Ep. 1 : Up. 21000 : Sen. 3,230,016 : Cost 52.47660828 : Time 581.08s : 6711.59 words/s
[2019-07-18 14:05:47] Ep. 1 : Up. 22000 : Sen. 3,383,934 : Cost 51.67131805 : Time 455.20s : 8510.25 words/s
[2019-07-18 14:07:47] Seen 3423699 samples
[2019-07-18 14:07:47] Starting epoch 2
[2019-07-18 14:07:47] [data] Shuffling data
[2019-07-18 14:07:50] [data] Done reading 4266183 sentences
[2019-07-18 14:08:10] [data] Done shuffling 4266183 sentences to temp files
[2019-07-18 14:13:56] Ep. 2 : Up. 23000 : Sen. 114,070 : Cost 49.90039825 : Time 488.42s : 7967.84 words/s
[2019-07-18 14:21:31] Ep. 2 : Up. 24000 : Sen. 267,159 : Cost 49.11825562 : Time 455.70s : 8481.05 words/s
[2019-07-18 14:29:06] Ep. 2 : Up. 25000 : Sen. 420,056 : Cost 49.26635742 : Time 454.56s : 8523.14 words/s
[2019-07-18 14:29:06] Saving model to ../experiments/100M_mc_fasttext_prob_x_len_+_biced_0.25_x_bic1.1_x_dcce/model/model.npz.orig.npz
[2019-07-18 14:29:15] Saving model to ../experiments/100M_mc_fasttext_prob_x_len_+_biced_0.25_x_bic1.1_x_dcce/model/model.iter25000.npz
[2019-07-18 14:29:26] Saving model to ../experiments/100M_mc_fasttext_prob_x_len_+_biced_0.25_x_bic1.1_x_dcce/model/model.npz
[2019-07-18 14:29:35] Saving Adam parameters to ../experiments/100M_mc_fasttext_prob_x_len_+_biced_0.25_x_bic1.1_x_dcce/model/model.npz.optimizer.npz
[2019-07-18 14:29:58] [valid] Ep. 2 : Up. 25000 : cross-entropy : 48.7799 : new best
[2019-07-18 14:30:05] [valid] Ep. 2 : Up. 25000 : perplexity : 6.87051 : new best
[2019-07-18 14:31:06] [valid] Ep. 2 : Up. 25000 : translation : 29.23 : new best
[2019-07-18 14:38:43] Ep. 2 : Up. 26000 : Sen. 574,003 : Cost 48.85308075 : Time 577.06s : 6736.58 words/s
[2019-07-18 14:46:22] Ep. 2 : Up. 27000 : Sen. 728,404 : Cost 48.76348877 : Time 459.50s : 8483.49 words/s
[2019-07-18 14:53:56] Ep. 2 : Up. 28000 : Sen. 881,972 : Cost 48.50609589 : Time 453.72s : 8544.83 words/s
[2019-07-18 15:01:33] Ep. 2 : Up. 29000 : Sen. 1,036,140 : Cost 48.47036362 : Time 456.99s : 8519.92 words/s
[2019-07-18 15:09:09] Ep. 2 : Up. 30000 : Sen. 1,189,613 : Cost 48.45139313 : Time 455.70s : 8525.68 words/s
[2019-07-18 15:09:09] Saving model to ../experiments/100M_mc_fasttext_prob_x_len_+_biced_0.25_x_bic1.1_x_dcce/model/model.npz.orig.npz
[2019-07-18 15:09:18] Saving model to ../experiments/100M_mc_fasttext_prob_x_len_+_biced_0.25_x_bic1.1_x_dcce/model/model.iter30000.npz
[2019-07-18 15:09:24] Saving model to ../experiments/100M_mc_fasttext_prob_x_len_+_biced_0.25_x_bic1.1_x_dcce/model/model.npz
[2019-07-18 15:09:34] Saving Adam parameters to ../experiments/100M_mc_fasttext_prob_x_len_+_biced_0.25_x_bic1.1_x_dcce/model/model.npz.optimizer.npz
[2019-07-18 15:10:02] [valid] Ep. 2 : Up. 30000 : cross-entropy : 47.8533 : new best
[2019-07-18 15:10:10] [valid] Ep. 2 : Up. 30000 : perplexity : 6.62353 : new best
[2019-07-18 15:11:11] [valid] Ep. 2 : Up. 30000 : translation : 29.97 : new best
[2019-07-18 15:18:48] Ep. 2 : Up. 31000 : Sen. 1,343,374 : Cost 47.98461533 : Time 578.94s : 6693.62 words/s
[2019-07-18 15:26:25] Ep. 2 : Up. 32000 : Sen. 1,497,370 : Cost 48.24517441 : Time 456.80s : 8535.94 words/s
[2019-07-18 15:33:59] Ep. 2 : Up. 33000 : Sen. 1,651,200 : Cost 47.98344803 : Time 453.93s : 8564.64 words/s
[2019-07-18 15:41:35] Ep. 2 : Up. 34000 : Sen. 1,805,522 : Cost 47.78339005 : Time 456.39s : 8528.00 words/s
[2019-07-18 15:49:09] Ep. 2 : Up. 35000 : Sen. 1,959,390 : Cost 47.56269455 : Time 454.22s : 8554.81 words/s
[2019-07-18 15:49:09] Saving model to ../experiments/100M_mc_fasttext_prob_x_len_+_biced_0.25_x_bic1.1_x_dcce/model/model.npz.orig.npz
[2019-07-18 15:49:20] Saving model to ../experiments/100M_mc_fasttext_prob_x_len_+_biced_0.25_x_bic1.1_x_dcce/model/model.iter35000.npz
[2019-07-18 15:49:27] Saving model to ../experiments/100M_mc_fasttext_prob_x_len_+_biced_0.25_x_bic1.1_x_dcce/model/model.npz
[2019-07-18 15:49:36] Saving Adam parameters to ../experiments/100M_mc_fasttext_prob_x_len_+_biced_0.25_x_bic1.1_x_dcce/model/model.npz.optimizer.npz
[2019-07-18 15:49:59] [valid] Ep. 2 : Up. 35000 : cross-entropy : 47.0906 : new best
[2019-07-18 15:50:07] [valid] Ep. 2 : Up. 35000 : perplexity : 6.42692 : new best
[2019-07-18 15:51:07] [valid] Ep. 2 : Up. 35000 : translation : 30.38 : new best
[2019-07-18 15:58:45] Ep. 2 : Up. 36000 : Sen. 2,112,834 : Cost 47.55154419 : Time 575.87s : 6745.38 words/s
[2019-07-18 16:06:21] Ep. 2 : Up. 37000 : Sen. 2,266,392 : Cost 47.41987610 : Time 456.33s : 8492.32 words/s
[2019-07-18 16:13:56] Ep. 2 : Up. 38000 : Sen. 2,420,132 : Cost 47.29662323 : Time 454.49s : 8541.94 words/s
[2019-07-18 16:21:29] Ep. 2 : Up. 39000 : Sen. 2,574,058 : Cost 47.00850296 : Time 453.30s : 8547.88 words/s
[2019-07-18 16:29:03] Ep. 2 : Up. 40000 : Sen. 2,727,060 : Cost 47.19601822 : Time 453.77s : 8537.02 words/s
[2019-07-18 16:29:03] Saving model to ../experiments/100M_mc_fasttext_prob_x_len_+_biced_0.25_x_bic1.1_x_dcce/model/model.npz.orig.npz
[2019-07-18 16:29:12] Saving model to ../experiments/100M_mc_fasttext_prob_x_len_+_biced_0.25_x_bic1.1_x_dcce/model/model.iter40000.npz
[2019-07-18 16:29:19] Saving model to ../experiments/100M_mc_fasttext_prob_x_len_+_biced_0.25_x_bic1.1_x_dcce/model/model.npz
[2019-07-18 16:29:28] Saving Adam parameters to ../experiments/100M_mc_fasttext_prob_x_len_+_biced_0.25_x_bic1.1_x_dcce/model/model.npz.optimizer.npz
[2019-07-18 16:29:52] [valid] Ep. 2 : Up. 40000 : cross-entropy : 46.4875 : new best
[2019-07-18 16:30:00] [valid] Ep. 2 : Up. 40000 : perplexity : 6.2756 : new best
[2019-07-18 16:31:00] [valid] Ep. 2 : Up. 40000 : translation : 30.56 : new best
[2019-07-18 16:38:37] Ep. 2 : Up. 41000 : Sen. 2,880,674 : Cost 46.90525436 : Time 574.30s : 6748.39 words/s
[2019-07-18 16:46:12] Ep. 2 : Up. 42000 : Sen. 3,034,545 : Cost 46.92647552 : Time 455.27s : 8538.52 words/s
[2019-07-18 16:53:49] Ep. 2 : Up. 43000 : Sen. 3,188,310 : Cost 46.76032257 : Time 456.37s : 8525.32 words/s
[2019-07-18 17:01:24] Ep. 2 : Up. 44000 : Sen. 3,341,473 : Cost 46.65342712 : Time 455.07s : 8510.49 words/s
[2019-07-18 17:05:28] Seen 3423699 samples
[2019-07-18 17:05:28] Starting epoch 3
[2019-07-18 17:05:28] [data] Shuffling data
[2019-07-18 17:05:32] [data] Done reading 4266183 sentences
[2019-07-18 17:05:52] [data] Done shuffling 4266183 sentences to temp files
[2019-07-18 17:09:27] Ep. 3 : Up. 45000 : Sen. 71,638 : Cost 45.08172989 : Time 483.44s : 8008.25 words/s
[2019-07-18 17:09:27] Saving model to ../experiments/100M_mc_fasttext_prob_x_len_+_biced_0.25_x_bic1.1_x_dcce/model/model.npz.orig.npz
[2019-07-18 17:09:37] Saving model to ../experiments/100M_mc_fasttext_prob_x_len_+_biced_0.25_x_bic1.1_x_dcce/model/model.iter45000.npz
[2019-07-18 17:09:43] Saving model to ../experiments/100M_mc_fasttext_prob_x_len_+_biced_0.25_x_bic1.1_x_dcce/model/model.npz
[2019-07-18 17:09:53] Saving Adam parameters to ../experiments/100M_mc_fasttext_prob_x_len_+_biced_0.25_x_bic1.1_x_dcce/model/model.npz.optimizer.npz
[2019-07-18 17:10:19] [valid] Ep. 3 : Up. 45000 : cross-entropy : 45.9055 : new best
[2019-07-18 17:10:26] [valid] Ep. 3 : Up. 45000 : perplexity : 6.13294 : new best
[2019-07-18 17:11:28] [valid] Ep. 3 : Up. 45000 : translation : 30.8 : new best
[2019-07-18 17:19:10] Ep. 3 : Up. 46000 : Sen. 225,979 : Cost 43.85205078 : Time 582.85s : 6704.28 words/s
[2019-07-18 17:26:45] Ep. 3 : Up. 47000 : Sen. 378,850 : Cost 44.10408783 : Time 454.89s : 8504.45 words/s
[2019-07-18 17:34:23] Ep. 3 : Up. 48000 : Sen. 532,449 : Cost 43.96867371 : Time 457.53s : 8495.82 words/s
[2019-07-18 17:42:01] Ep. 3 : Up. 49000 : Sen. 686,710 : Cost 43.95984268 : Time 458.14s : 8509.97 words/s
[2019-07-18 17:49:38] Ep. 3 : Up. 50000 : Sen. 840,439 : Cost 44.20808411 : Time 456.96s : 8516.88 words/s
[2019-07-18 17:49:38] Saving model to ../experiments/100M_mc_fasttext_prob_x_len_+_biced_0.25_x_bic1.1_x_dcce/model/model.npz.orig.npz
[2019-07-18 17:49:46] Saving model to ../experiments/100M_mc_fasttext_prob_x_len_+_biced_0.25_x_bic1.1_x_dcce/model/model.iter50000.npz
[2019-07-18 17:49:53] Saving model to ../experiments/100M_mc_fasttext_prob_x_len_+_biced_0.25_x_bic1.1_x_dcce/model/model.npz
[2019-07-18 17:50:02] Saving Adam parameters to ../experiments/100M_mc_fasttext_prob_x_len_+_biced_0.25_x_bic1.1_x_dcce/model/model.npz.optimizer.npz
[2019-07-18 17:50:26] [valid] Ep. 3 : Up. 50000 : cross-entropy : 45.7296 : new best
[2019-07-18 17:50:33] [valid] Ep. 3 : Up. 50000 : perplexity : 6.09047 : new best
[2019-07-18 17:51:35] [valid] Ep. 3 : Up. 50000 : translation : 30.99 : new best
[2019-07-18 17:59:12] Ep. 3 : Up. 51000 : Sen. 993,961 : Cost 44.04487228 : Time 574.27s : 6753.76 words/s
[2019-07-18 18:06:47] Ep. 3 : Up. 52000 : Sen. 1,148,091 : Cost 43.74766922 : Time 455.30s : 8534.53 words/s
[2019-07-18 18:14:20] Ep. 3 : Up. 53000 : Sen. 1,300,990 : Cost 43.92109680 : Time 452.93s : 8514.00 words/s
[2019-07-18 18:21:58] Ep. 3 : Up. 54000 : Sen. 1,455,129 : Cost 43.79016876 : Time 457.48s : 8493.46 words/s
[2019-07-18 18:29:31] Ep. 3 : Up. 55000 : Sen. 1,607,415 : Cost 44.21402359 : Time 453.04s : 8515.97 words/s
[2019-07-18 18:29:31] Saving model to ../experiments/100M_mc_fasttext_prob_x_len_+_biced_0.25_x_bic1.1_x_dcce/model/model.npz.orig.npz
[2019-07-18 18:29:40] Saving model to ../experiments/100M_mc_fasttext_prob_x_len_+_biced_0.25_x_bic1.1_x_dcce/model/model.iter55000.npz
[2019-07-18 18:29:47] Saving model to ../experiments/100M_mc_fasttext_prob_x_len_+_biced_0.25_x_bic1.1_x_dcce/model/model.npz
[2019-07-18 18:29:56] Saving Adam parameters to ../experiments/100M_mc_fasttext_prob_x_len_+_biced_0.25_x_bic1.1_x_dcce/model/model.npz.optimizer.npz
[2019-07-18 18:30:20] [valid] Ep. 3 : Up. 55000 : cross-entropy : 45.5768 : new best
[2019-07-18 18:30:28] [valid] Ep. 3 : Up. 55000 : perplexity : 6.05381 : new best
[2019-07-18 18:31:30] [valid] Ep. 3 : Up. 55000 : translation : 31.09 : new best
[2019-07-18 18:39:08] Ep. 3 : Up. 56000 : Sen. 1,760,908 : Cost 43.74140167 : Time 577.18s : 6697.67 words/s
[2019-07-18 18:46:47] Ep. 3 : Up. 57000 : Sen. 1,914,575 : Cost 44.12338257 : Time 459.32s : 8464.65 words/s
[2019-07-18 18:54:26] Ep. 3 : Up. 58000 : Sen. 2,068,227 : Cost 43.97578049 : Time 459.09s : 8459.14 words/s
[2019-07-18 19:02:03] Ep. 3 : Up. 59000 : Sen. 2,221,357 : Cost 44.11797714 : Time 456.84s : 8466.55 words/s
[2019-07-18 19:09:40] Ep. 3 : Up. 60000 : Sen. 2,374,532 : Cost 43.92494202 : Time 456.35s : 8473.99 words/s
[2019-07-18 19:09:40] Saving model to ../experiments/100M_mc_fasttext_prob_x_len_+_biced_0.25_x_bic1.1_x_dcce/model/model.npz.orig.npz
[2019-07-18 19:09:49] Saving model to ../experiments/100M_mc_fasttext_prob_x_len_+_biced_0.25_x_bic1.1_x_dcce/model/model.iter60000.npz
[2019-07-18 19:09:56] Saving model to ../experiments/100M_mc_fasttext_prob_x_len_+_biced_0.25_x_bic1.1_x_dcce/model/model.npz
[2019-07-18 19:10:05] Saving Adam parameters to ../experiments/100M_mc_fasttext_prob_x_len_+_biced_0.25_x_bic1.1_x_dcce/model/model.npz.optimizer.npz
[2019-07-18 19:10:29] [valid] Ep. 3 : Up. 60000 : cross-entropy : 45.3384 : new best
[2019-07-18 19:10:37] [valid] Ep. 3 : Up. 60000 : perplexity : 5.99707 : new best
[2019-07-18 19:11:39] [valid] Ep. 3 : Up. 60000 : translation : 31.2 : new best
[2019-07-18 19:19:19] Ep. 3 : Up. 61000 : Sen. 2,528,396 : Cost 44.04167557 : Time 579.38s : 6716.19 words/s
[2019-07-18 19:26:56] Ep. 3 : Up. 62000 : Sen. 2,681,864 : Cost 43.97699738 : Time 456.85s : 8491.84 words/s
[2019-07-18 19:34:34] Ep. 3 : Up. 63000 : Sen. 2,835,502 : Cost 43.76148605 : Time 457.94s : 8476.69 words/s
[2019-07-18 19:42:08] Ep. 3 : Up. 64000 : Sen. 2,989,030 : Cost 43.69637299 : Time 454.11s : 8521.61 words/s
[2019-07-18 19:49:43] Ep. 3 : Up. 65000 : Sen. 3,142,664 : Cost 43.91485214 : Time 455.48s : 8534.34 words/s
[2019-07-18 19:49:43] Saving model to ../experiments/100M_mc_fasttext_prob_x_len_+_biced_0.25_x_bic1.1_x_dcce/model/model.npz.orig.npz
[2019-07-18 19:49:52] Saving model to ../experiments/100M_mc_fasttext_prob_x_len_+_biced_0.25_x_bic1.1_x_dcce/model/model.iter65000.npz
[2019-07-18 19:49:59] Saving model to ../experiments/100M_mc_fasttext_prob_x_len_+_biced_0.25_x_bic1.1_x_dcce/model/model.npz
[2019-07-18 19:50:08] Saving Adam parameters to ../experiments/100M_mc_fasttext_prob_x_len_+_biced_0.25_x_bic1.1_x_dcce/model/model.npz.optimizer.npz
[2019-07-18 19:50:32] [valid] Ep. 3 : Up. 65000 : cross-entropy : 45.1046 : new best
[2019-07-18 19:50:40] [valid] Ep. 3 : Up. 65000 : perplexity : 5.94193 : new best
[2019-07-18 19:51:42] [valid] Ep. 3 : Up. 65000 : translation : 31.21 : new best
[2019-07-18 19:59:21] Ep. 3 : Up. 66000 : Sen. 3,296,936 : Cost 43.72525024 : Time 577.26s : 6733.29 words/s
[2019-07-18 20:05:37] Seen 3423699 samples
[2019-07-18 20:05:37] Starting epoch 4
[2019-07-18 20:05:37] [data] Shuffling data
[2019-07-18 20:05:40] [data] Done reading 4266183 sentences
[2019-07-18 20:05:59] [data] Done shuffling 4266183 sentences to temp files
[2019-07-18 20:07:22] Ep. 4 : Up. 67000 : Sen. 27,102 : Cost 43.54028702 : Time 481.21s : 8097.47 words/s
[2019-07-18 20:14:59] Ep. 4 : Up. 68000 : Sen. 181,084 : Cost 41.08807373 : Time 456.86s : 8492.91 words/s
[2019-07-18 20:22:37] Ep. 4 : Up. 69000 : Sen. 334,389 : Cost 41.68464661 : Time 458.82s : 8485.00 words/s
[2019-07-18 20:30:15] Ep. 4 : Up. 70000 : Sen. 489,043 : Cost 41.26517487 : Time 457.49s : 8502.10 words/s
[2019-07-18 20:30:15] Saving model to ../experiments/100M_mc_fasttext_prob_x_len_+_biced_0.25_x_bic1.1_x_dcce/model/model.npz.orig.npz
[2019-07-18 20:30:24] Saving model to ../experiments/100M_mc_fasttext_prob_x_len_+_biced_0.25_x_bic1.1_x_dcce/model/model.iter70000.npz
[2019-07-18 20:30:31] Saving model to ../experiments/100M_mc_fasttext_prob_x_len_+_biced_0.25_x_bic1.1_x_dcce/model/model.npz
[2019-07-18 20:30:40] Saving Adam parameters to ../experiments/100M_mc_fasttext_prob_x_len_+_biced_0.25_x_bic1.1_x_dcce/model/model.npz.optimizer.npz
[2019-07-18 20:31:05] [valid] Ep. 4 : Up. 70000 : cross-entropy : 45.0271 : new best
[2019-07-18 20:31:13] [valid] Ep. 4 : Up. 70000 : perplexity : 5.92375 : new best
[2019-07-18 20:32:15] [valid] Ep. 4 : Up. 70000 : translation : 31.32 : new best
[2019-07-18 20:39:53] Ep. 4 : Up. 71000 : Sen. 642,892 : Cost 41.63623810 : Time 577.91s : 6739.41 words/s
[2019-07-18 20:47:32] Ep. 4 : Up. 72000 : Sen. 796,813 : Cost 41.83046341 : Time 458.69s : 8501.05 words/s
[2019-07-18 20:55:09] Ep. 4 : Up. 73000 : Sen. 950,771 : Cost 41.53675461 : Time 457.26s : 8467.97 words/s
[2019-07-18 21:02:47] Ep. 4 : Up. 74000 : Sen. 1,104,620 : Cost 41.83761978 : Time 458.09s : 8505.06 words/s
[2019-07-18 21:10:23] Ep. 4 : Up. 75000 : Sen. 1,258,008 : Cost 41.66406631 : Time 455.88s : 8501.57 words/s
[2019-07-18 21:10:23] Saving model to ../experiments/100M_mc_fasttext_prob_x_len_+_biced_0.25_x_bic1.1_x_dcce/model/model.npz.orig.npz
[2019-07-18 21:10:33] Saving model to ../experiments/100M_mc_fasttext_prob_x_len_+_biced_0.25_x_bic1.1_x_dcce/model/model.iter75000.npz
[2019-07-18 21:10:40] Saving model to ../experiments/100M_mc_fasttext_prob_x_len_+_biced_0.25_x_bic1.1_x_dcce/model/model.npz
[2019-07-18 21:10:50] Saving Adam parameters to ../experiments/100M_mc_fasttext_prob_x_len_+_biced_0.25_x_bic1.1_x_dcce/model/model.npz.optimizer.npz
[2019-07-18 21:11:15] [valid] Ep. 4 : Up. 75000 : cross-entropy : 45.0415 : stalled 1 times (last best: 45.0271)
[2019-07-18 21:11:22] [valid] Ep. 4 : Up. 75000 : perplexity : 5.92712 : stalled 1 times (last best: 5.92375)
[2019-07-18 21:12:24] [valid] Ep. 4 : Up. 75000 : translation : 31.2 : stalled 1 times (last best: 31.32)
[2019-07-18 21:19:58] Ep. 4 : Up. 76000 : Sen. 1,411,215 : Cost 41.57837677 : Time 575.51s : 6704.56 words/s
[2019-07-18 21:27:34] Ep. 4 : Up. 77000 : Sen. 1,564,828 : Cost 41.63022232 : Time 455.75s : 8493.74 words/s
[2019-07-18 21:35:13] Ep. 4 : Up. 78000 : Sen. 1,718,564 : Cost 41.81065750 : Time 458.57s : 8464.97 words/s
[2019-07-18 21:42:52] Ep. 4 : Up. 79000 : Sen. 1,872,275 : Cost 41.97154236 : Time 459.68s : 8458.54 words/s
[2019-07-18 21:50:28] Ep. 4 : Up. 80000 : Sen. 2,025,569 : Cost 41.87721634 : Time 456.11s : 8488.95 words/s
[2019-07-18 21:50:28] Saving model to ../experiments/100M_mc_fasttext_prob_x_len_+_biced_0.25_x_bic1.1_x_dcce/model/model.npz.orig.npz
[2019-07-18 21:50:38] Saving model to ../experiments/100M_mc_fasttext_prob_x_len_+_biced_0.25_x_bic1.1_x_dcce/model/model.iter80000.npz
[2019-07-18 21:50:45] Saving model to ../experiments/100M_mc_fasttext_prob_x_len_+_biced_0.25_x_bic1.1_x_dcce/model/model.npz
[2019-07-18 21:50:54] Saving Adam parameters to ../experiments/100M_mc_fasttext_prob_x_len_+_biced_0.25_x_bic1.1_x_dcce/model/model.npz.optimizer.npz
[2019-07-18 21:51:20] [valid] Ep. 4 : Up. 80000 : cross-entropy : 44.9692 : new best
[2019-07-18 21:51:28] [valid] Ep. 4 : Up. 80000 : perplexity : 5.91021 : new best
[2019-07-18 21:52:31] [valid] Ep. 4 : Up. 80000 : translation : 31.28 : stalled 2 times (last best: 31.32)
[2019-07-18 22:00:10] Ep. 4 : Up. 81000 : Sen. 2,178,777 : Cost 41.92183304 : Time 581.56s : 6668.04 words/s
[2019-07-18 22:07:45] Ep. 4 : Up. 82000 : Sen. 2,331,870 : Cost 41.75366974 : Time 455.35s : 8490.93 words/s
[2019-07-18 22:15:21] Ep. 4 : Up. 83000 : Sen. 2,485,428 : Cost 41.85296249 : Time 455.28s : 8498.14 words/s
[2019-07-18 22:22:59] Ep. 4 : Up. 84000 : Sen. 2,639,546 : Cost 41.94429779 : Time 458.66s : 8497.79 words/s
[2019-07-18 22:30:36] Ep. 4 : Up. 85000 : Sen. 2,793,033 : Cost 42.23460388 : Time 456.66s : 8534.47 words/s
[2019-07-18 22:30:36] Saving model to ../experiments/100M_mc_fasttext_prob_x_len_+_biced_0.25_x_bic1.1_x_dcce/model/model.npz.orig.npz
[2019-07-18 22:30:45] Saving model to ../experiments/100M_mc_fasttext_prob_x_len_+_biced_0.25_x_bic1.1_x_dcce/model/model.iter85000.npz
[2019-07-18 22:30:52] Saving model to ../experiments/100M_mc_fasttext_prob_x_len_+_biced_0.25_x_bic1.1_x_dcce/model/model.npz
[2019-07-18 22:31:02] Saving Adam parameters to ../experiments/100M_mc_fasttext_prob_x_len_+_biced_0.25_x_bic1.1_x_dcce/model/model.npz.optimizer.npz
[2019-07-18 22:31:26] [valid] Ep. 4 : Up. 85000 : cross-entropy : 44.8682 : new best
[2019-07-18 22:31:33] [valid] Ep. 4 : Up. 85000 : perplexity : 5.88667 : new best
[2019-07-18 22:32:37] [valid] Ep. 4 : Up. 85000 : translation : 31.26 : stalled 3 times (last best: 31.32)
[2019-07-18 22:40:15] Ep. 4 : Up. 86000 : Sen. 2,946,850 : Cost 41.92140579 : Time 579.01s : 6697.69 words/s
[2019-07-18 22:47:51] Ep. 4 : Up. 87000 : Sen. 3,101,038 : Cost 41.93196106 : Time 455.80s : 8531.77 words/s
[2019-07-18 22:55:27] Ep. 4 : Up. 88000 : Sen. 3,254,564 : Cost 41.96624374 : Time 456.25s : 8504.01 words/s
[2019-07-18 23:03:02] Ep. 4 : Up. 89000 : Sen. 3,407,318 : Cost 41.88345337 : Time 454.51s : 8470.44 words/s
[2019-07-18 23:03:52] Seen 3423699 samples
[2019-07-18 23:03:52] Starting epoch 5
[2019-07-18 23:03:52] [data] Shuffling data
[2019-07-18 23:03:55] [data] Done reading 4266183 sentences
[2019-07-18 23:04:13] [data] Done shuffling 4266183 sentences to temp files
[2019-07-18 23:11:01] Ep. 5 : Up. 90000 : Sen. 137,488 : Cost 39.93028641 : Time 479.73s : 8105.07 words/s
[2019-07-18 23:11:01] Saving model to ../experiments/100M_mc_fasttext_prob_x_len_+_biced_0.25_x_bic1.1_x_dcce/model/model.npz.orig.npz
[2019-07-18 23:11:10] Saving model to ../experiments/100M_mc_fasttext_prob_x_len_+_biced_0.25_x_bic1.1_x_dcce/model/model.iter90000.npz
[2019-07-18 23:11:18] Saving model to ../experiments/100M_mc_fasttext_prob_x_len_+_biced_0.25_x_bic1.1_x_dcce/model/model.npz
[2019-07-18 23:11:28] Saving Adam parameters to ../experiments/100M_mc_fasttext_prob_x_len_+_biced_0.25_x_bic1.1_x_dcce/model/model.npz.optimizer.npz
[2019-07-18 23:11:52] [valid] Ep. 5 : Up. 90000 : cross-entropy : 44.7581 : new best
[2019-07-18 23:11:59] [valid] Ep. 5 : Up. 90000 : perplexity : 5.86114 : new best
[2019-07-18 23:13:01] [valid] Ep. 5 : Up. 90000 : translation : 31.26 : stalled 4 times (last best: 31.32)
[2019-07-18 23:20:41] Ep. 5 : Up. 91000 : Sen. 290,952 : Cost 40.04321671 : Time 580.22s : 6715.28 words/s
[2019-07-18 23:28:18] Ep. 5 : Up. 92000 : Sen. 444,427 : Cost 39.64487457 : Time 456.17s : 8456.55 words/s
[2019-07-18 23:35:56] Ep. 5 : Up. 93000 : Sen. 598,224 : Cost 39.97140503 : Time 458.40s : 8483.26 words/s
[2019-07-18 23:43:32] Ep. 5 : Up. 94000 : Sen. 751,889 : Cost 39.81023407 : Time 455.87s : 8493.58 words/s
[2019-07-18 23:51:08] Ep. 5 : Up. 95000 : Sen. 906,239 : Cost 40.09865952 : Time 455.84s : 8554.71 words/s
[2019-07-18 23:51:08] Saving model to ../experiments/100M_mc_fasttext_prob_x_len_+_biced_0.25_x_bic1.1_x_dcce/model/model.npz.orig.npz
[2019-07-18 23:51:16] Saving model to ../experiments/100M_mc_fasttext_prob_x_len_+_biced_0.25_x_bic1.1_x_dcce/model/model.iter95000.npz
[2019-07-18 23:51:24] Saving model to ../experiments/100M_mc_fasttext_prob_x_len_+_biced_0.25_x_bic1.1_x_dcce/model/model.npz
[2019-07-18 23:51:33] Saving Adam parameters to ../experiments/100M_mc_fasttext_prob_x_len_+_biced_0.25_x_bic1.1_x_dcce/model/model.npz.optimizer.npz
[2019-07-18 23:51:57] [valid] Ep. 5 : Up. 95000 : cross-entropy : 44.8275 : stalled 1 times (last best: 44.7581)
[2019-07-18 23:52:05] [valid] Ep. 5 : Up. 95000 : perplexity : 5.87722 : stalled 1 times (last best: 5.86114)
[2019-07-18 23:53:06] [valid] Ep. 5 : Up. 95000 : translation : 31.27 : stalled 5 times (last best: 31.32)
[2019-07-19 00:00:46] Ep. 5 : Up. 96000 : Sen. 1,060,022 : Cost 40.22348404 : Time 577.96s : 6737.82 words/s
[2019-07-19 00:08:24] Ep. 5 : Up. 97000 : Sen. 1,214,084 : Cost 40.29711914 : Time 458.57s : 8492.88 words/s
[2019-07-19 00:16:00] Ep. 5 : Up. 98000 : Sen. 1,368,270 : Cost 40.19182587 : Time 456.09s : 8520.76 words/s
[2019-07-19 00:23:38] Ep. 5 : Up. 99000 : Sen. 1,521,625 : Cost 40.35919952 : Time 457.30s : 8493.05 words/s
[2019-07-19 00:31:16] Ep. 5 : Up. 100000 : Sen. 1,675,543 : Cost 40.32115936 : Time 458.33s : 8482.93 words/s
[2019-07-19 00:31:16] Saving model to ../experiments/100M_mc_fasttext_prob_x_len_+_biced_0.25_x_bic1.1_x_dcce/model/model.npz.orig.npz
[2019-07-19 00:31:25] Saving model to ../experiments/100M_mc_fasttext_prob_x_len_+_biced_0.25_x_bic1.1_x_dcce/model/model.iter100000.npz
[2019-07-19 00:31:32] Saving model to ../experiments/100M_mc_fasttext_prob_x_len_+_biced_0.25_x_bic1.1_x_dcce/model/model.npz
[2019-07-19 00:31:41] Saving Adam parameters to ../experiments/100M_mc_fasttext_prob_x_len_+_biced_0.25_x_bic1.1_x_dcce/model/model.npz.optimizer.npz
[2019-07-19 00:32:05] [valid] Ep. 5 : Up. 100000 : cross-entropy : 44.8543 : stalled 2 times (last best: 44.7581)
[2019-07-19 00:32:13] [valid] Ep. 5 : Up. 100000 : perplexity : 5.88344 : stalled 2 times (last best: 5.86114)
[2019-07-19 00:33:15] [valid] Ep. 5 : Up. 100000 : translation : 31.31 : stalled 6 times (last best: 31.32)
[2019-07-19 00:40:51] Ep. 5 : Up. 101000 : Sen. 1,829,052 : Cost 40.28371811 : Time 574.79s : 6717.46 words/s
[2019-07-19 00:48:29] Ep. 5 : Up. 102000 : Sen. 1,981,736 : Cost 40.89581299 : Time 458.30s : 8476.05 words/s
[2019-07-19 00:56:04] Ep. 5 : Up. 103000 : Sen. 2,134,608 : Cost 40.50123596 : Time 455.32s : 8489.43 words/s
[2019-07-19 01:03:42] Ep. 5 : Up. 104000 : Sen. 2,289,412 : Cost 40.32882690 : Time 457.63s : 8522.96 words/s
[2019-07-19 01:11:17] Ep. 5 : Up. 105000 : Sen. 2,442,728 : Cost 40.66353989 : Time 454.49s : 8524.20 words/s
[2019-07-19 01:11:17] Saving model to ../experiments/100M_mc_fasttext_prob_x_len_+_biced_0.25_x_bic1.1_x_dcce/model/model.npz.orig.npz
[2019-07-19 01:11:25] Saving model to ../experiments/100M_mc_fasttext_prob_x_len_+_biced_0.25_x_bic1.1_x_dcce/model/model.iter105000.npz
[2019-07-19 01:11:33] Saving model to ../experiments/100M_mc_fasttext_prob_x_len_+_biced_0.25_x_bic1.1_x_dcce/model/model.npz
[2019-07-19 01:11:42] Saving Adam parameters to ../experiments/100M_mc_fasttext_prob_x_len_+_biced_0.25_x_bic1.1_x_dcce/model/model.npz.optimizer.npz
[2019-07-19 01:12:09] [valid] Ep. 5 : Up. 105000 : cross-entropy : 44.8468 : stalled 3 times (last best: 44.7581)
[2019-07-19 01:12:17] [valid] Ep. 5 : Up. 105000 : perplexity : 5.8817 : stalled 3 times (last best: 5.86114)
[2019-07-19 01:13:19] [valid] Ep. 5 : Up. 105000 : translation : 31.2 : stalled 7 times (last best: 31.32)
[2019-07-19 01:20:57] Ep. 5 : Up. 106000 : Sen. 2,596,241 : Cost 40.37332916 : Time 580.70s : 6669.75 words/s
[2019-07-19 01:28:35] Ep. 5 : Up. 107000 : Sen. 2,750,021 : Cost 40.50973129 : Time 457.88s : 8478.01 words/s
[2019-07-19 01:36:12] Ep. 5 : Up. 108000 : Sen. 2,903,992 : Cost 40.54099274 : Time 456.79s : 8526.98 words/s
[2019-07-19 01:43:47] Ep. 5 : Up. 109000 : Sen. 3,057,280 : Cost 40.70146942 : Time 455.41s : 8524.52 words/s
[2019-07-19 01:51:22] Ep. 5 : Up. 110000 : Sen. 3,210,310 : Cost 40.47709656 : Time 454.32s : 8491.21 words/s
[2019-07-19 01:51:22] Saving model to ../experiments/100M_mc_fasttext_prob_x_len_+_biced_0.25_x_bic1.1_x_dcce/model/model.npz.orig.npz
[2019-07-19 01:51:31] Saving model to ../experiments/100M_mc_fasttext_prob_x_len_+_biced_0.25_x_bic1.1_x_dcce/model/model.iter110000.npz
[2019-07-19 01:51:38] Saving model to ../experiments/100M_mc_fasttext_prob_x_len_+_biced_0.25_x_bic1.1_x_dcce/model/model.npz
[2019-07-19 01:51:48] Saving Adam parameters to ../experiments/100M_mc_fasttext_prob_x_len_+_biced_0.25_x_bic1.1_x_dcce/model/model.npz.optimizer.npz
[2019-07-19 01:52:12] [valid] Ep. 5 : Up. 110000 : cross-entropy : 44.7778 : stalled 4 times (last best: 44.7581)
[2019-07-19 01:52:20] [valid] Ep. 5 : Up. 110000 : perplexity : 5.86568 : stalled 4 times (last best: 5.86114)
[2019-07-19 01:53:22] [valid] Ep. 5 : Up. 110000 : translation : 31.37 : new best
[2019-07-19 02:01:00] Ep. 5 : Up. 111000 : Sen. 3,364,370 : Cost 40.51894760 : Time 578.24s : 6705.11 words/s
[2019-07-19 02:03:57] Seen 3423699 samples
[2019-07-19 02:03:57] Starting epoch 6
[2019-07-19 02:03:57] [data] Shuffling data
[2019-07-19 02:03:59] [data] Done reading 4266183 sentences
[2019-07-19 02:04:18] [data] Done shuffling 4266183 sentences to temp files
[2019-07-19 02:09:00] Ep. 6 : Up. 112000 : Sen. 94,280 : Cost 39.53512192 : Time 480.17s : 8120.07 words/s
[2019-07-19 02:16:40] Ep. 6 : Up. 113000 : Sen. 249,468 : Cost 38.49380112 : Time 459.78s : 8519.38 words/s
[2019-07-19 02:24:16] Ep. 6 : Up. 114000 : Sen. 402,212 : Cost 38.83823395 : Time 456.66s : 8468.46 words/s
[2019-07-19 02:31:53] Ep. 6 : Up. 115000 : Sen. 555,980 : Cost 38.65536118 : Time 456.46s : 8492.16 words/s
[2019-07-19 02:31:53] Saving model to ../experiments/100M_mc_fasttext_prob_x_len_+_biced_0.25_x_bic1.1_x_dcce/model/model.npz.orig.npz
[2019-07-19 02:32:02] Saving model to ../experiments/100M_mc_fasttext_prob_x_len_+_biced_0.25_x_bic1.1_x_dcce/model/model.iter115000.npz
[2019-07-19 02:32:09] Saving model to ../experiments/100M_mc_fasttext_prob_x_len_+_biced_0.25_x_bic1.1_x_dcce/model/model.npz
[2019-07-19 02:32:18] Saving Adam parameters to ../experiments/100M_mc_fasttext_prob_x_len_+_biced_0.25_x_bic1.1_x_dcce/model/model.npz.optimizer.npz
[2019-07-19 02:32:43] [valid] Ep. 6 : Up. 115000 : cross-entropy : 44.801 : stalled 5 times (last best: 44.7581)
[2019-07-19 02:32:50] [valid] Ep. 6 : Up. 115000 : perplexity : 5.87108 : stalled 5 times (last best: 5.86114)
[2019-07-19 02:33:52] [valid] Ep. 6 : Up. 115000 : translation : 31.5 : new best
[2019-07-19 02:33:54] Training finished
[2019-07-19 02:33:58] Saving model to ../experiments/100M_mc_fasttext_prob_x_len_+_biced_0.25_x_bic1.1_x_dcce/model/model.npz.orig.npz
[2019-07-19 02:34:07] Saving model to ../experiments/100M_mc_fasttext_prob_x_len_+_biced_0.25_x_bic1.1_x_dcce/model/model.npz
[2019-07-19 02:34:16] Saving Adam parameters to ../experiments/100M_mc_fasttext_prob_x_len_+_biced_0.25_x_bic1.1_x_dcce/model/model.npz.optimizer.npz
