[2019-08-09 17:20:36] [marian] Marian v1.7.8 ec2d66e 2019-05-27 14:52:11 +0100
[2019-08-09 17:20:36] [marian] Running on lofn as process 31915 with command line:
[2019-08-09 17:20:36] [marian] /fs/bil0/abdel/marian-dev/build/marian --sync-sgd --model ../experiments/10M_bicleaner_v1.1_+_bic1.0_x_dcce/model/model.npz -T . --devices 0 --train-sets ../experiments/10M_bicleaner_v1.1_+_bic1.0_x_dcce/data/train.bpe.de ../experiments/10M_bicleaner_v1.1_+_bic1.0_x_dcce/data/train.bpe.en --vocabs ../experiments/10M_bicleaner_v1.1_+_bic1.0_x_dcce/data/train.bpe.de.json ../experiments/10M_bicleaner_v1.1_+_bic1.0_x_dcce/data/train.bpe.en.json --mini-batch-fit -w 3000 --dim-vocabs 50000 50000 --layer-normalization --dropout-rnn 0.2 --dropout-src 0.1 --dropout-trg 0.1 --learn-rate 0.0001 --after-epochs 0 --early-stopping 5 --valid-freq 20000 --save-freq 20000 --disp-freq 2000 --valid-mini-batch 8 --valid-sets ../experiments/10M_bicleaner_v1.1_+_bic1.0_x_dcce/data/dev.bpe.de ../experiments/10M_bicleaner_v1.1_+_bic1.0_x_dcce/data/dev.bpe.en --valid-metrics cross-entropy perplexity translation --valid-translation-output ../experiments/10M_bicleaner_v1.1_+_bic1.0_x_dcce/model/dev.out --valid-script-path ../experiments/10M_bicleaner_v1.1_+_bic1.0_x_dcce/score-dev.sh --seed 1111 --exponential-smoothing --normalize=1 --beam-size=12 --quiet-translation --log ../experiments/10M_bicleaner_v1.1_+_bic1.0_x_dcce/model/train.log --valid-log ../experiments/10M_bicleaner_v1.1_+_bic1.0_x_dcce/model/valid.log
[2019-08-09 17:20:36] [config] after-batches: 0
[2019-08-09 17:20:36] [config] after-epochs: 0
[2019-08-09 17:20:36] [config] allow-unk: false
[2019-08-09 17:20:36] [config] beam-size: 12
[2019-08-09 17:20:36] [config] bert-class-symbol: "[CLS]"
[2019-08-09 17:20:36] [config] bert-mask-symbol: "[MASK]"
[2019-08-09 17:20:36] [config] bert-masking-fraction: 0.15
[2019-08-09 17:20:36] [config] bert-sep-symbol: "[SEP]"
[2019-08-09 17:20:36] [config] bert-train-type-embeddings: true
[2019-08-09 17:20:36] [config] bert-type-vocab-size: 2
[2019-08-09 17:20:36] [config] best-deep: false
[2019-08-09 17:20:36] [config] clip-gemm: 0
[2019-08-09 17:20:36] [config] clip-norm: 1
[2019-08-09 17:20:36] [config] cost-type: ce-mean
[2019-08-09 17:20:36] [config] cpu-threads: 0
[2019-08-09 17:20:36] [config] data-weighting: ""
[2019-08-09 17:20:36] [config] data-weighting-type: sentence
[2019-08-09 17:20:36] [config] dec-cell: gru
[2019-08-09 17:20:36] [config] dec-cell-base-depth: 2
[2019-08-09 17:20:36] [config] dec-cell-high-depth: 1
[2019-08-09 17:20:36] [config] dec-depth: 1
[2019-08-09 17:20:36] [config] devices:
[2019-08-09 17:20:36] [config]   - 0
[2019-08-09 17:20:36] [config] dim-emb: 512
[2019-08-09 17:20:36] [config] dim-rnn: 1024
[2019-08-09 17:20:36] [config] dim-vocabs:
[2019-08-09 17:20:36] [config]   - 50000
[2019-08-09 17:20:36] [config]   - 50000
[2019-08-09 17:20:36] [config] disp-first: 0
[2019-08-09 17:20:36] [config] disp-freq: 2000
[2019-08-09 17:20:36] [config] disp-label-counts: false
[2019-08-09 17:20:36] [config] dropout-rnn: 0.2
[2019-08-09 17:20:36] [config] dropout-src: 0.1
[2019-08-09 17:20:36] [config] dropout-trg: 0.1
[2019-08-09 17:20:36] [config] dump-config: ""
[2019-08-09 17:20:36] [config] early-stopping: 5
[2019-08-09 17:20:36] [config] embedding-fix-src: false
[2019-08-09 17:20:36] [config] embedding-fix-trg: false
[2019-08-09 17:20:36] [config] embedding-normalization: false
[2019-08-09 17:20:36] [config] embedding-vectors:
[2019-08-09 17:20:36] [config]   []
[2019-08-09 17:20:36] [config] enc-cell: gru
[2019-08-09 17:20:36] [config] enc-cell-depth: 1
[2019-08-09 17:20:36] [config] enc-depth: 1
[2019-08-09 17:20:36] [config] enc-type: bidirectional
[2019-08-09 17:20:36] [config] exponential-smoothing: 0.0001
[2019-08-09 17:20:36] [config] grad-dropping-momentum: 0
[2019-08-09 17:20:36] [config] grad-dropping-rate: 0
[2019-08-09 17:20:36] [config] grad-dropping-warmup: 100
[2019-08-09 17:20:36] [config] guided-alignment: none
[2019-08-09 17:20:36] [config] guided-alignment-cost: mse
[2019-08-09 17:20:36] [config] guided-alignment-weight: 0.1
[2019-08-09 17:20:36] [config] ignore-model-config: false
[2019-08-09 17:20:36] [config] input-types:
[2019-08-09 17:20:36] [config]   []
[2019-08-09 17:20:36] [config] interpolate-env-vars: false
[2019-08-09 17:20:36] [config] keep-best: false
[2019-08-09 17:20:36] [config] label-smoothing: 0
[2019-08-09 17:20:36] [config] layer-normalization: true
[2019-08-09 17:20:36] [config] learn-rate: 0.0001
[2019-08-09 17:20:36] [config] log: ../experiments/10M_bicleaner_v1.1_+_bic1.0_x_dcce/model/train.log
[2019-08-09 17:20:36] [config] log-level: info
[2019-08-09 17:20:36] [config] log-time-zone: ""
[2019-08-09 17:20:36] [config] lr-decay: 0
[2019-08-09 17:20:36] [config] lr-decay-freq: 50000
[2019-08-09 17:20:36] [config] lr-decay-inv-sqrt:
[2019-08-09 17:20:36] [config]   - 0
[2019-08-09 17:20:36] [config] lr-decay-repeat-warmup: false
[2019-08-09 17:20:36] [config] lr-decay-reset-optimizer: false
[2019-08-09 17:20:36] [config] lr-decay-start:
[2019-08-09 17:20:36] [config]   - 10
[2019-08-09 17:20:36] [config]   - 1
[2019-08-09 17:20:36] [config] lr-decay-strategy: epoch+stalled
[2019-08-09 17:20:36] [config] lr-report: false
[2019-08-09 17:20:36] [config] lr-warmup: 0
[2019-08-09 17:20:36] [config] lr-warmup-at-reload: false
[2019-08-09 17:20:36] [config] lr-warmup-cycle: false
[2019-08-09 17:20:36] [config] lr-warmup-start-rate: 0
[2019-08-09 17:20:36] [config] max-length: 50
[2019-08-09 17:20:36] [config] max-length-crop: false
[2019-08-09 17:20:36] [config] max-length-factor: 3
[2019-08-09 17:20:36] [config] maxi-batch: 100
[2019-08-09 17:20:36] [config] maxi-batch-sort: trg
[2019-08-09 17:20:36] [config] mini-batch: 64
[2019-08-09 17:20:36] [config] mini-batch-fit: true
[2019-08-09 17:20:36] [config] mini-batch-fit-step: 10
[2019-08-09 17:20:36] [config] mini-batch-overstuff: 1
[2019-08-09 17:20:36] [config] mini-batch-track-lr: false
[2019-08-09 17:20:36] [config] mini-batch-understuff: 1
[2019-08-09 17:20:36] [config] mini-batch-warmup: 0
[2019-08-09 17:20:36] [config] mini-batch-words: 0
[2019-08-09 17:20:36] [config] mini-batch-words-ref: 0
[2019-08-09 17:20:36] [config] model: ../experiments/10M_bicleaner_v1.1_+_bic1.0_x_dcce/model/model.npz
[2019-08-09 17:20:36] [config] multi-loss-type: sum
[2019-08-09 17:20:36] [config] multi-node: false
[2019-08-09 17:20:36] [config] multi-node-overlap: true
[2019-08-09 17:20:36] [config] n-best: false
[2019-08-09 17:20:36] [config] no-nccl: false
[2019-08-09 17:20:36] [config] no-reload: false
[2019-08-09 17:20:36] [config] no-restore-corpus: false
[2019-08-09 17:20:36] [config] no-shuffle: false
[2019-08-09 17:20:36] [config] normalize: 1
[2019-08-09 17:20:36] [config] num-devices: 0
[2019-08-09 17:20:36] [config] optimizer: adam
[2019-08-09 17:20:36] [config] optimizer-delay: 1
[2019-08-09 17:20:36] [config] optimizer-params:
[2019-08-09 17:20:36] [config]   []
[2019-08-09 17:20:36] [config] overwrite: false
[2019-08-09 17:20:36] [config] pretrained-model: ""
[2019-08-09 17:20:36] [config] quiet: false
[2019-08-09 17:20:36] [config] quiet-translation: true
[2019-08-09 17:20:36] [config] relative-paths: false
[2019-08-09 17:20:36] [config] right-left: false
[2019-08-09 17:20:36] [config] save-freq: 20000
[2019-08-09 17:20:36] [config] seed: 1111
[2019-08-09 17:20:36] [config] shuffle-in-ram: false
[2019-08-09 17:20:36] [config] skip: false
[2019-08-09 17:20:36] [config] sqlite: ""
[2019-08-09 17:20:36] [config] sqlite-drop: false
[2019-08-09 17:20:36] [config] sync-sgd: true
[2019-08-09 17:20:36] [config] tempdir: .
[2019-08-09 17:20:36] [config] tied-embeddings: false
[2019-08-09 17:20:36] [config] tied-embeddings-all: false
[2019-08-09 17:20:36] [config] tied-embeddings-src: false
[2019-08-09 17:20:36] [config] train-sets:
[2019-08-09 17:20:36] [config]   - ../experiments/10M_bicleaner_v1.1_+_bic1.0_x_dcce/data/train.bpe.de
[2019-08-09 17:20:36] [config]   - ../experiments/10M_bicleaner_v1.1_+_bic1.0_x_dcce/data/train.bpe.en
[2019-08-09 17:20:36] [config] transformer-aan-activation: swish
[2019-08-09 17:20:36] [config] transformer-aan-depth: 2
[2019-08-09 17:20:36] [config] transformer-aan-nogate: false
[2019-08-09 17:20:36] [config] transformer-decoder-autoreg: self-attention
[2019-08-09 17:20:36] [config] transformer-dim-aan: 2048
[2019-08-09 17:20:36] [config] transformer-dim-ffn: 2048
[2019-08-09 17:20:36] [config] transformer-dropout: 0
[2019-08-09 17:20:36] [config] transformer-dropout-attention: 0
[2019-08-09 17:20:36] [config] transformer-dropout-ffn: 0
[2019-08-09 17:20:36] [config] transformer-ffn-activation: swish
[2019-08-09 17:20:36] [config] transformer-ffn-depth: 2
[2019-08-09 17:20:36] [config] transformer-guided-alignment-layer: last
[2019-08-09 17:20:36] [config] transformer-heads: 8
[2019-08-09 17:20:36] [config] transformer-no-projection: false
[2019-08-09 17:20:36] [config] transformer-postprocess: dan
[2019-08-09 17:20:36] [config] transformer-postprocess-emb: d
[2019-08-09 17:20:36] [config] transformer-preprocess: ""
[2019-08-09 17:20:36] [config] transformer-tied-layers:
[2019-08-09 17:20:36] [config]   []
[2019-08-09 17:20:36] [config] transformer-train-position-embeddings: false
[2019-08-09 17:20:36] [config] type: amun
[2019-08-09 17:20:36] [config] ulr: false
[2019-08-09 17:20:36] [config] ulr-dim-emb: 0
[2019-08-09 17:20:36] [config] ulr-dropout: 0
[2019-08-09 17:20:36] [config] ulr-keys-vectors: ""
[2019-08-09 17:20:36] [config] ulr-query-vectors: ""
[2019-08-09 17:20:36] [config] ulr-softmax-temperature: 1
[2019-08-09 17:20:36] [config] ulr-trainable-transformation: false
[2019-08-09 17:20:36] [config] valid-freq: 20000
[2019-08-09 17:20:36] [config] valid-log: ../experiments/10M_bicleaner_v1.1_+_bic1.0_x_dcce/model/valid.log
[2019-08-09 17:20:36] [config] valid-max-length: 1000
[2019-08-09 17:20:36] [config] valid-metrics:
[2019-08-09 17:20:36] [config]   - cross-entropy
[2019-08-09 17:20:36] [config]   - perplexity
[2019-08-09 17:20:36] [config]   - translation
[2019-08-09 17:20:36] [config] valid-mini-batch: 8
[2019-08-09 17:20:36] [config] valid-script-path: ../experiments/10M_bicleaner_v1.1_+_bic1.0_x_dcce/score-dev.sh
[2019-08-09 17:20:36] [config] valid-sets:
[2019-08-09 17:20:36] [config]   - ../experiments/10M_bicleaner_v1.1_+_bic1.0_x_dcce/data/dev.bpe.de
[2019-08-09 17:20:36] [config]   - ../experiments/10M_bicleaner_v1.1_+_bic1.0_x_dcce/data/dev.bpe.en
[2019-08-09 17:20:36] [config] valid-translation-output: ../experiments/10M_bicleaner_v1.1_+_bic1.0_x_dcce/model/dev.out
[2019-08-09 17:20:36] [config] vocabs:
[2019-08-09 17:20:36] [config]   - ../experiments/10M_bicleaner_v1.1_+_bic1.0_x_dcce/data/train.bpe.de.json
[2019-08-09 17:20:36] [config]   - ../experiments/10M_bicleaner_v1.1_+_bic1.0_x_dcce/data/train.bpe.en.json
[2019-08-09 17:20:36] [config] word-penalty: 0
[2019-08-09 17:20:36] [config] workspace: 3000
[2019-08-09 17:20:36] [config] Model is being created with Marian v1.7.8 ec2d66e 2019-05-27 14:52:11 +0100
[2019-08-09 17:20:36] Using synchronous training
[2019-08-09 17:20:36] [data] Loading vocabulary from JSON/Yaml file ../experiments/10M_bicleaner_v1.1_+_bic1.0_x_dcce/data/train.bpe.de.json
[2019-08-09 17:20:37] [data] Using unused word id eos for 0
[2019-08-09 17:20:37] [data] Using unused word id UNK for 1
[2019-08-09 17:20:37] [data] Setting vocabulary size for input 0 to 50000
[2019-08-09 17:20:37] [data] Loading vocabulary from JSON/Yaml file ../experiments/10M_bicleaner_v1.1_+_bic1.0_x_dcce/data/train.bpe.en.json
[2019-08-09 17:20:37] [data] Using unused word id eos for 0
[2019-08-09 17:20:37] [data] Using unused word id UNK for 1
[2019-08-09 17:20:37] [data] Setting vocabulary size for input 1 to 50000
[2019-08-09 17:20:37] Compiled without MPI support. Falling back to FakeMPIWrapper
[2019-08-09 17:20:37] [batching] Collecting statistics for batch fitting with step size 10
[2019-08-09 17:20:38] [memory] Extending reserved space to 3072 MB (device gpu0)
[2019-08-09 17:20:38] [comm] Using NCCL 2.4.2 for GPU communication
[2019-08-09 17:20:38] [comm] NCCLCommunicator constructed successfully.
[2019-08-09 17:20:38] [training] Using 1 GPUs
[2019-08-09 17:20:38] [memory] Reserving 422 MB, device gpu0
[2019-08-09 17:20:38] [gpu] 16-bit TensorCores enabled for float32 matrix operations
[2019-08-09 17:20:38] [memory] Reserving 422 MB, device gpu0
[2019-08-09 17:20:43] [batching] Done. Typical MB size is 4042 target words
[2019-08-09 17:20:43] [memory] Extending reserved space to 3072 MB (device gpu0)
[2019-08-09 17:20:43] [comm] Using NCCL 2.4.2 for GPU communication
[2019-08-09 17:20:43] [comm] NCCLCommunicator constructed successfully.
[2019-08-09 17:20:43] [training] Using 1 GPUs
[2019-08-09 17:20:43] Training started
[2019-08-09 17:20:43] [data] Shuffling data
[2019-08-09 17:20:43] [data] Done reading 580521 sentences
[2019-08-09 17:20:45] [data] Done shuffling 580521 sentences to temp files
[2019-08-09 17:20:49] [training] Batches are processed as 1 process(es) x 1 devices/process
[2019-08-09 17:20:49] [memory] Reserving 422 MB, device gpu0
[2019-08-09 17:20:49] [memory] Reserving 422 MB, device gpu0
[2019-08-09 17:20:49] [memory] Reserving 422 MB, device gpu0
[2019-08-09 17:20:50] [memory] Reserving 844 MB, device gpu0
[2019-08-09 17:30:24] Ep. 1 : Up. 2000 : Sen. 262,265 : Cost 105.02818298 : Time 587.56s : 8594.22 words/s
[2019-08-09 17:40:08] Ep. 1 : Up. 4000 : Sen. 524,202 : Cost 74.21542358 : Time 583.47s : 8646.50 words/s
[2019-08-09 17:40:50] Seen 543116 samples
[2019-08-09 17:40:50] Starting epoch 2
[2019-08-09 17:40:50] [data] Shuffling data
[2019-08-09 17:40:51] [data] Done reading 580521 sentences
[2019-08-09 17:40:52] [data] Done shuffling 580521 sentences to temp files
[2019-08-09 17:49:55] Ep. 2 : Up. 6000 : Sen. 243,065 : Cost 60.04435349 : Time 587.29s : 8593.74 words/s
[2019-08-09 17:59:38] Ep. 2 : Up. 8000 : Sen. 504,546 : Cost 53.16574860 : Time 582.52s : 8661.57 words/s
[2019-08-09 18:01:03] Seen 543116 samples
[2019-08-09 18:01:03] Starting epoch 3
[2019-08-09 18:01:03] [data] Shuffling data
[2019-08-09 18:01:03] [data] Done reading 580521 sentences
[2019-08-09 18:01:05] [data] Done shuffling 580521 sentences to temp files
[2019-08-09 18:09:25] Ep. 3 : Up. 10000 : Sen. 222,882 : Cost 47.42184448 : Time 587.28s : 8558.66 words/s
[2019-08-09 18:19:06] Ep. 3 : Up. 12000 : Sen. 484,131 : Cost 44.44062042 : Time 580.63s : 8656.52 words/s
[2019-08-09 18:21:17] Seen 543116 samples
[2019-08-09 18:21:17] Starting epoch 4
[2019-08-09 18:21:17] [data] Shuffling data
[2019-08-09 18:21:18] [data] Done reading 580521 sentences
[2019-08-09 18:21:20] [data] Done shuffling 580521 sentences to temp files
[2019-08-09 18:28:55] Ep. 4 : Up. 14000 : Sen. 203,772 : Cost 41.18177414 : Time 589.43s : 8584.01 words/s
[2019-08-09 18:38:40] Ep. 4 : Up. 16000 : Sen. 466,615 : Cost 39.69394684 : Time 585.31s : 8651.52 words/s
[2019-08-09 18:41:31] Seen 543116 samples
[2019-08-09 18:41:31] Starting epoch 5
[2019-08-09 18:41:31] [data] Shuffling data
[2019-08-09 18:41:31] [data] Done reading 580521 sentences
[2019-08-09 18:41:33] [data] Done shuffling 580521 sentences to temp files
[2019-08-09 18:48:28] Ep. 5 : Up. 18000 : Sen. 185,925 : Cost 37.39912796 : Time 587.37s : 8597.59 words/s
[2019-08-09 18:58:11] Ep. 5 : Up. 20000 : Sen. 448,000 : Cost 36.49644852 : Time 583.58s : 8648.85 words/s
[2019-08-09 18:58:11] Saving model to ../experiments/10M_bicleaner_v1.1_+_bic1.0_x_dcce/model/model.npz.orig.npz
[2019-08-09 18:58:20] Saving model to ../experiments/10M_bicleaner_v1.1_+_bic1.0_x_dcce/model/model.iter20000.npz
[2019-08-09 18:58:27] Saving model to ../experiments/10M_bicleaner_v1.1_+_bic1.0_x_dcce/model/model.npz
[2019-08-09 18:58:36] Saving Adam parameters to ../experiments/10M_bicleaner_v1.1_+_bic1.0_x_dcce/model/model.npz.optimizer.npz
[2019-08-09 18:59:02] [valid] Ep. 5 : Up. 20000 : cross-entropy : 73.9899 : new best
[2019-08-09 18:59:10] [valid] Ep. 5 : Up. 20000 : perplexity : 18.446 : new best
[2019-08-09 19:00:21] [valid] Ep. 5 : Up. 20000 : translation : 22.13 : new best
[2019-08-09 19:03:56] Seen 543116 samples
[2019-08-09 19:03:56] Starting epoch 6
[2019-08-09 19:03:56] [data] Shuffling data
[2019-08-09 19:03:56] [data] Done reading 580521 sentences
[2019-08-09 19:03:58] [data] Done shuffling 580521 sentences to temp files
[2019-08-09 19:10:12] Ep. 6 : Up. 22000 : Sen. 167,157 : Cost 34.75691223 : Time 720.32s : 7010.21 words/s
[2019-08-09 19:19:55] Ep. 6 : Up. 24000 : Sen. 428,800 : Cost 34.14434433 : Time 583.05s : 8642.26 words/s
[2019-08-09 19:24:09] Seen 543116 samples
[2019-08-09 19:24:09] Starting epoch 7
[2019-08-09 19:24:09] [data] Shuffling data
[2019-08-09 19:24:10] [data] Done reading 580521 sentences
[2019-08-09 19:24:12] [data] Done shuffling 580521 sentences to temp files
[2019-08-09 19:29:41] Ep. 7 : Up. 26000 : Sen. 147,664 : Cost 32.96048355 : Time 586.68s : 8606.63 words/s
[2019-08-09 19:39:24] Ep. 7 : Up. 28000 : Sen. 409,751 : Cost 32.16181564 : Time 582.96s : 8653.66 words/s
[2019-08-09 19:44:22] Seen 543116 samples
[2019-08-09 19:44:22] Starting epoch 8
[2019-08-09 19:44:22] [data] Shuffling data
[2019-08-09 19:44:23] [data] Done reading 580521 sentences
[2019-08-09 19:44:26] [data] Done shuffling 580521 sentences to temp files
[2019-08-09 19:49:14] Ep. 8 : Up. 30000 : Sen. 128,418 : Cost 31.31262779 : Time 589.85s : 8549.01 words/s
[2019-08-09 19:58:58] Ep. 8 : Up. 32000 : Sen. 390,613 : Cost 30.63101006 : Time 583.91s : 8642.71 words/s
[2019-08-09 20:04:38] Seen 543116 samples
[2019-08-09 20:04:38] Starting epoch 9
[2019-08-09 20:04:38] [data] Shuffling data
[2019-08-09 20:04:39] [data] Done reading 580521 sentences
[2019-08-09 20:04:41] [data] Done shuffling 580521 sentences to temp files
[2019-08-09 20:08:46] Ep. 9 : Up. 34000 : Sen. 109,226 : Cost 30.20207405 : Time 587.67s : 8586.95 words/s
[2019-08-09 20:18:27] Ep. 9 : Up. 36000 : Sen. 369,805 : Cost 29.33232880 : Time 581.40s : 8631.46 words/s
[2019-08-09 20:24:53] Seen 543116 samples
[2019-08-09 20:24:53] Starting epoch 10
[2019-08-09 20:24:53] [data] Shuffling data
[2019-08-09 20:24:53] [data] Done reading 580521 sentences
[2019-08-09 20:24:55] [data] Done shuffling 580521 sentences to temp files
[2019-08-09 20:28:16] Ep. 10 : Up. 38000 : Sen. 89,207 : Cost 29.03013039 : Time 588.88s : 8577.00 words/s
[2019-08-09 20:38:01] Ep. 10 : Up. 40000 : Sen. 350,998 : Cost 28.27123451 : Time 584.97s : 8635.19 words/s
[2019-08-09 20:38:01] Saving model to ../experiments/10M_bicleaner_v1.1_+_bic1.0_x_dcce/model/model.npz.orig.npz
[2019-08-09 20:38:10] Saving model to ../experiments/10M_bicleaner_v1.1_+_bic1.0_x_dcce/model/model.iter40000.npz
[2019-08-09 20:38:17] Saving model to ../experiments/10M_bicleaner_v1.1_+_bic1.0_x_dcce/model/model.npz
[2019-08-09 20:38:26] Saving Adam parameters to ../experiments/10M_bicleaner_v1.1_+_bic1.0_x_dcce/model/model.npz.optimizer.npz
[2019-08-09 20:38:54] [valid] Ep. 10 : Up. 40000 : cross-entropy : 65.0258 : new best
[2019-08-09 20:39:03] [valid] Ep. 10 : Up. 40000 : perplexity : 12.9579 : new best
[2019-08-09 20:40:14] [valid] Ep. 10 : Up. 40000 : translation : 24.74 : new best
[2019-08-09 20:47:25] Seen 543116 samples
[2019-08-09 20:47:25] Starting epoch 11
[2019-08-09 20:47:25] [data] Shuffling data
[2019-08-09 20:47:25] [data] Done reading 580521 sentences
[2019-08-09 20:47:27] [data] Done shuffling 580521 sentences to temp files
[2019-08-09 20:50:05] Ep. 11 : Up. 42000 : Sen. 69,731 : Cost 27.91915894 : Time 724.42s : 6955.94 words/s
[2019-08-09 20:59:48] Ep. 11 : Up. 44000 : Sen. 331,785 : Cost 27.12319374 : Time 582.75s : 8658.09 words/s
[2019-08-09 21:07:39] Seen 543116 samples
[2019-08-09 21:07:39] Starting epoch 12
[2019-08-09 21:07:39] [data] Shuffling data
[2019-08-09 21:07:40] [data] Done reading 580521 sentences
[2019-08-09 21:07:42] [data] Done shuffling 580521 sentences to temp files
[2019-08-09 21:09:33] Ep. 12 : Up. 46000 : Sen. 49,763 : Cost 27.28704071 : Time 584.74s : 8576.82 words/s
[2019-08-09 21:19:16] Ep. 12 : Up. 48000 : Sen. 310,711 : Cost 26.64500618 : Time 583.40s : 8645.51 words/s
[2019-08-09 21:27:53] Seen 543116 samples
[2019-08-09 21:27:53] Starting epoch 13
[2019-08-09 21:27:53] [data] Shuffling data
[2019-08-09 21:27:53] [data] Done reading 580521 sentences
[2019-08-09 21:27:55] [data] Done shuffling 580521 sentences to temp files
[2019-08-09 21:29:06] Ep. 13 : Up. 50000 : Sen. 30,282 : Cost 26.40625763 : Time 589.19s : 8576.02 words/s
[2019-08-09 21:38:46] Ep. 13 : Up. 52000 : Sen. 291,513 : Cost 25.46119118 : Time 580.88s : 8630.46 words/s
[2019-08-09 21:48:08] Seen 543116 samples
[2019-08-09 21:48:08] Starting epoch 14
[2019-08-09 21:48:08] [data] Shuffling data
[2019-08-09 21:48:08] [data] Done reading 580521 sentences
[2019-08-09 21:48:10] [data] Done shuffling 580521 sentences to temp files
[2019-08-09 21:48:33] Ep. 14 : Up. 54000 : Sen. 9,635 : Cost 25.92785263 : Time 586.99s : 8589.38 words/s
[2019-08-09 21:58:17] Ep. 14 : Up. 56000 : Sen. 270,893 : Cost 24.94243431 : Time 583.54s : 8638.96 words/s
[2019-08-09 22:08:02] Ep. 14 : Up. 58000 : Sen. 533,082 : Cost 25.03111649 : Time 584.59s : 8618.31 words/s
[2019-08-09 22:08:25] Seen 543116 samples
[2019-08-09 22:08:25] Starting epoch 15
[2019-08-09 22:08:25] [data] Shuffling data
[2019-08-09 22:08:25] [data] Done reading 580521 sentences
[2019-08-09 22:08:27] [data] Done shuffling 580521 sentences to temp files
[2019-08-09 22:17:54] Ep. 15 : Up. 60000 : Sen. 252,593 : Cost 24.02421188 : Time 592.13s : 8534.66 words/s
[2019-08-09 22:17:54] Saving model to ../experiments/10M_bicleaner_v1.1_+_bic1.0_x_dcce/model/model.npz.orig.npz
[2019-08-09 22:18:03] Saving model to ../experiments/10M_bicleaner_v1.1_+_bic1.0_x_dcce/model/model.iter60000.npz
[2019-08-09 22:18:10] Saving model to ../experiments/10M_bicleaner_v1.1_+_bic1.0_x_dcce/model/model.npz
[2019-08-09 22:18:20] Saving Adam parameters to ../experiments/10M_bicleaner_v1.1_+_bic1.0_x_dcce/model/model.npz.optimizer.npz
[2019-08-09 22:18:46] [valid] Ep. 15 : Up. 60000 : cross-entropy : 62.7709 : new best
[2019-08-09 22:18:55] [valid] Ep. 15 : Up. 60000 : perplexity : 11.8565 : new best
[2019-08-09 22:20:06] [valid] Ep. 15 : Up. 60000 : translation : 25.54 : new best
[2019-08-09 22:29:53] Ep. 15 : Up. 62000 : Sen. 514,132 : Cost 24.57715797 : Time 719.16s : 7022.28 words/s
[2019-08-09 22:30:57] Seen 543116 samples
[2019-08-09 22:30:57] Starting epoch 16
[2019-08-09 22:30:57] [data] Shuffling data
[2019-08-09 22:30:57] [data] Done reading 580521 sentences
[2019-08-09 22:31:00] [data] Done shuffling 580521 sentences to temp files
[2019-08-09 22:39:43] Ep. 16 : Up. 64000 : Sen. 232,654 : Cost 23.73588181 : Time 589.85s : 8546.58 words/s
[2019-08-09 22:49:28] Ep. 16 : Up. 66000 : Sen. 495,567 : Cost 23.86727142 : Time 585.39s : 8632.76 words/s
[2019-08-09 22:51:15] Seen 543116 samples
[2019-08-09 22:51:15] Starting epoch 17
[2019-08-09 22:51:15] [data] Shuffling data
[2019-08-09 22:51:15] [data] Done reading 580521 sentences
[2019-08-09 22:51:18] [data] Done shuffling 580521 sentences to temp files
[2019-08-09 22:59:17] Ep. 17 : Up. 68000 : Sen. 214,281 : Cost 23.20931625 : Time 589.34s : 8555.76 words/s
[2019-08-09 23:09:04] Ep. 17 : Up. 70000 : Sen. 476,316 : Cost 23.48666954 : Time 586.14s : 8622.22 words/s
[2019-08-09 23:11:32] Seen 543116 samples
[2019-08-09 23:11:32] Starting epoch 18
[2019-08-09 23:11:32] [data] Shuffling data
[2019-08-09 23:11:32] [data] Done reading 580521 sentences
[2019-08-09 23:11:34] [data] Done shuffling 580521 sentences to temp files
[2019-08-09 23:18:51] Ep. 18 : Up. 72000 : Sen. 194,534 : Cost 22.43582916 : Time 587.23s : 8556.78 words/s
[2019-08-09 23:28:35] Ep. 18 : Up. 74000 : Sen. 456,266 : Cost 22.83751869 : Time 583.98s : 8635.47 words/s
[2019-08-09 23:31:49] Seen 543116 samples
[2019-08-09 23:31:49] Starting epoch 19
[2019-08-09 23:31:49] [data] Shuffling data
[2019-08-09 23:31:49] [data] Done reading 580521 sentences
[2019-08-09 23:31:51] [data] Done shuffling 580521 sentences to temp files
[2019-08-09 23:38:21] Ep. 19 : Up. 76000 : Sen. 173,578 : Cost 22.43074226 : Time 586.02s : 8561.33 words/s
[2019-08-09 23:48:05] Ep. 19 : Up. 78000 : Sen. 435,065 : Cost 22.14725685 : Time 584.55s : 8614.31 words/s
[2019-08-09 23:52:07] Seen 543116 samples
[2019-08-09 23:52:07] Starting epoch 20
[2019-08-09 23:52:07] [data] Shuffling data
[2019-08-09 23:52:07] [data] Done reading 580521 sentences
[2019-08-09 23:52:10] [data] Done shuffling 580521 sentences to temp files
[2019-08-09 23:57:56] Ep. 20 : Up. 80000 : Sen. 154,411 : Cost 21.64401627 : Time 590.99s : 8540.46 words/s
[2019-08-09 23:57:56] Saving model to ../experiments/10M_bicleaner_v1.1_+_bic1.0_x_dcce/model/model.npz.orig.npz
[2019-08-09 23:58:05] Saving model to ../experiments/10M_bicleaner_v1.1_+_bic1.0_x_dcce/model/model.iter80000.npz
[2019-08-09 23:58:12] Saving model to ../experiments/10M_bicleaner_v1.1_+_bic1.0_x_dcce/model/model.npz
[2019-08-09 23:58:21] Saving Adam parameters to ../experiments/10M_bicleaner_v1.1_+_bic1.0_x_dcce/model/model.npz.optimizer.npz
[2019-08-09 23:58:48] [valid] Ep. 20 : Up. 80000 : cross-entropy : 62.5332 : new best
[2019-08-09 23:58:57] [valid] Ep. 20 : Up. 80000 : perplexity : 11.746 : new best
[2019-08-10 00:00:08] [valid] Ep. 20 : Up. 80000 : translation : 25.91 : new best
[2019-08-10 00:09:59] Ep. 20 : Up. 82000 : Sen. 416,598 : Cost 21.89366531 : Time 722.37s : 6993.97 words/s
[2019-08-10 00:14:42] Seen 543116 samples
[2019-08-10 00:14:42] Starting epoch 21
[2019-08-10 00:14:42] [data] Shuffling data
[2019-08-10 00:14:42] [data] Done reading 580521 sentences
[2019-08-10 00:14:44] [data] Done shuffling 580521 sentences to temp files
[2019-08-10 00:19:48] Ep. 21 : Up. 84000 : Sen. 134,784 : Cost 21.57070923 : Time 589.77s : 8555.17 words/s
[2019-08-10 00:29:30] Ep. 21 : Up. 86000 : Sen. 396,542 : Cost 21.23621941 : Time 581.17s : 8651.74 words/s
[2019-08-10 00:34:57] Seen 543116 samples
[2019-08-10 00:34:57] Starting epoch 22
[2019-08-10 00:34:57] [data] Shuffling data
[2019-08-10 00:34:58] [data] Done reading 580521 sentences
[2019-08-10 00:35:00] [data] Done shuffling 580521 sentences to temp files
[2019-08-10 00:39:17] Ep. 22 : Up. 88000 : Sen. 114,893 : Cost 21.04883385 : Time 587.16s : 8572.07 words/s
[2019-08-10 00:49:02] Ep. 22 : Up. 90000 : Sen. 377,011 : Cost 20.95954895 : Time 584.88s : 8634.32 words/s
[2019-08-10 00:55:14] Seen 543116 samples
[2019-08-10 00:55:14] Starting epoch 23
[2019-08-10 00:55:14] [data] Shuffling data
[2019-08-10 00:55:14] [data] Done reading 580521 sentences
[2019-08-10 00:55:16] [data] Done shuffling 580521 sentences to temp files
[2019-08-10 00:58:50] Ep. 23 : Up. 92000 : Sen. 95,049 : Cost 20.89371490 : Time 587.89s : 8549.25 words/s
[2019-08-10 01:08:34] Ep. 23 : Up. 94000 : Sen. 357,027 : Cost 20.56427574 : Time 584.73s : 8637.96 words/s
[2019-08-10 01:15:31] Seen 543116 samples
[2019-08-10 01:15:31] Starting epoch 24
[2019-08-10 01:15:31] [data] Shuffling data
[2019-08-10 01:15:31] [data] Done reading 580521 sentences
[2019-08-10 01:15:33] [data] Done shuffling 580521 sentences to temp files
[2019-08-10 01:18:23] Ep. 24 : Up. 96000 : Sen. 75,128 : Cost 20.34313202 : Time 588.87s : 8533.86 words/s
[2019-08-10 01:28:07] Ep. 24 : Up. 98000 : Sen. 336,895 : Cost 19.76052094 : Time 583.34s : 8630.69 words/s
[2019-08-10 01:35:48] Seen 543116 samples
[2019-08-10 01:35:48] Starting epoch 25
[2019-08-10 01:35:48] [data] Shuffling data
[2019-08-10 01:35:48] [data] Done reading 580521 sentences
[2019-08-10 01:35:52] [data] Done shuffling 580521 sentences to temp files
[2019-08-10 01:38:00] Ep. 25 : Up. 100000 : Sen. 56,108 : Cost 20.48639679 : Time 593.62s : 8533.23 words/s
[2019-08-10 01:38:00] Saving model to ../experiments/10M_bicleaner_v1.1_+_bic1.0_x_dcce/model/model.npz.orig.npz
[2019-08-10 01:38:09] Saving model to ../experiments/10M_bicleaner_v1.1_+_bic1.0_x_dcce/model/model.iter100000.npz
[2019-08-10 01:38:16] Saving model to ../experiments/10M_bicleaner_v1.1_+_bic1.0_x_dcce/model/model.npz
[2019-08-10 01:38:28] Saving Adam parameters to ../experiments/10M_bicleaner_v1.1_+_bic1.0_x_dcce/model/model.npz.optimizer.npz
[2019-08-10 01:38:54] [valid] Ep. 25 : Up. 100000 : cross-entropy : 63.2998 : stalled 1 times (last best: 62.5332)
[2019-08-10 01:39:04] [valid] Ep. 25 : Up. 100000 : perplexity : 12.1061 : stalled 1 times (last best: 11.746)
[2019-08-10 01:40:14] [valid] Ep. 25 : Up. 100000 : translation : 26.05 : new best
[2019-08-10 01:50:02] Ep. 25 : Up. 102000 : Sen. 318,599 : Cost 19.96369553 : Time 721.71s : 6996.90 words/s
[2019-08-10 01:58:24] Seen 543116 samples
[2019-08-10 01:58:24] Starting epoch 26
[2019-08-10 01:58:24] [data] Shuffling data
[2019-08-10 01:58:24] [data] Done reading 580521 sentences
[2019-08-10 01:58:26] [data] Done shuffling 580521 sentences to temp files
[2019-08-10 01:59:50] Ep. 26 : Up. 104000 : Sen. 37,006 : Cost 19.77865028 : Time 588.25s : 8551.98 words/s
[2019-08-10 02:09:37] Ep. 26 : Up. 106000 : Sen. 298,188 : Cost 19.38060379 : Time 587.05s : 8582.15 words/s
[2019-08-10 02:18:43] Seen 543116 samples
[2019-08-10 02:18:44] Starting epoch 27
[2019-08-10 02:18:44] [data] Shuffling data
[2019-08-10 02:18:44] [data] Done reading 580521 sentences
[2019-08-10 02:18:46] [data] Done shuffling 580521 sentences to temp files
[2019-08-10 02:19:27] Ep. 27 : Up. 108000 : Sen. 17,591 : Cost 19.66530228 : Time 590.07s : 8568.92 words/s
[2019-08-10 02:29:13] Ep. 27 : Up. 110000 : Sen. 280,066 : Cost 19.09252167 : Time 586.12s : 8625.25 words/s
[2019-08-10 02:38:54] Ep. 27 : Up. 112000 : Sen. 540,818 : Cost 19.23702240 : Time 581.07s : 8620.06 words/s
[2019-08-10 02:39:01] Seen 543116 samples
[2019-08-10 02:39:01] Starting epoch 28
[2019-08-10 02:39:01] [data] Shuffling data
[2019-08-10 02:39:01] [data] Done reading 580521 sentences
[2019-08-10 02:39:04] [data] Done shuffling 580521 sentences to temp files
[2019-08-10 02:48:45] Ep. 28 : Up. 114000 : Sen. 259,664 : Cost 18.72587967 : Time 590.86s : 8539.70 words/s
[2019-08-10 02:58:33] Ep. 28 : Up. 116000 : Sen. 521,579 : Cost 19.34882736 : Time 587.70s : 8597.03 words/s
[2019-08-10 02:59:21] Seen 543116 samples
[2019-08-10 02:59:21] Starting epoch 29
[2019-08-10 02:59:21] [data] Shuffling data
[2019-08-10 02:59:22] [data] Done reading 580521 sentences
[2019-08-10 02:59:24] [data] Done shuffling 580521 sentences to temp files
[2019-08-10 03:08:22] Ep. 29 : Up. 118000 : Sen. 240,335 : Cost 18.35823631 : Time 588.99s : 8554.67 words/s
[2019-08-10 03:18:08] Ep. 29 : Up. 120000 : Sen. 502,638 : Cost 18.65731049 : Time 586.16s : 8611.20 words/s
[2019-08-10 03:18:08] Saving model to ../experiments/10M_bicleaner_v1.1_+_bic1.0_x_dcce/model/model.npz.orig.npz
[2019-08-10 03:18:17] Saving model to ../experiments/10M_bicleaner_v1.1_+_bic1.0_x_dcce/model/model.iter120000.npz
[2019-08-10 03:18:24] Saving model to ../experiments/10M_bicleaner_v1.1_+_bic1.0_x_dcce/model/model.npz
[2019-08-10 03:18:33] Saving Adam parameters to ../experiments/10M_bicleaner_v1.1_+_bic1.0_x_dcce/model/model.npz.optimizer.npz
[2019-08-10 03:18:59] [valid] Ep. 29 : Up. 120000 : cross-entropy : 64.4115 : stalled 2 times (last best: 62.5332)
[2019-08-10 03:19:08] [valid] Ep. 29 : Up. 120000 : perplexity : 12.648 : stalled 2 times (last best: 11.746)
[2019-08-10 03:20:18] [valid] Ep. 29 : Up. 120000 : translation : 26.09 : new best
[2019-08-10 03:21:53] Seen 543116 samples
[2019-08-10 03:21:53] Starting epoch 30
[2019-08-10 03:21:53] [data] Shuffling data
[2019-08-10 03:21:53] [data] Done reading 580521 sentences
[2019-08-10 03:21:55] [data] Done shuffling 580521 sentences to temp files
[2019-08-10 03:30:14] Ep. 30 : Up. 122000 : Sen. 222,158 : Cost 18.25242424 : Time 726.23s : 6967.33 words/s
[2019-08-10 03:39:58] Ep. 30 : Up. 124000 : Sen. 483,178 : Cost 18.46338654 : Time 583.62s : 8616.60 words/s
[2019-08-10 03:42:14] Seen 543116 samples
[2019-08-10 03:42:14] Starting epoch 31
[2019-08-10 03:42:14] [data] Shuffling data
[2019-08-10 03:42:14] [data] Done reading 580521 sentences
[2019-08-10 03:42:16] [data] Done shuffling 580521 sentences to temp files
[2019-08-10 03:49:48] Ep. 31 : Up. 126000 : Sen. 201,108 : Cost 18.02745247 : Time 589.83s : 8536.43 words/s
[2019-08-10 03:59:34] Ep. 31 : Up. 128000 : Sen. 463,298 : Cost 18.20535851 : Time 586.05s : 8611.04 words/s
[2019-08-10 04:02:33] Seen 543116 samples
[2019-08-10 04:02:33] Starting epoch 32
[2019-08-10 04:02:33] [data] Shuffling data
[2019-08-10 04:02:33] [data] Done reading 580521 sentences
[2019-08-10 04:02:35] [data] Done shuffling 580521 sentences to temp files
[2019-08-10 04:09:26] Ep. 32 : Up. 130000 : Sen. 182,711 : Cost 17.79368210 : Time 592.48s : 8532.84 words/s
[2019-08-10 04:19:11] Ep. 32 : Up. 132000 : Sen. 444,388 : Cost 17.73285103 : Time 584.26s : 8616.80 words/s
[2019-08-10 04:22:52] Seen 543116 samples
[2019-08-10 04:22:52] Starting epoch 33
[2019-08-10 04:22:52] [data] Shuffling data
[2019-08-10 04:22:52] [data] Done reading 580521 sentences
[2019-08-10 04:22:54] [data] Done shuffling 580521 sentences to temp files
[2019-08-10 04:28:58] Ep. 33 : Up. 134000 : Sen. 161,847 : Cost 17.55393219 : Time 587.87s : 8545.45 words/s
[2019-08-10 04:38:43] Ep. 33 : Up. 136000 : Sen. 423,415 : Cost 17.87063217 : Time 584.32s : 8626.32 words/s
[2019-08-10 04:43:09] Seen 543116 samples
[2019-08-10 04:43:09] Starting epoch 34
[2019-08-10 04:43:09] [data] Shuffling data
[2019-08-10 04:43:09] [data] Done reading 580521 sentences
[2019-08-10 04:43:11] [data] Done shuffling 580521 sentences to temp files
[2019-08-10 04:48:33] Ep. 34 : Up. 138000 : Sen. 142,878 : Cost 17.33388710 : Time 589.97s : 8556.91 words/s
[2019-08-10 04:58:16] Ep. 34 : Up. 140000 : Sen. 404,264 : Cost 17.34136581 : Time 583.68s : 8631.48 words/s
[2019-08-10 04:58:16] Saving model to ../experiments/10M_bicleaner_v1.1_+_bic1.0_x_dcce/model/model.npz.orig.npz
[2019-08-10 04:58:26] Saving model to ../experiments/10M_bicleaner_v1.1_+_bic1.0_x_dcce/model/model.iter140000.npz
[2019-08-10 04:58:32] Saving model to ../experiments/10M_bicleaner_v1.1_+_bic1.0_x_dcce/model/model.npz
[2019-08-10 04:58:42] Saving Adam parameters to ../experiments/10M_bicleaner_v1.1_+_bic1.0_x_dcce/model/model.npz.optimizer.npz
[2019-08-10 04:59:07] [valid] Ep. 34 : Up. 140000 : cross-entropy : 65.8376 : stalled 3 times (last best: 62.5332)
[2019-08-10 04:59:16] [valid] Ep. 34 : Up. 140000 : perplexity : 13.379 : stalled 3 times (last best: 11.746)
[2019-08-10 05:00:25] [valid] Ep. 34 : Up. 140000 : translation : 25.93 : stalled 1 times (last best: 26.09)
[2019-08-10 05:05:37] Seen 543116 samples
[2019-08-10 05:05:37] Starting epoch 35
[2019-08-10 05:05:37] [data] Shuffling data
[2019-08-10 05:05:37] [data] Done reading 580521 sentences
[2019-08-10 05:05:39] [data] Done shuffling 580521 sentences to temp files
[2019-08-10 05:10:15] Ep. 35 : Up. 142000 : Sen. 122,832 : Cost 17.35424423 : Time 718.89s : 7002.36 words/s
[2019-08-10 05:20:02] Ep. 35 : Up. 144000 : Sen. 384,935 : Cost 17.43337059 : Time 586.65s : 8620.32 words/s
[2019-08-10 05:25:55] Seen 543116 samples
[2019-08-10 05:25:55] Starting epoch 36
[2019-08-10 05:25:55] [data] Shuffling data
[2019-08-10 05:25:55] [data] Done reading 580521 sentences
[2019-08-10 05:25:57] [data] Done shuffling 580521 sentences to temp files
[2019-08-10 05:29:52] Ep. 36 : Up. 146000 : Sen. 103,853 : Cost 17.14429855 : Time 589.98s : 8544.74 words/s
[2019-08-10 05:39:39] Ep. 36 : Up. 148000 : Sen. 365,398 : Cost 16.79343987 : Time 586.88s : 8594.04 words/s
[2019-08-10 05:46:14] Seen 543116 samples
[2019-08-10 05:46:14] Starting epoch 37
[2019-08-10 05:46:14] [data] Shuffling data
[2019-08-10 05:46:15] [data] Done reading 580521 sentences
[2019-08-10 05:46:17] [data] Done shuffling 580521 sentences to temp files
[2019-08-10 05:49:30] Ep. 37 : Up. 150000 : Sen. 85,303 : Cost 16.92635345 : Time 590.80s : 8561.74 words/s
[2019-08-10 05:59:15] Ep. 37 : Up. 152000 : Sen. 346,464 : Cost 16.71197128 : Time 585.29s : 8610.39 words/s
[2019-08-10 06:06:33] Seen 543116 samples
[2019-08-10 06:06:33] Starting epoch 38
[2019-08-10 06:06:33] [data] Shuffling data
[2019-08-10 06:06:34] [data] Done reading 580521 sentences
[2019-08-10 06:06:36] [data] Done shuffling 580521 sentences to temp files
[2019-08-10 06:09:04] Ep. 38 : Up. 154000 : Sen. 65,426 : Cost 16.82493210 : Time 589.41s : 8552.39 words/s
[2019-08-10 06:18:49] Ep. 38 : Up. 156000 : Sen. 327,397 : Cost 16.31259155 : Time 584.27s : 8618.32 words/s
[2019-08-10 06:26:52] Seen 543116 samples
[2019-08-10 06:26:52] Starting epoch 39
[2019-08-10 06:26:52] [data] Shuffling data
[2019-08-10 06:26:53] [data] Done reading 580521 sentences
[2019-08-10 06:26:55] [data] Done shuffling 580521 sentences to temp files
[2019-08-10 06:28:42] Ep. 39 : Up. 158000 : Sen. 46,668 : Cost 16.91185570 : Time 593.38s : 8527.93 words/s
[2019-08-10 06:38:28] Ep. 39 : Up. 160000 : Sen. 308,710 : Cost 16.18810654 : Time 586.43s : 8598.73 words/s
[2019-08-10 06:38:28] Saving model to ../experiments/10M_bicleaner_v1.1_+_bic1.0_x_dcce/model/model.npz.orig.npz
[2019-08-10 06:38:37] Saving model to ../experiments/10M_bicleaner_v1.1_+_bic1.0_x_dcce/model/model.iter160000.npz
[2019-08-10 06:38:47] Saving model to ../experiments/10M_bicleaner_v1.1_+_bic1.0_x_dcce/model/model.npz
[2019-08-10 06:38:58] Saving Adam parameters to ../experiments/10M_bicleaner_v1.1_+_bic1.0_x_dcce/model/model.npz.optimizer.npz
[2019-08-10 06:39:24] [valid] Ep. 39 : Up. 160000 : cross-entropy : 67.3131 : stalled 4 times (last best: 62.5332)
[2019-08-10 06:39:33] [valid] Ep. 39 : Up. 160000 : perplexity : 14.1798 : stalled 4 times (last best: 11.746)
[2019-08-10 06:40:44] [valid] Ep. 39 : Up. 160000 : translation : 25.73 : stalled 2 times (last best: 26.09)
[2019-08-10 06:49:29] Seen 543116 samples
[2019-08-10 06:49:29] Starting epoch 40
[2019-08-10 06:49:29] [data] Shuffling data
[2019-08-10 06:49:29] [data] Done reading 580521 sentences
[2019-08-10 06:49:32] [data] Done shuffling 580521 sentences to temp files
[2019-08-10 06:50:35] Ep. 40 : Up. 162000 : Sen. 27,170 : Cost 16.49768257 : Time 726.15s : 6936.92 words/s
[2019-08-10 07:00:18] Ep. 40 : Up. 164000 : Sen. 288,471 : Cost 15.92098045 : Time 583.52s : 8622.91 words/s
[2019-08-10 07:09:45] Seen 543116 samples
[2019-08-10 07:09:45] Starting epoch 41
[2019-08-10 07:09:45] [data] Shuffling data
[2019-08-10 07:09:46] [data] Done reading 580521 sentences
[2019-08-10 07:09:48] [data] Done shuffling 580521 sentences to temp files
[2019-08-10 07:10:07] Ep. 41 : Up. 166000 : Sen. 8,003 : Cost 16.44432640 : Time 589.34s : 8584.16 words/s
[2019-08-10 07:19:56] Ep. 41 : Up. 168000 : Sen. 271,055 : Cost 15.81943226 : Time 588.75s : 8615.34 words/s
[2019-08-10 07:29:40] Ep. 41 : Up. 170000 : Sen. 532,315 : Cost 16.08042145 : Time 584.24s : 8596.74 words/s
[2019-08-10 07:30:05] Seen 543116 samples
[2019-08-10 07:30:05] Starting epoch 42
[2019-08-10 07:30:05] [data] Shuffling data
[2019-08-10 07:30:06] [data] Done reading 580521 sentences
[2019-08-10 07:30:09] [data] Done shuffling 580521 sentences to temp files
[2019-08-10 07:39:31] Ep. 42 : Up. 172000 : Sen. 250,641 : Cost 15.70695686 : Time 590.72s : 8513.93 words/s
[2019-08-10 07:49:17] Ep. 42 : Up. 174000 : Sen. 512,623 : Cost 16.00085640 : Time 585.80s : 8621.30 words/s
[2019-08-10 07:50:25] Seen 543116 samples
[2019-08-10 07:50:25] Starting epoch 43
[2019-08-10 07:50:25] [data] Shuffling data
[2019-08-10 07:50:26] [data] Done reading 580521 sentences
[2019-08-10 07:50:28] [data] Done shuffling 580521 sentences to temp files
[2019-08-10 07:59:05] Ep. 43 : Up. 176000 : Sen. 230,590 : Cost 15.65177727 : Time 588.50s : 8554.10 words/s
[2019-08-10 08:08:52] Ep. 43 : Up. 178000 : Sen. 492,878 : Cost 15.94471264 : Time 586.85s : 8597.31 words/s
[2019-08-10 08:10:46] Seen 543116 samples
[2019-08-10 08:10:46] Starting epoch 44
[2019-08-10 08:10:46] [data] Shuffling data
[2019-08-10 08:10:46] [data] Done reading 580521 sentences
[2019-08-10 08:10:48] [data] Done shuffling 580521 sentences to temp files
[2019-08-10 08:18:42] Ep. 44 : Up. 180000 : Sen. 210,429 : Cost 15.56485939 : Time 589.93s : 8518.11 words/s
[2019-08-10 08:18:42] Saving model to ../experiments/10M_bicleaner_v1.1_+_bic1.0_x_dcce/model/model.npz.orig.npz
[2019-08-10 08:18:51] Saving model to ../experiments/10M_bicleaner_v1.1_+_bic1.0_x_dcce/model/model.iter180000.npz
[2019-08-10 08:18:58] Saving model to ../experiments/10M_bicleaner_v1.1_+_bic1.0_x_dcce/model/model.npz
[2019-08-10 08:19:07] Saving Adam parameters to ../experiments/10M_bicleaner_v1.1_+_bic1.0_x_dcce/model/model.npz.optimizer.npz
[2019-08-10 08:19:33] [valid] Ep. 44 : Up. 180000 : cross-entropy : 68.8841 : stalled 5 times (last best: 62.5332)
[2019-08-10 08:19:42] [valid] Ep. 44 : Up. 180000 : perplexity : 15.085 : stalled 5 times (last best: 11.746)
[2019-08-10 08:20:52] [valid] Ep. 44 : Up. 180000 : translation : 25.49 : stalled 3 times (last best: 26.09)
[2019-08-10 08:20:54] Training finished
[2019-08-10 08:20:58] Saving model to ../experiments/10M_bicleaner_v1.1_+_bic1.0_x_dcce/model/model.npz.orig.npz
[2019-08-10 08:21:12] Saving model to ../experiments/10M_bicleaner_v1.1_+_bic1.0_x_dcce/model/model.npz
[2019-08-10 08:21:25] Saving Adam parameters to ../experiments/10M_bicleaner_v1.1_+_bic1.0_x_dcce/model/model.npz.optimizer.npz
