[2019-07-30 10:48:57] [marian] Marian v1.7.8 ec2d66e 2019-05-27 14:52:11 +0100
[2019-07-30 10:48:57] [marian] Running on bil as process 24301 with command line:
[2019-07-30 10:48:57] [marian] /fs/bil0/abdel/marian-dev/build/marian --sync-sgd --model ../experiments/100M_bicleaner_dom_dcce_biced_hdiff/model/model.npz -T . --devices 5 --train-sets ../experiments/100M_bicleaner_dom_dcce_biced_hdiff/data/train.bpe.de ../experiments/100M_bicleaner_dom_dcce_biced_hdiff/data/train.bpe.en --vocabs ../experiments/100M_bicleaner_dom_dcce_biced_hdiff/data/train.bpe.de.json ../experiments/100M_bicleaner_dom_dcce_biced_hdiff/data/train.bpe.en.json --mini-batch-fit -w 5000 --dim-vocabs 50000 50000 --layer-normalization --dropout-rnn 0.2 --dropout-src 0.1 --dropout-trg 0.1 --learn-rate 0.0001 --after-epochs 0 --early-stopping 5 --valid-freq 20000 --save-freq 20000 --disp-freq 2000 --valid-mini-batch 8 --valid-sets ../experiments/100M_bicleaner_dom_dcce_biced_hdiff/data/dev.bpe.de ../experiments/100M_bicleaner_dom_dcce_biced_hdiff/data/dev.bpe.en --valid-metrics cross-entropy perplexity translation --valid-translation-output ../experiments/100M_bicleaner_dom_dcce_biced_hdiff/model/dev.out --valid-script-path ../experiments/100M_bicleaner_dom_dcce_biced_hdiff/score-dev.sh --seed 1111 --exponential-smoothing --normalize=1 --beam-size=12 --quiet-translation --log ../experiments/100M_bicleaner_dom_dcce_biced_hdiff/model/train.log --valid-log ../experiments/100M_bicleaner_dom_dcce_biced_hdiff/model/valid.log
[2019-07-30 10:48:57] [config] after-batches: 0
[2019-07-30 10:48:57] [config] after-epochs: 0
[2019-07-30 10:48:57] [config] allow-unk: false
[2019-07-30 10:48:57] [config] beam-size: 12
[2019-07-30 10:48:57] [config] bert-class-symbol: "[CLS]"
[2019-07-30 10:48:57] [config] bert-mask-symbol: "[MASK]"
[2019-07-30 10:48:57] [config] bert-masking-fraction: 0.15
[2019-07-30 10:48:57] [config] bert-sep-symbol: "[SEP]"
[2019-07-30 10:48:57] [config] bert-train-type-embeddings: true
[2019-07-30 10:48:57] [config] bert-type-vocab-size: 2
[2019-07-30 10:48:57] [config] best-deep: false
[2019-07-30 10:48:57] [config] clip-gemm: 0
[2019-07-30 10:48:57] [config] clip-norm: 1
[2019-07-30 10:48:57] [config] cost-type: ce-mean
[2019-07-30 10:48:57] [config] cpu-threads: 0
[2019-07-30 10:48:57] [config] data-weighting: ""
[2019-07-30 10:48:57] [config] data-weighting-type: sentence
[2019-07-30 10:48:57] [config] dec-cell: gru
[2019-07-30 10:48:57] [config] dec-cell-base-depth: 2
[2019-07-30 10:48:57] [config] dec-cell-high-depth: 1
[2019-07-30 10:48:57] [config] dec-depth: 1
[2019-07-30 10:48:57] [config] devices:
[2019-07-30 10:48:57] [config]   - 5
[2019-07-30 10:48:57] [config] dim-emb: 512
[2019-07-30 10:48:57] [config] dim-rnn: 1024
[2019-07-30 10:48:57] [config] dim-vocabs:
[2019-07-30 10:48:57] [config]   - 50000
[2019-07-30 10:48:57] [config]   - 50000
[2019-07-30 10:48:57] [config] disp-first: 0
[2019-07-30 10:48:57] [config] disp-freq: 2000
[2019-07-30 10:48:57] [config] disp-label-counts: false
[2019-07-30 10:48:57] [config] dropout-rnn: 0.2
[2019-07-30 10:48:57] [config] dropout-src: 0.1
[2019-07-30 10:48:57] [config] dropout-trg: 0.1
[2019-07-30 10:48:57] [config] dump-config: ""
[2019-07-30 10:48:57] [config] early-stopping: 5
[2019-07-30 10:48:57] [config] embedding-fix-src: false
[2019-07-30 10:48:57] [config] embedding-fix-trg: false
[2019-07-30 10:48:57] [config] embedding-normalization: false
[2019-07-30 10:48:57] [config] embedding-vectors:
[2019-07-30 10:48:57] [config]   []
[2019-07-30 10:48:57] [config] enc-cell: gru
[2019-07-30 10:48:57] [config] enc-cell-depth: 1
[2019-07-30 10:48:57] [config] enc-depth: 1
[2019-07-30 10:48:57] [config] enc-type: bidirectional
[2019-07-30 10:48:57] [config] exponential-smoothing: 0.0001
[2019-07-30 10:48:57] [config] grad-dropping-momentum: 0
[2019-07-30 10:48:57] [config] grad-dropping-rate: 0
[2019-07-30 10:48:57] [config] grad-dropping-warmup: 100
[2019-07-30 10:48:57] [config] guided-alignment: none
[2019-07-30 10:48:57] [config] guided-alignment-cost: mse
[2019-07-30 10:48:57] [config] guided-alignment-weight: 0.1
[2019-07-30 10:48:57] [config] ignore-model-config: false
[2019-07-30 10:48:57] [config] input-types:
[2019-07-30 10:48:57] [config]   []
[2019-07-30 10:48:57] [config] interpolate-env-vars: false
[2019-07-30 10:48:57] [config] keep-best: false
[2019-07-30 10:48:57] [config] label-smoothing: 0
[2019-07-30 10:48:57] [config] layer-normalization: true
[2019-07-30 10:48:57] [config] learn-rate: 0.0001
[2019-07-30 10:48:57] [config] log: ../experiments/100M_bicleaner_dom_dcce_biced_hdiff/model/train.log
[2019-07-30 10:48:57] [config] log-level: info
[2019-07-30 10:48:57] [config] log-time-zone: ""
[2019-07-30 10:48:57] [config] lr-decay: 0
[2019-07-30 10:48:57] [config] lr-decay-freq: 50000
[2019-07-30 10:48:57] [config] lr-decay-inv-sqrt:
[2019-07-30 10:48:57] [config]   - 0
[2019-07-30 10:48:57] [config] lr-decay-repeat-warmup: false
[2019-07-30 10:48:57] [config] lr-decay-reset-optimizer: false
[2019-07-30 10:48:57] [config] lr-decay-start:
[2019-07-30 10:48:57] [config]   - 10
[2019-07-30 10:48:57] [config]   - 1
[2019-07-30 10:48:57] [config] lr-decay-strategy: epoch+stalled
[2019-07-30 10:48:57] [config] lr-report: false
[2019-07-30 10:48:57] [config] lr-warmup: 0
[2019-07-30 10:48:57] [config] lr-warmup-at-reload: false
[2019-07-30 10:48:57] [config] lr-warmup-cycle: false
[2019-07-30 10:48:57] [config] lr-warmup-start-rate: 0
[2019-07-30 10:48:57] [config] max-length: 50
[2019-07-30 10:48:57] [config] max-length-crop: false
[2019-07-30 10:48:57] [config] max-length-factor: 3
[2019-07-30 10:48:57] [config] maxi-batch: 100
[2019-07-30 10:48:57] [config] maxi-batch-sort: trg
[2019-07-30 10:48:57] [config] mini-batch: 64
[2019-07-30 10:48:57] [config] mini-batch-fit: true
[2019-07-30 10:48:57] [config] mini-batch-fit-step: 10
[2019-07-30 10:48:57] [config] mini-batch-overstuff: 1
[2019-07-30 10:48:57] [config] mini-batch-track-lr: false
[2019-07-30 10:48:57] [config] mini-batch-understuff: 1
[2019-07-30 10:48:57] [config] mini-batch-warmup: 0
[2019-07-30 10:48:57] [config] mini-batch-words: 0
[2019-07-30 10:48:57] [config] mini-batch-words-ref: 0
[2019-07-30 10:48:57] [config] model: ../experiments/100M_bicleaner_dom_dcce_biced_hdiff/model/model.npz
[2019-07-30 10:48:57] [config] multi-loss-type: sum
[2019-07-30 10:48:57] [config] multi-node: false
[2019-07-30 10:48:57] [config] multi-node-overlap: true
[2019-07-30 10:48:57] [config] n-best: false
[2019-07-30 10:48:57] [config] no-nccl: false
[2019-07-30 10:48:57] [config] no-reload: false
[2019-07-30 10:48:57] [config] no-restore-corpus: false
[2019-07-30 10:48:57] [config] no-shuffle: false
[2019-07-30 10:48:57] [config] normalize: 1
[2019-07-30 10:48:57] [config] num-devices: 0
[2019-07-30 10:48:57] [config] optimizer: adam
[2019-07-30 10:48:57] [config] optimizer-delay: 1
[2019-07-30 10:48:57] [config] optimizer-params:
[2019-07-30 10:48:57] [config]   []
[2019-07-30 10:48:57] [config] overwrite: false
[2019-07-30 10:48:57] [config] pretrained-model: ""
[2019-07-30 10:48:57] [config] quiet: false
[2019-07-30 10:48:57] [config] quiet-translation: true
[2019-07-30 10:48:57] [config] relative-paths: false
[2019-07-30 10:48:57] [config] right-left: false
[2019-07-30 10:48:57] [config] save-freq: 20000
[2019-07-30 10:48:57] [config] seed: 1111
[2019-07-30 10:48:57] [config] shuffle-in-ram: false
[2019-07-30 10:48:57] [config] skip: false
[2019-07-30 10:48:57] [config] sqlite: ""
[2019-07-30 10:48:57] [config] sqlite-drop: false
[2019-07-30 10:48:57] [config] sync-sgd: true
[2019-07-30 10:48:57] [config] tempdir: .
[2019-07-30 10:48:57] [config] tied-embeddings: false
[2019-07-30 10:48:57] [config] tied-embeddings-all: false
[2019-07-30 10:48:57] [config] tied-embeddings-src: false
[2019-07-30 10:48:57] [config] train-sets:
[2019-07-30 10:48:57] [config]   - ../experiments/100M_bicleaner_dom_dcce_biced_hdiff/data/train.bpe.de
[2019-07-30 10:48:57] [config]   - ../experiments/100M_bicleaner_dom_dcce_biced_hdiff/data/train.bpe.en
[2019-07-30 10:48:57] [config] transformer-aan-activation: swish
[2019-07-30 10:48:57] [config] transformer-aan-depth: 2
[2019-07-30 10:48:57] [config] transformer-aan-nogate: false
[2019-07-30 10:48:57] [config] transformer-decoder-autoreg: self-attention
[2019-07-30 10:48:57] [config] transformer-dim-aan: 2048
[2019-07-30 10:48:57] [config] transformer-dim-ffn: 2048
[2019-07-30 10:48:57] [config] transformer-dropout: 0
[2019-07-30 10:48:57] [config] transformer-dropout-attention: 0
[2019-07-30 10:48:57] [config] transformer-dropout-ffn: 0
[2019-07-30 10:48:57] [config] transformer-ffn-activation: swish
[2019-07-30 10:48:57] [config] transformer-ffn-depth: 2
[2019-07-30 10:48:57] [config] transformer-guided-alignment-layer: last
[2019-07-30 10:48:57] [config] transformer-heads: 8
[2019-07-30 10:48:57] [config] transformer-no-projection: false
[2019-07-30 10:48:57] [config] transformer-postprocess: dan
[2019-07-30 10:48:57] [config] transformer-postprocess-emb: d
[2019-07-30 10:48:57] [config] transformer-preprocess: ""
[2019-07-30 10:48:57] [config] transformer-tied-layers:
[2019-07-30 10:48:57] [config]   []
[2019-07-30 10:48:57] [config] transformer-train-position-embeddings: false
[2019-07-30 10:48:57] [config] type: amun
[2019-07-30 10:48:57] [config] ulr: false
[2019-07-30 10:48:57] [config] ulr-dim-emb: 0
[2019-07-30 10:48:57] [config] ulr-dropout: 0
[2019-07-30 10:48:57] [config] ulr-keys-vectors: ""
[2019-07-30 10:48:57] [config] ulr-query-vectors: ""
[2019-07-30 10:48:57] [config] ulr-softmax-temperature: 1
[2019-07-30 10:48:57] [config] ulr-trainable-transformation: false
[2019-07-30 10:48:57] [config] valid-freq: 20000
[2019-07-30 10:48:57] [config] valid-log: ../experiments/100M_bicleaner_dom_dcce_biced_hdiff/model/valid.log
[2019-07-30 10:48:57] [config] valid-max-length: 1000
[2019-07-30 10:48:57] [config] valid-metrics:
[2019-07-30 10:48:57] [config]   - cross-entropy
[2019-07-30 10:48:57] [config]   - perplexity
[2019-07-30 10:48:57] [config]   - translation
[2019-07-30 10:48:57] [config] valid-mini-batch: 8
[2019-07-30 10:48:57] [config] valid-script-path: ../experiments/100M_bicleaner_dom_dcce_biced_hdiff/score-dev.sh
[2019-07-30 10:48:57] [config] valid-sets:
[2019-07-30 10:48:57] [config]   - ../experiments/100M_bicleaner_dom_dcce_biced_hdiff/data/dev.bpe.de
[2019-07-30 10:48:57] [config]   - ../experiments/100M_bicleaner_dom_dcce_biced_hdiff/data/dev.bpe.en
[2019-07-30 10:48:57] [config] valid-translation-output: ../experiments/100M_bicleaner_dom_dcce_biced_hdiff/model/dev.out
[2019-07-30 10:48:57] [config] vocabs:
[2019-07-30 10:48:57] [config]   - ../experiments/100M_bicleaner_dom_dcce_biced_hdiff/data/train.bpe.de.json
[2019-07-30 10:48:57] [config]   - ../experiments/100M_bicleaner_dom_dcce_biced_hdiff/data/train.bpe.en.json
[2019-07-30 10:48:57] [config] word-penalty: 0
[2019-07-30 10:48:57] [config] workspace: 5000
[2019-07-30 10:48:57] [config] Model is being created with Marian v1.7.8 ec2d66e 2019-05-27 14:52:11 +0100
[2019-07-30 10:48:57] Using synchronous training
[2019-07-30 10:48:57] [data] Loading vocabulary from JSON/Yaml file ../experiments/100M_bicleaner_dom_dcce_biced_hdiff/data/train.bpe.de.json
[2019-07-30 10:48:57] [data] Using unused word id eos for 0
[2019-07-30 10:48:57] [data] Using unused word id UNK for 1
[2019-07-30 10:48:57] [data] Setting vocabulary size for input 0 to 50000
[2019-07-30 10:48:57] [data] Loading vocabulary from JSON/Yaml file ../experiments/100M_bicleaner_dom_dcce_biced_hdiff/data/train.bpe.en.json
[2019-07-30 10:48:57] [data] Using unused word id eos for 0
[2019-07-30 10:48:57] [data] Using unused word id UNK for 1
[2019-07-30 10:48:57] [data] Setting vocabulary size for input 1 to 50000
[2019-07-30 10:48:57] Compiled without MPI support. Falling back to FakeMPIWrapper
[2019-07-30 10:48:57] [batching] Collecting statistics for batch fitting with step size 10
[2019-07-30 10:48:59] [memory] Extending reserved space to 5120 MB (device gpu5)
[2019-07-30 10:48:59] Error: CUDA error 2 'out of memory' - /fs/bil0/abdel/marian-dev/src/tensors/gpu/device.cu:38: cudaMalloc(&data_, size)
[2019-07-30 10:48:59] Error: Aborted from virtual void marian::gpu::Device::reserve(size_t) in /fs/bil0/abdel/marian-dev/src/tensors/gpu/device.cu:38

[CALL STACK]
[0x19f32c1]         marian::gpu::Device::  reserve  (unsigned long)    + 0x1401
[0x93c8cb]          marian::SyncGraphGroup::  SyncGraphGroup  (std::shared_ptr<marian::Options>,  std::shared_ptr<marian::IMPIWrapper>) + 0xdcb
[0x605a90]          std::shared_ptr<marian::SyncGraphGroup> marian::  New  <marian::SyncGraphGroup,std::shared_ptr<marian::Options>&,std::shared_ptr<marian::IMPIWrapper>&>(std::shared_ptr<marian::Options>&,  std::shared_ptr<marian::IMPIWrapper>&) + 0x70
[0x66f24c]          marian::Train<marian::SyncGraphGroup>::  run  ()   + 0x35c
[0x5a13aa]          mainTrainer  (int,  char**)                        + 0x2ca
[0x57dd1a]          main                                               + 0x8a
[0x7faf7ea8a830]    __libc_start_main                                  + 0xf0
[0x59edc9]          _start                                             + 0x29

[2019-07-30 12:23:25] [marian] Marian v1.7.8 ec2d66e 2019-05-27 14:52:11 +0100
[2019-07-30 12:23:25] [marian] Running on fulla as process 192127 with command line:
[2019-07-30 12:23:25] [marian] /fs/bil0/abdel/marian-dev/build/marian --sync-sgd --model ../experiments/100M_bicleaner_dom_dcce_biced_hdiff/model/model.npz -T . --devices 5 --train-sets ../experiments/100M_bicleaner_dom_dcce_biced_hdiff/data/train.bpe.de ../experiments/100M_bicleaner_dom_dcce_biced_hdiff/data/train.bpe.en --vocabs ../experiments/100M_bicleaner_dom_dcce_biced_hdiff/data/train.bpe.de.json ../experiments/100M_bicleaner_dom_dcce_biced_hdiff/data/train.bpe.en.json --mini-batch-fit -w 5000 --dim-vocabs 50000 50000 --layer-normalization --dropout-rnn 0.2 --dropout-src 0.1 --dropout-trg 0.1 --learn-rate 0.0001 --after-epochs 0 --early-stopping 5 --valid-freq 20000 --save-freq 20000 --disp-freq 2000 --valid-mini-batch 8 --valid-sets ../experiments/100M_bicleaner_dom_dcce_biced_hdiff/data/dev.bpe.de ../experiments/100M_bicleaner_dom_dcce_biced_hdiff/data/dev.bpe.en --valid-metrics cross-entropy perplexity translation --valid-translation-output ../experiments/100M_bicleaner_dom_dcce_biced_hdiff/model/dev.out --valid-script-path ../experiments/100M_bicleaner_dom_dcce_biced_hdiff/score-dev.sh --seed 1111 --exponential-smoothing --normalize=1 --beam-size=12 --quiet-translation --log ../experiments/100M_bicleaner_dom_dcce_biced_hdiff/model/train.log --valid-log ../experiments/100M_bicleaner_dom_dcce_biced_hdiff/model/valid.log
[2019-07-30 12:23:25] [config] after-batches: 0
[2019-07-30 12:23:25] [config] after-epochs: 0
[2019-07-30 12:23:25] [config] allow-unk: false
[2019-07-30 12:23:25] [config] beam-size: 12
[2019-07-30 12:23:25] [config] bert-class-symbol: "[CLS]"
[2019-07-30 12:23:25] [config] bert-mask-symbol: "[MASK]"
[2019-07-30 12:23:25] [config] bert-masking-fraction: 0.15
[2019-07-30 12:23:25] [config] bert-sep-symbol: "[SEP]"
[2019-07-30 12:23:25] [config] bert-train-type-embeddings: true
[2019-07-30 12:23:25] [config] bert-type-vocab-size: 2
[2019-07-30 12:23:25] [config] best-deep: false
[2019-07-30 12:23:25] [config] clip-gemm: 0
[2019-07-30 12:23:25] [config] clip-norm: 1
[2019-07-30 12:23:25] [config] cost-type: ce-mean
[2019-07-30 12:23:25] [config] cpu-threads: 0
[2019-07-30 12:23:25] [config] data-weighting: ""
[2019-07-30 12:23:25] [config] data-weighting-type: sentence
[2019-07-30 12:23:25] [config] dec-cell: gru
[2019-07-30 12:23:25] [config] dec-cell-base-depth: 2
[2019-07-30 12:23:25] [config] dec-cell-high-depth: 1
[2019-07-30 12:23:25] [config] dec-depth: 1
[2019-07-30 12:23:25] [config] devices:
[2019-07-30 12:23:25] [config]   - 5
[2019-07-30 12:23:25] [config] dim-emb: 512
[2019-07-30 12:23:25] [config] dim-rnn: 1024
[2019-07-30 12:23:25] [config] dim-vocabs:
[2019-07-30 12:23:25] [config]   - 50000
[2019-07-30 12:23:25] [config]   - 50000
[2019-07-30 12:23:25] [config] disp-first: 0
[2019-07-30 12:23:25] [config] disp-freq: 2000
[2019-07-30 12:23:25] [config] disp-label-counts: false
[2019-07-30 12:23:25] [config] dropout-rnn: 0.2
[2019-07-30 12:23:25] [config] dropout-src: 0.1
[2019-07-30 12:23:25] [config] dropout-trg: 0.1
[2019-07-30 12:23:25] [config] dump-config: ""
[2019-07-30 12:23:25] [config] early-stopping: 5
[2019-07-30 12:23:25] [config] embedding-fix-src: false
[2019-07-30 12:23:25] [config] embedding-fix-trg: false
[2019-07-30 12:23:25] [config] embedding-normalization: false
[2019-07-30 12:23:25] [config] embedding-vectors:
[2019-07-30 12:23:25] [config]   []
[2019-07-30 12:23:25] [config] enc-cell: gru
[2019-07-30 12:23:25] [config] enc-cell-depth: 1
[2019-07-30 12:23:25] [config] enc-depth: 1
[2019-07-30 12:23:25] [config] enc-type: bidirectional
[2019-07-30 12:23:25] [config] exponential-smoothing: 0.0001
[2019-07-30 12:23:25] [config] grad-dropping-momentum: 0
[2019-07-30 12:23:25] [config] grad-dropping-rate: 0
[2019-07-30 12:23:25] [config] grad-dropping-warmup: 100
[2019-07-30 12:23:25] [config] guided-alignment: none
[2019-07-30 12:23:25] [config] guided-alignment-cost: mse
[2019-07-30 12:23:25] [config] guided-alignment-weight: 0.1
[2019-07-30 12:23:25] [config] ignore-model-config: false
[2019-07-30 12:23:25] [config] input-types:
[2019-07-30 12:23:25] [config]   []
[2019-07-30 12:23:25] [config] interpolate-env-vars: false
[2019-07-30 12:23:25] [config] keep-best: false
[2019-07-30 12:23:25] [config] label-smoothing: 0
[2019-07-30 12:23:25] [config] layer-normalization: true
[2019-07-30 12:23:25] [config] learn-rate: 0.0001
[2019-07-30 12:23:25] [config] log: ../experiments/100M_bicleaner_dom_dcce_biced_hdiff/model/train.log
[2019-07-30 12:23:25] [config] log-level: info
[2019-07-30 12:23:25] [config] log-time-zone: ""
[2019-07-30 12:23:25] [config] lr-decay: 0
[2019-07-30 12:23:25] [config] lr-decay-freq: 50000
[2019-07-30 12:23:25] [config] lr-decay-inv-sqrt:
[2019-07-30 12:23:25] [config]   - 0
[2019-07-30 12:23:25] [config] lr-decay-repeat-warmup: false
[2019-07-30 12:23:25] [config] lr-decay-reset-optimizer: false
[2019-07-30 12:23:25] [config] lr-decay-start:
[2019-07-30 12:23:25] [config]   - 10
[2019-07-30 12:23:25] [config]   - 1
[2019-07-30 12:23:25] [config] lr-decay-strategy: epoch+stalled
[2019-07-30 12:23:25] [config] lr-report: false
[2019-07-30 12:23:25] [config] lr-warmup: 0
[2019-07-30 12:23:25] [config] lr-warmup-at-reload: false
[2019-07-30 12:23:25] [config] lr-warmup-cycle: false
[2019-07-30 12:23:25] [config] lr-warmup-start-rate: 0
[2019-07-30 12:23:25] [config] max-length: 50
[2019-07-30 12:23:25] [config] max-length-crop: false
[2019-07-30 12:23:25] [config] max-length-factor: 3
[2019-07-30 12:23:25] [config] maxi-batch: 100
[2019-07-30 12:23:25] [config] maxi-batch-sort: trg
[2019-07-30 12:23:25] [config] mini-batch: 64
[2019-07-30 12:23:25] [config] mini-batch-fit: true
[2019-07-30 12:23:25] [config] mini-batch-fit-step: 10
[2019-07-30 12:23:25] [config] mini-batch-overstuff: 1
[2019-07-30 12:23:25] [config] mini-batch-track-lr: false
[2019-07-30 12:23:25] [config] mini-batch-understuff: 1
[2019-07-30 12:23:25] [config] mini-batch-warmup: 0
[2019-07-30 12:23:25] [config] mini-batch-words: 0
[2019-07-30 12:23:25] [config] mini-batch-words-ref: 0
[2019-07-30 12:23:25] [config] model: ../experiments/100M_bicleaner_dom_dcce_biced_hdiff/model/model.npz
[2019-07-30 12:23:25] [config] multi-loss-type: sum
[2019-07-30 12:23:25] [config] multi-node: false
[2019-07-30 12:23:25] [config] multi-node-overlap: true
[2019-07-30 12:23:25] [config] n-best: false
[2019-07-30 12:23:25] [config] no-nccl: false
[2019-07-30 12:23:25] [config] no-reload: false
[2019-07-30 12:23:25] [config] no-restore-corpus: false
[2019-07-30 12:23:25] [config] no-shuffle: false
[2019-07-30 12:23:25] [config] normalize: 1
[2019-07-30 12:23:25] [config] num-devices: 0
[2019-07-30 12:23:25] [config] optimizer: adam
[2019-07-30 12:23:25] [config] optimizer-delay: 1
[2019-07-30 12:23:25] [config] optimizer-params:
[2019-07-30 12:23:25] [config]   []
[2019-07-30 12:23:25] [config] overwrite: false
[2019-07-30 12:23:25] [config] pretrained-model: ""
[2019-07-30 12:23:25] [config] quiet: false
[2019-07-30 12:23:25] [config] quiet-translation: true
[2019-07-30 12:23:25] [config] relative-paths: false
[2019-07-30 12:23:25] [config] right-left: false
[2019-07-30 12:23:25] [config] save-freq: 20000
[2019-07-30 12:23:25] [config] seed: 1111
[2019-07-30 12:23:25] [config] shuffle-in-ram: false
[2019-07-30 12:23:25] [config] skip: false
[2019-07-30 12:23:25] [config] sqlite: ""
[2019-07-30 12:23:25] [config] sqlite-drop: false
[2019-07-30 12:23:25] [config] sync-sgd: true
[2019-07-30 12:23:25] [config] tempdir: .
[2019-07-30 12:23:25] [config] tied-embeddings: false
[2019-07-30 12:23:25] [config] tied-embeddings-all: false
[2019-07-30 12:23:25] [config] tied-embeddings-src: false
[2019-07-30 12:23:25] [config] train-sets:
[2019-07-30 12:23:25] [config]   - ../experiments/100M_bicleaner_dom_dcce_biced_hdiff/data/train.bpe.de
[2019-07-30 12:23:25] [config]   - ../experiments/100M_bicleaner_dom_dcce_biced_hdiff/data/train.bpe.en
[2019-07-30 12:23:25] [config] transformer-aan-activation: swish
[2019-07-30 12:23:25] [config] transformer-aan-depth: 2
[2019-07-30 12:23:25] [config] transformer-aan-nogate: false
[2019-07-30 12:23:25] [config] transformer-decoder-autoreg: self-attention
[2019-07-30 12:23:25] [config] transformer-dim-aan: 2048
[2019-07-30 12:23:25] [config] transformer-dim-ffn: 2048
[2019-07-30 12:23:25] [config] transformer-dropout: 0
[2019-07-30 12:23:25] [config] transformer-dropout-attention: 0
[2019-07-30 12:23:25] [config] transformer-dropout-ffn: 0
[2019-07-30 12:23:25] [config] transformer-ffn-activation: swish
[2019-07-30 12:23:25] [config] transformer-ffn-depth: 2
[2019-07-30 12:23:25] [config] transformer-guided-alignment-layer: last
[2019-07-30 12:23:25] [config] transformer-heads: 8
[2019-07-30 12:23:25] [config] transformer-no-projection: false
[2019-07-30 12:23:25] [config] transformer-postprocess: dan
[2019-07-30 12:23:25] [config] transformer-postprocess-emb: d
[2019-07-30 12:23:25] [config] transformer-preprocess: ""
[2019-07-30 12:23:25] [config] transformer-tied-layers:
[2019-07-30 12:23:25] [config]   []
[2019-07-30 12:23:25] [config] transformer-train-position-embeddings: false
[2019-07-30 12:23:25] [config] type: amun
[2019-07-30 12:23:25] [config] ulr: false
[2019-07-30 12:23:25] [config] ulr-dim-emb: 0
[2019-07-30 12:23:25] [config] ulr-dropout: 0
[2019-07-30 12:23:25] [config] ulr-keys-vectors: ""
[2019-07-30 12:23:25] [config] ulr-query-vectors: ""
[2019-07-30 12:23:25] [config] ulr-softmax-temperature: 1
[2019-07-30 12:23:25] [config] ulr-trainable-transformation: false
[2019-07-30 12:23:25] [config] valid-freq: 20000
[2019-07-30 12:23:25] [config] valid-log: ../experiments/100M_bicleaner_dom_dcce_biced_hdiff/model/valid.log
[2019-07-30 12:23:25] [config] valid-max-length: 1000
[2019-07-30 12:23:25] [config] valid-metrics:
[2019-07-30 12:23:25] [config]   - cross-entropy
[2019-07-30 12:23:25] [config]   - perplexity
[2019-07-30 12:23:25] [config]   - translation
[2019-07-30 12:23:25] [config] valid-mini-batch: 8
[2019-07-30 12:23:25] [config] valid-script-path: ../experiments/100M_bicleaner_dom_dcce_biced_hdiff/score-dev.sh
[2019-07-30 12:23:25] [config] valid-sets:
[2019-07-30 12:23:25] [config]   - ../experiments/100M_bicleaner_dom_dcce_biced_hdiff/data/dev.bpe.de
[2019-07-30 12:23:25] [config]   - ../experiments/100M_bicleaner_dom_dcce_biced_hdiff/data/dev.bpe.en
[2019-07-30 12:23:25] [config] valid-translation-output: ../experiments/100M_bicleaner_dom_dcce_biced_hdiff/model/dev.out
[2019-07-30 12:23:25] [config] vocabs:
[2019-07-30 12:23:25] [config]   - ../experiments/100M_bicleaner_dom_dcce_biced_hdiff/data/train.bpe.de.json
[2019-07-30 12:23:25] [config]   - ../experiments/100M_bicleaner_dom_dcce_biced_hdiff/data/train.bpe.en.json
[2019-07-30 12:23:25] [config] word-penalty: 0
[2019-07-30 12:23:25] [config] workspace: 5000
[2019-07-30 12:23:25] [config] Model is being created with Marian v1.7.8 ec2d66e 2019-05-27 14:52:11 +0100
[2019-07-30 12:23:25] Using synchronous training
[2019-07-30 12:23:25] [data] Loading vocabulary from JSON/Yaml file ../experiments/100M_bicleaner_dom_dcce_biced_hdiff/data/train.bpe.de.json
[2019-07-30 12:23:26] [data] Using unused word id eos for 0
[2019-07-30 12:23:26] [data] Using unused word id UNK for 1
[2019-07-30 12:23:26] [data] Setting vocabulary size for input 0 to 50000
[2019-07-30 12:23:26] [data] Loading vocabulary from JSON/Yaml file ../experiments/100M_bicleaner_dom_dcce_biced_hdiff/data/train.bpe.en.json
[2019-07-30 12:23:26] [data] Using unused word id eos for 0
[2019-07-30 12:23:26] [data] Using unused word id UNK for 1
[2019-07-30 12:23:26] [data] Setting vocabulary size for input 1 to 50000
[2019-07-30 12:23:26] Compiled without MPI support. Falling back to FakeMPIWrapper
[2019-07-30 12:23:26] [batching] Collecting statistics for batch fitting with step size 10
[2019-07-30 12:23:28] [memory] Extending reserved space to 5120 MB (device gpu5)
[2019-07-30 12:23:28] [comm] Using NCCL 2.4.2 for GPU communication
[2019-07-30 12:23:28] [comm] NCCLCommunicator constructed successfully.
[2019-07-30 12:23:28] [training] Using 1 GPUs
[2019-07-30 12:23:28] [memory] Reserving 422 MB, device gpu5
[2019-07-30 12:23:28] [gpu] 16-bit TensorCores enabled for float32 matrix operations
[2019-07-30 12:23:28] [memory] Reserving 422 MB, device gpu5
[2019-07-30 12:23:33] [batching] Done. Typical MB size is 6880 target words
[2019-07-30 12:23:33] [memory] Extending reserved space to 5120 MB (device gpu5)
[2019-07-30 12:23:33] [comm] Using NCCL 2.4.2 for GPU communication
[2019-07-30 12:23:33] [comm] NCCLCommunicator constructed successfully.
[2019-07-30 12:23:33] [training] Using 1 GPUs
[2019-07-30 12:23:33] Training started
[2019-07-30 12:23:33] [data] Shuffling data
[2019-07-30 12:23:46] [data] Done reading 4498663 sentences
[2019-07-30 12:24:04] [data] Done shuffling 4498663 sentences to temp files
[2019-07-30 12:24:12] [training] Batches are processed as 1 process(es) x 1 devices/process
[2019-07-30 12:24:12] [memory] Reserving 422 MB, device gpu5
[2019-07-30 12:24:12] [memory] Reserving 422 MB, device gpu5
[2019-07-30 12:24:12] [memory] Reserving 422 MB, device gpu5
[2019-07-30 12:24:13] [memory] Reserving 844 MB, device gpu5
[2019-07-30 12:31:47] Ep. 1 : Up. 2000 : Sen. 332,126 : Cost 145.01098633 : Time 500.69s : 15843.97 words/s
[2019-07-30 12:39:23] Ep. 1 : Up. 4000 : Sen. 664,164 : Cost 114.97183990 : Time 455.82s : 17420.18 words/s
[2019-07-30 12:46:58] Ep. 1 : Up. 6000 : Sen. 996,480 : Cost 98.87220001 : Time 455.19s : 17418.90 words/s
[2019-07-30 12:54:33] Ep. 1 : Up. 8000 : Sen. 1,328,091 : Cost 89.43167877 : Time 455.19s : 17454.35 words/s
[2019-07-30 13:02:10] Ep. 1 : Up. 10000 : Sen. 1,661,193 : Cost 82.86392975 : Time 456.81s : 17440.67 words/s
[2019-07-30 13:09:46] Ep. 1 : Up. 12000 : Sen. 1,993,567 : Cost 78.43618011 : Time 455.90s : 17427.28 words/s
[2019-07-30 13:17:20] Ep. 1 : Up. 14000 : Sen. 2,326,615 : Cost 74.72891235 : Time 454.74s : 17466.71 words/s
[2019-07-30 13:24:58] Ep. 1 : Up. 16000 : Sen. 2,659,624 : Cost 72.59715271 : Time 457.50s : 17442.22 words/s
[2019-07-30 13:32:34] Ep. 1 : Up. 18000 : Sen. 2,993,158 : Cost 70.34127808 : Time 456.18s : 17462.20 words/s
[2019-07-30 13:40:08] Ep. 1 : Up. 20000 : Sen. 3,325,272 : Cost 68.75968170 : Time 453.85s : 17479.61 words/s
[2019-07-30 13:40:08] Saving model to ../experiments/100M_bicleaner_dom_dcce_biced_hdiff/model/model.npz.orig.npz
[2019-07-30 13:40:18] Saving model to ../experiments/100M_bicleaner_dom_dcce_biced_hdiff/model/model.iter20000.npz
[2019-07-30 13:40:25] Saving model to ../experiments/100M_bicleaner_dom_dcce_biced_hdiff/model/model.npz
[2019-07-30 13:40:35] Saving Adam parameters to ../experiments/100M_bicleaner_dom_dcce_biced_hdiff/model/model.npz.optimizer.npz
[2019-07-30 13:41:07] [valid] Ep. 1 : Up. 20000 : cross-entropy : 60.4927 : new best
[2019-07-30 13:41:13] [valid] Ep. 1 : Up. 20000 : perplexity : 10.8782 : new best
[2019-07-30 13:42:09] [valid] Ep. 1 : Up. 20000 : translation : 23.85 : new best
[2019-07-30 13:49:46] Ep. 1 : Up. 22000 : Sen. 3,658,212 : Cost 67.23336792 : Time 578.45s : 13730.63 words/s
[2019-07-30 13:52:47] Seen 3789411 samples
[2019-07-30 13:52:47] Starting epoch 2
[2019-07-30 13:52:47] [data] Shuffling data
[2019-07-30 13:52:50] [data] Done reading 4498663 sentences
[2019-07-30 13:53:12] [data] Done shuffling 4498663 sentences to temp files
[2019-07-30 13:57:55] Ep. 2 : Up. 24000 : Sen. 200,941 : Cost 65.48475647 : Time 488.41s : 16233.21 words/s
[2019-07-30 14:05:31] Ep. 2 : Up. 26000 : Sen. 533,696 : Cost 64.28961945 : Time 456.51s : 17420.89 words/s
[2019-07-30 14:13:08] Ep. 2 : Up. 28000 : Sen. 865,892 : Cost 63.43062592 : Time 457.06s : 17402.71 words/s
[2019-07-30 14:20:45] Ep. 2 : Up. 30000 : Sen. 1,199,674 : Cost 62.48606491 : Time 456.70s : 17441.58 words/s
[2019-07-30 14:28:19] Ep. 2 : Up. 32000 : Sen. 1,530,902 : Cost 61.76419449 : Time 454.15s : 17405.44 words/s
[2019-07-30 14:35:56] Ep. 2 : Up. 34000 : Sen. 1,864,265 : Cost 61.13154221 : Time 456.74s : 17444.70 words/s
[2019-07-30 14:43:33] Ep. 2 : Up. 36000 : Sen. 2,197,599 : Cost 60.78143311 : Time 457.30s : 17422.86 words/s
[2019-07-30 14:51:11] Ep. 2 : Up. 38000 : Sen. 2,530,542 : Cost 60.27033997 : Time 457.49s : 17389.07 words/s
[2019-07-30 14:58:48] Ep. 2 : Up. 40000 : Sen. 2,863,407 : Cost 59.74685287 : Time 457.40s : 17409.14 words/s
[2019-07-30 14:58:48] Saving model to ../experiments/100M_bicleaner_dom_dcce_biced_hdiff/model/model.npz.orig.npz
[2019-07-30 14:58:58] Saving model to ../experiments/100M_bicleaner_dom_dcce_biced_hdiff/model/model.iter40000.npz
[2019-07-30 14:59:06] Saving model to ../experiments/100M_bicleaner_dom_dcce_biced_hdiff/model/model.npz
[2019-07-30 14:59:17] Saving Adam parameters to ../experiments/100M_bicleaner_dom_dcce_biced_hdiff/model/model.npz.optimizer.npz
[2019-07-30 14:59:44] [valid] Ep. 2 : Up. 40000 : cross-entropy : 50.5355 : new best
[2019-07-30 14:59:50] [valid] Ep. 2 : Up. 40000 : perplexity : 7.34408 : new best
[2019-07-30 15:00:46] [valid] Ep. 2 : Up. 40000 : translation : 26.86 : new best
[2019-07-30 15:08:23] Ep. 2 : Up. 42000 : Sen. 3,195,077 : Cost 59.15431595 : Time 575.05s : 13782.63 words/s
[2019-07-30 15:16:01] Ep. 2 : Up. 44000 : Sen. 3,527,625 : Cost 58.65291595 : Time 457.70s : 17389.46 words/s
[2019-07-30 15:22:00] Seen 3789411 samples
[2019-07-30 15:22:00] Starting epoch 3
[2019-07-30 15:22:00] [data] Shuffling data
[2019-07-30 15:22:03] [data] Done reading 4498663 sentences
[2019-07-30 15:22:25] [data] Done shuffling 4498663 sentences to temp files
[2019-07-30 15:24:09] Ep. 3 : Up. 46000 : Sen. 70,400 : Cost 57.88256073 : Time 487.92s : 16260.39 words/s
[2019-07-30 15:31:47] Ep. 3 : Up. 48000 : Sen. 403,736 : Cost 56.75770569 : Time 458.65s : 17362.76 words/s
[2019-07-30 15:39:26] Ep. 3 : Up. 50000 : Sen. 736,795 : Cost 56.84355545 : Time 458.20s : 17378.53 words/s
[2019-07-30 15:47:04] Ep. 3 : Up. 52000 : Sen. 1,069,162 : Cost 56.39820862 : Time 457.90s : 17349.92 words/s
[2019-07-30 15:54:42] Ep. 3 : Up. 54000 : Sen. 1,401,370 : Cost 56.50995636 : Time 458.06s : 17350.46 words/s
[2019-07-30 16:02:19] Ep. 3 : Up. 56000 : Sen. 1,733,872 : Cost 55.79773331 : Time 457.39s : 17339.13 words/s
[2019-07-30 16:09:57] Ep. 3 : Up. 58000 : Sen. 2,066,894 : Cost 55.87034607 : Time 458.23s : 17392.35 words/s
[2019-07-30 16:17:35] Ep. 3 : Up. 60000 : Sen. 2,400,230 : Cost 55.49972916 : Time 457.57s : 17408.63 words/s
[2019-07-30 16:17:35] Saving model to ../experiments/100M_bicleaner_dom_dcce_biced_hdiff/model/model.npz.orig.npz
[2019-07-30 16:17:44] Saving model to ../experiments/100M_bicleaner_dom_dcce_biced_hdiff/model/model.iter60000.npz
[2019-07-30 16:17:51] Saving model to ../experiments/100M_bicleaner_dom_dcce_biced_hdiff/model/model.npz
[2019-07-30 16:18:02] Saving Adam parameters to ../experiments/100M_bicleaner_dom_dcce_biced_hdiff/model/model.npz.optimizer.npz
[2019-07-30 16:18:29] [valid] Ep. 3 : Up. 60000 : cross-entropy : 46.4685 : new best
[2019-07-30 16:18:35] [valid] Ep. 3 : Up. 60000 : perplexity : 6.25532 : new best
[2019-07-30 16:19:31] [valid] Ep. 3 : Up. 60000 : translation : 27.93 : new best
[2019-07-30 16:27:10] Ep. 3 : Up. 62000 : Sen. 2,733,524 : Cost 55.34645081 : Time 575.68s : 13838.71 words/s
[2019-07-30 16:34:48] Ep. 3 : Up. 64000 : Sen. 3,066,442 : Cost 54.85919571 : Time 457.60s : 17378.02 words/s
[2019-07-30 16:42:25] Ep. 3 : Up. 66000 : Sen. 3,398,170 : Cost 54.66484070 : Time 456.63s : 17366.88 words/s
[2019-07-30 16:50:01] Ep. 3 : Up. 68000 : Sen. 3,730,664 : Cost 54.53378296 : Time 456.39s : 17387.02 words/s
[2019-07-30 16:51:22] Seen 3789411 samples
[2019-07-30 16:51:22] Starting epoch 4
[2019-07-30 16:51:22] [data] Shuffling data
[2019-07-30 16:51:25] [data] Done reading 4498663 sentences
[2019-07-30 16:51:44] [data] Done shuffling 4498663 sentences to temp files
[2019-07-30 16:58:10] Ep. 4 : Up. 70000 : Sen. 275,464 : Cost 53.46591187 : Time 488.62s : 16340.40 words/s
[2019-07-30 17:05:47] Ep. 4 : Up. 72000 : Sen. 608,000 : Cost 53.29789352 : Time 457.15s : 17372.72 words/s
[2019-07-30 17:13:24] Ep. 4 : Up. 74000 : Sen. 940,974 : Cost 53.12724686 : Time 457.36s : 17384.40 words/s
[2019-07-30 17:21:02] Ep. 4 : Up. 76000 : Sen. 1,273,600 : Cost 53.16348267 : Time 457.61s : 17380.99 words/s
[2019-07-30 17:28:39] Ep. 4 : Up. 78000 : Sen. 1,606,762 : Cost 53.00680923 : Time 457.02s : 17425.20 words/s
[2019-07-30 17:36:16] Ep. 4 : Up. 80000 : Sen. 1,939,374 : Cost 52.99690247 : Time 457.52s : 17383.55 words/s
[2019-07-30 17:36:16] Saving model to ../experiments/100M_bicleaner_dom_dcce_biced_hdiff/model/model.npz.orig.npz
[2019-07-30 17:36:26] Saving model to ../experiments/100M_bicleaner_dom_dcce_biced_hdiff/model/model.iter80000.npz
[2019-07-30 17:36:33] Saving model to ../experiments/100M_bicleaner_dom_dcce_biced_hdiff/model/model.npz
[2019-07-30 17:36:43] Saving Adam parameters to ../experiments/100M_bicleaner_dom_dcce_biced_hdiff/model/model.npz.optimizer.npz
[2019-07-30 17:37:10] [valid] Ep. 4 : Up. 80000 : cross-entropy : 44.2588 : new best
[2019-07-30 17:37:17] [valid] Ep. 4 : Up. 80000 : perplexity : 5.73304 : new best
[2019-07-30 17:38:12] [valid] Ep. 4 : Up. 80000 : translation : 28.99 : new best
[2019-07-30 17:45:52] Ep. 4 : Up. 82000 : Sen. 2,272,000 : Cost 52.70137787 : Time 575.11s : 13829.04 words/s
[2019-07-30 17:53:27] Ep. 4 : Up. 84000 : Sen. 2,603,915 : Cost 52.75143433 : Time 455.87s : 17399.15 words/s
[2019-07-30 18:01:04] Ep. 4 : Up. 86000 : Sen. 2,936,727 : Cost 52.42320633 : Time 456.48s : 17407.70 words/s
[2019-07-30 18:08:41] Ep. 4 : Up. 88000 : Sen. 3,269,656 : Cost 52.53950882 : Time 456.85s : 17408.68 words/s
[2019-07-30 18:16:16] Ep. 4 : Up. 90000 : Sen. 3,601,246 : Cost 52.21840286 : Time 455.29s : 17402.93 words/s
[2019-07-30 18:20:35] Seen 3789411 samples
[2019-07-30 18:20:35] Starting epoch 5
[2019-07-30 18:20:35] [data] Shuffling data
[2019-07-30 18:20:38] [data] Done reading 4498663 sentences
[2019-07-30 18:21:01] [data] Done shuffling 4498663 sentences to temp files
[2019-07-30 18:24:27] Ep. 5 : Up. 92000 : Sen. 144,731 : Cost 51.71977615 : Time 490.79s : 16198.83 words/s
[2019-07-30 18:32:03] Ep. 5 : Up. 94000 : Sen. 476,275 : Cost 51.16829681 : Time 456.62s : 17392.82 words/s
[2019-07-30 18:39:40] Ep. 5 : Up. 96000 : Sen. 808,636 : Cost 50.86398697 : Time 456.21s : 17392.47 words/s
[2019-07-30 18:47:17] Ep. 5 : Up. 98000 : Sen. 1,141,736 : Cost 51.26540375 : Time 457.68s : 17429.20 words/s
[2019-07-30 18:54:55] Ep. 5 : Up. 100000 : Sen. 1,475,522 : Cost 51.20363235 : Time 458.11s : 17392.89 words/s
[2019-07-30 18:54:55] Saving model to ../experiments/100M_bicleaner_dom_dcce_biced_hdiff/model/model.npz.orig.npz
[2019-07-30 18:55:05] Saving model to ../experiments/100M_bicleaner_dom_dcce_biced_hdiff/model/model.iter100000.npz
[2019-07-30 18:55:13] Saving model to ../experiments/100M_bicleaner_dom_dcce_biced_hdiff/model/model.npz
[2019-07-30 18:55:22] Saving Adam parameters to ../experiments/100M_bicleaner_dom_dcce_biced_hdiff/model/model.npz.optimizer.npz
[2019-07-30 18:55:51] [valid] Ep. 5 : Up. 100000 : cross-entropy : 42.8415 : new best
[2019-07-30 18:55:58] [valid] Ep. 5 : Up. 100000 : perplexity : 5.42124 : new best
[2019-07-30 18:56:54] [valid] Ep. 5 : Up. 100000 : translation : 29.58 : new best
[2019-07-30 19:04:32] Ep. 5 : Up. 102000 : Sen. 1,807,643 : Cost 51.01549911 : Time 576.65s : 13771.37 words/s
[2019-07-30 19:12:09] Ep. 5 : Up. 104000 : Sen. 2,139,768 : Cost 50.82582855 : Time 456.81s : 17361.96 words/s
[2019-07-30 19:19:45] Ep. 5 : Up. 106000 : Sen. 2,472,713 : Cost 50.90526581 : Time 456.06s : 17415.64 words/s
[2019-07-30 19:27:22] Ep. 5 : Up. 108000 : Sen. 2,805,333 : Cost 51.04703140 : Time 457.45s : 17400.03 words/s
[2019-07-30 19:35:00] Ep. 5 : Up. 110000 : Sen. 3,138,708 : Cost 50.74542999 : Time 457.35s : 17414.18 words/s
[2019-07-30 19:42:37] Ep. 5 : Up. 112000 : Sen. 3,471,776 : Cost 50.76640320 : Time 457.63s : 17401.02 words/s
[2019-07-30 19:49:54] Seen 3789411 samples
[2019-07-30 19:49:54] Starting epoch 6
[2019-07-30 19:49:54] [data] Shuffling data
[2019-07-30 19:49:57] [data] Done reading 4498663 sentences
[2019-07-30 19:50:18] [data] Done shuffling 4498663 sentences to temp files
[2019-07-30 19:50:46] Ep. 6 : Up. 114000 : Sen. 13,879 : Cost 50.52080154 : Time 488.89s : 16195.26 words/s
[2019-07-30 19:58:22] Ep. 6 : Up. 116000 : Sen. 346,534 : Cost 49.35634232 : Time 455.85s : 17437.24 words/s
[2019-07-30 20:05:59] Ep. 6 : Up. 118000 : Sen. 679,548 : Cost 49.49073410 : Time 457.00s : 17423.91 words/s
[2019-07-30 20:13:34] Ep. 6 : Up. 120000 : Sen. 1,011,792 : Cost 49.58181763 : Time 454.56s : 17426.28 words/s
[2019-07-30 20:13:34] Saving model to ../experiments/100M_bicleaner_dom_dcce_biced_hdiff/model/model.npz.orig.npz
[2019-07-30 20:13:43] Saving model to ../experiments/100M_bicleaner_dom_dcce_biced_hdiff/model/model.iter120000.npz
[2019-07-30 20:13:51] Saving model to ../experiments/100M_bicleaner_dom_dcce_biced_hdiff/model/model.npz
[2019-07-30 20:14:01] Saving Adam parameters to ../experiments/100M_bicleaner_dom_dcce_biced_hdiff/model/model.npz.optimizer.npz
[2019-07-30 20:14:29] [valid] Ep. 6 : Up. 120000 : cross-entropy : 41.7742 : new best
[2019-07-30 20:14:36] [valid] Ep. 6 : Up. 120000 : perplexity : 5.1977 : new best
[2019-07-30 20:15:31] [valid] Ep. 6 : Up. 120000 : translation : 29.91 : new best
[2019-07-30 20:23:11] Ep. 6 : Up. 122000 : Sen. 1,344,946 : Cost 49.78442383 : Time 577.27s : 13820.05 words/s
[2019-07-30 20:30:48] Ep. 6 : Up. 124000 : Sen. 1,677,698 : Cost 49.53047562 : Time 456.64s : 17402.83 words/s
[2019-07-30 20:38:25] Ep. 6 : Up. 126000 : Sen. 2,009,732 : Cost 49.72148514 : Time 456.93s : 17377.15 words/s
[2019-07-30 20:46:02] Ep. 6 : Up. 128000 : Sen. 2,341,997 : Cost 49.68423843 : Time 456.99s : 17396.85 words/s
[2019-07-30 20:53:38] Ep. 6 : Up. 130000 : Sen. 2,675,357 : Cost 49.59640884 : Time 456.89s : 17423.70 words/s
[2019-07-30 21:01:15] Ep. 6 : Up. 132000 : Sen. 3,007,244 : Cost 49.59769440 : Time 456.49s : 17389.49 words/s
[2019-07-30 21:08:52] Ep. 6 : Up. 134000 : Sen. 3,340,404 : Cost 49.10596848 : Time 457.11s : 17376.05 words/s
[2019-07-30 21:16:28] Ep. 6 : Up. 136000 : Sen. 3,671,957 : Cost 49.52366638 : Time 455.83s : 17411.69 words/s
[2019-07-30 21:19:09] Seen 3789411 samples
[2019-07-30 21:19:09] Starting epoch 7
[2019-07-30 21:19:09] [data] Shuffling data
[2019-07-30 21:19:12] [data] Done reading 4498663 sentences
[2019-07-30 21:19:31] [data] Done shuffling 4498663 sentences to temp files
[2019-07-30 21:24:48] Ep. 7 : Up. 138000 : Sen. 215,399 : Cost 48.61015701 : Time 499.70s : 15913.28 words/s
[2019-07-30 21:32:23] Ep. 7 : Up. 140000 : Sen. 548,230 : Cost 48.27290726 : Time 455.75s : 17416.34 words/s
[2019-07-30 21:32:23] Saving model to ../experiments/100M_bicleaner_dom_dcce_biced_hdiff/model/model.npz.orig.npz
[2019-07-30 21:32:33] Saving model to ../experiments/100M_bicleaner_dom_dcce_biced_hdiff/model/model.iter140000.npz
[2019-07-30 21:32:40] Saving model to ../experiments/100M_bicleaner_dom_dcce_biced_hdiff/model/model.npz
[2019-07-30 21:32:51] Saving Adam parameters to ../experiments/100M_bicleaner_dom_dcce_biced_hdiff/model/model.npz.optimizer.npz
[2019-07-30 21:33:19] [valid] Ep. 7 : Up. 140000 : cross-entropy : 40.9921 : new best
[2019-07-30 21:33:26] [valid] Ep. 7 : Up. 140000 : perplexity : 5.03975 : new best
[2019-07-30 21:34:21] [valid] Ep. 7 : Up. 140000 : translation : 30.18 : new best
[2019-07-30 21:41:59] Ep. 7 : Up. 142000 : Sen. 880,304 : Cost 48.55868530 : Time 575.96s : 13775.08 words/s
[2019-07-30 21:49:37] Ep. 7 : Up. 144000 : Sen. 1,213,800 : Cost 48.41289902 : Time 457.26s : 17420.39 words/s
[2019-07-30 21:57:12] Ep. 7 : Up. 146000 : Sen. 1,546,332 : Cost 48.43002701 : Time 455.75s : 17447.02 words/s
[2019-07-30 22:04:46] Ep. 7 : Up. 148000 : Sen. 1,878,695 : Cost 48.52458572 : Time 453.95s : 17471.71 words/s
[2019-07-30 22:12:23] Ep. 7 : Up. 150000 : Sen. 2,212,002 : Cost 48.68955994 : Time 456.94s : 17468.49 words/s
[2019-07-30 22:19:59] Ep. 7 : Up. 152000 : Sen. 2,545,107 : Cost 48.50462341 : Time 455.65s : 17451.18 words/s
[2019-07-30 22:27:36] Ep. 7 : Up. 154000 : Sen. 2,878,199 : Cost 48.64894104 : Time 456.77s : 17426.09 words/s
[2019-07-30 22:35:11] Ep. 7 : Up. 156000 : Sen. 3,210,611 : Cost 48.49715042 : Time 454.94s : 17468.72 words/s
[2019-07-30 22:42:47] Ep. 7 : Up. 158000 : Sen. 3,543,453 : Cost 48.47147369 : Time 456.80s : 17428.30 words/s
[2019-07-30 22:48:25] Seen 3789411 samples
[2019-07-30 22:48:25] Starting epoch 8
[2019-07-30 22:48:25] [data] Shuffling data
[2019-07-30 22:48:28] [data] Done reading 4498663 sentences
[2019-07-30 22:48:47] [data] Done shuffling 4498663 sentences to temp files
[2019-07-30 22:50:55] Ep. 8 : Up. 160000 : Sen. 86,694 : Cost 48.42961884 : Time 488.10s : 16306.67 words/s
[2019-07-30 22:50:55] Saving model to ../experiments/100M_bicleaner_dom_dcce_biced_hdiff/model/model.npz.orig.npz
[2019-07-30 22:51:05] Saving model to ../experiments/100M_bicleaner_dom_dcce_biced_hdiff/model/model.iter160000.npz
[2019-07-30 22:51:13] Saving model to ../experiments/100M_bicleaner_dom_dcce_biced_hdiff/model/model.npz
[2019-07-30 22:51:23] Saving Adam parameters to ../experiments/100M_bicleaner_dom_dcce_biced_hdiff/model/model.npz.optimizer.npz
[2019-07-30 22:51:50] [valid] Ep. 8 : Up. 160000 : cross-entropy : 40.446 : new best
[2019-07-30 22:51:57] [valid] Ep. 8 : Up. 160000 : perplexity : 4.93232 : new best
[2019-07-30 22:52:52] [valid] Ep. 8 : Up. 160000 : translation : 30.47 : new best
[2019-07-30 23:00:31] Ep. 8 : Up. 162000 : Sen. 420,459 : Cost 47.23221588 : Time 575.64s : 13835.60 words/s
[2019-07-30 23:08:07] Ep. 8 : Up. 164000 : Sen. 752,723 : Cost 47.89223862 : Time 455.43s : 17450.08 words/s
[2019-07-30 23:15:43] Ep. 8 : Up. 166000 : Sen. 1,086,426 : Cost 47.72120667 : Time 456.75s : 17443.13 words/s
[2019-07-30 23:23:19] Ep. 8 : Up. 168000 : Sen. 1,418,132 : Cost 47.67150879 : Time 455.65s : 17411.03 words/s
[2019-07-30 23:30:58] Ep. 8 : Up. 170000 : Sen. 1,750,825 : Cost 47.76572418 : Time 459.55s : 17335.87 words/s
[2019-07-30 23:38:38] Ep. 8 : Up. 172000 : Sen. 2,084,327 : Cost 47.73252106 : Time 459.37s : 17348.19 words/s
[2019-07-30 23:46:17] Ep. 8 : Up. 174000 : Sen. 2,417,418 : Cost 47.81901932 : Time 459.59s : 17316.40 words/s
[2019-07-30 23:53:56] Ep. 8 : Up. 176000 : Sen. 2,750,234 : Cost 47.75976944 : Time 458.61s : 17334.82 words/s
[2019-07-31 00:01:35] Ep. 8 : Up. 178000 : Sen. 3,082,466 : Cost 47.91794586 : Time 458.52s : 17312.97 words/s
[2019-07-31 00:09:14] Ep. 8 : Up. 180000 : Sen. 3,415,401 : Cost 47.75886154 : Time 459.71s : 17319.64 words/s
[2019-07-31 00:09:14] Saving model to ../experiments/100M_bicleaner_dom_dcce_biced_hdiff/model/model.npz.orig.npz
[2019-07-31 00:09:28] Saving model to ../experiments/100M_bicleaner_dom_dcce_biced_hdiff/model/model.iter180000.npz
[2019-07-31 00:09:35] Saving model to ../experiments/100M_bicleaner_dom_dcce_biced_hdiff/model/model.npz
[2019-07-31 00:09:46] Saving Adam parameters to ../experiments/100M_bicleaner_dom_dcce_biced_hdiff/model/model.npz.optimizer.npz
[2019-07-31 00:10:13] [valid] Ep. 8 : Up. 180000 : cross-entropy : 40.0403 : new best
[2019-07-31 00:10:20] [valid] Ep. 8 : Up. 180000 : perplexity : 4.85399 : new best
[2019-07-31 00:11:17] [valid] Ep. 8 : Up. 180000 : translation : 30.49 : new best
[2019-07-31 00:18:59] Ep. 8 : Up. 182000 : Sen. 3,749,673 : Cost 47.59181976 : Time 584.58s : 13646.87 words/s
[2019-07-31 00:19:54] Seen 3789411 samples
[2019-07-31 00:19:54] Starting epoch 9
[2019-07-31 00:19:54] [data] Shuffling data
[2019-07-31 00:19:57] [data] Done reading 4498663 sentences
[2019-07-31 00:20:15] [data] Done shuffling 4498663 sentences to temp files
[2019-07-31 00:27:16] Ep. 9 : Up. 184000 : Sen. 292,918 : Cost 46.74286270 : Time 496.79s : 16026.41 words/s
[2019-07-31 00:34:54] Ep. 9 : Up. 186000 : Sen. 626,014 : Cost 46.67925644 : Time 458.64s : 17363.52 words/s
[2019-07-31 00:42:32] Ep. 9 : Up. 188000 : Sen. 958,166 : Cost 46.88114166 : Time 458.06s : 17320.44 words/s
[2019-07-31 00:50:10] Ep. 9 : Up. 190000 : Sen. 1,290,233 : Cost 46.92024612 : Time 458.06s : 17319.85 words/s
[2019-07-31 00:57:51] Ep. 9 : Up. 192000 : Sen. 1,624,054 : Cost 46.79723740 : Time 460.92s : 17322.63 words/s
[2019-07-31 01:05:30] Ep. 9 : Up. 194000 : Sen. 1,955,825 : Cost 46.92175293 : Time 458.10s : 17311.16 words/s
[2019-07-31 01:13:07] Ep. 9 : Up. 196000 : Sen. 2,287,456 : Cost 47.23772049 : Time 457.07s : 17362.65 words/s
[2019-07-31 01:20:46] Ep. 9 : Up. 198000 : Sen. 2,621,356 : Cost 46.91386795 : Time 459.25s : 17336.25 words/s
[2019-07-31 01:28:25] Ep. 9 : Up. 200000 : Sen. 2,953,835 : Cost 46.97454453 : Time 459.00s : 17298.40 words/s
[2019-07-31 01:28:25] Saving model to ../experiments/100M_bicleaner_dom_dcce_biced_hdiff/model/model.npz.orig.npz
[2019-07-31 01:28:34] Saving model to ../experiments/100M_bicleaner_dom_dcce_biced_hdiff/model/model.iter200000.npz
[2019-07-31 01:28:41] Saving model to ../experiments/100M_bicleaner_dom_dcce_biced_hdiff/model/model.npz
[2019-07-31 01:28:51] Saving Adam parameters to ../experiments/100M_bicleaner_dom_dcce_biced_hdiff/model/model.npz.optimizer.npz
[2019-07-31 01:29:19] [valid] Ep. 9 : Up. 200000 : cross-entropy : 39.759 : new best
[2019-07-31 01:29:26] [valid] Ep. 9 : Up. 200000 : perplexity : 4.80042 : new best
[2019-07-31 01:30:22] [valid] Ep. 9 : Up. 200000 : translation : 30.71 : new best
[2019-07-31 01:38:03] Ep. 9 : Up. 202000 : Sen. 3,286,612 : Cost 46.96255493 : Time 578.23s : 13733.98 words/s
[2019-07-31 01:45:43] Ep. 9 : Up. 204000 : Sen. 3,618,857 : Cost 47.09037781 : Time 459.69s : 17301.47 words/s
[2019-07-31 01:49:38] Seen 3789411 samples
[2019-07-31 01:49:38] Starting epoch 10
[2019-07-31 01:49:38] [data] Shuffling data
[2019-07-31 01:49:41] [data] Done reading 4498663 sentences
[2019-07-31 01:50:04] [data] Done shuffling 4498663 sentences to temp files
[2019-07-31 01:53:59] Ep. 10 : Up. 206000 : Sen. 162,707 : Cost 46.57657623 : Time 496.33s : 16060.82 words/s
[2019-07-31 02:01:39] Ep. 10 : Up. 208000 : Sen. 496,125 : Cost 45.71633530 : Time 459.54s : 17300.90 words/s
[2019-07-31 02:09:18] Ep. 10 : Up. 210000 : Sen. 828,640 : Cost 46.27537537 : Time 459.60s : 17292.22 words/s
[2019-07-31 02:16:58] Ep. 10 : Up. 212000 : Sen. 1,161,888 : Cost 46.14982605 : Time 459.66s : 17322.77 words/s
[2019-07-31 02:24:37] Ep. 10 : Up. 214000 : Sen. 1,495,103 : Cost 46.38690186 : Time 459.33s : 17325.46 words/s
[2019-07-31 02:32:17] Ep. 10 : Up. 216000 : Sen. 1,827,261 : Cost 46.18851471 : Time 460.23s : 17267.42 words/s
[2019-07-31 02:39:58] Ep. 10 : Up. 218000 : Sen. 2,161,003 : Cost 46.40097046 : Time 460.47s : 17304.89 words/s
[2019-07-31 02:47:36] Ep. 10 : Up. 220000 : Sen. 2,492,346 : Cost 46.56204224 : Time 458.19s : 17272.74 words/s
[2019-07-31 02:47:36] Saving model to ../experiments/100M_bicleaner_dom_dcce_biced_hdiff/model/model.npz.orig.npz
[2019-07-31 02:47:46] Saving model to ../experiments/100M_bicleaner_dom_dcce_biced_hdiff/model/model.iter220000.npz
[2019-07-31 02:47:53] Saving model to ../experiments/100M_bicleaner_dom_dcce_biced_hdiff/model/model.npz
[2019-07-31 02:48:04] Saving Adam parameters to ../experiments/100M_bicleaner_dom_dcce_biced_hdiff/model/model.npz.optimizer.npz
[2019-07-31 02:48:32] [valid] Ep. 10 : Up. 220000 : cross-entropy : 39.462 : new best
[2019-07-31 02:48:39] [valid] Ep. 10 : Up. 220000 : perplexity : 4.7445 : new best
[2019-07-31 02:49:35] [valid] Ep. 10 : Up. 220000 : translation : 30.85 : new best
[2019-07-31 02:57:17] Ep. 10 : Up. 222000 : Sen. 2,824,326 : Cost 46.39852524 : Time 581.24s : 13675.36 words/s
[2019-07-31 03:04:56] Ep. 10 : Up. 224000 : Sen. 3,157,121 : Cost 46.55297470 : Time 459.01s : 17345.59 words/s
[2019-07-31 03:12:36] Ep. 10 : Up. 226000 : Sen. 3,490,764 : Cost 46.44103622 : Time 459.65s : 17322.07 words/s
[2019-07-31 03:19:28] Seen 3789411 samples
[2019-07-31 03:19:28] Starting epoch 11
[2019-07-31 03:19:28] [data] Shuffling data
[2019-07-31 03:19:31] [data] Done reading 4498663 sentences
[2019-07-31 03:19:54] [data] Done shuffling 4498663 sentences to temp files
[2019-07-31 03:20:51] Ep. 11 : Up. 228000 : Sen. 34,858 : Cost 46.50183487 : Time 494.55s : 16113.87 words/s
[2019-07-31 03:28:31] Ep. 11 : Up. 230000 : Sen. 367,276 : Cost 45.70563126 : Time 460.40s : 17294.45 words/s
[2019-07-31 03:36:11] Ep. 11 : Up. 232000 : Sen. 700,697 : Cost 45.45338821 : Time 459.68s : 17310.65 words/s
[2019-07-31 03:43:49] Ep. 11 : Up. 234000 : Sen. 1,032,618 : Cost 45.47569275 : Time 458.48s : 17307.37 words/s
[2019-07-31 03:51:27] Ep. 11 : Up. 236000 : Sen. 1,365,072 : Cost 45.80018234 : Time 458.05s : 17340.18 words/s
[2019-07-31 03:59:06] Ep. 11 : Up. 238000 : Sen. 1,698,080 : Cost 45.69769669 : Time 458.69s : 17335.14 words/s
[2019-07-31 04:06:46] Ep. 11 : Up. 240000 : Sen. 2,031,932 : Cost 45.91778946 : Time 459.87s : 17345.06 words/s
[2019-07-31 04:06:46] Saving model to ../experiments/100M_bicleaner_dom_dcce_biced_hdiff/model/model.npz.orig.npz
[2019-07-31 04:06:56] Saving model to ../experiments/100M_bicleaner_dom_dcce_biced_hdiff/model/model.iter240000.npz
[2019-07-31 04:07:03] Saving model to ../experiments/100M_bicleaner_dom_dcce_biced_hdiff/model/model.npz
[2019-07-31 04:07:13] Saving Adam parameters to ../experiments/100M_bicleaner_dom_dcce_biced_hdiff/model/model.npz.optimizer.npz
[2019-07-31 04:07:40] [valid] Ep. 11 : Up. 240000 : cross-entropy : 39.257 : new best
[2019-07-31 04:07:47] [valid] Ep. 11 : Up. 240000 : perplexity : 4.70629 : new best
[2019-07-31 04:08:43] [valid] Ep. 11 : Up. 240000 : translation : 30.92 : new best
[2019-07-31 04:16:26] Ep. 11 : Up. 242000 : Sen. 2,365,007 : Cost 46.01312637 : Time 580.42s : 13735.93 words/s
[2019-07-31 04:24:05] Ep. 11 : Up. 244000 : Sen. 2,697,222 : Cost 46.05182266 : Time 458.93s : 17304.40 words/s
[2019-07-31 04:31:42] Ep. 11 : Up. 246000 : Sen. 3,028,668 : Cost 45.97912598 : Time 457.10s : 17304.86 words/s
[2019-07-31 04:39:22] Ep. 11 : Up. 248000 : Sen. 3,361,775 : Cost 45.95011520 : Time 460.15s : 17295.25 words/s
[2019-07-31 04:47:01] Ep. 11 : Up. 250000 : Sen. 3,694,792 : Cost 45.91392517 : Time 458.69s : 17327.22 words/s
[2019-07-31 04:49:12] Seen 3789411 samples
[2019-07-31 04:49:12] Starting epoch 12
[2019-07-31 04:49:12] [data] Shuffling data
[2019-07-31 04:49:16] [data] Done reading 4498663 sentences
[2019-07-31 04:49:38] [data] Done shuffling 4498663 sentences to temp files
[2019-07-31 04:55:15] Ep. 12 : Up. 252000 : Sen. 237,522 : Cost 45.24381638 : Time 493.71s : 16093.53 words/s
[2019-07-31 05:02:55] Ep. 12 : Up. 254000 : Sen. 571,604 : Cost 44.85057831 : Time 460.08s : 17341.54 words/s
[2019-07-31 05:10:34] Ep. 12 : Up. 256000 : Sen. 903,234 : Cost 45.26866531 : Time 459.33s : 17261.80 words/s
[2019-07-31 05:18:15] Ep. 12 : Up. 258000 : Sen. 1,236,766 : Cost 45.14982224 : Time 460.43s : 17297.25 words/s
[2019-07-31 05:25:54] Ep. 12 : Up. 260000 : Sen. 1,570,055 : Cost 45.39834595 : Time 459.85s : 17309.58 words/s
[2019-07-31 05:25:54] Saving model to ../experiments/100M_bicleaner_dom_dcce_biced_hdiff/model/model.npz.orig.npz
[2019-07-31 05:26:05] Saving model to ../experiments/100M_bicleaner_dom_dcce_biced_hdiff/model/model.iter260000.npz
[2019-07-31 05:26:12] Saving model to ../experiments/100M_bicleaner_dom_dcce_biced_hdiff/model/model.npz
[2019-07-31 05:26:22] Saving Adam parameters to ../experiments/100M_bicleaner_dom_dcce_biced_hdiff/model/model.npz.optimizer.npz
[2019-07-31 05:26:49] [valid] Ep. 12 : Up. 260000 : cross-entropy : 39.1115 : new best
[2019-07-31 05:26:56] [valid] Ep. 12 : Up. 260000 : perplexity : 4.67935 : new best
[2019-07-31 05:27:53] [valid] Ep. 12 : Up. 260000 : translation : 31.04 : new best
[2019-07-31 05:35:33] Ep. 12 : Up. 262000 : Sen. 1,901,793 : Cost 45.45207214 : Time 578.85s : 13717.44 words/s
[2019-07-31 05:43:12] Ep. 12 : Up. 264000 : Sen. 2,233,996 : Cost 45.44138336 : Time 459.19s : 17311.85 words/s
[2019-07-31 05:50:53] Ep. 12 : Up. 266000 : Sen. 2,566,894 : Cost 45.43471146 : Time 460.37s : 17283.96 words/s
[2019-07-31 05:58:31] Ep. 12 : Up. 268000 : Sen. 2,898,180 : Cost 45.46222687 : Time 458.31s : 17276.79 words/s
[2019-07-31 06:06:11] Ep. 12 : Up. 270000 : Sen. 3,230,349 : Cost 45.53894806 : Time 459.95s : 17262.11 words/s
[2019-07-31 06:13:50] Ep. 12 : Up. 272000 : Sen. 3,563,428 : Cost 45.33388901 : Time 458.79s : 17324.01 words/s
[2019-07-31 06:19:02] Seen 3789411 samples
[2019-07-31 06:19:02] Starting epoch 13
[2019-07-31 06:19:02] [data] Shuffling data
[2019-07-31 06:19:05] [data] Done reading 4498663 sentences
[2019-07-31 06:19:28] [data] Done shuffling 4498663 sentences to temp files
[2019-07-31 06:22:03] Ep. 13 : Up. 274000 : Sen. 106,227 : Cost 45.50872803 : Time 492.79s : 16137.56 words/s
[2019-07-31 06:29:43] Ep. 13 : Up. 276000 : Sen. 438,837 : Cost 44.49847794 : Time 460.01s : 17286.24 words/s
[2019-07-31 06:37:22] Ep. 13 : Up. 278000 : Sen. 772,012 : Cost 44.78039551 : Time 459.71s : 17327.60 words/s
[2019-07-31 06:45:01] Ep. 13 : Up. 280000 : Sen. 1,103,987 : Cost 44.62732697 : Time 458.63s : 17282.59 words/s
[2019-07-31 06:45:01] Saving model to ../experiments/100M_bicleaner_dom_dcce_biced_hdiff/model/model.npz.orig.npz
[2019-07-31 06:45:16] Saving model to ../experiments/100M_bicleaner_dom_dcce_biced_hdiff/model/model.iter280000.npz
[2019-07-31 06:45:24] Saving model to ../experiments/100M_bicleaner_dom_dcce_biced_hdiff/model/model.npz
[2019-07-31 06:45:36] Saving Adam parameters to ../experiments/100M_bicleaner_dom_dcce_biced_hdiff/model/model.npz.optimizer.npz
[2019-07-31 06:46:05] [valid] Ep. 13 : Up. 280000 : cross-entropy : 38.9534 : new best
[2019-07-31 06:46:14] [valid] Ep. 13 : Up. 280000 : perplexity : 4.65025 : new best
[2019-07-31 06:47:10] [valid] Ep. 13 : Up. 280000 : translation : 31.13 : new best
[2019-07-31 06:54:52] Ep. 13 : Up. 282000 : Sen. 1,436,533 : Cost 44.92644882 : Time 590.69s : 13443.25 words/s
[2019-07-31 07:02:30] Ep. 13 : Up. 284000 : Sen. 1,767,535 : Cost 44.89371490 : Time 457.94s : 17303.81 words/s
[2019-07-31 07:10:09] Ep. 13 : Up. 286000 : Sen. 2,101,008 : Cost 44.81918335 : Time 459.33s : 17326.01 words/s
[2019-07-31 07:17:48] Ep. 13 : Up. 288000 : Sen. 2,433,426 : Cost 45.17469406 : Time 458.89s : 17323.93 words/s
[2019-07-31 07:25:26] Ep. 13 : Up. 290000 : Sen. 2,765,064 : Cost 45.17277145 : Time 458.03s : 17303.88 words/s
[2019-07-31 07:33:03] Ep. 13 : Up. 292000 : Sen. 3,096,536 : Cost 45.14768219 : Time 457.43s : 17307.36 words/s
[2019-07-31 07:40:43] Ep. 13 : Up. 294000 : Sen. 3,430,226 : Cost 45.02895355 : Time 460.07s : 17319.04 words/s
[2019-07-31 07:48:22] Ep. 13 : Up. 296000 : Sen. 3,762,413 : Cost 45.13240433 : Time 458.95s : 17300.53 words/s
[2019-07-31 07:49:00] Seen 3789411 samples
[2019-07-31 07:49:00] Starting epoch 14
[2019-07-31 07:49:00] [data] Shuffling data
[2019-07-31 07:49:03] [data] Done reading 4498663 sentences
[2019-07-31 07:49:26] [data] Done shuffling 4498663 sentences to temp files
[2019-07-31 07:56:37] Ep. 14 : Up. 298000 : Sen. 306,178 : Cost 44.27479935 : Time 494.16s : 16092.05 words/s
[2019-07-31 08:04:15] Ep. 14 : Up. 300000 : Sen. 638,587 : Cost 44.32757950 : Time 458.75s : 17328.26 words/s
[2019-07-31 08:04:15] Saving model to ../experiments/100M_bicleaner_dom_dcce_biced_hdiff/model/model.npz.orig.npz
[2019-07-31 08:04:25] Saving model to ../experiments/100M_bicleaner_dom_dcce_biced_hdiff/model/model.iter300000.npz
[2019-07-31 08:04:33] Saving model to ../experiments/100M_bicleaner_dom_dcce_biced_hdiff/model/model.npz
[2019-07-31 08:04:44] Saving Adam parameters to ../experiments/100M_bicleaner_dom_dcce_biced_hdiff/model/model.npz.optimizer.npz
[2019-07-31 08:05:12] [valid] Ep. 14 : Up. 300000 : cross-entropy : 38.8347 : new best
[2019-07-31 08:05:19] [valid] Ep. 14 : Up. 300000 : perplexity : 4.62851 : new best
[2019-07-31 08:06:15] [valid] Ep. 14 : Up. 300000 : translation : 31.19 : new best
[2019-07-31 08:13:57] Ep. 14 : Up. 302000 : Sen. 971,924 : Cost 44.42252350 : Time 581.51s : 13698.11 words/s
[2019-07-31 08:21:35] Ep. 14 : Up. 304000 : Sen. 1,303,646 : Cost 44.53179550 : Time 458.26s : 17297.62 words/s
[2019-07-31 08:29:15] Ep. 14 : Up. 306000 : Sen. 1,635,620 : Cost 44.73258591 : Time 459.91s : 17280.07 words/s
[2019-07-31 08:36:55] Ep. 14 : Up. 308000 : Sen. 1,968,706 : Cost 44.45534134 : Time 459.81s : 17275.55 words/s
[2019-07-31 08:44:33] Ep. 14 : Up. 310000 : Sen. 2,300,617 : Cost 44.89261246 : Time 458.71s : 17313.07 words/s
[2019-07-31 08:52:13] Ep. 14 : Up. 312000 : Sen. 2,633,269 : Cost 44.74366760 : Time 459.78s : 17319.89 words/s
[2019-07-31 08:59:53] Ep. 14 : Up. 314000 : Sen. 2,966,752 : Cost 44.66560745 : Time 459.67s : 17311.02 words/s
[2019-07-31 09:07:33] Ep. 14 : Up. 316000 : Sen. 3,300,213 : Cost 44.84299469 : Time 460.19s : 17294.64 words/s
[2019-07-31 09:15:13] Ep. 14 : Up. 318000 : Sen. 3,632,285 : Cost 44.99450684 : Time 459.51s : 17305.45 words/s
[2019-07-31 09:18:49] Seen 3789411 samples
[2019-07-31 09:18:49] Starting epoch 15
[2019-07-31 09:18:49] [data] Shuffling data
[2019-07-31 09:18:53] [data] Done reading 4498663 sentences
[2019-07-31 09:19:15] [data] Done shuffling 4498663 sentences to temp files
[2019-07-31 09:23:25] Ep. 15 : Up. 320000 : Sen. 176,278 : Cost 43.98312378 : Time 492.84s : 16117.88 words/s
[2019-07-31 09:23:25] Saving model to ../experiments/100M_bicleaner_dom_dcce_biced_hdiff/model/model.npz.orig.npz
[2019-07-31 09:23:36] Saving model to ../experiments/100M_bicleaner_dom_dcce_biced_hdiff/model/model.iter320000.npz
[2019-07-31 09:23:43] Saving model to ../experiments/100M_bicleaner_dom_dcce_biced_hdiff/model/model.npz
[2019-07-31 09:23:54] Saving Adam parameters to ../experiments/100M_bicleaner_dom_dcce_biced_hdiff/model/model.npz.optimizer.npz
[2019-07-31 09:24:22] [valid] Ep. 15 : Up. 320000 : cross-entropy : 38.6997 : new best
[2019-07-31 09:24:29] [valid] Ep. 15 : Up. 320000 : perplexity : 4.60392 : new best
[2019-07-31 09:25:25] [valid] Ep. 15 : Up. 320000 : translation : 31.25 : new best
[2019-07-31 09:33:09] Ep. 15 : Up. 322000 : Sen. 509,974 : Cost 43.98695374 : Time 583.78s : 13683.94 words/s
[2019-07-31 09:40:48] Ep. 15 : Up. 324000 : Sen. 842,609 : Cost 43.78067398 : Time 458.31s : 17306.15 words/s
[2019-07-31 09:48:28] Ep. 15 : Up. 326000 : Sen. 1,176,014 : Cost 44.12787628 : Time 460.83s : 17311.69 words/s
[2019-07-31 09:56:07] Ep. 15 : Up. 328000 : Sen. 1,508,018 : Cost 44.09967041 : Time 458.69s : 17286.91 words/s
[2019-07-31 10:03:45] Ep. 15 : Up. 330000 : Sen. 1,839,708 : Cost 44.14710999 : Time 457.69s : 17310.55 words/s
[2019-07-31 10:11:24] Ep. 15 : Up. 332000 : Sen. 2,172,401 : Cost 44.21343231 : Time 459.22s : 17304.76 words/s
[2019-07-31 10:19:04] Ep. 15 : Up. 334000 : Sen. 2,505,000 : Cost 44.44536591 : Time 460.41s : 17273.81 words/s
[2019-07-31 10:26:44] Ep. 15 : Up. 336000 : Sen. 2,837,184 : Cost 44.60446548 : Time 459.32s : 17296.47 words/s
[2019-07-31 10:34:23] Ep. 15 : Up. 338000 : Sen. 3,169,650 : Cost 44.35439301 : Time 459.63s : 17295.02 words/s
[2019-07-31 10:42:03] Ep. 15 : Up. 340000 : Sen. 3,502,136 : Cost 44.50209808 : Time 459.89s : 17284.23 words/s
[2019-07-31 10:42:03] Saving model to ../experiments/100M_bicleaner_dom_dcce_biced_hdiff/model/model.npz.orig.npz
[2019-07-31 10:42:14] Saving model to ../experiments/100M_bicleaner_dom_dcce_biced_hdiff/model/model.iter340000.npz
[2019-07-31 10:42:21] Saving model to ../experiments/100M_bicleaner_dom_dcce_biced_hdiff/model/model.npz
[2019-07-31 10:42:31] Saving Adam parameters to ../experiments/100M_bicleaner_dom_dcce_biced_hdiff/model/model.npz.optimizer.npz
[2019-07-31 10:42:59] [valid] Ep. 15 : Up. 340000 : cross-entropy : 38.622 : new best
[2019-07-31 10:43:06] [valid] Ep. 15 : Up. 340000 : perplexity : 4.58984 : new best
[2019-07-31 10:44:00] [valid] Ep. 15 : Up. 340000 : translation : 31.24 : stalled 1 times (last best: 31.25)
[2019-07-31 10:50:39] Seen 3789411 samples
[2019-07-31 10:50:39] Starting epoch 16
[2019-07-31 10:50:39] [data] Shuffling data
[2019-07-31 10:50:42] [data] Done reading 4498663 sentences
[2019-07-31 10:51:05] [data] Done shuffling 4498663 sentences to temp files
[2019-07-31 10:52:17] Ep. 16 : Up. 342000 : Sen. 46,144 : Cost 44.39793777 : Time 614.15s : 12979.57 words/s
[2019-07-31 10:59:58] Ep. 16 : Up. 344000 : Sen. 378,974 : Cost 43.40573120 : Time 460.92s : 17275.61 words/s
[2019-07-31 11:07:37] Ep. 16 : Up. 346000 : Sen. 711,068 : Cost 43.75654602 : Time 458.79s : 17272.10 words/s
[2019-07-31 11:15:17] Ep. 16 : Up. 348000 : Sen. 1,043,200 : Cost 43.76342392 : Time 460.36s : 17255.76 words/s
[2019-07-31 11:22:58] Ep. 16 : Up. 350000 : Sen. 1,377,022 : Cost 43.71871567 : Time 460.02s : 17332.34 words/s
[2019-07-31 11:30:37] Ep. 16 : Up. 352000 : Sen. 1,709,796 : Cost 43.91058731 : Time 459.84s : 17264.42 words/s
[2019-07-31 11:38:20] Ep. 16 : Up. 354000 : Sen. 2,042,709 : Cost 44.04988861 : Time 462.20s : 17256.02 words/s
[2019-07-31 11:46:01] Ep. 16 : Up. 356000 : Sen. 2,375,672 : Cost 44.13956070 : Time 460.95s : 17269.14 words/s
[2019-07-31 11:53:41] Ep. 16 : Up. 358000 : Sen. 2,709,102 : Cost 43.85912323 : Time 460.19s : 17270.72 words/s
[2019-07-31 12:01:20] Ep. 16 : Up. 360000 : Sen. 3,041,120 : Cost 44.18221283 : Time 459.78s : 17289.09 words/s
[2019-07-31 12:01:21] Saving model to ../experiments/100M_bicleaner_dom_dcce_biced_hdiff/model/model.npz.orig.npz
[2019-07-31 12:01:34] Saving model to ../experiments/100M_bicleaner_dom_dcce_biced_hdiff/model/model.iter360000.npz
[2019-07-31 12:01:42] Saving model to ../experiments/100M_bicleaner_dom_dcce_biced_hdiff/model/model.npz
[2019-07-31 12:01:52] Saving Adam parameters to ../experiments/100M_bicleaner_dom_dcce_biced_hdiff/model/model.npz.optimizer.npz
[2019-07-31 12:02:18] [valid] Ep. 16 : Up. 360000 : cross-entropy : 38.5801 : new best
[2019-07-31 12:02:24] [valid] Ep. 16 : Up. 360000 : perplexity : 4.58226 : new best
[2019-07-31 12:03:20] [valid] Ep. 16 : Up. 360000 : translation : 31.33 : new best
[2019-07-31 12:11:02] Ep. 16 : Up. 362000 : Sen. 3,374,083 : Cost 44.22452927 : Time 581.16s : 13685.79 words/s
[2019-07-31 12:18:43] Ep. 16 : Up. 364000 : Sen. 3,707,535 : Cost 44.19283295 : Time 460.86s : 17265.11 words/s
[2019-07-31 12:20:36] Seen 3789411 samples
[2019-07-31 12:20:36] Starting epoch 17
[2019-07-31 12:20:36] [data] Shuffling data
[2019-07-31 12:20:40] [data] Done reading 4498663 sentences
[2019-07-31 12:21:03] [data] Done shuffling 4498663 sentences to temp files
[2019-07-31 12:26:55] Ep. 17 : Up. 366000 : Sen. 250,634 : Cost 43.43214035 : Time 492.09s : 16154.76 words/s
[2019-07-31 12:34:29] Ep. 17 : Up. 368000 : Sen. 582,004 : Cost 43.32458496 : Time 453.86s : 17439.09 words/s
[2019-07-31 12:42:04] Ep. 17 : Up. 370000 : Sen. 914,418 : Cost 43.50709534 : Time 455.56s : 17451.58 words/s
[2019-07-31 12:49:39] Ep. 17 : Up. 372000 : Sen. 1,246,614 : Cost 43.52261734 : Time 454.69s : 17478.54 words/s
[2019-07-31 12:57:14] Ep. 17 : Up. 374000 : Sen. 1,579,419 : Cost 43.64144897 : Time 455.01s : 17470.50 words/s
[2019-07-31 13:04:49] Ep. 17 : Up. 376000 : Sen. 1,912,216 : Cost 43.68527222 : Time 455.65s : 17458.17 words/s
[2019-07-31 13:12:25] Ep. 17 : Up. 378000 : Sen. 2,244,287 : Cost 43.94736481 : Time 455.71s : 17432.82 words/s
[2019-07-31 13:20:01] Ep. 17 : Up. 380000 : Sen. 2,578,310 : Cost 43.86119080 : Time 455.72s : 17484.87 words/s
[2019-07-31 13:20:01] Saving model to ../experiments/100M_bicleaner_dom_dcce_biced_hdiff/model/model.npz.orig.npz
[2019-07-31 13:20:10] Saving model to ../experiments/100M_bicleaner_dom_dcce_biced_hdiff/model/model.iter380000.npz
[2019-07-31 13:20:18] Saving model to ../experiments/100M_bicleaner_dom_dcce_biced_hdiff/model/model.npz
[2019-07-31 13:20:27] Saving Adam parameters to ../experiments/100M_bicleaner_dom_dcce_biced_hdiff/model/model.npz.optimizer.npz
[2019-07-31 13:20:55] [valid] Ep. 17 : Up. 380000 : cross-entropy : 38.5288 : new best
[2019-07-31 13:21:01] [valid] Ep. 17 : Up. 380000 : perplexity : 4.57299 : new best
[2019-07-31 13:21:56] [valid] Ep. 17 : Up. 380000 : translation : 31.46 : new best
[2019-07-31 13:29:31] Ep. 17 : Up. 382000 : Sen. 2,908,873 : Cost 43.92268753 : Time 569.72s : 13872.00 words/s
[2019-07-31 13:37:08] Ep. 17 : Up. 384000 : Sen. 3,241,451 : Cost 43.86140823 : Time 457.31s : 17363.22 words/s
[2019-07-31 13:44:42] Ep. 17 : Up. 386000 : Sen. 3,573,987 : Cost 44.03651047 : Time 454.41s : 17493.24 words/s
[2019-07-31 13:49:37] Seen 3789411 samples
[2019-07-31 13:49:37] Starting epoch 18
[2019-07-31 13:49:37] [data] Shuffling data
[2019-07-31 13:49:41] [data] Done reading 4498663 sentences
[2019-07-31 13:50:04] [data] Done shuffling 4498663 sentences to temp files
[2019-07-31 13:52:54] Ep. 18 : Up. 388000 : Sen. 116,823 : Cost 43.49802780 : Time 491.74s : 16156.11 words/s
[2019-07-31 14:00:29] Ep. 18 : Up. 390000 : Sen. 449,270 : Cost 42.89306259 : Time 455.27s : 17446.36 words/s
[2019-07-31 14:08:04] Ep. 18 : Up. 392000 : Sen. 781,357 : Cost 43.18589020 : Time 454.98s : 17452.86 words/s
[2019-07-31 14:15:41] Ep. 18 : Up. 394000 : Sen. 1,114,533 : Cost 43.39146423 : Time 456.77s : 17419.17 words/s
[2019-07-31 14:23:16] Ep. 18 : Up. 396000 : Sen. 1,447,451 : Cost 43.32399750 : Time 455.23s : 17482.26 words/s
[2019-07-31 14:30:53] Ep. 18 : Up. 398000 : Sen. 1,779,737 : Cost 43.51654434 : Time 456.22s : 17404.22 words/s
[2019-07-31 14:38:29] Ep. 18 : Up. 400000 : Sen. 2,112,655 : Cost 43.44693375 : Time 456.56s : 17421.50 words/s
[2019-07-31 14:38:29] Saving model to ../experiments/100M_bicleaner_dom_dcce_biced_hdiff/model/model.npz.orig.npz
[2019-07-31 14:38:39] Saving model to ../experiments/100M_bicleaner_dom_dcce_biced_hdiff/model/model.iter400000.npz
[2019-07-31 14:38:47] Saving model to ../experiments/100M_bicleaner_dom_dcce_biced_hdiff/model/model.npz
[2019-07-31 14:38:57] Saving Adam parameters to ../experiments/100M_bicleaner_dom_dcce_biced_hdiff/model/model.npz.optimizer.npz
[2019-07-31 14:39:25] [valid] Ep. 18 : Up. 400000 : cross-entropy : 38.4428 : new best
[2019-07-31 14:39:32] [valid] Ep. 18 : Up. 400000 : perplexity : 4.55749 : new best
[2019-07-31 14:40:26] [valid] Ep. 18 : Up. 400000 : translation : 31.44 : stalled 1 times (last best: 31.46)
[2019-07-31 14:48:03] Ep. 18 : Up. 402000 : Sen. 2,445,106 : Cost 43.64376068 : Time 573.51s : 13874.52 words/s
[2019-07-31 14:55:35] Ep. 18 : Up. 404000 : Sen. 2,778,681 : Cost 43.57656479 : Time 452.79s : 17598.39 words/s
[2019-07-31 15:03:08] Ep. 18 : Up. 406000 : Sen. 3,111,276 : Cost 43.73330307 : Time 452.27s : 17570.31 words/s
[2019-07-31 15:10:39] Ep. 18 : Up. 408000 : Sen. 3,442,970 : Cost 43.69025040 : Time 451.08s : 17565.50 words/s
[2019-07-31 15:18:14] Ep. 18 : Up. 410000 : Sen. 3,776,528 : Cost 43.73305511 : Time 455.01s : 17538.09 words/s
[2019-07-31 15:18:31] Seen 3789411 samples
[2019-07-31 15:18:31] Starting epoch 19
[2019-07-31 15:18:31] [data] Shuffling data
[2019-07-31 15:18:34] [data] Done reading 4498663 sentences
[2019-07-31 15:18:52] [data] Done shuffling 4498663 sentences to temp files
[2019-07-31 15:26:24] Ep. 19 : Up. 412000 : Sen. 319,508 : Cost 42.74155045 : Time 490.26s : 16202.31 words/s
[2019-07-31 15:33:59] Ep. 19 : Up. 414000 : Sen. 652,362 : Cost 43.10430527 : Time 455.30s : 17467.94 words/s
[2019-07-31 15:41:34] Ep. 19 : Up. 416000 : Sen. 984,974 : Cost 43.06629562 : Time 454.19s : 17523.10 words/s
[2019-07-31 15:49:08] Ep. 19 : Up. 418000 : Sen. 1,318,076 : Cost 42.99920273 : Time 454.92s : 17490.47 words/s
[2019-07-31 15:56:42] Ep. 19 : Up. 420000 : Sen. 1,650,630 : Cost 42.99967575 : Time 453.58s : 17514.08 words/s
[2019-07-31 15:56:42] Saving model to ../experiments/100M_bicleaner_dom_dcce_biced_hdiff/model/model.npz.orig.npz
[2019-07-31 15:56:52] Saving model to ../experiments/100M_bicleaner_dom_dcce_biced_hdiff/model/model.iter420000.npz
[2019-07-31 15:56:59] Saving model to ../experiments/100M_bicleaner_dom_dcce_biced_hdiff/model/model.npz
[2019-07-31 15:57:09] Saving Adam parameters to ../experiments/100M_bicleaner_dom_dcce_biced_hdiff/model/model.npz.optimizer.npz
[2019-07-31 15:57:39] [valid] Ep. 19 : Up. 420000 : cross-entropy : 38.4257 : new best
[2019-07-31 15:57:46] [valid] Ep. 19 : Up. 420000 : perplexity : 4.55443 : new best
[2019-07-31 15:58:41] [valid] Ep. 19 : Up. 420000 : translation : 31.5 : new best
[2019-07-31 16:06:16] Ep. 19 : Up. 422000 : Sen. 1,984,000 : Cost 43.24233627 : Time 574.40s : 13860.29 words/s
[2019-07-31 16:13:49] Ep. 19 : Up. 424000 : Sen. 2,317,138 : Cost 43.26066589 : Time 452.47s : 17594.64 words/s
[2019-07-31 16:21:22] Ep. 19 : Up. 426000 : Sen. 2,650,540 : Cost 43.46695709 : Time 453.35s : 17582.88 words/s
[2019-07-31 16:28:56] Ep. 19 : Up. 428000 : Sen. 2,984,522 : Cost 43.28299332 : Time 453.70s : 17588.73 words/s
[2019-07-31 16:36:28] Ep. 19 : Up. 430000 : Sen. 3,316,945 : Cost 43.57225418 : Time 452.26s : 17567.37 words/s
[2019-07-31 16:44:00] Ep. 19 : Up. 432000 : Sen. 3,649,817 : Cost 43.32905197 : Time 452.28s : 17566.25 words/s
[2019-07-31 16:47:10] Seen 3789411 samples
[2019-07-31 16:47:10] Starting epoch 20
[2019-07-31 16:47:10] [data] Shuffling data
[2019-07-31 16:47:14] [data] Done reading 4498663 sentences
[2019-07-31 16:47:38] [data] Done shuffling 4498663 sentences to temp files
[2019-07-31 16:52:10] Ep. 20 : Up. 434000 : Sen. 194,761 : Cost 42.94393539 : Time 489.89s : 16300.69 words/s
[2019-07-31 16:59:44] Ep. 20 : Up. 436000 : Sen. 528,360 : Cost 42.59152603 : Time 453.32s : 17608.53 words/s
[2019-07-31 17:07:17] Ep. 20 : Up. 438000 : Sen. 860,578 : Cost 42.71446609 : Time 453.15s : 17537.64 words/s
[2019-07-31 17:14:51] Ep. 20 : Up. 440000 : Sen. 1,193,337 : Cost 42.78410339 : Time 454.36s : 17514.62 words/s
[2019-07-31 17:14:51] Saving model to ../experiments/100M_bicleaner_dom_dcce_biced_hdiff/model/model.npz.orig.npz
[2019-07-31 17:15:01] Saving model to ../experiments/100M_bicleaner_dom_dcce_biced_hdiff/model/model.iter440000.npz
[2019-07-31 17:15:08] Saving model to ../experiments/100M_bicleaner_dom_dcce_biced_hdiff/model/model.npz
[2019-07-31 17:15:18] Saving Adam parameters to ../experiments/100M_bicleaner_dom_dcce_biced_hdiff/model/model.npz.optimizer.npz
[2019-07-31 17:15:46] [valid] Ep. 20 : Up. 440000 : cross-entropy : 38.3499 : new best
[2019-07-31 17:15:53] [valid] Ep. 20 : Up. 440000 : perplexity : 4.54083 : new best
[2019-07-31 17:16:49] [valid] Ep. 20 : Up. 440000 : translation : 31.32 : stalled 1 times (last best: 31.5)
[2019-07-31 17:24:24] Ep. 20 : Up. 442000 : Sen. 1,526,355 : Cost 42.83546066 : Time 572.52s : 13883.99 words/s
[2019-07-31 17:31:58] Ep. 20 : Up. 444000 : Sen. 1,859,802 : Cost 43.13608932 : Time 454.22s : 17528.08 words/s
[2019-07-31 17:39:33] Ep. 20 : Up. 446000 : Sen. 2,193,158 : Cost 43.28685379 : Time 455.55s : 17501.42 words/s
[2019-07-31 17:47:06] Ep. 20 : Up. 448000 : Sen. 2,525,059 : Cost 43.06296921 : Time 452.11s : 17511.95 words/s
[2019-07-31 17:54:40] Ep. 20 : Up. 450000 : Sen. 2,858,777 : Cost 43.36295319 : Time 454.34s : 17568.26 words/s
[2019-07-31 18:02:14] Ep. 20 : Up. 452000 : Sen. 3,192,025 : Cost 43.21236038 : Time 454.08s : 17530.73 words/s
[2019-07-31 18:09:45] Ep. 20 : Up. 454000 : Sen. 3,522,395 : Cost 43.17604065 : Time 450.62s : 17512.94 words/s
[2019-07-31 18:15:48] Seen 3789411 samples
[2019-07-31 18:15:48] Starting epoch 21
[2019-07-31 18:15:48] [data] Shuffling data
[2019-07-31 18:15:52] [data] Done reading 4498663 sentences
[2019-07-31 18:16:13] [data] Done shuffling 4498663 sentences to temp files
[2019-07-31 18:17:51] Ep. 21 : Up. 456000 : Sen. 65,839 : Cost 43.13394928 : Time 485.98s : 16372.99 words/s
[2019-07-31 18:25:24] Ep. 21 : Up. 458000 : Sen. 397,396 : Cost 42.40980148 : Time 453.22s : 17505.55 words/s
[2019-07-31 18:32:59] Ep. 21 : Up. 460000 : Sen. 731,027 : Cost 42.45866013 : Time 455.64s : 17482.40 words/s
[2019-07-31 18:32:59] Saving model to ../experiments/100M_bicleaner_dom_dcce_biced_hdiff/model/model.npz.orig.npz
[2019-07-31 18:33:09] Saving model to ../experiments/100M_bicleaner_dom_dcce_biced_hdiff/model/model.iter460000.npz
[2019-07-31 18:33:16] Saving model to ../experiments/100M_bicleaner_dom_dcce_biced_hdiff/model/model.npz
[2019-07-31 18:33:26] Saving Adam parameters to ../experiments/100M_bicleaner_dom_dcce_biced_hdiff/model/model.npz.optimizer.npz
[2019-07-31 18:33:54] [valid] Ep. 21 : Up. 460000 : cross-entropy : 38.3195 : new best
[2019-07-31 18:34:00] [valid] Ep. 21 : Up. 460000 : perplexity : 4.53538 : new best
[2019-07-31 18:34:54] [valid] Ep. 21 : Up. 460000 : translation : 31.51 : new best
[2019-07-31 18:42:29] Ep. 21 : Up. 462000 : Sen. 1,063,451 : Cost 42.51311493 : Time 570.01s : 13936.96 words/s
[2019-07-31 18:50:01] Ep. 21 : Up. 464000 : Sen. 1,394,442 : Cost 42.72693253 : Time 451.33s : 17542.19 words/s
[2019-07-31 18:57:33] Ep. 21 : Up. 466000 : Sen. 1,726,815 : Cost 42.65699387 : Time 451.89s : 17559.66 words/s
[2019-07-31 19:05:05] Ep. 21 : Up. 468000 : Sen. 2,059,289 : Cost 42.79088974 : Time 452.47s : 17558.64 words/s
[2019-07-31 19:12:40] Ep. 21 : Up. 470000 : Sen. 2,393,336 : Cost 42.85786057 : Time 454.87s : 17560.99 words/s
[2019-07-31 19:20:15] Ep. 21 : Up. 472000 : Sen. 2,726,400 : Cost 42.82918167 : Time 455.05s : 17482.61 words/s
[2019-07-31 19:27:48] Ep. 21 : Up. 474000 : Sen. 3,058,311 : Cost 43.13043213 : Time 452.52s : 17545.31 words/s
[2019-07-31 19:35:20] Ep. 21 : Up. 476000 : Sen. 3,390,677 : Cost 43.15836334 : Time 451.98s : 17570.21 words/s
[2019-07-31 19:42:53] Ep. 21 : Up. 478000 : Sen. 3,723,288 : Cost 43.05741882 : Time 453.45s : 17515.34 words/s
[2019-07-31 19:44:23] Seen 3789411 samples
[2019-07-31 19:44:23] Starting epoch 22
[2019-07-31 19:44:23] [data] Shuffling data
[2019-07-31 19:44:27] [data] Done reading 4498663 sentences
[2019-07-31 19:44:49] [data] Done shuffling 4498663 sentences to temp files
[2019-07-31 19:50:59] Ep. 22 : Up. 480000 : Sen. 266,057 : Cost 42.26943588 : Time 486.26s : 16314.84 words/s
[2019-07-31 19:50:59] Saving model to ../experiments/100M_bicleaner_dom_dcce_biced_hdiff/model/model.npz.orig.npz
[2019-07-31 19:51:10] Saving model to ../experiments/100M_bicleaner_dom_dcce_biced_hdiff/model/model.iter480000.npz
[2019-07-31 19:51:17] Saving model to ../experiments/100M_bicleaner_dom_dcce_biced_hdiff/model/model.npz
[2019-07-31 19:51:27] Saving Adam parameters to ../experiments/100M_bicleaner_dom_dcce_biced_hdiff/model/model.npz.optimizer.npz
[2019-07-31 19:51:56] [valid] Ep. 22 : Up. 480000 : cross-entropy : 38.2693 : new best
[2019-07-31 19:52:02] [valid] Ep. 22 : Up. 480000 : perplexity : 4.5264 : new best
[2019-07-31 19:53:00] [valid] Ep. 22 : Up. 480000 : translation : 31.37 : stalled 1 times (last best: 31.51)
[2019-07-31 20:00:38] Ep. 22 : Up. 482000 : Sen. 598,486 : Cost 42.22108841 : Time 578.66s : 13754.26 words/s
[2019-07-31 20:08:11] Ep. 22 : Up. 484000 : Sen. 931,222 : Cost 42.47625732 : Time 452.99s : 17549.68 words/s
[2019-07-31 20:15:45] Ep. 22 : Up. 486000 : Sen. 1,264,580 : Cost 42.56088257 : Time 453.59s : 17534.91 words/s
[2019-07-31 20:23:18] Ep. 22 : Up. 488000 : Sen. 1,596,552 : Cost 42.63455582 : Time 453.14s : 17542.01 words/s
[2019-07-31 20:30:50] Ep. 22 : Up. 490000 : Sen. 1,929,288 : Cost 42.48997498 : Time 452.32s : 17552.54 words/s
[2019-07-31 20:38:23] Ep. 22 : Up. 492000 : Sen. 2,261,608 : Cost 42.72204971 : Time 452.52s : 17577.95 words/s
[2019-07-31 20:45:55] Ep. 22 : Up. 494000 : Sen. 2,593,315 : Cost 42.68611908 : Time 452.14s : 17520.87 words/s
[2019-07-31 20:53:29] Ep. 22 : Up. 496000 : Sen. 2,927,271 : Cost 42.83691025 : Time 453.98s : 17578.41 words/s
[2019-07-31 21:01:01] Ep. 22 : Up. 498000 : Sen. 3,259,906 : Cost 42.99517822 : Time 452.26s : 17570.05 words/s
[2019-07-31 21:08:35] Ep. 22 : Up. 500000 : Sen. 3,593,303 : Cost 43.08630371 : Time 454.52s : 17543.03 words/s
[2019-07-31 21:08:35] Saving model to ../experiments/100M_bicleaner_dom_dcce_biced_hdiff/model/model.npz.orig.npz
[2019-07-31 21:08:45] Saving model to ../experiments/100M_bicleaner_dom_dcce_biced_hdiff/model/model.iter500000.npz
[2019-07-31 21:08:52] Saving model to ../experiments/100M_bicleaner_dom_dcce_biced_hdiff/model/model.npz
[2019-07-31 21:09:02] Saving Adam parameters to ../experiments/100M_bicleaner_dom_dcce_biced_hdiff/model/model.npz.optimizer.npz
[2019-07-31 21:09:31] [valid] Ep. 22 : Up. 500000 : cross-entropy : 38.2334 : new best
[2019-07-31 21:09:37] [valid] Ep. 22 : Up. 500000 : perplexity : 4.52 : new best
[2019-07-31 21:10:32] [valid] Ep. 22 : Up. 500000 : translation : 31.48 : stalled 2 times (last best: 31.51)
[2019-07-31 21:15:01] Seen 3789411 samples
[2019-07-31 21:15:01] Starting epoch 23
[2019-07-31 21:15:01] [data] Shuffling data
[2019-07-31 21:15:04] [data] Done reading 4498663 sentences
[2019-07-31 21:15:26] [data] Done shuffling 4498663 sentences to temp files
[2019-07-31 21:18:40] Ep. 23 : Up. 502000 : Sen. 136,918 : Cost 42.54091263 : Time 604.21s : 13144.23 words/s
[2019-07-31 21:26:14] Ep. 23 : Up. 504000 : Sen. 468,961 : Cost 42.20038223 : Time 453.97s : 17513.51 words/s
[2019-07-31 21:33:47] Ep. 23 : Up. 506000 : Sen. 801,455 : Cost 41.88896942 : Time 453.56s : 17477.23 words/s
[2019-07-31 21:41:20] Ep. 23 : Up. 508000 : Sen. 1,133,466 : Cost 42.37886047 : Time 453.28s : 17511.72 words/s
[2019-07-31 21:48:53] Ep. 23 : Up. 510000 : Sen. 1,465,774 : Cost 42.21282196 : Time 452.89s : 17535.77 words/s
[2019-07-31 21:56:25] Ep. 23 : Up. 512000 : Sen. 1,797,412 : Cost 42.23329544 : Time 451.49s : 17556.35 words/s
[2019-07-31 22:03:59] Ep. 23 : Up. 514000 : Sen. 2,129,488 : Cost 42.68748474 : Time 454.29s : 17525.75 words/s
[2019-07-31 22:11:33] Ep. 23 : Up. 516000 : Sen. 2,463,081 : Cost 42.49650574 : Time 454.16s : 17536.52 words/s
[2019-07-31 22:19:06] Ep. 23 : Up. 518000 : Sen. 2,795,672 : Cost 42.48874664 : Time 453.19s : 17516.06 words/s
[2019-07-31 22:26:39] Ep. 23 : Up. 520000 : Sen. 3,128,280 : Cost 42.63470078 : Time 452.03s : 17537.87 words/s
[2019-07-31 22:26:39] Saving model to ../experiments/100M_bicleaner_dom_dcce_biced_hdiff/model/model.npz.orig.npz
[2019-07-31 22:26:49] Saving model to ../experiments/100M_bicleaner_dom_dcce_biced_hdiff/model/model.iter520000.npz
[2019-07-31 22:26:57] Saving model to ../experiments/100M_bicleaner_dom_dcce_biced_hdiff/model/model.npz
[2019-07-31 22:27:07] Saving Adam parameters to ../experiments/100M_bicleaner_dom_dcce_biced_hdiff/model/model.npz.optimizer.npz
[2019-07-31 22:27:33] [valid] Ep. 23 : Up. 520000 : cross-entropy : 38.2451 : stalled 1 times (last best: 38.2334)
[2019-07-31 22:27:39] [valid] Ep. 23 : Up. 520000 : perplexity : 4.52209 : stalled 1 times (last best: 4.52)
[2019-07-31 22:28:34] [valid] Ep. 23 : Up. 520000 : translation : 31.43 : stalled 3 times (last best: 31.51)
[2019-07-31 22:36:11] Ep. 23 : Up. 522000 : Sen. 3,461,330 : Cost 42.71315002 : Time 572.44s : 13927.84 words/s
[2019-07-31 22:43:39] Seen 3789411 samples
[2019-07-31 22:43:39] Starting epoch 24
[2019-07-31 22:43:39] [data] Shuffling data
[2019-07-31 22:43:42] [data] Done reading 4498663 sentences
[2019-07-31 22:44:04] [data] Done shuffling 4498663 sentences to temp files
[2019-07-31 22:44:21] Ep. 24 : Up. 524000 : Sen. 5,788 : Cost 42.73630142 : Time 489.92s : 16295.38 words/s
[2019-07-31 22:51:56] Ep. 24 : Up. 526000 : Sen. 339,694 : Cost 41.60627747 : Time 455.17s : 17548.16 words/s
[2019-07-31 22:59:30] Ep. 24 : Up. 528000 : Sen. 672,396 : Cost 41.78219986 : Time 454.30s : 17501.30 words/s
[2019-07-31 23:07:04] Ep. 24 : Up. 530000 : Sen. 1,004,800 : Cost 42.15932846 : Time 453.59s : 17501.98 words/s
[2019-07-31 23:14:39] Ep. 24 : Up. 532000 : Sen. 1,337,600 : Cost 42.09102249 : Time 454.54s : 17507.26 words/s
[2019-07-31 23:22:14] Ep. 24 : Up. 534000 : Sen. 1,671,414 : Cost 42.37901306 : Time 455.71s : 17511.21 words/s
[2019-07-31 23:29:49] Ep. 24 : Up. 536000 : Sen. 2,003,068 : Cost 42.25673294 : Time 454.69s : 17407.12 words/s
[2019-07-31 23:37:23] Ep. 24 : Up. 538000 : Sen. 2,336,523 : Cost 42.19046021 : Time 453.70s : 17542.67 words/s
[2019-07-31 23:44:58] Ep. 24 : Up. 540000 : Sen. 2,669,545 : Cost 42.57182693 : Time 455.56s : 17501.78 words/s
[2019-07-31 23:44:58] Saving model to ../experiments/100M_bicleaner_dom_dcce_biced_hdiff/model/model.npz.orig.npz
[2019-07-31 23:45:08] Saving model to ../experiments/100M_bicleaner_dom_dcce_biced_hdiff/model/model.iter540000.npz
[2019-07-31 23:45:15] Saving model to ../experiments/100M_bicleaner_dom_dcce_biced_hdiff/model/model.npz
[2019-07-31 23:45:25] Saving Adam parameters to ../experiments/100M_bicleaner_dom_dcce_biced_hdiff/model/model.npz.optimizer.npz
[2019-07-31 23:45:52] [valid] Ep. 24 : Up. 540000 : cross-entropy : 38.267 : stalled 2 times (last best: 38.2334)
[2019-07-31 23:45:58] [valid] Ep. 24 : Up. 540000 : perplexity : 4.526 : stalled 2 times (last best: 4.52)
[2019-07-31 23:46:53] [valid] Ep. 24 : Up. 540000 : translation : 31.61 : new best
[2019-07-31 23:54:27] Ep. 24 : Up. 542000 : Sen. 3,001,119 : Cost 42.64575195 : Time 568.99s : 13919.59 words/s
[2019-08-01 00:02:02] Ep. 24 : Up. 544000 : Sen. 3,333,744 : Cost 42.45007706 : Time 455.26s : 17450.25 words/s
[2019-08-01 00:09:39] Ep. 24 : Up. 546000 : Sen. 3,665,204 : Cost 42.85861206 : Time 456.34s : 17397.64 words/s
[2019-08-01 00:12:28] Seen 3789411 samples
[2019-08-01 00:12:28] Starting epoch 25
[2019-08-01 00:12:28] [data] Shuffling data
[2019-08-01 00:12:31] [data] Done reading 4498663 sentences
[2019-08-01 00:12:49] [data] Done shuffling 4498663 sentences to temp files
[2019-08-01 00:17:49] Ep. 25 : Up. 548000 : Sen. 209,175 : Cost 41.91750717 : Time 489.79s : 16209.17 words/s
[2019-08-01 00:25:25] Ep. 25 : Up. 550000 : Sen. 541,684 : Cost 41.83647919 : Time 456.47s : 17427.10 words/s
[2019-08-01 00:32:59] Ep. 25 : Up. 552000 : Sen. 874,268 : Cost 41.83978271 : Time 453.71s : 17501.24 words/s
[2019-08-01 00:40:34] Ep. 25 : Up. 554000 : Sen. 1,206,832 : Cost 42.05496597 : Time 454.91s : 17477.39 words/s
[2019-08-01 00:48:09] Ep. 25 : Up. 556000 : Sen. 1,540,441 : Cost 41.99136353 : Time 454.90s : 17514.34 words/s
[2019-08-01 00:55:41] Ep. 25 : Up. 558000 : Sen. 1,872,050 : Cost 42.30702591 : Time 452.58s : 17508.76 words/s
[2019-08-01 01:03:16] Ep. 25 : Up. 560000 : Sen. 2,204,907 : Cost 42.33557510 : Time 454.70s : 17534.38 words/s
[2019-08-01 01:03:16] Saving model to ../experiments/100M_bicleaner_dom_dcce_biced_hdiff/model/model.npz.orig.npz
[2019-08-01 01:03:25] Saving model to ../experiments/100M_bicleaner_dom_dcce_biced_hdiff/model/model.iter560000.npz
[2019-08-01 01:03:32] Saving model to ../experiments/100M_bicleaner_dom_dcce_biced_hdiff/model/model.npz
[2019-08-01 01:03:42] Saving Adam parameters to ../experiments/100M_bicleaner_dom_dcce_biced_hdiff/model/model.npz.optimizer.npz
[2019-08-01 01:04:08] [valid] Ep. 25 : Up. 560000 : cross-entropy : 38.278 : stalled 3 times (last best: 38.2334)
[2019-08-01 01:04:15] [valid] Ep. 25 : Up. 560000 : perplexity : 4.52796 : stalled 3 times (last best: 4.52)
[2019-08-01 01:05:09] [valid] Ep. 25 : Up. 560000 : translation : 31.57 : stalled 1 times (last best: 31.61)
[2019-08-01 01:12:47] Ep. 25 : Up. 562000 : Sen. 2,537,933 : Cost 42.28182983 : Time 570.75s : 13937.70 words/s
[2019-08-01 01:20:20] Ep. 25 : Up. 564000 : Sen. 2,870,557 : Cost 42.38696671 : Time 453.76s : 17526.97 words/s
[2019-08-01 01:27:54] Ep. 25 : Up. 566000 : Sen. 3,203,167 : Cost 42.52711487 : Time 454.03s : 17489.57 words/s
[2019-08-01 01:35:28] Ep. 25 : Up. 568000 : Sen. 3,535,701 : Cost 42.31592941 : Time 453.30s : 17534.73 words/s
[2019-08-01 01:41:15] Seen 3789411 samples
[2019-08-01 01:41:15] Starting epoch 26
[2019-08-01 01:41:15] [data] Shuffling data
[2019-08-01 01:41:18] [data] Done reading 4498663 sentences
[2019-08-01 01:41:41] [data] Done shuffling 4498663 sentences to temp files
[2019-08-01 01:43:37] Ep. 26 : Up. 570000 : Sen. 79,493 : Cost 42.22210312 : Time 489.11s : 16294.25 words/s
[2019-08-01 01:51:11] Ep. 26 : Up. 572000 : Sen. 412,583 : Cost 41.56741333 : Time 454.69s : 17495.27 words/s
[2019-08-01 01:58:46] Ep. 26 : Up. 574000 : Sen. 745,861 : Cost 41.59988785 : Time 454.89s : 17537.68 words/s
[2019-08-01 02:06:22] Ep. 26 : Up. 576000 : Sen. 1,079,107 : Cost 41.69887924 : Time 455.18s : 17480.13 words/s
[2019-08-01 02:13:55] Ep. 26 : Up. 578000 : Sen. 1,410,838 : Cost 41.89559555 : Time 453.49s : 17515.97 words/s
[2019-08-01 02:21:28] Ep. 26 : Up. 580000 : Sen. 1,742,850 : Cost 42.01436234 : Time 453.09s : 17499.93 words/s
[2019-08-01 02:21:28] Saving model to ../experiments/100M_bicleaner_dom_dcce_biced_hdiff/model/model.npz.orig.npz
[2019-08-01 02:21:39] Saving model to ../experiments/100M_bicleaner_dom_dcce_biced_hdiff/model/model.iter580000.npz
[2019-08-01 02:21:46] Saving model to ../experiments/100M_bicleaner_dom_dcce_biced_hdiff/model/model.npz
[2019-08-01 02:21:56] Saving Adam parameters to ../experiments/100M_bicleaner_dom_dcce_biced_hdiff/model/model.npz.optimizer.npz
[2019-08-01 02:22:24] [valid] Ep. 26 : Up. 580000 : cross-entropy : 38.2595 : stalled 4 times (last best: 38.2334)
[2019-08-01 02:22:30] [valid] Ep. 26 : Up. 580000 : perplexity : 4.52466 : stalled 4 times (last best: 4.52)
[2019-08-01 02:23:25] [valid] Ep. 26 : Up. 580000 : translation : 31.46 : stalled 2 times (last best: 31.61)
[2019-08-01 02:31:00] Ep. 26 : Up. 582000 : Sen. 2,075,284 : Cost 41.94062424 : Time 572.06s : 13873.65 words/s
[2019-08-01 02:38:34] Ep. 26 : Up. 584000 : Sen. 2,407,988 : Cost 42.09701157 : Time 453.62s : 17526.20 words/s
[2019-08-01 02:46:09] Ep. 26 : Up. 586000 : Sen. 2,741,690 : Cost 42.12962341 : Time 455.31s : 17498.97 words/s
[2019-08-01 02:53:43] Ep. 26 : Up. 588000 : Sen. 3,074,638 : Cost 42.19537735 : Time 453.86s : 17521.18 words/s
[2019-08-01 03:01:17] Ep. 26 : Up. 590000 : Sen. 3,407,283 : Cost 42.25078201 : Time 453.99s : 17513.94 words/s
[2019-08-01 03:08:50] Ep. 26 : Up. 592000 : Sen. 3,739,631 : Cost 42.16843033 : Time 453.41s : 17513.50 words/s
[2019-08-01 03:10:00] Seen 3789411 samples
[2019-08-01 03:10:00] Starting epoch 27
[2019-08-01 03:10:00] [data] Shuffling data
[2019-08-01 03:10:03] [data] Done reading 4498663 sentences
[2019-08-01 03:10:19] [data] Done shuffling 4498663 sentences to temp files
[2019-08-01 03:17:00] Ep. 27 : Up. 594000 : Sen. 282,038 : Cost 41.53035736 : Time 489.86s : 16213.65 words/s
[2019-08-01 03:24:32] Ep. 27 : Up. 596000 : Sen. 613,246 : Cost 41.40661621 : Time 451.30s : 17496.52 words/s
[2019-08-01 03:32:06] Ep. 27 : Up. 598000 : Sen. 945,996 : Cost 41.63447189 : Time 453.91s : 17537.23 words/s
[2019-08-01 03:39:40] Ep. 27 : Up. 600000 : Sen. 1,277,841 : Cost 41.71827698 : Time 454.52s : 17462.20 words/s
[2019-08-01 03:39:40] Saving model to ../experiments/100M_bicleaner_dom_dcce_biced_hdiff/model/model.npz.orig.npz
[2019-08-01 03:39:49] Saving model to ../experiments/100M_bicleaner_dom_dcce_biced_hdiff/model/model.iter600000.npz
[2019-08-01 03:39:56] Saving model to ../experiments/100M_bicleaner_dom_dcce_biced_hdiff/model/model.npz
[2019-08-01 03:40:06] Saving Adam parameters to ../experiments/100M_bicleaner_dom_dcce_biced_hdiff/model/model.npz.optimizer.npz
[2019-08-01 03:40:34] [valid] Ep. 27 : Up. 600000 : cross-entropy : 38.2485 : stalled 5 times (last best: 38.2334)
[2019-08-01 03:40:40] [valid] Ep. 27 : Up. 600000 : perplexity : 4.52269 : stalled 5 times (last best: 4.52)
[2019-08-01 03:41:34] [valid] Ep. 27 : Up. 600000 : translation : 31.62 : new best
[2019-08-01 03:41:37] Training finished
[2019-08-01 03:41:42] Saving model to ../experiments/100M_bicleaner_dom_dcce_biced_hdiff/model/model.npz.orig.npz
[2019-08-01 03:41:51] Saving model to ../experiments/100M_bicleaner_dom_dcce_biced_hdiff/model/model.npz
[2019-08-01 03:42:01] Saving Adam parameters to ../experiments/100M_bicleaner_dom_dcce_biced_hdiff/model/model.npz.optimizer.npz
