[2019-08-02 00:10:22] [marian] Marian v1.7.8 ec2d66e 2019-05-27 14:52:11 +0100
[2019-08-02 00:10:22] [marian] Running on mimir as process 19108 with command line:
[2019-08-02 00:10:22] [marian] /fs/bil0/abdel/marian-dev/build/marian --sync-sgd --model ../experiments/10M_bicleaner_v1.1_+_ced_0.25_x_bic1.1_w3000/model/model.npz -T . --devices 1 --train-sets ../experiments/10M_bicleaner_v1.1_+_ced_0.25_x_bic1.1_w3000/data/train.bpe.de ../experiments/10M_bicleaner_v1.1_+_ced_0.25_x_bic1.1_w3000/data/train.bpe.en --vocabs ../experiments/10M_bicleaner_v1.1_+_ced_0.25_x_bic1.1_w3000/data/train.bpe.de.json ../experiments/10M_bicleaner_v1.1_+_ced_0.25_x_bic1.1_w3000/data/train.bpe.en.json --mini-batch-fit -w 3000 --dim-vocabs 50000 50000 --layer-normalization --dropout-rnn 0.2 --dropout-src 0.1 --dropout-trg 0.1 --learn-rate 0.0001 --after-epochs 0 --early-stopping 5 --valid-freq 20000 --save-freq 20000 --disp-freq 2000 --valid-mini-batch 8 --valid-sets ../experiments/10M_bicleaner_v1.1_+_ced_0.25_x_bic1.1_w3000/data/dev.bpe.de ../experiments/10M_bicleaner_v1.1_+_ced_0.25_x_bic1.1_w3000/data/dev.bpe.en --valid-metrics cross-entropy perplexity translation --valid-translation-output ../experiments/10M_bicleaner_v1.1_+_ced_0.25_x_bic1.1_w3000/model/dev.out --valid-script-path ../experiments/10M_bicleaner_v1.1_+_ced_0.25_x_bic1.1_w3000/score-dev.sh --seed 1111 --exponential-smoothing --normalize=1 --beam-size=12 --quiet-translation --log ../experiments/10M_bicleaner_v1.1_+_ced_0.25_x_bic1.1_w3000/model/train.log --valid-log ../experiments/10M_bicleaner_v1.1_+_ced_0.25_x_bic1.1_w3000/model/valid.log
[2019-08-02 00:10:22] [config] after-batches: 0
[2019-08-02 00:10:22] [config] after-epochs: 0
[2019-08-02 00:10:22] [config] allow-unk: false
[2019-08-02 00:10:22] [config] beam-size: 12
[2019-08-02 00:10:22] [config] bert-class-symbol: "[CLS]"
[2019-08-02 00:10:22] [config] bert-mask-symbol: "[MASK]"
[2019-08-02 00:10:22] [config] bert-masking-fraction: 0.15
[2019-08-02 00:10:22] [config] bert-sep-symbol: "[SEP]"
[2019-08-02 00:10:22] [config] bert-train-type-embeddings: true
[2019-08-02 00:10:22] [config] bert-type-vocab-size: 2
[2019-08-02 00:10:22] [config] best-deep: false
[2019-08-02 00:10:22] [config] clip-gemm: 0
[2019-08-02 00:10:22] [config] clip-norm: 1
[2019-08-02 00:10:22] [config] cost-type: ce-mean
[2019-08-02 00:10:22] [config] cpu-threads: 0
[2019-08-02 00:10:22] [config] data-weighting: ""
[2019-08-02 00:10:22] [config] data-weighting-type: sentence
[2019-08-02 00:10:22] [config] dec-cell: gru
[2019-08-02 00:10:22] [config] dec-cell-base-depth: 2
[2019-08-02 00:10:22] [config] dec-cell-high-depth: 1
[2019-08-02 00:10:22] [config] dec-depth: 1
[2019-08-02 00:10:22] [config] devices:
[2019-08-02 00:10:22] [config]   - 1
[2019-08-02 00:10:22] [config] dim-emb: 512
[2019-08-02 00:10:22] [config] dim-rnn: 1024
[2019-08-02 00:10:22] [config] dim-vocabs:
[2019-08-02 00:10:22] [config]   - 50000
[2019-08-02 00:10:22] [config]   - 50000
[2019-08-02 00:10:22] [config] disp-first: 0
[2019-08-02 00:10:22] [config] disp-freq: 2000
[2019-08-02 00:10:22] [config] disp-label-counts: false
[2019-08-02 00:10:22] [config] dropout-rnn: 0.2
[2019-08-02 00:10:22] [config] dropout-src: 0.1
[2019-08-02 00:10:22] [config] dropout-trg: 0.1
[2019-08-02 00:10:22] [config] dump-config: ""
[2019-08-02 00:10:22] [config] early-stopping: 5
[2019-08-02 00:10:22] [config] embedding-fix-src: false
[2019-08-02 00:10:22] [config] embedding-fix-trg: false
[2019-08-02 00:10:22] [config] embedding-normalization: false
[2019-08-02 00:10:22] [config] embedding-vectors:
[2019-08-02 00:10:22] [config]   []
[2019-08-02 00:10:22] [config] enc-cell: gru
[2019-08-02 00:10:22] [config] enc-cell-depth: 1
[2019-08-02 00:10:22] [config] enc-depth: 1
[2019-08-02 00:10:22] [config] enc-type: bidirectional
[2019-08-02 00:10:22] [config] exponential-smoothing: 0.0001
[2019-08-02 00:10:22] [config] grad-dropping-momentum: 0
[2019-08-02 00:10:22] [config] grad-dropping-rate: 0
[2019-08-02 00:10:22] [config] grad-dropping-warmup: 100
[2019-08-02 00:10:22] [config] guided-alignment: none
[2019-08-02 00:10:22] [config] guided-alignment-cost: mse
[2019-08-02 00:10:22] [config] guided-alignment-weight: 0.1
[2019-08-02 00:10:22] [config] ignore-model-config: false
[2019-08-02 00:10:22] [config] input-types:
[2019-08-02 00:10:22] [config]   []
[2019-08-02 00:10:22] [config] interpolate-env-vars: false
[2019-08-02 00:10:22] [config] keep-best: false
[2019-08-02 00:10:22] [config] label-smoothing: 0
[2019-08-02 00:10:22] [config] layer-normalization: true
[2019-08-02 00:10:22] [config] learn-rate: 0.0001
[2019-08-02 00:10:22] [config] log: ../experiments/10M_bicleaner_v1.1_+_ced_0.25_x_bic1.1_w3000/model/train.log
[2019-08-02 00:10:22] [config] log-level: info
[2019-08-02 00:10:22] [config] log-time-zone: ""
[2019-08-02 00:10:22] [config] lr-decay: 0
[2019-08-02 00:10:22] [config] lr-decay-freq: 50000
[2019-08-02 00:10:22] [config] lr-decay-inv-sqrt:
[2019-08-02 00:10:22] [config]   - 0
[2019-08-02 00:10:22] [config] lr-decay-repeat-warmup: false
[2019-08-02 00:10:22] [config] lr-decay-reset-optimizer: false
[2019-08-02 00:10:22] [config] lr-decay-start:
[2019-08-02 00:10:22] [config]   - 10
[2019-08-02 00:10:22] [config]   - 1
[2019-08-02 00:10:22] [config] lr-decay-strategy: epoch+stalled
[2019-08-02 00:10:22] [config] lr-report: false
[2019-08-02 00:10:22] [config] lr-warmup: 0
[2019-08-02 00:10:22] [config] lr-warmup-at-reload: false
[2019-08-02 00:10:22] [config] lr-warmup-cycle: false
[2019-08-02 00:10:22] [config] lr-warmup-start-rate: 0
[2019-08-02 00:10:22] [config] max-length: 50
[2019-08-02 00:10:22] [config] max-length-crop: false
[2019-08-02 00:10:22] [config] max-length-factor: 3
[2019-08-02 00:10:22] [config] maxi-batch: 100
[2019-08-02 00:10:22] [config] maxi-batch-sort: trg
[2019-08-02 00:10:22] [config] mini-batch: 64
[2019-08-02 00:10:22] [config] mini-batch-fit: true
[2019-08-02 00:10:22] [config] mini-batch-fit-step: 10
[2019-08-02 00:10:22] [config] mini-batch-overstuff: 1
[2019-08-02 00:10:22] [config] mini-batch-track-lr: false
[2019-08-02 00:10:22] [config] mini-batch-understuff: 1
[2019-08-02 00:10:22] [config] mini-batch-warmup: 0
[2019-08-02 00:10:22] [config] mini-batch-words: 0
[2019-08-02 00:10:22] [config] mini-batch-words-ref: 0
[2019-08-02 00:10:22] [config] model: ../experiments/10M_bicleaner_v1.1_+_ced_0.25_x_bic1.1_w3000/model/model.npz
[2019-08-02 00:10:22] [config] multi-loss-type: sum
[2019-08-02 00:10:22] [config] multi-node: false
[2019-08-02 00:10:22] [config] multi-node-overlap: true
[2019-08-02 00:10:22] [config] n-best: false
[2019-08-02 00:10:22] [config] no-nccl: false
[2019-08-02 00:10:22] [config] no-reload: false
[2019-08-02 00:10:22] [config] no-restore-corpus: false
[2019-08-02 00:10:22] [config] no-shuffle: false
[2019-08-02 00:10:22] [config] normalize: 1
[2019-08-02 00:10:22] [config] num-devices: 0
[2019-08-02 00:10:22] [config] optimizer: adam
[2019-08-02 00:10:22] [config] optimizer-delay: 1
[2019-08-02 00:10:22] [config] optimizer-params:
[2019-08-02 00:10:22] [config]   []
[2019-08-02 00:10:22] [config] overwrite: false
[2019-08-02 00:10:22] [config] pretrained-model: ""
[2019-08-02 00:10:22] [config] quiet: false
[2019-08-02 00:10:22] [config] quiet-translation: true
[2019-08-02 00:10:22] [config] relative-paths: false
[2019-08-02 00:10:22] [config] right-left: false
[2019-08-02 00:10:22] [config] save-freq: 20000
[2019-08-02 00:10:22] [config] seed: 1111
[2019-08-02 00:10:22] [config] shuffle-in-ram: false
[2019-08-02 00:10:22] [config] skip: false
[2019-08-02 00:10:22] [config] sqlite: ""
[2019-08-02 00:10:22] [config] sqlite-drop: false
[2019-08-02 00:10:22] [config] sync-sgd: true
[2019-08-02 00:10:22] [config] tempdir: .
[2019-08-02 00:10:22] [config] tied-embeddings: false
[2019-08-02 00:10:22] [config] tied-embeddings-all: false
[2019-08-02 00:10:22] [config] tied-embeddings-src: false
[2019-08-02 00:10:22] [config] train-sets:
[2019-08-02 00:10:22] [config]   - ../experiments/10M_bicleaner_v1.1_+_ced_0.25_x_bic1.1_w3000/data/train.bpe.de
[2019-08-02 00:10:22] [config]   - ../experiments/10M_bicleaner_v1.1_+_ced_0.25_x_bic1.1_w3000/data/train.bpe.en
[2019-08-02 00:10:22] [config] transformer-aan-activation: swish
[2019-08-02 00:10:22] [config] transformer-aan-depth: 2
[2019-08-02 00:10:22] [config] transformer-aan-nogate: false
[2019-08-02 00:10:22] [config] transformer-decoder-autoreg: self-attention
[2019-08-02 00:10:22] [config] transformer-dim-aan: 2048
[2019-08-02 00:10:22] [config] transformer-dim-ffn: 2048
[2019-08-02 00:10:22] [config] transformer-dropout: 0
[2019-08-02 00:10:22] [config] transformer-dropout-attention: 0
[2019-08-02 00:10:22] [config] transformer-dropout-ffn: 0
[2019-08-02 00:10:22] [config] transformer-ffn-activation: swish
[2019-08-02 00:10:22] [config] transformer-ffn-depth: 2
[2019-08-02 00:10:22] [config] transformer-guided-alignment-layer: last
[2019-08-02 00:10:22] [config] transformer-heads: 8
[2019-08-02 00:10:22] [config] transformer-no-projection: false
[2019-08-02 00:10:22] [config] transformer-postprocess: dan
[2019-08-02 00:10:22] [config] transformer-postprocess-emb: d
[2019-08-02 00:10:22] [config] transformer-preprocess: ""
[2019-08-02 00:10:22] [config] transformer-tied-layers:
[2019-08-02 00:10:22] [config]   []
[2019-08-02 00:10:22] [config] transformer-train-position-embeddings: false
[2019-08-02 00:10:22] [config] type: amun
[2019-08-02 00:10:22] [config] ulr: false
[2019-08-02 00:10:22] [config] ulr-dim-emb: 0
[2019-08-02 00:10:22] [config] ulr-dropout: 0
[2019-08-02 00:10:22] [config] ulr-keys-vectors: ""
[2019-08-02 00:10:22] [config] ulr-query-vectors: ""
[2019-08-02 00:10:22] [config] ulr-softmax-temperature: 1
[2019-08-02 00:10:22] [config] ulr-trainable-transformation: false
[2019-08-02 00:10:22] [config] valid-freq: 20000
[2019-08-02 00:10:22] [config] valid-log: ../experiments/10M_bicleaner_v1.1_+_ced_0.25_x_bic1.1_w3000/model/valid.log
[2019-08-02 00:10:22] [config] valid-max-length: 1000
[2019-08-02 00:10:22] [config] valid-metrics:
[2019-08-02 00:10:22] [config]   - cross-entropy
[2019-08-02 00:10:22] [config]   - perplexity
[2019-08-02 00:10:22] [config]   - translation
[2019-08-02 00:10:22] [config] valid-mini-batch: 8
[2019-08-02 00:10:22] [config] valid-script-path: ../experiments/10M_bicleaner_v1.1_+_ced_0.25_x_bic1.1_w3000/score-dev.sh
[2019-08-02 00:10:22] [config] valid-sets:
[2019-08-02 00:10:22] [config]   - ../experiments/10M_bicleaner_v1.1_+_ced_0.25_x_bic1.1_w3000/data/dev.bpe.de
[2019-08-02 00:10:22] [config]   - ../experiments/10M_bicleaner_v1.1_+_ced_0.25_x_bic1.1_w3000/data/dev.bpe.en
[2019-08-02 00:10:22] [config] valid-translation-output: ../experiments/10M_bicleaner_v1.1_+_ced_0.25_x_bic1.1_w3000/model/dev.out
[2019-08-02 00:10:22] [config] vocabs:
[2019-08-02 00:10:22] [config]   - ../experiments/10M_bicleaner_v1.1_+_ced_0.25_x_bic1.1_w3000/data/train.bpe.de.json
[2019-08-02 00:10:22] [config]   - ../experiments/10M_bicleaner_v1.1_+_ced_0.25_x_bic1.1_w3000/data/train.bpe.en.json
[2019-08-02 00:10:22] [config] word-penalty: 0
[2019-08-02 00:10:22] [config] workspace: 3000
[2019-08-02 00:10:22] [config] Model is being created with Marian v1.7.8 ec2d66e 2019-05-27 14:52:11 +0100
[2019-08-02 00:10:22] Using synchronous training
[2019-08-02 00:10:22] [data] Loading vocabulary from JSON/Yaml file ../experiments/10M_bicleaner_v1.1_+_ced_0.25_x_bic1.1_w3000/data/train.bpe.de.json
[2019-08-02 00:10:22] [data] Using unused word id eos for 0
[2019-08-02 00:10:22] [data] Using unused word id UNK for 1
[2019-08-02 00:10:22] [data] Setting vocabulary size for input 0 to 50000
[2019-08-02 00:10:22] [data] Loading vocabulary from JSON/Yaml file ../experiments/10M_bicleaner_v1.1_+_ced_0.25_x_bic1.1_w3000/data/train.bpe.en.json
[2019-08-02 00:10:22] [data] Using unused word id eos for 0
[2019-08-02 00:10:22] [data] Using unused word id UNK for 1
[2019-08-02 00:10:22] [data] Setting vocabulary size for input 1 to 50000
[2019-08-02 00:10:22] Compiled without MPI support. Falling back to FakeMPIWrapper
[2019-08-02 00:10:22] [batching] Collecting statistics for batch fitting with step size 10
[2019-08-02 00:10:23] [memory] Extending reserved space to 3072 MB (device gpu1)
[2019-08-02 00:10:23] [comm] Using NCCL 2.4.2 for GPU communication
[2019-08-02 00:10:23] [comm] NCCLCommunicator constructed successfully.
[2019-08-02 00:10:23] [training] Using 1 GPUs
[2019-08-02 00:10:23] [memory] Reserving 422 MB, device gpu1
[2019-08-02 00:10:23] [gpu] 16-bit TensorCores enabled for float32 matrix operations
[2019-08-02 00:10:24] [memory] Reserving 422 MB, device gpu1
[2019-08-02 00:10:31] [batching] Done. Typical MB size is 4042 target words
[2019-08-02 00:10:31] [memory] Extending reserved space to 3072 MB (device gpu1)
[2019-08-02 00:10:31] [comm] Using NCCL 2.4.2 for GPU communication
[2019-08-02 00:10:31] [comm] NCCLCommunicator constructed successfully.
[2019-08-02 00:10:31] [training] Using 1 GPUs
[2019-08-02 00:10:31] Training started
[2019-08-02 00:10:31] [data] Shuffling data
[2019-08-02 00:10:31] [data] Done reading 605986 sentences
[2019-08-02 00:10:33] [data] Done shuffling 605986 sentences to temp files
[2019-08-02 00:10:34] [training] Batches are processed as 1 process(es) x 1 devices/process
[2019-08-02 00:10:34] [memory] Reserving 422 MB, device gpu1
[2019-08-02 00:10:34] [memory] Reserving 422 MB, device gpu1
[2019-08-02 00:10:34] [memory] Reserving 422 MB, device gpu1
[2019-08-02 00:10:34] [memory] Reserving 844 MB, device gpu1
[2019-08-02 00:25:33] Ep. 1 : Up. 2000 : Sen. 249,498 : Cost 126.38368225 : Time 911.19s : 5775.05 words/s
[2019-08-02 00:40:40] Ep. 1 : Up. 4000 : Sen. 499,413 : Cost 95.54472351 : Time 906.62s : 5812.57 words/s
[2019-08-02 00:44:41] Seen 565571 samples
[2019-08-02 00:44:41] Starting epoch 2
[2019-08-02 00:44:41] [data] Shuffling data
[2019-08-02 00:44:41] [data] Done reading 605986 sentences
[2019-08-02 00:44:43] [data] Done shuffling 605986 sentences to temp files
[2019-08-02 00:55:48] Ep. 2 : Up. 6000 : Sen. 183,434 : Cost 78.49743652 : Time 908.07s : 5787.67 words/s
[2019-08-02 01:10:59] Ep. 2 : Up. 8000 : Sen. 433,681 : Cost 69.37566376 : Time 910.85s : 5798.18 words/s
[2019-08-02 01:18:58] Seen 565571 samples
[2019-08-02 01:18:58] Starting epoch 3
[2019-08-02 01:18:58] [data] Shuffling data
[2019-08-02 01:18:58] [data] Done reading 605986 sentences
[2019-08-02 01:19:00] [data] Done shuffling 605986 sentences to temp files
[2019-08-02 01:26:08] Ep. 3 : Up. 10000 : Sen. 118,328 : Cost 62.27444458 : Time 909.29s : 5791.81 words/s
[2019-08-02 01:41:16] Ep. 3 : Up. 12000 : Sen. 367,798 : Cost 57.70387650 : Time 907.97s : 5796.74 words/s
[2019-08-02 01:53:17] Seen 565571 samples
[2019-08-02 01:53:17] Starting epoch 4
[2019-08-02 01:53:17] [data] Shuffling data
[2019-08-02 01:53:17] [data] Done reading 605986 sentences
[2019-08-02 01:53:19] [data] Done shuffling 605986 sentences to temp files
[2019-08-02 01:56:25] Ep. 4 : Up. 14000 : Sen. 51,619 : Cost 54.16394806 : Time 909.29s : 5782.12 words/s
[2019-08-02 02:11:33] Ep. 4 : Up. 16000 : Sen. 301,353 : Cost 51.27845383 : Time 907.84s : 5802.28 words/s
[2019-08-02 02:26:36] Ep. 4 : Up. 18000 : Sen. 549,889 : Cost 49.97560120 : Time 902.66s : 5806.17 words/s
[2019-08-02 02:27:33] Seen 565571 samples
[2019-08-02 02:27:33] Starting epoch 5
[2019-08-02 02:27:33] [data] Shuffling data
[2019-08-02 02:27:33] [data] Done reading 605986 sentences
[2019-08-02 02:27:35] [data] Done shuffling 605986 sentences to temp files
[2019-08-02 02:41:44] Ep. 5 : Up. 20000 : Sen. 233,831 : Cost 47.21192169 : Time 907.68s : 5786.51 words/s
[2019-08-02 02:41:44] Saving model to ../experiments/10M_bicleaner_v1.1_+_ced_0.25_x_bic1.1_w3000/model/model.npz.orig.npz
[2019-08-02 02:41:52] Saving model to ../experiments/10M_bicleaner_v1.1_+_ced_0.25_x_bic1.1_w3000/model/model.iter20000.npz
[2019-08-02 02:41:58] Saving model to ../experiments/10M_bicleaner_v1.1_+_ced_0.25_x_bic1.1_w3000/model/model.npz
[2019-08-02 02:42:07] Saving Adam parameters to ../experiments/10M_bicleaner_v1.1_+_ced_0.25_x_bic1.1_w3000/model/model.npz.optimizer.npz
[2019-08-02 02:42:33] [valid] Ep. 5 : Up. 20000 : cross-entropy : 67.8546 : new best
[2019-08-02 02:42:44] [valid] Ep. 5 : Up. 20000 : perplexity : 14.6691 : new best
[2019-08-02 02:44:11] [valid] Ep. 5 : Up. 20000 : translation : 23.4 : new best
[2019-08-02 02:59:25] Ep. 5 : Up. 22000 : Sen. 483,167 : Cost 46.49848557 : Time 1061.18s : 4958.76 words/s
[2019-08-02 03:04:25] Seen 565571 samples
[2019-08-02 03:04:25] Starting epoch 6
[2019-08-02 03:04:25] [data] Shuffling data
[2019-08-02 03:04:26] [data] Done reading 605986 sentences
[2019-08-02 03:04:27] [data] Done shuffling 605986 sentences to temp files
[2019-08-02 03:14:34] Ep. 6 : Up. 24000 : Sen. 167,518 : Cost 44.49804688 : Time 909.62s : 5786.56 words/s
[2019-08-02 03:29:41] Ep. 6 : Up. 26000 : Sen. 417,039 : Cost 43.63122559 : Time 906.25s : 5812.09 words/s
[2019-08-02 03:38:41] Seen 565571 samples
[2019-08-02 03:38:41] Starting epoch 7
[2019-08-02 03:38:41] [data] Shuffling data
[2019-08-02 03:38:41] [data] Done reading 605986 sentences
[2019-08-02 03:38:43] [data] Done shuffling 605986 sentences to temp files
[2019-08-02 03:44:48] Ep. 7 : Up. 28000 : Sen. 100,308 : Cost 42.54328156 : Time 907.26s : 5779.29 words/s
[2019-08-02 03:59:57] Ep. 7 : Up. 30000 : Sen. 350,621 : Cost 41.58991241 : Time 908.78s : 5810.47 words/s
[2019-08-02 04:13:00] Seen 565571 samples
[2019-08-02 04:13:00] Starting epoch 8
[2019-08-02 04:13:00] [data] Shuffling data
[2019-08-02 04:13:00] [data] Done reading 605986 sentences
[2019-08-02 04:13:02] [data] Done shuffling 605986 sentences to temp files
[2019-08-02 04:15:03] Ep. 8 : Up. 32000 : Sen. 33,620 : Cost 40.83411407 : Time 906.33s : 5775.16 words/s
[2019-08-02 04:30:07] Ep. 8 : Up. 34000 : Sen. 282,656 : Cost 39.54005432 : Time 904.36s : 5816.40 words/s
[2019-08-02 04:45:13] Ep. 8 : Up. 36000 : Sen. 532,183 : Cost 39.49063492 : Time 905.69s : 5803.41 words/s
[2019-08-02 04:47:15] Seen 565571 samples
[2019-08-02 04:47:15] Starting epoch 9
[2019-08-02 04:47:15] [data] Shuffling data
[2019-08-02 04:47:15] [data] Done reading 605986 sentences
[2019-08-02 04:47:17] [data] Done shuffling 605986 sentences to temp files
[2019-08-02 05:00:23] Ep. 9 : Up. 38000 : Sen. 215,980 : Cost 37.91272354 : Time 909.89s : 5791.18 words/s
[2019-08-02 05:15:29] Ep. 9 : Up. 40000 : Sen. 466,041 : Cost 37.88340378 : Time 906.19s : 5804.44 words/s
[2019-08-02 05:15:29] Saving model to ../experiments/10M_bicleaner_v1.1_+_ced_0.25_x_bic1.1_w3000/model/model.npz.orig.npz
[2019-08-02 05:15:38] Saving model to ../experiments/10M_bicleaner_v1.1_+_ced_0.25_x_bic1.1_w3000/model/model.iter40000.npz
[2019-08-02 05:15:44] Saving model to ../experiments/10M_bicleaner_v1.1_+_ced_0.25_x_bic1.1_w3000/model/model.npz
[2019-08-02 05:15:53] Saving Adam parameters to ../experiments/10M_bicleaner_v1.1_+_ced_0.25_x_bic1.1_w3000/model/model.npz.optimizer.npz
[2019-08-02 05:16:18] [valid] Ep. 9 : Up. 40000 : cross-entropy : 58.924 : new best
[2019-08-02 05:16:28] [valid] Ep. 9 : Up. 40000 : perplexity : 10.3012 : new best
[2019-08-02 05:17:56] [valid] Ep. 9 : Up. 40000 : translation : 26.04 : new best
[2019-08-02 05:24:04] Seen 565571 samples
[2019-08-02 05:24:04] Starting epoch 10
[2019-08-02 05:24:04] [data] Shuffling data
[2019-08-02 05:24:04] [data] Done reading 605986 sentences
[2019-08-02 05:24:06] [data] Done shuffling 605986 sentences to temp files
[2019-08-02 05:33:10] Ep. 10 : Up. 42000 : Sen. 149,762 : Cost 36.58282471 : Time 1060.96s : 4958.05 words/s
[2019-08-02 05:48:16] Ep. 10 : Up. 44000 : Sen. 399,081 : Cost 36.43587875 : Time 905.49s : 5811.95 words/s
[2019-08-02 05:58:17] Seen 565571 samples
[2019-08-02 05:58:17] Starting epoch 11
[2019-08-02 05:58:17] [data] Shuffling data
[2019-08-02 05:58:17] [data] Done reading 605986 sentences
[2019-08-02 05:58:19] [data] Done shuffling 605986 sentences to temp files
[2019-08-02 06:03:23] Ep. 11 : Up. 46000 : Sen. 83,609 : Cost 35.74373245 : Time 906.84s : 5801.73 words/s
[2019-08-02 06:18:29] Ep. 11 : Up. 48000 : Sen. 333,083 : Cost 35.11486053 : Time 906.82s : 5802.10 words/s
[2019-08-02 06:32:33] Seen 565571 samples
[2019-08-02 06:32:33] Starting epoch 12
[2019-08-02 06:32:33] [data] Shuffling data
[2019-08-02 06:32:33] [data] Done reading 605986 sentences
[2019-08-02 06:32:36] [data] Done shuffling 605986 sentences to temp files
[2019-08-02 06:33:39] Ep. 12 : Up. 50000 : Sen. 17,133 : Cost 34.94621277 : Time 909.20s : 5790.60 words/s
[2019-08-02 06:48:47] Ep. 12 : Up. 52000 : Sen. 267,643 : Cost 33.61602402 : Time 908.52s : 5807.01 words/s
[2019-08-02 07:03:50] Ep. 12 : Up. 54000 : Sen. 516,483 : Cost 33.93440247 : Time 903.03s : 5806.79 words/s
[2019-08-02 07:06:49] Seen 565571 samples
[2019-08-02 07:06:49] Starting epoch 13
[2019-08-02 07:06:49] [data] Shuffling data
[2019-08-02 07:06:50] [data] Done reading 605986 sentences
[2019-08-02 07:06:52] [data] Done shuffling 605986 sentences to temp files
[2019-08-02 07:19:01] Ep. 13 : Up. 56000 : Sen. 201,495 : Cost 33.25922012 : Time 911.23s : 5791.56 words/s
[2019-08-02 07:34:04] Ep. 13 : Up. 58000 : Sen. 450,105 : Cost 33.13603592 : Time 902.77s : 5814.56 words/s
[2019-08-02 07:41:04] Seen 565571 samples
[2019-08-02 07:41:04] Starting epoch 14
[2019-08-02 07:41:04] [data] Shuffling data
[2019-08-02 07:41:04] [data] Done reading 605986 sentences
[2019-08-02 07:41:06] [data] Done shuffling 605986 sentences to temp files
[2019-08-02 07:49:12] Ep. 14 : Up. 60000 : Sen. 133,266 : Cost 32.41006470 : Time 907.45s : 5791.67 words/s
[2019-08-02 07:49:12] Saving model to ../experiments/10M_bicleaner_v1.1_+_ced_0.25_x_bic1.1_w3000/model/model.npz.orig.npz
[2019-08-02 07:49:20] Saving model to ../experiments/10M_bicleaner_v1.1_+_ced_0.25_x_bic1.1_w3000/model/model.iter60000.npz
[2019-08-02 07:49:27] Saving model to ../experiments/10M_bicleaner_v1.1_+_ced_0.25_x_bic1.1_w3000/model/model.npz
[2019-08-02 07:49:36] Saving Adam parameters to ../experiments/10M_bicleaner_v1.1_+_ced_0.25_x_bic1.1_w3000/model/model.npz.optimizer.npz
[2019-08-02 07:50:02] [valid] Ep. 14 : Up. 60000 : cross-entropy : 56.3641 : new best
[2019-08-02 07:50:12] [valid] Ep. 14 : Up. 60000 : perplexity : 9.30859 : new best
[2019-08-02 07:51:39] [valid] Ep. 14 : Up. 60000 : translation : 26.76 : new best
[2019-08-02 08:06:50] Ep. 14 : Up. 62000 : Sen. 382,663 : Cost 31.80469704 : Time 1058.60s : 4956.62 words/s
[2019-08-02 08:17:55] Seen 565571 samples
[2019-08-02 08:17:55] Starting epoch 15
[2019-08-02 08:17:55] [data] Shuffling data
[2019-08-02 08:17:55] [data] Done reading 605986 sentences
[2019-08-02 08:17:57] [data] Done shuffling 605986 sentences to temp files
[2019-08-02 08:21:58] Ep. 15 : Up. 64000 : Sen. 66,152 : Cost 32.10321426 : Time 907.48s : 5785.93 words/s
[2019-08-02 08:37:03] Ep. 15 : Up. 66000 : Sen. 315,724 : Cost 30.86541176 : Time 904.87s : 5809.49 words/s
[2019-08-02 08:52:05] Ep. 15 : Up. 68000 : Sen. 564,453 : Cost 31.52857780 : Time 902.11s : 5819.98 words/s
[2019-08-02 08:52:09] Seen 565571 samples
[2019-08-02 08:52:09] Starting epoch 16
[2019-08-02 08:52:09] [data] Shuffling data
[2019-08-02 08:52:09] [data] Done reading 605986 sentences
[2019-08-02 08:52:11] [data] Done shuffling 605986 sentences to temp files
[2019-08-02 09:07:14] Ep. 16 : Up. 70000 : Sen. 247,731 : Cost 30.31900597 : Time 908.94s : 5780.53 words/s
[2019-08-02 09:22:19] Ep. 16 : Up. 72000 : Sen. 497,675 : Cost 30.67713165 : Time 905.09s : 5819.59 words/s
[2019-08-02 09:26:25] Seen 565571 samples
[2019-08-02 09:26:25] Starting epoch 17
[2019-08-02 09:26:25] [data] Shuffling data
[2019-08-02 09:26:25] [data] Done reading 605986 sentences
[2019-08-02 09:26:27] [data] Done shuffling 605986 sentences to temp files
[2019-08-02 09:37:34] Ep. 17 : Up. 74000 : Sen. 183,162 : Cost 29.59113503 : Time 915.21s : 5768.67 words/s
[2019-08-02 09:52:43] Ep. 17 : Up. 76000 : Sen. 432,763 : Cost 29.83553314 : Time 909.26s : 5779.63 words/s
[2019-08-02 10:00:52] Seen 565571 samples
[2019-08-02 10:00:52] Starting epoch 18
[2019-08-02 10:00:52] [data] Shuffling data
[2019-08-02 10:00:53] [data] Done reading 605986 sentences
[2019-08-02 10:00:54] [data] Done shuffling 605986 sentences to temp files
[2019-08-02 10:07:59] Ep. 18 : Up. 78000 : Sen. 115,618 : Cost 29.61702919 : Time 916.32s : 5736.13 words/s
[2019-08-02 10:23:09] Ep. 18 : Up. 80000 : Sen. 363,989 : Cost 29.05522919 : Time 909.84s : 5753.08 words/s
[2019-08-02 10:23:09] Saving model to ../experiments/10M_bicleaner_v1.1_+_ced_0.25_x_bic1.1_w3000/model/model.npz.orig.npz
[2019-08-02 10:23:20] Saving model to ../experiments/10M_bicleaner_v1.1_+_ced_0.25_x_bic1.1_w3000/model/model.iter80000.npz
[2019-08-02 10:23:30] Saving model to ../experiments/10M_bicleaner_v1.1_+_ced_0.25_x_bic1.1_w3000/model/model.npz
[2019-08-02 10:23:39] Saving Adam parameters to ../experiments/10M_bicleaner_v1.1_+_ced_0.25_x_bic1.1_w3000/model/model.npz.optimizer.npz
[2019-08-02 10:24:04] [valid] Ep. 18 : Up. 80000 : cross-entropy : 55.6595 : new best
[2019-08-02 10:24:14] [valid] Ep. 18 : Up. 80000 : perplexity : 9.05257 : new best
[2019-08-02 10:25:41] [valid] Ep. 18 : Up. 80000 : translation : 27.28 : new best
[2019-08-02 10:38:07] Seen 565571 samples
[2019-08-02 10:38:07] Starting epoch 19
[2019-08-02 10:38:07] [data] Shuffling data
[2019-08-02 10:38:07] [data] Done reading 605986 sentences
[2019-08-02 10:38:09] [data] Done shuffling 605986 sentences to temp files
[2019-08-02 10:41:03] Ep. 19 : Up. 82000 : Sen. 48,021 : Cost 28.71776009 : Time 1074.05s : 4892.49 words/s
[2019-08-02 10:56:19] Ep. 19 : Up. 84000 : Sen. 298,370 : Cost 28.33283997 : Time 915.92s : 5772.88 words/s
[2019-08-02 11:11:23] Ep. 19 : Up. 86000 : Sen. 547,829 : Cost 28.91926575 : Time 903.96s : 5809.10 words/s
[2019-08-02 11:12:28] Seen 565571 samples
[2019-08-02 11:12:28] Starting epoch 20
[2019-08-02 11:12:28] [data] Shuffling data
[2019-08-02 11:12:29] [data] Done reading 605986 sentences
[2019-08-02 11:12:31] [data] Done shuffling 605986 sentences to temp files
[2019-08-02 11:26:37] Ep. 20 : Up. 88000 : Sen. 232,380 : Cost 27.60292244 : Time 913.62s : 5767.35 words/s
[2019-08-02 11:41:46] Ep. 20 : Up. 90000 : Sen. 481,176 : Cost 28.02629471 : Time 909.19s : 5780.53 words/s
[2019-08-02 11:47:00] Seen 565571 samples
[2019-08-02 11:47:00] Starting epoch 21
[2019-08-02 11:47:00] [data] Shuffling data
[2019-08-02 11:47:04] [data] Done reading 605986 sentences
[2019-08-02 11:47:07] [data] Done shuffling 605986 sentences to temp files
[2019-08-02 11:57:13] Ep. 21 : Up. 92000 : Sen. 164,238 : Cost 27.30993462 : Time 926.69s : 5652.19 words/s
[2019-08-02 12:12:19] Ep. 21 : Up. 94000 : Sen. 413,111 : Cost 27.52436066 : Time 906.67s : 5786.72 words/s
[2019-08-02 12:21:33] Seen 565571 samples
[2019-08-02 12:21:33] Starting epoch 22
[2019-08-02 12:21:33] [data] Shuffling data
[2019-08-02 12:21:33] [data] Done reading 605986 sentences
[2019-08-02 12:21:35] [data] Done shuffling 605986 sentences to temp files
[2019-08-02 12:27:27] Ep. 22 : Up. 96000 : Sen. 96,792 : Cost 27.22424507 : Time 907.84s : 5793.84 words/s
[2019-08-02 12:42:34] Ep. 22 : Up. 98000 : Sen. 346,011 : Cost 26.70042801 : Time 906.26s : 5798.84 words/s
[2019-08-02 12:55:51] Seen 565571 samples
[2019-08-02 12:55:51] Starting epoch 23
[2019-08-02 12:55:51] [data] Shuffling data
[2019-08-02 12:55:51] [data] Done reading 605986 sentences
[2019-08-02 12:55:53] [data] Done shuffling 605986 sentences to temp files
[2019-08-02 12:57:41] Ep. 23 : Up. 100000 : Sen. 29,532 : Cost 26.88274002 : Time 907.48s : 5783.42 words/s
[2019-08-02 12:57:41] Saving model to ../experiments/10M_bicleaner_v1.1_+_ced_0.25_x_bic1.1_w3000/model/model.npz.orig.npz
[2019-08-02 12:57:49] Saving model to ../experiments/10M_bicleaner_v1.1_+_ced_0.25_x_bic1.1_w3000/model/model.iter100000.npz
[2019-08-02 12:57:56] Saving model to ../experiments/10M_bicleaner_v1.1_+_ced_0.25_x_bic1.1_w3000/model/model.npz
[2019-08-02 12:58:05] Saving Adam parameters to ../experiments/10M_bicleaner_v1.1_+_ced_0.25_x_bic1.1_w3000/model/model.npz.optimizer.npz
[2019-08-02 12:58:31] [valid] Ep. 23 : Up. 100000 : cross-entropy : 55.8193 : stalled 1 times (last best: 55.6595)
[2019-08-02 12:58:41] [valid] Ep. 23 : Up. 100000 : perplexity : 9.11 : stalled 1 times (last best: 9.05257)
[2019-08-02 13:00:08] [valid] Ep. 23 : Up. 100000 : translation : 27.41 : new best
[2019-08-02 13:15:23] Ep. 23 : Up. 102000 : Sen. 280,121 : Cost 26.29494858 : Time 1062.31s : 4973.33 words/s
[2019-08-02 13:30:24] Ep. 23 : Up. 104000 : Sen. 528,910 : Cost 26.64030457 : Time 900.71s : 5819.56 words/s
[2019-08-02 13:32:38] Seen 565571 samples
[2019-08-02 13:32:38] Starting epoch 24
[2019-08-02 13:32:38] [data] Shuffling data
[2019-08-02 13:32:38] [data] Done reading 605986 sentences
[2019-08-02 13:32:40] [data] Done shuffling 605986 sentences to temp files
[2019-08-02 13:45:30] Ep. 24 : Up. 106000 : Sen. 212,864 : Cost 25.66842842 : Time 906.38s : 5805.40 words/s
[2019-08-02 14:00:37] Ep. 24 : Up. 108000 : Sen. 463,054 : Cost 25.88868904 : Time 906.96s : 5822.41 words/s
[2019-08-02 14:06:50] Seen 565571 samples
[2019-08-02 14:06:50] Starting epoch 25
[2019-08-02 14:06:50] [data] Shuffling data
[2019-08-02 14:06:50] [data] Done reading 605986 sentences
[2019-08-02 14:06:52] [data] Done shuffling 605986 sentences to temp files
[2019-08-02 14:15:43] Ep. 25 : Up. 110000 : Sen. 146,441 : Cost 25.66886330 : Time 905.24s : 5793.02 words/s
[2019-08-02 14:30:44] Ep. 25 : Up. 112000 : Sen. 394,637 : Cost 25.64392090 : Time 901.31s : 5813.86 words/s
[2019-08-02 14:41:03] Seen 565571 samples
[2019-08-02 14:41:03] Starting epoch 26
[2019-08-02 14:41:03] [data] Shuffling data
[2019-08-02 14:41:03] [data] Done reading 605986 sentences
[2019-08-02 14:41:05] [data] Done shuffling 605986 sentences to temp files
[2019-08-02 14:45:51] Ep. 26 : Up. 114000 : Sen. 78,436 : Cost 25.34121704 : Time 907.13s : 5793.39 words/s
[2019-08-02 15:00:55] Ep. 26 : Up. 116000 : Sen. 328,199 : Cost 24.77837181 : Time 903.99s : 5809.50 words/s
[2019-08-02 15:15:18] Seen 565571 samples
[2019-08-02 15:15:18] Starting epoch 27
[2019-08-02 15:15:18] [data] Shuffling data
[2019-08-02 15:15:18] [data] Done reading 605986 sentences
[2019-08-02 15:15:20] [data] Done shuffling 605986 sentences to temp files
[2019-08-02 15:16:00] Ep. 27 : Up. 118000 : Sen. 11,217 : Cost 25.48585510 : Time 905.16s : 5793.47 words/s
[2019-08-02 15:31:03] Ep. 27 : Up. 120000 : Sen. 260,212 : Cost 24.50208282 : Time 903.00s : 5813.52 words/s
[2019-08-02 15:31:03] Saving model to ../experiments/10M_bicleaner_v1.1_+_ced_0.25_x_bic1.1_w3000/model/model.npz.orig.npz
[2019-08-02 15:31:11] Saving model to ../experiments/10M_bicleaner_v1.1_+_ced_0.25_x_bic1.1_w3000/model/model.iter120000.npz
[2019-08-02 15:31:18] Saving model to ../experiments/10M_bicleaner_v1.1_+_ced_0.25_x_bic1.1_w3000/model/model.npz
[2019-08-02 15:31:26] Saving Adam parameters to ../experiments/10M_bicleaner_v1.1_+_ced_0.25_x_bic1.1_w3000/model/model.npz.optimizer.npz
[2019-08-02 15:31:52] [valid] Ep. 27 : Up. 120000 : cross-entropy : 56.584 : stalled 2 times (last best: 55.6595)
[2019-08-02 15:32:02] [valid] Ep. 27 : Up. 120000 : perplexity : 9.38996 : stalled 2 times (last best: 9.05257)
[2019-08-02 15:33:28] [valid] Ep. 27 : Up. 120000 : translation : 27.47 : new best
[2019-08-02 15:48:43] Ep. 27 : Up. 122000 : Sen. 510,339 : Cost 24.97941399 : Time 1059.40s : 4977.63 words/s
[2019-08-02 15:52:04] Seen 565571 samples
[2019-08-02 15:52:04] Starting epoch 28
[2019-08-02 15:52:04] [data] Shuffling data
[2019-08-02 15:52:04] [data] Done reading 605986 sentences
[2019-08-02 15:52:06] [data] Done shuffling 605986 sentences to temp files
[2019-08-02 16:03:52] Ep. 28 : Up. 124000 : Sen. 193,839 : Cost 24.09798050 : Time 909.17s : 5774.85 words/s
[2019-08-02 16:18:56] Ep. 28 : Up. 126000 : Sen. 442,703 : Cost 24.60952568 : Time 904.00s : 5810.45 words/s
[2019-08-02 16:26:23] Seen 565571 samples
[2019-08-02 16:26:23] Starting epoch 29
[2019-08-02 16:26:23] [data] Shuffling data
[2019-08-02 16:26:23] [data] Done reading 605986 sentences
[2019-08-02 16:26:25] [data] Done shuffling 605986 sentences to temp files
[2019-08-02 16:34:06] Ep. 29 : Up. 128000 : Sen. 126,925 : Cost 23.91744041 : Time 910.04s : 5778.30 words/s
[2019-08-02 16:49:12] Ep. 29 : Up. 130000 : Sen. 376,365 : Cost 24.08989525 : Time 906.07s : 5811.48 words/s
[2019-08-02 17:00:41] Seen 565571 samples
[2019-08-02 17:00:41] Starting epoch 30
[2019-08-02 17:00:41] [data] Shuffling data
[2019-08-02 17:00:41] [data] Done reading 605986 sentences
[2019-08-02 17:00:43] [data] Done shuffling 605986 sentences to temp files
[2019-08-02 17:04:20] Ep. 30 : Up. 132000 : Sen. 59,956 : Cost 23.90759850 : Time 908.28s : 5781.35 words/s
[2019-08-02 17:19:27] Ep. 30 : Up. 134000 : Sen. 309,978 : Cost 23.50788879 : Time 906.93s : 5808.60 words/s
[2019-08-02 17:34:32] Ep. 30 : Up. 136000 : Sen. 558,733 : Cost 23.98108673 : Time 904.55s : 5805.94 words/s
[2019-08-02 17:34:56] Seen 565571 samples
[2019-08-02 17:34:56] Starting epoch 31
[2019-08-02 17:34:56] [data] Shuffling data
[2019-08-02 17:34:57] [data] Done reading 605986 sentences
[2019-08-02 17:34:58] [data] Done shuffling 605986 sentences to temp files
[2019-08-02 17:49:39] Ep. 31 : Up. 138000 : Sen. 242,169 : Cost 23.04682350 : Time 906.86s : 5785.17 words/s
[2019-08-02 18:04:43] Ep. 31 : Up. 140000 : Sen. 491,843 : Cost 23.37714577 : Time 904.88s : 5812.32 words/s
[2019-08-02 18:04:43] Saving model to ../experiments/10M_bicleaner_v1.1_+_ced_0.25_x_bic1.1_w3000/model/model.npz.orig.npz
[2019-08-02 18:04:52] Saving model to ../experiments/10M_bicleaner_v1.1_+_ced_0.25_x_bic1.1_w3000/model/model.iter140000.npz
[2019-08-02 18:04:58] Saving model to ../experiments/10M_bicleaner_v1.1_+_ced_0.25_x_bic1.1_w3000/model/model.npz
[2019-08-02 18:05:07] Saving Adam parameters to ../experiments/10M_bicleaner_v1.1_+_ced_0.25_x_bic1.1_w3000/model/model.npz.optimizer.npz
[2019-08-02 18:05:32] [valid] Ep. 31 : Up. 140000 : cross-entropy : 57.556 : stalled 3 times (last best: 55.6595)
[2019-08-02 18:05:42] [valid] Ep. 31 : Up. 140000 : perplexity : 9.75824 : stalled 3 times (last best: 9.05257)
[2019-08-02 18:07:09] [valid] Ep. 31 : Up. 140000 : translation : 27.27 : stalled 1 times (last best: 27.47)
[2019-08-02 18:11:45] Seen 565571 samples
[2019-08-02 18:11:45] Starting epoch 32
[2019-08-02 18:11:45] [data] Shuffling data
[2019-08-02 18:11:45] [data] Done reading 605986 sentences
[2019-08-02 18:11:47] [data] Done shuffling 605986 sentences to temp files
[2019-08-02 18:22:29] Ep. 32 : Up. 142000 : Sen. 176,343 : Cost 23.02439499 : Time 1065.73s : 4949.81 words/s
[2019-08-02 18:37:38] Ep. 32 : Up. 144000 : Sen. 426,181 : Cost 23.15989494 : Time 908.63s : 5799.86 words/s
[2019-08-02 18:46:07] Seen 565571 samples
[2019-08-02 18:46:07] Starting epoch 33
[2019-08-02 18:46:07] [data] Shuffling data
[2019-08-02 18:46:07] [data] Done reading 605986 sentences
[2019-08-02 18:46:09] [data] Done shuffling 605986 sentences to temp files
[2019-08-02 18:52:46] Ep. 33 : Up. 146000 : Sen. 109,627 : Cost 22.75743484 : Time 908.47s : 5775.03 words/s
[2019-08-02 19:07:55] Ep. 33 : Up. 148000 : Sen. 358,715 : Cost 22.51354599 : Time 908.49s : 5783.05 words/s
[2019-08-02 19:20:25] Seen 565571 samples
[2019-08-02 19:20:25] Starting epoch 34
[2019-08-02 19:20:25] [data] Shuffling data
[2019-08-02 19:20:26] [data] Done reading 605986 sentences
[2019-08-02 19:20:27] [data] Done shuffling 605986 sentences to temp files
[2019-08-02 19:23:05] Ep. 34 : Up. 150000 : Sen. 43,555 : Cost 23.05236816 : Time 910.00s : 5798.46 words/s
[2019-08-02 19:38:01] Ep. 34 : Up. 152000 : Sen. 292,926 : Cost 22.19401169 : Time 896.35s : 5857.55 words/s
[2019-08-02 19:52:42] Ep. 34 : Up. 154000 : Sen. 542,864 : Cost 22.91900063 : Time 881.30s : 5987.77 words/s
[2019-08-02 19:54:03] Seen 565571 samples
[2019-08-02 19:54:03] Starting epoch 35
[2019-08-02 19:54:03] [data] Shuffling data
[2019-08-02 19:54:04] [data] Done reading 605986 sentences
[2019-08-02 19:54:06] [data] Done shuffling 605986 sentences to temp files
[2019-08-02 20:07:24] Ep. 35 : Up. 156000 : Sen. 226,609 : Cost 21.69181252 : Time 881.13s : 5969.65 words/s
[2019-08-02 20:21:58] Ep. 35 : Up. 158000 : Sen. 475,380 : Cost 22.31581306 : Time 874.62s : 5984.16 words/s
[2019-08-02 20:27:19] Seen 565571 samples
[2019-08-02 20:27:19] Starting epoch 36
[2019-08-02 20:27:19] [data] Shuffling data
[2019-08-02 20:27:19] [data] Done reading 605986 sentences
[2019-08-02 20:27:21] [data] Done shuffling 605986 sentences to temp files
[2019-08-02 20:36:39] Ep. 36 : Up. 160000 : Sen. 158,843 : Cost 21.90145683 : Time 880.52s : 5973.51 words/s
[2019-08-02 20:36:39] Saving model to ../experiments/10M_bicleaner_v1.1_+_ced_0.25_x_bic1.1_w3000/model/model.npz.orig.npz
[2019-08-02 20:36:48] Saving model to ../experiments/10M_bicleaner_v1.1_+_ced_0.25_x_bic1.1_w3000/model/model.iter160000.npz
[2019-08-02 20:36:55] Saving model to ../experiments/10M_bicleaner_v1.1_+_ced_0.25_x_bic1.1_w3000/model/model.npz
[2019-08-02 20:37:03] Saving Adam parameters to ../experiments/10M_bicleaner_v1.1_+_ced_0.25_x_bic1.1_w3000/model/model.npz.optimizer.npz
[2019-08-02 20:37:28] [valid] Ep. 36 : Up. 160000 : cross-entropy : 58.5976 : stalled 4 times (last best: 55.6595)
[2019-08-02 20:37:38] [valid] Ep. 36 : Up. 160000 : perplexity : 10.169 : stalled 4 times (last best: 9.05257)
[2019-08-02 20:39:01] [valid] Ep. 36 : Up. 160000 : translation : 27.2 : stalled 2 times (last best: 27.47)
[2019-08-02 20:53:48] Ep. 36 : Up. 162000 : Sen. 408,408 : Cost 21.97971916 : Time 1029.33s : 5106.24 words/s
[2019-08-02 21:03:02] Seen 565571 samples
[2019-08-02 21:03:02] Starting epoch 37
[2019-08-02 21:03:02] [data] Shuffling data
[2019-08-02 21:03:02] [data] Done reading 605986 sentences
[2019-08-02 21:03:05] [data] Done shuffling 605986 sentences to temp files
[2019-08-02 21:08:30] Ep. 37 : Up. 164000 : Sen. 92,341 : Cost 21.84998894 : Time 882.50s : 5965.92 words/s
[2019-08-02 21:23:13] Ep. 37 : Up. 166000 : Sen. 342,355 : Cost 21.41563606 : Time 882.70s : 5956.41 words/s
[2019-08-02 21:36:37] Seen 565571 samples
[2019-08-02 21:36:37] Starting epoch 38
[2019-08-02 21:36:37] [data] Shuffling data
[2019-08-02 21:36:38] [data] Done reading 605986 sentences
[2019-08-02 21:36:40] [data] Done shuffling 605986 sentences to temp files
[2019-08-02 21:38:12] Ep. 38 : Up. 168000 : Sen. 25,735 : Cost 21.99224472 : Time 898.34s : 5853.79 words/s
[2019-08-02 21:53:03] Ep. 38 : Up. 170000 : Sen. 275,098 : Cost 21.04839897 : Time 891.60s : 5897.30 words/s
[2019-08-02 22:07:42] Ep. 38 : Up. 172000 : Sen. 524,878 : Cost 21.69807243 : Time 879.19s : 5992.01 words/s
[2019-08-02 22:10:08] Seen 565571 samples
[2019-08-02 22:10:08] Starting epoch 39
[2019-08-02 22:10:08] [data] Shuffling data
[2019-08-02 22:10:08] [data] Done reading 605986 sentences
[2019-08-02 22:10:10] [data] Done shuffling 605986 sentences to temp files
[2019-08-02 22:22:38] Ep. 39 : Up. 174000 : Sen. 209,822 : Cost 20.96197701 : Time 895.88s : 5896.04 words/s
[2019-08-02 22:37:16] Ep. 39 : Up. 176000 : Sen. 458,609 : Cost 21.29294586 : Time 877.97s : 5973.02 words/s
[2019-08-02 22:43:34] Seen 565571 samples
[2019-08-02 22:43:34] Starting epoch 40
[2019-08-02 22:43:34] [data] Shuffling data
[2019-08-02 22:43:34] [data] Done reading 605986 sentences
[2019-08-02 22:43:36] [data] Done shuffling 605986 sentences to temp files
[2019-08-02 22:51:55] Ep. 40 : Up. 178000 : Sen. 141,351 : Cost 20.96294212 : Time 878.50s : 5965.67 words/s
[2019-08-02 23:06:32] Ep. 40 : Up. 180000 : Sen. 390,580 : Cost 20.96609116 : Time 877.59s : 5987.45 words/s
[2019-08-02 23:06:32] Saving model to ../experiments/10M_bicleaner_v1.1_+_ced_0.25_x_bic1.1_w3000/model/model.npz.orig.npz
[2019-08-02 23:06:40] Saving model to ../experiments/10M_bicleaner_v1.1_+_ced_0.25_x_bic1.1_w3000/model/model.iter180000.npz
[2019-08-02 23:06:47] Saving model to ../experiments/10M_bicleaner_v1.1_+_ced_0.25_x_bic1.1_w3000/model/model.npz
[2019-08-02 23:06:56] Saving Adam parameters to ../experiments/10M_bicleaner_v1.1_+_ced_0.25_x_bic1.1_w3000/model/model.npz.optimizer.npz
[2019-08-02 23:07:22] [valid] Ep. 40 : Up. 180000 : cross-entropy : 59.753 : stalled 5 times (last best: 55.6595)
[2019-08-02 23:07:32] [valid] Ep. 40 : Up. 180000 : perplexity : 10.6448 : stalled 5 times (last best: 9.05257)
[2019-08-02 23:08:55] [valid] Ep. 40 : Up. 180000 : translation : 27.04 : stalled 3 times (last best: 27.47)
[2019-08-02 23:08:57] Training finished
[2019-08-02 23:09:00] Saving model to ../experiments/10M_bicleaner_v1.1_+_ced_0.25_x_bic1.1_w3000/model/model.npz.orig.npz
[2019-08-02 23:09:09] Saving model to ../experiments/10M_bicleaner_v1.1_+_ced_0.25_x_bic1.1_w3000/model/model.npz
[2019-08-02 23:09:20] Saving Adam parameters to ../experiments/10M_bicleaner_v1.1_+_ced_0.25_x_bic1.1_w3000/model/model.npz.optimizer.npz
