[2019-08-07 00:39:09] [marian] Marian v1.7.8 ec2d66e 2019-05-27 14:52:11 +0100
[2019-08-07 00:39:09] [marian] Running on hodor as process 8391 with command line:
[2019-08-07 00:39:09] [marian] /fs/bil0/abdel/marian-dev/build/marian --sync-sgd --model ../experiments/100M_fasttext_prob_x_len_x_bic1.1_+_biced_0.25_x_bic1.1/model/model.npz -T . --devices 0 --train-sets ../experiments/100M_fasttext_prob_x_len_x_bic1.1_+_biced_0.25_x_bic1.1/data/train.bpe.de ../experiments/100M_fasttext_prob_x_len_x_bic1.1_+_biced_0.25_x_bic1.1/data/train.bpe.en --vocabs ../experiments/100M_fasttext_prob_x_len_x_bic1.1_+_biced_0.25_x_bic1.1/data/train.bpe.de.json ../experiments/100M_fasttext_prob_x_len_x_bic1.1_+_biced_0.25_x_bic1.1/data/train.bpe.en.json --mini-batch-fit -w 3000 --dim-vocabs 50000 50000 --layer-normalization --dropout-rnn 0.2 --dropout-src 0.1 --dropout-trg 0.1 --learn-rate 0.0001 --after-epochs 0 --early-stopping 5 --valid-freq 20000 --save-freq 20000 --disp-freq 2000 --valid-mini-batch 8 --valid-sets ../experiments/100M_fasttext_prob_x_len_x_bic1.1_+_biced_0.25_x_bic1.1/data/dev.bpe.de ../experiments/100M_fasttext_prob_x_len_x_bic1.1_+_biced_0.25_x_bic1.1/data/dev.bpe.en --valid-metrics cross-entropy perplexity translation --valid-translation-output ../experiments/100M_fasttext_prob_x_len_x_bic1.1_+_biced_0.25_x_bic1.1/model/dev.out --valid-script-path ../experiments/100M_fasttext_prob_x_len_x_bic1.1_+_biced_0.25_x_bic1.1/score-dev.sh --seed 1111 --exponential-smoothing --normalize=1 --beam-size=12 --quiet-translation --log ../experiments/100M_fasttext_prob_x_len_x_bic1.1_+_biced_0.25_x_bic1.1/model/train.log --valid-log ../experiments/100M_fasttext_prob_x_len_x_bic1.1_+_biced_0.25_x_bic1.1/model/valid.log
[2019-08-07 00:39:09] [config] after-batches: 0
[2019-08-07 00:39:09] [config] after-epochs: 0
[2019-08-07 00:39:09] [config] allow-unk: false
[2019-08-07 00:39:09] [config] beam-size: 12
[2019-08-07 00:39:09] [config] bert-class-symbol: "[CLS]"
[2019-08-07 00:39:09] [config] bert-mask-symbol: "[MASK]"
[2019-08-07 00:39:09] [config] bert-masking-fraction: 0.15
[2019-08-07 00:39:09] [config] bert-sep-symbol: "[SEP]"
[2019-08-07 00:39:09] [config] bert-train-type-embeddings: true
[2019-08-07 00:39:09] [config] bert-type-vocab-size: 2
[2019-08-07 00:39:09] [config] best-deep: false
[2019-08-07 00:39:09] [config] clip-gemm: 0
[2019-08-07 00:39:09] [config] clip-norm: 1
[2019-08-07 00:39:09] [config] cost-type: ce-mean
[2019-08-07 00:39:09] [config] cpu-threads: 0
[2019-08-07 00:39:09] [config] data-weighting: ""
[2019-08-07 00:39:09] [config] data-weighting-type: sentence
[2019-08-07 00:39:09] [config] dec-cell: gru
[2019-08-07 00:39:09] [config] dec-cell-base-depth: 2
[2019-08-07 00:39:09] [config] dec-cell-high-depth: 1
[2019-08-07 00:39:09] [config] dec-depth: 1
[2019-08-07 00:39:09] [config] devices:
[2019-08-07 00:39:09] [config]   - 0
[2019-08-07 00:39:09] [config] dim-emb: 512
[2019-08-07 00:39:09] [config] dim-rnn: 1024
[2019-08-07 00:39:09] [config] dim-vocabs:
[2019-08-07 00:39:09] [config]   - 50000
[2019-08-07 00:39:09] [config]   - 50000
[2019-08-07 00:39:09] [config] disp-first: 0
[2019-08-07 00:39:09] [config] disp-freq: 2000
[2019-08-07 00:39:09] [config] disp-label-counts: false
[2019-08-07 00:39:09] [config] dropout-rnn: 0.2
[2019-08-07 00:39:09] [config] dropout-src: 0.1
[2019-08-07 00:39:09] [config] dropout-trg: 0.1
[2019-08-07 00:39:09] [config] dump-config: ""
[2019-08-07 00:39:09] [config] early-stopping: 5
[2019-08-07 00:39:09] [config] embedding-fix-src: false
[2019-08-07 00:39:09] [config] embedding-fix-trg: false
[2019-08-07 00:39:09] [config] embedding-normalization: false
[2019-08-07 00:39:09] [config] embedding-vectors:
[2019-08-07 00:39:09] [config]   []
[2019-08-07 00:39:09] [config] enc-cell: gru
[2019-08-07 00:39:09] [config] enc-cell-depth: 1
[2019-08-07 00:39:09] [config] enc-depth: 1
[2019-08-07 00:39:09] [config] enc-type: bidirectional
[2019-08-07 00:39:09] [config] exponential-smoothing: 0.0001
[2019-08-07 00:39:09] [config] grad-dropping-momentum: 0
[2019-08-07 00:39:09] [config] grad-dropping-rate: 0
[2019-08-07 00:39:09] [config] grad-dropping-warmup: 100
[2019-08-07 00:39:09] [config] guided-alignment: none
[2019-08-07 00:39:09] [config] guided-alignment-cost: mse
[2019-08-07 00:39:09] [config] guided-alignment-weight: 0.1
[2019-08-07 00:39:09] [config] ignore-model-config: false
[2019-08-07 00:39:09] [config] input-types:
[2019-08-07 00:39:09] [config]   []
[2019-08-07 00:39:09] [config] interpolate-env-vars: false
[2019-08-07 00:39:09] [config] keep-best: false
[2019-08-07 00:39:09] [config] label-smoothing: 0
[2019-08-07 00:39:09] [config] layer-normalization: true
[2019-08-07 00:39:09] [config] learn-rate: 0.0001
[2019-08-07 00:39:09] [config] log: ../experiments/100M_fasttext_prob_x_len_x_bic1.1_+_biced_0.25_x_bic1.1/model/train.log
[2019-08-07 00:39:09] [config] log-level: info
[2019-08-07 00:39:09] [config] log-time-zone: ""
[2019-08-07 00:39:09] [config] lr-decay: 0
[2019-08-07 00:39:09] [config] lr-decay-freq: 50000
[2019-08-07 00:39:09] [config] lr-decay-inv-sqrt:
[2019-08-07 00:39:09] [config]   - 0
[2019-08-07 00:39:09] [config] lr-decay-repeat-warmup: false
[2019-08-07 00:39:09] [config] lr-decay-reset-optimizer: false
[2019-08-07 00:39:09] [config] lr-decay-start:
[2019-08-07 00:39:09] [config]   - 10
[2019-08-07 00:39:09] [config]   - 1
[2019-08-07 00:39:09] [config] lr-decay-strategy: epoch+stalled
[2019-08-07 00:39:09] [config] lr-report: false
[2019-08-07 00:39:09] [config] lr-warmup: 0
[2019-08-07 00:39:09] [config] lr-warmup-at-reload: false
[2019-08-07 00:39:09] [config] lr-warmup-cycle: false
[2019-08-07 00:39:09] [config] lr-warmup-start-rate: 0
[2019-08-07 00:39:09] [config] max-length: 50
[2019-08-07 00:39:09] [config] max-length-crop: false
[2019-08-07 00:39:09] [config] max-length-factor: 3
[2019-08-07 00:39:09] [config] maxi-batch: 100
[2019-08-07 00:39:09] [config] maxi-batch-sort: trg
[2019-08-07 00:39:09] [config] mini-batch: 64
[2019-08-07 00:39:09] [config] mini-batch-fit: true
[2019-08-07 00:39:09] [config] mini-batch-fit-step: 10
[2019-08-07 00:39:09] [config] mini-batch-overstuff: 1
[2019-08-07 00:39:09] [config] mini-batch-track-lr: false
[2019-08-07 00:39:09] [config] mini-batch-understuff: 1
[2019-08-07 00:39:09] [config] mini-batch-warmup: 0
[2019-08-07 00:39:09] [config] mini-batch-words: 0
[2019-08-07 00:39:09] [config] mini-batch-words-ref: 0
[2019-08-07 00:39:09] [config] model: ../experiments/100M_fasttext_prob_x_len_x_bic1.1_+_biced_0.25_x_bic1.1/model/model.npz
[2019-08-07 00:39:09] [config] multi-loss-type: sum
[2019-08-07 00:39:09] [config] multi-node: false
[2019-08-07 00:39:09] [config] multi-node-overlap: true
[2019-08-07 00:39:09] [config] n-best: false
[2019-08-07 00:39:09] [config] no-nccl: false
[2019-08-07 00:39:09] [config] no-reload: false
[2019-08-07 00:39:09] [config] no-restore-corpus: false
[2019-08-07 00:39:09] [config] no-shuffle: false
[2019-08-07 00:39:09] [config] normalize: 1
[2019-08-07 00:39:09] [config] num-devices: 0
[2019-08-07 00:39:09] [config] optimizer: adam
[2019-08-07 00:39:09] [config] optimizer-delay: 1
[2019-08-07 00:39:09] [config] optimizer-params:
[2019-08-07 00:39:09] [config]   []
[2019-08-07 00:39:09] [config] overwrite: false
[2019-08-07 00:39:09] [config] pretrained-model: ""
[2019-08-07 00:39:09] [config] quiet: false
[2019-08-07 00:39:09] [config] quiet-translation: true
[2019-08-07 00:39:09] [config] relative-paths: false
[2019-08-07 00:39:09] [config] right-left: false
[2019-08-07 00:39:09] [config] save-freq: 20000
[2019-08-07 00:39:09] [config] seed: 1111
[2019-08-07 00:39:09] [config] shuffle-in-ram: false
[2019-08-07 00:39:09] [config] skip: false
[2019-08-07 00:39:09] [config] sqlite: ""
[2019-08-07 00:39:09] [config] sqlite-drop: false
[2019-08-07 00:39:09] [config] sync-sgd: true
[2019-08-07 00:39:09] [config] tempdir: .
[2019-08-07 00:39:09] [config] tied-embeddings: false
[2019-08-07 00:39:09] [config] tied-embeddings-all: false
[2019-08-07 00:39:09] [config] tied-embeddings-src: false
[2019-08-07 00:39:09] [config] train-sets:
[2019-08-07 00:39:09] [config]   - ../experiments/100M_fasttext_prob_x_len_x_bic1.1_+_biced_0.25_x_bic1.1/data/train.bpe.de
[2019-08-07 00:39:09] [config]   - ../experiments/100M_fasttext_prob_x_len_x_bic1.1_+_biced_0.25_x_bic1.1/data/train.bpe.en
[2019-08-07 00:39:09] [config] transformer-aan-activation: swish
[2019-08-07 00:39:09] [config] transformer-aan-depth: 2
[2019-08-07 00:39:09] [config] transformer-aan-nogate: false
[2019-08-07 00:39:09] [config] transformer-decoder-autoreg: self-attention
[2019-08-07 00:39:09] [config] transformer-dim-aan: 2048
[2019-08-07 00:39:09] [config] transformer-dim-ffn: 2048
[2019-08-07 00:39:09] [config] transformer-dropout: 0
[2019-08-07 00:39:09] [config] transformer-dropout-attention: 0
[2019-08-07 00:39:09] [config] transformer-dropout-ffn: 0
[2019-08-07 00:39:09] [config] transformer-ffn-activation: swish
[2019-08-07 00:39:09] [config] transformer-ffn-depth: 2
[2019-08-07 00:39:09] [config] transformer-guided-alignment-layer: last
[2019-08-07 00:39:09] [config] transformer-heads: 8
[2019-08-07 00:39:09] [config] transformer-no-projection: false
[2019-08-07 00:39:09] [config] transformer-postprocess: dan
[2019-08-07 00:39:09] [config] transformer-postprocess-emb: d
[2019-08-07 00:39:09] [config] transformer-preprocess: ""
[2019-08-07 00:39:09] [config] transformer-tied-layers:
[2019-08-07 00:39:09] [config]   []
[2019-08-07 00:39:09] [config] transformer-train-position-embeddings: false
[2019-08-07 00:39:09] [config] type: amun
[2019-08-07 00:39:09] [config] ulr: false
[2019-08-07 00:39:09] [config] ulr-dim-emb: 0
[2019-08-07 00:39:09] [config] ulr-dropout: 0
[2019-08-07 00:39:09] [config] ulr-keys-vectors: ""
[2019-08-07 00:39:09] [config] ulr-query-vectors: ""
[2019-08-07 00:39:09] [config] ulr-softmax-temperature: 1
[2019-08-07 00:39:09] [config] ulr-trainable-transformation: false
[2019-08-07 00:39:09] [config] valid-freq: 20000
[2019-08-07 00:39:09] [config] valid-log: ../experiments/100M_fasttext_prob_x_len_x_bic1.1_+_biced_0.25_x_bic1.1/model/valid.log
[2019-08-07 00:39:09] [config] valid-max-length: 1000
[2019-08-07 00:39:09] [config] valid-metrics:
[2019-08-07 00:39:09] [config]   - cross-entropy
[2019-08-07 00:39:09] [config]   - perplexity
[2019-08-07 00:39:09] [config]   - translation
[2019-08-07 00:39:09] [config] valid-mini-batch: 8
[2019-08-07 00:39:09] [config] valid-script-path: ../experiments/100M_fasttext_prob_x_len_x_bic1.1_+_biced_0.25_x_bic1.1/score-dev.sh
[2019-08-07 00:39:09] [config] valid-sets:
[2019-08-07 00:39:09] [config]   - ../experiments/100M_fasttext_prob_x_len_x_bic1.1_+_biced_0.25_x_bic1.1/data/dev.bpe.de
[2019-08-07 00:39:09] [config]   - ../experiments/100M_fasttext_prob_x_len_x_bic1.1_+_biced_0.25_x_bic1.1/data/dev.bpe.en
[2019-08-07 00:39:09] [config] valid-translation-output: ../experiments/100M_fasttext_prob_x_len_x_bic1.1_+_biced_0.25_x_bic1.1/model/dev.out
[2019-08-07 00:39:09] [config] vocabs:
[2019-08-07 00:39:09] [config]   - ../experiments/100M_fasttext_prob_x_len_x_bic1.1_+_biced_0.25_x_bic1.1/data/train.bpe.de.json
[2019-08-07 00:39:09] [config]   - ../experiments/100M_fasttext_prob_x_len_x_bic1.1_+_biced_0.25_x_bic1.1/data/train.bpe.en.json
[2019-08-07 00:39:09] [config] word-penalty: 0
[2019-08-07 00:39:09] [config] workspace: 3000
[2019-08-07 00:39:09] [config] Model is being created with Marian v1.7.8 ec2d66e 2019-05-27 14:52:11 +0100
[2019-08-07 00:39:09] Using synchronous training
[2019-08-07 00:39:09] [data] Loading vocabulary from JSON/Yaml file ../experiments/100M_fasttext_prob_x_len_x_bic1.1_+_biced_0.25_x_bic1.1/data/train.bpe.de.json
[2019-08-07 00:39:10] [data] Using unused word id eos for 0
[2019-08-07 00:39:10] [data] Using unused word id UNK for 1
[2019-08-07 00:39:10] [data] Setting vocabulary size for input 0 to 50000
[2019-08-07 00:39:10] [data] Loading vocabulary from JSON/Yaml file ../experiments/100M_fasttext_prob_x_len_x_bic1.1_+_biced_0.25_x_bic1.1/data/train.bpe.en.json
[2019-08-07 00:39:10] [data] Using unused word id eos for 0
[2019-08-07 00:39:10] [data] Using unused word id UNK for 1
[2019-08-07 00:39:10] [data] Setting vocabulary size for input 1 to 50000
[2019-08-07 00:39:10] Compiled without MPI support. Falling back to FakeMPIWrapper
[2019-08-07 00:39:10] [batching] Collecting statistics for batch fitting with step size 10
[2019-08-07 00:39:11] [memory] Extending reserved space to 3072 MB (device gpu0)
[2019-08-07 00:39:11] [comm] Using NCCL 2.4.2 for GPU communication
[2019-08-07 00:39:11] [comm] NCCLCommunicator constructed successfully.
[2019-08-07 00:39:11] [training] Using 1 GPUs
[2019-08-07 00:39:11] [memory] Reserving 422 MB, device gpu0
[2019-08-07 00:39:11] [gpu] 16-bit TensorCores enabled for float32 matrix operations
[2019-08-07 00:39:11] [memory] Reserving 422 MB, device gpu0
[2019-08-07 00:39:16] [batching] Done. Typical MB size is 4042 target words
[2019-08-07 00:39:16] [memory] Extending reserved space to 3072 MB (device gpu0)
[2019-08-07 00:39:16] [comm] Using NCCL 2.4.2 for GPU communication
[2019-08-07 00:39:16] [comm] NCCLCommunicator constructed successfully.
[2019-08-07 00:39:16] [training] Using 1 GPUs
[2019-08-07 00:39:16] Training started
[2019-08-07 00:39:16] [data] Shuffling data
[2019-08-07 00:39:19] [data] Done reading 4253753 sentences
[2019-08-07 00:39:45] [data] Done shuffling 4253753 sentences to temp files
[2019-08-07 00:39:47] [training] Batches are processed as 1 process(es) x 1 devices/process
[2019-08-07 00:39:47] [memory] Reserving 422 MB, device gpu0
[2019-08-07 00:39:47] [memory] Reserving 422 MB, device gpu0
[2019-08-07 00:39:47] [memory] Reserving 422 MB, device gpu0
[2019-08-07 00:39:47] [memory] Reserving 844 MB, device gpu0
[2019-08-07 00:49:16] Ep. 1 : Up. 2000 : Sen. 203,939 : Cost 153.13655090 : Time 605.84s : 8212.83 words/s
[2019-08-07 00:58:49] Ep. 1 : Up. 4000 : Sen. 407,503 : Cost 126.96882629 : Time 573.61s : 8671.83 words/s
[2019-08-07 01:08:19] Ep. 1 : Up. 6000 : Sen. 609,643 : Cost 112.56719971 : Time 569.37s : 8685.58 words/s
[2019-08-07 01:17:53] Ep. 1 : Up. 8000 : Sen. 812,722 : Cost 102.09125519 : Time 574.45s : 8647.13 words/s
[2019-08-07 01:27:24] Ep. 1 : Up. 10000 : Sen. 1,015,272 : Cost 94.88975525 : Time 570.82s : 8683.04 words/s
[2019-08-07 01:36:55] Ep. 1 : Up. 12000 : Sen. 1,217,260 : Cost 89.52678680 : Time 570.72s : 8655.75 words/s
[2019-08-07 01:46:25] Ep. 1 : Up. 14000 : Sen. 1,419,193 : Cost 85.84445190 : Time 570.13s : 8650.71 words/s
[2019-08-07 01:55:58] Ep. 1 : Up. 16000 : Sen. 1,622,791 : Cost 83.19249725 : Time 573.43s : 8686.87 words/s
[2019-08-07 02:05:29] Ep. 1 : Up. 18000 : Sen. 1,825,877 : Cost 80.15825653 : Time 570.36s : 8679.42 words/s
[2019-08-07 02:15:02] Ep. 1 : Up. 20000 : Sen. 2,029,123 : Cost 78.43664551 : Time 573.88s : 8656.21 words/s
[2019-08-07 02:15:02] Saving model to ../experiments/100M_fasttext_prob_x_len_x_bic1.1_+_biced_0.25_x_bic1.1/model/model.npz.orig.npz
[2019-08-07 02:15:11] Saving model to ../experiments/100M_fasttext_prob_x_len_x_bic1.1_+_biced_0.25_x_bic1.1/model/model.iter20000.npz
[2019-08-07 02:15:18] Saving model to ../experiments/100M_fasttext_prob_x_len_x_bic1.1_+_biced_0.25_x_bic1.1/model/model.npz
[2019-08-07 02:15:27] Saving Adam parameters to ../experiments/100M_fasttext_prob_x_len_x_bic1.1_+_biced_0.25_x_bic1.1/model/model.npz.optimizer.npz
[2019-08-07 02:15:52] [valid] Ep. 1 : Up. 20000 : cross-entropy : 65.6173 : new best
[2019-08-07 02:16:00] [valid] Ep. 1 : Up. 20000 : perplexity : 13.3522 : new best
[2019-08-07 02:17:41] [valid] Ep. 1 : Up. 20000 : translation : 16.17 : new best
[2019-08-07 02:27:16] Ep. 1 : Up. 22000 : Sen. 2,232,044 : Cost 76.71975708 : Time 734.08s : 6761.07 words/s
[2019-08-07 02:36:52] Ep. 1 : Up. 24000 : Sen. 2,435,893 : Cost 74.90145874 : Time 575.20s : 8641.81 words/s
[2019-08-07 02:46:27] Ep. 1 : Up. 26000 : Sen. 2,638,868 : Cost 74.21175385 : Time 574.93s : 8665.95 words/s
[2019-08-07 02:56:00] Ep. 1 : Up. 28000 : Sen. 2,842,545 : Cost 72.68499756 : Time 573.39s : 8689.43 words/s
[2019-08-07 03:05:32] Ep. 1 : Up. 30000 : Sen. 3,044,796 : Cost 71.72647095 : Time 571.63s : 8641.16 words/s
[2019-08-07 03:15:05] Ep. 1 : Up. 32000 : Sen. 3,247,859 : Cost 70.72431946 : Time 573.68s : 8650.17 words/s
[2019-08-07 03:24:41] Ep. 1 : Up. 34000 : Sen. 3,451,209 : Cost 70.00851440 : Time 575.84s : 8616.01 words/s
[2019-08-07 03:24:53] Seen 3455281 samples
[2019-08-07 03:24:53] Starting epoch 2
[2019-08-07 03:24:53] [data] Shuffling data
[2019-08-07 03:24:56] [data] Done reading 4253753 sentences
[2019-08-07 03:25:11] [data] Done shuffling 4253753 sentences to temp files
[2019-08-07 03:34:37] Ep. 2 : Up. 36000 : Sen. 198,478 : Cost 68.49228668 : Time 596.05s : 8312.98 words/s
[2019-08-07 03:44:11] Ep. 2 : Up. 38000 : Sen. 400,951 : Cost 67.78134155 : Time 573.62s : 8625.47 words/s
[2019-08-07 03:53:42] Ep. 2 : Up. 40000 : Sen. 604,696 : Cost 67.20963287 : Time 571.32s : 8699.12 words/s
[2019-08-07 03:53:42] Saving model to ../experiments/100M_fasttext_prob_x_len_x_bic1.1_+_biced_0.25_x_bic1.1/model/model.npz.orig.npz
[2019-08-07 03:53:51] Saving model to ../experiments/100M_fasttext_prob_x_len_x_bic1.1_+_biced_0.25_x_bic1.1/model/model.iter40000.npz
[2019-08-07 03:53:58] Saving model to ../experiments/100M_fasttext_prob_x_len_x_bic1.1_+_biced_0.25_x_bic1.1/model/model.npz
[2019-08-07 03:54:07] Saving Adam parameters to ../experiments/100M_fasttext_prob_x_len_x_bic1.1_+_biced_0.25_x_bic1.1/model/model.npz.optimizer.npz
[2019-08-07 03:54:32] [valid] Ep. 2 : Up. 40000 : cross-entropy : 53.7062 : new best
[2019-08-07 03:54:40] [valid] Ep. 2 : Up. 40000 : perplexity : 8.34139 : new best
[2019-08-07 03:56:07] [valid] Ep. 2 : Up. 40000 : translation : 21.46 : new best
[2019-08-07 04:05:43] Ep. 2 : Up. 42000 : Sen. 806,987 : Cost 66.80658722 : Time 720.96s : 6861.04 words/s
[2019-08-07 04:15:14] Ep. 2 : Up. 44000 : Sen. 1,008,862 : Cost 66.48285675 : Time 571.01s : 8649.76 words/s
[2019-08-07 04:24:46] Ep. 2 : Up. 46000 : Sen. 1,211,358 : Cost 65.88111877 : Time 571.49s : 8666.36 words/s
[2019-08-07 04:34:18] Ep. 2 : Up. 48000 : Sen. 1,414,478 : Cost 65.29702759 : Time 572.45s : 8664.05 words/s
[2019-08-07 04:43:50] Ep. 2 : Up. 50000 : Sen. 1,617,672 : Cost 64.74040222 : Time 571.73s : 8675.97 words/s
[2019-08-07 04:53:25] Ep. 2 : Up. 52000 : Sen. 1,821,247 : Cost 64.49691010 : Time 575.64s : 8645.45 words/s
[2019-08-07 05:03:00] Ep. 2 : Up. 54000 : Sen. 2,024,138 : Cost 64.10593414 : Time 574.81s : 8626.34 words/s
[2019-08-07 05:12:38] Ep. 2 : Up. 56000 : Sen. 2,226,730 : Cost 64.05712891 : Time 577.87s : 8599.40 words/s
[2019-08-07 05:22:11] Ep. 2 : Up. 58000 : Sen. 2,430,534 : Cost 63.42755127 : Time 572.97s : 8679.83 words/s
[2019-08-07 05:31:44] Ep. 2 : Up. 60000 : Sen. 2,633,159 : Cost 63.21383667 : Time 572.71s : 8635.39 words/s
[2019-08-07 05:31:44] Saving model to ../experiments/100M_fasttext_prob_x_len_x_bic1.1_+_biced_0.25_x_bic1.1/model/model.npz.orig.npz
[2019-08-07 05:31:53] Saving model to ../experiments/100M_fasttext_prob_x_len_x_bic1.1_+_biced_0.25_x_bic1.1/model/model.iter60000.npz
[2019-08-07 05:32:00] Saving model to ../experiments/100M_fasttext_prob_x_len_x_bic1.1_+_biced_0.25_x_bic1.1/model/model.npz
[2019-08-07 05:32:09] Saving Adam parameters to ../experiments/100M_fasttext_prob_x_len_x_bic1.1_+_biced_0.25_x_bic1.1/model/model.npz.optimizer.npz
[2019-08-07 05:32:34] [valid] Ep. 2 : Up. 60000 : cross-entropy : 48.8474 : new best
[2019-08-07 05:32:41] [valid] Ep. 2 : Up. 60000 : perplexity : 6.88484 : new best
[2019-08-07 05:34:07] [valid] Ep. 2 : Up. 60000 : translation : 23.58 : new best
[2019-08-07 05:43:46] Ep. 2 : Up. 62000 : Sen. 2,836,195 : Cost 63.20253372 : Time 722.15s : 6885.31 words/s
[2019-08-07 05:53:18] Ep. 2 : Up. 64000 : Sen. 3,039,350 : Cost 62.47456360 : Time 571.65s : 8672.76 words/s
[2019-08-07 06:02:53] Ep. 2 : Up. 66000 : Sen. 3,241,990 : Cost 62.30503464 : Time 575.53s : 8600.11 words/s
[2019-08-07 06:12:25] Ep. 2 : Up. 68000 : Sen. 3,444,885 : Cost 62.19703293 : Time 571.47s : 8673.62 words/s
[2019-08-07 06:12:55] Seen 3455281 samples
[2019-08-07 06:12:55] Starting epoch 3
[2019-08-07 06:12:55] [data] Shuffling data
[2019-08-07 06:12:58] [data] Done reading 4253753 sentences
[2019-08-07 06:13:18] [data] Done shuffling 4253753 sentences to temp files
[2019-08-07 06:22:22] Ep. 3 : Up. 70000 : Sen. 191,098 : Cost 60.94670486 : Time 597.37s : 8261.84 words/s
[2019-08-07 06:31:57] Ep. 3 : Up. 72000 : Sen. 394,549 : Cost 60.43207932 : Time 575.34s : 8633.25 words/s
[2019-08-07 06:41:32] Ep. 3 : Up. 74000 : Sen. 597,627 : Cost 60.46708298 : Time 574.37s : 8663.74 words/s
[2019-08-07 06:51:07] Ep. 3 : Up. 76000 : Sen. 802,345 : Cost 60.07758331 : Time 575.42s : 8681.52 words/s
[2019-08-07 07:00:45] Ep. 3 : Up. 78000 : Sen. 1,005,663 : Cost 60.34724808 : Time 577.65s : 8626.41 words/s
[2019-08-07 07:10:20] Ep. 3 : Up. 80000 : Sen. 1,209,522 : Cost 59.82412338 : Time 575.27s : 8641.33 words/s
[2019-08-07 07:10:20] Saving model to ../experiments/100M_fasttext_prob_x_len_x_bic1.1_+_biced_0.25_x_bic1.1/model/model.npz.orig.npz
[2019-08-07 07:10:29] Saving model to ../experiments/100M_fasttext_prob_x_len_x_bic1.1_+_biced_0.25_x_bic1.1/model/model.iter80000.npz
[2019-08-07 07:10:37] Saving model to ../experiments/100M_fasttext_prob_x_len_x_bic1.1_+_biced_0.25_x_bic1.1/model/model.npz
[2019-08-07 07:10:46] Saving Adam parameters to ../experiments/100M_fasttext_prob_x_len_x_bic1.1_+_biced_0.25_x_bic1.1/model/model.npz.optimizer.npz
[2019-08-07 07:11:11] [valid] Ep. 3 : Up. 80000 : cross-entropy : 46.1807 : new best
[2019-08-07 07:11:19] [valid] Ep. 3 : Up. 80000 : perplexity : 6.19657 : new best
[2019-08-07 07:12:40] [valid] Ep. 3 : Up. 80000 : translation : 24.75 : new best
[2019-08-07 07:22:19] Ep. 3 : Up. 82000 : Sen. 1,413,044 : Cost 59.98417282 : Time 719.08s : 6923.13 words/s
[2019-08-07 07:31:50] Ep. 3 : Up. 84000 : Sen. 1,615,442 : Cost 59.88059235 : Time 570.39s : 8676.16 words/s
[2019-08-07 07:41:21] Ep. 3 : Up. 86000 : Sen. 1,818,271 : Cost 59.40106583 : Time 571.49s : 8664.66 words/s
[2019-08-07 07:50:54] Ep. 3 : Up. 88000 : Sen. 2,021,716 : Cost 59.52351379 : Time 573.46s : 8659.43 words/s
[2019-08-07 08:00:28] Ep. 3 : Up. 90000 : Sen. 2,224,204 : Cost 59.31043625 : Time 573.10s : 8631.89 words/s
[2019-08-07 08:10:03] Ep. 3 : Up. 92000 : Sen. 2,427,827 : Cost 59.23733521 : Time 575.90s : 8626.37 words/s
[2019-08-07 08:19:39] Ep. 3 : Up. 94000 : Sen. 2,630,913 : Cost 58.98618698 : Time 575.46s : 8624.55 words/s
[2019-08-07 08:29:16] Ep. 3 : Up. 96000 : Sen. 2,834,247 : Cost 58.87537384 : Time 577.19s : 8607.95 words/s
[2019-08-07 08:38:47] Ep. 3 : Up. 98000 : Sen. 3,036,745 : Cost 58.79445267 : Time 570.82s : 8685.23 words/s
[2019-08-07 08:48:23] Ep. 3 : Up. 100000 : Sen. 3,239,395 : Cost 58.70785522 : Time 576.11s : 8593.78 words/s
[2019-08-07 08:48:23] Saving model to ../experiments/100M_fasttext_prob_x_len_x_bic1.1_+_biced_0.25_x_bic1.1/model/model.npz.orig.npz
[2019-08-07 08:48:32] Saving model to ../experiments/100M_fasttext_prob_x_len_x_bic1.1_+_biced_0.25_x_bic1.1/model/model.iter100000.npz
[2019-08-07 08:48:39] Saving model to ../experiments/100M_fasttext_prob_x_len_x_bic1.1_+_biced_0.25_x_bic1.1/model/model.npz
[2019-08-07 08:48:48] Saving Adam parameters to ../experiments/100M_fasttext_prob_x_len_x_bic1.1_+_biced_0.25_x_bic1.1/model/model.npz.optimizer.npz
[2019-08-07 08:49:13] [valid] Ep. 3 : Up. 100000 : cross-entropy : 44.3881 : new best
[2019-08-07 08:49:21] [valid] Ep. 3 : Up. 100000 : perplexity : 5.773 : new best
[2019-08-07 08:50:40] [valid] Ep. 3 : Up. 100000 : translation : 26.24 : new best
[2019-08-07 09:00:16] Ep. 3 : Up. 102000 : Sen. 3,442,495 : Cost 58.40093994 : Time 712.82s : 6965.88 words/s
[2019-08-07 09:00:53] Seen 3455281 samples
[2019-08-07 09:00:53] Starting epoch 4
[2019-08-07 09:00:53] [data] Shuffling data
[2019-08-07 09:00:56] [data] Done reading 4253753 sentences
[2019-08-07 09:01:14] [data] Done shuffling 4253753 sentences to temp files
[2019-08-07 09:10:13] Ep. 4 : Up. 104000 : Sen. 190,238 : Cost 56.89822769 : Time 597.63s : 8303.15 words/s
[2019-08-07 09:19:45] Ep. 4 : Up. 106000 : Sen. 393,650 : Cost 56.98742294 : Time 571.28s : 8696.92 words/s
[2019-08-07 09:29:19] Ep. 4 : Up. 108000 : Sen. 596,383 : Cost 56.78260040 : Time 574.05s : 8634.76 words/s
[2019-08-07 09:38:56] Ep. 4 : Up. 110000 : Sen. 799,291 : Cost 57.05679321 : Time 576.87s : 8605.56 words/s
[2019-08-07 09:48:29] Ep. 4 : Up. 112000 : Sen. 1,003,054 : Cost 56.63758850 : Time 573.55s : 8652.25 words/s
[2019-08-07 09:58:04] Ep. 4 : Up. 114000 : Sen. 1,205,163 : Cost 56.95043945 : Time 575.22s : 8603.43 words/s
[2019-08-07 10:07:39] Ep. 4 : Up. 116000 : Sen. 1,408,078 : Cost 56.80448151 : Time 574.36s : 8636.99 words/s
[2019-08-07 10:17:12] Ep. 4 : Up. 118000 : Sen. 1,610,493 : Cost 56.99521255 : Time 572.70s : 8650.87 words/s
[2019-08-07 10:26:43] Ep. 4 : Up. 120000 : Sen. 1,813,379 : Cost 56.69092941 : Time 571.18s : 8668.90 words/s
[2019-08-07 10:26:43] Saving model to ../experiments/100M_fasttext_prob_x_len_x_bic1.1_+_biced_0.25_x_bic1.1/model/model.npz.orig.npz
[2019-08-07 10:26:52] Saving model to ../experiments/100M_fasttext_prob_x_len_x_bic1.1_+_biced_0.25_x_bic1.1/model/model.iter120000.npz
[2019-08-07 10:26:59] Saving model to ../experiments/100M_fasttext_prob_x_len_x_bic1.1_+_biced_0.25_x_bic1.1/model/model.npz
[2019-08-07 10:27:08] Saving Adam parameters to ../experiments/100M_fasttext_prob_x_len_x_bic1.1_+_biced_0.25_x_bic1.1/model/model.npz.optimizer.npz
[2019-08-07 10:27:34] [valid] Ep. 4 : Up. 120000 : cross-entropy : 43.1827 : new best
[2019-08-07 10:27:42] [valid] Ep. 4 : Up. 120000 : perplexity : 5.50459 : new best
[2019-08-07 10:28:59] [valid] Ep. 4 : Up. 120000 : translation : 26.85 : new best
[2019-08-07 10:38:33] Ep. 4 : Up. 122000 : Sen. 2,016,000 : Cost 56.75384140 : Time 710.58s : 6972.42 words/s
[2019-08-07 10:48:05] Ep. 4 : Up. 124000 : Sen. 2,218,811 : Cost 56.63934326 : Time 571.67s : 8671.13 words/s
[2019-08-07 10:57:40] Ep. 4 : Up. 126000 : Sen. 2,421,327 : Cost 56.86657333 : Time 575.03s : 8621.68 words/s
[2019-08-07 11:07:16] Ep. 4 : Up. 128000 : Sen. 2,625,774 : Cost 56.48094940 : Time 575.66s : 8674.33 words/s
[2019-08-07 11:16:46] Ep. 4 : Up. 130000 : Sen. 2,828,103 : Cost 56.51245880 : Time 570.39s : 8679.39 words/s
[2019-08-07 11:26:22] Ep. 4 : Up. 132000 : Sen. 3,032,081 : Cost 56.33373260 : Time 576.05s : 8645.27 words/s
[2019-08-07 11:36:00] Ep. 4 : Up. 134000 : Sen. 3,235,888 : Cost 56.29554367 : Time 578.26s : 8612.91 words/s
[2019-08-07 11:45:36] Ep. 4 : Up. 136000 : Sen. 3,438,985 : Cost 56.47728348 : Time 575.27s : 8627.73 words/s
[2019-08-07 11:46:21] Seen 3455281 samples
[2019-08-07 11:46:21] Starting epoch 5
[2019-08-07 11:46:21] [data] Shuffling data
[2019-08-07 11:46:24] [data] Done reading 4253753 sentences
[2019-08-07 11:46:45] [data] Done shuffling 4253753 sentences to temp files
[2019-08-07 11:55:36] Ep. 5 : Up. 138000 : Sen. 185,887 : Cost 54.93453979 : Time 600.18s : 8240.56 words/s
[2019-08-07 12:05:16] Ep. 5 : Up. 140000 : Sen. 389,610 : Cost 54.95329285 : Time 579.92s : 8596.11 words/s
[2019-08-07 12:05:16] Saving model to ../experiments/100M_fasttext_prob_x_len_x_bic1.1_+_biced_0.25_x_bic1.1/model/model.npz.orig.npz
[2019-08-07 12:05:24] Saving model to ../experiments/100M_fasttext_prob_x_len_x_bic1.1_+_biced_0.25_x_bic1.1/model/model.iter140000.npz
[2019-08-07 12:05:31] Saving model to ../experiments/100M_fasttext_prob_x_len_x_bic1.1_+_biced_0.25_x_bic1.1/model/model.npz
[2019-08-07 12:05:40] Saving Adam parameters to ../experiments/100M_fasttext_prob_x_len_x_bic1.1_+_biced_0.25_x_bic1.1/model/model.npz.optimizer.npz
[2019-08-07 15:47:05] [marian] Marian v1.7.8 ec2d66e 2019-05-27 14:52:11 +0100
[2019-08-07 15:47:05] [marian] Running on hodor as process 51054 with command line:
[2019-08-07 15:47:05] [marian] /fs/bil0/abdel/marian-dev/build/marian --sync-sgd --model ../experiments/100M_fasttext_prob_x_len_x_bic1.1_+_biced_0.25_x_bic1.1/model/model.npz -T . --devices 0 --train-sets ../experiments/100M_fasttext_prob_x_len_x_bic1.1_+_biced_0.25_x_bic1.1/data/train.bpe.de ../experiments/100M_fasttext_prob_x_len_x_bic1.1_+_biced_0.25_x_bic1.1/data/train.bpe.en --vocabs ../experiments/100M_fasttext_prob_x_len_x_bic1.1_+_biced_0.25_x_bic1.1/data/train.bpe.de.json ../experiments/100M_fasttext_prob_x_len_x_bic1.1_+_biced_0.25_x_bic1.1/data/train.bpe.en.json --mini-batch-fit -w 3000 --dim-vocabs 50000 50000 --layer-normalization --dropout-rnn 0.2 --dropout-src 0.1 --dropout-trg 0.1 --learn-rate 0.0001 --after-epochs 0 --early-stopping 5 --valid-freq 20000 --save-freq 20000 --disp-freq 2000 --valid-mini-batch 8 --valid-sets ../experiments/100M_fasttext_prob_x_len_x_bic1.1_+_biced_0.25_x_bic1.1/data/dev.bpe.de ../experiments/100M_fasttext_prob_x_len_x_bic1.1_+_biced_0.25_x_bic1.1/data/dev.bpe.en --valid-metrics cross-entropy perplexity translation --valid-translation-output ../experiments/100M_fasttext_prob_x_len_x_bic1.1_+_biced_0.25_x_bic1.1/model/dev.out --valid-script-path ../experiments/100M_fasttext_prob_x_len_x_bic1.1_+_biced_0.25_x_bic1.1/score-dev.sh --seed 1111 --exponential-smoothing --normalize=1 --beam-size=12 --quiet-translation --log ../experiments/100M_fasttext_prob_x_len_x_bic1.1_+_biced_0.25_x_bic1.1/model/train.log --valid-log ../experiments/100M_fasttext_prob_x_len_x_bic1.1_+_biced_0.25_x_bic1.1/model/valid.log
[2019-08-07 15:47:05] [config] after-batches: 0
[2019-08-07 15:47:05] [config] after-epochs: 0
[2019-08-07 15:47:05] [config] allow-unk: false
[2019-08-07 15:47:05] [config] beam-size: 12
[2019-08-07 15:47:05] [config] bert-class-symbol: "[CLS]"
[2019-08-07 15:47:05] [config] bert-mask-symbol: "[MASK]"
[2019-08-07 15:47:05] [config] bert-masking-fraction: 0.15
[2019-08-07 15:47:05] [config] bert-sep-symbol: "[SEP]"
[2019-08-07 15:47:05] [config] bert-train-type-embeddings: true
[2019-08-07 15:47:05] [config] bert-type-vocab-size: 2
[2019-08-07 15:47:05] [config] best-deep: false
[2019-08-07 15:47:05] [config] clip-gemm: 0
[2019-08-07 15:47:05] [config] clip-norm: 1
[2019-08-07 15:47:05] [config] cost-type: ce-mean
[2019-08-07 15:47:05] [config] cpu-threads: 0
[2019-08-07 15:47:05] [config] data-weighting: ""
[2019-08-07 15:47:05] [config] data-weighting-type: sentence
[2019-08-07 15:47:05] [config] dec-cell: gru
[2019-08-07 15:47:05] [config] dec-cell-base-depth: 2
[2019-08-07 15:47:05] [config] dec-cell-high-depth: 1
[2019-08-07 15:47:05] [config] dec-depth: 1
[2019-08-07 15:47:05] [config] devices:
[2019-08-07 15:47:05] [config]   - 0
[2019-08-07 15:47:05] [config] dim-emb: 512
[2019-08-07 15:47:05] [config] dim-rnn: 1024
[2019-08-07 15:47:05] [config] dim-vocabs:
[2019-08-07 15:47:05] [config]   - 50000
[2019-08-07 15:47:05] [config]   - 50000
[2019-08-07 15:47:05] [config] disp-first: 0
[2019-08-07 15:47:05] [config] disp-freq: 2000
[2019-08-07 15:47:05] [config] disp-label-counts: false
[2019-08-07 15:47:05] [config] dropout-rnn: 0.2
[2019-08-07 15:47:05] [config] dropout-src: 0.1
[2019-08-07 15:47:05] [config] dropout-trg: 0.1
[2019-08-07 15:47:05] [config] dump-config: ""
[2019-08-07 15:47:05] [config] early-stopping: 5
[2019-08-07 15:47:05] [config] embedding-fix-src: false
[2019-08-07 15:47:05] [config] embedding-fix-trg: false
[2019-08-07 15:47:05] [config] embedding-normalization: false
[2019-08-07 15:47:05] [config] embedding-vectors:
[2019-08-07 15:47:05] [config]   []
[2019-08-07 15:47:05] [config] enc-cell: gru
[2019-08-07 15:47:05] [config] enc-cell-depth: 1
[2019-08-07 15:47:05] [config] enc-depth: 1
[2019-08-07 15:47:05] [config] enc-type: bidirectional
[2019-08-07 15:47:05] [config] exponential-smoothing: 0.0001
[2019-08-07 15:47:05] [config] grad-dropping-momentum: 0
[2019-08-07 15:47:05] [config] grad-dropping-rate: 0
[2019-08-07 15:47:05] [config] grad-dropping-warmup: 100
[2019-08-07 15:47:05] [config] guided-alignment: none
[2019-08-07 15:47:05] [config] guided-alignment-cost: mse
[2019-08-07 15:47:05] [config] guided-alignment-weight: 0.1
[2019-08-07 15:47:05] [config] ignore-model-config: false
[2019-08-07 15:47:05] [config] input-types:
[2019-08-07 15:47:05] [config]   []
[2019-08-07 15:47:05] [config] interpolate-env-vars: false
[2019-08-07 15:47:05] [config] keep-best: false
[2019-08-07 15:47:05] [config] label-smoothing: 0
[2019-08-07 15:47:05] [config] layer-normalization: true
[2019-08-07 15:47:05] [config] learn-rate: 0.0001
[2019-08-07 15:47:05] [config] log: ../experiments/100M_fasttext_prob_x_len_x_bic1.1_+_biced_0.25_x_bic1.1/model/train.log
[2019-08-07 15:47:05] [config] log-level: info
[2019-08-07 15:47:05] [config] log-time-zone: ""
[2019-08-07 15:47:05] [config] lr-decay: 0
[2019-08-07 15:47:05] [config] lr-decay-freq: 50000
[2019-08-07 15:47:05] [config] lr-decay-inv-sqrt:
[2019-08-07 15:47:05] [config]   - 0
[2019-08-07 15:47:05] [config] lr-decay-repeat-warmup: false
[2019-08-07 15:47:05] [config] lr-decay-reset-optimizer: false
[2019-08-07 15:47:05] [config] lr-decay-start:
[2019-08-07 15:47:05] [config]   - 10
[2019-08-07 15:47:05] [config]   - 1
[2019-08-07 15:47:05] [config] lr-decay-strategy: epoch+stalled
[2019-08-07 15:47:05] [config] lr-report: false
[2019-08-07 15:47:05] [config] lr-warmup: 0
[2019-08-07 15:47:05] [config] lr-warmup-at-reload: false
[2019-08-07 15:47:05] [config] lr-warmup-cycle: false
[2019-08-07 15:47:05] [config] lr-warmup-start-rate: 0
[2019-08-07 15:47:05] [config] max-length: 50
[2019-08-07 15:47:05] [config] max-length-crop: false
[2019-08-07 15:47:05] [config] max-length-factor: 3
[2019-08-07 15:47:05] [config] maxi-batch: 100
[2019-08-07 15:47:05] [config] maxi-batch-sort: trg
[2019-08-07 15:47:05] [config] mini-batch: 64
[2019-08-07 15:47:05] [config] mini-batch-fit: true
[2019-08-07 15:47:05] [config] mini-batch-fit-step: 10
[2019-08-07 15:47:05] [config] mini-batch-overstuff: 1
[2019-08-07 15:47:05] [config] mini-batch-track-lr: false
[2019-08-07 15:47:05] [config] mini-batch-understuff: 1
[2019-08-07 15:47:05] [config] mini-batch-warmup: 0
[2019-08-07 15:47:05] [config] mini-batch-words: 0
[2019-08-07 15:47:05] [config] mini-batch-words-ref: 0
[2019-08-07 15:47:05] [config] model: ../experiments/100M_fasttext_prob_x_len_x_bic1.1_+_biced_0.25_x_bic1.1/model/model.npz
[2019-08-07 15:47:05] [config] multi-loss-type: sum
[2019-08-07 15:47:05] [config] multi-node: false
[2019-08-07 15:47:05] [config] multi-node-overlap: true
[2019-08-07 15:47:05] [config] n-best: false
[2019-08-07 15:47:05] [config] no-nccl: false
[2019-08-07 15:47:05] [config] no-reload: false
[2019-08-07 15:47:05] [config] no-restore-corpus: false
[2019-08-07 15:47:05] [config] no-shuffle: false
[2019-08-07 15:47:05] [config] normalize: 1
[2019-08-07 15:47:05] [config] num-devices: 0
[2019-08-07 15:47:05] [config] optimizer: adam
[2019-08-07 15:47:05] [config] optimizer-delay: 1
[2019-08-07 15:47:05] [config] optimizer-params:
[2019-08-07 15:47:05] [config]   []
[2019-08-07 15:47:05] [config] overwrite: false
[2019-08-07 15:47:05] [config] pretrained-model: ""
[2019-08-07 15:47:05] [config] quiet: false
[2019-08-07 15:47:05] [config] quiet-translation: true
[2019-08-07 15:47:05] [config] relative-paths: false
[2019-08-07 15:47:05] [config] right-left: false
[2019-08-07 15:47:05] [config] save-freq: 20000
[2019-08-07 15:47:05] [config] seed: 1111
[2019-08-07 15:47:05] [config] shuffle-in-ram: false
[2019-08-07 15:47:05] [config] skip: false
[2019-08-07 15:47:05] [config] sqlite: ""
[2019-08-07 15:47:05] [config] sqlite-drop: false
[2019-08-07 15:47:05] [config] sync-sgd: true
[2019-08-07 15:47:05] [config] tempdir: .
[2019-08-07 15:47:05] [config] tied-embeddings: false
[2019-08-07 15:47:05] [config] tied-embeddings-all: false
[2019-08-07 15:47:05] [config] tied-embeddings-src: false
[2019-08-07 15:47:05] [config] train-sets:
[2019-08-07 15:47:05] [config]   - ../experiments/100M_fasttext_prob_x_len_x_bic1.1_+_biced_0.25_x_bic1.1/data/train.bpe.de
[2019-08-07 15:47:05] [config]   - ../experiments/100M_fasttext_prob_x_len_x_bic1.1_+_biced_0.25_x_bic1.1/data/train.bpe.en
[2019-08-07 15:47:05] [config] transformer-aan-activation: swish
[2019-08-07 15:47:05] [config] transformer-aan-depth: 2
[2019-08-07 15:47:05] [config] transformer-aan-nogate: false
[2019-08-07 15:47:05] [config] transformer-decoder-autoreg: self-attention
[2019-08-07 15:47:05] [config] transformer-dim-aan: 2048
[2019-08-07 15:47:05] [config] transformer-dim-ffn: 2048
[2019-08-07 15:47:05] [config] transformer-dropout: 0
[2019-08-07 15:47:05] [config] transformer-dropout-attention: 0
[2019-08-07 15:47:05] [config] transformer-dropout-ffn: 0
[2019-08-07 15:47:05] [config] transformer-ffn-activation: swish
[2019-08-07 15:47:05] [config] transformer-ffn-depth: 2
[2019-08-07 15:47:05] [config] transformer-guided-alignment-layer: last
[2019-08-07 15:47:05] [config] transformer-heads: 8
[2019-08-07 15:47:05] [config] transformer-no-projection: false
[2019-08-07 15:47:05] [config] transformer-postprocess: dan
[2019-08-07 15:47:05] [config] transformer-postprocess-emb: d
[2019-08-07 15:47:05] [config] transformer-preprocess: ""
[2019-08-07 15:47:05] [config] transformer-tied-layers:
[2019-08-07 15:47:05] [config]   []
[2019-08-07 15:47:05] [config] transformer-train-position-embeddings: false
[2019-08-07 15:47:05] [config] type: amun
[2019-08-07 15:47:05] [config] ulr: false
[2019-08-07 15:47:05] [config] ulr-dim-emb: 0
[2019-08-07 15:47:05] [config] ulr-dropout: 0
[2019-08-07 15:47:05] [config] ulr-keys-vectors: ""
[2019-08-07 15:47:05] [config] ulr-query-vectors: ""
[2019-08-07 15:47:05] [config] ulr-softmax-temperature: 1
[2019-08-07 15:47:05] [config] ulr-trainable-transformation: false
[2019-08-07 15:47:05] [config] valid-freq: 20000
[2019-08-07 15:47:05] [config] valid-log: ../experiments/100M_fasttext_prob_x_len_x_bic1.1_+_biced_0.25_x_bic1.1/model/valid.log
[2019-08-07 15:47:05] [config] valid-max-length: 1000
[2019-08-07 15:47:05] [config] valid-metrics:
[2019-08-07 15:47:05] [config]   - cross-entropy
[2019-08-07 15:47:05] [config]   - perplexity
[2019-08-07 15:47:05] [config]   - translation
[2019-08-07 15:47:05] [config] valid-mini-batch: 8
[2019-08-07 15:47:05] [config] valid-script-path: ../experiments/100M_fasttext_prob_x_len_x_bic1.1_+_biced_0.25_x_bic1.1/score-dev.sh
[2019-08-07 15:47:05] [config] valid-sets:
[2019-08-07 15:47:05] [config]   - ../experiments/100M_fasttext_prob_x_len_x_bic1.1_+_biced_0.25_x_bic1.1/data/dev.bpe.de
[2019-08-07 15:47:05] [config]   - ../experiments/100M_fasttext_prob_x_len_x_bic1.1_+_biced_0.25_x_bic1.1/data/dev.bpe.en
[2019-08-07 15:47:05] [config] valid-translation-output: ../experiments/100M_fasttext_prob_x_len_x_bic1.1_+_biced_0.25_x_bic1.1/model/dev.out
[2019-08-07 15:47:05] [config] version: v1.7.8 ec2d66e 2019-05-27 14:52:11 +0100
[2019-08-07 15:47:05] [config] vocabs:
[2019-08-07 15:47:05] [config]   - ../experiments/100M_fasttext_prob_x_len_x_bic1.1_+_biced_0.25_x_bic1.1/data/train.bpe.de.json
[2019-08-07 15:47:05] [config]   - ../experiments/100M_fasttext_prob_x_len_x_bic1.1_+_biced_0.25_x_bic1.1/data/train.bpe.en.json
[2019-08-07 15:47:05] [config] word-penalty: 0
[2019-08-07 15:47:05] [config] workspace: 3000
[2019-08-07 15:47:05] [config] Loaded model has been created with Marian v1.7.8 ec2d66e 2019-05-27 14:52:11 +0100
[2019-08-07 15:47:05] Using synchronous training
[2019-08-07 15:47:05] [data] Loading vocabulary from JSON/Yaml file ../experiments/100M_fasttext_prob_x_len_x_bic1.1_+_biced_0.25_x_bic1.1/data/train.bpe.de.json
[2019-08-07 15:47:06] [data] Using unused word id eos for 0
[2019-08-07 15:47:06] [data] Using unused word id UNK for 1
[2019-08-07 15:47:06] [data] Setting vocabulary size for input 0 to 50000
[2019-08-07 15:47:06] [data] Loading vocabulary from JSON/Yaml file ../experiments/100M_fasttext_prob_x_len_x_bic1.1_+_biced_0.25_x_bic1.1/data/train.bpe.en.json
[2019-08-07 15:47:06] [data] Using unused word id eos for 0
[2019-08-07 15:47:06] [data] Using unused word id UNK for 1
[2019-08-07 15:47:06] [data] Setting vocabulary size for input 1 to 50000
[2019-08-07 15:47:06] Compiled without MPI support. Falling back to FakeMPIWrapper
[2019-08-07 15:47:06] [batching] Collecting statistics for batch fitting with step size 10
[2019-08-07 15:47:07] [memory] Extending reserved space to 3072 MB (device gpu0)
[2019-08-07 15:47:07] [comm] Using NCCL 2.4.2 for GPU communication
[2019-08-07 15:47:07] [comm] NCCLCommunicator constructed successfully.
[2019-08-07 15:47:07] [training] Using 1 GPUs
[2019-08-07 15:47:07] [memory] Reserving 422 MB, device gpu0
[2019-08-07 15:47:07] [gpu] 16-bit TensorCores enabled for float32 matrix operations
[2019-08-07 15:47:07] [memory] Reserving 422 MB, device gpu0
[2019-08-07 15:47:12] [batching] Done. Typical MB size is 4042 target words
[2019-08-07 15:47:12] [memory] Extending reserved space to 3072 MB (device gpu0)
[2019-08-07 15:47:12] [comm] Using NCCL 2.4.2 for GPU communication
[2019-08-07 15:47:12] [comm] NCCLCommunicator constructed successfully.
[2019-08-07 15:47:12] [training] Using 1 GPUs
[2019-08-07 15:47:12] Loading model from ../experiments/100M_fasttext_prob_x_len_x_bic1.1_+_biced_0.25_x_bic1.1/model/model.npz.orig.npz
[2019-08-07 15:47:20] Loading Adam parameters from ../experiments/100M_fasttext_prob_x_len_x_bic1.1_+_biced_0.25_x_bic1.1/model/model.npz.optimizer.npz
[2019-08-07 15:47:32] [memory] Reserving 844 MB, device gpu0
[2019-08-07 15:47:33] [training] Model reloaded from ../experiments/100M_fasttext_prob_x_len_x_bic1.1_+_biced_0.25_x_bic1.1/model/model.npz
[2019-08-07 15:47:33] [data] Restoring the corpus state to epoch 5, batch 140000
[2019-08-07 15:47:33] [data] Shuffling data
[2019-08-07 15:47:35] [data] Done reading 4253753 sentences
[2019-08-07 15:47:54] [data] Done shuffling 4253753 sentences to temp files
[2019-08-07 15:48:13] Training started
[2019-08-07 15:48:13] [training] Batches are processed as 1 process(es) x 1 devices/process
[2019-08-07 15:48:13] [memory] Reserving 422 MB, device gpu0
[2019-08-07 15:48:14] [memory] Reserving 422 MB, device gpu0
[2019-08-07 15:48:14] Loading model from ../experiments/100M_fasttext_prob_x_len_x_bic1.1_+_biced_0.25_x_bic1.1/model/model.npz
[2019-08-07 15:48:25] [memory] Reserving 422 MB, device cpu0
[2019-08-07 15:48:25] [memory] Reserving 422 MB, device gpu0
[2019-08-07 15:57:51] Ep. 5 : Up. 142000 : Sen. 592,309 : Cost 55.52858734 : Time 644.87s : 7669.58 words/s
