[2019-07-27 10:20:55] [marian] Marian v1.7.8 ec2d66e 2019-05-27 14:52:11 +0100
[2019-07-27 10:20:55] [marian] Running on fulla as process 255686 with command line:
[2019-07-27 10:20:55] [marian] /fs/bil0/abdel/marian-dev/build/marian --sync-sgd --model ../experiments/10M_fasttext_prob_x_len_+_biced_0.25_x_bic1.1_w3000/model/model.npz -T . --devices 7 --train-sets ../experiments/10M_fasttext_prob_x_len_+_biced_0.25_x_bic1.1_w3000/data/train.bpe.de ../experiments/10M_fasttext_prob_x_len_+_biced_0.25_x_bic1.1_w3000/data/train.bpe.en --vocabs ../experiments/10M_fasttext_prob_x_len_+_biced_0.25_x_bic1.1_w3000/data/train.bpe.de.json ../experiments/10M_fasttext_prob_x_len_+_biced_0.25_x_bic1.1_w3000/data/train.bpe.en.json --mini-batch-fit -w 3000 --dim-vocabs 50000 50000 --layer-normalization --dropout-rnn 0.2 --dropout-src 0.1 --dropout-trg 0.1 --learn-rate 0.0001 --after-epochs 0 --early-stopping 5 --valid-freq 20000 --save-freq 20000 --disp-freq 2000 --valid-mini-batch 8 --valid-sets ../experiments/10M_fasttext_prob_x_len_+_biced_0.25_x_bic1.1_w3000/data/dev.bpe.de ../experiments/10M_fasttext_prob_x_len_+_biced_0.25_x_bic1.1_w3000/data/dev.bpe.en --valid-metrics cross-entropy perplexity translation --valid-translation-output ../experiments/10M_fasttext_prob_x_len_+_biced_0.25_x_bic1.1_w3000/model/dev.out --valid-script-path ../experiments/10M_fasttext_prob_x_len_+_biced_0.25_x_bic1.1_w3000/score-dev.sh --seed 1111 --exponential-smoothing --normalize=1 --beam-size=12 --quiet-translation --log ../experiments/10M_fasttext_prob_x_len_+_biced_0.25_x_bic1.1_w3000/model/train.log --valid-log ../experiments/10M_fasttext_prob_x_len_+_biced_0.25_x_bic1.1_w3000/model/valid.log
[2019-07-27 10:20:55] [config] after-batches: 0
[2019-07-27 10:20:55] [config] after-epochs: 0
[2019-07-27 10:20:55] [config] allow-unk: false
[2019-07-27 10:20:55] [config] beam-size: 12
[2019-07-27 10:20:55] [config] bert-class-symbol: "[CLS]"
[2019-07-27 10:20:55] [config] bert-mask-symbol: "[MASK]"
[2019-07-27 10:20:55] [config] bert-masking-fraction: 0.15
[2019-07-27 10:20:55] [config] bert-sep-symbol: "[SEP]"
[2019-07-27 10:20:55] [config] bert-train-type-embeddings: true
[2019-07-27 10:20:55] [config] bert-type-vocab-size: 2
[2019-07-27 10:20:55] [config] best-deep: false
[2019-07-27 10:20:55] [config] clip-gemm: 0
[2019-07-27 10:20:55] [config] clip-norm: 1
[2019-07-27 10:20:55] [config] cost-type: ce-mean
[2019-07-27 10:20:55] [config] cpu-threads: 0
[2019-07-27 10:20:55] [config] data-weighting: ""
[2019-07-27 10:20:55] [config] data-weighting-type: sentence
[2019-07-27 10:20:55] [config] dec-cell: gru
[2019-07-27 10:20:55] [config] dec-cell-base-depth: 2
[2019-07-27 10:20:55] [config] dec-cell-high-depth: 1
[2019-07-27 10:20:55] [config] dec-depth: 1
[2019-07-27 10:20:55] [config] devices:
[2019-07-27 10:20:55] [config]   - 7
[2019-07-27 10:20:55] [config] dim-emb: 512
[2019-07-27 10:20:55] [config] dim-rnn: 1024
[2019-07-27 10:20:55] [config] dim-vocabs:
[2019-07-27 10:20:55] [config]   - 50000
[2019-07-27 10:20:55] [config]   - 50000
[2019-07-27 10:20:55] [config] disp-first: 0
[2019-07-27 10:20:55] [config] disp-freq: 2000
[2019-07-27 10:20:55] [config] disp-label-counts: false
[2019-07-27 10:20:55] [config] dropout-rnn: 0.2
[2019-07-27 10:20:55] [config] dropout-src: 0.1
[2019-07-27 10:20:55] [config] dropout-trg: 0.1
[2019-07-27 10:20:55] [config] dump-config: ""
[2019-07-27 10:20:55] [config] early-stopping: 5
[2019-07-27 10:20:55] [config] embedding-fix-src: false
[2019-07-27 10:20:55] [config] embedding-fix-trg: false
[2019-07-27 10:20:55] [config] embedding-normalization: false
[2019-07-27 10:20:55] [config] embedding-vectors:
[2019-07-27 10:20:55] [config]   []
[2019-07-27 10:20:55] [config] enc-cell: gru
[2019-07-27 10:20:55] [config] enc-cell-depth: 1
[2019-07-27 10:20:55] [config] enc-depth: 1
[2019-07-27 10:20:55] [config] enc-type: bidirectional
[2019-07-27 10:20:55] [config] exponential-smoothing: 0.0001
[2019-07-27 10:20:55] [config] grad-dropping-momentum: 0
[2019-07-27 10:20:55] [config] grad-dropping-rate: 0
[2019-07-27 10:20:55] [config] grad-dropping-warmup: 100
[2019-07-27 10:20:55] [config] guided-alignment: none
[2019-07-27 10:20:55] [config] guided-alignment-cost: mse
[2019-07-27 10:20:55] [config] guided-alignment-weight: 0.1
[2019-07-27 10:20:55] [config] ignore-model-config: false
[2019-07-27 10:20:55] [config] input-types:
[2019-07-27 10:20:55] [config]   []
[2019-07-27 10:20:55] [config] interpolate-env-vars: false
[2019-07-27 10:20:55] [config] keep-best: false
[2019-07-27 10:20:55] [config] label-smoothing: 0
[2019-07-27 10:20:55] [config] layer-normalization: true
[2019-07-27 10:20:55] [config] learn-rate: 0.0001
[2019-07-27 10:20:55] [config] log: ../experiments/10M_fasttext_prob_x_len_+_biced_0.25_x_bic1.1_w3000/model/train.log
[2019-07-27 10:20:55] [config] log-level: info
[2019-07-27 10:20:55] [config] log-time-zone: ""
[2019-07-27 10:20:55] [config] lr-decay: 0
[2019-07-27 10:20:55] [config] lr-decay-freq: 50000
[2019-07-27 10:20:55] [config] lr-decay-inv-sqrt:
[2019-07-27 10:20:55] [config]   - 0
[2019-07-27 10:20:55] [config] lr-decay-repeat-warmup: false
[2019-07-27 10:20:55] [config] lr-decay-reset-optimizer: false
[2019-07-27 10:20:55] [config] lr-decay-start:
[2019-07-27 10:20:55] [config]   - 10
[2019-07-27 10:20:55] [config]   - 1
[2019-07-27 10:20:55] [config] lr-decay-strategy: epoch+stalled
[2019-07-27 10:20:55] [config] lr-report: false
[2019-07-27 10:20:55] [config] lr-warmup: 0
[2019-07-27 10:20:55] [config] lr-warmup-at-reload: false
[2019-07-27 10:20:55] [config] lr-warmup-cycle: false
[2019-07-27 10:20:55] [config] lr-warmup-start-rate: 0
[2019-07-27 10:20:55] [config] max-length: 50
[2019-07-27 10:20:55] [config] max-length-crop: false
[2019-07-27 10:20:55] [config] max-length-factor: 3
[2019-07-27 10:20:55] [config] maxi-batch: 100
[2019-07-27 10:20:55] [config] maxi-batch-sort: trg
[2019-07-27 10:20:55] [config] mini-batch: 64
[2019-07-27 10:20:55] [config] mini-batch-fit: true
[2019-07-27 10:20:55] [config] mini-batch-fit-step: 10
[2019-07-27 10:20:55] [config] mini-batch-overstuff: 1
[2019-07-27 10:20:55] [config] mini-batch-track-lr: false
[2019-07-27 10:20:55] [config] mini-batch-understuff: 1
[2019-07-27 10:20:55] [config] mini-batch-warmup: 0
[2019-07-27 10:20:55] [config] mini-batch-words: 0
[2019-07-27 10:20:55] [config] mini-batch-words-ref: 0
[2019-07-27 10:20:55] [config] model: ../experiments/10M_fasttext_prob_x_len_+_biced_0.25_x_bic1.1_w3000/model/model.npz
[2019-07-27 10:20:55] [config] multi-loss-type: sum
[2019-07-27 10:20:55] [config] multi-node: false
[2019-07-27 10:20:55] [config] multi-node-overlap: true
[2019-07-27 10:20:55] [config] n-best: false
[2019-07-27 10:20:55] [config] no-nccl: false
[2019-07-27 10:20:55] [config] no-reload: false
[2019-07-27 10:20:55] [config] no-restore-corpus: false
[2019-07-27 10:20:55] [config] no-shuffle: false
[2019-07-27 10:20:55] [config] normalize: 1
[2019-07-27 10:20:55] [config] num-devices: 0
[2019-07-27 10:20:55] [config] optimizer: adam
[2019-07-27 10:20:55] [config] optimizer-delay: 1
[2019-07-27 10:20:55] [config] optimizer-params:
[2019-07-27 10:20:55] [config]   []
[2019-07-27 10:20:55] [config] overwrite: false
[2019-07-27 10:20:55] [config] pretrained-model: ""
[2019-07-27 10:20:55] [config] quiet: false
[2019-07-27 10:20:55] [config] quiet-translation: true
[2019-07-27 10:20:55] [config] relative-paths: false
[2019-07-27 10:20:55] [config] right-left: false
[2019-07-27 10:20:55] [config] save-freq: 20000
[2019-07-27 10:20:55] [config] seed: 1111
[2019-07-27 10:20:55] [config] shuffle-in-ram: false
[2019-07-27 10:20:55] [config] skip: false
[2019-07-27 10:20:55] [config] sqlite: ""
[2019-07-27 10:20:55] [config] sqlite-drop: false
[2019-07-27 10:20:55] [config] sync-sgd: true
[2019-07-27 10:20:55] [config] tempdir: .
[2019-07-27 10:20:55] [config] tied-embeddings: false
[2019-07-27 10:20:55] [config] tied-embeddings-all: false
[2019-07-27 10:20:55] [config] tied-embeddings-src: false
[2019-07-27 10:20:55] [config] train-sets:
[2019-07-27 10:20:55] [config]   - ../experiments/10M_fasttext_prob_x_len_+_biced_0.25_x_bic1.1_w3000/data/train.bpe.de
[2019-07-27 10:20:55] [config]   - ../experiments/10M_fasttext_prob_x_len_+_biced_0.25_x_bic1.1_w3000/data/train.bpe.en
[2019-07-27 10:20:55] [config] transformer-aan-activation: swish
[2019-07-27 10:20:55] [config] transformer-aan-depth: 2
[2019-07-27 10:20:55] [config] transformer-aan-nogate: false
[2019-07-27 10:20:55] [config] transformer-decoder-autoreg: self-attention
[2019-07-27 10:20:55] [config] transformer-dim-aan: 2048
[2019-07-27 10:20:55] [config] transformer-dim-ffn: 2048
[2019-07-27 10:20:55] [config] transformer-dropout: 0
[2019-07-27 10:20:55] [config] transformer-dropout-attention: 0
[2019-07-27 10:20:55] [config] transformer-dropout-ffn: 0
[2019-07-27 10:20:55] [config] transformer-ffn-activation: swish
[2019-07-27 10:20:55] [config] transformer-ffn-depth: 2
[2019-07-27 10:20:55] [config] transformer-guided-alignment-layer: last
[2019-07-27 10:20:55] [config] transformer-heads: 8
[2019-07-27 10:20:55] [config] transformer-no-projection: false
[2019-07-27 10:20:55] [config] transformer-postprocess: dan
[2019-07-27 10:20:55] [config] transformer-postprocess-emb: d
[2019-07-27 10:20:55] [config] transformer-preprocess: ""
[2019-07-27 10:20:55] [config] transformer-tied-layers:
[2019-07-27 10:20:55] [config]   []
[2019-07-27 10:20:55] [config] transformer-train-position-embeddings: false
[2019-07-27 10:20:55] [config] type: amun
[2019-07-27 10:20:55] [config] ulr: false
[2019-07-27 10:20:55] [config] ulr-dim-emb: 0
[2019-07-27 10:20:55] [config] ulr-dropout: 0
[2019-07-27 10:20:55] [config] ulr-keys-vectors: ""
[2019-07-27 10:20:55] [config] ulr-query-vectors: ""
[2019-07-27 10:20:55] [config] ulr-softmax-temperature: 1
[2019-07-27 10:20:55] [config] ulr-trainable-transformation: false
[2019-07-27 10:20:55] [config] valid-freq: 20000
[2019-07-27 10:20:55] [config] valid-log: ../experiments/10M_fasttext_prob_x_len_+_biced_0.25_x_bic1.1_w3000/model/valid.log
[2019-07-27 10:20:55] [config] valid-max-length: 1000
[2019-07-27 10:20:55] [config] valid-metrics:
[2019-07-27 10:20:55] [config]   - cross-entropy
[2019-07-27 10:20:55] [config]   - perplexity
[2019-07-27 10:20:55] [config]   - translation
[2019-07-27 10:20:55] [config] valid-mini-batch: 8
[2019-07-27 10:20:55] [config] valid-script-path: ../experiments/10M_fasttext_prob_x_len_+_biced_0.25_x_bic1.1_w3000/score-dev.sh
[2019-07-27 10:20:55] [config] valid-sets:
[2019-07-27 10:20:55] [config]   - ../experiments/10M_fasttext_prob_x_len_+_biced_0.25_x_bic1.1_w3000/data/dev.bpe.de
[2019-07-27 10:20:55] [config]   - ../experiments/10M_fasttext_prob_x_len_+_biced_0.25_x_bic1.1_w3000/data/dev.bpe.en
[2019-07-27 10:20:55] [config] valid-translation-output: ../experiments/10M_fasttext_prob_x_len_+_biced_0.25_x_bic1.1_w3000/model/dev.out
[2019-07-27 10:20:55] [config] vocabs:
[2019-07-27 10:20:55] [config]   - ../experiments/10M_fasttext_prob_x_len_+_biced_0.25_x_bic1.1_w3000/data/train.bpe.de.json
[2019-07-27 10:20:55] [config]   - ../experiments/10M_fasttext_prob_x_len_+_biced_0.25_x_bic1.1_w3000/data/train.bpe.en.json
[2019-07-27 10:20:55] [config] word-penalty: 0
[2019-07-27 10:20:55] [config] workspace: 3000
[2019-07-27 10:20:55] [config] Model is being created with Marian v1.7.8 ec2d66e 2019-05-27 14:52:11 +0100
[2019-07-27 10:20:55] Using synchronous training
[2019-07-27 10:20:55] [data] Loading vocabulary from JSON/Yaml file ../experiments/10M_fasttext_prob_x_len_+_biced_0.25_x_bic1.1_w3000/data/train.bpe.de.json
[2019-07-27 10:20:56] [data] Using unused word id eos for 0
[2019-07-27 10:20:56] [data] Using unused word id UNK for 1
[2019-07-27 10:20:56] [data] Setting vocabulary size for input 0 to 50000
[2019-07-27 10:20:56] [data] Loading vocabulary from JSON/Yaml file ../experiments/10M_fasttext_prob_x_len_+_biced_0.25_x_bic1.1_w3000/data/train.bpe.en.json
[2019-07-27 10:20:57] [data] Using unused word id eos for 0
[2019-07-27 10:20:57] [data] Using unused word id UNK for 1
[2019-07-27 10:20:57] [data] Setting vocabulary size for input 1 to 50000
[2019-07-27 10:20:57] Compiled without MPI support. Falling back to FakeMPIWrapper
[2019-07-27 10:20:57] [batching] Collecting statistics for batch fitting with step size 10
[2019-07-27 10:21:01] [memory] Extending reserved space to 3072 MB (device gpu7)
[2019-07-27 10:21:02] [comm] Using NCCL 2.4.2 for GPU communication
[2019-07-27 10:21:02] [comm] NCCLCommunicator constructed successfully.
[2019-07-27 10:21:02] [training] Using 1 GPUs
[2019-07-27 10:21:02] [memory] Reserving 422 MB, device gpu7
[2019-07-27 10:21:02] [gpu] 16-bit TensorCores enabled for float32 matrix operations
[2019-07-27 10:21:02] [memory] Reserving 422 MB, device gpu7
[2019-07-27 10:21:06] [batching] Done. Typical MB size is 4042 target words
[2019-07-27 10:21:06] [memory] Extending reserved space to 3072 MB (device gpu7)
[2019-07-27 10:21:06] [comm] Using NCCL 2.4.2 for GPU communication
[2019-07-27 10:21:06] [comm] NCCLCommunicator constructed successfully.
[2019-07-27 10:21:06] [training] Using 1 GPUs
[2019-07-27 10:21:06] Training started
[2019-07-27 10:21:06] [data] Shuffling data
[2019-07-27 10:21:09] [data] Done reading 581059 sentences
[2019-07-27 10:21:16] [data] Done shuffling 581059 sentences to temp files
[2019-07-27 10:21:17] [training] Batches are processed as 1 process(es) x 1 devices/process
[2019-07-27 10:21:17] [memory] Reserving 422 MB, device gpu7
[2019-07-27 10:21:17] [memory] Reserving 422 MB, device gpu7
[2019-07-27 10:21:17] [memory] Reserving 422 MB, device gpu7
[2019-07-27 10:21:18] [memory] Reserving 844 MB, device gpu7
[2019-07-27 10:29:54] Ep. 1 : Up. 2000 : Sen. 236,019 : Cost 130.51829529 : Time 536.92s : 10001.04 words/s
[2019-07-27 10:38:21] Ep. 1 : Up. 4000 : Sen. 472,437 : Cost 98.25846100 : Time 507.26s : 10601.33 words/s
[2019-07-27 10:40:42] Seen 537738 samples
[2019-07-27 10:40:42] Starting epoch 2
[2019-07-27 10:40:42] [data] Shuffling data
[2019-07-27 10:40:43] [data] Done reading 581059 sentences
[2019-07-27 10:40:48] [data] Done shuffling 581059 sentences to temp files
[2019-07-27 10:47:12] Ep. 2 : Up. 6000 : Sen. 171,163 : Cost 81.25568390 : Time 530.58s : 10146.59 words/s
[2019-07-27 10:55:32] Ep. 2 : Up. 8000 : Sen. 408,316 : Cost 71.14236450 : Time 499.56s : 10798.25 words/s
[2019-07-27 11:00:15] Seen 537738 samples
[2019-07-27 11:00:15] Starting epoch 3
[2019-07-27 11:00:15] [data] Shuffling data
[2019-07-27 11:00:16] [data] Done reading 581059 sentences
[2019-07-27 11:00:21] [data] Done shuffling 581059 sentences to temp files
[2019-07-27 11:04:18] Ep. 3 : Up. 10000 : Sen. 106,531 : Cost 64.18727112 : Time 526.13s : 10199.65 words/s
[2019-07-27 11:12:53] Ep. 3 : Up. 12000 : Sen. 342,724 : Cost 59.60249329 : Time 514.96s : 10448.23 words/s
[2019-07-27 11:20:11] Seen 537738 samples
[2019-07-27 11:20:11] Starting epoch 4
[2019-07-27 11:20:11] [data] Shuffling data
[2019-07-27 11:20:11] [data] Done reading 581059 sentences
[2019-07-27 11:20:18] [data] Done shuffling 581059 sentences to temp files
[2019-07-27 11:21:52] Ep. 4 : Up. 14000 : Sen. 42,552 : Cost 55.99277115 : Time 539.25s : 9997.47 words/s
[2019-07-27 11:30:34] Ep. 4 : Up. 16000 : Sen. 279,286 : Cost 52.93371964 : Time 522.54s : 10306.84 words/s
[2019-07-27 11:38:59] Ep. 4 : Up. 18000 : Sen. 516,659 : Cost 51.62760162 : Time 504.54s : 10719.47 words/s
[2019-07-27 11:39:47] Seen 537738 samples
[2019-07-27 11:39:47] Starting epoch 5
[2019-07-27 11:39:47] [data] Shuffling data
[2019-07-27 11:39:48] [data] Done reading 581059 sentences
[2019-07-27 11:39:54] [data] Done shuffling 581059 sentences to temp files
[2019-07-27 11:47:52] Ep. 5 : Up. 20000 : Sen. 216,105 : Cost 48.22954178 : Time 532.64s : 10109.54 words/s
[2019-07-27 11:47:52] Saving model to ../experiments/10M_fasttext_prob_x_len_+_biced_0.25_x_bic1.1_w3000/model/model.npz.orig.npz
[2019-07-27 11:48:07] Saving model to ../experiments/10M_fasttext_prob_x_len_+_biced_0.25_x_bic1.1_w3000/model/model.iter20000.npz
[2019-07-27 11:48:19] Saving model to ../experiments/10M_fasttext_prob_x_len_+_biced_0.25_x_bic1.1_w3000/model/model.npz
[2019-07-27 11:48:36] Saving Adam parameters to ../experiments/10M_fasttext_prob_x_len_+_biced_0.25_x_bic1.1_w3000/model/model.npz.optimizer.npz
[2019-07-27 11:49:19] [valid] Ep. 5 : Up. 20000 : cross-entropy : 73.2695 : new best
[2019-07-27 11:49:31] [valid] Ep. 5 : Up. 20000 : perplexity : 18.1033 : new best
[2019-07-27 11:51:12] [valid] Ep. 5 : Up. 20000 : translation : 23.03 : new best
[2019-07-27 11:59:54] Ep. 5 : Up. 22000 : Sen. 452,098 : Cost 47.61948013 : Time 722.59s : 7425.37 words/s
[2019-07-27 12:03:09] Seen 537738 samples
[2019-07-27 12:03:09] Starting epoch 6
[2019-07-27 12:03:09] [data] Shuffling data
[2019-07-27 12:03:10] [data] Done reading 581059 sentences
[2019-07-27 12:03:15] [data] Done shuffling 581059 sentences to temp files
[2019-07-27 12:08:44] Ep. 6 : Up. 24000 : Sen. 150,427 : Cost 45.83106613 : Time 529.69s : 10155.94 words/s
[2019-07-27 12:17:17] Ep. 6 : Up. 26000 : Sen. 387,320 : Cost 44.70362473 : Time 512.59s : 10510.18 words/s
[2019-07-27 12:22:51] Seen 537738 samples
[2019-07-27 12:22:51] Starting epoch 7
[2019-07-27 12:22:51] [data] Shuffling data
[2019-07-27 12:22:52] [data] Done reading 581059 sentences
[2019-07-27 12:22:58] [data] Done shuffling 581059 sentences to temp files
[2019-07-27 12:26:11] Ep. 7 : Up. 28000 : Sen. 85,401 : Cost 43.98115158 : Time 534.04s : 10051.14 words/s
[2019-07-27 12:34:49] Ep. 7 : Up. 30000 : Sen. 322,033 : Cost 42.36998749 : Time 518.40s : 10380.27 words/s
[2019-07-27 12:43:03] Seen 537738 samples
[2019-07-27 12:43:03] Starting epoch 8
[2019-07-27 12:43:03] [data] Shuffling data
[2019-07-27 12:43:04] [data] Done reading 581059 sentences
[2019-07-27 12:43:11] [data] Done shuffling 581059 sentences to temp files
[2019-07-27 12:43:59] Ep. 8 : Up. 32000 : Sen. 20,823 : Cost 42.03866196 : Time 550.14s : 9773.33 words/s
[2019-07-27 12:53:00] Ep. 8 : Up. 34000 : Sen. 258,023 : Cost 40.32304001 : Time 541.10s : 9972.95 words/s
[2019-07-27 13:01:39] Ep. 8 : Up. 36000 : Sen. 494,611 : Cost 40.34836578 : Time 518.96s : 10379.29 words/s
[2019-07-27 13:03:13] Seen 537738 samples
[2019-07-27 13:03:13] Starting epoch 9
[2019-07-27 13:03:13] [data] Shuffling data
[2019-07-27 13:03:15] [data] Done reading 581059 sentences
[2019-07-27 13:03:20] [data] Done shuffling 581059 sentences to temp files
[2019-07-27 13:10:19] Ep. 9 : Up. 38000 : Sen. 193,207 : Cost 38.76852798 : Time 520.02s : 10320.28 words/s
[2019-07-27 13:18:37] Ep. 9 : Up. 40000 : Sen. 429,541 : Cost 38.86022186 : Time 497.71s : 10818.78 words/s
[2019-07-27 13:18:37] Saving model to ../experiments/10M_fasttext_prob_x_len_+_biced_0.25_x_bic1.1_w3000/model/model.npz.orig.npz
[2019-07-27 13:18:53] Saving model to ../experiments/10M_fasttext_prob_x_len_+_biced_0.25_x_bic1.1_w3000/model/model.iter40000.npz
[2019-07-27 13:19:03] Saving model to ../experiments/10M_fasttext_prob_x_len_+_biced_0.25_x_bic1.1_w3000/model/model.npz
[2019-07-27 13:19:19] Saving Adam parameters to ../experiments/10M_fasttext_prob_x_len_+_biced_0.25_x_bic1.1_w3000/model/model.npz.optimizer.npz
[2019-07-27 13:20:06] [valid] Ep. 9 : Up. 40000 : cross-entropy : 65.0492 : new best
[2019-07-27 13:20:19] [valid] Ep. 9 : Up. 40000 : perplexity : 13.0812 : new best
[2019-07-27 13:21:59] [valid] Ep. 9 : Up. 40000 : translation : 25.61 : new best
[2019-07-27 13:25:56] Seen 537738 samples
[2019-07-27 13:25:56] Starting epoch 10
[2019-07-27 13:25:56] [data] Shuffling data
[2019-07-27 13:25:57] [data] Done reading 581059 sentences
[2019-07-27 13:26:02] [data] Done shuffling 581059 sentences to temp files
[2019-07-27 13:30:52] Ep. 10 : Up. 42000 : Sen. 128,135 : Cost 37.90299988 : Time 735.51s : 7302.78 words/s
[2019-07-27 13:39:42] Ep. 10 : Up. 44000 : Sen. 363,853 : Cost 37.31658554 : Time 529.63s : 10126.31 words/s
[2019-07-27 13:46:06] Seen 537738 samples
[2019-07-27 13:46:06] Starting epoch 11
[2019-07-27 13:46:06] [data] Shuffling data
[2019-07-27 13:46:07] [data] Done reading 581059 sentences
[2019-07-27 13:46:13] [data] Done shuffling 581059 sentences to temp files
[2019-07-27 13:48:38] Ep. 11 : Up. 46000 : Sen. 63,301 : Cost 36.86208344 : Time 536.08s : 10063.68 words/s
[2019-07-27 13:57:21] Ep. 11 : Up. 48000 : Sen. 299,851 : Cost 35.56178665 : Time 523.25s : 10275.87 words/s
[2019-07-27 14:06:07] Ep. 11 : Up. 50000 : Sen. 536,313 : Cost 36.18497849 : Time 525.98s : 10248.88 words/s
[2019-07-27 14:06:10] Seen 537738 samples
[2019-07-27 14:06:10] Starting epoch 12
[2019-07-27 14:06:10] [data] Shuffling data
[2019-07-27 14:06:11] [data] Done reading 581059 sentences
[2019-07-27 14:06:16] [data] Done shuffling 581059 sentences to temp files
[2019-07-27 14:15:10] Ep. 12 : Up. 52000 : Sen. 235,638 : Cost 34.45328522 : Time 542.15s : 9929.06 words/s
[2019-07-27 14:23:14] Ep. 12 : Up. 54000 : Sen. 471,807 : Cost 34.97071075 : Time 484.64s : 11105.82 words/s
[2019-07-27 14:25:45] Seen 537738 samples
[2019-07-27 14:25:45] Starting epoch 13
[2019-07-27 14:25:45] [data] Shuffling data
[2019-07-27 14:25:46] [data] Done reading 581059 sentences
[2019-07-27 14:25:52] [data] Done shuffling 581059 sentences to temp files
[2019-07-27 14:32:13] Ep. 13 : Up. 56000 : Sen. 170,869 : Cost 33.64154434 : Time 538.52s : 9989.40 words/s
[2019-07-27 14:40:56] Ep. 13 : Up. 58000 : Sen. 407,479 : Cost 33.83200836 : Time 523.64s : 10286.96 words/s
[2019-07-27 14:45:46] Seen 537738 samples
[2019-07-27 14:45:46] Starting epoch 14
[2019-07-27 14:45:46] [data] Shuffling data
[2019-07-27 14:45:47] [data] Done reading 581059 sentences
[2019-07-27 14:45:53] [data] Done shuffling 581059 sentences to temp files
[2019-07-27 14:49:54] Ep. 14 : Up. 60000 : Sen. 105,926 : Cost 33.20656204 : Time 537.17s : 10001.47 words/s
[2019-07-27 14:49:54] Saving model to ../experiments/10M_fasttext_prob_x_len_+_biced_0.25_x_bic1.1_w3000/model/model.npz.orig.npz
[2019-07-27 14:50:08] Saving model to ../experiments/10M_fasttext_prob_x_len_+_biced_0.25_x_bic1.1_w3000/model/model.iter60000.npz
[2019-07-27 14:50:18] Saving model to ../experiments/10M_fasttext_prob_x_len_+_biced_0.25_x_bic1.1_w3000/model/model.npz
[2019-07-27 14:50:36] Saving Adam parameters to ../experiments/10M_fasttext_prob_x_len_+_biced_0.25_x_bic1.1_w3000/model/model.npz.optimizer.npz
[2019-07-27 14:51:23] [valid] Ep. 14 : Up. 60000 : cross-entropy : 62.8503 : new best
[2019-07-27 14:51:36] [valid] Ep. 14 : Up. 60000 : perplexity : 11.9922 : new best
[2019-07-27 14:53:24] [valid] Ep. 14 : Up. 60000 : translation : 26.57 : new best
[2019-07-27 15:02:16] Ep. 14 : Up. 62000 : Sen. 343,173 : Cost 32.57857513 : Time 742.46s : 7253.50 words/s
[2019-07-27 15:09:26] Seen 537738 samples
[2019-07-27 15:09:26] Starting epoch 15
[2019-07-27 15:09:26] [data] Shuffling data
[2019-07-27 15:09:27] [data] Done reading 581059 sentences
[2019-07-27 15:09:33] [data] Done shuffling 581059 sentences to temp files
[2019-07-27 15:11:03] Ep. 15 : Up. 64000 : Sen. 41,633 : Cost 32.80842590 : Time 527.20s : 10202.14 words/s
[2019-07-27 15:19:35] Ep. 15 : Up. 66000 : Sen. 278,123 : Cost 31.86131287 : Time 511.49s : 10534.24 words/s
[2019-07-27 15:28:19] Ep. 15 : Up. 68000 : Sen. 515,606 : Cost 32.13358688 : Time 523.74s : 10314.74 words/s
[2019-07-27 15:29:08] Seen 537738 samples
[2019-07-27 15:29:08] Starting epoch 16
[2019-07-27 15:29:08] [data] Shuffling data
[2019-07-27 15:29:09] [data] Done reading 581059 sentences
[2019-07-27 15:29:14] [data] Done shuffling 581059 sentences to temp files
[2019-07-27 15:36:47] Ep. 16 : Up. 70000 : Sen. 214,875 : Cost 30.87720680 : Time 508.74s : 10587.53 words/s
[2019-07-27 15:45:23] Ep. 16 : Up. 72000 : Sen. 451,489 : Cost 31.19467163 : Time 516.20s : 10425.89 words/s
[2019-07-27 15:48:29] Seen 537738 samples
[2019-07-27 15:48:29] Starting epoch 17
[2019-07-27 15:48:29] [data] Shuffling data
[2019-07-27 15:48:30] [data] Done reading 581059 sentences
[2019-07-27 15:48:34] [data] Done shuffling 581059 sentences to temp files
[2019-07-27 15:53:46] Ep. 17 : Up. 74000 : Sen. 149,930 : Cost 30.65168381 : Time 502.92s : 10685.14 words/s
[2019-07-27 16:01:56] Ep. 17 : Up. 76000 : Sen. 385,773 : Cost 30.29762459 : Time 489.15s : 10969.69 words/s
[2019-07-27 16:07:19] Seen 537738 samples
[2019-07-27 16:07:19] Starting epoch 18
[2019-07-27 16:07:19] [data] Shuffling data
[2019-07-27 16:07:20] [data] Done reading 581059 sentences
[2019-07-27 16:07:25] [data] Done shuffling 581059 sentences to temp files
[2019-07-27 16:10:48] Ep. 18 : Up. 78000 : Sen. 84,554 : Cost 30.24421310 : Time 532.33s : 10122.33 words/s
[2019-07-27 16:19:29] Ep. 18 : Up. 80000 : Sen. 321,089 : Cost 29.55558205 : Time 520.79s : 10333.31 words/s
[2019-07-27 16:19:29] Saving model to ../experiments/10M_fasttext_prob_x_len_+_biced_0.25_x_bic1.1_w3000/model/model.npz.orig.npz
[2019-07-27 16:19:46] Saving model to ../experiments/10M_fasttext_prob_x_len_+_biced_0.25_x_bic1.1_w3000/model/model.iter80000.npz
[2019-07-27 16:19:56] Saving model to ../experiments/10M_fasttext_prob_x_len_+_biced_0.25_x_bic1.1_w3000/model/model.npz
[2019-07-27 16:20:13] Saving Adam parameters to ../experiments/10M_fasttext_prob_x_len_+_biced_0.25_x_bic1.1_w3000/model/model.npz.optimizer.npz
[2019-07-27 16:21:00] [valid] Ep. 18 : Up. 80000 : cross-entropy : 62.7162 : new best
[2019-07-27 16:21:14] [valid] Ep. 18 : Up. 80000 : perplexity : 11.9288 : new best
[2019-07-27 16:23:08] [valid] Ep. 18 : Up. 80000 : translation : 26.71 : new best
[2019-07-27 16:31:42] Seen 537738 samples
[2019-07-27 16:31:42] Starting epoch 19
[2019-07-27 16:31:42] [data] Shuffling data
[2019-07-27 16:31:43] [data] Done reading 581059 sentences
[2019-07-27 16:31:49] [data] Done shuffling 581059 sentences to temp files
[2019-07-27 16:32:36] Ep. 19 : Up. 82000 : Sen. 19,618 : Cost 29.87817192 : Time 787.54s : 6811.17 words/s
[2019-07-27 16:41:35] Ep. 19 : Up. 84000 : Sen. 255,628 : Cost 28.76692772 : Time 539.08s : 9965.93 words/s
[2019-07-27 16:50:44] Ep. 19 : Up. 86000 : Sen. 492,428 : Cost 29.18407822 : Time 548.31s : 9827.85 words/s
[2019-07-27 16:52:31] Seen 537738 samples
[2019-07-27 16:52:31] Starting epoch 20
[2019-07-27 16:52:31] [data] Shuffling data
[2019-07-27 16:52:33] [data] Done reading 581059 sentences
[2019-07-27 16:52:36] [data] Done shuffling 581059 sentences to temp files
[2019-07-27 16:59:51] Ep. 20 : Up. 88000 : Sen. 191,309 : Cost 28.44200134 : Time 547.55s : 9832.97 words/s
[2019-07-27 17:08:42] Ep. 20 : Up. 90000 : Sen. 427,842 : Cost 28.44855118 : Time 530.92s : 10125.15 words/s
[2019-07-27 17:13:08] Seen 537738 samples
[2019-07-27 17:13:08] Starting epoch 21
[2019-07-27 17:13:08] [data] Shuffling data
[2019-07-27 17:13:10] [data] Done reading 581059 sentences
[2019-07-27 17:13:15] [data] Done shuffling 581059 sentences to temp files
[2019-07-27 17:18:01] Ep. 21 : Up. 92000 : Sen. 126,554 : Cost 28.15590858 : Time 559.31s : 9613.26 words/s
[2019-07-27 17:27:18] Ep. 21 : Up. 94000 : Sen. 363,596 : Cost 28.02953911 : Time 556.44s : 9695.98 words/s
[2019-07-27 17:34:05] Seen 537738 samples
[2019-07-27 17:34:05] Starting epoch 22
[2019-07-27 17:34:05] [data] Shuffling data
[2019-07-27 17:34:06] [data] Done reading 581059 sentences
[2019-07-27 17:34:12] [data] Done shuffling 581059 sentences to temp files
[2019-07-27 17:36:34] Ep. 22 : Up. 96000 : Sen. 62,007 : Cost 27.84753227 : Time 555.99s : 9655.84 words/s
[2019-07-27 17:45:36] Ep. 22 : Up. 98000 : Sen. 299,007 : Cost 27.24990845 : Time 541.74s : 9947.71 words/s
[2019-07-27 17:54:53] Ep. 22 : Up. 100000 : Sen. 535,155 : Cost 27.79430771 : Time 557.02s : 9650.40 words/s
[2019-07-27 17:54:53] Saving model to ../experiments/10M_fasttext_prob_x_len_+_biced_0.25_x_bic1.1_w3000/model/model.npz.orig.npz
[2019-07-27 17:55:07] Saving model to ../experiments/10M_fasttext_prob_x_len_+_biced_0.25_x_bic1.1_w3000/model/model.iter100000.npz
[2019-07-27 17:55:19] Saving model to ../experiments/10M_fasttext_prob_x_len_+_biced_0.25_x_bic1.1_w3000/model/model.npz
[2019-07-27 17:55:37] Saving Adam parameters to ../experiments/10M_fasttext_prob_x_len_+_biced_0.25_x_bic1.1_w3000/model/model.npz.optimizer.npz
[2019-07-27 17:56:29] [valid] Ep. 22 : Up. 100000 : cross-entropy : 63.2714 : stalled 1 times (last best: 62.7162)
[2019-07-27 17:56:42] [valid] Ep. 22 : Up. 100000 : perplexity : 12.1935 : stalled 1 times (last best: 11.9288)
[2019-07-27 17:58:38] [valid] Ep. 22 : Up. 100000 : translation : 26.59 : stalled 1 times (last best: 26.71)
[2019-07-27 17:58:53] Seen 537738 samples
[2019-07-27 17:58:53] Starting epoch 23
[2019-07-27 17:58:53] [data] Shuffling data
[2019-07-27 17:58:54] [data] Done reading 581059 sentences
[2019-07-27 17:59:00] [data] Done shuffling 581059 sentences to temp files
[2019-07-27 18:08:32] Ep. 23 : Up. 102000 : Sen. 233,888 : Cost 26.53045654 : Time 818.92s : 6572.33 words/s
[2019-07-27 18:17:40] Ep. 23 : Up. 104000 : Sen. 470,152 : Cost 27.15080643 : Time 548.79s : 9806.23 words/s
[2019-07-27 18:20:21] Seen 537738 samples
[2019-07-27 18:20:21] Starting epoch 24
[2019-07-27 18:20:21] [data] Shuffling data
[2019-07-27 18:20:22] [data] Done reading 581059 sentences
[2019-07-27 18:20:27] [data] Done shuffling 581059 sentences to temp files
[2019-07-27 18:26:58] Ep. 24 : Up. 106000 : Sen. 168,889 : Cost 26.25906372 : Time 557.94s : 9628.80 words/s
[2019-07-27 18:36:02] Ep. 24 : Up. 108000 : Sen. 405,889 : Cost 26.34024429 : Time 543.50s : 9908.61 words/s
[2019-07-27 18:41:20] Seen 537738 samples
[2019-07-27 18:41:20] Starting epoch 25
[2019-07-27 18:41:20] [data] Shuffling data
[2019-07-27 18:41:22] [data] Done reading 581059 sentences
[2019-07-27 18:41:27] [data] Done shuffling 581059 sentences to temp files
[2019-07-27 18:45:43] Ep. 25 : Up. 110000 : Sen. 105,096 : Cost 26.16106415 : Time 581.66s : 9268.63 words/s
[2019-07-27 18:55:03] Ep. 25 : Up. 112000 : Sen. 341,034 : Cost 25.82160950 : Time 559.59s : 9590.84 words/s
[2019-07-27 19:03:05] Seen 537738 samples
[2019-07-27 19:03:05] Starting epoch 26
[2019-07-27 19:03:05] [data] Shuffling data
[2019-07-27 19:03:08] [data] Done reading 581059 sentences
[2019-07-27 19:03:13] [data] Done shuffling 581059 sentences to temp files
[2019-07-27 19:04:52] Ep. 26 : Up. 114000 : Sen. 40,129 : Cost 26.25462914 : Time 589.17s : 9154.59 words/s
[2019-07-27 19:14:16] Ep. 26 : Up. 116000 : Sen. 276,299 : Cost 25.35092735 : Time 563.93s : 9540.38 words/s
[2019-07-27 19:23:08] Ep. 26 : Up. 118000 : Sen. 512,764 : Cost 25.87553406 : Time 532.17s : 10091.89 words/s
[2019-07-27 19:24:10] Seen 537738 samples
[2019-07-27 19:24:10] Starting epoch 27
[2019-07-27 19:24:10] [data] Shuffling data
[2019-07-27 19:24:12] [data] Done reading 581059 sentences
[2019-07-27 19:24:18] [data] Done shuffling 581059 sentences to temp files
[2019-07-27 19:32:43] Ep. 27 : Up. 120000 : Sen. 211,404 : Cost 24.99002647 : Time 574.55s : 9366.12 words/s
[2019-07-27 19:32:43] Saving model to ../experiments/10M_fasttext_prob_x_len_+_biced_0.25_x_bic1.1_w3000/model/model.npz.orig.npz
[2019-07-27 19:32:59] Saving model to ../experiments/10M_fasttext_prob_x_len_+_biced_0.25_x_bic1.1_w3000/model/model.iter120000.npz
[2019-07-27 19:33:09] Saving model to ../experiments/10M_fasttext_prob_x_len_+_biced_0.25_x_bic1.1_w3000/model/model.npz
[2019-07-27 19:33:25] Saving Adam parameters to ../experiments/10M_fasttext_prob_x_len_+_biced_0.25_x_bic1.1_w3000/model/model.npz.optimizer.npz
[2019-07-27 19:34:20] [valid] Ep. 27 : Up. 120000 : cross-entropy : 64.2718 : stalled 2 times (last best: 62.7162)
[2019-07-27 19:34:35] [valid] Ep. 27 : Up. 120000 : perplexity : 12.6853 : stalled 2 times (last best: 11.9288)
[2019-07-27 19:36:35] [valid] Ep. 27 : Up. 120000 : translation : 26.41 : stalled 2 times (last best: 26.71)
[2019-07-27 19:46:14] Ep. 27 : Up. 122000 : Sen. 448,102 : Cost 25.33353233 : Time 811.10s : 6636.87 words/s
[2019-07-27 19:49:48] Seen 537738 samples
[2019-07-27 19:49:48] Starting epoch 28
[2019-07-27 19:49:48] [data] Shuffling data
[2019-07-27 19:49:49] [data] Done reading 581059 sentences
[2019-07-27 19:49:53] [data] Done shuffling 581059 sentences to temp files
[2019-07-27 19:55:45] Ep. 28 : Up. 124000 : Sen. 145,972 : Cost 24.97791672 : Time 571.44s : 9378.41 words/s
[2019-07-27 20:04:49] Ep. 28 : Up. 126000 : Sen. 383,252 : Cost 24.66398048 : Time 543.76s : 9926.19 words/s
[2019-07-27 20:10:27] Seen 537738 samples
[2019-07-27 20:10:27] Starting epoch 29
[2019-07-27 20:10:27] [data] Shuffling data
[2019-07-27 20:10:28] [data] Done reading 581059 sentences
[2019-07-27 20:10:34] [data] Done shuffling 581059 sentences to temp files
[2019-07-27 20:13:50] Ep. 29 : Up. 128000 : Sen. 81,684 : Cost 24.60982132 : Time 540.61s : 9937.22 words/s
[2019-07-27 20:23:03] Ep. 29 : Up. 130000 : Sen. 318,408 : Cost 24.36331940 : Time 553.55s : 9743.90 words/s
[2019-07-27 20:31:51] Seen 537738 samples
[2019-07-27 20:31:51] Starting epoch 30
[2019-07-27 20:31:51] [data] Shuffling data
[2019-07-27 20:31:52] [data] Done reading 581059 sentences
[2019-07-27 20:32:00] [data] Done shuffling 581059 sentences to temp files
[2019-07-27 20:32:48] Ep. 30 : Up. 132000 : Sen. 17,518 : Cost 24.78244972 : Time 584.18s : 9207.77 words/s
[2019-07-27 20:42:13] Ep. 30 : Up. 134000 : Sen. 254,624 : Cost 23.61083794 : Time 565.84s : 9524.04 words/s
[2019-07-27 20:51:27] Ep. 30 : Up. 136000 : Sen. 489,851 : Cost 24.40394020 : Time 553.95s : 9682.01 words/s
[2019-07-27 20:53:17] Seen 537738 samples
[2019-07-27 20:53:17] Starting epoch 31
[2019-07-27 20:53:17] [data] Shuffling data
[2019-07-27 20:53:18] [data] Done reading 581059 sentences
[2019-07-27 20:53:24] [data] Done shuffling 581059 sentences to temp files
[2019-07-27 21:00:40] Ep. 31 : Up. 138000 : Sen. 188,588 : Cost 23.33441734 : Time 552.07s : 9707.59 words/s
[2019-07-27 21:09:53] Ep. 31 : Up. 140000 : Sen. 425,102 : Cost 23.88064575 : Time 553.27s : 9748.43 words/s
[2019-07-27 21:09:53] Saving model to ../experiments/10M_fasttext_prob_x_len_+_biced_0.25_x_bic1.1_w3000/model/model.npz.orig.npz
[2019-07-27 21:10:12] Saving model to ../experiments/10M_fasttext_prob_x_len_+_biced_0.25_x_bic1.1_w3000/model/model.iter140000.npz
[2019-07-27 21:10:21] Saving model to ../experiments/10M_fasttext_prob_x_len_+_biced_0.25_x_bic1.1_w3000/model/model.npz
[2019-07-27 21:10:41] Saving Adam parameters to ../experiments/10M_fasttext_prob_x_len_+_biced_0.25_x_bic1.1_w3000/model/model.npz.optimizer.npz
[2019-07-27 21:11:30] [valid] Ep. 31 : Up. 140000 : cross-entropy : 65.47 : stalled 3 times (last best: 62.7162)
[2019-07-27 21:11:43] [valid] Ep. 31 : Up. 140000 : perplexity : 13.3005 : stalled 3 times (last best: 11.9288)
[2019-07-27 21:13:40] [valid] Ep. 31 : Up. 140000 : translation : 26.12 : stalled 3 times (last best: 26.71)
[2019-07-27 21:17:48] Seen 537738 samples
[2019-07-27 21:17:48] Starting epoch 32
[2019-07-27 21:17:48] [data] Shuffling data
[2019-07-27 21:17:50] [data] Done reading 581059 sentences
[2019-07-27 21:17:55] [data] Done shuffling 581059 sentences to temp files
[2019-07-27 21:23:05] Ep. 32 : Up. 142000 : Sen. 124,839 : Cost 23.48058701 : Time 792.10s : 6818.60 words/s
[2019-07-27 21:32:14] Ep. 32 : Up. 144000 : Sen. 361,477 : Cost 23.30118370 : Time 549.52s : 9802.94 words/s
[2019-07-27 21:39:20] Seen 537738 samples
[2019-07-27 21:39:20] Starting epoch 33
[2019-07-27 21:39:20] [data] Shuffling data
[2019-07-27 21:39:21] [data] Done reading 581059 sentences
[2019-07-27 21:39:28] [data] Done shuffling 581059 sentences to temp files
[2019-07-27 21:41:47] Ep. 33 : Up. 146000 : Sen. 59,696 : Cost 23.53482819 : Time 572.86s : 9373.18 words/s
[2019-07-27 21:51:13] Ep. 33 : Up. 148000 : Sen. 296,385 : Cost 22.96059608 : Time 565.47s : 9524.90 words/s
[2019-07-27 22:00:26] Ep. 33 : Up. 150000 : Sen. 533,107 : Cost 23.31482315 : Time 553.47s : 9717.34 words/s
[2019-07-27 22:00:36] Seen 537738 samples
[2019-07-27 22:00:36] Starting epoch 34
[2019-07-27 22:00:36] [data] Shuffling data
[2019-07-27 22:00:37] [data] Done reading 581059 sentences
[2019-07-27 22:00:43] [data] Done shuffling 581059 sentences to temp files
[2019-07-27 22:09:52] Ep. 34 : Up. 152000 : Sen. 231,208 : Cost 22.38377190 : Time 565.62s : 9481.51 words/s
[2019-07-27 22:18:51] Ep. 34 : Up. 154000 : Sen. 467,954 : Cost 23.03697968 : Time 538.67s : 10009.17 words/s
[2019-07-27 22:21:33] Seen 537738 samples
[2019-07-27 22:21:33] Starting epoch 35
[2019-07-27 22:21:33] [data] Shuffling data
[2019-07-27 22:21:34] [data] Done reading 581059 sentences
[2019-07-27 22:21:38] [data] Done shuffling 581059 sentences to temp files
[2019-07-27 22:27:30] Ep. 35 : Up. 156000 : Sen. 167,124 : Cost 22.20977974 : Time 519.02s : 10362.28 words/s
[2019-07-27 22:36:18] Ep. 35 : Up. 158000 : Sen. 404,328 : Cost 22.60297585 : Time 528.27s : 10206.70 words/s
[2019-07-27 22:41:27] Seen 537738 samples
[2019-07-27 22:41:27] Starting epoch 36
[2019-07-27 22:41:27] [data] Shuffling data
[2019-07-27 22:41:29] [data] Done reading 581059 sentences
[2019-07-27 22:41:35] [data] Done shuffling 581059 sentences to temp files
[2019-07-27 22:45:36] Ep. 36 : Up. 160000 : Sen. 102,535 : Cost 22.42393303 : Time 558.53s : 9618.06 words/s
[2019-07-27 22:45:36] Saving model to ../experiments/10M_fasttext_prob_x_len_+_biced_0.25_x_bic1.1_w3000/model/model.npz.orig.npz
[2019-07-27 22:45:51] Saving model to ../experiments/10M_fasttext_prob_x_len_+_biced_0.25_x_bic1.1_w3000/model/model.iter160000.npz
[2019-07-27 22:46:00] Saving model to ../experiments/10M_fasttext_prob_x_len_+_biced_0.25_x_bic1.1_w3000/model/model.npz
[2019-07-27 22:46:16] Saving Adam parameters to ../experiments/10M_fasttext_prob_x_len_+_biced_0.25_x_bic1.1_w3000/model/model.npz.optimizer.npz
[2019-07-27 22:47:03] [valid] Ep. 36 : Up. 160000 : cross-entropy : 66.8701 : stalled 4 times (last best: 62.7162)
[2019-07-27 22:47:13] [valid] Ep. 36 : Up. 160000 : perplexity : 14.0574 : stalled 4 times (last best: 11.9288)
[2019-07-27 22:49:06] [valid] Ep. 36 : Up. 160000 : translation : 25.76 : stalled 4 times (last best: 26.71)
[2019-07-27 22:57:23] Ep. 36 : Up. 162000 : Sen. 338,120 : Cost 22.00332451 : Time 706.82s : 7578.82 words/s
[2019-07-27 23:04:09] Seen 537738 samples
[2019-07-27 23:04:09] Starting epoch 37
[2019-07-27 23:04:09] [data] Shuffling data
[2019-07-27 23:04:10] [data] Done reading 581059 sentences
[2019-07-27 23:04:14] [data] Done shuffling 581059 sentences to temp files
[2019-07-27 23:05:23] Ep. 37 : Up. 164000 : Sen. 36,665 : Cost 22.64710808 : Time 480.16s : 11202.41 words/s
[2019-07-27 23:12:57] Ep. 37 : Up. 166000 : Sen. 273,011 : Cost 21.69167709 : Time 453.38s : 11865.54 words/s
[2019-07-27 23:20:26] Ep. 37 : Up. 168000 : Sen. 509,640 : Cost 22.37658882 : Time 448.99s : 12000.86 words/s
[2019-07-27 23:21:19] Seen 537738 samples
[2019-07-27 23:21:19] Starting epoch 38
[2019-07-27 23:21:19] [data] Shuffling data
[2019-07-27 23:21:19] [data] Done reading 581059 sentences
[2019-07-27 23:21:24] [data] Done shuffling 581059 sentences to temp files
[2019-07-27 23:27:59] Ep. 38 : Up. 170000 : Sen. 208,076 : Cost 21.32416344 : Time 453.38s : 11840.35 words/s
[2019-07-27 23:35:41] Ep. 38 : Up. 172000 : Sen. 444,678 : Cost 22.00122643 : Time 462.25s : 11650.30 words/s
[2019-07-27 23:38:39] Seen 537738 samples
[2019-07-27 23:38:39] Starting epoch 39
[2019-07-27 23:38:39] [data] Shuffling data
[2019-07-27 23:38:39] [data] Done reading 581059 sentences
[2019-07-27 23:38:43] [data] Done shuffling 581059 sentences to temp files
[2019-07-27 23:43:23] Ep. 39 : Up. 174000 : Sen. 144,550 : Cost 21.50249100 : Time 461.81s : 11700.66 words/s
[2019-07-27 23:50:48] Ep. 39 : Up. 176000 : Sen. 379,902 : Cost 21.58423615 : Time 444.38s : 12055.76 words/s
[2019-07-27 23:55:45] Seen 537738 samples
[2019-07-27 23:55:45] Starting epoch 40
[2019-07-27 23:55:45] [data] Shuffling data
[2019-07-27 23:55:45] [data] Done reading 581059 sentences
[2019-07-27 23:55:49] [data] Done shuffling 581059 sentences to temp files
[2019-07-27 23:58:22] Ep. 40 : Up. 178000 : Sen. 78,325 : Cost 21.63370514 : Time 454.34s : 11816.84 words/s
[2019-07-28 00:05:47] Ep. 40 : Up. 180000 : Sen. 315,788 : Cost 21.08907890 : Time 444.83s : 12138.49 words/s
[2019-07-28 00:05:47] Saving model to ../experiments/10M_fasttext_prob_x_len_+_biced_0.25_x_bic1.1_w3000/model/model.npz.orig.npz
[2019-07-28 00:06:00] Saving model to ../experiments/10M_fasttext_prob_x_len_+_biced_0.25_x_bic1.1_w3000/model/model.iter180000.npz
[2019-07-28 00:06:09] Saving model to ../experiments/10M_fasttext_prob_x_len_+_biced_0.25_x_bic1.1_w3000/model/model.npz
[2019-07-28 00:06:22] Saving Adam parameters to ../experiments/10M_fasttext_prob_x_len_+_biced_0.25_x_bic1.1_w3000/model/model.npz.optimizer.npz
[2019-07-28 00:07:00] [valid] Ep. 40 : Up. 180000 : cross-entropy : 68.2967 : stalled 5 times (last best: 62.7162)
[2019-07-28 00:07:11] [valid] Ep. 40 : Up. 180000 : perplexity : 14.8728 : stalled 5 times (last best: 11.9288)
[2019-07-28 00:08:32] [valid] Ep. 40 : Up. 180000 : translation : 25.49 : stalled 5 times (last best: 26.71)
[2019-07-28 00:08:37] Training finished
[2019-07-28 00:08:46] Saving model to ../experiments/10M_fasttext_prob_x_len_+_biced_0.25_x_bic1.1_w3000/model/model.npz.orig.npz
[2019-07-28 00:09:00] Saving model to ../experiments/10M_fasttext_prob_x_len_+_biced_0.25_x_bic1.1_w3000/model/model.npz
[2019-07-28 00:09:14] Saving Adam parameters to ../experiments/10M_fasttext_prob_x_len_+_biced_0.25_x_bic1.1_w3000/model/model.npz.optimizer.npz
