[2019-07-15 09:29:29] [marian] Marian v1.7.8 ec2d66e 2019-05-27 14:52:11 +0100
[2019-07-15 09:29:29] [marian] Running on fulla as process 359763 with command line:
[2019-07-15 09:29:29] [marian] /fs/bil0/abdel/marian-dev/build/marian --sync-sgd --model ../experiments/10M_langid_+_dcce/model/model.npz -T . --devices 6 --train-sets ../experiments/10M_langid_+_dcce/data/train.bpe.de ../experiments/10M_langid_+_dcce/data/train.bpe.en --vocabs ../experiments/10M_langid_+_dcce/data/train.bpe.de.json ../experiments/10M_langid_+_dcce/data/train.bpe.en.json --mini-batch-fit -w 5000 --dim-vocabs 50000 50000 --layer-normalization --dropout-rnn 0.2 --dropout-src 0.1 --dropout-trg 0.1 --learn-rate 0.0001 --after-epochs 0 --early-stopping 5 --valid-freq 20000 --save-freq 20000 --disp-freq 2000 --valid-mini-batch 8 --valid-sets ../experiments/10M_langid_+_dcce/data/dev.bpe.de ../experiments/10M_langid_+_dcce/data/dev.bpe.en --valid-metrics cross-entropy perplexity translation --valid-translation-output ../experiments/10M_langid_+_dcce/model/dev.out --valid-script-path ../experiments/10M_langid_+_dcce/score-dev.sh --seed 1111 --exponential-smoothing --normalize=1 --beam-size=12 --quiet-translation --log ../experiments/10M_langid_+_dcce/model/train.log --valid-log ../experiments/10M_langid_+_dcce/model/valid.log
[2019-07-15 09:29:29] [config] after-batches: 0
[2019-07-15 09:29:29] [config] after-epochs: 0
[2019-07-15 09:29:29] [config] allow-unk: false
[2019-07-15 09:29:29] [config] beam-size: 12
[2019-07-15 09:29:29] [config] bert-class-symbol: "[CLS]"
[2019-07-15 09:29:29] [config] bert-mask-symbol: "[MASK]"
[2019-07-15 09:29:29] [config] bert-masking-fraction: 0.15
[2019-07-15 09:29:29] [config] bert-sep-symbol: "[SEP]"
[2019-07-15 09:29:29] [config] bert-train-type-embeddings: true
[2019-07-15 09:29:29] [config] bert-type-vocab-size: 2
[2019-07-15 09:29:29] [config] best-deep: false
[2019-07-15 09:29:29] [config] clip-gemm: 0
[2019-07-15 09:29:29] [config] clip-norm: 1
[2019-07-15 09:29:29] [config] cost-type: ce-mean
[2019-07-15 09:29:29] [config] cpu-threads: 0
[2019-07-15 09:29:29] [config] data-weighting: ""
[2019-07-15 09:29:29] [config] data-weighting-type: sentence
[2019-07-15 09:29:29] [config] dec-cell: gru
[2019-07-15 09:29:29] [config] dec-cell-base-depth: 2
[2019-07-15 09:29:29] [config] dec-cell-high-depth: 1
[2019-07-15 09:29:29] [config] dec-depth: 1
[2019-07-15 09:29:29] [config] devices:
[2019-07-15 09:29:29] [config]   - 6
[2019-07-15 09:29:29] [config] dim-emb: 512
[2019-07-15 09:29:29] [config] dim-rnn: 1024
[2019-07-15 09:29:29] [config] dim-vocabs:
[2019-07-15 09:29:29] [config]   - 50000
[2019-07-15 09:29:29] [config]   - 50000
[2019-07-15 09:29:29] [config] disp-first: 0
[2019-07-15 09:29:29] [config] disp-freq: 2000
[2019-07-15 09:29:29] [config] disp-label-counts: false
[2019-07-15 09:29:29] [config] dropout-rnn: 0.2
[2019-07-15 09:29:29] [config] dropout-src: 0.1
[2019-07-15 09:29:29] [config] dropout-trg: 0.1
[2019-07-15 09:29:29] [config] dump-config: ""
[2019-07-15 09:29:29] [config] early-stopping: 5
[2019-07-15 09:29:29] [config] embedding-fix-src: false
[2019-07-15 09:29:29] [config] embedding-fix-trg: false
[2019-07-15 09:29:29] [config] embedding-normalization: false
[2019-07-15 09:29:29] [config] embedding-vectors:
[2019-07-15 09:29:29] [config]   []
[2019-07-15 09:29:29] [config] enc-cell: gru
[2019-07-15 09:29:29] [config] enc-cell-depth: 1
[2019-07-15 09:29:29] [config] enc-depth: 1
[2019-07-15 09:29:29] [config] enc-type: bidirectional
[2019-07-15 09:29:29] [config] exponential-smoothing: 0.0001
[2019-07-15 09:29:29] [config] grad-dropping-momentum: 0
[2019-07-15 09:29:29] [config] grad-dropping-rate: 0
[2019-07-15 09:29:29] [config] grad-dropping-warmup: 100
[2019-07-15 09:29:29] [config] guided-alignment: none
[2019-07-15 09:29:29] [config] guided-alignment-cost: mse
[2019-07-15 09:29:29] [config] guided-alignment-weight: 0.1
[2019-07-15 09:29:29] [config] ignore-model-config: false
[2019-07-15 09:29:29] [config] input-types:
[2019-07-15 09:29:29] [config]   []
[2019-07-15 09:29:29] [config] interpolate-env-vars: false
[2019-07-15 09:29:29] [config] keep-best: false
[2019-07-15 09:29:29] [config] label-smoothing: 0
[2019-07-15 09:29:29] [config] layer-normalization: true
[2019-07-15 09:29:29] [config] learn-rate: 0.0001
[2019-07-15 09:29:29] [config] log: ../experiments/10M_langid_+_dcce/model/train.log
[2019-07-15 09:29:29] [config] log-level: info
[2019-07-15 09:29:29] [config] log-time-zone: ""
[2019-07-15 09:29:29] [config] lr-decay: 0
[2019-07-15 09:29:29] [config] lr-decay-freq: 50000
[2019-07-15 09:29:29] [config] lr-decay-inv-sqrt:
[2019-07-15 09:29:29] [config]   - 0
[2019-07-15 09:29:29] [config] lr-decay-repeat-warmup: false
[2019-07-15 09:29:29] [config] lr-decay-reset-optimizer: false
[2019-07-15 09:29:29] [config] lr-decay-start:
[2019-07-15 09:29:29] [config]   - 10
[2019-07-15 09:29:29] [config]   - 1
[2019-07-15 09:29:29] [config] lr-decay-strategy: epoch+stalled
[2019-07-15 09:29:29] [config] lr-report: false
[2019-07-15 09:29:29] [config] lr-warmup: 0
[2019-07-15 09:29:29] [config] lr-warmup-at-reload: false
[2019-07-15 09:29:29] [config] lr-warmup-cycle: false
[2019-07-15 09:29:29] [config] lr-warmup-start-rate: 0
[2019-07-15 09:29:29] [config] max-length: 50
[2019-07-15 09:29:29] [config] max-length-crop: false
[2019-07-15 09:29:29] [config] max-length-factor: 3
[2019-07-15 09:29:29] [config] maxi-batch: 100
[2019-07-15 09:29:29] [config] maxi-batch-sort: trg
[2019-07-15 09:29:29] [config] mini-batch: 64
[2019-07-15 09:29:29] [config] mini-batch-fit: true
[2019-07-15 09:29:29] [config] mini-batch-fit-step: 10
[2019-07-15 09:29:29] [config] mini-batch-overstuff: 1
[2019-07-15 09:29:29] [config] mini-batch-track-lr: false
[2019-07-15 09:29:29] [config] mini-batch-understuff: 1
[2019-07-15 09:29:29] [config] mini-batch-warmup: 0
[2019-07-15 09:29:29] [config] mini-batch-words: 0
[2019-07-15 09:29:29] [config] mini-batch-words-ref: 0
[2019-07-15 09:29:29] [config] model: ../experiments/10M_langid_+_dcce/model/model.npz
[2019-07-15 09:29:29] [config] multi-loss-type: sum
[2019-07-15 09:29:29] [config] multi-node: false
[2019-07-15 09:29:29] [config] multi-node-overlap: true
[2019-07-15 09:29:29] [config] n-best: false
[2019-07-15 09:29:29] [config] no-nccl: false
[2019-07-15 09:29:29] [config] no-reload: false
[2019-07-15 09:29:29] [config] no-restore-corpus: false
[2019-07-15 09:29:29] [config] no-shuffle: false
[2019-07-15 09:29:29] [config] normalize: 1
[2019-07-15 09:29:29] [config] num-devices: 0
[2019-07-15 09:29:29] [config] optimizer: adam
[2019-07-15 09:29:29] [config] optimizer-delay: 1
[2019-07-15 09:29:29] [config] optimizer-params:
[2019-07-15 09:29:29] [config]   []
[2019-07-15 09:29:29] [config] overwrite: false
[2019-07-15 09:29:29] [config] pretrained-model: ""
[2019-07-15 09:29:29] [config] quiet: false
[2019-07-15 09:29:29] [config] quiet-translation: true
[2019-07-15 09:29:29] [config] relative-paths: false
[2019-07-15 09:29:29] [config] right-left: false
[2019-07-15 09:29:29] [config] save-freq: 20000
[2019-07-15 09:29:29] [config] seed: 1111
[2019-07-15 09:29:29] [config] shuffle-in-ram: false
[2019-07-15 09:29:29] [config] skip: false
[2019-07-15 09:29:29] [config] sqlite: ""
[2019-07-15 09:29:29] [config] sqlite-drop: false
[2019-07-15 09:29:29] [config] sync-sgd: true
[2019-07-15 09:29:29] [config] tempdir: .
[2019-07-15 09:29:29] [config] tied-embeddings: false
[2019-07-15 09:29:29] [config] tied-embeddings-all: false
[2019-07-15 09:29:29] [config] tied-embeddings-src: false
[2019-07-15 09:29:29] [config] train-sets:
[2019-07-15 09:29:29] [config]   - ../experiments/10M_langid_+_dcce/data/train.bpe.de
[2019-07-15 09:29:29] [config]   - ../experiments/10M_langid_+_dcce/data/train.bpe.en
[2019-07-15 09:29:29] [config] transformer-aan-activation: swish
[2019-07-15 09:29:29] [config] transformer-aan-depth: 2
[2019-07-15 09:29:29] [config] transformer-aan-nogate: false
[2019-07-15 09:29:29] [config] transformer-decoder-autoreg: self-attention
[2019-07-15 09:29:29] [config] transformer-dim-aan: 2048
[2019-07-15 09:29:29] [config] transformer-dim-ffn: 2048
[2019-07-15 09:29:29] [config] transformer-dropout: 0
[2019-07-15 09:29:29] [config] transformer-dropout-attention: 0
[2019-07-15 09:29:29] [config] transformer-dropout-ffn: 0
[2019-07-15 09:29:29] [config] transformer-ffn-activation: swish
[2019-07-15 09:29:29] [config] transformer-ffn-depth: 2
[2019-07-15 09:29:29] [config] transformer-guided-alignment-layer: last
[2019-07-15 09:29:29] [config] transformer-heads: 8
[2019-07-15 09:29:29] [config] transformer-no-projection: false
[2019-07-15 09:29:29] [config] transformer-postprocess: dan
[2019-07-15 09:29:29] [config] transformer-postprocess-emb: d
[2019-07-15 09:29:29] [config] transformer-preprocess: ""
[2019-07-15 09:29:29] [config] transformer-tied-layers:
[2019-07-15 09:29:29] [config]   []
[2019-07-15 09:29:29] [config] transformer-train-position-embeddings: false
[2019-07-15 09:29:29] [config] type: amun
[2019-07-15 09:29:29] [config] ulr: false
[2019-07-15 09:29:29] [config] ulr-dim-emb: 0
[2019-07-15 09:29:29] [config] ulr-dropout: 0
[2019-07-15 09:29:29] [config] ulr-keys-vectors: ""
[2019-07-15 09:29:29] [config] ulr-query-vectors: ""
[2019-07-15 09:29:29] [config] ulr-softmax-temperature: 1
[2019-07-15 09:29:29] [config] ulr-trainable-transformation: false
[2019-07-15 09:29:29] [config] valid-freq: 20000
[2019-07-15 09:29:29] [config] valid-log: ../experiments/10M_langid_+_dcce/model/valid.log
[2019-07-15 09:29:29] [config] valid-max-length: 1000
[2019-07-15 09:29:29] [config] valid-metrics:
[2019-07-15 09:29:29] [config]   - cross-entropy
[2019-07-15 09:29:29] [config]   - perplexity
[2019-07-15 09:29:29] [config]   - translation
[2019-07-15 09:29:29] [config] valid-mini-batch: 8
[2019-07-15 09:29:29] [config] valid-script-path: ../experiments/10M_langid_+_dcce/score-dev.sh
[2019-07-15 09:29:29] [config] valid-sets:
[2019-07-15 09:29:29] [config]   - ../experiments/10M_langid_+_dcce/data/dev.bpe.de
[2019-07-15 09:29:29] [config]   - ../experiments/10M_langid_+_dcce/data/dev.bpe.en
[2019-07-15 09:29:29] [config] valid-translation-output: ../experiments/10M_langid_+_dcce/model/dev.out
[2019-07-15 09:29:29] [config] vocabs:
[2019-07-15 09:29:29] [config]   - ../experiments/10M_langid_+_dcce/data/train.bpe.de.json
[2019-07-15 09:29:29] [config]   - ../experiments/10M_langid_+_dcce/data/train.bpe.en.json
[2019-07-15 09:29:29] [config] word-penalty: 0
[2019-07-15 09:29:29] [config] workspace: 5000
[2019-07-15 09:29:29] [config] Model is being created with Marian v1.7.8 ec2d66e 2019-05-27 14:52:11 +0100
[2019-07-15 09:29:29] Using synchronous training
[2019-07-15 09:29:29] [data] Loading vocabulary from JSON/Yaml file ../experiments/10M_langid_+_dcce/data/train.bpe.de.json
[2019-07-15 09:29:30] [data] Using unused word id eos for 0
[2019-07-15 09:29:30] [data] Using unused word id UNK for 1
[2019-07-15 09:29:30] [data] Setting vocabulary size for input 0 to 50000
[2019-07-15 09:29:30] [data] Loading vocabulary from JSON/Yaml file ../experiments/10M_langid_+_dcce/data/train.bpe.en.json
[2019-07-15 09:29:30] [data] Using unused word id eos for 0
[2019-07-15 09:29:30] [data] Using unused word id UNK for 1
[2019-07-15 09:29:30] [data] Setting vocabulary size for input 1 to 50000
[2019-07-15 09:29:30] Compiled without MPI support. Falling back to FakeMPIWrapper
[2019-07-15 09:29:30] [batching] Collecting statistics for batch fitting with step size 10
[2019-07-15 09:29:31] [memory] Extending reserved space to 5120 MB (device gpu6)
[2019-07-15 09:29:31] [comm] Using NCCL 2.4.2 for GPU communication
[2019-07-15 09:29:32] [comm] NCCLCommunicator constructed successfully.
[2019-07-15 09:29:32] [training] Using 1 GPUs
[2019-07-15 09:29:32] [memory] Reserving 422 MB, device gpu6
[2019-07-15 09:29:32] [gpu] 16-bit TensorCores enabled for float32 matrix operations
[2019-07-15 09:29:32] [memory] Reserving 422 MB, device gpu6
[2019-07-15 09:29:36] [batching] Done. Typical MB size is 6880 target words
[2019-07-15 09:29:36] [memory] Extending reserved space to 5120 MB (device gpu6)
[2019-07-15 09:29:36] [comm] Using NCCL 2.4.2 for GPU communication
[2019-07-15 09:29:36] [comm] NCCLCommunicator constructed successfully.
[2019-07-15 09:29:36] [training] Using 1 GPUs
[2019-07-15 09:29:36] Training started
[2019-07-15 09:29:36] [data] Shuffling data
[2019-07-15 09:29:37] [data] Done reading 1139175 sentences
[2019-07-15 09:29:41] [data] Done shuffling 1139175 sentences to temp files
[2019-07-15 09:29:42] [training] Batches are processed as 1 process(es) x 1 devices/process
[2019-07-15 09:29:42] [memory] Reserving 422 MB, device gpu6
[2019-07-15 09:29:43] [memory] Reserving 422 MB, device gpu6
[2019-07-15 09:29:43] [memory] Reserving 422 MB, device gpu6
[2019-07-15 09:29:43] [memory] Reserving 844 MB, device gpu6
[2019-07-15 09:35:17] Ep. 1 : Up. 2000 : Sen. 462,549 : Cost 64.16859436 : Time 347.28s : 16490.52 words/s
[2019-07-15 09:40:52] Ep. 1 : Up. 4000 : Sen. 924,413 : Cost 44.46453476 : Time 334.88s : 17027.20 words/s
[2019-07-15 09:43:08] Seen 1110378 samples
[2019-07-15 09:43:08] Starting epoch 2
[2019-07-15 09:43:08] [data] Shuffling data
[2019-07-15 09:43:08] [data] Done reading 1139175 sentences
[2019-07-15 09:43:12] [data] Done shuffling 1139175 sentences to temp files
[2019-07-15 09:46:34] Ep. 2 : Up. 6000 : Sen. 275,026 : Cost 36.39637756 : Time 341.89s : 16678.60 words/s
[2019-07-15 09:52:08] Ep. 2 : Up. 8000 : Sen. 736,230 : Cost 31.98318291 : Time 333.63s : 17101.31 words/s
[2019-07-15 09:56:39] Seen 1110378 samples
[2019-07-15 09:56:39] Starting epoch 3
[2019-07-15 09:56:39] [data] Shuffling data
[2019-07-15 09:56:40] [data] Done reading 1139175 sentences
[2019-07-15 09:56:43] [data] Done shuffling 1139175 sentences to temp files
[2019-07-15 09:57:46] Ep. 3 : Up. 10000 : Sen. 84,846 : Cost 29.18187523 : Time 338.81s : 16765.92 words/s
[2019-07-15 10:03:20] Ep. 3 : Up. 12000 : Sen. 546,710 : Cost 26.82790375 : Time 333.96s : 17080.77 words/s
[2019-07-15 10:08:56] Ep. 3 : Up. 14000 : Sen. 1,008,772 : Cost 25.71762085 : Time 335.99s : 17051.00 words/s
[2019-07-15 10:10:10] Seen 1110378 samples
[2019-07-15 10:10:10] Starting epoch 4
[2019-07-15 10:10:10] [data] Shuffling data
[2019-07-15 10:10:11] [data] Done reading 1139175 sentences
[2019-07-15 10:10:15] [data] Done shuffling 1139175 sentences to temp files
[2019-07-15 10:14:38] Ep. 4 : Up. 16000 : Sen. 359,920 : Cost 24.03819847 : Time 341.42s : 16679.45 words/s
[2019-07-15 10:20:13] Ep. 4 : Up. 18000 : Sen. 822,155 : Cost 23.31497192 : Time 335.51s : 17034.28 words/s
[2019-07-15 10:23:43] Seen 1110378 samples
[2019-07-15 10:23:43] Starting epoch 5
[2019-07-15 10:23:43] [data] Shuffling data
[2019-07-15 10:23:44] [data] Done reading 1139175 sentences
[2019-07-15 10:23:47] [data] Done shuffling 1139175 sentences to temp files
[2019-07-15 10:25:55] Ep. 5 : Up. 20000 : Sen. 173,204 : Cost 22.75348663 : Time 341.86s : 16740.07 words/s
[2019-07-15 10:25:55] Saving model to ../experiments/10M_langid_+_dcce/model/model.npz.orig.npz
[2019-07-15 10:26:05] Saving model to ../experiments/10M_langid_+_dcce/model/model.iter20000.npz
[2019-07-15 10:26:12] Saving model to ../experiments/10M_langid_+_dcce/model/model.npz
[2019-07-15 10:26:22] Saving Adam parameters to ../experiments/10M_langid_+_dcce/model/model.npz.optimizer.npz
[2019-07-15 10:26:48] [valid] Ep. 5 : Up. 20000 : cross-entropy : 88.7079 : new best
[2019-07-15 10:26:55] [valid] Ep. 5 : Up. 20000 : perplexity : 30.7219 : new best
[2019-07-15 10:27:47] [valid] Ep. 5 : Up. 20000 : translation : 19.6 : new best
[2019-07-15 10:33:26] Ep. 5 : Up. 22000 : Sen. 635,702 : Cost 21.76526260 : Time 450.67s : 12690.58 words/s
[2019-07-15 10:38:59] Ep. 5 : Up. 24000 : Sen. 1,094,936 : Cost 21.57253075 : Time 333.40s : 17037.13 words/s
[2019-07-15 10:39:11] Seen 1110378 samples
[2019-07-15 10:39:11] Starting epoch 6
[2019-07-15 10:39:11] [data] Shuffling data
[2019-07-15 10:39:11] [data] Done reading 1139175 sentences
[2019-07-15 10:39:15] [data] Done shuffling 1139175 sentences to temp files
[2019-07-15 10:44:40] Ep. 6 : Up. 26000 : Sen. 444,445 : Cost 20.38914299 : Time 341.03s : 16688.71 words/s
[2019-07-15 10:50:14] Ep. 6 : Up. 28000 : Sen. 903,510 : Cost 20.36992073 : Time 333.51s : 17029.19 words/s
[2019-07-15 10:52:44] Seen 1110378 samples
[2019-07-15 10:52:44] Starting epoch 7
[2019-07-15 10:52:44] [data] Shuffling data
[2019-07-15 10:52:44] [data] Done reading 1139175 sentences
[2019-07-15 10:52:48] [data] Done shuffling 1139175 sentences to temp files
[2019-07-15 10:55:54] Ep. 7 : Up. 30000 : Sen. 252,184 : Cost 19.66082191 : Time 340.49s : 16668.40 words/s
[2019-07-15 11:01:28] Ep. 7 : Up. 32000 : Sen. 710,833 : Cost 19.12963486 : Time 333.51s : 16987.52 words/s
[2019-07-15 11:06:17] Seen 1110378 samples
[2019-07-15 11:06:17] Starting epoch 8
[2019-07-15 11:06:17] [data] Shuffling data
[2019-07-15 11:06:18] [data] Done reading 1139175 sentences
[2019-07-15 11:06:21] [data] Done shuffling 1139175 sentences to temp files
[2019-07-15 11:07:09] Ep. 8 : Up. 34000 : Sen. 62,615 : Cost 19.05010223 : Time 341.59s : 16752.17 words/s
[2019-07-15 11:12:44] Ep. 8 : Up. 36000 : Sen. 522,808 : Cost 18.39193916 : Time 334.94s : 16997.19 words/s
[2019-07-15 11:18:18] Ep. 8 : Up. 38000 : Sen. 982,731 : Cost 18.41687775 : Time 333.83s : 17002.18 words/s
[2019-07-15 11:19:52] Seen 1110378 samples
[2019-07-15 11:19:52] Starting epoch 9
[2019-07-15 11:19:52] [data] Shuffling data
[2019-07-15 11:19:52] [data] Done reading 1139175 sentences
[2019-07-15 11:19:56] [data] Done shuffling 1139175 sentences to temp files
[2019-07-15 11:23:59] Ep. 9 : Up. 40000 : Sen. 331,915 : Cost 17.85683060 : Time 340.83s : 16680.47 words/s
[2019-07-15 11:23:59] Saving model to ../experiments/10M_langid_+_dcce/model/model.npz.orig.npz
[2019-07-15 11:24:09] Saving model to ../experiments/10M_langid_+_dcce/model/model.iter40000.npz
[2019-07-15 11:24:17] Saving model to ../experiments/10M_langid_+_dcce/model/model.npz
[2019-07-15 11:24:28] Saving Adam parameters to ../experiments/10M_langid_+_dcce/model/model.npz.optimizer.npz
[2019-07-15 11:24:56] [valid] Ep. 9 : Up. 40000 : cross-entropy : 79.1963 : new best
[2019-07-15 11:25:03] [valid] Ep. 9 : Up. 40000 : perplexity : 21.2793 : new best
[2019-07-15 11:25:54] [valid] Ep. 9 : Up. 40000 : translation : 22.42 : new best
[2019-07-15 11:31:31] Ep. 9 : Up. 42000 : Sen. 789,499 : Cost 17.54843521 : Time 451.53s : 12540.68 words/s
[2019-07-15 11:35:24] Seen 1110378 samples
[2019-07-15 11:35:24] Starting epoch 10
[2019-07-15 11:35:24] [data] Shuffling data
[2019-07-15 11:35:25] [data] Done reading 1139175 sentences
[2019-07-15 11:35:29] [data] Done shuffling 1139175 sentences to temp files
[2019-07-15 11:37:12] Ep. 10 : Up. 44000 : Sen. 139,616 : Cost 17.45915413 : Time 341.77s : 16690.73 words/s
[2019-07-15 11:42:45] Ep. 10 : Up. 46000 : Sen. 598,192 : Cost 17.10025787 : Time 332.55s : 17036.95 words/s
[2019-07-15 11:48:20] Ep. 10 : Up. 48000 : Sen. 1,060,114 : Cost 17.09861755 : Time 335.42s : 17042.24 words/s
[2019-07-15 11:48:57] Seen 1110378 samples
[2019-07-15 11:48:57] Starting epoch 11
[2019-07-15 11:48:57] [data] Shuffling data
[2019-07-15 11:48:57] [data] Done reading 1139175 sentences
[2019-07-15 11:49:01] [data] Done shuffling 1139175 sentences to temp files
[2019-07-15 11:54:01] Ep. 11 : Up. 50000 : Sen. 409,077 : Cost 16.54268456 : Time 340.69s : 16699.04 words/s
[2019-07-15 11:59:35] Ep. 11 : Up. 52000 : Sen. 871,579 : Cost 16.38203621 : Time 333.89s : 17100.08 words/s
[2019-07-15 12:02:28] Seen 1110378 samples
[2019-07-15 12:02:28] Starting epoch 12
[2019-07-15 12:02:28] [data] Shuffling data
[2019-07-15 12:02:29] [data] Done reading 1139175 sentences
[2019-07-15 12:02:33] [data] Done shuffling 1139175 sentences to temp files
[2019-07-15 12:05:18] Ep. 12 : Up. 54000 : Sen. 224,359 : Cost 16.17632294 : Time 342.59s : 16740.74 words/s
[2019-07-15 12:10:52] Ep. 12 : Up. 56000 : Sen. 686,258 : Cost 15.90883350 : Time 334.34s : 17087.97 words/s
[2019-07-15 12:16:00] Seen 1110378 samples
[2019-07-15 12:16:00] Starting epoch 13
[2019-07-15 12:16:00] [data] Shuffling data
[2019-07-15 12:16:00] [data] Done reading 1139175 sentences
[2019-07-15 12:16:05] [data] Done shuffling 1139175 sentences to temp files
[2019-07-15 12:16:32] Ep. 13 : Up. 58000 : Sen. 33,671 : Cost 15.98654175 : Time 339.96s : 16653.70 words/s
[2019-07-15 12:22:05] Ep. 13 : Up. 60000 : Sen. 493,934 : Cost 15.50682354 : Time 333.55s : 17065.80 words/s
[2019-07-15 12:22:05] Saving model to ../experiments/10M_langid_+_dcce/model/model.npz.orig.npz
[2019-07-15 12:22:16] Saving model to ../experiments/10M_langid_+_dcce/model/model.iter60000.npz
[2019-07-15 12:22:23] Saving model to ../experiments/10M_langid_+_dcce/model/model.npz
[2019-07-15 12:22:33] Saving Adam parameters to ../experiments/10M_langid_+_dcce/model/model.npz.optimizer.npz
[2019-07-15 12:23:02] [valid] Ep. 13 : Up. 60000 : cross-entropy : 76.0843 : new best
[2019-07-15 12:23:08] [valid] Ep. 13 : Up. 60000 : perplexity : 18.8702 : new best
[2019-07-15 12:24:00] [valid] Ep. 13 : Up. 60000 : translation : 23.27 : new best
[2019-07-15 12:29:37] Ep. 13 : Up. 62000 : Sen. 956,223 : Cost 15.67305470 : Time 451.82s : 12667.85 words/s
[2019-07-15 12:31:29] Seen 1110378 samples
[2019-07-15 12:31:29] Starting epoch 14
[2019-07-15 12:31:29] [data] Shuffling data
[2019-07-15 12:31:29] [data] Done reading 1139175 sentences
[2019-07-15 12:31:33] [data] Done shuffling 1139175 sentences to temp files
[2019-07-15 12:35:17] Ep. 14 : Up. 64000 : Sen. 305,811 : Cost 15.11986351 : Time 339.99s : 16723.96 words/s
[2019-07-15 12:40:51] Ep. 14 : Up. 66000 : Sen. 765,728 : Cost 15.10512257 : Time 334.13s : 17002.52 words/s
[2019-07-15 12:45:01] Seen 1110378 samples
[2019-07-15 12:45:01] Starting epoch 15
[2019-07-15 12:45:01] [data] Shuffling data
[2019-07-15 12:45:02] [data] Done reading 1139175 sentences
[2019-07-15 12:45:06] [data] Done shuffling 1139175 sentences to temp files
[2019-07-15 12:46:32] Ep. 15 : Up. 68000 : Sen. 115,440 : Cost 15.03095436 : Time 340.59s : 16705.78 words/s
[2019-07-15 12:52:06] Ep. 15 : Up. 70000 : Sen. 576,982 : Cost 14.59955406 : Time 333.62s : 17113.94 words/s
[2019-07-15 12:57:40] Ep. 15 : Up. 72000 : Sen. 1,038,598 : Cost 14.82112694 : Time 334.82s : 17039.32 words/s
[2019-07-15 12:58:33] Seen 1110378 samples
[2019-07-15 12:58:33] Starting epoch 16
[2019-07-15 12:58:33] [data] Shuffling data
[2019-07-15 12:58:33] [data] Done reading 1139175 sentences
[2019-07-15 12:58:37] [data] Done shuffling 1139175 sentences to temp files
[2019-07-15 13:03:21] Ep. 16 : Up. 74000 : Sen. 389,109 : Cost 14.29841805 : Time 340.99s : 16744.38 words/s
[2019-07-15 13:08:57] Ep. 16 : Up. 76000 : Sen. 851,068 : Cost 14.41982174 : Time 335.59s : 17024.46 words/s
[2019-07-15 13:12:04] Seen 1110378 samples
[2019-07-15 13:12:04] Starting epoch 17
[2019-07-15 13:12:04] [data] Shuffling data
[2019-07-15 13:12:05] [data] Done reading 1139175 sentences
[2019-07-15 13:12:09] [data] Done shuffling 1139175 sentences to temp files
[2019-07-15 13:14:38] Ep. 17 : Up. 78000 : Sen. 201,162 : Cost 14.22000122 : Time 341.37s : 16705.31 words/s
[2019-07-15 13:20:12] Ep. 17 : Up. 80000 : Sen. 661,880 : Cost 13.95376587 : Time 333.78s : 17049.82 words/s
[2019-07-15 13:20:12] Saving model to ../experiments/10M_langid_+_dcce/model/model.npz.orig.npz
[2019-07-15 13:20:22] Saving model to ../experiments/10M_langid_+_dcce/model/model.iter80000.npz
[2019-07-15 13:20:29] Saving model to ../experiments/10M_langid_+_dcce/model/model.npz
[2019-07-15 13:20:40] Saving Adam parameters to ../experiments/10M_langid_+_dcce/model/model.npz.optimizer.npz
[2019-07-15 13:21:07] [valid] Ep. 17 : Up. 80000 : cross-entropy : 75.1906 : new best
[2019-07-15 13:21:14] [valid] Ep. 17 : Up. 80000 : perplexity : 18.2302 : new best
[2019-07-15 13:22:05] [valid] Ep. 17 : Up. 80000 : translation : 23.62 : new best
[2019-07-15 13:27:32] Seen 1110378 samples
[2019-07-15 13:27:32] Starting epoch 18
[2019-07-15 13:27:32] [data] Shuffling data
[2019-07-15 13:27:32] [data] Done reading 1139175 sentences
[2019-07-15 13:27:36] [data] Done shuffling 1139175 sentences to temp files
[2019-07-15 13:27:50] Ep. 18 : Up. 82000 : Sen. 16,076 : Cost 14.14632034 : Time 457.58s : 12541.92 words/s
[2019-07-15 13:33:24] Ep. 18 : Up. 84000 : Sen. 475,922 : Cost 13.51633835 : Time 333.92s : 17045.24 words/s
[2019-07-15 13:38:58] Ep. 18 : Up. 86000 : Sen. 937,883 : Cost 13.83121777 : Time 334.14s : 17082.24 words/s
[2019-07-15 13:41:03] Seen 1110378 samples
[2019-07-15 13:41:03] Starting epoch 19
[2019-07-15 13:41:03] [data] Shuffling data
[2019-07-15 13:41:04] [data] Done reading 1139175 sentences
[2019-07-15 13:41:08] [data] Done shuffling 1139175 sentences to temp files
[2019-07-15 13:44:37] Ep. 19 : Up. 88000 : Sen. 286,218 : Cost 13.55612087 : Time 339.69s : 16732.34 words/s
[2019-07-15 13:50:13] Ep. 19 : Up. 90000 : Sen. 747,186 : Cost 13.46252060 : Time 335.30s : 17014.25 words/s
[2019-07-15 13:54:37] Seen 1110378 samples
[2019-07-15 13:54:37] Starting epoch 20
[2019-07-15 13:54:37] [data] Shuffling data
[2019-07-15 13:54:37] [data] Done reading 1139175 sentences
[2019-07-15 13:54:41] [data] Done shuffling 1139175 sentences to temp files
[2019-07-15 13:55:52] Ep. 20 : Up. 92000 : Sen. 93,569 : Cost 13.42598724 : Time 338.91s : 16663.65 words/s
[2019-07-15 14:01:27] Ep. 20 : Up. 94000 : Sen. 554,361 : Cost 13.06270504 : Time 335.46s : 17000.38 words/s
[2019-07-15 14:07:02] Ep. 20 : Up. 96000 : Sen. 1,017,252 : Cost 13.28850937 : Time 335.22s : 17048.01 words/s
[2019-07-15 14:08:10] Seen 1110378 samples
[2019-07-15 14:08:10] Starting epoch 21
[2019-07-15 14:08:10] [data] Shuffling data
[2019-07-15 14:08:11] [data] Done reading 1139175 sentences
[2019-07-15 14:08:15] [data] Done shuffling 1139175 sentences to temp files
[2019-07-15 14:12:43] Ep. 21 : Up. 98000 : Sen. 366,683 : Cost 12.92831993 : Time 340.61s : 16688.86 words/s
[2019-07-15 14:18:17] Ep. 21 : Up. 100000 : Sen. 824,366 : Cost 13.22132206 : Time 333.85s : 17005.81 words/s
[2019-07-15 14:18:17] Saving model to ../experiments/10M_langid_+_dcce/model/model.npz.orig.npz
[2019-07-15 14:18:27] Saving model to ../experiments/10M_langid_+_dcce/model/model.iter100000.npz
[2019-07-15 14:18:34] Saving model to ../experiments/10M_langid_+_dcce/model/model.npz
[2019-07-15 14:18:45] Saving Adam parameters to ../experiments/10M_langid_+_dcce/model/model.npz.optimizer.npz
[2019-07-15 14:19:13] [valid] Ep. 21 : Up. 100000 : cross-entropy : 75.2875 : stalled 1 times (last best: 75.1906)
[2019-07-15 14:19:19] [valid] Ep. 21 : Up. 100000 : perplexity : 18.2985 : stalled 1 times (last best: 18.2302)
[2019-07-15 14:20:11] [valid] Ep. 21 : Up. 100000 : translation : 23.85 : new best
[2019-07-15 14:23:40] Seen 1110378 samples
[2019-07-15 14:23:40] Starting epoch 22
[2019-07-15 14:23:40] [data] Shuffling data
[2019-07-15 14:23:40] [data] Done reading 1139175 sentences
[2019-07-15 14:23:44] [data] Done shuffling 1139175 sentences to temp files
[2019-07-15 14:25:55] Ep. 22 : Up. 102000 : Sen. 178,104 : Cost 12.91852283 : Time 458.70s : 12487.20 words/s
[2019-07-15 14:31:31] Ep. 22 : Up. 104000 : Sen. 639,736 : Cost 12.75553036 : Time 335.52s : 17014.09 words/s
[2019-07-15 14:37:09] Ep. 22 : Up. 106000 : Sen. 1,102,883 : Cost 12.96575737 : Time 337.76s : 16951.13 words/s
[2019-07-15 14:37:15] Seen 1110378 samples
[2019-07-15 14:37:15] Starting epoch 23
[2019-07-15 14:37:15] [data] Shuffling data
[2019-07-15 14:37:16] [data] Done reading 1139175 sentences
[2019-07-15 14:37:20] [data] Done shuffling 1139175 sentences to temp files
[2019-07-15 14:42:50] Ep. 23 : Up. 108000 : Sen. 449,263 : Cost 12.30265903 : Time 341.42s : 16587.91 words/s
[2019-07-15 14:48:27] Ep. 23 : Up. 110000 : Sen. 912,684 : Cost 12.50147629 : Time 336.49s : 16976.62 words/s
[2019-07-15 14:50:52] Seen 1110378 samples
[2019-07-15 14:50:52] Starting epoch 24
[2019-07-15 14:50:52] [data] Shuffling data
[2019-07-15 14:50:53] [data] Done reading 1139175 sentences
[2019-07-15 14:50:57] [data] Done shuffling 1139175 sentences to temp files
[2019-07-15 14:54:09] Ep. 24 : Up. 112000 : Sen. 260,347 : Cost 12.46819973 : Time 342.32s : 16584.60 words/s
[2019-07-15 14:59:44] Ep. 24 : Up. 114000 : Sen. 722,328 : Cost 12.25960827 : Time 335.30s : 17019.95 words/s
[2019-07-15 15:04:26] Seen 1110378 samples
[2019-07-15 15:04:26] Starting epoch 25
[2019-07-15 15:04:26] [data] Shuffling data
[2019-07-15 15:04:26] [data] Done reading 1139175 sentences
[2019-07-15 15:04:30] [data] Done shuffling 1139175 sentences to temp files
[2019-07-15 15:05:26] Ep. 25 : Up. 116000 : Sen. 73,349 : Cost 12.40333557 : Time 341.18s : 16747.40 words/s
[2019-07-15 15:11:01] Ep. 25 : Up. 118000 : Sen. 535,014 : Cost 12.02197838 : Time 335.44s : 17066.66 words/s
[2019-07-15 15:16:36] Ep. 25 : Up. 120000 : Sen. 995,187 : Cost 12.23865032 : Time 334.66s : 16974.08 words/s
[2019-07-15 15:16:36] Saving model to ../experiments/10M_langid_+_dcce/model/model.npz.orig.npz
[2019-07-15 15:17:04] Saving model to ../experiments/10M_langid_+_dcce/model/model.iter120000.npz
[2019-07-15 15:17:12] Saving model to ../experiments/10M_langid_+_dcce/model/model.npz
[2019-07-15 15:17:22] Saving Adam parameters to ../experiments/10M_langid_+_dcce/model/model.npz.optimizer.npz
[2019-07-15 15:17:51] [valid] Ep. 25 : Up. 120000 : cross-entropy : 75.8833 : stalled 2 times (last best: 75.1906)
[2019-07-15 15:17:57] [valid] Ep. 25 : Up. 120000 : perplexity : 18.7243 : stalled 2 times (last best: 18.2302)
[2019-07-15 15:18:51] [valid] Ep. 25 : Up. 120000 : translation : 23.75 : stalled 1 times (last best: 23.85)
[2019-07-15 15:20:18] Seen 1110378 samples
[2019-07-15 15:20:18] Starting epoch 26
[2019-07-15 15:20:18] [data] Shuffling data
[2019-07-15 15:20:18] [data] Done reading 1139175 sentences
[2019-07-15 15:20:22] [data] Done shuffling 1139175 sentences to temp files
[2019-07-15 15:24:35] Ep. 26 : Up. 122000 : Sen. 343,455 : Cost 11.79883289 : Time 479.07s : 11839.11 words/s
[2019-07-15 15:30:07] Ep. 26 : Up. 124000 : Sen. 798,808 : Cost 11.96318436 : Time 332.38s : 16946.14 words/s
[2019-07-15 15:33:52] Seen 1110378 samples
[2019-07-15 15:33:52] Starting epoch 27
[2019-07-15 15:33:52] [data] Shuffling data
[2019-07-15 15:33:53] [data] Done reading 1139175 sentences
[2019-07-15 15:33:57] [data] Done shuffling 1139175 sentences to temp files
[2019-07-15 15:35:48] Ep. 27 : Up. 126000 : Sen. 151,324 : Cost 11.86915588 : Time 341.13s : 16742.90 words/s
[2019-07-15 15:41:23] Ep. 27 : Up. 128000 : Sen. 611,836 : Cost 11.52659416 : Time 334.99s : 17004.91 words/s
[2019-07-15 15:46:58] Ep. 27 : Up. 130000 : Sen. 1,072,895 : Cost 11.95770741 : Time 334.33s : 17061.26 words/s
[2019-07-15 15:47:26] Seen 1110378 samples
[2019-07-15 15:47:26] Starting epoch 28
[2019-07-15 15:47:26] [data] Shuffling data
[2019-07-15 15:47:26] [data] Done reading 1139175 sentences
[2019-07-15 15:47:31] [data] Done shuffling 1139175 sentences to temp files
[2019-07-15 15:52:39] Ep. 28 : Up. 132000 : Sen. 419,038 : Cost 11.52363396 : Time 341.44s : 16545.29 words/s
[2019-07-15 15:58:15] Ep. 28 : Up. 134000 : Sen. 878,504 : Cost 11.78212643 : Time 336.46s : 16937.04 words/s
[2019-07-15 16:01:04] Seen 1110378 samples
[2019-07-15 16:01:04] Starting epoch 29
[2019-07-15 16:01:04] [data] Shuffling data
[2019-07-15 16:01:05] [data] Done reading 1139175 sentences
[2019-07-15 16:01:09] [data] Done shuffling 1139175 sentences to temp files
[2019-07-15 16:03:59] Ep. 29 : Up. 136000 : Sen. 230,532 : Cost 11.46493530 : Time 344.06s : 16613.38 words/s
[2019-07-15 16:09:33] Ep. 29 : Up. 138000 : Sen. 691,200 : Cost 11.36818790 : Time 333.58s : 17033.20 words/s
[2019-07-15 16:14:40] Seen 1110378 samples
[2019-07-15 16:14:40] Starting epoch 30
[2019-07-15 16:14:40] [data] Shuffling data
[2019-07-15 16:14:40] [data] Done reading 1139175 sentences
[2019-07-15 16:14:45] [data] Done shuffling 1139175 sentences to temp files
[2019-07-15 16:15:16] Ep. 30 : Up. 140000 : Sen. 41,356 : Cost 11.65870476 : Time 342.71s : 16643.86 words/s
[2019-07-15 16:15:16] Saving model to ../experiments/10M_langid_+_dcce/model/model.npz.orig.npz
[2019-07-15 16:15:26] Saving model to ../experiments/10M_langid_+_dcce/model/model.iter140000.npz
[2019-07-15 16:15:38] Saving model to ../experiments/10M_langid_+_dcce/model/model.npz
[2019-07-15 16:15:50] Saving Adam parameters to ../experiments/10M_langid_+_dcce/model/model.npz.optimizer.npz
[2019-07-15 16:16:29] [valid] Ep. 30 : Up. 140000 : cross-entropy : 76.8036 : stalled 3 times (last best: 75.1906)
[2019-07-15 16:16:36] [valid] Ep. 30 : Up. 140000 : perplexity : 19.4016 : stalled 3 times (last best: 18.2302)
[2019-07-15 16:17:28] [valid] Ep. 30 : Up. 140000 : translation : 23.73 : stalled 2 times (last best: 23.85)
[2019-07-15 16:23:06] Ep. 30 : Up. 142000 : Sen. 499,966 : Cost 11.07810688 : Time 470.52s : 12053.22 words/s
[2019-07-15 16:28:42] Ep. 30 : Up. 144000 : Sen. 961,226 : Cost 11.43020344 : Time 335.95s : 16993.34 words/s
[2019-07-15 16:30:31] Seen 1110378 samples
[2019-07-15 16:30:31] Starting epoch 31
[2019-07-15 16:30:31] [data] Shuffling data
[2019-07-15 16:30:32] [data] Done reading 1139175 sentences
[2019-07-15 16:30:35] [data] Done shuffling 1139175 sentences to temp files
[2019-07-15 16:34:25] Ep. 31 : Up. 146000 : Sen. 311,254 : Cost 10.97795963 : Time 342.48s : 16635.43 words/s
[2019-07-15 16:39:59] Ep. 31 : Up. 148000 : Sen. 768,828 : Cost 11.23751259 : Time 334.56s : 16931.99 words/s
[2019-07-15 16:44:08] Seen 1110378 samples
[2019-07-15 16:44:08] Starting epoch 32
[2019-07-15 16:44:08] [data] Shuffling data
[2019-07-15 16:44:08] [data] Done reading 1139175 sentences
[2019-07-15 16:44:12] [data] Done shuffling 1139175 sentences to temp files
[2019-07-15 16:45:43] Ep. 32 : Up. 150000 : Sen. 121,989 : Cost 11.23775578 : Time 344.16s : 16643.12 words/s
[2019-07-15 16:51:19] Ep. 32 : Up. 152000 : Sen. 582,978 : Cost 10.98716640 : Time 335.92s : 17007.55 words/s
[2019-07-15 16:56:52] Ep. 32 : Up. 154000 : Sen. 1,041,439 : Cost 11.05631542 : Time 332.45s : 17013.88 words/s
[2019-07-15 16:57:43] Seen 1110378 samples
[2019-07-15 16:57:43] Starting epoch 33
[2019-07-15 16:57:43] [data] Shuffling data
[2019-07-15 16:57:43] [data] Done reading 1139175 sentences
[2019-07-15 16:57:47] [data] Done shuffling 1139175 sentences to temp files
[2019-07-15 17:02:33] Ep. 33 : Up. 156000 : Sen. 391,903 : Cost 10.71090031 : Time 341.17s : 16729.04 words/s
[2019-07-15 17:08:07] Ep. 33 : Up. 158000 : Sen. 849,897 : Cost 10.78962803 : Time 333.53s : 16989.16 words/s
[2019-07-15 17:11:15] Seen 1110378 samples
[2019-07-15 17:11:15] Starting epoch 34
[2019-07-15 17:11:15] [data] Shuffling data
[2019-07-15 17:11:16] [data] Done reading 1139175 sentences
[2019-07-15 17:11:20] [data] Done shuffling 1139175 sentences to temp files
[2019-07-15 17:13:47] Ep. 34 : Up. 160000 : Sen. 199,881 : Cost 10.83918858 : Time 340.66s : 16725.52 words/s
[2019-07-15 17:13:47] Saving model to ../experiments/10M_langid_+_dcce/model/model.npz.orig.npz
[2019-07-15 17:13:58] Saving model to ../experiments/10M_langid_+_dcce/model/model.iter160000.npz
[2019-07-15 17:14:05] Saving model to ../experiments/10M_langid_+_dcce/model/model.npz
[2019-07-15 17:14:17] Saving Adam parameters to ../experiments/10M_langid_+_dcce/model/model.npz.optimizer.npz
[2019-07-15 17:14:49] [valid] Ep. 34 : Up. 160000 : cross-entropy : 77.8238 : stalled 4 times (last best: 75.1906)
[2019-07-15 17:14:55] [valid] Ep. 34 : Up. 160000 : perplexity : 20.181 : stalled 4 times (last best: 18.2302)
[2019-07-15 17:15:47] [valid] Ep. 34 : Up. 160000 : translation : 23.74 : stalled 3 times (last best: 23.85)
[2019-07-15 17:21:24] Ep. 34 : Up. 162000 : Sen. 663,197 : Cost 10.63165760 : Time 457.22s : 12505.66 words/s
[2019-07-15 17:26:49] Seen 1110378 samples
[2019-07-15 17:26:49] Starting epoch 35
[2019-07-15 17:26:49] [data] Shuffling data
[2019-07-15 17:26:50] [data] Done reading 1139175 sentences
[2019-07-15 17:26:54] [data] Done shuffling 1139175 sentences to temp files
[2019-07-15 17:27:06] Ep. 35 : Up. 164000 : Sen. 13,510 : Cost 10.95504951 : Time 341.31s : 16724.02 words/s
[2019-07-15 17:32:37] Ep. 35 : Up. 166000 : Sen. 475,299 : Cost 10.40088844 : Time 331.17s : 17231.66 words/s
[2019-07-15 17:38:07] Ep. 35 : Up. 168000 : Sen. 933,689 : Cost 10.57522392 : Time 329.72s : 17185.20 words/s
[2019-07-15 17:40:14] Seen 1110378 samples
[2019-07-15 17:40:14] Starting epoch 36
[2019-07-15 17:40:14] [data] Shuffling data
[2019-07-15 17:40:14] [data] Done reading 1139175 sentences
[2019-07-15 17:40:18] [data] Done shuffling 1139175 sentences to temp files
[2019-07-15 17:43:43] Ep. 36 : Up. 170000 : Sen. 284,330 : Cost 10.50562000 : Time 336.82s : 16905.59 words/s
[2019-07-15 17:49:15] Ep. 36 : Up. 172000 : Sen. 744,355 : Cost 10.65317535 : Time 331.53s : 17177.18 words/s
[2019-07-15 17:53:38] Seen 1110378 samples
[2019-07-15 17:53:38] Starting epoch 37
[2019-07-15 17:53:38] [data] Shuffling data
[2019-07-15 17:53:39] [data] Done reading 1139175 sentences
[2019-07-15 17:53:42] [data] Done shuffling 1139175 sentences to temp files
[2019-07-15 17:54:52] Ep. 37 : Up. 174000 : Sen. 93,625 : Cost 10.52900696 : Time 337.27s : 16894.38 words/s
[2019-07-15 18:00:24] Ep. 37 : Up. 176000 : Sen. 556,490 : Cost 10.18335819 : Time 331.94s : 17221.91 words/s
[2019-07-15 18:05:57] Ep. 37 : Up. 178000 : Sen. 1,020,236 : Cost 10.46962357 : Time 332.86s : 17232.34 words/s
[2019-07-15 18:07:02] Seen 1110378 samples
[2019-07-15 18:07:02] Starting epoch 38
[2019-07-15 18:07:02] [data] Shuffling data
[2019-07-15 18:07:02] [data] Done reading 1139175 sentences
[2019-07-15 18:07:06] [data] Done shuffling 1139175 sentences to temp files
[2019-07-15 18:11:34] Ep. 38 : Up. 180000 : Sen. 368,338 : Cost 10.16980457 : Time 336.68s : 16873.37 words/s
[2019-07-15 18:11:34] Saving model to ../experiments/10M_langid_+_dcce/model/model.npz.orig.npz
[2019-07-15 18:11:43] Saving model to ../experiments/10M_langid_+_dcce/model/model.iter180000.npz
[2019-07-15 18:11:51] Saving model to ../experiments/10M_langid_+_dcce/model/model.npz
[2019-07-15 18:12:01] Saving Adam parameters to ../experiments/10M_langid_+_dcce/model/model.npz.optimizer.npz
[2019-07-15 18:12:27] [valid] Ep. 38 : Up. 180000 : cross-entropy : 78.8873 : stalled 5 times (last best: 75.1906)
[2019-07-15 18:12:34] [valid] Ep. 38 : Up. 180000 : perplexity : 21.027 : stalled 5 times (last best: 18.2302)
[2019-07-15 18:13:23] [valid] Ep. 38 : Up. 180000 : translation : 23.72 : stalled 4 times (last best: 23.85)
[2019-07-15 18:13:25] Training finished
[2019-07-15 18:13:30] Saving model to ../experiments/10M_langid_+_dcce/model/model.npz.orig.npz
[2019-07-15 18:13:40] Saving model to ../experiments/10M_langid_+_dcce/model/model.npz
[2019-07-15 18:13:50] Saving Adam parameters to ../experiments/10M_langid_+_dcce/model/model.npz.optimizer.npz
