[2019-08-07 11:00:00] [marian] Marian v1.7.8 ec2d66e 2019-05-27 14:52:11 +0100
[2019-08-07 11:00:00] [marian] Running on bil as process 249835 with command line:
[2019-08-07 11:00:00] [marian] /fs/bil0/abdel/marian-dev/build/marian --sync-sgd --model ../experiments/100M_fasttext_x_bic1.1_+_bic1.1_dom_0.5_dcce_biced_hdiff/model/model.npz -T . --devices 1 --train-sets ../experiments/100M_fasttext_x_bic1.1_+_bic1.1_dom_0.5_dcce_biced_hdiff/data/train.bpe.de ../experiments/100M_fasttext_x_bic1.1_+_bic1.1_dom_0.5_dcce_biced_hdiff/data/train.bpe.en --vocabs ../experiments/100M_fasttext_x_bic1.1_+_bic1.1_dom_0.5_dcce_biced_hdiff/data/train.bpe.de.json ../experiments/100M_fasttext_x_bic1.1_+_bic1.1_dom_0.5_dcce_biced_hdiff/data/train.bpe.en.json --mini-batch-fit -w 3000 --dim-vocabs 50000 50000 --layer-normalization --dropout-rnn 0.2 --dropout-src 0.1 --dropout-trg 0.1 --learn-rate 0.0001 --after-epochs 0 --early-stopping 5 --valid-freq 20000 --save-freq 20000 --disp-freq 2000 --valid-mini-batch 8 --valid-sets ../experiments/100M_fasttext_x_bic1.1_+_bic1.1_dom_0.5_dcce_biced_hdiff/data/dev.bpe.de ../experiments/100M_fasttext_x_bic1.1_+_bic1.1_dom_0.5_dcce_biced_hdiff/data/dev.bpe.en --valid-metrics cross-entropy perplexity translation --valid-translation-output ../experiments/100M_fasttext_x_bic1.1_+_bic1.1_dom_0.5_dcce_biced_hdiff/model/dev.out --valid-script-path ../experiments/100M_fasttext_x_bic1.1_+_bic1.1_dom_0.5_dcce_biced_hdiff/score-dev.sh --seed 1111 --exponential-smoothing --normalize=1 --beam-size=12 --quiet-translation --log ../experiments/100M_fasttext_x_bic1.1_+_bic1.1_dom_0.5_dcce_biced_hdiff/model/train.log --valid-log ../experiments/100M_fasttext_x_bic1.1_+_bic1.1_dom_0.5_dcce_biced_hdiff/model/valid.log
[2019-08-07 11:00:00] [config] after-batches: 0
[2019-08-07 11:00:00] [config] after-epochs: 0
[2019-08-07 11:00:00] [config] allow-unk: false
[2019-08-07 11:00:00] [config] beam-size: 12
[2019-08-07 11:00:00] [config] bert-class-symbol: "[CLS]"
[2019-08-07 11:00:00] [config] bert-mask-symbol: "[MASK]"
[2019-08-07 11:00:00] [config] bert-masking-fraction: 0.15
[2019-08-07 11:00:00] [config] bert-sep-symbol: "[SEP]"
[2019-08-07 11:00:00] [config] bert-train-type-embeddings: true
[2019-08-07 11:00:00] [config] bert-type-vocab-size: 2
[2019-08-07 11:00:00] [config] best-deep: false
[2019-08-07 11:00:00] [config] clip-gemm: 0
[2019-08-07 11:00:00] [config] clip-norm: 1
[2019-08-07 11:00:00] [config] cost-type: ce-mean
[2019-08-07 11:00:00] [config] cpu-threads: 0
[2019-08-07 11:00:00] [config] data-weighting: ""
[2019-08-07 11:00:00] [config] data-weighting-type: sentence
[2019-08-07 11:00:00] [config] dec-cell: gru
[2019-08-07 11:00:00] [config] dec-cell-base-depth: 2
[2019-08-07 11:00:00] [config] dec-cell-high-depth: 1
[2019-08-07 11:00:00] [config] dec-depth: 1
[2019-08-07 11:00:00] [config] devices:
[2019-08-07 11:00:00] [config]   - 1
[2019-08-07 11:00:00] [config] dim-emb: 512
[2019-08-07 11:00:00] [config] dim-rnn: 1024
[2019-08-07 11:00:00] [config] dim-vocabs:
[2019-08-07 11:00:00] [config]   - 50000
[2019-08-07 11:00:00] [config]   - 50000
[2019-08-07 11:00:00] [config] disp-first: 0
[2019-08-07 11:00:00] [config] disp-freq: 2000
[2019-08-07 11:00:00] [config] disp-label-counts: false
[2019-08-07 11:00:00] [config] dropout-rnn: 0.2
[2019-08-07 11:00:00] [config] dropout-src: 0.1
[2019-08-07 11:00:00] [config] dropout-trg: 0.1
[2019-08-07 11:00:00] [config] dump-config: ""
[2019-08-07 11:00:00] [config] early-stopping: 5
[2019-08-07 11:00:00] [config] embedding-fix-src: false
[2019-08-07 11:00:00] [config] embedding-fix-trg: false
[2019-08-07 11:00:00] [config] embedding-normalization: false
[2019-08-07 11:00:00] [config] embedding-vectors:
[2019-08-07 11:00:00] [config]   []
[2019-08-07 11:00:00] [config] enc-cell: gru
[2019-08-07 11:00:00] [config] enc-cell-depth: 1
[2019-08-07 11:00:00] [config] enc-depth: 1
[2019-08-07 11:00:00] [config] enc-type: bidirectional
[2019-08-07 11:00:00] [config] exponential-smoothing: 0.0001
[2019-08-07 11:00:00] [config] grad-dropping-momentum: 0
[2019-08-07 11:00:00] [config] grad-dropping-rate: 0
[2019-08-07 11:00:00] [config] grad-dropping-warmup: 100
[2019-08-07 11:00:00] [config] guided-alignment: none
[2019-08-07 11:00:00] [config] guided-alignment-cost: mse
[2019-08-07 11:00:00] [config] guided-alignment-weight: 0.1
[2019-08-07 11:00:00] [config] ignore-model-config: false
[2019-08-07 11:00:00] [config] input-types:
[2019-08-07 11:00:00] [config]   []
[2019-08-07 11:00:00] [config] interpolate-env-vars: false
[2019-08-07 11:00:00] [config] keep-best: false
[2019-08-07 11:00:00] [config] label-smoothing: 0
[2019-08-07 11:00:00] [config] layer-normalization: true
[2019-08-07 11:00:00] [config] learn-rate: 0.0001
[2019-08-07 11:00:00] [config] log: ../experiments/100M_fasttext_x_bic1.1_+_bic1.1_dom_0.5_dcce_biced_hdiff/model/train.log
[2019-08-07 11:00:00] [config] log-level: info
[2019-08-07 11:00:00] [config] log-time-zone: ""
[2019-08-07 11:00:00] [config] lr-decay: 0
[2019-08-07 11:00:00] [config] lr-decay-freq: 50000
[2019-08-07 11:00:00] [config] lr-decay-inv-sqrt:
[2019-08-07 11:00:00] [config]   - 0
[2019-08-07 11:00:00] [config] lr-decay-repeat-warmup: false
[2019-08-07 11:00:00] [config] lr-decay-reset-optimizer: false
[2019-08-07 11:00:00] [config] lr-decay-start:
[2019-08-07 11:00:00] [config]   - 10
[2019-08-07 11:00:00] [config]   - 1
[2019-08-07 11:00:00] [config] lr-decay-strategy: epoch+stalled
[2019-08-07 11:00:00] [config] lr-report: false
[2019-08-07 11:00:00] [config] lr-warmup: 0
[2019-08-07 11:00:00] [config] lr-warmup-at-reload: false
[2019-08-07 11:00:00] [config] lr-warmup-cycle: false
[2019-08-07 11:00:00] [config] lr-warmup-start-rate: 0
[2019-08-07 11:00:00] [config] max-length: 50
[2019-08-07 11:00:00] [config] max-length-crop: false
[2019-08-07 11:00:00] [config] max-length-factor: 3
[2019-08-07 11:00:00] [config] maxi-batch: 100
[2019-08-07 11:00:00] [config] maxi-batch-sort: trg
[2019-08-07 11:00:00] [config] mini-batch: 64
[2019-08-07 11:00:00] [config] mini-batch-fit: true
[2019-08-07 11:00:00] [config] mini-batch-fit-step: 10
[2019-08-07 11:00:00] [config] mini-batch-overstuff: 1
[2019-08-07 11:00:00] [config] mini-batch-track-lr: false
[2019-08-07 11:00:00] [config] mini-batch-understuff: 1
[2019-08-07 11:00:00] [config] mini-batch-warmup: 0
[2019-08-07 11:00:00] [config] mini-batch-words: 0
[2019-08-07 11:00:00] [config] mini-batch-words-ref: 0
[2019-08-07 11:00:00] [config] model: ../experiments/100M_fasttext_x_bic1.1_+_bic1.1_dom_0.5_dcce_biced_hdiff/model/model.npz
[2019-08-07 11:00:00] [config] multi-loss-type: sum
[2019-08-07 11:00:00] [config] multi-node: false
[2019-08-07 11:00:00] [config] multi-node-overlap: true
[2019-08-07 11:00:00] [config] n-best: false
[2019-08-07 11:00:00] [config] no-nccl: false
[2019-08-07 11:00:00] [config] no-reload: false
[2019-08-07 11:00:00] [config] no-restore-corpus: false
[2019-08-07 11:00:00] [config] no-shuffle: false
[2019-08-07 11:00:00] [config] normalize: 1
[2019-08-07 11:00:00] [config] num-devices: 0
[2019-08-07 11:00:00] [config] optimizer: adam
[2019-08-07 11:00:00] [config] optimizer-delay: 1
[2019-08-07 11:00:00] [config] optimizer-params:
[2019-08-07 11:00:00] [config]   []
[2019-08-07 11:00:00] [config] overwrite: false
[2019-08-07 11:00:00] [config] pretrained-model: ""
[2019-08-07 11:00:00] [config] quiet: false
[2019-08-07 11:00:00] [config] quiet-translation: true
[2019-08-07 11:00:00] [config] relative-paths: false
[2019-08-07 11:00:00] [config] right-left: false
[2019-08-07 11:00:00] [config] save-freq: 20000
[2019-08-07 11:00:00] [config] seed: 1111
[2019-08-07 11:00:00] [config] shuffle-in-ram: false
[2019-08-07 11:00:00] [config] skip: false
[2019-08-07 11:00:00] [config] sqlite: ""
[2019-08-07 11:00:00] [config] sqlite-drop: false
[2019-08-07 11:00:00] [config] sync-sgd: true
[2019-08-07 11:00:00] [config] tempdir: .
[2019-08-07 11:00:00] [config] tied-embeddings: false
[2019-08-07 11:00:00] [config] tied-embeddings-all: false
[2019-08-07 11:00:00] [config] tied-embeddings-src: false
[2019-08-07 11:00:00] [config] train-sets:
[2019-08-07 11:00:00] [config]   - ../experiments/100M_fasttext_x_bic1.1_+_bic1.1_dom_0.5_dcce_biced_hdiff/data/train.bpe.de
[2019-08-07 11:00:00] [config]   - ../experiments/100M_fasttext_x_bic1.1_+_bic1.1_dom_0.5_dcce_biced_hdiff/data/train.bpe.en
[2019-08-07 11:00:00] [config] transformer-aan-activation: swish
[2019-08-07 11:00:00] [config] transformer-aan-depth: 2
[2019-08-07 11:00:00] [config] transformer-aan-nogate: false
[2019-08-07 11:00:00] [config] transformer-decoder-autoreg: self-attention
[2019-08-07 11:00:00] [config] transformer-dim-aan: 2048
[2019-08-07 11:00:00] [config] transformer-dim-ffn: 2048
[2019-08-07 11:00:00] [config] transformer-dropout: 0
[2019-08-07 11:00:00] [config] transformer-dropout-attention: 0
[2019-08-07 11:00:00] [config] transformer-dropout-ffn: 0
[2019-08-07 11:00:00] [config] transformer-ffn-activation: swish
[2019-08-07 11:00:00] [config] transformer-ffn-depth: 2
[2019-08-07 11:00:00] [config] transformer-guided-alignment-layer: last
[2019-08-07 11:00:00] [config] transformer-heads: 8
[2019-08-07 11:00:00] [config] transformer-no-projection: false
[2019-08-07 11:00:00] [config] transformer-postprocess: dan
[2019-08-07 11:00:00] [config] transformer-postprocess-emb: d
[2019-08-07 11:00:00] [config] transformer-preprocess: ""
[2019-08-07 11:00:00] [config] transformer-tied-layers:
[2019-08-07 11:00:00] [config]   []
[2019-08-07 11:00:00] [config] transformer-train-position-embeddings: false
[2019-08-07 11:00:00] [config] type: amun
[2019-08-07 11:00:00] [config] ulr: false
[2019-08-07 11:00:00] [config] ulr-dim-emb: 0
[2019-08-07 11:00:00] [config] ulr-dropout: 0
[2019-08-07 11:00:00] [config] ulr-keys-vectors: ""
[2019-08-07 11:00:00] [config] ulr-query-vectors: ""
[2019-08-07 11:00:00] [config] ulr-softmax-temperature: 1
[2019-08-07 11:00:00] [config] ulr-trainable-transformation: false
[2019-08-07 11:00:00] [config] valid-freq: 20000
[2019-08-07 11:00:00] [config] valid-log: ../experiments/100M_fasttext_x_bic1.1_+_bic1.1_dom_0.5_dcce_biced_hdiff/model/valid.log
[2019-08-07 11:00:00] [config] valid-max-length: 1000
[2019-08-07 11:00:00] [config] valid-metrics:
[2019-08-07 11:00:00] [config]   - cross-entropy
[2019-08-07 11:00:00] [config]   - perplexity
[2019-08-07 11:00:00] [config]   - translation
[2019-08-07 11:00:00] [config] valid-mini-batch: 8
[2019-08-07 11:00:00] [config] valid-script-path: ../experiments/100M_fasttext_x_bic1.1_+_bic1.1_dom_0.5_dcce_biced_hdiff/score-dev.sh
[2019-08-07 11:00:00] [config] valid-sets:
[2019-08-07 11:00:00] [config]   - ../experiments/100M_fasttext_x_bic1.1_+_bic1.1_dom_0.5_dcce_biced_hdiff/data/dev.bpe.de
[2019-08-07 11:00:00] [config]   - ../experiments/100M_fasttext_x_bic1.1_+_bic1.1_dom_0.5_dcce_biced_hdiff/data/dev.bpe.en
[2019-08-07 11:00:00] [config] valid-translation-output: ../experiments/100M_fasttext_x_bic1.1_+_bic1.1_dom_0.5_dcce_biced_hdiff/model/dev.out
[2019-08-07 11:00:00] [config] vocabs:
[2019-08-07 11:00:00] [config]   - ../experiments/100M_fasttext_x_bic1.1_+_bic1.1_dom_0.5_dcce_biced_hdiff/data/train.bpe.de.json
[2019-08-07 11:00:00] [config]   - ../experiments/100M_fasttext_x_bic1.1_+_bic1.1_dom_0.5_dcce_biced_hdiff/data/train.bpe.en.json
[2019-08-07 11:00:00] [config] word-penalty: 0
[2019-08-07 11:00:00] [config] workspace: 3000
[2019-08-07 11:00:00] [config] Model is being created with Marian v1.7.8 ec2d66e 2019-05-27 14:52:11 +0100
[2019-08-07 11:00:00] Using synchronous training
[2019-08-07 11:00:00] [data] Loading vocabulary from JSON/Yaml file ../experiments/100M_fasttext_x_bic1.1_+_bic1.1_dom_0.5_dcce_biced_hdiff/data/train.bpe.de.json
[2019-08-07 11:00:00] [data] Using unused word id eos for 0
[2019-08-07 11:00:00] [data] Using unused word id UNK for 1
[2019-08-07 11:00:00] [data] Setting vocabulary size for input 0 to 50000
[2019-08-07 11:00:00] [data] Loading vocabulary from JSON/Yaml file ../experiments/100M_fasttext_x_bic1.1_+_bic1.1_dom_0.5_dcce_biced_hdiff/data/train.bpe.en.json
[2019-08-07 11:00:00] [data] Using unused word id eos for 0
[2019-08-07 11:00:00] [data] Using unused word id UNK for 1
[2019-08-07 11:00:00] [data] Setting vocabulary size for input 1 to 50000
[2019-08-07 11:00:00] Compiled without MPI support. Falling back to FakeMPIWrapper
[2019-08-07 11:00:00] [batching] Collecting statistics for batch fitting with step size 10
[2019-08-07 11:00:02] [memory] Extending reserved space to 3072 MB (device gpu1)
[2019-08-07 11:00:02] [comm] Using NCCL 2.4.2 for GPU communication
[2019-08-07 11:00:02] [comm] NCCLCommunicator constructed successfully.
[2019-08-07 11:00:02] [training] Using 1 GPUs
[2019-08-07 11:00:02] [memory] Reserving 422 MB, device gpu1
[2019-08-07 11:00:02] [gpu] 16-bit TensorCores enabled for float32 matrix operations
[2019-08-07 11:00:02] [memory] Reserving 422 MB, device gpu1
[2019-08-07 11:00:08] [batching] Done. Typical MB size is 4042 target words
[2019-08-07 11:00:08] [memory] Extending reserved space to 3072 MB (device gpu1)
[2019-08-07 11:00:08] [comm] Using NCCL 2.4.2 for GPU communication
[2019-08-07 11:00:08] [comm] NCCLCommunicator constructed successfully.
[2019-08-07 11:00:08] [training] Using 1 GPUs
[2019-08-07 11:00:08] Training started
[2019-08-07 11:00:08] [data] Shuffling data
[2019-08-07 11:00:11] [data] Done reading 4321980 sentences
[2019-08-07 11:00:38] [data] Done shuffling 4321980 sentences to temp files
[2019-08-07 11:00:39] [training] Batches are processed as 1 process(es) x 1 devices/process
[2019-08-07 11:00:39] [memory] Reserving 422 MB, device gpu1
[2019-08-07 11:00:39] [memory] Reserving 422 MB, device gpu1
[2019-08-07 11:00:39] [memory] Reserving 422 MB, device gpu1
[2019-08-07 11:00:40] [memory] Reserving 844 MB, device gpu1
[2019-08-07 11:14:13] Ep. 1 : Up. 2000 : Sen. 206,670 : Cost 151.22387695 : Time 852.68s : 5842.14 words/s
[2019-08-07 11:27:47] Ep. 1 : Up. 4000 : Sen. 413,640 : Cost 124.60726929 : Time 813.44s : 6150.97 words/s
[2019-08-07 11:40:16] Ep. 1 : Up. 6000 : Sen. 619,695 : Cost 109.47989655 : Time 749.05s : 6638.48 words/s
[2019-08-07 11:45:55] Ep. 1 : Up. 8000 : Sen. 827,486 : Cost 99.25550842 : Time 339.75s : 14777.72 words/s
[2019-08-07 11:51:35] Ep. 1 : Up. 10000 : Sen. 1,035,138 : Cost 92.04449463 : Time 339.29s : 14761.45 words/s
[2019-08-07 11:57:13] Ep. 1 : Up. 12000 : Sen. 1,242,206 : Cost 86.86008453 : Time 337.97s : 14773.04 words/s
[2019-08-07 12:02:50] Ep. 1 : Up. 14000 : Sen. 1,449,294 : Cost 82.72959137 : Time 337.81s : 14767.25 words/s
[2019-08-07 15:24:54] [marian] Marian v1.7.8 ec2d66e 2019-05-27 14:52:11 +0100
[2019-08-07 15:24:54] [marian] Running on bil as process 2436 with command line:
[2019-08-07 15:24:54] [marian] /fs/bil0/abdel/marian-dev/build/marian --sync-sgd --model ../experiments/100M_fasttext_x_bic1.1_+_bic1.1_dom_0.5_dcce_biced_hdiff/model/model.npz -T . --devices 1 --train-sets ../experiments/100M_fasttext_x_bic1.1_+_bic1.1_dom_0.5_dcce_biced_hdiff/data/train.bpe.de ../experiments/100M_fasttext_x_bic1.1_+_bic1.1_dom_0.5_dcce_biced_hdiff/data/train.bpe.en --vocabs ../experiments/100M_fasttext_x_bic1.1_+_bic1.1_dom_0.5_dcce_biced_hdiff/data/train.bpe.de.json ../experiments/100M_fasttext_x_bic1.1_+_bic1.1_dom_0.5_dcce_biced_hdiff/data/train.bpe.en.json --mini-batch-fit -w 3000 --dim-vocabs 50000 50000 --layer-normalization --dropout-rnn 0.2 --dropout-src 0.1 --dropout-trg 0.1 --learn-rate 0.0001 --after-epochs 0 --early-stopping 5 --valid-freq 20000 --save-freq 20000 --disp-freq 2000 --valid-mini-batch 8 --valid-sets ../experiments/100M_fasttext_x_bic1.1_+_bic1.1_dom_0.5_dcce_biced_hdiff/data/dev.bpe.de ../experiments/100M_fasttext_x_bic1.1_+_bic1.1_dom_0.5_dcce_biced_hdiff/data/dev.bpe.en --valid-metrics cross-entropy perplexity translation --valid-translation-output ../experiments/100M_fasttext_x_bic1.1_+_bic1.1_dom_0.5_dcce_biced_hdiff/model/dev.out --valid-script-path ../experiments/100M_fasttext_x_bic1.1_+_bic1.1_dom_0.5_dcce_biced_hdiff/score-dev.sh --seed 1111 --exponential-smoothing --normalize=1 --beam-size=12 --quiet-translation --log ../experiments/100M_fasttext_x_bic1.1_+_bic1.1_dom_0.5_dcce_biced_hdiff/model/train.log --valid-log ../experiments/100M_fasttext_x_bic1.1_+_bic1.1_dom_0.5_dcce_biced_hdiff/model/valid.log
[2019-08-07 15:24:54] [config] after-batches: 0
[2019-08-07 15:24:54] [config] after-epochs: 0
[2019-08-07 15:24:54] [config] allow-unk: false
[2019-08-07 15:24:54] [config] beam-size: 12
[2019-08-07 15:24:54] [config] bert-class-symbol: "[CLS]"
[2019-08-07 15:24:54] [config] bert-mask-symbol: "[MASK]"
[2019-08-07 15:24:54] [config] bert-masking-fraction: 0.15
[2019-08-07 15:24:54] [config] bert-sep-symbol: "[SEP]"
[2019-08-07 15:24:54] [config] bert-train-type-embeddings: true
[2019-08-07 15:24:54] [config] bert-type-vocab-size: 2
[2019-08-07 15:24:54] [config] best-deep: false
[2019-08-07 15:24:54] [config] clip-gemm: 0
[2019-08-07 15:24:54] [config] clip-norm: 1
[2019-08-07 15:24:54] [config] cost-type: ce-mean
[2019-08-07 15:24:54] [config] cpu-threads: 0
[2019-08-07 15:24:54] [config] data-weighting: ""
[2019-08-07 15:24:54] [config] data-weighting-type: sentence
[2019-08-07 15:24:54] [config] dec-cell: gru
[2019-08-07 15:24:54] [config] dec-cell-base-depth: 2
[2019-08-07 15:24:54] [config] dec-cell-high-depth: 1
[2019-08-07 15:24:54] [config] dec-depth: 1
[2019-08-07 15:24:54] [config] devices:
[2019-08-07 15:24:54] [config]   - 1
[2019-08-07 15:24:54] [config] dim-emb: 512
[2019-08-07 15:24:54] [config] dim-rnn: 1024
[2019-08-07 15:24:54] [config] dim-vocabs:
[2019-08-07 15:24:54] [config]   - 50000
[2019-08-07 15:24:54] [config]   - 50000
[2019-08-07 15:24:54] [config] disp-first: 0
[2019-08-07 15:24:54] [config] disp-freq: 2000
[2019-08-07 15:24:54] [config] disp-label-counts: false
[2019-08-07 15:24:54] [config] dropout-rnn: 0.2
[2019-08-07 15:24:54] [config] dropout-src: 0.1
[2019-08-07 15:24:54] [config] dropout-trg: 0.1
[2019-08-07 15:24:54] [config] dump-config: ""
[2019-08-07 15:24:54] [config] early-stopping: 5
[2019-08-07 15:24:54] [config] embedding-fix-src: false
[2019-08-07 15:24:54] [config] embedding-fix-trg: false
[2019-08-07 15:24:54] [config] embedding-normalization: false
[2019-08-07 15:24:54] [config] embedding-vectors:
[2019-08-07 15:24:54] [config]   []
[2019-08-07 15:24:54] [config] enc-cell: gru
[2019-08-07 15:24:54] [config] enc-cell-depth: 1
[2019-08-07 15:24:54] [config] enc-depth: 1
[2019-08-07 15:24:54] [config] enc-type: bidirectional
[2019-08-07 15:24:54] [config] exponential-smoothing: 0.0001
[2019-08-07 15:24:54] [config] grad-dropping-momentum: 0
[2019-08-07 15:24:54] [config] grad-dropping-rate: 0
[2019-08-07 15:24:54] [config] grad-dropping-warmup: 100
[2019-08-07 15:24:54] [config] guided-alignment: none
[2019-08-07 15:24:54] [config] guided-alignment-cost: mse
[2019-08-07 15:24:54] [config] guided-alignment-weight: 0.1
[2019-08-07 15:24:54] [config] ignore-model-config: false
[2019-08-07 15:24:54] [config] input-types:
[2019-08-07 15:24:54] [config]   []
[2019-08-07 15:24:54] [config] interpolate-env-vars: false
[2019-08-07 15:24:54] [config] keep-best: false
[2019-08-07 15:24:54] [config] label-smoothing: 0
[2019-08-07 15:24:54] [config] layer-normalization: true
[2019-08-07 15:24:54] [config] learn-rate: 0.0001
[2019-08-07 15:24:54] [config] log: ../experiments/100M_fasttext_x_bic1.1_+_bic1.1_dom_0.5_dcce_biced_hdiff/model/train.log
[2019-08-07 15:24:54] [config] log-level: info
[2019-08-07 15:24:54] [config] log-time-zone: ""
[2019-08-07 15:24:54] [config] lr-decay: 0
[2019-08-07 15:24:54] [config] lr-decay-freq: 50000
[2019-08-07 15:24:54] [config] lr-decay-inv-sqrt:
[2019-08-07 15:24:54] [config]   - 0
[2019-08-07 15:24:54] [config] lr-decay-repeat-warmup: false
[2019-08-07 15:24:54] [config] lr-decay-reset-optimizer: false
[2019-08-07 15:24:54] [config] lr-decay-start:
[2019-08-07 15:24:54] [config]   - 10
[2019-08-07 15:24:54] [config]   - 1
[2019-08-07 15:24:54] [config] lr-decay-strategy: epoch+stalled
[2019-08-07 15:24:54] [config] lr-report: false
[2019-08-07 15:24:54] [config] lr-warmup: 0
[2019-08-07 15:24:54] [config] lr-warmup-at-reload: false
[2019-08-07 15:24:54] [config] lr-warmup-cycle: false
[2019-08-07 15:24:54] [config] lr-warmup-start-rate: 0
[2019-08-07 15:24:54] [config] max-length: 50
[2019-08-07 15:24:54] [config] max-length-crop: false
[2019-08-07 15:24:54] [config] max-length-factor: 3
[2019-08-07 15:24:54] [config] maxi-batch: 100
[2019-08-07 15:24:54] [config] maxi-batch-sort: trg
[2019-08-07 15:24:54] [config] mini-batch: 64
[2019-08-07 15:24:54] [config] mini-batch-fit: true
[2019-08-07 15:24:54] [config] mini-batch-fit-step: 10
[2019-08-07 15:24:54] [config] mini-batch-overstuff: 1
[2019-08-07 15:24:54] [config] mini-batch-track-lr: false
[2019-08-07 15:24:54] [config] mini-batch-understuff: 1
[2019-08-07 15:24:54] [config] mini-batch-warmup: 0
[2019-08-07 15:24:54] [config] mini-batch-words: 0
[2019-08-07 15:24:54] [config] mini-batch-words-ref: 0
[2019-08-07 15:24:54] [config] model: ../experiments/100M_fasttext_x_bic1.1_+_bic1.1_dom_0.5_dcce_biced_hdiff/model/model.npz
[2019-08-07 15:24:54] [config] multi-loss-type: sum
[2019-08-07 15:24:54] [config] multi-node: false
[2019-08-07 15:24:54] [config] multi-node-overlap: true
[2019-08-07 15:24:54] [config] n-best: false
[2019-08-07 15:24:54] [config] no-nccl: false
[2019-08-07 15:24:54] [config] no-reload: false
[2019-08-07 15:24:54] [config] no-restore-corpus: false
[2019-08-07 15:24:54] [config] no-shuffle: false
[2019-08-07 15:24:54] [config] normalize: 1
[2019-08-07 15:24:54] [config] num-devices: 0
[2019-08-07 15:24:54] [config] optimizer: adam
[2019-08-07 15:24:54] [config] optimizer-delay: 1
[2019-08-07 15:24:54] [config] optimizer-params:
[2019-08-07 15:24:54] [config]   []
[2019-08-07 15:24:54] [config] overwrite: false
[2019-08-07 15:24:54] [config] pretrained-model: ""
[2019-08-07 15:24:54] [config] quiet: false
[2019-08-07 15:24:54] [config] quiet-translation: true
[2019-08-07 15:24:54] [config] relative-paths: false
[2019-08-07 15:24:54] [config] right-left: false
[2019-08-07 15:24:54] [config] save-freq: 20000
[2019-08-07 15:24:54] [config] seed: 1111
[2019-08-07 15:24:54] [config] shuffle-in-ram: false
[2019-08-07 15:24:54] [config] skip: false
[2019-08-07 15:24:54] [config] sqlite: ""
[2019-08-07 15:24:54] [config] sqlite-drop: false
[2019-08-07 15:24:54] [config] sync-sgd: true
[2019-08-07 15:24:54] [config] tempdir: .
[2019-08-07 15:24:54] [config] tied-embeddings: false
[2019-08-07 15:24:54] [config] tied-embeddings-all: false
[2019-08-07 15:24:54] [config] tied-embeddings-src: false
[2019-08-07 15:24:54] [config] train-sets:
[2019-08-07 15:24:54] [config]   - ../experiments/100M_fasttext_x_bic1.1_+_bic1.1_dom_0.5_dcce_biced_hdiff/data/train.bpe.de
[2019-08-07 15:24:54] [config]   - ../experiments/100M_fasttext_x_bic1.1_+_bic1.1_dom_0.5_dcce_biced_hdiff/data/train.bpe.en
[2019-08-07 15:24:54] [config] transformer-aan-activation: swish
[2019-08-07 15:24:54] [config] transformer-aan-depth: 2
[2019-08-07 15:24:54] [config] transformer-aan-nogate: false
[2019-08-07 15:24:54] [config] transformer-decoder-autoreg: self-attention
[2019-08-07 15:24:54] [config] transformer-dim-aan: 2048
[2019-08-07 15:24:54] [config] transformer-dim-ffn: 2048
[2019-08-07 15:24:54] [config] transformer-dropout: 0
[2019-08-07 15:24:54] [config] transformer-dropout-attention: 0
[2019-08-07 15:24:54] [config] transformer-dropout-ffn: 0
[2019-08-07 15:24:54] [config] transformer-ffn-activation: swish
[2019-08-07 15:24:54] [config] transformer-ffn-depth: 2
[2019-08-07 15:24:54] [config] transformer-guided-alignment-layer: last
[2019-08-07 15:24:54] [config] transformer-heads: 8
[2019-08-07 15:24:54] [config] transformer-no-projection: false
[2019-08-07 15:24:54] [config] transformer-postprocess: dan
[2019-08-07 15:24:54] [config] transformer-postprocess-emb: d
[2019-08-07 15:24:54] [config] transformer-preprocess: ""
[2019-08-07 15:24:54] [config] transformer-tied-layers:
[2019-08-07 15:24:54] [config]   []
[2019-08-07 15:24:54] [config] transformer-train-position-embeddings: false
[2019-08-07 15:24:54] [config] type: amun
[2019-08-07 15:24:54] [config] ulr: false
[2019-08-07 15:24:54] [config] ulr-dim-emb: 0
[2019-08-07 15:24:54] [config] ulr-dropout: 0
[2019-08-07 15:24:54] [config] ulr-keys-vectors: ""
[2019-08-07 15:24:54] [config] ulr-query-vectors: ""
[2019-08-07 15:24:54] [config] ulr-softmax-temperature: 1
[2019-08-07 15:24:54] [config] ulr-trainable-transformation: false
[2019-08-07 15:24:54] [config] valid-freq: 20000
[2019-08-07 15:24:54] [config] valid-log: ../experiments/100M_fasttext_x_bic1.1_+_bic1.1_dom_0.5_dcce_biced_hdiff/model/valid.log
[2019-08-07 15:24:54] [config] valid-max-length: 1000
[2019-08-07 15:24:54] [config] valid-metrics:
[2019-08-07 15:24:54] [config]   - cross-entropy
[2019-08-07 15:24:54] [config]   - perplexity
[2019-08-07 15:24:54] [config]   - translation
[2019-08-07 15:24:54] [config] valid-mini-batch: 8
[2019-08-07 15:24:54] [config] valid-script-path: ../experiments/100M_fasttext_x_bic1.1_+_bic1.1_dom_0.5_dcce_biced_hdiff/score-dev.sh
[2019-08-07 15:24:54] [config] valid-sets:
[2019-08-07 15:24:54] [config]   - ../experiments/100M_fasttext_x_bic1.1_+_bic1.1_dom_0.5_dcce_biced_hdiff/data/dev.bpe.de
[2019-08-07 15:24:54] [config]   - ../experiments/100M_fasttext_x_bic1.1_+_bic1.1_dom_0.5_dcce_biced_hdiff/data/dev.bpe.en
[2019-08-07 15:24:54] [config] valid-translation-output: ../experiments/100M_fasttext_x_bic1.1_+_bic1.1_dom_0.5_dcce_biced_hdiff/model/dev.out
[2019-08-07 15:24:54] [config] vocabs:
[2019-08-07 15:24:54] [config]   - ../experiments/100M_fasttext_x_bic1.1_+_bic1.1_dom_0.5_dcce_biced_hdiff/data/train.bpe.de.json
[2019-08-07 15:24:54] [config]   - ../experiments/100M_fasttext_x_bic1.1_+_bic1.1_dom_0.5_dcce_biced_hdiff/data/train.bpe.en.json
[2019-08-07 15:24:54] [config] word-penalty: 0
[2019-08-07 15:24:54] [config] workspace: 3000
[2019-08-07 15:24:54] [config] Model is being created with Marian v1.7.8 ec2d66e 2019-05-27 14:52:11 +0100
[2019-08-07 15:24:54] Using synchronous training
[2019-08-07 15:24:54] [data] Loading vocabulary from JSON/Yaml file ../experiments/100M_fasttext_x_bic1.1_+_bic1.1_dom_0.5_dcce_biced_hdiff/data/train.bpe.de.json
[2019-08-07 15:24:54] [data] Using unused word id eos for 0
[2019-08-07 15:24:54] [data] Using unused word id UNK for 1
[2019-08-07 15:24:54] [data] Setting vocabulary size for input 0 to 50000
[2019-08-07 15:24:54] [data] Loading vocabulary from JSON/Yaml file ../experiments/100M_fasttext_x_bic1.1_+_bic1.1_dom_0.5_dcce_biced_hdiff/data/train.bpe.en.json
[2019-08-07 15:24:54] [data] Using unused word id eos for 0
[2019-08-07 15:24:54] [data] Using unused word id UNK for 1
[2019-08-07 15:24:54] [data] Setting vocabulary size for input 1 to 50000
[2019-08-07 15:24:54] Compiled without MPI support. Falling back to FakeMPIWrapper
[2019-08-07 15:24:54] [batching] Collecting statistics for batch fitting with step size 10
[2019-08-07 15:24:56] [memory] Extending reserved space to 3072 MB (device gpu1)
[2019-08-07 15:24:57] [comm] Using NCCL 2.4.2 for GPU communication
[2019-08-07 15:24:57] [comm] NCCLCommunicator constructed successfully.
[2019-08-07 15:24:57] [training] Using 1 GPUs
[2019-08-07 15:24:57] [memory] Reserving 422 MB, device gpu1
[2019-08-07 15:24:57] [gpu] 16-bit TensorCores enabled for float32 matrix operations
[2019-08-07 15:24:57] [memory] Reserving 422 MB, device gpu1
[2019-08-07 15:25:00] [batching] Done. Typical MB size is 4042 target words
[2019-08-07 15:25:00] [memory] Extending reserved space to 3072 MB (device gpu1)
[2019-08-07 15:25:00] [comm] Using NCCL 2.4.2 for GPU communication
[2019-08-07 15:25:00] [comm] NCCLCommunicator constructed successfully.
[2019-08-07 15:25:00] [training] Using 1 GPUs
[2019-08-07 15:25:00] Training started
[2019-08-07 15:25:00] [data] Shuffling data
[2019-08-07 15:25:05] [data] Done reading 4321980 sentences
[2019-08-07 15:25:23] [data] Done shuffling 4321980 sentences to temp files
[2019-08-07 15:25:24] [training] Batches are processed as 1 process(es) x 1 devices/process
[2019-08-07 15:25:24] [memory] Reserving 422 MB, device gpu1
[2019-08-07 15:25:24] [memory] Reserving 422 MB, device gpu1
[2019-08-07 15:25:24] [memory] Reserving 422 MB, device gpu1
[2019-08-07 15:25:24] [memory] Reserving 844 MB, device gpu1
[2019-08-07 15:30:52] Ep. 1 : Up. 2000 : Sen. 206,670 : Cost 151.22456360 : Time 358.14s : 13909.44 words/s
[2019-08-07 15:36:23] Ep. 1 : Up. 4000 : Sen. 413,640 : Cost 124.60505676 : Time 330.39s : 15143.94 words/s
[2019-08-07 15:41:53] Ep. 1 : Up. 6000 : Sen. 619,695 : Cost 109.48061371 : Time 330.36s : 15052.01 words/s
[2019-08-07 15:47:25] Ep. 1 : Up. 8000 : Sen. 827,486 : Cost 99.25785065 : Time 332.11s : 15117.49 words/s
[2019-08-07 15:53:00] Ep. 1 : Up. 10000 : Sen. 1,035,138 : Cost 92.04619598 : Time 334.51s : 14972.49 words/s
[2019-08-07 15:58:32] Ep. 1 : Up. 12000 : Sen. 1,242,206 : Cost 86.86307526 : Time 331.70s : 15052.49 words/s
