[2019-07-28 14:56:10] [marian] Marian v1.7.8 ec2d66e 2019-05-27 14:52:11 +0100
[2019-07-28 14:56:10] [marian] Running on bil as process 254652 with command line:
[2019-07-28 14:56:10] [marian] /fs/bil0/abdel/marian-dev/build/marian --sync-sgd --model ../experiments/10M_bicleaner_dcce_biced/model/model.npz -T . --devices 5 --train-sets ../experiments/10M_bicleaner_dcce_biced/data/train.bpe.de ../experiments/10M_bicleaner_dcce_biced/data/train.bpe.en --vocabs ../experiments/10M_bicleaner_dcce_biced/data/train.bpe.de.json ../experiments/10M_bicleaner_dcce_biced/data/train.bpe.en.json --mini-batch-fit -w 5000 --dim-vocabs 50000 50000 --layer-normalization --dropout-rnn 0.2 --dropout-src 0.1 --dropout-trg 0.1 --learn-rate 0.0001 --after-epochs 0 --early-stopping 5 --valid-freq 20000 --save-freq 20000 --disp-freq 2000 --valid-mini-batch 8 --valid-sets ../experiments/10M_bicleaner_dcce_biced/data/dev.bpe.de ../experiments/10M_bicleaner_dcce_biced/data/dev.bpe.en --valid-metrics cross-entropy perplexity translation --valid-translation-output ../experiments/10M_bicleaner_dcce_biced/model/dev.out --valid-script-path ../experiments/10M_bicleaner_dcce_biced/score-dev.sh --seed 1111 --exponential-smoothing --normalize=1 --beam-size=12 --quiet-translation --log ../experiments/10M_bicleaner_dcce_biced/model/train.log --valid-log ../experiments/10M_bicleaner_dcce_biced/model/valid.log
[2019-07-28 14:56:10] [config] after-batches: 0
[2019-07-28 14:56:10] [config] after-epochs: 0
[2019-07-28 14:56:10] [config] allow-unk: false
[2019-07-28 14:56:10] [config] beam-size: 12
[2019-07-28 14:56:10] [config] bert-class-symbol: "[CLS]"
[2019-07-28 14:56:10] [config] bert-mask-symbol: "[MASK]"
[2019-07-28 14:56:10] [config] bert-masking-fraction: 0.15
[2019-07-28 14:56:10] [config] bert-sep-symbol: "[SEP]"
[2019-07-28 14:56:10] [config] bert-train-type-embeddings: true
[2019-07-28 14:56:10] [config] bert-type-vocab-size: 2
[2019-07-28 14:56:10] [config] best-deep: false
[2019-07-28 14:56:10] [config] clip-gemm: 0
[2019-07-28 14:56:10] [config] clip-norm: 1
[2019-07-28 14:56:10] [config] cost-type: ce-mean
[2019-07-28 14:56:10] [config] cpu-threads: 0
[2019-07-28 14:56:10] [config] data-weighting: ""
[2019-07-28 14:56:10] [config] data-weighting-type: sentence
[2019-07-28 14:56:10] [config] dec-cell: gru
[2019-07-28 14:56:10] [config] dec-cell-base-depth: 2
[2019-07-28 14:56:10] [config] dec-cell-high-depth: 1
[2019-07-28 14:56:10] [config] dec-depth: 1
[2019-07-28 14:56:10] [config] devices:
[2019-07-28 14:56:10] [config]   - 5
[2019-07-28 14:56:10] [config] dim-emb: 512
[2019-07-28 14:56:10] [config] dim-rnn: 1024
[2019-07-28 14:56:10] [config] dim-vocabs:
[2019-07-28 14:56:10] [config]   - 50000
[2019-07-28 14:56:10] [config]   - 50000
[2019-07-28 14:56:10] [config] disp-first: 0
[2019-07-28 14:56:10] [config] disp-freq: 2000
[2019-07-28 14:56:10] [config] disp-label-counts: false
[2019-07-28 14:56:10] [config] dropout-rnn: 0.2
[2019-07-28 14:56:10] [config] dropout-src: 0.1
[2019-07-28 14:56:10] [config] dropout-trg: 0.1
[2019-07-28 14:56:10] [config] dump-config: ""
[2019-07-28 14:56:10] [config] early-stopping: 5
[2019-07-28 14:56:10] [config] embedding-fix-src: false
[2019-07-28 14:56:10] [config] embedding-fix-trg: false
[2019-07-28 14:56:10] [config] embedding-normalization: false
[2019-07-28 14:56:10] [config] embedding-vectors:
[2019-07-28 14:56:10] [config]   []
[2019-07-28 14:56:10] [config] enc-cell: gru
[2019-07-28 14:56:10] [config] enc-cell-depth: 1
[2019-07-28 14:56:10] [config] enc-depth: 1
[2019-07-28 14:56:10] [config] enc-type: bidirectional
[2019-07-28 14:56:10] [config] exponential-smoothing: 0.0001
[2019-07-28 14:56:10] [config] grad-dropping-momentum: 0
[2019-07-28 14:56:10] [config] grad-dropping-rate: 0
[2019-07-28 14:56:10] [config] grad-dropping-warmup: 100
[2019-07-28 14:56:10] [config] guided-alignment: none
[2019-07-28 14:56:10] [config] guided-alignment-cost: mse
[2019-07-28 14:56:10] [config] guided-alignment-weight: 0.1
[2019-07-28 14:56:10] [config] ignore-model-config: false
[2019-07-28 14:56:10] [config] input-types:
[2019-07-28 14:56:10] [config]   []
[2019-07-28 14:56:10] [config] interpolate-env-vars: false
[2019-07-28 14:56:10] [config] keep-best: false
[2019-07-28 14:56:10] [config] label-smoothing: 0
[2019-07-28 14:56:10] [config] layer-normalization: true
[2019-07-28 14:56:10] [config] learn-rate: 0.0001
[2019-07-28 14:56:10] [config] log: ../experiments/10M_bicleaner_dcce_biced/model/train.log
[2019-07-28 14:56:10] [config] log-level: info
[2019-07-28 14:56:10] [config] log-time-zone: ""
[2019-07-28 14:56:10] [config] lr-decay: 0
[2019-07-28 14:56:10] [config] lr-decay-freq: 50000
[2019-07-28 14:56:10] [config] lr-decay-inv-sqrt:
[2019-07-28 14:56:10] [config]   - 0
[2019-07-28 14:56:10] [config] lr-decay-repeat-warmup: false
[2019-07-28 14:56:10] [config] lr-decay-reset-optimizer: false
[2019-07-28 14:56:10] [config] lr-decay-start:
[2019-07-28 14:56:10] [config]   - 10
[2019-07-28 14:56:10] [config]   - 1
[2019-07-28 14:56:10] [config] lr-decay-strategy: epoch+stalled
[2019-07-28 14:56:10] [config] lr-report: false
[2019-07-28 14:56:10] [config] lr-warmup: 0
[2019-07-28 14:56:10] [config] lr-warmup-at-reload: false
[2019-07-28 14:56:10] [config] lr-warmup-cycle: false
[2019-07-28 14:56:10] [config] lr-warmup-start-rate: 0
[2019-07-28 14:56:10] [config] max-length: 50
[2019-07-28 14:56:10] [config] max-length-crop: false
[2019-07-28 14:56:10] [config] max-length-factor: 3
[2019-07-28 14:56:10] [config] maxi-batch: 100
[2019-07-28 14:56:10] [config] maxi-batch-sort: trg
[2019-07-28 14:56:10] [config] mini-batch: 64
[2019-07-28 14:56:10] [config] mini-batch-fit: true
[2019-07-28 14:56:10] [config] mini-batch-fit-step: 10
[2019-07-28 14:56:10] [config] mini-batch-overstuff: 1
[2019-07-28 14:56:10] [config] mini-batch-track-lr: false
[2019-07-28 14:56:10] [config] mini-batch-understuff: 1
[2019-07-28 14:56:10] [config] mini-batch-warmup: 0
[2019-07-28 14:56:10] [config] mini-batch-words: 0
[2019-07-28 14:56:10] [config] mini-batch-words-ref: 0
[2019-07-28 14:56:10] [config] model: ../experiments/10M_bicleaner_dcce_biced/model/model.npz
[2019-07-28 14:56:10] [config] multi-loss-type: sum
[2019-07-28 14:56:10] [config] multi-node: false
[2019-07-28 14:56:10] [config] multi-node-overlap: true
[2019-07-28 14:56:10] [config] n-best: false
[2019-07-28 14:56:10] [config] no-nccl: false
[2019-07-28 14:56:10] [config] no-reload: false
[2019-07-28 14:56:10] [config] no-restore-corpus: false
[2019-07-28 14:56:10] [config] no-shuffle: false
[2019-07-28 14:56:10] [config] normalize: 1
[2019-07-28 14:56:10] [config] num-devices: 0
[2019-07-28 14:56:10] [config] optimizer: adam
[2019-07-28 14:56:10] [config] optimizer-delay: 1
[2019-07-28 14:56:10] [config] optimizer-params:
[2019-07-28 14:56:10] [config]   []
[2019-07-28 14:56:10] [config] overwrite: false
[2019-07-28 14:56:10] [config] pretrained-model: ""
[2019-07-28 14:56:10] [config] quiet: false
[2019-07-28 14:56:10] [config] quiet-translation: true
[2019-07-28 14:56:10] [config] relative-paths: false
[2019-07-28 14:56:10] [config] right-left: false
[2019-07-28 14:56:10] [config] save-freq: 20000
[2019-07-28 14:56:10] [config] seed: 1111
[2019-07-28 14:56:10] [config] shuffle-in-ram: false
[2019-07-28 14:56:10] [config] skip: false
[2019-07-28 14:56:10] [config] sqlite: ""
[2019-07-28 14:56:10] [config] sqlite-drop: false
[2019-07-28 14:56:10] [config] sync-sgd: true
[2019-07-28 14:56:10] [config] tempdir: .
[2019-07-28 14:56:10] [config] tied-embeddings: false
[2019-07-28 14:56:10] [config] tied-embeddings-all: false
[2019-07-28 14:56:10] [config] tied-embeddings-src: false
[2019-07-28 14:56:10] [config] train-sets:
[2019-07-28 14:56:10] [config]   - ../experiments/10M_bicleaner_dcce_biced/data/train.bpe.de
[2019-07-28 14:56:10] [config]   - ../experiments/10M_bicleaner_dcce_biced/data/train.bpe.en
[2019-07-28 14:56:10] [config] transformer-aan-activation: swish
[2019-07-28 14:56:10] [config] transformer-aan-depth: 2
[2019-07-28 14:56:10] [config] transformer-aan-nogate: false
[2019-07-28 14:56:10] [config] transformer-decoder-autoreg: self-attention
[2019-07-28 14:56:10] [config] transformer-dim-aan: 2048
[2019-07-28 14:56:10] [config] transformer-dim-ffn: 2048
[2019-07-28 14:56:10] [config] transformer-dropout: 0
[2019-07-28 14:56:10] [config] transformer-dropout-attention: 0
[2019-07-28 14:56:10] [config] transformer-dropout-ffn: 0
[2019-07-28 14:56:10] [config] transformer-ffn-activation: swish
[2019-07-28 14:56:10] [config] transformer-ffn-depth: 2
[2019-07-28 14:56:10] [config] transformer-guided-alignment-layer: last
[2019-07-28 14:56:10] [config] transformer-heads: 8
[2019-07-28 14:56:10] [config] transformer-no-projection: false
[2019-07-28 14:56:10] [config] transformer-postprocess: dan
[2019-07-28 14:56:10] [config] transformer-postprocess-emb: d
[2019-07-28 14:56:10] [config] transformer-preprocess: ""
[2019-07-28 14:56:10] [config] transformer-tied-layers:
[2019-07-28 14:56:10] [config]   []
[2019-07-28 14:56:10] [config] transformer-train-position-embeddings: false
[2019-07-28 14:56:10] [config] type: amun
[2019-07-28 14:56:10] [config] ulr: false
[2019-07-28 14:56:10] [config] ulr-dim-emb: 0
[2019-07-28 14:56:10] [config] ulr-dropout: 0
[2019-07-28 14:56:10] [config] ulr-keys-vectors: ""
[2019-07-28 14:56:10] [config] ulr-query-vectors: ""
[2019-07-28 14:56:10] [config] ulr-softmax-temperature: 1
[2019-07-28 14:56:10] [config] ulr-trainable-transformation: false
[2019-07-28 14:56:10] [config] valid-freq: 20000
[2019-07-28 14:56:10] [config] valid-log: ../experiments/10M_bicleaner_dcce_biced/model/valid.log
[2019-07-28 14:56:10] [config] valid-max-length: 1000
[2019-07-28 14:56:10] [config] valid-metrics:
[2019-07-28 14:56:10] [config]   - cross-entropy
[2019-07-28 14:56:10] [config]   - perplexity
[2019-07-28 14:56:10] [config]   - translation
[2019-07-28 14:56:10] [config] valid-mini-batch: 8
[2019-07-28 14:56:10] [config] valid-script-path: ../experiments/10M_bicleaner_dcce_biced/score-dev.sh
[2019-07-28 14:56:10] [config] valid-sets:
[2019-07-28 14:56:10] [config]   - ../experiments/10M_bicleaner_dcce_biced/data/dev.bpe.de
[2019-07-28 14:56:10] [config]   - ../experiments/10M_bicleaner_dcce_biced/data/dev.bpe.en
[2019-07-28 14:56:10] [config] valid-translation-output: ../experiments/10M_bicleaner_dcce_biced/model/dev.out
[2019-07-28 14:56:10] [config] vocabs:
[2019-07-28 14:56:10] [config]   - ../experiments/10M_bicleaner_dcce_biced/data/train.bpe.de.json
[2019-07-28 14:56:10] [config]   - ../experiments/10M_bicleaner_dcce_biced/data/train.bpe.en.json
[2019-07-28 14:56:10] [config] word-penalty: 0
[2019-07-28 14:56:10] [config] workspace: 5000
[2019-07-28 14:56:10] [config] Model is being created with Marian v1.7.8 ec2d66e 2019-05-27 14:52:11 +0100
[2019-07-28 14:56:10] Using synchronous training
[2019-07-28 14:56:10] [data] Loading vocabulary from JSON/Yaml file ../experiments/10M_bicleaner_dcce_biced/data/train.bpe.de.json
[2019-07-28 14:56:10] [data] Using unused word id eos for 0
[2019-07-28 14:56:10] [data] Using unused word id UNK for 1
[2019-07-28 14:56:10] [data] Setting vocabulary size for input 0 to 50000
[2019-07-28 14:56:10] [data] Loading vocabulary from JSON/Yaml file ../experiments/10M_bicleaner_dcce_biced/data/train.bpe.en.json
[2019-07-28 14:56:10] [data] Using unused word id eos for 0
[2019-07-28 14:56:10] [data] Using unused word id UNK for 1
[2019-07-28 14:56:10] [data] Setting vocabulary size for input 1 to 50000
[2019-07-28 14:56:10] Compiled without MPI support. Falling back to FakeMPIWrapper
[2019-07-28 14:56:10] [batching] Collecting statistics for batch fitting with step size 10
[2019-07-28 14:56:11] [memory] Extending reserved space to 5120 MB (device gpu5)
[2019-07-28 14:56:12] [comm] Using NCCL 2.4.2 for GPU communication
[2019-07-28 14:56:12] [comm] NCCLCommunicator constructed successfully.
[2019-07-28 14:56:12] [training] Using 1 GPUs
[2019-07-28 14:56:12] [memory] Reserving 422 MB, device gpu5
[2019-07-28 14:56:12] [gpu] 16-bit TensorCores enabled for float32 matrix operations
[2019-07-28 14:56:12] [memory] Reserving 422 MB, device gpu5
[2019-07-28 14:56:16] [batching] Done. Typical MB size is 6880 target words
[2019-07-28 14:56:16] [memory] Extending reserved space to 5120 MB (device gpu5)
[2019-07-28 14:56:16] [comm] Using NCCL 2.4.2 for GPU communication
[2019-07-28 14:56:16] [comm] NCCLCommunicator constructed successfully.
[2019-07-28 14:56:16] [training] Using 1 GPUs
[2019-07-28 14:56:16] Training started
[2019-07-28 14:56:16] [data] Shuffling data
[2019-07-28 14:56:17] [data] Done reading 672557 sentences
[2019-07-28 14:56:19] [data] Done shuffling 672557 sentences to temp files
[2019-07-28 14:56:20] [training] Batches are processed as 1 process(es) x 1 devices/process
[2019-07-28 14:56:20] [memory] Reserving 422 MB, device gpu5
[2019-07-28 14:56:20] [memory] Reserving 422 MB, device gpu5
[2019-07-28 14:56:20] [memory] Reserving 422 MB, device gpu5
[2019-07-28 14:56:20] [memory] Reserving 844 MB, device gpu5
[2019-07-28 15:03:27] Ep. 1 : Up. 2000 : Sen. 426,215 : Cost 112.34024048 : Time 437.03s : 19242.72 words/s
[2019-07-28 15:07:13] Seen 651252 samples
[2019-07-28 15:07:13] Starting epoch 2
[2019-07-28 15:07:13] [data] Shuffling data
[2019-07-28 15:07:14] [data] Done reading 672557 sentences
[2019-07-28 15:07:16] [data] Done shuffling 672557 sentences to temp files
[2019-07-28 15:10:39] Ep. 2 : Up. 4000 : Sen. 201,418 : Cost 77.50062561 : Time 432.07s : 19478.74 words/s
[2019-07-28 15:17:50] Ep. 2 : Up. 6000 : Sen. 629,937 : Cost 61.98384857 : Time 431.00s : 19631.44 words/s
[2019-07-28 15:18:12] Seen 651252 samples
[2019-07-28 15:18:12] Starting epoch 3
[2019-07-28 15:18:12] [data] Shuffling data
[2019-07-28 15:18:12] [data] Done reading 672557 sentences
[2019-07-28 15:18:15] [data] Done shuffling 672557 sentences to temp files
[2019-07-28 15:25:04] Ep. 3 : Up. 8000 : Sen. 406,649 : Cost 52.79213333 : Time 433.70s : 19481.57 words/s
[2019-07-28 15:29:10] Seen 651252 samples
[2019-07-28 15:29:10] Starting epoch 4
[2019-07-28 15:29:10] [data] Shuffling data
[2019-07-28 15:29:11] [data] Done reading 672557 sentences
[2019-07-28 15:29:13] [data] Done shuffling 672557 sentences to temp files
[2019-07-28 15:32:15] Ep. 4 : Up. 10000 : Sen. 181,094 : Cost 47.86858749 : Time 431.31s : 19462.52 words/s
[2019-07-28 15:39:26] Ep. 4 : Up. 12000 : Sen. 608,634 : Cost 44.53807068 : Time 430.66s : 19593.71 words/s
[2019-07-28 15:40:09] Seen 651252 samples
[2019-07-28 15:40:09] Starting epoch 5
[2019-07-28 15:40:09] [data] Shuffling data
[2019-07-28 15:40:09] [data] Done reading 672557 sentences
[2019-07-28 15:40:12] [data] Done shuffling 672557 sentences to temp files
[2019-07-28 15:46:39] Ep. 5 : Up. 14000 : Sen. 384,996 : Cost 41.30444717 : Time 433.13s : 19498.49 words/s
[2019-07-28 15:51:07] Seen 651252 samples
[2019-07-28 15:51:07] Starting epoch 6
[2019-07-28 15:51:07] [data] Shuffling data
[2019-07-28 15:51:07] [data] Done reading 672557 sentences
[2019-07-28 15:51:10] [data] Done shuffling 672557 sentences to temp files
[2019-07-28 15:53:52] Ep. 6 : Up. 16000 : Sen. 160,882 : Cost 39.54613876 : Time 432.75s : 19454.36 words/s
[2019-07-28 16:01:01] Ep. 6 : Up. 18000 : Sen. 587,010 : Cost 37.81973267 : Time 429.40s : 19592.08 words/s
[2019-07-28 16:02:06] Seen 651252 samples
[2019-07-28 16:02:06] Starting epoch 7
[2019-07-28 16:02:06] [data] Shuffling data
[2019-07-28 16:02:07] [data] Done reading 672557 sentences
[2019-07-28 16:02:09] [data] Done shuffling 672557 sentences to temp files
[2019-07-28 16:08:13] Ep. 7 : Up. 20000 : Sen. 360,903 : Cost 36.18185043 : Time 431.92s : 19435.39 words/s
[2019-07-28 16:08:13] Saving model to ../experiments/10M_bicleaner_dcce_biced/model/model.npz.orig.npz
[2019-07-28 16:08:19] Saving model to ../experiments/10M_bicleaner_dcce_biced/model/model.iter20000.npz
[2019-07-28 16:08:22] Saving model to ../experiments/10M_bicleaner_dcce_biced/model/model.npz
[2019-07-28 16:08:27] Saving Adam parameters to ../experiments/10M_bicleaner_dcce_biced/model/model.npz.optimizer.npz
[2019-07-28 16:08:44] [valid] Ep. 7 : Up. 20000 : cross-entropy : 68.8698 : new best
[2019-07-28 16:08:51] [valid] Ep. 7 : Up. 20000 : perplexity : 14.8826 : new best
[2019-07-28 16:09:42] [valid] Ep. 7 : Up. 20000 : translation : 23.06 : new best
[2019-07-28 16:14:36] Seen 651252 samples
[2019-07-28 16:14:36] Starting epoch 8
[2019-07-28 16:14:36] [data] Shuffling data
[2019-07-28 16:14:36] [data] Done reading 672557 sentences
[2019-07-28 16:14:39] [data] Done shuffling 672557 sentences to temp files
[2019-07-28 16:16:58] Ep. 8 : Up. 22000 : Sen. 138,309 : Cost 35.11982346 : Time 524.84s : 16114.26 words/s
[2019-07-28 16:24:08] Ep. 8 : Up. 24000 : Sen. 565,861 : Cost 33.75234604 : Time 430.39s : 19587.86 words/s
[2019-07-28 16:25:35] Seen 651252 samples
[2019-07-28 16:25:35] Starting epoch 9
[2019-07-28 16:25:35] [data] Shuffling data
[2019-07-28 16:25:36] [data] Done reading 672557 sentences
[2019-07-28 16:25:38] [data] Done shuffling 672557 sentences to temp files
[2019-07-28 16:31:22] Ep. 9 : Up. 26000 : Sen. 340,655 : Cost 32.84150696 : Time 433.15s : 19452.02 words/s
[2019-07-28 16:36:33] Seen 651252 samples
[2019-07-28 16:36:33] Starting epoch 10
[2019-07-28 16:36:33] [data] Shuffling data
[2019-07-28 16:36:34] [data] Done reading 672557 sentences
[2019-07-28 16:36:37] [data] Done shuffling 672557 sentences to temp files
[2019-07-28 16:38:34] Ep. 10 : Up. 28000 : Sen. 117,035 : Cost 32.03133011 : Time 432.85s : 19462.61 words/s
[2019-07-28 16:45:45] Ep. 10 : Up. 30000 : Sen. 544,000 : Cost 31.33701324 : Time 430.49s : 19585.75 words/s
[2019-07-28 16:47:33] Seen 651252 samples
[2019-07-28 16:47:33] Starting epoch 11
[2019-07-28 16:47:33] [data] Shuffling data
[2019-07-28 16:47:34] [data] Done reading 672557 sentences
[2019-07-28 16:47:36] [data] Done shuffling 672557 sentences to temp files
[2019-07-28 16:52:59] Ep. 11 : Up. 32000 : Sen. 319,520 : Cost 30.34963417 : Time 433.88s : 19408.66 words/s
[2019-07-28 16:58:33] Seen 651252 samples
[2019-07-28 16:58:33] Starting epoch 12
[2019-07-28 16:58:33] [data] Shuffling data
[2019-07-28 16:58:34] [data] Done reading 672557 sentences
[2019-07-28 16:58:36] [data] Done shuffling 672557 sentences to temp files
[2019-07-28 17:00:12] Ep. 12 : Up. 34000 : Sen. 95,596 : Cost 29.81434631 : Time 433.39s : 19457.37 words/s
[2019-07-28 17:07:23] Ep. 12 : Up. 36000 : Sen. 522,856 : Cost 29.22013855 : Time 430.42s : 19602.81 words/s
[2019-07-28 17:09:32] Seen 651252 samples
[2019-07-28 17:09:32] Starting epoch 13
[2019-07-28 17:09:32] [data] Shuffling data
[2019-07-28 17:09:32] [data] Done reading 672557 sentences
[2019-07-28 17:09:35] [data] Done shuffling 672557 sentences to temp files
[2019-07-28 17:14:36] Ep. 13 : Up. 38000 : Sen. 299,498 : Cost 28.44096375 : Time 433.65s : 19458.32 words/s
[2019-07-28 17:20:29] Seen 651252 samples
[2019-07-28 17:20:29] Starting epoch 14
[2019-07-28 17:20:29] [data] Shuffling data
[2019-07-28 17:20:30] [data] Done reading 672557 sentences
[2019-07-28 17:20:32] [data] Done shuffling 672557 sentences to temp files
[2019-07-28 17:21:49] Ep. 14 : Up. 40000 : Sen. 75,858 : Cost 28.20579147 : Time 432.43s : 19524.10 words/s
[2019-07-28 17:21:49] Saving model to ../experiments/10M_bicleaner_dcce_biced/model/model.npz.orig.npz
[2019-07-28 17:21:53] Saving model to ../experiments/10M_bicleaner_dcce_biced/model/model.iter40000.npz
[2019-07-28 17:21:55] Saving model to ../experiments/10M_bicleaner_dcce_biced/model/model.npz
[2019-07-28 17:22:00] Saving Adam parameters to ../experiments/10M_bicleaner_dcce_biced/model/model.npz.optimizer.npz
[2019-07-28 17:22:20] [valid] Ep. 14 : Up. 40000 : cross-entropy : 61.9235 : new best
[2019-07-28 17:22:26] [valid] Ep. 14 : Up. 40000 : perplexity : 11.3345 : new best
[2019-07-28 17:23:14] [valid] Ep. 14 : Up. 40000 : translation : 24.72 : new best
[2019-07-28 17:30:24] Ep. 14 : Up. 42000 : Sen. 502,413 : Cost 27.36532402 : Time 515.22s : 16345.20 words/s
[2019-07-28 17:32:53] Seen 651252 samples
[2019-07-28 17:32:53] Starting epoch 15
[2019-07-28 17:32:53] [data] Shuffling data
[2019-07-28 17:32:54] [data] Done reading 672557 sentences
[2019-07-28 17:32:56] [data] Done shuffling 672557 sentences to temp files
[2019-07-28 17:37:36] Ep. 15 : Up. 44000 : Sen. 279,088 : Cost 26.98864746 : Time 432.48s : 19531.69 words/s
[2019-07-28 17:43:50] Seen 651252 samples
[2019-07-28 17:43:50] Starting epoch 16
[2019-07-28 17:43:50] [data] Shuffling data
[2019-07-28 17:43:50] [data] Done reading 672557 sentences
[2019-07-28 17:43:53] [data] Done shuffling 672557 sentences to temp files
[2019-07-28 17:44:48] Ep. 16 : Up. 46000 : Sen. 55,427 : Cost 26.52888107 : Time 432.07s : 19509.73 words/s
[2019-07-28 17:51:58] Ep. 16 : Up. 48000 : Sen. 481,929 : Cost 26.01482582 : Time 429.09s : 19644.77 words/s
[2019-07-28 17:54:47] Seen 651252 samples
[2019-07-28 17:54:47] Starting epoch 17
[2019-07-28 17:54:47] [data] Shuffling data
[2019-07-28 17:54:47] [data] Done reading 672557 sentences
[2019-07-28 17:54:50] [data] Done shuffling 672557 sentences to temp files
[2019-07-28 17:59:09] Ep. 17 : Up. 50000 : Sen. 258,030 : Cost 25.59872818 : Time 431.75s : 19516.42 words/s
[2019-07-28 18:05:45] Seen 651252 samples
[2019-07-28 18:05:45] Starting epoch 18
[2019-07-28 18:05:45] [data] Shuffling data
[2019-07-28 18:05:45] [data] Done reading 672557 sentences
[2019-07-28 18:05:47] [data] Done shuffling 672557 sentences to temp files
[2019-07-28 18:06:23] Ep. 18 : Up. 52000 : Sen. 34,522 : Cost 25.34430122 : Time 433.26s : 19488.16 words/s
[2019-07-28 18:13:30] Ep. 18 : Up. 54000 : Sen. 458,463 : Cost 24.66277313 : Time 427.05s : 19609.54 words/s
[2019-07-28 18:16:43] Seen 651252 samples
[2019-07-28 18:16:43] Starting epoch 19
[2019-07-28 18:16:43] [data] Shuffling data
[2019-07-28 18:16:43] [data] Done reading 672557 sentences
[2019-07-28 18:16:46] [data] Done shuffling 672557 sentences to temp files
[2019-07-28 18:20:41] Ep. 19 : Up. 56000 : Sen. 234,681 : Cost 24.31385612 : Time 431.84s : 19521.91 words/s
[2019-07-28 18:27:40] Seen 651252 samples
[2019-07-28 18:27:40] Starting epoch 20
[2019-07-28 18:27:40] [data] Shuffling data
[2019-07-28 18:27:40] [data] Done reading 672557 sentences
[2019-07-28 18:27:43] [data] Done shuffling 672557 sentences to temp files
[2019-07-28 18:27:55] Ep. 20 : Up. 58000 : Sen. 11,281 : Cost 24.40016937 : Time 433.06s : 19500.99 words/s
[2019-07-28 18:35:03] Ep. 20 : Up. 60000 : Sen. 438,358 : Cost 23.61497879 : Time 428.47s : 19663.92 words/s
[2019-07-28 18:35:03] Saving model to ../experiments/10M_bicleaner_dcce_biced/model/model.npz.orig.npz
[2019-07-28 18:35:08] Saving model to ../experiments/10M_bicleaner_dcce_biced/model/model.iter60000.npz
[2019-07-28 18:35:10] Saving model to ../experiments/10M_bicleaner_dcce_biced/model/model.npz
[2019-07-28 18:35:15] Saving Adam parameters to ../experiments/10M_bicleaner_dcce_biced/model/model.npz.optimizer.npz
[2019-07-28 18:35:33] [valid] Ep. 20 : Up. 60000 : cross-entropy : 60.5055 : new best
[2019-07-28 18:35:40] [valid] Ep. 20 : Up. 60000 : perplexity : 10.7215 : new best
[2019-07-28 18:36:28] [valid] Ep. 20 : Up. 60000 : translation : 25.2 : new best
[2019-07-28 18:40:04] Seen 651252 samples
[2019-07-28 18:40:04] Starting epoch 21
[2019-07-28 18:40:04] [data] Shuffling data
[2019-07-28 18:40:04] [data] Done reading 672557 sentences
[2019-07-28 18:40:07] [data] Done shuffling 672557 sentences to temp files
[2019-07-28 18:43:41] Ep. 21 : Up. 62000 : Sen. 213,818 : Cost 23.55289841 : Time 518.48s : 16216.87 words/s
[2019-07-28 18:50:50] Ep. 21 : Up. 64000 : Sen. 640,906 : Cost 23.52073097 : Time 428.35s : 19697.86 words/s
[2019-07-28 18:51:00] Seen 651252 samples
[2019-07-28 18:51:00] Starting epoch 22
[2019-07-28 18:51:00] [data] Shuffling data
[2019-07-28 18:51:01] [data] Done reading 672557 sentences
[2019-07-28 18:51:03] [data] Done shuffling 672557 sentences to temp files
[2019-07-28 18:58:00] Ep. 22 : Up. 66000 : Sen. 416,404 : Cost 22.70278358 : Time 430.52s : 19580.21 words/s
[2019-07-28 19:01:56] Seen 651252 samples
[2019-07-28 19:01:56] Starting epoch 23
[2019-07-28 19:01:56] [data] Shuffling data
[2019-07-28 19:01:57] [data] Done reading 672557 sentences
[2019-07-28 19:01:59] [data] Done shuffling 672557 sentences to temp files
[2019-07-28 19:05:12] Ep. 23 : Up. 68000 : Sen. 192,634 : Cost 22.48634720 : Time 431.67s : 19539.30 words/s
[2019-07-28 19:12:20] Ep. 23 : Up. 70000 : Sen. 620,800 : Cost 22.30250931 : Time 427.70s : 19753.98 words/s
[2019-07-28 19:12:50] Seen 651252 samples
[2019-07-28 19:12:50] Starting epoch 24
[2019-07-28 19:12:50] [data] Shuffling data
[2019-07-28 19:12:51] [data] Done reading 672557 sentences
[2019-07-28 19:12:53] [data] Done shuffling 672557 sentences to temp files
[2019-07-28 19:19:30] Ep. 24 : Up. 72000 : Sen. 396,800 : Cost 21.86063004 : Time 430.54s : 19592.15 words/s
[2019-07-28 19:23:45] Seen 651252 samples
[2019-07-28 19:23:45] Starting epoch 25
[2019-07-28 19:23:45] [data] Shuffling data
[2019-07-28 19:23:45] [data] Done reading 672557 sentences
[2019-07-28 19:23:47] [data] Done shuffling 672557 sentences to temp files
[2019-07-28 19:26:43] Ep. 25 : Up. 74000 : Sen. 174,165 : Cost 21.79166222 : Time 432.69s : 19561.74 words/s
[2019-07-28 19:33:52] Ep. 25 : Up. 76000 : Sen. 601,774 : Cost 21.66652870 : Time 429.09s : 19642.99 words/s
[2019-07-28 19:34:42] Seen 651252 samples
[2019-07-28 19:34:42] Starting epoch 26
[2019-07-28 19:34:42] [data] Shuffling data
[2019-07-28 19:34:42] [data] Done reading 672557 sentences
[2019-07-28 19:34:45] [data] Done shuffling 672557 sentences to temp files
[2019-07-28 19:41:04] Ep. 26 : Up. 78000 : Sen. 377,119 : Cost 21.13835716 : Time 432.06s : 19485.99 words/s
[2019-07-28 19:45:40] Seen 651252 samples
[2019-07-28 19:45:40] Starting epoch 27
[2019-07-28 19:45:40] [data] Shuffling data
[2019-07-28 19:45:40] [data] Done reading 672557 sentences
[2019-07-28 19:45:42] [data] Done shuffling 672557 sentences to temp files
[2019-07-28 19:48:17] Ep. 27 : Up. 80000 : Sen. 153,426 : Cost 21.08821678 : Time 432.62s : 19509.82 words/s
[2019-07-28 19:48:17] Saving model to ../experiments/10M_bicleaner_dcce_biced/model/model.npz.orig.npz
[2019-07-28 19:48:22] Saving model to ../experiments/10M_bicleaner_dcce_biced/model/model.iter80000.npz
[2019-07-28 19:48:24] Saving model to ../experiments/10M_bicleaner_dcce_biced/model/model.npz
[2019-07-28 19:48:29] Saving Adam parameters to ../experiments/10M_bicleaner_dcce_biced/model/model.npz.optimizer.npz
[2019-07-28 19:48:47] [valid] Ep. 27 : Up. 80000 : cross-entropy : 60.681 : stalled 1 times (last best: 60.5055)
[2019-07-28 19:48:54] [valid] Ep. 27 : Up. 80000 : perplexity : 10.7955 : stalled 1 times (last best: 10.7215)
[2019-07-28 19:49:41] [valid] Ep. 27 : Up. 80000 : translation : 25.59 : new best
[2019-07-28 19:56:53] Ep. 27 : Up. 82000 : Sen. 581,421 : Cost 21.04591560 : Time 515.84s : 16382.73 words/s
[2019-07-28 19:58:02] Seen 651252 samples
[2019-07-28 19:58:02] Starting epoch 28
[2019-07-28 19:58:02] [data] Shuffling data
[2019-07-28 19:58:03] [data] Done reading 672557 sentences
[2019-07-28 19:58:05] [data] Done shuffling 672557 sentences to temp files
[2019-07-28 20:04:03] Ep. 28 : Up. 84000 : Sen. 356,814 : Cost 20.35357094 : Time 430.35s : 19571.95 words/s
[2019-07-28 20:08:57] Seen 651252 samples
[2019-07-28 20:08:57] Starting epoch 29
[2019-07-28 20:08:57] [data] Shuffling data
[2019-07-28 20:08:57] [data] Done reading 672557 sentences
[2019-07-28 20:08:59] [data] Done shuffling 672557 sentences to temp files
[2019-07-28 20:11:13] Ep. 29 : Up. 86000 : Sen. 132,528 : Cost 20.54502869 : Time 429.70s : 19589.63 words/s
[2019-07-28 20:18:19] Ep. 29 : Up. 88000 : Sen. 558,588 : Cost 20.35097122 : Time 425.91s : 19745.58 words/s
[2019-07-28 20:19:51] Seen 651252 samples
[2019-07-28 20:19:51] Starting epoch 30
[2019-07-28 20:19:51] [data] Shuffling data
[2019-07-28 20:19:52] [data] Done reading 672557 sentences
[2019-07-28 20:19:54] [data] Done shuffling 672557 sentences to temp files
[2019-07-28 20:25:30] Ep. 30 : Up. 90000 : Sen. 333,468 : Cost 19.90883827 : Time 431.91s : 19482.96 words/s
[2019-07-28 20:30:51] Seen 651252 samples
[2019-07-28 20:30:51] Starting epoch 31
[2019-07-28 20:30:51] [data] Shuffling data
[2019-07-28 20:30:51] [data] Done reading 672557 sentences
[2019-07-28 20:30:53] [data] Done shuffling 672557 sentences to temp files
[2019-07-28 20:32:42] Ep. 31 : Up. 92000 : Sen. 107,991 : Cost 19.79964256 : Time 431.98s : 19448.32 words/s
[2019-07-28 20:39:50] Ep. 31 : Up. 94000 : Sen. 535,440 : Cost 19.53670120 : Time 427.27s : 19736.26 words/s
[2019-07-28 20:41:46] Seen 651252 samples
[2019-07-28 20:41:46] Starting epoch 32
[2019-07-28 20:41:46] [data] Shuffling data
[2019-07-28 20:41:46] [data] Done reading 672557 sentences
[2019-07-28 20:41:49] [data] Done shuffling 672557 sentences to temp files
[2019-07-28 20:46:59] Ep. 32 : Up. 96000 : Sen. 310,185 : Cost 19.44718361 : Time 428.99s : 19592.32 words/s
[2019-07-28 20:52:40] Seen 651252 samples
[2019-07-28 20:52:40] Starting epoch 33
[2019-07-28 20:52:40] [data] Shuffling data
[2019-07-28 20:52:40] [data] Done reading 672557 sentences
[2019-07-28 20:52:42] [data] Done shuffling 672557 sentences to temp files
[2019-07-28 20:54:09] Ep. 33 : Up. 98000 : Sen. 86,919 : Cost 19.55370712 : Time 430.21s : 19601.50 words/s
[2019-07-28 21:01:15] Ep. 33 : Up. 100000 : Sen. 512,404 : Cost 19.07431602 : Time 426.39s : 19720.70 words/s
[2019-07-28 21:01:15] Saving model to ../experiments/10M_bicleaner_dcce_biced/model/model.npz.orig.npz
[2019-07-28 21:01:21] Saving model to ../experiments/10M_bicleaner_dcce_biced/model/model.iter100000.npz
[2019-07-28 21:01:23] Saving model to ../experiments/10M_bicleaner_dcce_biced/model/model.npz
[2019-07-28 21:01:28] Saving Adam parameters to ../experiments/10M_bicleaner_dcce_biced/model/model.npz.optimizer.npz
[2019-07-28 21:01:47] [valid] Ep. 33 : Up. 100000 : cross-entropy : 61.5697 : stalled 2 times (last best: 60.5055)
[2019-07-28 21:01:53] [valid] Ep. 33 : Up. 100000 : perplexity : 11.1783 : stalled 2 times (last best: 10.7215)
[2019-07-28 21:02:41] [valid] Ep. 33 : Up. 100000 : translation : 25.46 : stalled 1 times (last best: 25.59)
[2019-07-28 21:05:03] Seen 651252 samples
[2019-07-28 21:05:03] Starting epoch 34
[2019-07-28 21:05:03] [data] Shuffling data
[2019-07-28 21:05:04] [data] Done reading 672557 sentences
[2019-07-28 21:05:06] [data] Done shuffling 672557 sentences to temp files
[2019-07-28 21:09:57] Ep. 34 : Up. 102000 : Sen. 288,710 : Cost 18.91635895 : Time 521.50s : 16185.73 words/s
[2019-07-28 21:16:02] Seen 651252 samples
[2019-07-28 21:16:02] Starting epoch 35
[2019-07-28 21:16:02] [data] Shuffling data
[2019-07-28 21:16:02] [data] Done reading 672557 sentences
[2019-07-28 21:16:05] [data] Done shuffling 672557 sentences to temp files
[2019-07-28 21:17:10] Ep. 35 : Up. 104000 : Sen. 64,578 : Cost 19.02391624 : Time 433.00s : 19478.93 words/s
[2019-07-28 21:24:17] Ep. 35 : Up. 106000 : Sen. 491,175 : Cost 18.49185944 : Time 426.96s : 19722.22 words/s
[2019-07-28 21:26:57] Seen 651252 samples
[2019-07-28 21:26:57] Starting epoch 36
[2019-07-28 21:26:57] [data] Shuffling data
[2019-07-28 21:26:57] [data] Done reading 672557 sentences
[2019-07-28 21:27:00] [data] Done shuffling 672557 sentences to temp files
[2019-07-28 21:31:25] Ep. 36 : Up. 108000 : Sen. 264,800 : Cost 18.49893188 : Time 428.77s : 19550.24 words/s
[2019-07-28 21:37:53] Seen 651252 samples
[2019-07-28 21:37:53] Starting epoch 37
[2019-07-28 21:37:53] [data] Shuffling data
[2019-07-28 21:37:53] [data] Done reading 672557 sentences
[2019-07-28 21:37:56] [data] Done shuffling 672557 sentences to temp files
[2019-07-28 21:38:36] Ep. 37 : Up. 110000 : Sen. 40,309 : Cost 18.54312325 : Time 430.87s : 19533.98 words/s
[2019-07-28 21:45:43] Ep. 37 : Up. 112000 : Sen. 468,021 : Cost 18.02703094 : Time 427.02s : 19765.55 words/s
[2019-07-28 21:48:47] Seen 651252 samples
[2019-07-28 21:48:47] Starting epoch 38
[2019-07-28 21:48:47] [data] Shuffling data
[2019-07-28 21:48:47] [data] Done reading 672557 sentences
[2019-07-28 21:48:50] [data] Done shuffling 672557 sentences to temp files
[2019-07-28 21:52:55] Ep. 38 : Up. 114000 : Sen. 244,799 : Cost 17.88327599 : Time 431.55s : 19589.34 words/s
[2019-07-28 21:59:41] Seen 651252 samples
[2019-07-28 21:59:41] Starting epoch 39
[2019-07-28 21:59:41] [data] Shuffling data
[2019-07-28 21:59:41] [data] Done reading 672557 sentences
[2019-07-28 21:59:44] [data] Done shuffling 672557 sentences to temp files
[2019-07-28 22:00:05] Ep. 39 : Up. 116000 : Sen. 20,370 : Cost 18.07409096 : Time 429.79s : 19604.41 words/s
[2019-07-28 22:07:12] Ep. 39 : Up. 118000 : Sen. 448,698 : Cost 17.64141083 : Time 426.98s : 19761.27 words/s
[2019-07-28 22:10:35] Seen 651252 samples
[2019-07-28 22:10:35] Starting epoch 40
[2019-07-28 22:10:35] [data] Shuffling data
[2019-07-28 22:10:35] [data] Done reading 672557 sentences
[2019-07-28 22:10:38] [data] Done shuffling 672557 sentences to temp files
[2019-07-28 22:14:21] Ep. 40 : Up. 120000 : Sen. 223,596 : Cost 17.72883987 : Time 429.65s : 19614.95 words/s
[2019-07-28 22:14:21] Saving model to ../experiments/10M_bicleaner_dcce_biced/model/model.npz.orig.npz
[2019-07-28 22:14:27] Saving model to ../experiments/10M_bicleaner_dcce_biced/model/model.iter120000.npz
[2019-07-28 22:14:29] Saving model to ../experiments/10M_bicleaner_dcce_biced/model/model.npz
[2019-07-28 22:14:34] Saving Adam parameters to ../experiments/10M_bicleaner_dcce_biced/model/model.npz.optimizer.npz
[2019-07-28 22:14:53] [valid] Ep. 40 : Up. 120000 : cross-entropy : 62.8924 : stalled 3 times (last best: 60.5055)
[2019-07-28 22:14:59] [valid] Ep. 40 : Up. 120000 : perplexity : 11.7733 : stalled 3 times (last best: 10.7215)
[2019-07-28 22:15:46] [valid] Ep. 40 : Up. 120000 : translation : 25.21 : stalled 2 times (last best: 25.59)
[2019-07-28 22:22:55] Ep. 40 : Up. 122000 : Sen. 650,676 : Cost 17.59836578 : Time 513.50s : 16395.86 words/s
[2019-07-28 22:22:56] Seen 651252 samples
[2019-07-28 22:22:56] Starting epoch 41
[2019-07-28 22:22:56] [data] Shuffling data
[2019-07-28 22:22:56] [data] Done reading 672557 sentences
[2019-07-28 22:22:58] [data] Done shuffling 672557 sentences to temp files
[2019-07-28 22:30:05] Ep. 41 : Up. 124000 : Sen. 425,689 : Cost 17.19650650 : Time 430.43s : 19550.82 words/s
[2019-07-28 22:33:52] Seen 651252 samples
[2019-07-28 22:33:52] Starting epoch 42
[2019-07-28 22:33:52] [data] Shuffling data
[2019-07-28 22:33:53] [data] Done reading 672557 sentences
[2019-07-28 22:33:55] [data] Done shuffling 672557 sentences to temp files
[2019-07-28 22:37:18] Ep. 42 : Up. 126000 : Sen. 202,019 : Cost 17.37427711 : Time 432.59s : 19484.31 words/s
[2019-07-28 22:44:27] Ep. 42 : Up. 128000 : Sen. 629,118 : Cost 17.30489159 : Time 429.56s : 19628.86 words/s
[2019-07-28 22:44:50] Seen 651252 samples
[2019-07-28 22:44:50] Starting epoch 43
[2019-07-28 22:44:50] [data] Shuffling data
[2019-07-28 22:44:50] [data] Done reading 672557 sentences
[2019-07-28 22:44:53] [data] Done shuffling 672557 sentences to temp files
[2019-07-28 22:51:37] Ep. 43 : Up. 130000 : Sen. 403,200 : Cost 16.88637161 : Time 429.16s : 19580.92 words/s
[2019-07-28 22:55:45] Seen 651252 samples
[2019-07-28 22:55:45] Starting epoch 44
[2019-07-28 22:55:45] [data] Shuffling data
[2019-07-28 22:55:45] [data] Done reading 672557 sentences
[2019-07-28 22:55:48] [data] Done shuffling 672557 sentences to temp files
[2019-07-28 22:58:48] Ep. 44 : Up. 132000 : Sen. 179,723 : Cost 16.76308632 : Time 431.11s : 19559.89 words/s
[2019-07-28 23:05:56] Ep. 44 : Up. 134000 : Sen. 606,418 : Cost 16.92625809 : Time 428.29s : 19688.71 words/s
[2019-07-28 23:06:40] Seen 651252 samples
[2019-07-28 23:06:40] Starting epoch 45
[2019-07-28 23:06:40] [data] Shuffling data
[2019-07-28 23:06:41] [data] Done reading 672557 sentences
[2019-07-28 23:06:43] [data] Done shuffling 672557 sentences to temp files
[2019-07-28 23:13:08] Ep. 45 : Up. 136000 : Sen. 382,404 : Cost 16.63408279 : Time 432.00s : 19518.34 words/s
[2019-07-28 23:17:38] Seen 651252 samples
[2019-07-28 23:17:38] Starting epoch 46
[2019-07-28 23:17:38] [data] Shuffling data
[2019-07-28 23:17:39] [data] Done reading 672557 sentences
[2019-07-28 23:17:42] [data] Done shuffling 672557 sentences to temp files
[2019-07-28 23:20:19] Ep. 46 : Up. 138000 : Sen. 156,353 : Cost 16.73620605 : Time 431.50s : 19424.76 words/s
[2019-07-28 23:27:30] Ep. 46 : Up. 140000 : Sen. 583,472 : Cost 16.59813499 : Time 430.83s : 19586.32 words/s
[2019-07-28 23:27:30] Saving model to ../experiments/10M_bicleaner_dcce_biced/model/model.npz.orig.npz
[2019-07-28 23:27:37] Saving model to ../experiments/10M_bicleaner_dcce_biced/model/model.iter140000.npz
[2019-07-28 23:27:39] Saving model to ../experiments/10M_bicleaner_dcce_biced/model/model.npz
[2019-07-28 23:27:45] Saving Adam parameters to ../experiments/10M_bicleaner_dcce_biced/model/model.npz.optimizer.npz
[2019-07-28 23:28:05] [valid] Ep. 46 : Up. 140000 : cross-entropy : 64.3817 : stalled 4 times (last best: 60.5055)
[2019-07-28 23:28:11] [valid] Ep. 46 : Up. 140000 : perplexity : 12.4812 : stalled 4 times (last best: 10.7215)
[2019-07-28 23:29:01] [valid] Ep. 46 : Up. 140000 : translation : 25.22 : stalled 3 times (last best: 25.59)
[2019-07-28 23:30:11] Seen 651252 samples
[2019-07-28 23:30:11] Starting epoch 47
[2019-07-28 23:30:11] [data] Shuffling data
[2019-07-28 23:30:11] [data] Done reading 672557 sentences
[2019-07-28 23:30:14] [data] Done shuffling 672557 sentences to temp files
[2019-07-28 23:36:15] Ep. 47 : Up. 142000 : Sen. 359,758 : Cost 16.14802551 : Time 524.89s : 16055.97 words/s
[2019-07-28 23:41:09] Seen 651252 samples
[2019-07-28 23:41:09] Starting epoch 48
[2019-07-28 23:41:09] [data] Shuffling data
[2019-07-28 23:41:09] [data] Done reading 672557 sentences
[2019-07-28 23:41:12] [data] Done shuffling 672557 sentences to temp files
[2019-07-28 23:43:27] Ep. 48 : Up. 144000 : Sen. 133,877 : Cost 16.23145485 : Time 432.07s : 19450.91 words/s
[2019-07-28 23:50:38] Ep. 48 : Up. 146000 : Sen. 561,169 : Cost 16.19895172 : Time 430.35s : 19581.03 words/s
[2019-07-28 23:52:09] Seen 651252 samples
[2019-07-28 23:52:09] Starting epoch 49
[2019-07-28 23:52:09] [data] Shuffling data
[2019-07-28 23:52:09] [data] Done reading 672557 sentences
[2019-07-28 23:52:12] [data] Done shuffling 672557 sentences to temp files
[2019-07-28 23:57:50] Ep. 49 : Up. 148000 : Sen. 336,042 : Cost 16.00611115 : Time 432.26s : 19460.32 words/s
[2019-07-29 00:03:07] Seen 651252 samples
[2019-07-29 00:03:07] Starting epoch 50
[2019-07-29 00:03:07] [data] Shuffling data
[2019-07-29 00:03:07] [data] Done reading 672557 sentences
[2019-07-29 00:03:10] [data] Done shuffling 672557 sentences to temp files
[2019-07-29 00:05:04] Ep. 50 : Up. 150000 : Sen. 112,365 : Cost 16.12795067 : Time 433.87s : 19460.92 words/s
[2019-07-29 00:12:14] Ep. 50 : Up. 152000 : Sen. 540,377 : Cost 15.88074780 : Time 430.06s : 19625.62 words/s
[2019-07-29 00:14:06] Seen 651252 samples
[2019-07-29 00:14:06] Starting epoch 51
[2019-07-29 00:14:06] [data] Shuffling data
[2019-07-29 00:14:06] [data] Done reading 672557 sentences
[2019-07-29 00:14:09] [data] Done shuffling 672557 sentences to temp files
[2019-07-29 00:19:28] Ep. 51 : Up. 154000 : Sen. 317,547 : Cost 15.55277538 : Time 434.40s : 19444.58 words/s
[2019-07-29 00:25:04] Seen 651252 samples
[2019-07-29 00:25:04] Starting epoch 52
[2019-07-29 00:25:04] [data] Shuffling data
[2019-07-29 00:25:05] [data] Done reading 672557 sentences
[2019-07-29 00:25:08] [data] Done shuffling 672557 sentences to temp files
[2019-07-29 00:26:42] Ep. 52 : Up. 156000 : Sen. 92,398 : Cost 15.89903641 : Time 433.47s : 19451.37 words/s
[2019-07-29 00:33:53] Ep. 52 : Up. 158000 : Sen. 521,235 : Cost 15.39002132 : Time 431.35s : 19596.61 words/s
[2019-07-29 00:36:04] Seen 651252 samples
[2019-07-29 00:36:04] Starting epoch 53
[2019-07-29 00:36:04] [data] Shuffling data
[2019-07-29 00:36:04] [data] Done reading 672557 sentences
[2019-07-29 00:36:07] [data] Done shuffling 672557 sentences to temp files
[2019-07-29 00:41:07] Ep. 53 : Up. 160000 : Sen. 297,874 : Cost 15.41791153 : Time 433.93s : 19457.88 words/s
[2019-07-29 00:41:07] Saving model to ../experiments/10M_bicleaner_dcce_biced/model/model.npz.orig.npz
[2019-07-29 00:41:12] Saving model to ../experiments/10M_bicleaner_dcce_biced/model/model.iter160000.npz
[2019-07-29 00:41:14] Saving model to ../experiments/10M_bicleaner_dcce_biced/model/model.npz
[2019-07-29 00:41:20] Saving Adam parameters to ../experiments/10M_bicleaner_dcce_biced/model/model.npz.optimizer.npz
[2019-07-29 00:41:38] [valid] Ep. 53 : Up. 160000 : cross-entropy : 65.9366 : stalled 5 times (last best: 60.5055)
[2019-07-29 00:41:45] [valid] Ep. 53 : Up. 160000 : perplexity : 13.2658 : stalled 5 times (last best: 10.7215)
[2019-07-29 00:42:33] [valid] Ep. 53 : Up. 160000 : translation : 24.89 : stalled 4 times (last best: 25.59)
[2019-07-29 00:42:35] Training finished
[2019-07-29 00:42:40] Saving model to ../experiments/10M_bicleaner_dcce_biced/model/model.npz.orig.npz
[2019-07-29 00:42:45] Saving model to ../experiments/10M_bicleaner_dcce_biced/model/model.npz
[2019-07-29 00:42:50] Saving Adam parameters to ../experiments/10M_bicleaner_dcce_biced/model/model.npz.optimizer.npz
