[2019-06-28 16:25:53] [marian] Marian v1.7.8 ec2d66e 2019-05-27 14:52:11 +0100
[2019-06-28 16:25:53] [marian] Running on zisa as process 127205 with command line:
[2019-06-28 16:25:53] [marian] /fs/bil0/abdel/marian-dev/build/marian --sync-sgd --model ../experiments/10M_fasttext_prob_bc1.1/model/model.npz -T . --devices 2 --train-sets ../experiments/10M_fasttext_prob_bc1.1/data/train.bpe.de ../experiments/10M_fasttext_prob_bc1.1/data/train.bpe.en --vocabs ../experiments/10M_fasttext_prob_bc1.1/data/train.bpe.de.json ../experiments/10M_fasttext_prob_bc1.1/data/train.bpe.en.json --mini-batch-fit -w 3000 --dim-vocabs 50000 50000 --layer-normalization --dropout-rnn 0.2 --dropout-src 0.1 --dropout-trg 0.1 --learn-rate 0.0001 --after-epochs 0 --early-stopping 5 --valid-freq 20000 --save-freq 20000 --disp-freq 2000 --valid-mini-batch 8 --valid-sets ../experiments/10M_fasttext_prob_bc1.1/data/dev.bpe.de ../experiments/10M_fasttext_prob_bc1.1/data/dev.bpe.en --valid-metrics cross-entropy perplexity translation --valid-translation-output ../experiments/10M_fasttext_prob_bc1.1/model/dev.out --valid-script-path ../experiments/10M_fasttext_prob_bc1.1/score-dev.sh --seed 1111 --exponential-smoothing --normalize=1 --beam-size=12 --quiet-translation --log ../experiments/10M_fasttext_prob_bc1.1/model/train.log --valid-log ../experiments/10M_fasttext_prob_bc1.1/model/valid.log
[2019-06-28 16:25:53] [config] after-batches: 0
[2019-06-28 16:25:53] [config] after-epochs: 0
[2019-06-28 16:25:53] [config] allow-unk: false
[2019-06-28 16:25:53] [config] beam-size: 12
[2019-06-28 16:25:53] [config] bert-class-symbol: "[CLS]"
[2019-06-28 16:25:53] [config] bert-mask-symbol: "[MASK]"
[2019-06-28 16:25:53] [config] bert-masking-fraction: 0.15
[2019-06-28 16:25:53] [config] bert-sep-symbol: "[SEP]"
[2019-06-28 16:25:53] [config] bert-train-type-embeddings: true
[2019-06-28 16:25:53] [config] bert-type-vocab-size: 2
[2019-06-28 16:25:53] [config] best-deep: false
[2019-06-28 16:25:53] [config] clip-gemm: 0
[2019-06-28 16:25:53] [config] clip-norm: 1
[2019-06-28 16:25:53] [config] cost-type: ce-mean
[2019-06-28 16:25:53] [config] cpu-threads: 0
[2019-06-28 16:25:53] [config] data-weighting: ""
[2019-06-28 16:25:53] [config] data-weighting-type: sentence
[2019-06-28 16:25:53] [config] dec-cell: gru
[2019-06-28 16:25:53] [config] dec-cell-base-depth: 2
[2019-06-28 16:25:53] [config] dec-cell-high-depth: 1
[2019-06-28 16:25:53] [config] dec-depth: 1
[2019-06-28 16:25:53] [config] devices:
[2019-06-28 16:25:53] [config]   - 2
[2019-06-28 16:25:53] [config] dim-emb: 512
[2019-06-28 16:25:53] [config] dim-rnn: 1024
[2019-06-28 16:25:53] [config] dim-vocabs:
[2019-06-28 16:25:53] [config]   - 50000
[2019-06-28 16:25:53] [config]   - 50000
[2019-06-28 16:25:53] [config] disp-first: 0
[2019-06-28 16:25:53] [config] disp-freq: 2000
[2019-06-28 16:25:53] [config] disp-label-counts: false
[2019-06-28 16:25:53] [config] dropout-rnn: 0.2
[2019-06-28 16:25:53] [config] dropout-src: 0.1
[2019-06-28 16:25:53] [config] dropout-trg: 0.1
[2019-06-28 16:25:53] [config] dump-config: ""
[2019-06-28 16:25:53] [config] early-stopping: 5
[2019-06-28 16:25:53] [config] embedding-fix-src: false
[2019-06-28 16:25:53] [config] embedding-fix-trg: false
[2019-06-28 16:25:53] [config] embedding-normalization: false
[2019-06-28 16:25:53] [config] embedding-vectors:
[2019-06-28 16:25:53] [config]   []
[2019-06-28 16:25:53] [config] enc-cell: gru
[2019-06-28 16:25:53] [config] enc-cell-depth: 1
[2019-06-28 16:25:53] [config] enc-depth: 1
[2019-06-28 16:25:53] [config] enc-type: bidirectional
[2019-06-28 16:25:53] [config] exponential-smoothing: 0.0001
[2019-06-28 16:25:53] [config] grad-dropping-momentum: 0
[2019-06-28 16:25:53] [config] grad-dropping-rate: 0
[2019-06-28 16:25:53] [config] grad-dropping-warmup: 100
[2019-06-28 16:25:53] [config] guided-alignment: none
[2019-06-28 16:25:53] [config] guided-alignment-cost: mse
[2019-06-28 16:25:53] [config] guided-alignment-weight: 0.1
[2019-06-28 16:25:53] [config] ignore-model-config: false
[2019-06-28 16:25:53] [config] input-types:
[2019-06-28 16:25:53] [config]   []
[2019-06-28 16:25:53] [config] interpolate-env-vars: false
[2019-06-28 16:25:53] [config] keep-best: false
[2019-06-28 16:25:53] [config] label-smoothing: 0
[2019-06-28 16:25:53] [config] layer-normalization: true
[2019-06-28 16:25:53] [config] learn-rate: 0.0001
[2019-06-28 16:25:53] [config] log: ../experiments/10M_fasttext_prob_bc1.1/model/train.log
[2019-06-28 16:25:53] [config] log-level: info
[2019-06-28 16:25:53] [config] log-time-zone: ""
[2019-06-28 16:25:53] [config] lr-decay: 0
[2019-06-28 16:25:53] [config] lr-decay-freq: 50000
[2019-06-28 16:25:53] [config] lr-decay-inv-sqrt:
[2019-06-28 16:25:53] [config]   - 0
[2019-06-28 16:25:53] [config] lr-decay-repeat-warmup: false
[2019-06-28 16:25:53] [config] lr-decay-reset-optimizer: false
[2019-06-28 16:25:53] [config] lr-decay-start:
[2019-06-28 16:25:53] [config]   - 10
[2019-06-28 16:25:53] [config]   - 1
[2019-06-28 16:25:53] [config] lr-decay-strategy: epoch+stalled
[2019-06-28 16:25:53] [config] lr-report: false
[2019-06-28 16:25:53] [config] lr-warmup: 0
[2019-06-28 16:25:53] [config] lr-warmup-at-reload: false
[2019-06-28 16:25:53] [config] lr-warmup-cycle: false
[2019-06-28 16:25:53] [config] lr-warmup-start-rate: 0
[2019-06-28 16:25:53] [config] max-length: 50
[2019-06-28 16:25:53] [config] max-length-crop: false
[2019-06-28 16:25:53] [config] max-length-factor: 3
[2019-06-28 16:25:53] [config] maxi-batch: 100
[2019-06-28 16:25:53] [config] maxi-batch-sort: trg
[2019-06-28 16:25:53] [config] mini-batch: 64
[2019-06-28 16:25:53] [config] mini-batch-fit: true
[2019-06-28 16:25:53] [config] mini-batch-fit-step: 10
[2019-06-28 16:25:53] [config] mini-batch-overstuff: 1
[2019-06-28 16:25:53] [config] mini-batch-track-lr: false
[2019-06-28 16:25:53] [config] mini-batch-understuff: 1
[2019-06-28 16:25:53] [config] mini-batch-warmup: 0
[2019-06-28 16:25:53] [config] mini-batch-words: 0
[2019-06-28 16:25:53] [config] mini-batch-words-ref: 0
[2019-06-28 16:25:53] [config] model: ../experiments/10M_fasttext_prob_bc1.1/model/model.npz
[2019-06-28 16:25:53] [config] multi-loss-type: sum
[2019-06-28 16:25:53] [config] multi-node: false
[2019-06-28 16:25:53] [config] multi-node-overlap: true
[2019-06-28 16:25:53] [config] n-best: false
[2019-06-28 16:25:53] [config] no-nccl: false
[2019-06-28 16:25:53] [config] no-reload: false
[2019-06-28 16:25:53] [config] no-restore-corpus: false
[2019-06-28 16:25:53] [config] no-shuffle: false
[2019-06-28 16:25:53] [config] normalize: 1
[2019-06-28 16:25:53] [config] num-devices: 0
[2019-06-28 16:25:53] [config] optimizer: adam
[2019-06-28 16:25:53] [config] optimizer-delay: 1
[2019-06-28 16:25:53] [config] optimizer-params:
[2019-06-28 16:25:53] [config]   []
[2019-06-28 16:25:53] [config] overwrite: false
[2019-06-28 16:25:53] [config] pretrained-model: ""
[2019-06-28 16:25:53] [config] quiet: false
[2019-06-28 16:25:53] [config] quiet-translation: true
[2019-06-28 16:25:53] [config] relative-paths: false
[2019-06-28 16:25:53] [config] right-left: false
[2019-06-28 16:25:53] [config] save-freq: 20000
[2019-06-28 16:25:53] [config] seed: 1111
[2019-06-28 16:25:53] [config] shuffle-in-ram: false
[2019-06-28 16:25:53] [config] skip: false
[2019-06-28 16:25:53] [config] sqlite: ""
[2019-06-28 16:25:53] [config] sqlite-drop: false
[2019-06-28 16:25:53] [config] sync-sgd: true
[2019-06-28 16:25:53] [config] tempdir: .
[2019-06-28 16:25:53] [config] tied-embeddings: false
[2019-06-28 16:25:53] [config] tied-embeddings-all: false
[2019-06-28 16:25:53] [config] tied-embeddings-src: false
[2019-06-28 16:25:53] [config] train-sets:
[2019-06-28 16:25:53] [config]   - ../experiments/10M_fasttext_prob_bc1.1/data/train.bpe.de
[2019-06-28 16:25:53] [config]   - ../experiments/10M_fasttext_prob_bc1.1/data/train.bpe.en
[2019-06-28 16:25:53] [config] transformer-aan-activation: swish
[2019-06-28 16:25:53] [config] transformer-aan-depth: 2
[2019-06-28 16:25:53] [config] transformer-aan-nogate: false
[2019-06-28 16:25:53] [config] transformer-decoder-autoreg: self-attention
[2019-06-28 16:25:53] [config] transformer-dim-aan: 2048
[2019-06-28 16:25:53] [config] transformer-dim-ffn: 2048
[2019-06-28 16:25:53] [config] transformer-dropout: 0
[2019-06-28 16:25:53] [config] transformer-dropout-attention: 0
[2019-06-28 16:25:53] [config] transformer-dropout-ffn: 0
[2019-06-28 16:25:53] [config] transformer-ffn-activation: swish
[2019-06-28 16:25:53] [config] transformer-ffn-depth: 2
[2019-06-28 16:25:53] [config] transformer-guided-alignment-layer: last
[2019-06-28 16:25:53] [config] transformer-heads: 8
[2019-06-28 16:25:53] [config] transformer-no-projection: false
[2019-06-28 16:25:53] [config] transformer-postprocess: dan
[2019-06-28 16:25:53] [config] transformer-postprocess-emb: d
[2019-06-28 16:25:53] [config] transformer-preprocess: ""
[2019-06-28 16:25:53] [config] transformer-tied-layers:
[2019-06-28 16:25:53] [config]   []
[2019-06-28 16:25:53] [config] transformer-train-position-embeddings: false
[2019-06-28 16:25:53] [config] type: amun
[2019-06-28 16:25:53] [config] ulr: false
[2019-06-28 16:25:53] [config] ulr-dim-emb: 0
[2019-06-28 16:25:53] [config] ulr-dropout: 0
[2019-06-28 16:25:53] [config] ulr-keys-vectors: ""
[2019-06-28 16:25:53] [config] ulr-query-vectors: ""
[2019-06-28 16:25:53] [config] ulr-softmax-temperature: 1
[2019-06-28 16:25:53] [config] ulr-trainable-transformation: false
[2019-06-28 16:25:53] [config] valid-freq: 20000
[2019-06-28 16:25:53] [config] valid-log: ../experiments/10M_fasttext_prob_bc1.1/model/valid.log
[2019-06-28 16:25:53] [config] valid-max-length: 1000
[2019-06-28 16:25:53] [config] valid-metrics:
[2019-06-28 16:25:53] [config]   - cross-entropy
[2019-06-28 16:25:53] [config]   - perplexity
[2019-06-28 16:25:53] [config]   - translation
[2019-06-28 16:25:53] [config] valid-mini-batch: 8
[2019-06-28 16:25:53] [config] valid-script-path: ../experiments/10M_fasttext_prob_bc1.1/score-dev.sh
[2019-06-28 16:25:53] [config] valid-sets:
[2019-06-28 16:25:53] [config]   - ../experiments/10M_fasttext_prob_bc1.1/data/dev.bpe.de
[2019-06-28 16:25:53] [config]   - ../experiments/10M_fasttext_prob_bc1.1/data/dev.bpe.en
[2019-06-28 16:25:53] [config] valid-translation-output: ../experiments/10M_fasttext_prob_bc1.1/model/dev.out
[2019-06-28 16:25:53] [config] vocabs:
[2019-06-28 16:25:53] [config]   - ../experiments/10M_fasttext_prob_bc1.1/data/train.bpe.de.json
[2019-06-28 16:25:53] [config]   - ../experiments/10M_fasttext_prob_bc1.1/data/train.bpe.en.json
[2019-06-28 16:25:53] [config] word-penalty: 0
[2019-06-28 16:25:53] [config] workspace: 3000
[2019-06-28 16:25:53] [config] Model is being created with Marian v1.7.8 ec2d66e 2019-05-27 14:52:11 +0100
[2019-06-28 16:25:53] Using synchronous training
[2019-06-28 16:25:53] [data] Loading vocabulary from JSON/Yaml file ../experiments/10M_fasttext_prob_bc1.1/data/train.bpe.de.json
[2019-06-28 16:25:54] [data] Using unused word id eos for 0
[2019-06-28 16:25:54] [data] Using unused word id UNK for 1
[2019-06-28 16:25:54] [data] Setting vocabulary size for input 0 to 50000
[2019-06-28 16:25:54] [data] Loading vocabulary from JSON/Yaml file ../experiments/10M_fasttext_prob_bc1.1/data/train.bpe.en.json
[2019-06-28 16:25:54] [data] Using unused word id eos for 0
[2019-06-28 16:25:54] [data] Using unused word id UNK for 1
[2019-06-28 16:25:54] [data] Setting vocabulary size for input 1 to 50000
[2019-06-28 16:25:54] Compiled without MPI support. Falling back to FakeMPIWrapper
[2019-06-28 16:25:54] [batching] Collecting statistics for batch fitting with step size 10
[2019-06-28 16:25:55] [memory] Extending reserved space to 3072 MB (device gpu2)
[2019-06-28 16:25:55] [comm] Using NCCL 2.4.2 for GPU communication
[2019-06-28 16:25:55] [comm] NCCLCommunicator constructed successfully.
[2019-06-28 16:25:55] [training] Using 1 GPUs
[2019-06-28 16:25:55] [memory] Reserving 422 MB, device gpu2
[2019-06-28 16:25:55] [gpu] 16-bit TensorCores enabled for float32 matrix operations
[2019-06-28 16:25:55] [memory] Reserving 422 MB, device gpu2
[2019-06-28 16:26:02] [batching] Done. Typical MB size is 4042 target words
[2019-06-28 16:26:02] [memory] Extending reserved space to 3072 MB (device gpu2)
[2019-06-28 16:26:02] [comm] Using NCCL 2.4.2 for GPU communication
[2019-06-28 16:26:02] [comm] NCCLCommunicator constructed successfully.
[2019-06-28 16:26:02] [training] Using 1 GPUs
[2019-06-28 16:26:02] Training started
[2019-06-28 16:26:02] [data] Shuffling data
[2019-06-28 16:26:02] [data] Done reading 618718 sentences
[2019-06-28 16:26:05] [data] Done shuffling 618718 sentences to temp files
[2019-06-28 16:26:07] [training] Batches are processed as 1 process(es) x 1 devices/process
[2019-06-28 16:26:07] [memory] Reserving 422 MB, device gpu2
[2019-06-28 16:26:07] [memory] Reserving 422 MB, device gpu2
[2019-06-28 16:26:07] [memory] Reserving 422 MB, device gpu2
[2019-06-28 16:26:08] [memory] Reserving 844 MB, device gpu2
[2019-06-28 16:38:42] Ep. 1 : Up. 2000 : Sen. 258,240 : Cost 115.82025146 : Time 768.42s : 6776.13 words/s
[2019-06-28 16:51:24] Ep. 1 : Up. 4000 : Sen. 517,315 : Cost 84.23011017 : Time 761.70s : 6860.09 words/s
[2019-06-28 16:54:49] Seen 586961 samples
[2019-06-28 16:54:49] Starting epoch 2
[2019-06-28 16:54:49] [data] Shuffling data
[2019-06-28 16:54:50] [data] Done reading 618718 sentences
[2019-06-28 16:54:52] [data] Done shuffling 618718 sentences to temp files
[2019-06-28 17:04:07] Ep. 2 : Up. 6000 : Sen. 188,259 : Cost 68.97791290 : Time 763.43s : 6826.51 words/s
[2019-06-28 17:16:44] Ep. 2 : Up. 8000 : Sen. 446,304 : Cost 60.09988785 : Time 756.39s : 6879.19 words/s
[2019-06-28 17:23:36] Seen 586961 samples
[2019-06-28 17:23:36] Starting epoch 3
[2019-06-28 17:23:36] [data] Shuffling data
[2019-06-28 17:23:37] [data] Done reading 618718 sentences
[2019-06-28 17:23:38] [data] Done shuffling 618718 sentences to temp files
[2019-06-28 17:29:29] Ep. 3 : Up. 10000 : Sen. 118,459 : Cost 54.11002731 : Time 764.78s : 6835.49 words/s
[2019-06-28 17:42:08] Ep. 3 : Up. 12000 : Sen. 377,190 : Cost 49.95891571 : Time 759.18s : 6872.63 words/s
[2019-06-28 17:52:23] Seen 586961 samples
[2019-06-28 17:52:23] Starting epoch 4
[2019-06-28 17:52:23] [data] Shuffling data
[2019-06-28 17:52:23] [data] Done reading 618718 sentences
[2019-06-28 17:52:25] [data] Done shuffling 618718 sentences to temp files
[2019-06-28 17:54:52] Ep. 4 : Up. 14000 : Sen. 49,791 : Cost 47.09497070 : Time 764.75s : 6839.49 words/s
[2019-06-28 18:07:31] Ep. 4 : Up. 16000 : Sen. 308,163 : Cost 44.06188583 : Time 758.49s : 6868.08 words/s
[2019-06-28 18:20:11] Ep. 4 : Up. 18000 : Sen. 566,306 : Cost 43.19314575 : Time 760.13s : 6870.50 words/s
[2019-06-28 18:21:10] Seen 586961 samples
[2019-06-28 18:21:10] Starting epoch 5
[2019-06-28 18:21:10] [data] Shuffling data
[2019-06-28 18:21:11] [data] Done reading 618718 sentences
[2019-06-28 18:21:13] [data] Done shuffling 618718 sentences to temp files
[2019-06-28 18:32:54] Ep. 5 : Up. 20000 : Sen. 238,174 : Cost 40.17664719 : Time 763.36s : 6828.31 words/s
[2019-06-28 18:32:54] Saving model to ../experiments/10M_fasttext_prob_bc1.1/model/model.npz.orig.npz
[2019-06-28 18:33:03] Saving model to ../experiments/10M_fasttext_prob_bc1.1/model/model.iter20000.npz
[2019-06-28 18:33:09] Saving model to ../experiments/10M_fasttext_prob_bc1.1/model/model.npz
[2019-06-28 18:33:18] Saving Adam parameters to ../experiments/10M_fasttext_prob_bc1.1/model/model.npz.optimizer.npz
[2019-06-28 18:33:43] [valid] Ep. 5 : Up. 20000 : cross-entropy : 73.9464 : new best
[2019-06-28 18:33:52] [valid] Ep. 5 : Up. 20000 : perplexity : 18.154 : new best
[2019-06-28 18:35:10] [valid] Ep. 5 : Up. 20000 : translation : 21.77 : new best
[2019-06-28 18:47:52] Ep. 5 : Up. 22000 : Sen. 496,718 : Cost 39.73628235 : Time 897.78s : 5806.26 words/s
[2019-06-28 18:52:19] Seen 586961 samples
[2019-06-28 18:52:19] Starting epoch 6
[2019-06-28 18:52:19] [data] Shuffling data
[2019-06-28 18:52:20] [data] Done reading 618718 sentences
[2019-06-28 18:52:23] [data] Done shuffling 618718 sentences to temp files
[2019-06-28 19:00:43] Ep. 6 : Up. 24000 : Sen. 168,794 : Cost 38.25102234 : Time 770.50s : 6781.82 words/s
[2019-06-28 19:13:29] Ep. 6 : Up. 26000 : Sen. 427,168 : Cost 37.18331528 : Time 766.00s : 6812.77 words/s
[2019-06-28 19:21:22] Seen 586961 samples
[2019-06-28 19:21:22] Starting epoch 7
[2019-06-28 19:21:22] [data] Shuffling data
[2019-06-28 19:21:23] [data] Done reading 618718 sentences
[2019-06-28 19:21:25] [data] Done shuffling 618718 sentences to temp files
[2019-06-28 19:26:24] Ep. 7 : Up. 28000 : Sen. 100,047 : Cost 36.05918884 : Time 775.42s : 6758.72 words/s
[2019-06-28 19:39:09] Ep. 7 : Up. 30000 : Sen. 358,060 : Cost 35.22903442 : Time 765.05s : 6794.43 words/s
[2019-06-28 19:50:28] Seen 586961 samples
[2019-06-28 19:50:28] Starting epoch 8
[2019-06-28 19:50:28] [data] Shuffling data
[2019-06-28 19:50:30] [data] Done reading 618718 sentences
[2019-06-28 19:50:32] [data] Done shuffling 618718 sentences to temp files
[2019-06-28 19:52:02] Ep. 8 : Up. 32000 : Sen. 29,038 : Cost 34.75526428 : Time 772.48s : 6741.52 words/s
[2019-06-28 20:04:50] Ep. 8 : Up. 34000 : Sen. 288,487 : Cost 33.45519257 : Time 768.75s : 6806.13 words/s
[2019-06-28 20:17:36] Ep. 8 : Up. 36000 : Sen. 547,367 : Cost 33.45207214 : Time 765.66s : 6813.49 words/s
[2019-06-28 20:19:34] Seen 586961 samples
[2019-06-28 20:19:34] Starting epoch 9
[2019-06-28 20:19:34] [data] Shuffling data
[2019-06-28 20:19:36] [data] Done reading 618718 sentences
[2019-06-28 20:19:38] [data] Done shuffling 618718 sentences to temp files
[2019-06-28 20:30:29] Ep. 9 : Up. 38000 : Sen. 218,410 : Cost 32.17762756 : Time 772.86s : 6747.50 words/s
[2019-06-28 20:43:13] Ep. 9 : Up. 40000 : Sen. 476,770 : Cost 32.10026169 : Time 764.52s : 6815.81 words/s
[2019-06-28 20:43:13] Saving model to ../experiments/10M_fasttext_prob_bc1.1/model/model.npz.orig.npz
[2019-06-28 20:43:22] Saving model to ../experiments/10M_fasttext_prob_bc1.1/model/model.iter40000.npz
[2019-06-28 20:43:29] Saving model to ../experiments/10M_fasttext_prob_bc1.1/model/model.npz
[2019-06-28 20:43:39] Saving Adam parameters to ../experiments/10M_fasttext_prob_bc1.1/model/model.npz.optimizer.npz
[2019-06-28 20:44:05] [valid] Ep. 9 : Up. 40000 : cross-entropy : 64.6437 : new best
[2019-06-28 20:44:15] [valid] Ep. 9 : Up. 40000 : perplexity : 12.6064 : new best
[2019-06-28 20:45:34] [valid] Ep. 9 : Up. 40000 : translation : 24.4 : new best
[2019-06-28 20:51:02] Seen 586961 samples
[2019-06-28 20:51:02] Starting epoch 10
[2019-06-28 20:51:02] [data] Shuffling data
[2019-06-28 20:51:03] [data] Done reading 618718 sentences
[2019-06-28 20:51:06] [data] Done shuffling 618718 sentences to temp files
[2019-06-28 20:58:29] Ep. 10 : Up. 42000 : Sen. 149,668 : Cost 30.99178886 : Time 915.74s : 5726.97 words/s
[2019-06-28 21:11:18] Ep. 10 : Up. 44000 : Sen. 408,314 : Cost 30.73526001 : Time 769.05s : 6781.40 words/s
[2019-06-28 21:20:12] Seen 586961 samples
[2019-06-28 21:20:12] Starting epoch 11
[2019-06-28 21:20:12] [data] Shuffling data
[2019-06-28 21:20:13] [data] Done reading 618718 sentences
[2019-06-28 21:20:15] [data] Done shuffling 618718 sentences to temp files
[2019-06-28 21:24:14] Ep. 11 : Up. 46000 : Sen. 79,079 : Cost 30.41196823 : Time 775.35s : 6715.49 words/s
[2019-06-28 21:37:05] Ep. 11 : Up. 48000 : Sen. 338,499 : Cost 29.49553108 : Time 771.32s : 6780.24 words/s
[2019-06-28 21:49:23] Seen 586961 samples
[2019-06-28 21:49:23] Starting epoch 12
[2019-06-28 21:49:23] [data] Shuffling data
[2019-06-28 21:49:24] [data] Done reading 618718 sentences
[2019-06-28 21:49:27] [data] Done shuffling 618718 sentences to temp files
[2019-06-28 21:49:57] Ep. 12 : Up. 50000 : Sen. 10,097 : Cost 29.75259590 : Time 771.95s : 6741.24 words/s
[2019-06-28 22:02:45] Ep. 12 : Up. 52000 : Sen. 268,800 : Cost 28.32730103 : Time 768.40s : 6788.13 words/s
[2019-06-28 22:15:35] Ep. 12 : Up. 54000 : Sen. 526,211 : Cost 28.90569496 : Time 769.33s : 6767.14 words/s
[2019-06-28 22:18:33] Seen 586961 samples
[2019-06-28 22:18:33] Starting epoch 13
[2019-06-28 22:18:33] [data] Shuffling data
[2019-06-28 22:18:34] [data] Done reading 618718 sentences
[2019-06-28 22:18:37] [data] Done shuffling 618718 sentences to temp files
[2019-06-28 22:28:26] Ep. 13 : Up. 56000 : Sen. 198,842 : Cost 27.78391266 : Time 771.74s : 6770.16 words/s
[2019-06-28 22:41:11] Ep. 13 : Up. 58000 : Sen. 456,387 : Cost 27.86293602 : Time 764.81s : 6787.24 words/s
[2019-06-28 22:47:39] Seen 586961 samples
[2019-06-28 22:47:39] Starting epoch 14
[2019-06-28 22:47:39] [data] Shuffling data
[2019-06-28 22:47:39] [data] Done reading 618718 sentences
[2019-06-28 22:47:42] [data] Done shuffling 618718 sentences to temp files
[2019-06-28 22:54:03] Ep. 14 : Up. 60000 : Sen. 127,922 : Cost 27.21021843 : Time 771.93s : 6762.41 words/s
[2019-06-28 22:54:03] Saving model to ../experiments/10M_fasttext_prob_bc1.1/model/model.npz.orig.npz
[2019-06-28 22:54:13] Saving model to ../experiments/10M_fasttext_prob_bc1.1/model/model.iter60000.npz
[2019-06-28 22:54:20] Saving model to ../experiments/10M_fasttext_prob_bc1.1/model/model.npz
[2019-06-28 22:54:30] Saving Adam parameters to ../experiments/10M_fasttext_prob_bc1.1/model/model.npz.optimizer.npz
[2019-06-28 22:54:57] [valid] Ep. 14 : Up. 60000 : cross-entropy : 62.0502 : new best
[2019-06-28 22:55:07] [valid] Ep. 14 : Up. 60000 : perplexity : 11.3877 : new best
[2019-06-28 22:56:25] [valid] Ep. 14 : Up. 60000 : translation : 25.26 : new best
[2019-06-28 23:09:13] Ep. 14 : Up. 62000 : Sen. 386,291 : Cost 27.08569527 : Time 909.54s : 5742.87 words/s
[2019-06-28 23:19:05] Seen 586961 samples
[2019-06-28 23:19:05] Starting epoch 15
[2019-06-28 23:19:05] [data] Shuffling data
[2019-06-28 23:19:06] [data] Done reading 618718 sentences
[2019-06-28 23:19:08] [data] Done shuffling 618718 sentences to temp files
[2019-06-28 23:22:01] Ep. 15 : Up. 64000 : Sen. 57,600 : Cost 26.82716560 : Time 767.87s : 6775.33 words/s
[2019-06-28 23:34:46] Ep. 15 : Up. 66000 : Sen. 316,411 : Cost 26.21230507 : Time 765.74s : 6822.86 words/s
[2019-06-28 23:47:44] Ep. 15 : Up. 68000 : Sen. 574,745 : Cost 26.49670792 : Time 777.38s : 6699.43 words/s
[2019-06-28 23:48:21] Seen 586961 samples
[2019-06-28 23:48:21] Starting epoch 16
[2019-06-28 23:48:21] [data] Shuffling data
[2019-06-28 23:48:22] [data] Done reading 618718 sentences
[2019-06-28 23:48:25] [data] Done shuffling 618718 sentences to temp files
[2019-06-29 00:00:48] Ep. 16 : Up. 70000 : Sen. 247,336 : Cost 25.46013260 : Time 784.01s : 6676.34 words/s
[2019-06-29 00:13:28] Ep. 16 : Up. 72000 : Sen. 505,395 : Cost 25.84537315 : Time 760.19s : 6854.63 words/s
[2019-06-29 00:17:27] Seen 586961 samples
[2019-06-29 00:17:27] Starting epoch 17
[2019-06-29 00:17:27] [data] Shuffling data
[2019-06-29 00:17:28] [data] Done reading 618718 sentences
[2019-06-29 00:17:30] [data] Done shuffling 618718 sentences to temp files
[2019-06-29 00:26:16] Ep. 17 : Up. 74000 : Sen. 177,868 : Cost 25.01082420 : Time 768.01s : 6806.40 words/s
[2019-06-29 00:40:13] Ep. 17 : Up. 76000 : Sen. 437,216 : Cost 24.91908646 : Time 837.23s : 6251.51 words/s
[2019-06-29 00:48:22] Seen 586961 samples
[2019-06-29 00:48:22] Starting epoch 18
[2019-06-29 00:48:22] [data] Shuffling data
[2019-06-29 00:48:24] [data] Done reading 618718 sentences
[2019-06-29 00:48:28] [data] Done shuffling 618718 sentences to temp files
[2019-06-29 00:54:21] Ep. 18 : Up. 78000 : Sen. 108,571 : Cost 24.39400101 : Time 847.83s : 6147.70 words/s
[2019-06-29 01:08:41] Ep. 18 : Up. 80000 : Sen. 366,478 : Cost 24.05510139 : Time 859.82s : 6053.77 words/s
[2019-06-29 01:08:41] Saving model to ../experiments/10M_fasttext_prob_bc1.1/model/model.npz.orig.npz
[2019-06-29 01:09:52] Saving model to ../experiments/10M_fasttext_prob_bc1.1/model/model.iter80000.npz
[2019-06-29 01:10:04] Saving model to ../experiments/10M_fasttext_prob_bc1.1/model/model.npz
[2019-06-29 01:10:15] Saving Adam parameters to ../experiments/10M_fasttext_prob_bc1.1/model/model.npz.optimizer.npz
[2019-06-29 01:11:56] [valid] Ep. 18 : Up. 80000 : cross-entropy : 61.5257 : new best
[2019-06-29 01:12:11] [valid] Ep. 18 : Up. 80000 : perplexity : 11.1559 : new best
[2019-06-29 01:13:47] [valid] Ep. 18 : Up. 80000 : translation : 25.33 : new best
[2019-06-29 01:25:07] Seen 586961 samples
[2019-06-29 01:25:07] Starting epoch 19
[2019-06-29 01:25:07] [data] Shuffling data
[2019-06-29 01:25:12] [data] Done reading 618718 sentences
[2019-06-29 01:25:14] [data] Done shuffling 618718 sentences to temp files
[2019-06-29 01:27:08] Ep. 19 : Up. 82000 : Sen. 38,265 : Cost 24.56765175 : Time 1107.53s : 4707.72 words/s
[2019-06-29 01:39:35] Ep. 19 : Up. 84000 : Sen. 297,280 : Cost 23.46370316 : Time 746.55s : 6989.75 words/s
[2019-06-29 01:52:02] Ep. 19 : Up. 86000 : Sen. 555,570 : Cost 24.11633110 : Time 747.16s : 6987.59 words/s
[2019-06-29 01:53:32] Seen 586961 samples
[2019-06-29 01:53:32] Starting epoch 20
[2019-06-29 01:53:32] [data] Shuffling data
[2019-06-29 01:53:32] [data] Done reading 618718 sentences
[2019-06-29 01:53:34] [data] Done shuffling 618718 sentences to temp files
[2019-06-29 02:04:34] Ep. 20 : Up. 88000 : Sen. 226,882 : Cost 23.05236626 : Time 751.87s : 6946.93 words/s
[2019-06-29 02:17:02] Ep. 20 : Up. 90000 : Sen. 486,688 : Cost 23.47895622 : Time 748.63s : 6983.40 words/s
[2019-06-29 02:21:52] Seen 586961 samples
[2019-06-29 02:21:52] Starting epoch 21
[2019-06-29 02:21:52] [data] Shuffling data
[2019-06-29 02:21:52] [data] Done reading 618718 sentences
[2019-06-29 02:21:54] [data] Done shuffling 618718 sentences to temp files
[2019-06-29 02:29:36] Ep. 21 : Up. 92000 : Sen. 159,891 : Cost 22.97081757 : Time 753.32s : 6956.75 words/s
[2019-06-29 02:42:00] Ep. 21 : Up. 94000 : Sen. 417,236 : Cost 22.77247238 : Time 744.44s : 6982.62 words/s
[2019-06-29 02:50:30] Seen 586961 samples
[2019-06-29 02:50:30] Starting epoch 22
[2019-06-29 02:50:30] [data] Shuffling data
[2019-06-29 02:50:31] [data] Done reading 618718 sentences
[2019-06-29 02:50:34] [data] Done shuffling 618718 sentences to temp files
[2019-06-29 02:55:06] Ep. 22 : Up. 96000 : Sen. 87,702 : Cost 22.80689240 : Time 785.39s : 6611.55 words/s
[2019-06-29 03:08:08] Ep. 22 : Up. 98000 : Sen. 346,718 : Cost 22.18312836 : Time 782.26s : 6672.11 words/s
[2019-06-29 03:20:20] Seen 586961 samples
[2019-06-29 03:20:20] Starting epoch 23
[2019-06-29 03:20:20] [data] Shuffling data
[2019-06-29 03:20:21] [data] Done reading 618718 sentences
[2019-06-29 03:20:22] [data] Done shuffling 618718 sentences to temp files
[2019-06-29 03:21:15] Ep. 23 : Up. 100000 : Sen. 17,411 : Cost 22.21804047 : Time 786.65s : 6604.47 words/s
[2019-06-29 03:21:15] Saving model to ../experiments/10M_fasttext_prob_bc1.1/model/model.npz.orig.npz
[2019-06-29 03:21:24] Saving model to ../experiments/10M_fasttext_prob_bc1.1/model/model.iter100000.npz
[2019-06-29 03:21:31] Saving model to ../experiments/10M_fasttext_prob_bc1.1/model/model.npz
[2019-06-29 03:21:41] Saving Adam parameters to ../experiments/10M_fasttext_prob_bc1.1/model/model.npz.optimizer.npz
[2019-06-29 03:22:11] [valid] Ep. 23 : Up. 100000 : cross-entropy : 61.7953 : stalled 1 times (last best: 61.5257)
[2019-06-29 03:22:22] [valid] Ep. 23 : Up. 100000 : perplexity : 11.2744 : stalled 1 times (last best: 11.1559)
[2019-06-29 03:24:01] [valid] Ep. 23 : Up. 100000 : translation : 25.41 : new best
[2019-06-29 03:37:03] Ep. 23 : Up. 102000 : Sen. 275,728 : Cost 21.59068108 : Time 948.41s : 5497.48 words/s
[2019-06-29 03:49:35] Ep. 23 : Up. 104000 : Sen. 534,366 : Cost 22.08144379 : Time 752.30s : 6926.38 words/s
[2019-06-29 03:52:09] Seen 586961 samples
[2019-06-29 03:52:09] Starting epoch 24
[2019-06-29 03:52:09] [data] Shuffling data
[2019-06-29 03:52:10] [data] Done reading 618718 sentences
[2019-06-29 03:52:12] [data] Done shuffling 618718 sentences to temp files
[2019-06-29 04:02:10] Ep. 24 : Up. 106000 : Sen. 206,090 : Cost 21.55123711 : Time 754.77s : 6923.53 words/s
[2019-06-29 04:14:42] Ep. 24 : Up. 108000 : Sen. 464,781 : Cost 21.60779762 : Time 751.66s : 6940.29 words/s
[2019-06-29 04:20:37] Seen 586961 samples
[2019-06-29 04:20:37] Starting epoch 25
[2019-06-29 04:20:37] [data] Shuffling data
[2019-06-29 04:20:38] [data] Done reading 618718 sentences
[2019-06-29 04:20:40] [data] Done shuffling 618718 sentences to temp files
[2019-06-29 04:27:21] Ep. 25 : Up. 110000 : Sen. 136,703 : Cost 21.40238380 : Time 759.38s : 6877.37 words/s
[2019-06-29 04:39:54] Ep. 25 : Up. 112000 : Sen. 395,498 : Cost 21.08981705 : Time 753.34s : 6941.44 words/s
[2019-06-29 04:49:10] Seen 586961 samples
[2019-06-29 04:49:10] Starting epoch 26
[2019-06-29 04:49:10] [data] Shuffling data
[2019-06-29 04:49:11] [data] Done reading 618718 sentences
[2019-06-29 04:49:13] [data] Done shuffling 618718 sentences to temp files
[2019-06-29 04:52:31] Ep. 26 : Up. 114000 : Sen. 66,904 : Cost 21.20487595 : Time 756.71s : 6892.81 words/s
[2019-06-29 05:05:01] Ep. 26 : Up. 116000 : Sen. 325,700 : Cost 20.50605202 : Time 749.76s : 6950.26 words/s
[2019-06-29 05:17:29] Ep. 26 : Up. 118000 : Sen. 583,440 : Cost 20.96579361 : Time 747.88s : 6953.12 words/s
[2019-06-29 05:17:39] Seen 586961 samples
[2019-06-29 05:17:39] Starting epoch 27
[2019-06-29 05:17:39] [data] Shuffling data
[2019-06-29 05:17:39] [data] Done reading 618718 sentences
[2019-06-29 05:17:42] [data] Done shuffling 618718 sentences to temp files
[2019-06-29 05:30:05] Ep. 27 : Up. 120000 : Sen. 255,108 : Cost 20.26120567 : Time 756.46s : 6907.12 words/s
[2019-06-29 05:30:05] Saving model to ../experiments/10M_fasttext_prob_bc1.1/model/model.npz.orig.npz
[2019-06-29 05:30:15] Saving model to ../experiments/10M_fasttext_prob_bc1.1/model/model.iter120000.npz
[2019-06-29 05:30:21] Saving model to ../experiments/10M_fasttext_prob_bc1.1/model/model.npz
[2019-06-29 05:30:31] Saving Adam parameters to ../experiments/10M_fasttext_prob_bc1.1/model/model.npz.optimizer.npz
[2019-06-29 05:30:56] [valid] Ep. 27 : Up. 120000 : cross-entropy : 62.6082 : stalled 2 times (last best: 61.5257)
[2019-06-29 05:31:06] [valid] Ep. 27 : Up. 120000 : perplexity : 11.6395 : stalled 2 times (last best: 11.1559)
[2019-06-29 05:32:27] [valid] Ep. 27 : Up. 120000 : translation : 25.28 : stalled 1 times (last best: 25.41)
[2019-06-29 05:44:57] Ep. 27 : Up. 122000 : Sen. 513,617 : Cost 20.48511505 : Time 891.96s : 5830.16 words/s
[2019-06-29 05:48:32] Seen 586961 samples
[2019-06-29 05:48:32] Starting epoch 28
[2019-06-29 05:48:32] [data] Shuffling data
[2019-06-29 05:48:32] [data] Done reading 618718 sentences
[2019-06-29 05:48:34] [data] Done shuffling 618718 sentences to temp files
[2019-06-29 05:57:30] Ep. 28 : Up. 124000 : Sen. 185,021 : Cost 20.13485336 : Time 753.32s : 6913.57 words/s
[2019-06-29 06:10:02] Ep. 28 : Up. 126000 : Sen. 443,237 : Cost 20.11313438 : Time 751.49s : 6945.23 words/s
[2019-06-29 06:17:00] Seen 586961 samples
[2019-06-29 06:17:00] Starting epoch 29
[2019-06-29 06:17:00] [data] Shuffling data
[2019-06-29 06:17:00] [data] Done reading 618718 sentences
[2019-06-29 06:17:02] [data] Done shuffling 618718 sentences to temp files
[2019-06-29 06:22:39] Ep. 29 : Up. 128000 : Sen. 115,278 : Cost 20.00952530 : Time 757.41s : 6900.48 words/s
[2019-06-29 06:35:11] Ep. 29 : Up. 130000 : Sen. 373,200 : Cost 19.77044106 : Time 751.19s : 6929.93 words/s
[2019-06-29 06:45:33] Seen 586961 samples
[2019-06-29 06:45:33] Starting epoch 30
[2019-06-29 06:45:33] [data] Shuffling data
[2019-06-29 06:45:33] [data] Done reading 618718 sentences
[2019-06-29 06:45:36] [data] Done shuffling 618718 sentences to temp files
[2019-06-29 06:47:46] Ep. 30 : Up. 132000 : Sen. 44,665 : Cost 19.87915039 : Time 755.28s : 6892.15 words/s
[2019-06-29 07:00:14] Ep. 30 : Up. 134000 : Sen. 301,499 : Cost 19.45906830 : Time 747.73s : 6940.56 words/s
[2019-06-29 07:12:43] Ep. 30 : Up. 136000 : Sen. 561,067 : Cost 19.59630585 : Time 749.20s : 6985.75 words/s
[2019-06-29 07:13:57] Seen 586961 samples
[2019-06-29 07:13:57] Starting epoch 31
[2019-06-29 07:13:57] [data] Shuffling data
[2019-06-29 07:13:58] [data] Done reading 618718 sentences
[2019-06-29 07:14:00] [data] Done shuffling 618718 sentences to temp files
[2019-06-29 07:25:16] Ep. 31 : Up. 138000 : Sen. 232,872 : Cost 19.00689316 : Time 753.03s : 6927.94 words/s
[2019-06-29 07:37:41] Ep. 31 : Up. 140000 : Sen. 491,360 : Cost 19.40731239 : Time 745.60s : 6992.94 words/s
[2019-06-29 07:37:41] Saving model to ../experiments/10M_fasttext_prob_bc1.1/model/model.npz.orig.npz
[2019-06-29 07:37:49] Saving model to ../experiments/10M_fasttext_prob_bc1.1/model/model.iter140000.npz
[2019-06-29 07:37:56] Saving model to ../experiments/10M_fasttext_prob_bc1.1/model/model.npz
[2019-06-29 07:38:04] Saving Adam parameters to ../experiments/10M_fasttext_prob_bc1.1/model/model.npz.optimizer.npz
[2019-06-29 07:38:29] [valid] Ep. 31 : Up. 140000 : cross-entropy : 63.6835 : stalled 3 times (last best: 61.5257)
[2019-06-29 07:38:38] [valid] Ep. 31 : Up. 140000 : perplexity : 12.1407 : stalled 3 times (last best: 11.1559)
[2019-06-29 07:39:54] [valid] Ep. 31 : Up. 140000 : translation : 25.03 : stalled 2 times (last best: 25.41)
[2019-06-29 07:44:32] Seen 586961 samples
[2019-06-29 07:44:32] Starting epoch 32
[2019-06-29 07:44:32] [data] Shuffling data
[2019-06-29 07:44:32] [data] Done reading 618718 sentences
[2019-06-29 07:44:34] [data] Done shuffling 618718 sentences to temp files
[2019-06-29 07:52:26] Ep. 32 : Up. 142000 : Sen. 163,110 : Cost 19.03911018 : Time 884.53s : 5894.00 words/s
[2019-06-29 08:04:53] Ep. 32 : Up. 144000 : Sen. 422,085 : Cost 18.98895073 : Time 747.14s : 6994.48 words/s
[2019-06-29 08:12:50] Seen 586961 samples
[2019-06-29 08:12:50] Starting epoch 33
[2019-06-29 08:12:50] [data] Shuffling data
[2019-06-29 08:12:50] [data] Done reading 618718 sentences
[2019-06-29 08:12:53] [data] Done shuffling 618718 sentences to temp files
[2019-06-29 08:17:25] Ep. 33 : Up. 146000 : Sen. 93,012 : Cost 19.01193810 : Time 752.23s : 6938.40 words/s
[2019-06-29 08:29:48] Ep. 33 : Up. 148000 : Sen. 350,781 : Cost 18.41057777 : Time 742.28s : 6988.08 words/s
[2019-06-29 08:41:09] Seen 586961 samples
[2019-06-29 08:41:09] Starting epoch 34
[2019-06-29 08:41:09] [data] Shuffling data
[2019-06-29 08:41:09] [data] Done reading 618718 sentences
[2019-06-29 08:41:11] [data] Done shuffling 618718 sentences to temp files
[2019-06-29 08:42:16] Ep. 34 : Up. 150000 : Sen. 22,072 : Cost 18.81806755 : Time 748.45s : 6952.93 words/s
[2019-06-29 08:54:41] Ep. 34 : Up. 152000 : Sen. 280,249 : Cost 18.18313026 : Time 744.55s : 6999.29 words/s
[2019-06-29 09:07:09] Ep. 34 : Up. 154000 : Sen. 539,161 : Cost 18.65684128 : Time 748.06s : 7000.64 words/s
[2019-06-29 09:09:25] Seen 586961 samples
[2019-06-29 09:09:25] Starting epoch 35
[2019-06-29 09:09:25] [data] Shuffling data
[2019-06-29 09:09:25] [data] Done reading 618718 sentences
[2019-06-29 09:09:27] [data] Done shuffling 618718 sentences to temp files
[2019-06-29 09:19:37] Ep. 35 : Up. 156000 : Sen. 210,386 : Cost 17.86436462 : Time 747.86s : 6948.29 words/s
[2019-06-29 09:32:05] Ep. 35 : Up. 158000 : Sen. 470,290 : Cost 18.27308846 : Time 747.99s : 6990.03 words/s
[2019-06-29 09:37:44] Seen 586961 samples
[2019-06-29 09:37:44] Starting epoch 36
[2019-06-29 09:37:44] [data] Shuffling data
[2019-06-29 09:37:44] [data] Done reading 618718 sentences
[2019-06-29 09:37:46] [data] Done shuffling 618718 sentences to temp files
[2019-06-29 09:44:38] Ep. 36 : Up. 160000 : Sen. 142,337 : Cost 18.16538429 : Time 753.88s : 6946.61 words/s
[2019-06-29 09:44:38] Saving model to ../experiments/10M_fasttext_prob_bc1.1/model/model.npz.orig.npz
[2019-06-29 09:44:47] Saving model to ../experiments/10M_fasttext_prob_bc1.1/model/model.iter160000.npz
[2019-06-29 09:44:55] Saving model to ../experiments/10M_fasttext_prob_bc1.1/model/model.npz
[2019-06-29 09:45:04] Saving Adam parameters to ../experiments/10M_fasttext_prob_bc1.1/model/model.npz.optimizer.npz
[2019-06-29 09:45:30] [valid] Ep. 36 : Up. 160000 : cross-entropy : 64.9409 : stalled 4 times (last best: 61.5257)
[2019-06-29 09:45:39] [valid] Ep. 36 : Up. 160000 : perplexity : 12.7541 : stalled 4 times (last best: 11.1559)
[2019-06-29 09:46:54] [valid] Ep. 36 : Up. 160000 : translation : 24.96 : stalled 3 times (last best: 25.41)
[2019-06-29 09:59:20] Ep. 36 : Up. 162000 : Sen. 399,660 : Cost 17.94555664 : Time 881.47s : 5896.00 words/s
[2019-06-29 10:08:20] Seen 586961 samples
[2019-06-29 10:08:20] Starting epoch 37
[2019-06-29 10:08:20] [data] Shuffling data
[2019-06-29 10:08:20] [data] Done reading 618718 sentences
[2019-06-29 10:08:22] [data] Done shuffling 618718 sentences to temp files
[2019-06-29 10:11:53] Ep. 37 : Up. 164000 : Sen. 71,477 : Cost 18.01408768 : Time 753.07s : 6937.84 words/s
[2019-06-29 10:24:21] Ep. 37 : Up. 166000 : Sen. 330,960 : Cost 17.51571083 : Time 748.42s : 6989.68 words/s
[2019-06-29 10:36:40] Seen 586961 samples
[2019-06-29 10:36:40] Starting epoch 38
[2019-06-29 10:36:40] [data] Shuffling data
[2019-06-29 10:36:40] [data] Done reading 618718 sentences
[2019-06-29 10:36:42] [data] Done shuffling 618718 sentences to temp files
[2019-06-29 10:36:53] Ep. 38 : Up. 168000 : Sen. 2,986 : Cost 18.18580246 : Time 751.94s : 6940.45 words/s
[2019-06-29 10:49:18] Ep. 38 : Up. 170000 : Sen. 261,504 : Cost 17.30902672 : Time 744.91s : 6998.02 words/s
[2019-06-29 11:01:44] Ep. 38 : Up. 172000 : Sen. 520,206 : Cost 17.73057747 : Time 746.09s : 6986.63 words/s
[2019-06-29 11:04:58] Seen 586961 samples
[2019-06-29 11:04:58] Starting epoch 39
[2019-06-29 11:04:58] [data] Shuffling data
[2019-06-29 11:04:59] [data] Done reading 618718 sentences
[2019-06-29 11:05:02] [data] Done shuffling 618718 sentences to temp files
[2019-06-29 11:14:18] Ep. 39 : Up. 174000 : Sen. 191,950 : Cost 17.03517532 : Time 753.22s : 6939.26 words/s
[2019-06-29 11:26:42] Ep. 39 : Up. 176000 : Sen. 450,188 : Cost 17.26942825 : Time 744.17s : 6990.18 words/s
[2019-06-29 11:33:17] Seen 586961 samples
[2019-06-29 11:33:17] Starting epoch 40
[2019-06-29 11:33:17] [data] Shuffling data
[2019-06-29 11:33:18] [data] Done reading 618718 sentences
[2019-06-29 11:33:19] [data] Done shuffling 618718 sentences to temp files
[2019-06-29 11:39:12] Ep. 40 : Up. 178000 : Sen. 121,678 : Cost 17.29355240 : Time 750.73s : 6953.30 words/s
[2019-06-29 11:51:39] Ep. 40 : Up. 180000 : Sen. 380,816 : Cost 17.05860901 : Time 746.77s : 6995.71 words/s
[2019-06-29 11:51:39] Saving model to ../experiments/10M_fasttext_prob_bc1.1/model/model.npz.orig.npz
[2019-06-29 11:51:48] Saving model to ../experiments/10M_fasttext_prob_bc1.1/model/model.iter180000.npz
[2019-06-29 11:51:54] Saving model to ../experiments/10M_fasttext_prob_bc1.1/model/model.npz
[2019-06-29 11:52:03] Saving Adam parameters to ../experiments/10M_fasttext_prob_bc1.1/model/model.npz.optimizer.npz
[2019-06-29 11:52:28] [valid] Ep. 40 : Up. 180000 : cross-entropy : 66.2271 : stalled 5 times (last best: 61.5257)
[2019-06-29 11:52:37] [valid] Ep. 40 : Up. 180000 : perplexity : 13.4137 : stalled 5 times (last best: 11.1559)
[2019-06-29 11:53:52] [valid] Ep. 40 : Up. 180000 : translation : 24.69 : stalled 4 times (last best: 25.41)
[2019-06-29 11:53:54] Training finished
[2019-06-29 11:53:57] Saving model to ../experiments/10M_fasttext_prob_bc1.1/model/model.npz.orig.npz
[2019-06-29 11:54:06] Saving model to ../experiments/10M_fasttext_prob_bc1.1/model/model.npz
[2019-06-29 11:54:15] Saving Adam parameters to ../experiments/10M_fasttext_prob_bc1.1/model/model.npz.optimizer.npz
