[2019-08-01 18:31:22] [marian] Marian v1.7.8 ec2d66e 2019-05-27 14:52:11 +0100
[2019-08-01 18:31:22] [marian] Running on elli as process 190671 with command line:
[2019-08-01 18:31:22] [marian] /fs/bil0/abdel/marian-dev/build/marian --sync-sgd --model ../experiments/10M_bicleaner_v1.1_+_biced_0.25_x_bic1.1_w3000/model/model.npz -T . --devices 0 --train-sets ../experiments/10M_bicleaner_v1.1_+_biced_0.25_x_bic1.1_w3000/data/train.bpe.de ../experiments/10M_bicleaner_v1.1_+_biced_0.25_x_bic1.1_w3000/data/train.bpe.en --vocabs ../experiments/10M_bicleaner_v1.1_+_biced_0.25_x_bic1.1_w3000/data/train.bpe.de.json ../experiments/10M_bicleaner_v1.1_+_biced_0.25_x_bic1.1_w3000/data/train.bpe.en.json --mini-batch-fit -w 3000 --dim-vocabs 50000 50000 --layer-normalization --dropout-rnn 0.2 --dropout-src 0.1 --dropout-trg 0.1 --learn-rate 0.0001 --after-epochs 0 --early-stopping 5 --valid-freq 20000 --save-freq 20000 --disp-freq 2000 --valid-mini-batch 8 --valid-sets ../experiments/10M_bicleaner_v1.1_+_biced_0.25_x_bic1.1_w3000/data/dev.bpe.de ../experiments/10M_bicleaner_v1.1_+_biced_0.25_x_bic1.1_w3000/data/dev.bpe.en --valid-metrics cross-entropy perplexity translation --valid-translation-output ../experiments/10M_bicleaner_v1.1_+_biced_0.25_x_bic1.1_w3000/model/dev.out --valid-script-path ../experiments/10M_bicleaner_v1.1_+_biced_0.25_x_bic1.1_w3000/score-dev.sh --seed 1111 --exponential-smoothing --normalize=1 --beam-size=12 --quiet-translation --log ../experiments/10M_bicleaner_v1.1_+_biced_0.25_x_bic1.1_w3000/model/train.log --valid-log ../experiments/10M_bicleaner_v1.1_+_biced_0.25_x_bic1.1_w3000/model/valid.log
[2019-08-01 18:31:22] [config] after-batches: 0
[2019-08-01 18:31:22] [config] after-epochs: 0
[2019-08-01 18:31:22] [config] allow-unk: false
[2019-08-01 18:31:22] [config] beam-size: 12
[2019-08-01 18:31:22] [config] bert-class-symbol: "[CLS]"
[2019-08-01 18:31:22] [config] bert-mask-symbol: "[MASK]"
[2019-08-01 18:31:22] [config] bert-masking-fraction: 0.15
[2019-08-01 18:31:22] [config] bert-sep-symbol: "[SEP]"
[2019-08-01 18:31:22] [config] bert-train-type-embeddings: true
[2019-08-01 18:31:22] [config] bert-type-vocab-size: 2
[2019-08-01 18:31:22] [config] best-deep: false
[2019-08-01 18:31:22] [config] clip-gemm: 0
[2019-08-01 18:31:22] [config] clip-norm: 1
[2019-08-01 18:31:22] [config] cost-type: ce-mean
[2019-08-01 18:31:22] [config] cpu-threads: 0
[2019-08-01 18:31:22] [config] data-weighting: ""
[2019-08-01 18:31:22] [config] data-weighting-type: sentence
[2019-08-01 18:31:22] [config] dec-cell: gru
[2019-08-01 18:31:22] [config] dec-cell-base-depth: 2
[2019-08-01 18:31:22] [config] dec-cell-high-depth: 1
[2019-08-01 18:31:22] [config] dec-depth: 1
[2019-08-01 18:31:22] [config] devices:
[2019-08-01 18:31:22] [config]   - 0
[2019-08-01 18:31:22] [config] dim-emb: 512
[2019-08-01 18:31:22] [config] dim-rnn: 1024
[2019-08-01 18:31:22] [config] dim-vocabs:
[2019-08-01 18:31:22] [config]   - 50000
[2019-08-01 18:31:22] [config]   - 50000
[2019-08-01 18:31:22] [config] disp-first: 0
[2019-08-01 18:31:22] [config] disp-freq: 2000
[2019-08-01 18:31:22] [config] disp-label-counts: false
[2019-08-01 18:31:22] [config] dropout-rnn: 0.2
[2019-08-01 18:31:22] [config] dropout-src: 0.1
[2019-08-01 18:31:22] [config] dropout-trg: 0.1
[2019-08-01 18:31:22] [config] dump-config: ""
[2019-08-01 18:31:22] [config] early-stopping: 5
[2019-08-01 18:31:22] [config] embedding-fix-src: false
[2019-08-01 18:31:22] [config] embedding-fix-trg: false
[2019-08-01 18:31:22] [config] embedding-normalization: false
[2019-08-01 18:31:22] [config] embedding-vectors:
[2019-08-01 18:31:22] [config]   []
[2019-08-01 18:31:22] [config] enc-cell: gru
[2019-08-01 18:31:22] [config] enc-cell-depth: 1
[2019-08-01 18:31:22] [config] enc-depth: 1
[2019-08-01 18:31:22] [config] enc-type: bidirectional
[2019-08-01 18:31:22] [config] exponential-smoothing: 0.0001
[2019-08-01 18:31:22] [config] grad-dropping-momentum: 0
[2019-08-01 18:31:22] [config] grad-dropping-rate: 0
[2019-08-01 18:31:22] [config] grad-dropping-warmup: 100
[2019-08-01 18:31:22] [config] guided-alignment: none
[2019-08-01 18:31:22] [config] guided-alignment-cost: mse
[2019-08-01 18:31:22] [config] guided-alignment-weight: 0.1
[2019-08-01 18:31:22] [config] ignore-model-config: false
[2019-08-01 18:31:22] [config] input-types:
[2019-08-01 18:31:22] [config]   []
[2019-08-01 18:31:22] [config] interpolate-env-vars: false
[2019-08-01 18:31:22] [config] keep-best: false
[2019-08-01 18:31:22] [config] label-smoothing: 0
[2019-08-01 18:31:22] [config] layer-normalization: true
[2019-08-01 18:31:22] [config] learn-rate: 0.0001
[2019-08-01 18:31:22] [config] log: ../experiments/10M_bicleaner_v1.1_+_biced_0.25_x_bic1.1_w3000/model/train.log
[2019-08-01 18:31:22] [config] log-level: info
[2019-08-01 18:31:22] [config] log-time-zone: ""
[2019-08-01 18:31:22] [config] lr-decay: 0
[2019-08-01 18:31:22] [config] lr-decay-freq: 50000
[2019-08-01 18:31:22] [config] lr-decay-inv-sqrt:
[2019-08-01 18:31:22] [config]   - 0
[2019-08-01 18:31:22] [config] lr-decay-repeat-warmup: false
[2019-08-01 18:31:22] [config] lr-decay-reset-optimizer: false
[2019-08-01 18:31:22] [config] lr-decay-start:
[2019-08-01 18:31:22] [config]   - 10
[2019-08-01 18:31:22] [config]   - 1
[2019-08-01 18:31:22] [config] lr-decay-strategy: epoch+stalled
[2019-08-01 18:31:22] [config] lr-report: false
[2019-08-01 18:31:22] [config] lr-warmup: 0
[2019-08-01 18:31:22] [config] lr-warmup-at-reload: false
[2019-08-01 18:31:22] [config] lr-warmup-cycle: false
[2019-08-01 18:31:22] [config] lr-warmup-start-rate: 0
[2019-08-01 18:31:22] [config] max-length: 50
[2019-08-01 18:31:22] [config] max-length-crop: false
[2019-08-01 18:31:22] [config] max-length-factor: 3
[2019-08-01 18:31:22] [config] maxi-batch: 100
[2019-08-01 18:31:22] [config] maxi-batch-sort: trg
[2019-08-01 18:31:22] [config] mini-batch: 64
[2019-08-01 18:31:22] [config] mini-batch-fit: true
[2019-08-01 18:31:22] [config] mini-batch-fit-step: 10
[2019-08-01 18:31:22] [config] mini-batch-overstuff: 1
[2019-08-01 18:31:22] [config] mini-batch-track-lr: false
[2019-08-01 18:31:22] [config] mini-batch-understuff: 1
[2019-08-01 18:31:22] [config] mini-batch-warmup: 0
[2019-08-01 18:31:22] [config] mini-batch-words: 0
[2019-08-01 18:31:22] [config] mini-batch-words-ref: 0
[2019-08-01 18:31:22] [config] model: ../experiments/10M_bicleaner_v1.1_+_biced_0.25_x_bic1.1_w3000/model/model.npz
[2019-08-01 18:31:22] [config] multi-loss-type: sum
[2019-08-01 18:31:22] [config] multi-node: false
[2019-08-01 18:31:22] [config] multi-node-overlap: true
[2019-08-01 18:31:22] [config] n-best: false
[2019-08-01 18:31:22] [config] no-nccl: false
[2019-08-01 18:31:22] [config] no-reload: false
[2019-08-01 18:31:22] [config] no-restore-corpus: false
[2019-08-01 18:31:22] [config] no-shuffle: false
[2019-08-01 18:31:22] [config] normalize: 1
[2019-08-01 18:31:22] [config] num-devices: 0
[2019-08-01 18:31:22] [config] optimizer: adam
[2019-08-01 18:31:22] [config] optimizer-delay: 1
[2019-08-01 18:31:22] [config] optimizer-params:
[2019-08-01 18:31:22] [config]   []
[2019-08-01 18:31:22] [config] overwrite: false
[2019-08-01 18:31:22] [config] pretrained-model: ""
[2019-08-01 18:31:22] [config] quiet: false
[2019-08-01 18:31:22] [config] quiet-translation: true
[2019-08-01 18:31:22] [config] relative-paths: false
[2019-08-01 18:31:22] [config] right-left: false
[2019-08-01 18:31:22] [config] save-freq: 20000
[2019-08-01 18:31:22] [config] seed: 1111
[2019-08-01 18:31:22] [config] shuffle-in-ram: false
[2019-08-01 18:31:22] [config] skip: false
[2019-08-01 18:31:22] [config] sqlite: ""
[2019-08-01 18:31:22] [config] sqlite-drop: false
[2019-08-01 18:31:22] [config] sync-sgd: true
[2019-08-01 18:31:22] [config] tempdir: .
[2019-08-01 18:31:22] [config] tied-embeddings: false
[2019-08-01 18:31:22] [config] tied-embeddings-all: false
[2019-08-01 18:31:22] [config] tied-embeddings-src: false
[2019-08-01 18:31:22] [config] train-sets:
[2019-08-01 18:31:22] [config]   - ../experiments/10M_bicleaner_v1.1_+_biced_0.25_x_bic1.1_w3000/data/train.bpe.de
[2019-08-01 18:31:22] [config]   - ../experiments/10M_bicleaner_v1.1_+_biced_0.25_x_bic1.1_w3000/data/train.bpe.en
[2019-08-01 18:31:22] [config] transformer-aan-activation: swish
[2019-08-01 18:31:22] [config] transformer-aan-depth: 2
[2019-08-01 18:31:22] [config] transformer-aan-nogate: false
[2019-08-01 18:31:22] [config] transformer-decoder-autoreg: self-attention
[2019-08-01 18:31:22] [config] transformer-dim-aan: 2048
[2019-08-01 18:31:22] [config] transformer-dim-ffn: 2048
[2019-08-01 18:31:22] [config] transformer-dropout: 0
[2019-08-01 18:31:22] [config] transformer-dropout-attention: 0
[2019-08-01 18:31:22] [config] transformer-dropout-ffn: 0
[2019-08-01 18:31:22] [config] transformer-ffn-activation: swish
[2019-08-01 18:31:22] [config] transformer-ffn-depth: 2
[2019-08-01 18:31:22] [config] transformer-guided-alignment-layer: last
[2019-08-01 18:31:22] [config] transformer-heads: 8
[2019-08-01 18:31:22] [config] transformer-no-projection: false
[2019-08-01 18:31:22] [config] transformer-postprocess: dan
[2019-08-01 18:31:22] [config] transformer-postprocess-emb: d
[2019-08-01 18:31:22] [config] transformer-preprocess: ""
[2019-08-01 18:31:22] [config] transformer-tied-layers:
[2019-08-01 18:31:22] [config]   []
[2019-08-01 18:31:22] [config] transformer-train-position-embeddings: false
[2019-08-01 18:31:22] [config] type: amun
[2019-08-01 18:31:22] [config] ulr: false
[2019-08-01 18:31:22] [config] ulr-dim-emb: 0
[2019-08-01 18:31:22] [config] ulr-dropout: 0
[2019-08-01 18:31:22] [config] ulr-keys-vectors: ""
[2019-08-01 18:31:22] [config] ulr-query-vectors: ""
[2019-08-01 18:31:22] [config] ulr-softmax-temperature: 1
[2019-08-01 18:31:22] [config] ulr-trainable-transformation: false
[2019-08-01 18:31:22] [config] valid-freq: 20000
[2019-08-01 18:31:22] [config] valid-log: ../experiments/10M_bicleaner_v1.1_+_biced_0.25_x_bic1.1_w3000/model/valid.log
[2019-08-01 18:31:22] [config] valid-max-length: 1000
[2019-08-01 18:31:22] [config] valid-metrics:
[2019-08-01 18:31:22] [config]   - cross-entropy
[2019-08-01 18:31:22] [config]   - perplexity
[2019-08-01 18:31:22] [config]   - translation
[2019-08-01 18:31:22] [config] valid-mini-batch: 8
[2019-08-01 18:31:22] [config] valid-script-path: ../experiments/10M_bicleaner_v1.1_+_biced_0.25_x_bic1.1_w3000/score-dev.sh
[2019-08-01 18:31:22] [config] valid-sets:
[2019-08-01 18:31:22] [config]   - ../experiments/10M_bicleaner_v1.1_+_biced_0.25_x_bic1.1_w3000/data/dev.bpe.de
[2019-08-01 18:31:22] [config]   - ../experiments/10M_bicleaner_v1.1_+_biced_0.25_x_bic1.1_w3000/data/dev.bpe.en
[2019-08-01 18:31:22] [config] valid-translation-output: ../experiments/10M_bicleaner_v1.1_+_biced_0.25_x_bic1.1_w3000/model/dev.out
[2019-08-01 18:31:22] [config] vocabs:
[2019-08-01 18:31:22] [config]   - ../experiments/10M_bicleaner_v1.1_+_biced_0.25_x_bic1.1_w3000/data/train.bpe.de.json
[2019-08-01 18:31:22] [config]   - ../experiments/10M_bicleaner_v1.1_+_biced_0.25_x_bic1.1_w3000/data/train.bpe.en.json
[2019-08-01 18:31:22] [config] word-penalty: 0
[2019-08-01 18:31:22] [config] workspace: 3000
[2019-08-01 18:31:22] [config] Model is being created with Marian v1.7.8 ec2d66e 2019-05-27 14:52:11 +0100
[2019-08-01 18:31:22] Using synchronous training
[2019-08-01 18:31:22] [data] Loading vocabulary from JSON/Yaml file ../experiments/10M_bicleaner_v1.1_+_biced_0.25_x_bic1.1_w3000/data/train.bpe.de.json
[2019-08-01 18:31:23] [data] Using unused word id eos for 0
[2019-08-01 18:31:23] [data] Using unused word id UNK for 1
[2019-08-01 18:31:23] [data] Setting vocabulary size for input 0 to 50000
[2019-08-01 18:31:23] [data] Loading vocabulary from JSON/Yaml file ../experiments/10M_bicleaner_v1.1_+_biced_0.25_x_bic1.1_w3000/data/train.bpe.en.json
[2019-08-01 18:31:23] [data] Using unused word id eos for 0
[2019-08-01 18:31:23] [data] Using unused word id UNK for 1
[2019-08-01 18:31:23] [data] Setting vocabulary size for input 1 to 50000
[2019-08-01 18:31:23] Compiled without MPI support. Falling back to FakeMPIWrapper
[2019-08-01 18:31:23] [batching] Collecting statistics for batch fitting with step size 10
[2019-08-01 18:31:25] [memory] Extending reserved space to 3072 MB (device gpu0)
[2019-08-01 18:31:26] [comm] Using NCCL 2.4.2 for GPU communication
[2019-08-01 18:31:26] [comm] NCCLCommunicator constructed successfully.
[2019-08-01 18:31:26] [training] Using 1 GPUs
[2019-08-01 18:31:26] [memory] Reserving 422 MB, device gpu0
[2019-08-01 18:31:26] [gpu] 16-bit TensorCores enabled for float32 matrix operations
[2019-08-01 18:31:26] [memory] Reserving 422 MB, device gpu0
[2019-08-01 18:31:31] [batching] Done. Typical MB size is 4042 target words
[2019-08-01 18:31:31] [memory] Extending reserved space to 3072 MB (device gpu0)
[2019-08-01 18:31:31] [comm] Using NCCL 2.4.2 for GPU communication
[2019-08-01 18:31:31] [comm] NCCLCommunicator constructed successfully.
[2019-08-01 18:31:31] [training] Using 1 GPUs
[2019-08-01 18:31:31] Training started
[2019-08-01 18:31:31] [data] Shuffling data
[2019-08-01 18:31:32] [data] Done reading 590510 sentences
[2019-08-01 18:31:34] [data] Done shuffling 590510 sentences to temp files
[2019-08-01 18:31:37] [training] Batches are processed as 1 process(es) x 1 devices/process
[2019-08-01 18:31:37] [memory] Reserving 422 MB, device gpu0
[2019-08-01 18:31:37] [memory] Reserving 422 MB, device gpu0
[2019-08-01 18:31:37] [memory] Reserving 422 MB, device gpu0
[2019-08-01 18:31:38] [memory] Reserving 844 MB, device gpu0
[2019-08-01 18:40:56] Ep. 1 : Up. 2000 : Sen. 242,877 : Cost 130.65179443 : Time 573.24s : 9179.40 words/s
[2019-08-01 18:50:35] Ep. 1 : Up. 4000 : Sen. 485,999 : Cost 99.21532440 : Time 579.25s : 9106.16 words/s
[2019-08-01 18:53:05] Seen 548849 samples
[2019-08-01 18:53:05] Starting epoch 2
[2019-08-01 18:53:05] [data] Shuffling data
[2019-08-01 18:53:05] [data] Done reading 590510 sentences
[2019-08-01 18:53:07] [data] Done shuffling 590510 sentences to temp files
[2019-08-01 19:00:20] Ep. 2 : Up. 6000 : Sen. 180,687 : Cost 81.46949005 : Time 584.94s : 9021.60 words/s
[2019-08-01 19:09:59] Ep. 2 : Up. 8000 : Sen. 424,113 : Cost 71.39608002 : Time 579.18s : 9089.95 words/s
[2019-08-01 19:14:59] Seen 548849 samples
[2019-08-01 19:14:59] Starting epoch 3
[2019-08-01 19:14:59] [data] Shuffling data
[2019-08-01 19:14:59] [data] Done reading 590510 sentences
[2019-08-01 19:15:01] [data] Done shuffling 590510 sentences to temp files
[2019-08-01 19:19:43] Ep. 3 : Up. 10000 : Sen. 117,098 : Cost 64.90940857 : Time 583.63s : 9012.67 words/s
[2019-08-01 19:29:25] Ep. 3 : Up. 12000 : Sen. 361,153 : Cost 59.78284454 : Time 581.84s : 9092.08 words/s
[2019-08-01 19:36:51] Seen 548849 samples
[2019-08-01 19:36:51] Starting epoch 4
[2019-08-01 19:36:51] [data] Shuffling data
[2019-08-01 19:36:52] [data] Done reading 590510 sentences
[2019-08-01 19:36:54] [data] Done shuffling 590510 sentences to temp files
[2019-08-01 19:39:06] Ep. 4 : Up. 14000 : Sen. 55,241 : Cost 56.53529358 : Time 581.28s : 9032.91 words/s
[2019-08-01 19:48:46] Ep. 4 : Up. 16000 : Sen. 298,180 : Cost 53.33201599 : Time 579.79s : 9097.19 words/s
[2019-08-01 19:58:26] Ep. 4 : Up. 18000 : Sen. 541,848 : Cost 51.65699768 : Time 579.77s : 9111.61 words/s
[2019-08-01 19:58:42] Seen 548849 samples
[2019-08-01 19:58:42] Starting epoch 5
[2019-08-01 19:58:42] [data] Shuffling data
[2019-08-01 19:58:49] [data] Done reading 590510 sentences
[2019-08-01 19:58:52] [data] Done shuffling 590510 sentences to temp files
[2019-08-01 20:08:12] Ep. 5 : Up. 20000 : Sen. 235,828 : Cost 48.90051270 : Time 586.52s : 8975.51 words/s
[2019-08-01 20:08:12] Saving model to ../experiments/10M_bicleaner_v1.1_+_biced_0.25_x_bic1.1_w3000/model/model.npz.orig.npz
[2019-08-01 20:08:23] Saving model to ../experiments/10M_bicleaner_v1.1_+_biced_0.25_x_bic1.1_w3000/model/model.iter20000.npz
[2019-08-01 20:08:30] Saving model to ../experiments/10M_bicleaner_v1.1_+_biced_0.25_x_bic1.1_w3000/model/model.npz
[2019-08-01 20:08:40] Saving Adam parameters to ../experiments/10M_bicleaner_v1.1_+_biced_0.25_x_bic1.1_w3000/model/model.npz.optimizer.npz
[2019-08-01 20:09:06] [valid] Ep. 5 : Up. 20000 : cross-entropy : 67.8682 : new best
[2019-08-01 20:09:13] [valid] Ep. 5 : Up. 20000 : perplexity : 14.6339 : new best
[2019-08-01 20:10:19] [valid] Ep. 5 : Up. 20000 : translation : 23.28 : new best
[2019-08-01 20:19:57] Ep. 5 : Up. 22000 : Sen. 478,778 : Cost 48.08695602 : Time 704.85s : 7461.81 words/s
[2019-08-01 20:22:44] Seen 548849 samples
[2019-08-01 20:22:44] Starting epoch 6
[2019-08-01 20:22:44] [data] Shuffling data
[2019-08-01 20:22:49] [data] Done reading 590510 sentences
[2019-08-01 20:22:52] [data] Done shuffling 590510 sentences to temp files
[2019-08-01 20:29:44] Ep. 6 : Up. 24000 : Sen. 172,431 : Cost 46.08900452 : Time 586.82s : 8960.78 words/s
[2019-08-01 20:39:23] Ep. 6 : Up. 26000 : Sen. 415,506 : Cost 45.08892822 : Time 579.51s : 9095.45 words/s
[2019-08-01 20:44:40] Seen 548849 samples
[2019-08-01 20:44:40] Starting epoch 7
[2019-08-01 20:44:40] [data] Shuffling data
[2019-08-01 20:44:40] [data] Done reading 590510 sentences
[2019-08-01 20:44:42] [data] Done shuffling 590510 sentences to temp files
[2019-08-01 20:49:09] Ep. 7 : Up. 28000 : Sen. 111,583 : Cost 43.81273270 : Time 585.56s : 9038.77 words/s
[2019-08-01 20:58:48] Ep. 7 : Up. 30000 : Sen. 354,612 : Cost 42.93953705 : Time 578.88s : 9114.24 words/s
[2019-08-01 21:06:32] Seen 548849 samples
[2019-08-01 21:06:32] Starting epoch 8
[2019-08-01 21:06:32] [data] Shuffling data
[2019-08-01 21:06:33] [data] Done reading 590510 sentences
[2019-08-01 21:06:35] [data] Done shuffling 590510 sentences to temp files
[2019-08-01 21:08:33] Ep. 8 : Up. 32000 : Sen. 49,150 : Cost 42.18840027 : Time 584.86s : 9012.78 words/s
[2019-08-01 21:18:14] Ep. 8 : Up. 34000 : Sen. 292,645 : Cost 40.94952774 : Time 580.73s : 9088.34 words/s
[2019-08-01 21:27:54] Ep. 8 : Up. 36000 : Sen. 535,561 : Cost 40.90081406 : Time 580.60s : 9083.70 words/s
[2019-08-01 21:28:26] Seen 548849 samples
[2019-08-01 21:28:26] Starting epoch 9
[2019-08-01 21:28:26] [data] Shuffling data
[2019-08-01 21:28:28] [data] Done reading 590510 sentences
[2019-08-01 21:28:30] [data] Done shuffling 590510 sentences to temp files
[2019-08-01 21:37:37] Ep. 9 : Up. 38000 : Sen. 229,692 : Cost 38.75097656 : Time 583.27s : 9020.22 words/s
[2019-08-01 21:47:17] Ep. 9 : Up. 40000 : Sen. 472,584 : Cost 39.21222305 : Time 579.33s : 9098.19 words/s
[2019-08-01 21:47:17] Saving model to ../experiments/10M_bicleaner_v1.1_+_biced_0.25_x_bic1.1_w3000/model/model.npz.orig.npz
[2019-08-01 21:47:26] Saving model to ../experiments/10M_bicleaner_v1.1_+_biced_0.25_x_bic1.1_w3000/model/model.iter40000.npz
[2019-08-01 21:47:33] Saving model to ../experiments/10M_bicleaner_v1.1_+_biced_0.25_x_bic1.1_w3000/model/model.npz
[2019-08-01 21:47:43] Saving Adam parameters to ../experiments/10M_bicleaner_v1.1_+_biced_0.25_x_bic1.1_w3000/model/model.npz.optimizer.npz
[2019-08-01 21:48:09] [valid] Ep. 9 : Up. 40000 : cross-entropy : 58.7849 : new best
[2019-08-01 21:48:17] [valid] Ep. 9 : Up. 40000 : perplexity : 10.2186 : new best
[2019-08-01 21:49:23] [valid] Ep. 9 : Up. 40000 : translation : 26.22 : new best
[2019-08-01 21:52:23] Seen 548849 samples
[2019-08-01 21:52:23] Starting epoch 10
[2019-08-01 21:52:23] [data] Shuffling data
[2019-08-01 21:52:24] [data] Done reading 590510 sentences
[2019-08-01 21:52:26] [data] Done shuffling 590510 sentences to temp files
[2019-08-01 21:59:08] Ep. 10 : Up. 42000 : Sen. 167,743 : Cost 38.00626755 : Time 710.98s : 7435.92 words/s
[2019-08-01 22:08:48] Ep. 10 : Up. 44000 : Sen. 410,689 : Cost 37.67926788 : Time 579.86s : 9078.29 words/s
[2019-08-01 22:14:17] Seen 548849 samples
[2019-08-01 22:14:17] Starting epoch 11
[2019-08-01 22:14:17] [data] Shuffling data
[2019-08-01 22:14:17] [data] Done reading 590510 sentences
[2019-08-01 22:14:19] [data] Done shuffling 590510 sentences to temp files
[2019-08-01 22:18:34] Ep. 11 : Up. 46000 : Sen. 104,922 : Cost 37.09785080 : Time 586.26s : 9000.81 words/s
[2019-08-01 22:28:16] Ep. 11 : Up. 48000 : Sen. 349,012 : Cost 36.05966949 : Time 582.44s : 9061.66 words/s
[2019-08-01 22:36:15] Seen 548849 samples
[2019-08-01 22:36:15] Starting epoch 12
[2019-08-01 22:36:15] [data] Shuffling data
[2019-08-01 22:36:16] [data] Done reading 590510 sentences
[2019-08-01 22:36:18] [data] Done shuffling 590510 sentences to temp files
[2019-08-01 22:38:03] Ep. 12 : Up. 50000 : Sen. 42,869 : Cost 36.25357819 : Time 586.41s : 8982.51 words/s
[2019-08-01 22:47:45] Ep. 12 : Up. 52000 : Sen. 286,127 : Cost 34.94900894 : Time 582.37s : 9045.99 words/s
[2019-08-01 22:57:28] Ep. 12 : Up. 54000 : Sen. 529,713 : Cost 35.35482788 : Time 582.79s : 9058.26 words/s
[2019-08-01 22:58:14] Seen 548849 samples
[2019-08-01 22:58:14] Starting epoch 13
[2019-08-01 22:58:14] [data] Shuffling data
[2019-08-01 22:58:15] [data] Done reading 590510 sentences
[2019-08-01 22:58:17] [data] Done shuffling 590510 sentences to temp files
[2019-08-01 23:07:17] Ep. 13 : Up. 56000 : Sen. 224,283 : Cost 33.99936295 : Time 589.11s : 8971.51 words/s
[2019-08-01 23:16:59] Ep. 13 : Up. 58000 : Sen. 467,122 : Cost 34.25018692 : Time 581.75s : 9035.51 words/s
[2019-08-01 23:20:15] Seen 548849 samples
[2019-08-01 23:20:15] Starting epoch 14
[2019-08-01 23:20:15] [data] Shuffling data
[2019-08-01 23:20:16] [data] Done reading 590510 sentences
[2019-08-01 23:20:18] [data] Done shuffling 590510 sentences to temp files
[2019-08-01 23:26:47] Ep. 14 : Up. 60000 : Sen. 161,670 : Cost 33.27501678 : Time 588.78s : 8962.36 words/s
[2019-08-01 23:26:47] Saving model to ../experiments/10M_bicleaner_v1.1_+_biced_0.25_x_bic1.1_w3000/model/model.npz.orig.npz
[2019-08-01 23:26:57] Saving model to ../experiments/10M_bicleaner_v1.1_+_biced_0.25_x_bic1.1_w3000/model/model.iter60000.npz
[2019-08-01 23:27:04] Saving model to ../experiments/10M_bicleaner_v1.1_+_biced_0.25_x_bic1.1_w3000/model/model.npz
[2019-08-01 23:27:13] Saving Adam parameters to ../experiments/10M_bicleaner_v1.1_+_biced_0.25_x_bic1.1_w3000/model/model.npz.optimizer.npz
[2019-08-01 23:27:38] [valid] Ep. 14 : Up. 60000 : cross-entropy : 56.1318 : new best
[2019-08-01 23:27:46] [valid] Ep. 14 : Up. 60000 : perplexity : 9.201 : new best
[2019-08-01 23:28:52] [valid] Ep. 14 : Up. 60000 : translation : 27.01 : new best
[2019-08-01 23:38:34] Ep. 14 : Up. 62000 : Sen. 405,481 : Cost 33.14872742 : Time 706.92s : 7469.07 words/s
[2019-08-01 23:44:18] Seen 548849 samples
[2019-08-01 23:44:18] Starting epoch 15
[2019-08-01 23:44:18] [data] Shuffling data
[2019-08-01 23:44:19] [data] Done reading 590510 sentences
[2019-08-01 23:44:22] [data] Done shuffling 590510 sentences to temp files
[2019-08-01 23:48:18] Ep. 15 : Up. 64000 : Sen. 99,100 : Cost 32.69553375 : Time 584.05s : 8988.28 words/s
[2019-08-01 23:58:01] Ep. 15 : Up. 66000 : Sen. 341,906 : Cost 32.18473053 : Time 582.73s : 9043.80 words/s
[2019-08-02 00:06:18] Seen 548849 samples
[2019-08-02 00:06:18] Starting epoch 16
[2019-08-02 00:06:18] [data] Shuffling data
[2019-08-02 00:06:20] [data] Done reading 590510 sentences
[2019-08-02 00:06:23] [data] Done shuffling 590510 sentences to temp files
[2019-08-02 00:07:52] Ep. 16 : Up. 68000 : Sen. 36,961 : Cost 32.52865219 : Time 591.11s : 8940.76 words/s
[2019-08-02 00:17:38] Ep. 16 : Up. 70000 : Sen. 280,707 : Cost 31.33767128 : Time 585.55s : 9029.06 words/s
[2019-08-02 00:27:23] Ep. 16 : Up. 72000 : Sen. 523,364 : Cost 31.67049408 : Time 585.00s : 8982.06 words/s
[2019-08-02 00:28:25] Seen 548849 samples
[2019-08-02 00:28:25] Starting epoch 17
[2019-08-02 00:28:25] [data] Shuffling data
[2019-08-02 00:28:34] [data] Done reading 590510 sentences
[2019-08-02 00:28:36] [data] Done shuffling 590510 sentences to temp files
[2019-08-02 00:37:18] Ep. 17 : Up. 74000 : Sen. 217,600 : Cost 30.51875114 : Time 595.58s : 8854.34 words/s
[2019-08-02 00:47:08] Ep. 17 : Up. 76000 : Sen. 460,878 : Cost 30.98860550 : Time 589.03s : 8952.40 words/s
[2019-08-02 00:50:39] Seen 548849 samples
[2019-08-02 00:50:39] Starting epoch 18
[2019-08-02 00:50:39] [data] Shuffling data
[2019-08-02 00:51:03] [data] Done reading 590510 sentences
[2019-08-02 00:51:06] [data] Done shuffling 590510 sentences to temp files
[2019-08-02 00:57:19] Ep. 18 : Up. 78000 : Sen. 155,317 : Cost 30.32358932 : Time 611.58s : 8621.27 words/s
[2019-08-02 01:07:04] Ep. 18 : Up. 80000 : Sen. 398,773 : Cost 30.02083778 : Time 584.40s : 9027.16 words/s
[2019-08-02 01:07:04] Saving model to ../experiments/10M_bicleaner_v1.1_+_biced_0.25_x_bic1.1_w3000/model/model.npz.orig.npz
[2019-08-02 01:07:14] Saving model to ../experiments/10M_bicleaner_v1.1_+_biced_0.25_x_bic1.1_w3000/model/model.iter80000.npz
[2019-08-02 01:07:21] Saving model to ../experiments/10M_bicleaner_v1.1_+_biced_0.25_x_bic1.1_w3000/model/model.npz
[2019-08-02 01:07:30] Saving Adam parameters to ../experiments/10M_bicleaner_v1.1_+_biced_0.25_x_bic1.1_w3000/model/model.npz.optimizer.npz
[2019-08-02 01:07:57] [valid] Ep. 18 : Up. 80000 : cross-entropy : 55.352 : new best
[2019-08-02 01:08:07] [valid] Ep. 18 : Up. 80000 : perplexity : 8.92166 : new best
[2019-08-02 01:09:15] [valid] Ep. 18 : Up. 80000 : translation : 27.5 : new best
[2019-08-02 01:15:14] Seen 548849 samples
[2019-08-02 01:15:14] Starting epoch 19
[2019-08-02 01:15:14] [data] Shuffling data
[2019-08-02 01:15:26] [data] Done reading 590510 sentences
[2019-08-02 01:15:29] [data] Done shuffling 590510 sentences to temp files
[2019-08-02 01:19:12] Ep. 19 : Up. 82000 : Sen. 92,789 : Cost 29.93027878 : Time 728.04s : 7223.63 words/s
[2019-08-02 01:28:56] Ep. 19 : Up. 84000 : Sen. 336,207 : Cost 29.59420013 : Time 583.96s : 9032.22 words/s
[2019-08-02 01:37:26] Seen 548849 samples
[2019-08-02 01:37:26] Starting epoch 20
[2019-08-02 01:37:26] [data] Shuffling data
[2019-08-02 01:37:29] [data] Done reading 590510 sentences
[2019-08-02 01:37:31] [data] Done shuffling 590510 sentences to temp files
[2019-08-02 01:38:47] Ep. 20 : Up. 86000 : Sen. 31,098 : Cost 29.56377220 : Time 591.34s : 8940.56 words/s
[2019-08-02 01:48:29] Ep. 20 : Up. 88000 : Sen. 274,621 : Cost 28.48550987 : Time 582.60s : 9051.67 words/s
[2019-08-02 01:58:12] Ep. 20 : Up. 90000 : Sen. 516,764 : Cost 29.25852203 : Time 582.98s : 9028.20 words/s
[2019-08-02 01:59:28] Seen 548849 samples
[2019-08-02 01:59:28] Starting epoch 21
[2019-08-02 01:59:28] [data] Shuffling data
[2019-08-02 01:59:31] [data] Done reading 590510 sentences
[2019-08-02 01:59:33] [data] Done shuffling 590510 sentences to temp files
[2019-08-02 02:08:00] Ep. 21 : Up. 92000 : Sen. 210,372 : Cost 28.09434891 : Time 587.63s : 8939.81 words/s
[2019-08-02 02:17:44] Ep. 21 : Up. 94000 : Sen. 454,769 : Cost 28.37910271 : Time 584.28s : 9061.43 words/s
[2019-08-02 02:21:30] Seen 548849 samples
[2019-08-02 02:21:30] Starting epoch 22
[2019-08-02 02:21:30] [data] Shuffling data
[2019-08-02 02:21:33] [data] Done reading 590510 sentences
[2019-08-02 02:21:35] [data] Done shuffling 590510 sentences to temp files
[2019-08-02 02:27:33] Ep. 22 : Up. 96000 : Sen. 148,965 : Cost 27.96829033 : Time 588.15s : 8951.93 words/s
[2019-08-02 02:37:14] Ep. 22 : Up. 98000 : Sen. 392,434 : Cost 27.67035294 : Time 581.34s : 9077.67 words/s
[2019-08-02 02:43:27] Seen 548849 samples
[2019-08-02 02:43:27] Starting epoch 23
[2019-08-02 02:43:27] [data] Shuffling data
[2019-08-02 02:43:29] [data] Done reading 590510 sentences
[2019-08-02 02:43:31] [data] Done shuffling 590510 sentences to temp files
[2019-08-02 02:46:59] Ep. 23 : Up. 100000 : Sen. 87,142 : Cost 27.44284248 : Time 585.54s : 9004.39 words/s
[2019-08-02 02:46:59] Saving model to ../experiments/10M_bicleaner_v1.1_+_biced_0.25_x_bic1.1_w3000/model/model.npz.orig.npz
[2019-08-02 02:47:09] Saving model to ../experiments/10M_bicleaner_v1.1_+_biced_0.25_x_bic1.1_w3000/model/model.iter100000.npz
[2019-08-02 02:47:15] Saving model to ../experiments/10M_bicleaner_v1.1_+_biced_0.25_x_bic1.1_w3000/model/model.npz
[2019-08-02 02:47:25] Saving Adam parameters to ../experiments/10M_bicleaner_v1.1_+_biced_0.25_x_bic1.1_w3000/model/model.npz.optimizer.npz
[2019-08-02 02:47:50] [valid] Ep. 23 : Up. 100000 : cross-entropy : 55.4628 : stalled 1 times (last best: 55.352)
[2019-08-02 02:47:58] [valid] Ep. 23 : Up. 100000 : perplexity : 8.96082 : stalled 1 times (last best: 8.92166)
[2019-08-02 02:49:02] [valid] Ep. 23 : Up. 100000 : translation : 27.68 : new best
[2019-08-02 02:58:38] Ep. 23 : Up. 102000 : Sen. 329,262 : Cost 27.16543007 : Time 698.19s : 7523.08 words/s
[2019-08-02 03:07:22] Seen 548849 samples
[2019-08-02 03:07:22] Starting epoch 24
[2019-08-02 03:07:22] [data] Shuffling data
[2019-08-02 03:07:24] [data] Done reading 590510 sentences
[2019-08-02 03:07:26] [data] Done shuffling 590510 sentences to temp files
[2019-08-02 03:08:27] Ep. 24 : Up. 104000 : Sen. 24,763 : Cost 27.43007278 : Time 589.33s : 8991.51 words/s
[2019-08-02 03:18:09] Ep. 24 : Up. 106000 : Sen. 268,435 : Cost 26.45385361 : Time 582.54s : 9063.92 words/s
[2019-08-02 03:27:51] Ep. 24 : Up. 108000 : Sen. 510,365 : Cost 27.20396423 : Time 581.16s : 9024.59 words/s
[2019-08-02 03:29:23] Seen 548849 samples
[2019-08-02 03:29:23] Starting epoch 25
[2019-08-02 03:29:23] [data] Shuffling data
[2019-08-02 03:29:25] [data] Done reading 590510 sentences
[2019-08-02 03:29:28] [data] Done shuffling 590510 sentences to temp files
[2019-08-02 03:37:39] Ep. 25 : Up. 110000 : Sen. 205,390 : Cost 26.36332703 : Time 588.68s : 8978.36 words/s
[2019-08-02 03:47:22] Ep. 25 : Up. 112000 : Sen. 448,820 : Cost 26.67214584 : Time 582.80s : 9054.33 words/s
[2019-08-02 03:51:22] Seen 548849 samples
[2019-08-02 03:51:22] Starting epoch 26
[2019-08-02 03:51:22] [data] Shuffling data
[2019-08-02 03:51:26] [data] Done reading 590510 sentences
[2019-08-02 03:51:29] [data] Done shuffling 590510 sentences to temp files
[2019-08-02 03:57:11] Ep. 26 : Up. 114000 : Sen. 143,119 : Cost 25.88252068 : Time 589.03s : 8932.47 words/s
[2019-08-02 04:06:53] Ep. 26 : Up. 116000 : Sen. 386,038 : Cost 26.13279724 : Time 582.11s : 9055.60 words/s
[2019-08-02 04:13:23] Seen 548849 samples
[2019-08-02 04:13:23] Starting epoch 27
[2019-08-02 04:13:23] [data] Shuffling data
[2019-08-02 04:13:25] [data] Done reading 590510 sentences
[2019-08-02 04:13:27] [data] Done shuffling 590510 sentences to temp files
[2019-08-02 04:16:39] Ep. 27 : Up. 118000 : Sen. 79,414 : Cost 25.91889381 : Time 585.95s : 8963.76 words/s
[2019-08-02 04:26:23] Ep. 27 : Up. 120000 : Sen. 323,759 : Cost 25.52691269 : Time 583.37s : 9058.69 words/s
[2019-08-02 04:26:23] Saving model to ../experiments/10M_bicleaner_v1.1_+_biced_0.25_x_bic1.1_w3000/model/model.npz.orig.npz
[2019-08-02 04:26:33] Saving model to ../experiments/10M_bicleaner_v1.1_+_biced_0.25_x_bic1.1_w3000/model/model.iter120000.npz
[2019-08-02 04:26:40] Saving model to ../experiments/10M_bicleaner_v1.1_+_biced_0.25_x_bic1.1_w3000/model/model.npz
[2019-08-02 04:26:50] Saving Adam parameters to ../experiments/10M_bicleaner_v1.1_+_biced_0.25_x_bic1.1_w3000/model/model.npz.optimizer.npz
[2019-08-02 04:27:17] [valid] Ep. 27 : Up. 120000 : cross-entropy : 56.115 : stalled 2 times (last best: 55.352)
[2019-08-02 04:27:25] [valid] Ep. 27 : Up. 120000 : perplexity : 9.1949 : stalled 2 times (last best: 8.92166)
[2019-08-02 04:28:28] [valid] Ep. 27 : Up. 120000 : translation : 27.54 : stalled 1 times (last best: 27.68)
[2019-08-02 04:37:28] Seen 548849 samples
[2019-08-02 04:37:28] Starting epoch 28
[2019-08-02 04:37:28] [data] Shuffling data
[2019-08-02 04:37:30] [data] Done reading 590510 sentences
[2019-08-02 04:37:32] [data] Done shuffling 590510 sentences to temp files
[2019-08-02 04:38:14] Ep. 28 : Up. 122000 : Sen. 16,773 : Cost 25.70516968 : Time 711.58s : 7378.80 words/s
[2019-08-02 04:47:57] Ep. 28 : Up. 124000 : Sen. 259,494 : Cost 24.99802017 : Time 583.07s : 9032.53 words/s
[2019-08-02 04:57:40] Ep. 28 : Up. 126000 : Sen. 502,498 : Cost 25.54272270 : Time 583.20s : 9015.32 words/s
[2019-08-02 04:59:31] Seen 548849 samples
[2019-08-02 04:59:31] Starting epoch 29
[2019-08-02 04:59:31] [data] Shuffling data
[2019-08-02 04:59:32] [data] Done reading 590510 sentences
[2019-08-02 04:59:34] [data] Done shuffling 590510 sentences to temp files
[2019-08-02 05:07:28] Ep. 29 : Up. 128000 : Sen. 197,197 : Cost 24.86167526 : Time 587.69s : 8986.76 words/s
[2019-08-02 05:17:10] Ep. 29 : Up. 130000 : Sen. 439,981 : Cost 25.02217102 : Time 582.06s : 9038.79 words/s
[2019-08-02 05:21:33] Seen 548849 samples
[2019-08-02 05:21:33] Starting epoch 30
[2019-08-02 05:21:33] [data] Shuffling data
[2019-08-02 05:21:34] [data] Done reading 590510 sentences
[2019-08-02 05:21:36] [data] Done shuffling 590510 sentences to temp files
[2019-08-02 05:27:00] Ep. 30 : Up. 132000 : Sen. 133,875 : Cost 24.49459076 : Time 589.83s : 8940.00 words/s
[2019-08-02 05:36:44] Ep. 30 : Up. 134000 : Sen. 377,600 : Cost 24.32562637 : Time 584.18s : 9033.25 words/s
[2019-08-02 05:43:37] Seen 548849 samples
[2019-08-02 05:43:37] Starting epoch 31
[2019-08-02 05:43:37] [data] Shuffling data
[2019-08-02 05:43:37] [data] Done reading 590510 sentences
[2019-08-02 05:43:39] [data] Done shuffling 590510 sentences to temp files
[2019-08-02 05:46:33] Ep. 31 : Up. 136000 : Sen. 71,590 : Cost 24.34429550 : Time 588.97s : 8942.01 words/s
[2019-08-02 05:56:17] Ep. 31 : Up. 138000 : Sen. 315,561 : Cost 23.97515869 : Time 583.57s : 9051.97 words/s
[2019-08-02 06:05:34] Seen 548849 samples
[2019-08-02 06:05:34] Starting epoch 32
[2019-08-02 06:05:34] [data] Shuffling data
[2019-08-02 06:05:34] [data] Done reading 590510 sentences
[2019-08-02 06:05:36] [data] Done shuffling 590510 sentences to temp files
[2019-08-02 06:06:01] Ep. 32 : Up. 140000 : Sen. 9,352 : Cost 24.37281418 : Time 584.52s : 9002.15 words/s
[2019-08-02 06:06:01] Saving model to ../experiments/10M_bicleaner_v1.1_+_biced_0.25_x_bic1.1_w3000/model/model.npz.orig.npz
[2019-08-02 06:06:10] Saving model to ../experiments/10M_bicleaner_v1.1_+_biced_0.25_x_bic1.1_w3000/model/model.iter140000.npz
[2019-08-02 06:06:17] Saving model to ../experiments/10M_bicleaner_v1.1_+_biced_0.25_x_bic1.1_w3000/model/model.npz
[2019-08-02 06:06:26] Saving Adam parameters to ../experiments/10M_bicleaner_v1.1_+_biced_0.25_x_bic1.1_w3000/model/model.npz.optimizer.npz
[2019-08-02 06:06:51] [valid] Ep. 32 : Up. 140000 : cross-entropy : 57.029 : stalled 3 times (last best: 55.352)
[2019-08-02 06:06:58] [valid] Ep. 32 : Up. 140000 : perplexity : 9.53324 : stalled 3 times (last best: 8.92166)
[2019-08-02 06:08:01] [valid] Ep. 32 : Up. 140000 : translation : 27.37 : stalled 2 times (last best: 27.68)
[2019-08-02 06:17:41] Ep. 32 : Up. 142000 : Sen. 252,751 : Cost 23.33959961 : Time 699.33s : 7548.24 words/s
[2019-08-02 06:27:23] Ep. 32 : Up. 144000 : Sen. 496,525 : Cost 24.11428833 : Time 582.03s : 9067.71 words/s
[2019-08-02 06:29:28] Seen 548849 samples
[2019-08-02 06:29:28] Starting epoch 33
[2019-08-02 06:29:28] [data] Shuffling data
[2019-08-02 06:29:29] [data] Done reading 590510 sentences
[2019-08-02 06:29:31] [data] Done shuffling 590510 sentences to temp files
[2019-08-02 06:37:09] Ep. 33 : Up. 146000 : Sen. 190,700 : Cost 23.45469666 : Time 586.83s : 8984.04 words/s
[2019-08-02 06:46:51] Ep. 33 : Up. 148000 : Sen. 434,349 : Cost 23.60446167 : Time 581.03s : 9087.58 words/s
[2019-08-02 06:51:22] Seen 548849 samples
[2019-08-02 06:51:22] Starting epoch 34
[2019-08-02 06:51:22] [data] Shuffling data
[2019-08-02 06:51:24] [data] Done reading 590510 sentences
[2019-08-02 06:51:29] [data] Done shuffling 590510 sentences to temp files
[2019-08-02 06:56:38] Ep. 34 : Up. 150000 : Sen. 129,253 : Cost 23.24455261 : Time 587.66s : 8979.48 words/s
[2019-08-02 07:06:19] Ep. 34 : Up. 152000 : Sen. 373,360 : Cost 23.10940742 : Time 580.84s : 9108.25 words/s
[2019-08-02 07:13:18] Seen 548849 samples
[2019-08-02 07:13:18] Starting epoch 35
[2019-08-02 07:13:18] [data] Shuffling data
[2019-08-02 07:13:19] [data] Done reading 590510 sentences
[2019-08-02 07:13:22] [data] Done shuffling 590510 sentences to temp files
[2019-08-02 07:16:05] Ep. 35 : Up. 154000 : Sen. 66,717 : Cost 23.10727692 : Time 585.57s : 8984.04 words/s
[2019-08-02 07:25:45] Ep. 35 : Up. 156000 : Sen. 310,683 : Cost 22.54316139 : Time 580.57s : 9095.74 words/s
[2019-08-02 07:35:13] Seen 548849 samples
[2019-08-02 07:35:13] Starting epoch 36
[2019-08-02 07:35:13] [data] Shuffling data
[2019-08-02 07:35:15] [data] Done reading 590510 sentences
[2019-08-02 07:35:17] [data] Done shuffling 590510 sentences to temp files
[2019-08-02 07:35:32] Ep. 36 : Up. 158000 : Sen. 5,171 : Cost 23.29694557 : Time 586.68s : 8988.94 words/s
[2019-08-02 07:45:09] Ep. 36 : Up. 160000 : Sen. 247,475 : Cost 22.44652748 : Time 576.93s : 9122.06 words/s
[2019-08-02 07:45:09] Saving model to ../experiments/10M_bicleaner_v1.1_+_biced_0.25_x_bic1.1_w3000/model/model.npz.orig.npz
[2019-08-02 07:45:19] Saving model to ../experiments/10M_bicleaner_v1.1_+_biced_0.25_x_bic1.1_w3000/model/model.iter160000.npz
[2019-08-02 07:45:27] Saving model to ../experiments/10M_bicleaner_v1.1_+_biced_0.25_x_bic1.1_w3000/model/model.npz
[2019-08-02 07:45:37] Saving Adam parameters to ../experiments/10M_bicleaner_v1.1_+_biced_0.25_x_bic1.1_w3000/model/model.npz.optimizer.npz
[2019-08-02 07:46:04] [valid] Ep. 36 : Up. 160000 : cross-entropy : 58.0829 : stalled 4 times (last best: 55.352)
[2019-08-02 07:46:11] [valid] Ep. 36 : Up. 160000 : perplexity : 9.93888 : stalled 4 times (last best: 8.92166)
[2019-08-02 07:47:14] [valid] Ep. 36 : Up. 160000 : translation : 26.98 : stalled 3 times (last best: 27.68)
[2019-08-02 07:56:52] Ep. 36 : Up. 162000 : Sen. 491,015 : Cost 22.75567818 : Time 703.14s : 7493.36 words/s
[2019-08-02 07:59:09] Seen 548849 samples
[2019-08-02 07:59:09] Starting epoch 37
[2019-08-02 07:59:09] [data] Shuffling data
[2019-08-02 07:59:11] [data] Done reading 590510 sentences
[2019-08-02 07:59:13] [data] Done shuffling 590510 sentences to temp files
[2019-08-02 08:06:39] Ep. 37 : Up. 164000 : Sen. 185,893 : Cost 22.08012390 : Time 587.34s : 8993.10 words/s
[2019-08-02 08:16:20] Ep. 37 : Up. 166000 : Sen. 429,106 : Cost 22.67863655 : Time 580.34s : 9076.14 words/s
[2019-08-02 08:21:05] Seen 548849 samples
[2019-08-02 08:21:05] Starting epoch 38
[2019-08-02 08:21:05] [data] Shuffling data
[2019-08-02 08:21:06] [data] Done reading 590510 sentences
[2019-08-02 08:21:08] [data] Done shuffling 590510 sentences to temp files
[2019-08-02 08:26:08] Ep. 38 : Up. 168000 : Sen. 124,260 : Cost 21.98918343 : Time 588.35s : 8980.21 words/s
[2019-08-02 08:35:48] Ep. 38 : Up. 170000 : Sen. 367,670 : Cost 22.45763779 : Time 579.96s : 9099.71 words/s
[2019-08-02 08:43:01] Seen 548849 samples
[2019-08-02 08:43:01] Starting epoch 39
[2019-08-02 08:43:01] [data] Shuffling data
[2019-08-02 08:43:03] [data] Done reading 590510 sentences
[2019-08-02 08:43:05] [data] Done shuffling 590510 sentences to temp files
[2019-08-02 08:45:34] Ep. 39 : Up. 172000 : Sen. 61,981 : Cost 22.20159149 : Time 586.11s : 8994.85 words/s
[2019-08-02 08:55:17] Ep. 39 : Up. 174000 : Sen. 304,939 : Cost 21.76858139 : Time 582.45s : 9052.24 words/s
[2019-08-02 09:05:00] Ep. 39 : Up. 176000 : Sen. 548,558 : Cost 22.22644806 : Time 583.26s : 9043.75 words/s
[2019-08-02 09:05:01] Seen 548849 samples
[2019-08-02 09:05:01] Starting epoch 40
[2019-08-02 09:05:01] [data] Shuffling data
[2019-08-02 09:05:03] [data] Done reading 590510 sentences
[2019-08-02 09:05:06] [data] Done shuffling 590510 sentences to temp files
[2019-08-02 09:14:51] Ep. 40 : Up. 178000 : Sen. 243,200 : Cost 21.28200150 : Time 590.88s : 8938.25 words/s
[2019-08-02 09:24:33] Ep. 40 : Up. 180000 : Sen. 486,187 : Cost 21.95114326 : Time 582.39s : 9037.85 words/s
[2019-08-02 09:24:33] Saving model to ../experiments/10M_bicleaner_v1.1_+_biced_0.25_x_bic1.1_w3000/model/model.npz.orig.npz
[2019-08-02 09:24:42] Saving model to ../experiments/10M_bicleaner_v1.1_+_biced_0.25_x_bic1.1_w3000/model/model.iter180000.npz
[2019-08-02 09:24:49] Saving model to ../experiments/10M_bicleaner_v1.1_+_biced_0.25_x_bic1.1_w3000/model/model.npz
[2019-08-02 09:24:59] Saving Adam parameters to ../experiments/10M_bicleaner_v1.1_+_biced_0.25_x_bic1.1_w3000/model/model.npz.optimizer.npz
[2019-08-02 09:25:25] [valid] Ep. 40 : Up. 180000 : cross-entropy : 59.23 : stalled 5 times (last best: 55.352)
[2019-08-02 09:25:34] [valid] Ep. 40 : Up. 180000 : perplexity : 10.4 : stalled 5 times (last best: 8.92166)
[2019-08-02 09:26:40] [valid] Ep. 40 : Up. 180000 : translation : 27.03 : stalled 4 times (last best: 27.68)
[2019-08-02 09:26:42] Training finished
[2019-08-02 09:26:47] Saving model to ../experiments/10M_bicleaner_v1.1_+_biced_0.25_x_bic1.1_w3000/model/model.npz.orig.npz
[2019-08-02 09:26:57] Saving model to ../experiments/10M_bicleaner_v1.1_+_biced_0.25_x_bic1.1_w3000/model/model.npz
[2019-08-02 09:27:07] Saving Adam parameters to ../experiments/10M_bicleaner_v1.1_+_biced_0.25_x_bic1.1_w3000/model/model.npz.optimizer.npz
