[2019-07-17 20:22:18] [marian] Marian v1.7.8 ec2d66e 2019-05-27 14:52:11 +0100
[2019-07-17 20:22:18] [marian] Running on zisa as process 18707 with command line:
[2019-07-17 20:22:18] [marian] /fs/bil0/abdel/marian-dev/build/marian --sync-sgd --model ../experiments/10M_fasttext_prob_x_len_+_biced_0.25_x_dcce/model/model.npz -T . --devices 1 --train-sets ../experiments/10M_fasttext_prob_x_len_+_biced_0.25_x_dcce/data/train.bpe.de ../experiments/10M_fasttext_prob_x_len_+_biced_0.25_x_dcce/data/train.bpe.en --vocabs ../experiments/10M_fasttext_prob_x_len_+_biced_0.25_x_dcce/data/train.bpe.de.json ../experiments/10M_fasttext_prob_x_len_+_biced_0.25_x_dcce/data/train.bpe.en.json --mini-batch-fit -w 5000 --dim-vocabs 50000 50000 --layer-normalization --dropout-rnn 0.2 --dropout-src 0.1 --dropout-trg 0.1 --learn-rate 0.0001 --after-epochs 0 --early-stopping 5 --valid-freq 20000 --save-freq 20000 --disp-freq 2000 --valid-mini-batch 8 --valid-sets ../experiments/10M_fasttext_prob_x_len_+_biced_0.25_x_dcce/data/dev.bpe.de ../experiments/10M_fasttext_prob_x_len_+_biced_0.25_x_dcce/data/dev.bpe.en --valid-metrics cross-entropy perplexity translation --valid-translation-output ../experiments/10M_fasttext_prob_x_len_+_biced_0.25_x_dcce/model/dev.out --valid-script-path ../experiments/10M_fasttext_prob_x_len_+_biced_0.25_x_dcce/score-dev.sh --seed 1111 --exponential-smoothing --normalize=1 --beam-size=12 --quiet-translation --log ../experiments/10M_fasttext_prob_x_len_+_biced_0.25_x_dcce/model/train.log --valid-log ../experiments/10M_fasttext_prob_x_len_+_biced_0.25_x_dcce/model/valid.log
[2019-07-17 20:22:18] [config] after-batches: 0
[2019-07-17 20:22:18] [config] after-epochs: 0
[2019-07-17 20:22:18] [config] allow-unk: false
[2019-07-17 20:22:18] [config] beam-size: 12
[2019-07-17 20:22:18] [config] bert-class-symbol: "[CLS]"
[2019-07-17 20:22:18] [config] bert-mask-symbol: "[MASK]"
[2019-07-17 20:22:18] [config] bert-masking-fraction: 0.15
[2019-07-17 20:22:18] [config] bert-sep-symbol: "[SEP]"
[2019-07-17 20:22:18] [config] bert-train-type-embeddings: true
[2019-07-17 20:22:18] [config] bert-type-vocab-size: 2
[2019-07-17 20:22:18] [config] best-deep: false
[2019-07-17 20:22:18] [config] clip-gemm: 0
[2019-07-17 20:22:18] [config] clip-norm: 1
[2019-07-17 20:22:18] [config] cost-type: ce-mean
[2019-07-17 20:22:18] [config] cpu-threads: 0
[2019-07-17 20:22:18] [config] data-weighting: ""
[2019-07-17 20:22:18] [config] data-weighting-type: sentence
[2019-07-17 20:22:18] [config] dec-cell: gru
[2019-07-17 20:22:18] [config] dec-cell-base-depth: 2
[2019-07-17 20:22:18] [config] dec-cell-high-depth: 1
[2019-07-17 20:22:18] [config] dec-depth: 1
[2019-07-17 20:22:18] [config] devices:
[2019-07-17 20:22:18] [config]   - 1
[2019-07-17 20:22:18] [config] dim-emb: 512
[2019-07-17 20:22:18] [config] dim-rnn: 1024
[2019-07-17 20:22:18] [config] dim-vocabs:
[2019-07-17 20:22:18] [config]   - 50000
[2019-07-17 20:22:18] [config]   - 50000
[2019-07-17 20:22:18] [config] disp-first: 0
[2019-07-17 20:22:18] [config] disp-freq: 2000
[2019-07-17 20:22:18] [config] disp-label-counts: false
[2019-07-17 20:22:18] [config] dropout-rnn: 0.2
[2019-07-17 20:22:18] [config] dropout-src: 0.1
[2019-07-17 20:22:18] [config] dropout-trg: 0.1
[2019-07-17 20:22:18] [config] dump-config: ""
[2019-07-17 20:22:18] [config] early-stopping: 5
[2019-07-17 20:22:18] [config] embedding-fix-src: false
[2019-07-17 20:22:18] [config] embedding-fix-trg: false
[2019-07-17 20:22:18] [config] embedding-normalization: false
[2019-07-17 20:22:18] [config] embedding-vectors:
[2019-07-17 20:22:18] [config]   []
[2019-07-17 20:22:18] [config] enc-cell: gru
[2019-07-17 20:22:18] [config] enc-cell-depth: 1
[2019-07-17 20:22:18] [config] enc-depth: 1
[2019-07-17 20:22:18] [config] enc-type: bidirectional
[2019-07-17 20:22:18] [config] exponential-smoothing: 0.0001
[2019-07-17 20:22:18] [config] grad-dropping-momentum: 0
[2019-07-17 20:22:18] [config] grad-dropping-rate: 0
[2019-07-17 20:22:18] [config] grad-dropping-warmup: 100
[2019-07-17 20:22:18] [config] guided-alignment: none
[2019-07-17 20:22:18] [config] guided-alignment-cost: mse
[2019-07-17 20:22:18] [config] guided-alignment-weight: 0.1
[2019-07-17 20:22:18] [config] ignore-model-config: false
[2019-07-17 20:22:18] [config] input-types:
[2019-07-17 20:22:18] [config]   []
[2019-07-17 20:22:18] [config] interpolate-env-vars: false
[2019-07-17 20:22:18] [config] keep-best: false
[2019-07-17 20:22:18] [config] label-smoothing: 0
[2019-07-17 20:22:18] [config] layer-normalization: true
[2019-07-17 20:22:18] [config] learn-rate: 0.0001
[2019-07-17 20:22:18] [config] log: ../experiments/10M_fasttext_prob_x_len_+_biced_0.25_x_dcce/model/train.log
[2019-07-17 20:22:18] [config] log-level: info
[2019-07-17 20:22:18] [config] log-time-zone: ""
[2019-07-17 20:22:18] [config] lr-decay: 0
[2019-07-17 20:22:18] [config] lr-decay-freq: 50000
[2019-07-17 20:22:18] [config] lr-decay-inv-sqrt:
[2019-07-17 20:22:18] [config]   - 0
[2019-07-17 20:22:18] [config] lr-decay-repeat-warmup: false
[2019-07-17 20:22:18] [config] lr-decay-reset-optimizer: false
[2019-07-17 20:22:18] [config] lr-decay-start:
[2019-07-17 20:22:18] [config]   - 10
[2019-07-17 20:22:18] [config]   - 1
[2019-07-17 20:22:18] [config] lr-decay-strategy: epoch+stalled
[2019-07-17 20:22:18] [config] lr-report: false
[2019-07-17 20:22:18] [config] lr-warmup: 0
[2019-07-17 20:22:18] [config] lr-warmup-at-reload: false
[2019-07-17 20:22:18] [config] lr-warmup-cycle: false
[2019-07-17 20:22:18] [config] lr-warmup-start-rate: 0
[2019-07-17 20:22:18] [config] max-length: 50
[2019-07-17 20:22:18] [config] max-length-crop: false
[2019-07-17 20:22:18] [config] max-length-factor: 3
[2019-07-17 20:22:18] [config] maxi-batch: 100
[2019-07-17 20:22:18] [config] maxi-batch-sort: trg
[2019-07-17 20:22:18] [config] mini-batch: 64
[2019-07-17 20:22:18] [config] mini-batch-fit: true
[2019-07-17 20:22:18] [config] mini-batch-fit-step: 10
[2019-07-17 20:22:18] [config] mini-batch-overstuff: 1
[2019-07-17 20:22:18] [config] mini-batch-track-lr: false
[2019-07-17 20:22:18] [config] mini-batch-understuff: 1
[2019-07-17 20:22:18] [config] mini-batch-warmup: 0
[2019-07-17 20:22:18] [config] mini-batch-words: 0
[2019-07-17 20:22:18] [config] mini-batch-words-ref: 0
[2019-07-17 20:22:18] [config] model: ../experiments/10M_fasttext_prob_x_len_+_biced_0.25_x_dcce/model/model.npz
[2019-07-17 20:22:18] [config] multi-loss-type: sum
[2019-07-17 20:22:18] [config] multi-node: false
[2019-07-17 20:22:18] [config] multi-node-overlap: true
[2019-07-17 20:22:18] [config] n-best: false
[2019-07-17 20:22:18] [config] no-nccl: false
[2019-07-17 20:22:18] [config] no-reload: false
[2019-07-17 20:22:18] [config] no-restore-corpus: false
[2019-07-17 20:22:18] [config] no-shuffle: false
[2019-07-17 20:22:18] [config] normalize: 1
[2019-07-17 20:22:18] [config] num-devices: 0
[2019-07-17 20:22:18] [config] optimizer: adam
[2019-07-17 20:22:18] [config] optimizer-delay: 1
[2019-07-17 20:22:18] [config] optimizer-params:
[2019-07-17 20:22:18] [config]   []
[2019-07-17 20:22:18] [config] overwrite: false
[2019-07-17 20:22:18] [config] pretrained-model: ""
[2019-07-17 20:22:18] [config] quiet: false
[2019-07-17 20:22:18] [config] quiet-translation: true
[2019-07-17 20:22:18] [config] relative-paths: false
[2019-07-17 20:22:18] [config] right-left: false
[2019-07-17 20:22:18] [config] save-freq: 20000
[2019-07-17 20:22:18] [config] seed: 1111
[2019-07-17 20:22:18] [config] shuffle-in-ram: false
[2019-07-17 20:22:18] [config] skip: false
[2019-07-17 20:22:18] [config] sqlite: ""
[2019-07-17 20:22:18] [config] sqlite-drop: false
[2019-07-17 20:22:18] [config] sync-sgd: true
[2019-07-17 20:22:18] [config] tempdir: .
[2019-07-17 20:22:18] [config] tied-embeddings: false
[2019-07-17 20:22:18] [config] tied-embeddings-all: false
[2019-07-17 20:22:18] [config] tied-embeddings-src: false
[2019-07-17 20:22:18] [config] train-sets:
[2019-07-17 20:22:18] [config]   - ../experiments/10M_fasttext_prob_x_len_+_biced_0.25_x_dcce/data/train.bpe.de
[2019-07-17 20:22:18] [config]   - ../experiments/10M_fasttext_prob_x_len_+_biced_0.25_x_dcce/data/train.bpe.en
[2019-07-17 20:22:18] [config] transformer-aan-activation: swish
[2019-07-17 20:22:18] [config] transformer-aan-depth: 2
[2019-07-17 20:22:18] [config] transformer-aan-nogate: false
[2019-07-17 20:22:18] [config] transformer-decoder-autoreg: self-attention
[2019-07-17 20:22:18] [config] transformer-dim-aan: 2048
[2019-07-17 20:22:18] [config] transformer-dim-ffn: 2048
[2019-07-17 20:22:18] [config] transformer-dropout: 0
[2019-07-17 20:22:18] [config] transformer-dropout-attention: 0
[2019-07-17 20:22:18] [config] transformer-dropout-ffn: 0
[2019-07-17 20:22:18] [config] transformer-ffn-activation: swish
[2019-07-17 20:22:18] [config] transformer-ffn-depth: 2
[2019-07-17 20:22:18] [config] transformer-guided-alignment-layer: last
[2019-07-17 20:22:18] [config] transformer-heads: 8
[2019-07-17 20:22:18] [config] transformer-no-projection: false
[2019-07-17 20:22:18] [config] transformer-postprocess: dan
[2019-07-17 20:22:18] [config] transformer-postprocess-emb: d
[2019-07-17 20:22:18] [config] transformer-preprocess: ""
[2019-07-17 20:22:18] [config] transformer-tied-layers:
[2019-07-17 20:22:18] [config]   []
[2019-07-17 20:22:18] [config] transformer-train-position-embeddings: false
[2019-07-17 20:22:18] [config] type: amun
[2019-07-17 20:22:18] [config] ulr: false
[2019-07-17 20:22:18] [config] ulr-dim-emb: 0
[2019-07-17 20:22:18] [config] ulr-dropout: 0
[2019-07-17 20:22:18] [config] ulr-keys-vectors: ""
[2019-07-17 20:22:18] [config] ulr-query-vectors: ""
[2019-07-17 20:22:18] [config] ulr-softmax-temperature: 1
[2019-07-17 20:22:18] [config] ulr-trainable-transformation: false
[2019-07-17 20:22:18] [config] valid-freq: 20000
[2019-07-17 20:22:18] [config] valid-log: ../experiments/10M_fasttext_prob_x_len_+_biced_0.25_x_dcce/model/valid.log
[2019-07-17 20:22:18] [config] valid-max-length: 1000
[2019-07-17 20:22:18] [config] valid-metrics:
[2019-07-17 20:22:18] [config]   - cross-entropy
[2019-07-17 20:22:18] [config]   - perplexity
[2019-07-17 20:22:18] [config]   - translation
[2019-07-17 20:22:18] [config] valid-mini-batch: 8
[2019-07-17 20:22:18] [config] valid-script-path: ../experiments/10M_fasttext_prob_x_len_+_biced_0.25_x_dcce/score-dev.sh
[2019-07-17 20:22:18] [config] valid-sets:
[2019-07-17 20:22:18] [config]   - ../experiments/10M_fasttext_prob_x_len_+_biced_0.25_x_dcce/data/dev.bpe.de
[2019-07-17 20:22:18] [config]   - ../experiments/10M_fasttext_prob_x_len_+_biced_0.25_x_dcce/data/dev.bpe.en
[2019-07-17 20:22:18] [config] valid-translation-output: ../experiments/10M_fasttext_prob_x_len_+_biced_0.25_x_dcce/model/dev.out
[2019-07-17 20:22:18] [config] vocabs:
[2019-07-17 20:22:18] [config]   - ../experiments/10M_fasttext_prob_x_len_+_biced_0.25_x_dcce/data/train.bpe.de.json
[2019-07-17 20:22:18] [config]   - ../experiments/10M_fasttext_prob_x_len_+_biced_0.25_x_dcce/data/train.bpe.en.json
[2019-07-17 20:22:18] [config] word-penalty: 0
[2019-07-17 20:22:18] [config] workspace: 5000
[2019-07-17 20:22:18] [config] Model is being created with Marian v1.7.8 ec2d66e 2019-05-27 14:52:11 +0100
[2019-07-17 20:22:18] Using synchronous training
[2019-07-17 20:22:18] [data] Loading vocabulary from JSON/Yaml file ../experiments/10M_fasttext_prob_x_len_+_biced_0.25_x_dcce/data/train.bpe.de.json
[2019-07-17 20:22:19] [data] Using unused word id eos for 0
[2019-07-17 20:22:19] [data] Using unused word id UNK for 1
[2019-07-17 20:22:19] [data] Setting vocabulary size for input 0 to 50000
[2019-07-17 20:22:19] [data] Loading vocabulary from JSON/Yaml file ../experiments/10M_fasttext_prob_x_len_+_biced_0.25_x_dcce/data/train.bpe.en.json
[2019-07-17 20:22:19] [data] Using unused word id eos for 0
[2019-07-17 20:22:19] [data] Using unused word id UNK for 1
[2019-07-17 20:22:19] [data] Setting vocabulary size for input 1 to 50000
[2019-07-17 20:22:19] Compiled without MPI support. Falling back to FakeMPIWrapper
[2019-07-17 20:22:19] [batching] Collecting statistics for batch fitting with step size 10
[2019-07-17 20:22:20] [memory] Extending reserved space to 5120 MB (device gpu1)
[2019-07-17 20:22:20] [comm] Using NCCL 2.4.2 for GPU communication
[2019-07-17 20:22:20] [comm] NCCLCommunicator constructed successfully.
[2019-07-17 20:22:20] [training] Using 1 GPUs
[2019-07-17 20:22:20] [memory] Reserving 422 MB, device gpu1
[2019-07-17 20:22:20] [gpu] 16-bit TensorCores enabled for float32 matrix operations
[2019-07-17 20:22:20] [memory] Reserving 422 MB, device gpu1
[2019-07-17 20:22:32] [batching] Done. Typical MB size is 6880 target words
[2019-07-17 20:22:33] [memory] Extending reserved space to 5120 MB (device gpu1)
[2019-07-17 20:22:33] [comm] Using NCCL 2.4.2 for GPU communication
[2019-07-17 20:22:33] [comm] NCCLCommunicator constructed successfully.
[2019-07-17 20:22:33] [training] Using 1 GPUs
[2019-07-17 20:22:33] Training started
[2019-07-17 20:22:33] [data] Shuffling data
[2019-07-17 20:22:33] [data] Done reading 705883 sentences
[2019-07-17 20:22:35] [data] Done shuffling 705883 sentences to temp files
[2019-07-17 20:22:37] [training] Batches are processed as 1 process(es) x 1 devices/process
[2019-07-17 20:22:37] [memory] Reserving 422 MB, device gpu1
[2019-07-17 20:22:38] [memory] Reserving 422 MB, device gpu1
[2019-07-17 20:22:38] [memory] Reserving 422 MB, device gpu1
[2019-07-17 20:22:38] [memory] Reserving 844 MB, device gpu1
[2019-07-17 20:41:07] Ep. 1 : Up. 2000 : Sen. 455,898 : Cost 85.81993103 : Time 1127.71s : 6913.93 words/s
[2019-07-17 20:49:33] Seen 661894 samples
[2019-07-17 20:49:33] Starting epoch 2
[2019-07-17 20:49:33] [data] Shuffling data
[2019-07-17 20:49:33] [data] Done reading 705883 sentences
[2019-07-17 20:49:35] [data] Done shuffling 705883 sentences to temp files
[2019-07-17 20:59:45] Ep. 2 : Up. 4000 : Sen. 249,119 : Cost 56.84937668 : Time 1118.63s : 6957.51 words/s
[2019-07-17 21:16:38] Seen 661894 samples
[2019-07-17 21:16:38] Starting epoch 3
[2019-07-17 21:16:38] [data] Shuffling data
[2019-07-17 21:16:39] [data] Done reading 705883 sentences
[2019-07-17 21:16:41] [data] Done shuffling 705883 sentences to temp files
[2019-07-17 21:18:21] Ep. 3 : Up. 6000 : Sen. 40,212 : Cost 45.66447067 : Time 1116.04s : 6946.59 words/s
[2019-07-17 21:36:53] Ep. 3 : Up. 8000 : Sen. 494,746 : Cost 39.25771713 : Time 1112.08s : 6983.04 words/s
[2019-07-17 21:43:45] Seen 661894 samples
[2019-07-17 21:43:45] Starting epoch 4
[2019-07-17 21:43:45] [data] Shuffling data
[2019-07-17 21:43:46] [data] Done reading 705883 sentences
[2019-07-17 21:43:48] [data] Done shuffling 705883 sentences to temp files
[2019-07-17 21:55:31] Ep. 4 : Up. 10000 : Sen. 285,395 : Cost 35.86515427 : Time 1117.32s : 6941.90 words/s
[2019-07-17 22:10:51] Seen 661894 samples
[2019-07-17 22:10:51] Starting epoch 5
[2019-07-17 22:10:51] [data] Shuffling data
[2019-07-17 22:10:51] [data] Done reading 705883 sentences
[2019-07-17 22:10:54] [data] Done shuffling 705883 sentences to temp files
[2019-07-17 22:14:13] Ep. 5 : Up. 12000 : Sen. 80,768 : Cost 33.40605545 : Time 1122.09s : 6957.02 words/s
[2019-07-17 22:32:46] Ep. 5 : Up. 14000 : Sen. 535,167 : Cost 31.24409866 : Time 1113.04s : 6985.58 words/s
[2019-07-17 22:37:59] Seen 661894 samples
[2019-07-17 22:37:59] Starting epoch 6
[2019-07-17 22:37:59] [data] Shuffling data
[2019-07-17 22:37:59] [data] Done reading 705883 sentences
[2019-07-17 22:38:01] [data] Done shuffling 705883 sentences to temp files
[2019-07-17 22:51:27] Ep. 6 : Up. 16000 : Sen. 326,881 : Cost 29.59465218 : Time 1120.87s : 6932.57 words/s
[2019-07-17 23:05:05] Seen 661894 samples
[2019-07-17 23:05:05] Starting epoch 7
[2019-07-17 23:05:05] [data] Shuffling data
[2019-07-17 23:05:06] [data] Done reading 705883 sentences
[2019-07-17 23:05:08] [data] Done shuffling 705883 sentences to temp files
[2019-07-17 23:10:09] Ep. 7 : Up. 18000 : Sen. 120,903 : Cost 28.41415977 : Time 1121.99s : 6951.85 words/s
[2019-07-17 23:28:48] Ep. 7 : Up. 20000 : Sen. 576,132 : Cost 27.54151917 : Time 1119.70s : 6956.83 words/s
[2019-07-17 23:28:48] Saving model to ../experiments/10M_fasttext_prob_x_len_+_biced_0.25_x_dcce/model/model.npz.orig.npz
[2019-07-17 23:28:58] Saving model to ../experiments/10M_fasttext_prob_x_len_+_biced_0.25_x_dcce/model/model.iter20000.npz
[2019-07-17 23:29:05] Saving model to ../experiments/10M_fasttext_prob_x_len_+_biced_0.25_x_dcce/model/model.npz
[2019-07-17 23:29:15] Saving Adam parameters to ../experiments/10M_fasttext_prob_x_len_+_biced_0.25_x_dcce/model/model.npz.optimizer.npz
[2019-07-17 23:29:47] [valid] Ep. 7 : Up. 20000 : cross-entropy : 75.6628 : new best
[2019-07-17 23:29:57] [valid] Ep. 7 : Up. 20000 : perplexity : 19.5448 : new best
[2019-07-17 23:31:16] [valid] Ep. 7 : Up. 20000 : translation : 22.63 : new best
[2019-07-17 23:34:49] Seen 661894 samples
[2019-07-17 23:34:49] Starting epoch 8
[2019-07-17 23:34:49] [data] Shuffling data
[2019-07-17 23:34:50] [data] Done reading 705883 sentences
[2019-07-17 23:34:53] [data] Done shuffling 705883 sentences to temp files
[2019-07-17 23:50:04] Ep. 8 : Up. 22000 : Sen. 368,852 : Cost 26.31341743 : Time 1275.89s : 6100.57 words/s
[2019-07-18 00:02:01] Seen 661894 samples
[2019-07-18 00:02:01] Starting epoch 9
[2019-07-18 00:02:01] [data] Shuffling data
[2019-07-18 00:02:02] [data] Done reading 705883 sentences
[2019-07-18 00:02:04] [data] Done shuffling 705883 sentences to temp files
[2019-07-18 00:08:43] Ep. 9 : Up. 24000 : Sen. 161,707 : Cost 25.51769447 : Time 1118.85s : 6950.60 words/s
[2019-07-18 00:27:16] Ep. 9 : Up. 26000 : Sen. 616,502 : Cost 24.79971886 : Time 1112.98s : 6971.77 words/s
[2019-07-18 00:29:09] Seen 661894 samples
[2019-07-18 00:29:09] Starting epoch 10
[2019-07-18 00:29:09] [data] Shuffling data
[2019-07-18 00:29:10] [data] Done reading 705883 sentences
[2019-07-18 00:29:12] [data] Done shuffling 705883 sentences to temp files
[2019-07-18 00:45:53] Ep. 10 : Up. 28000 : Sen. 406,293 : Cost 24.07455826 : Time 1116.45s : 6931.08 words/s
[2019-07-18 00:56:21] Seen 661894 samples
[2019-07-18 00:56:21] Starting epoch 11
[2019-07-18 00:56:21] [data] Shuffling data
[2019-07-18 00:56:22] [data] Done reading 705883 sentences
[2019-07-18 00:56:24] [data] Done shuffling 705883 sentences to temp files
[2019-07-18 01:04:36] Ep. 11 : Up. 30000 : Sen. 200,199 : Cost 23.56984329 : Time 1123.19s : 6935.19 words/s
[2019-07-18 01:23:14] Ep. 11 : Up. 32000 : Sen. 655,302 : Cost 23.19669533 : Time 1118.12s : 6973.07 words/s
[2019-07-18 01:23:30] Seen 661894 samples
[2019-07-18 01:23:30] Starting epoch 12
[2019-07-18 01:23:30] [data] Shuffling data
[2019-07-18 01:23:30] [data] Done reading 705883 sentences
[2019-07-18 01:23:32] [data] Done shuffling 705883 sentences to temp files
[2019-07-18 01:41:49] Ep. 12 : Up. 34000 : Sen. 446,374 : Cost 22.39870834 : Time 1115.40s : 6940.41 words/s
[2019-07-18 01:50:38] Seen 661894 samples
[2019-07-18 01:50:38] Starting epoch 13
[2019-07-18 01:50:38] [data] Shuffling data
[2019-07-18 01:50:38] [data] Done reading 705883 sentences
[2019-07-18 01:50:41] [data] Done shuffling 705883 sentences to temp files
[2019-07-18 02:00:26] Ep. 13 : Up. 36000 : Sen. 238,065 : Cost 22.01725197 : Time 1116.95s : 6946.26 words/s
[2019-07-18 02:17:46] Seen 661894 samples
[2019-07-18 02:17:46] Starting epoch 14
[2019-07-18 02:17:46] [data] Shuffling data
[2019-07-18 02:17:47] [data] Done reading 705883 sentences
[2019-07-18 02:17:49] [data] Done shuffling 705883 sentences to temp files
[2019-07-18 02:19:11] Ep. 14 : Up. 38000 : Sen. 32,481 : Cost 21.88888741 : Time 1124.28s : 6947.68 words/s
[2019-07-18 02:37:47] Ep. 14 : Up. 40000 : Sen. 488,578 : Cost 21.16427803 : Time 1116.48s : 6978.96 words/s
[2019-07-18 02:37:47] Saving model to ../experiments/10M_fasttext_prob_x_len_+_biced_0.25_x_dcce/model/model.npz.orig.npz
[2019-07-18 02:37:57] Saving model to ../experiments/10M_fasttext_prob_x_len_+_biced_0.25_x_dcce/model/model.iter40000.npz
[2019-07-18 02:38:06] Saving model to ../experiments/10M_fasttext_prob_x_len_+_biced_0.25_x_dcce/model/model.npz
[2019-07-18 02:38:16] Saving Adam parameters to ../experiments/10M_fasttext_prob_x_len_+_biced_0.25_x_dcce/model/model.npz.optimizer.npz
[2019-07-18 02:38:41] [valid] Ep. 14 : Up. 40000 : cross-entropy : 68.7469 : new best
[2019-07-18 02:38:51] [valid] Ep. 14 : Up. 40000 : perplexity : 14.8945 : new best
[2019-07-18 02:40:06] [valid] Ep. 14 : Up. 40000 : translation : 24.73 : new best
[2019-07-18 02:47:16] Seen 661894 samples
[2019-07-18 02:47:16] Starting epoch 15
[2019-07-18 02:47:16] [data] Shuffling data
[2019-07-18 02:47:16] [data] Done reading 705883 sentences
[2019-07-18 02:47:18] [data] Done shuffling 705883 sentences to temp files
[2019-07-18 02:58:50] Ep. 15 : Up. 42000 : Sen. 279,964 : Cost 21.06193352 : Time 1262.90s : 6157.79 words/s
[2019-07-18 03:14:26] Seen 661894 samples
[2019-07-18 03:14:26] Starting epoch 16
[2019-07-18 03:14:26] [data] Shuffling data
[2019-07-18 03:14:26] [data] Done reading 705883 sentences
[2019-07-18 03:14:29] [data] Done shuffling 705883 sentences to temp files
[2019-07-18 03:17:28] Ep. 16 : Up. 44000 : Sen. 73,201 : Cost 20.48434639 : Time 1118.43s : 6940.02 words/s
[2019-07-18 03:36:06] Ep. 16 : Up. 46000 : Sen. 527,600 : Cost 20.21005630 : Time 1117.37s : 6978.35 words/s
[2019-07-18 03:41:35] Seen 661894 samples
[2019-07-18 03:41:35] Starting epoch 17
[2019-07-18 03:41:35] [data] Shuffling data
[2019-07-18 03:41:36] [data] Done reading 705883 sentences
[2019-07-18 03:41:38] [data] Done shuffling 705883 sentences to temp files
[2019-07-18 03:54:45] Ep. 17 : Up. 48000 : Sen. 320,872 : Cost 19.60849762 : Time 1119.32s : 6934.65 words/s
[2019-07-18 04:08:44] Seen 661894 samples
[2019-07-18 04:08:44] Starting epoch 18
[2019-07-18 04:08:44] [data] Shuffling data
[2019-07-18 04:08:44] [data] Done reading 705883 sentences
[2019-07-18 04:08:46] [data] Done shuffling 705883 sentences to temp files
[2019-07-18 04:13:27] Ep. 18 : Up. 50000 : Sen. 114,465 : Cost 19.51150894 : Time 1122.16s : 6949.46 words/s
[2019-07-18 04:32:02] Ep. 18 : Up. 52000 : Sen. 568,102 : Cost 19.07194710 : Time 1115.09s : 6959.71 words/s
[2019-07-18 04:35:53] Seen 661894 samples
[2019-07-18 04:35:53] Starting epoch 19
[2019-07-18 04:35:53] [data] Shuffling data
[2019-07-18 04:35:53] [data] Done reading 705883 sentences
[2019-07-18 04:35:55] [data] Done shuffling 705883 sentences to temp files
[2019-07-18 04:50:44] Ep. 19 : Up. 54000 : Sen. 360,775 : Cost 19.00648689 : Time 1121.62s : 6944.56 words/s
[2019-07-18 05:03:01] Seen 661894 samples
[2019-07-18 05:03:01] Starting epoch 20
[2019-07-18 05:03:01] [data] Shuffling data
[2019-07-18 05:03:02] [data] Done reading 705883 sentences
[2019-07-18 05:03:04] [data] Done shuffling 705883 sentences to temp files
[2019-07-18 05:09:28] Ep. 20 : Up. 56000 : Sen. 155,127 : Cost 18.73792458 : Time 1123.67s : 6946.75 words/s
[2019-07-18 05:28:00] Ep. 20 : Up. 58000 : Sen. 609,115 : Cost 18.45891953 : Time 1112.37s : 6971.23 words/s
[2019-07-18 05:30:10] Seen 661894 samples
[2019-07-18 05:30:10] Starting epoch 21
[2019-07-18 05:30:10] [data] Shuffling data
[2019-07-18 05:30:10] [data] Done reading 705883 sentences
[2019-07-18 05:30:13] [data] Done shuffling 705883 sentences to temp files
[2019-07-18 05:46:45] Ep. 21 : Up. 60000 : Sen. 404,259 : Cost 18.08248711 : Time 1124.99s : 6952.38 words/s
[2019-07-18 05:46:45] Saving model to ../experiments/10M_fasttext_prob_x_len_+_biced_0.25_x_dcce/model/model.npz.orig.npz
[2019-07-18 05:46:54] Saving model to ../experiments/10M_fasttext_prob_x_len_+_biced_0.25_x_dcce/model/model.iter60000.npz
[2019-07-18 05:47:01] Saving model to ../experiments/10M_fasttext_prob_x_len_+_biced_0.25_x_dcce/model/model.npz
[2019-07-18 05:47:10] Saving Adam parameters to ../experiments/10M_fasttext_prob_x_len_+_biced_0.25_x_dcce/model/model.npz.optimizer.npz
[2019-07-18 05:47:35] [valid] Ep. 21 : Up. 60000 : cross-entropy : 68.704 : new best
[2019-07-18 05:47:45] [valid] Ep. 21 : Up. 60000 : perplexity : 14.8694 : new best
[2019-07-18 05:49:01] [valid] Ep. 21 : Up. 60000 : translation : 25.23 : new best
[2019-07-18 05:59:33] Seen 661894 samples
[2019-07-18 05:59:33] Starting epoch 22
[2019-07-18 05:59:33] [data] Shuffling data
[2019-07-18 05:59:34] [data] Done reading 705883 sentences
[2019-07-18 05:59:36] [data] Done shuffling 705883 sentences to temp files
[2019-07-18 06:07:42] Ep. 22 : Up. 62000 : Sen. 198,170 : Cost 17.82663918 : Time 1257.06s : 6191.35 words/s
[2019-07-18 06:26:17] Ep. 22 : Up. 64000 : Sen. 652,800 : Cost 17.82986832 : Time 1114.93s : 6989.44 words/s
[2019-07-18 06:26:39] Seen 661894 samples
[2019-07-18 06:26:39] Starting epoch 23
[2019-07-18 06:26:39] [data] Shuffling data
[2019-07-18 06:26:40] [data] Done reading 705883 sentences
[2019-07-18 06:26:42] [data] Done shuffling 705883 sentences to temp files
[2019-07-18 06:44:57] Ep. 23 : Up. 66000 : Sen. 446,559 : Cost 17.25984001 : Time 1119.95s : 6953.34 words/s
[2019-07-18 06:53:44] Seen 661894 samples
[2019-07-18 06:53:44] Starting epoch 24
[2019-07-18 06:53:44] [data] Shuffling data
[2019-07-18 06:53:45] [data] Done reading 705883 sentences
[2019-07-18 06:53:49] [data] Done shuffling 705883 sentences to temp files
[2019-07-18 07:03:36] Ep. 24 : Up. 68000 : Sen. 239,533 : Cost 17.21383667 : Time 1119.46s : 6956.54 words/s
[2019-07-18 07:20:52] Seen 661894 samples
[2019-07-18 07:20:52] Starting epoch 25
[2019-07-18 07:20:52] [data] Shuffling data
[2019-07-18 07:20:52] [data] Done reading 705883 sentences
[2019-07-18 07:20:54] [data] Done shuffling 705883 sentences to temp files
[2019-07-18 07:22:17] Ep. 25 : Up. 70000 : Sen. 32,000 : Cost 17.13581848 : Time 1120.96s : 6933.29 words/s
[2019-07-18 07:40:54] Ep. 25 : Up. 72000 : Sen. 488,801 : Cost 16.84707260 : Time 1116.39s : 6991.06 words/s
[2019-07-18 07:48:01] Seen 661894 samples
[2019-07-18 07:48:01] Starting epoch 26
[2019-07-18 07:48:01] [data] Shuffling data
[2019-07-18 07:48:01] [data] Done reading 705883 sentences
[2019-07-18 07:48:04] [data] Done shuffling 705883 sentences to temp files
[2019-07-18 07:59:31] Ep. 26 : Up. 74000 : Sen. 279,349 : Cost 16.68940353 : Time 1117.16s : 6933.10 words/s
[2019-07-18 08:15:09] Seen 661894 samples
[2019-07-18 08:15:09] Starting epoch 27
[2019-07-18 08:15:09] [data] Shuffling data
[2019-07-18 08:15:09] [data] Done reading 705883 sentences
[2019-07-18 08:15:12] [data] Done shuffling 705883 sentences to temp files
[2019-07-18 08:18:12] Ep. 27 : Up. 76000 : Sen. 72,574 : Cost 16.54512978 : Time 1120.67s : 6951.31 words/s
[2019-07-18 08:36:47] Ep. 27 : Up. 78000 : Sen. 528,074 : Cost 16.22288322 : Time 1115.20s : 6974.27 words/s
[2019-07-18 08:42:17] Seen 661894 samples
[2019-07-18 08:42:17] Starting epoch 28
[2019-07-18 08:42:17] [data] Shuffling data
[2019-07-18 08:42:18] [data] Done reading 705883 sentences
[2019-07-18 08:42:20] [data] Done shuffling 705883 sentences to temp files
[2019-07-18 08:55:28] Ep. 28 : Up. 80000 : Sen. 320,000 : Cost 16.16121101 : Time 1121.46s : 6937.65 words/s
[2019-07-18 08:55:28] Saving model to ../experiments/10M_fasttext_prob_x_len_+_biced_0.25_x_dcce/model/model.npz.orig.npz
[2019-07-18 08:55:37] Saving model to ../experiments/10M_fasttext_prob_x_len_+_biced_0.25_x_dcce/model/model.iter80000.npz
[2019-07-18 08:55:43] Saving model to ../experiments/10M_fasttext_prob_x_len_+_biced_0.25_x_dcce/model/model.npz
[2019-07-18 08:55:53] Saving Adam parameters to ../experiments/10M_fasttext_prob_x_len_+_biced_0.25_x_dcce/model/model.npz.optimizer.npz
[2019-07-18 08:56:18] [valid] Ep. 28 : Up. 80000 : cross-entropy : 70.5672 : stalled 1 times (last best: 68.704)
[2019-07-18 08:56:28] [valid] Ep. 28 : Up. 80000 : perplexity : 15.9987 : stalled 1 times (last best: 14.8694)
[2019-07-18 08:57:44] [valid] Ep. 28 : Up. 80000 : translation : 25.43 : new best
[2019-07-18 09:11:44] Seen 661894 samples
[2019-07-18 09:11:44] Starting epoch 29
[2019-07-18 09:11:44] [data] Shuffling data
[2019-07-18 09:11:45] [data] Done reading 705883 sentences
[2019-07-18 09:11:47] [data] Done shuffling 705883 sentences to temp files
[2019-07-18 09:16:27] Ep. 29 : Up. 82000 : Sen. 113,747 : Cost 15.90998268 : Time 1258.86s : 6189.42 words/s
[2019-07-18 09:35:01] Ep. 29 : Up. 84000 : Sen. 567,645 : Cost 15.90826797 : Time 1113.73s : 6975.08 words/s
[2019-07-18 09:38:51] Seen 661894 samples
[2019-07-18 09:38:51] Starting epoch 30
[2019-07-18 09:38:51] [data] Shuffling data
[2019-07-18 09:38:52] [data] Done reading 705883 sentences
[2019-07-18 09:38:54] [data] Done shuffling 705883 sentences to temp files
[2019-07-18 09:53:36] Ep. 30 : Up. 86000 : Sen. 359,459 : Cost 15.58258438 : Time 1115.57s : 6951.95 words/s
[2019-07-18 10:05:59] Seen 661894 samples
[2019-07-18 10:05:59] Starting epoch 31
[2019-07-18 10:05:59] [data] Shuffling data
[2019-07-18 10:05:59] [data] Done reading 705883 sentences
[2019-07-18 10:06:02] [data] Done shuffling 705883 sentences to temp files
[2019-07-18 10:12:20] Ep. 31 : Up. 88000 : Sen. 152,060 : Cost 15.57092381 : Time 1123.31s : 6923.33 words/s
[2019-07-18 10:30:53] Ep. 31 : Up. 90000 : Sen. 605,086 : Cost 15.55556679 : Time 1112.89s : 6962.20 words/s
[2019-07-18 10:33:12] Seen 661894 samples
[2019-07-18 10:33:12] Starting epoch 32
[2019-07-18 10:33:12] [data] Shuffling data
[2019-07-18 10:33:12] [data] Done reading 705883 sentences
[2019-07-18 10:33:15] [data] Done shuffling 705883 sentences to temp files
[2019-07-18 10:49:34] Ep. 32 : Up. 92000 : Sen. 398,132 : Cost 15.22895145 : Time 1121.06s : 6943.04 words/s
[2019-07-18 11:00:20] Seen 661894 samples
[2019-07-18 11:00:20] Starting epoch 33
[2019-07-18 11:00:20] [data] Shuffling data
[2019-07-18 11:00:21] [data] Done reading 705883 sentences
[2019-07-18 11:00:23] [data] Done shuffling 705883 sentences to temp files
[2019-07-18 11:08:15] Ep. 33 : Up. 94000 : Sen. 191,038 : Cost 15.04138279 : Time 1121.20s : 6945.23 words/s
[2019-07-18 11:26:51] Ep. 33 : Up. 96000 : Sen. 646,400 : Cost 15.11510754 : Time 1115.79s : 6975.92 words/s
[2019-07-18 11:27:29] Seen 661894 samples
[2019-07-18 11:27:29] Starting epoch 34
[2019-07-18 11:27:29] [data] Shuffling data
[2019-07-18 11:27:29] [data] Done reading 705883 sentences
[2019-07-18 11:27:31] [data] Done shuffling 705883 sentences to temp files
[2019-07-18 11:45:28] Ep. 34 : Up. 98000 : Sen. 439,070 : Cost 14.72687054 : Time 1117.01s : 6966.29 words/s
[2019-07-18 11:54:33] Seen 661894 samples
[2019-07-18 11:54:33] Starting epoch 35
[2019-07-18 11:54:33] [data] Shuffling data
[2019-07-18 11:54:34] [data] Done reading 705883 sentences
[2019-07-18 11:54:36] [data] Done shuffling 705883 sentences to temp files
[2019-07-18 12:04:07] Ep. 35 : Up. 100000 : Sen. 231,932 : Cost 14.73325825 : Time 1119.69s : 6946.27 words/s
[2019-07-18 12:04:07] Saving model to ../experiments/10M_fasttext_prob_x_len_+_biced_0.25_x_dcce/model/model.npz.orig.npz
[2019-07-18 12:04:16] Saving model to ../experiments/10M_fasttext_prob_x_len_+_biced_0.25_x_dcce/model/model.iter100000.npz
[2019-07-18 12:04:23] Saving model to ../experiments/10M_fasttext_prob_x_len_+_biced_0.25_x_dcce/model/model.npz
[2019-07-18 12:04:32] Saving Adam parameters to ../experiments/10M_fasttext_prob_x_len_+_biced_0.25_x_dcce/model/model.npz.optimizer.npz
[2019-07-18 12:04:59] [valid] Ep. 35 : Up. 100000 : cross-entropy : 72.1273 : stalled 2 times (last best: 68.704)
[2019-07-18 12:05:09] [valid] Ep. 35 : Up. 100000 : perplexity : 17.01 : stalled 2 times (last best: 14.8694)
[2019-07-18 12:06:25] [valid] Ep. 35 : Up. 100000 : translation : 25.18 : stalled 1 times (last best: 25.43)
[2019-07-18 12:24:02] Seen 661894 samples
[2019-07-18 12:24:02] Starting epoch 36
[2019-07-18 12:24:02] [data] Shuffling data
[2019-07-18 12:24:02] [data] Done reading 705883 sentences
[2019-07-18 12:24:04] [data] Done shuffling 705883 sentences to temp files
[2019-07-18 12:25:04] Ep. 36 : Up. 102000 : Sen. 23,181 : Cost 14.69378090 : Time 1256.34s : 6167.12 words/s
[2019-07-18 12:43:40] Ep. 36 : Up. 104000 : Sen. 478,689 : Cost 14.40134907 : Time 1116.09s : 6985.19 words/s
[2019-07-18 12:51:08] Seen 661894 samples
[2019-07-18 12:51:08] Starting epoch 37
[2019-07-18 12:51:08] [data] Shuffling data
[2019-07-18 12:51:09] [data] Done reading 705883 sentences
[2019-07-18 12:51:11] [data] Done shuffling 705883 sentences to temp files
[2019-07-18 13:02:16] Ep. 37 : Up. 106000 : Sen. 269,718 : Cost 14.27677536 : Time 1115.82s : 6941.55 words/s
[2019-07-18 13:18:16] Seen 661894 samples
[2019-07-18 13:18:16] Starting epoch 38
[2019-07-18 13:18:16] [data] Shuffling data
[2019-07-18 13:18:17] [data] Done reading 705883 sentences
[2019-07-18 13:18:20] [data] Done shuffling 705883 sentences to temp files
[2019-07-18 13:20:54] Ep. 38 : Up. 108000 : Sen. 62,592 : Cost 14.33040619 : Time 1117.90s : 6955.78 words/s
[2019-07-18 13:39:25] Ep. 38 : Up. 110000 : Sen. 517,425 : Cost 14.02130318 : Time 1111.43s : 6991.68 words/s
[2019-07-18 13:45:19] Seen 661894 samples
[2019-07-18 13:45:19] Starting epoch 39
[2019-07-18 13:45:19] [data] Shuffling data
[2019-07-18 13:45:20] [data] Done reading 705883 sentences
[2019-07-18 13:45:22] [data] Done shuffling 705883 sentences to temp files
[2019-07-18 13:58:06] Ep. 39 : Up. 112000 : Sen. 311,227 : Cost 13.95896053 : Time 1120.84s : 6964.00 words/s
[2019-07-18 14:12:24] Seen 661894 samples
[2019-07-18 14:12:24] Starting epoch 40
[2019-07-18 14:12:24] [data] Shuffling data
[2019-07-18 14:12:24] [data] Done reading 705883 sentences
[2019-07-18 14:12:27] [data] Done shuffling 705883 sentences to temp files
[2019-07-18 14:16:42] Ep. 40 : Up. 114000 : Sen. 103,558 : Cost 13.89881802 : Time 1115.86s : 6962.14 words/s
[2019-07-18 14:35:14] Ep. 40 : Up. 116000 : Sen. 557,507 : Cost 13.75564861 : Time 1112.26s : 6979.67 words/s
[2019-07-18 14:39:31] Seen 661894 samples
[2019-07-18 14:39:31] Starting epoch 41
[2019-07-18 14:39:31] [data] Shuffling data
[2019-07-18 14:39:31] [data] Done reading 705883 sentences
[2019-07-18 14:39:34] [data] Done shuffling 705883 sentences to temp files
[2019-07-18 14:53:49] Ep. 41 : Up. 118000 : Sen. 347,663 : Cost 13.59162617 : Time 1114.86s : 6937.64 words/s
[2019-07-18 15:06:39] Seen 661894 samples
[2019-07-18 15:06:39] Starting epoch 42
[2019-07-18 15:06:39] [data] Shuffling data
[2019-07-18 15:06:39] [data] Done reading 705883 sentences
[2019-07-18 15:06:41] [data] Done shuffling 705883 sentences to temp files
[2019-07-18 15:12:25] Ep. 42 : Up. 120000 : Sen. 139,131 : Cost 13.47006893 : Time 1116.09s : 6949.59 words/s
[2019-07-18 15:12:25] Saving model to ../experiments/10M_fasttext_prob_x_len_+_biced_0.25_x_dcce/model/model.npz.orig.npz
[2019-07-18 15:12:35] Saving model to ../experiments/10M_fasttext_prob_x_len_+_biced_0.25_x_dcce/model/model.iter120000.npz
[2019-07-18 15:12:45] Saving model to ../experiments/10M_fasttext_prob_x_len_+_biced_0.25_x_dcce/model/model.npz
[2019-07-18 15:12:55] Saving Adam parameters to ../experiments/10M_fasttext_prob_x_len_+_biced_0.25_x_dcce/model/model.npz.optimizer.npz
[2019-07-18 15:13:22] [valid] Ep. 42 : Up. 120000 : cross-entropy : 74.1097 : stalled 3 times (last best: 68.704)
[2019-07-18 15:13:32] [valid] Ep. 42 : Up. 120000 : perplexity : 18.3878 : stalled 3 times (last best: 14.8694)
[2019-07-18 15:14:50] [valid] Ep. 42 : Up. 120000 : translation : 25.02 : stalled 2 times (last best: 25.43)
[2019-07-18 15:33:30] Ep. 42 : Up. 122000 : Sen. 592,875 : Cost 13.58931446 : Time 1265.10s : 6144.86 words/s
[2019-07-18 15:36:18] Seen 661894 samples
[2019-07-18 15:36:18] Starting epoch 43
[2019-07-18 15:36:18] [data] Shuffling data
[2019-07-18 15:36:18] [data] Done reading 705883 sentences
[2019-07-18 15:36:21] [data] Done shuffling 705883 sentences to temp files
[2019-07-18 15:52:12] Ep. 43 : Up. 124000 : Sen. 385,517 : Cost 13.25282288 : Time 1121.79s : 6929.30 words/s
[2019-07-18 16:03:33] Seen 661894 samples
[2019-07-18 16:03:33] Starting epoch 44
[2019-07-18 16:03:33] [data] Shuffling data
[2019-07-18 16:03:33] [data] Done reading 705883 sentences
[2019-07-18 16:03:35] [data] Done shuffling 705883 sentences to temp files
[2019-07-18 16:10:48] Ep. 44 : Up. 126000 : Sen. 176,029 : Cost 13.27728176 : Time 1116.68s : 6916.07 words/s
[2019-07-18 16:29:25] Ep. 44 : Up. 128000 : Sen. 631,482 : Cost 13.43859863 : Time 1116.79s : 6980.48 words/s
[2019-07-18 16:30:40] Seen 661894 samples
[2019-07-18 16:30:40] Starting epoch 45
[2019-07-18 16:30:40] [data] Shuffling data
[2019-07-18 16:30:40] [data] Done reading 705883 sentences
[2019-07-18 16:30:44] [data] Done shuffling 705883 sentences to temp files
[2019-07-18 16:48:10] Ep. 45 : Up. 130000 : Sen. 426,433 : Cost 13.06134987 : Time 1124.74s : 6946.58 words/s
[2019-07-18 16:57:49] Seen 661894 samples
[2019-07-18 16:57:49] Starting epoch 46
[2019-07-18 16:57:49] [data] Shuffling data
[2019-07-18 16:57:49] [data] Done reading 705883 sentences
[2019-07-18 16:57:52] [data] Done shuffling 705883 sentences to temp files
[2019-07-18 17:06:41] Ep. 46 : Up. 132000 : Sen. 214,370 : Cost 13.08176517 : Time 1111.30s : 6935.75 words/s
[2019-07-18 17:24:56] Seen 661894 samples
[2019-07-18 17:24:56] Starting epoch 47
[2019-07-18 17:24:56] [data] Shuffling data
[2019-07-18 17:24:57] [data] Done reading 705883 sentences
[2019-07-18 17:24:59] [data] Done shuffling 705883 sentences to temp files
[2019-07-18 17:25:18] Ep. 47 : Up. 134000 : Sen. 6,923 : Cost 13.14466000 : Time 1116.86s : 6951.59 words/s
[2019-07-18 17:43:50] Ep. 47 : Up. 136000 : Sen. 459,346 : Cost 12.81184673 : Time 1111.94s : 6972.89 words/s
[2019-07-18 17:52:03] Seen 661894 samples
[2019-07-18 17:52:03] Starting epoch 48
[2019-07-18 17:52:03] [data] Shuffling data
[2019-07-18 17:52:04] [data] Done reading 705883 sentences
[2019-07-18 17:52:06] [data] Done shuffling 705883 sentences to temp files
[2019-07-18 18:02:28] Ep. 48 : Up. 138000 : Sen. 252,923 : Cost 12.72759533 : Time 1117.52s : 6973.78 words/s
[2019-07-18 18:19:09] Seen 661894 samples
[2019-07-18 18:19:09] Starting epoch 49
[2019-07-18 18:19:09] [data] Shuffling data
[2019-07-18 18:19:10] [data] Done reading 705883 sentences
[2019-07-18 18:19:12] [data] Done shuffling 705883 sentences to temp files
[2019-07-18 18:21:06] Ep. 49 : Up. 140000 : Sen. 45,936 : Cost 12.76474380 : Time 1118.75s : 6942.43 words/s
[2019-07-18 18:21:06] Saving model to ../experiments/10M_fasttext_prob_x_len_+_biced_0.25_x_dcce/model/model.npz.orig.npz
[2019-07-18 18:21:15] Saving model to ../experiments/10M_fasttext_prob_x_len_+_biced_0.25_x_dcce/model/model.iter140000.npz
[2019-07-18 18:21:22] Saving model to ../experiments/10M_fasttext_prob_x_len_+_biced_0.25_x_dcce/model/model.npz
[2019-07-18 18:21:31] Saving Adam parameters to ../experiments/10M_fasttext_prob_x_len_+_biced_0.25_x_dcce/model/model.npz.optimizer.npz
[2019-07-18 18:21:56] [valid] Ep. 49 : Up. 140000 : cross-entropy : 76.2493 : stalled 4 times (last best: 68.704)
[2019-07-18 18:22:06] [valid] Ep. 49 : Up. 140000 : perplexity : 20.0004 : stalled 4 times (last best: 14.8694)
[2019-07-18 18:23:21] [valid] Ep. 49 : Up. 140000 : translation : 24.78 : stalled 3 times (last best: 25.43)
[2019-07-18 18:41:56] Ep. 49 : Up. 142000 : Sen. 501,290 : Cost 12.55572510 : Time 1249.72s : 6229.80 words/s
[2019-07-18 18:48:32] Seen 661894 samples
[2019-07-18 18:48:32] Starting epoch 50
[2019-07-18 18:48:32] [data] Shuffling data
[2019-07-18 18:48:33] [data] Done reading 705883 sentences
[2019-07-18 18:48:35] [data] Done shuffling 705883 sentences to temp files
[2019-07-18 19:00:35] Ep. 50 : Up. 144000 : Sen. 294,268 : Cost 12.59604263 : Time 1119.08s : 6948.28 words/s
[2019-07-18 19:15:39] Seen 661894 samples
[2019-07-18 19:15:39] Starting epoch 51
[2019-07-18 19:15:39] [data] Shuffling data
[2019-07-18 19:15:39] [data] Done reading 705883 sentences
[2019-07-18 19:15:42] [data] Done shuffling 705883 sentences to temp files
[2019-07-18 19:19:13] Ep. 51 : Up. 146000 : Sen. 86,531 : Cost 12.60651398 : Time 1118.35s : 6945.17 words/s
[2019-07-18 19:37:53] Ep. 51 : Up. 148000 : Sen. 542,927 : Cost 12.41983891 : Time 1119.30s : 6989.21 words/s
[2019-07-18 19:42:45] Seen 661894 samples
[2019-07-18 19:42:45] Starting epoch 52
[2019-07-18 19:42:45] [data] Shuffling data
[2019-07-18 19:42:46] [data] Done reading 705883 sentences
[2019-07-18 19:42:48] [data] Done shuffling 705883 sentences to temp files
[2019-07-18 19:56:32] Ep. 52 : Up. 150000 : Sen. 334,681 : Cost 12.25520325 : Time 1119.34s : 6939.94 words/s
[2019-07-18 20:09:52] Seen 661894 samples
[2019-07-18 20:09:52] Starting epoch 53
[2019-07-18 20:09:52] [data] Shuffling data
[2019-07-18 20:09:52] [data] Done reading 705883 sentences
[2019-07-18 20:09:54] [data] Done shuffling 705883 sentences to temp files
[2019-07-18 20:15:07] Ep. 53 : Up. 152000 : Sen. 126,286 : Cost 12.38177776 : Time 1115.26s : 6946.66 words/s
[2019-07-18 20:33:45] Ep. 53 : Up. 154000 : Sen. 582,664 : Cost 12.26553535 : Time 1117.81s : 6984.69 words/s
[2019-07-18 20:37:01] Seen 661894 samples
[2019-07-18 20:37:01] Starting epoch 54
[2019-07-18 20:37:01] [data] Shuffling data
[2019-07-18 20:37:01] [data] Done reading 705883 sentences
[2019-07-18 20:37:04] [data] Done shuffling 705883 sentences to temp files
[2019-07-18 20:52:21] Ep. 54 : Up. 156000 : Sen. 372,391 : Cost 12.12260246 : Time 1116.28s : 6924.81 words/s
[2019-07-18 21:04:13] Seen 661894 samples
[2019-07-18 21:04:13] Starting epoch 55
[2019-07-18 21:04:13] [data] Shuffling data
[2019-07-18 21:04:13] [data] Done reading 705883 sentences
[2019-07-18 21:04:16] [data] Done shuffling 705883 sentences to temp files
[2019-07-18 21:11:03] Ep. 55 : Up. 158000 : Sen. 164,786 : Cost 12.12112427 : Time 1121.11s : 6927.73 words/s
[2019-07-18 21:29:38] Ep. 55 : Up. 160000 : Sen. 619,323 : Cost 12.08170033 : Time 1115.56s : 6970.51 words/s
[2019-07-18 21:29:38] Saving model to ../experiments/10M_fasttext_prob_x_len_+_biced_0.25_x_dcce/model/model.npz.orig.npz
[2019-07-18 21:29:47] Saving model to ../experiments/10M_fasttext_prob_x_len_+_biced_0.25_x_dcce/model/model.iter160000.npz
[2019-07-18 21:29:54] Saving model to ../experiments/10M_fasttext_prob_x_len_+_biced_0.25_x_dcce/model/model.npz
[2019-07-18 21:30:05] Saving Adam parameters to ../experiments/10M_fasttext_prob_x_len_+_biced_0.25_x_dcce/model/model.npz.optimizer.npz
[2019-07-18 21:30:31] [valid] Ep. 55 : Up. 160000 : cross-entropy : 78.2878 : stalled 5 times (last best: 68.704)
[2019-07-18 21:30:40] [valid] Ep. 55 : Up. 160000 : perplexity : 21.6681 : stalled 5 times (last best: 14.8694)
[2019-07-18 21:31:58] [valid] Ep. 55 : Up. 160000 : translation : 24.36 : stalled 4 times (last best: 25.43)
[2019-07-18 21:32:00] Training finished
[2019-07-18 21:32:03] Saving model to ../experiments/10M_fasttext_prob_x_len_+_biced_0.25_x_dcce/model/model.npz.orig.npz
[2019-07-18 21:32:12] Saving model to ../experiments/10M_fasttext_prob_x_len_+_biced_0.25_x_dcce/model/model.npz
[2019-07-18 21:32:22] Saving Adam parameters to ../experiments/10M_fasttext_prob_x_len_+_biced_0.25_x_dcce/model/model.npz.optimizer.npz
