[2019-07-28 19:26:06] [marian] Marian v1.7.8 ec2d66e 2019-05-27 14:52:11 +0100
[2019-07-28 19:26:06] [marian] Running on fulla as process 448688 with command line:
[2019-07-28 19:26:06] [marian] /fs/bil0/abdel/marian-dev/build/marian --sync-sgd --model ../experiments/100M_bicleaner_dcce_biced/model/model.npz -T . --devices 3 --train-sets ../experiments/100M_bicleaner_dcce_biced/data/train.bpe.de ../experiments/100M_bicleaner_dcce_biced/data/train.bpe.en --vocabs ../experiments/100M_bicleaner_dcce_biced/data/train.bpe.de.json ../experiments/100M_bicleaner_dcce_biced/data/train.bpe.en.json --mini-batch-fit -w 5000 --dim-vocabs 50000 50000 --layer-normalization --dropout-rnn 0.2 --dropout-src 0.1 --dropout-trg 0.1 --learn-rate 0.0001 --after-epochs 0 --early-stopping 5 --valid-freq 20000 --save-freq 20000 --disp-freq 2000 --valid-mini-batch 8 --valid-sets ../experiments/100M_bicleaner_dcce_biced/data/dev.bpe.de ../experiments/100M_bicleaner_dcce_biced/data/dev.bpe.en --valid-metrics cross-entropy perplexity translation --valid-translation-output ../experiments/100M_bicleaner_dcce_biced/model/dev.out --valid-script-path ../experiments/100M_bicleaner_dcce_biced/score-dev.sh --seed 1111 --exponential-smoothing --normalize=1 --beam-size=12 --quiet-translation --log ../experiments/100M_bicleaner_dcce_biced/model/train.log --valid-log ../experiments/100M_bicleaner_dcce_biced/model/valid.log
[2019-07-28 19:26:07] [config] after-batches: 0
[2019-07-28 19:26:07] [config] after-epochs: 0
[2019-07-28 19:26:07] [config] allow-unk: false
[2019-07-28 19:26:07] [config] beam-size: 12
[2019-07-28 19:26:07] [config] bert-class-symbol: "[CLS]"
[2019-07-28 19:26:07] [config] bert-mask-symbol: "[MASK]"
[2019-07-28 19:26:07] [config] bert-masking-fraction: 0.15
[2019-07-28 19:26:07] [config] bert-sep-symbol: "[SEP]"
[2019-07-28 19:26:07] [config] bert-train-type-embeddings: true
[2019-07-28 19:26:07] [config] bert-type-vocab-size: 2
[2019-07-28 19:26:07] [config] best-deep: false
[2019-07-28 19:26:07] [config] clip-gemm: 0
[2019-07-28 19:26:07] [config] clip-norm: 1
[2019-07-28 19:26:07] [config] cost-type: ce-mean
[2019-07-28 19:26:07] [config] cpu-threads: 0
[2019-07-28 19:26:07] [config] data-weighting: ""
[2019-07-28 19:26:07] [config] data-weighting-type: sentence
[2019-07-28 19:26:07] [config] dec-cell: gru
[2019-07-28 19:26:07] [config] dec-cell-base-depth: 2
[2019-07-28 19:26:07] [config] dec-cell-high-depth: 1
[2019-07-28 19:26:07] [config] dec-depth: 1
[2019-07-28 19:26:07] [config] devices:
[2019-07-28 19:26:07] [config]   - 3
[2019-07-28 19:26:07] [config] dim-emb: 512
[2019-07-28 19:26:07] [config] dim-rnn: 1024
[2019-07-28 19:26:07] [config] dim-vocabs:
[2019-07-28 19:26:07] [config]   - 50000
[2019-07-28 19:26:07] [config]   - 50000
[2019-07-28 19:26:07] [config] disp-first: 0
[2019-07-28 19:26:07] [config] disp-freq: 2000
[2019-07-28 19:26:07] [config] disp-label-counts: false
[2019-07-28 19:26:07] [config] dropout-rnn: 0.2
[2019-07-28 19:26:07] [config] dropout-src: 0.1
[2019-07-28 19:26:07] [config] dropout-trg: 0.1
[2019-07-28 19:26:07] [config] dump-config: ""
[2019-07-28 19:26:07] [config] early-stopping: 5
[2019-07-28 19:26:07] [config] embedding-fix-src: false
[2019-07-28 19:26:07] [config] embedding-fix-trg: false
[2019-07-28 19:26:07] [config] embedding-normalization: false
[2019-07-28 19:26:07] [config] embedding-vectors:
[2019-07-28 19:26:07] [config]   []
[2019-07-28 19:26:07] [config] enc-cell: gru
[2019-07-28 19:26:07] [config] enc-cell-depth: 1
[2019-07-28 19:26:07] [config] enc-depth: 1
[2019-07-28 19:26:07] [config] enc-type: bidirectional
[2019-07-28 19:26:07] [config] exponential-smoothing: 0.0001
[2019-07-28 19:26:07] [config] grad-dropping-momentum: 0
[2019-07-28 19:26:07] [config] grad-dropping-rate: 0
[2019-07-28 19:26:07] [config] grad-dropping-warmup: 100
[2019-07-28 19:26:07] [config] guided-alignment: none
[2019-07-28 19:26:07] [config] guided-alignment-cost: mse
[2019-07-28 19:26:07] [config] guided-alignment-weight: 0.1
[2019-07-28 19:26:07] [config] ignore-model-config: false
[2019-07-28 19:26:07] [config] input-types:
[2019-07-28 19:26:07] [config]   []
[2019-07-28 19:26:07] [config] interpolate-env-vars: false
[2019-07-28 19:26:07] [config] keep-best: false
[2019-07-28 19:26:07] [config] label-smoothing: 0
[2019-07-28 19:26:07] [config] layer-normalization: true
[2019-07-28 19:26:07] [config] learn-rate: 0.0001
[2019-07-28 19:26:07] [config] log: ../experiments/100M_bicleaner_dcce_biced/model/train.log
[2019-07-28 19:26:07] [config] log-level: info
[2019-07-28 19:26:07] [config] log-time-zone: ""
[2019-07-28 19:26:07] [config] lr-decay: 0
[2019-07-28 19:26:07] [config] lr-decay-freq: 50000
[2019-07-28 19:26:07] [config] lr-decay-inv-sqrt:
[2019-07-28 19:26:07] [config]   - 0
[2019-07-28 19:26:07] [config] lr-decay-repeat-warmup: false
[2019-07-28 19:26:07] [config] lr-decay-reset-optimizer: false
[2019-07-28 19:26:07] [config] lr-decay-start:
[2019-07-28 19:26:07] [config]   - 10
[2019-07-28 19:26:07] [config]   - 1
[2019-07-28 19:26:07] [config] lr-decay-strategy: epoch+stalled
[2019-07-28 19:26:07] [config] lr-report: false
[2019-07-28 19:26:07] [config] lr-warmup: 0
[2019-07-28 19:26:07] [config] lr-warmup-at-reload: false
[2019-07-28 19:26:07] [config] lr-warmup-cycle: false
[2019-07-28 19:26:07] [config] lr-warmup-start-rate: 0
[2019-07-28 19:26:07] [config] max-length: 50
[2019-07-28 19:26:07] [config] max-length-crop: false
[2019-07-28 19:26:07] [config] max-length-factor: 3
[2019-07-28 19:26:07] [config] maxi-batch: 100
[2019-07-28 19:26:07] [config] maxi-batch-sort: trg
[2019-07-28 19:26:07] [config] mini-batch: 64
[2019-07-28 19:26:07] [config] mini-batch-fit: true
[2019-07-28 19:26:07] [config] mini-batch-fit-step: 10
[2019-07-28 19:26:07] [config] mini-batch-overstuff: 1
[2019-07-28 19:26:07] [config] mini-batch-track-lr: false
[2019-07-28 19:26:07] [config] mini-batch-understuff: 1
[2019-07-28 19:26:07] [config] mini-batch-warmup: 0
[2019-07-28 19:26:07] [config] mini-batch-words: 0
[2019-07-28 19:26:07] [config] mini-batch-words-ref: 0
[2019-07-28 19:26:07] [config] model: ../experiments/100M_bicleaner_dcce_biced/model/model.npz
[2019-07-28 19:26:07] [config] multi-loss-type: sum
[2019-07-28 19:26:07] [config] multi-node: false
[2019-07-28 19:26:07] [config] multi-node-overlap: true
[2019-07-28 19:26:07] [config] n-best: false
[2019-07-28 19:26:07] [config] no-nccl: false
[2019-07-28 19:26:07] [config] no-reload: false
[2019-07-28 19:26:07] [config] no-restore-corpus: false
[2019-07-28 19:26:07] [config] no-shuffle: false
[2019-07-28 19:26:07] [config] normalize: 1
[2019-07-28 19:26:07] [config] num-devices: 0
[2019-07-28 19:26:07] [config] optimizer: adam
[2019-07-28 19:26:07] [config] optimizer-delay: 1
[2019-07-28 19:26:07] [config] optimizer-params:
[2019-07-28 19:26:07] [config]   []
[2019-07-28 19:26:07] [config] overwrite: false
[2019-07-28 19:26:07] [config] pretrained-model: ""
[2019-07-28 19:26:07] [config] quiet: false
[2019-07-28 19:26:07] [config] quiet-translation: true
[2019-07-28 19:26:07] [config] relative-paths: false
[2019-07-28 19:26:07] [config] right-left: false
[2019-07-28 19:26:07] [config] save-freq: 20000
[2019-07-28 19:26:07] [config] seed: 1111
[2019-07-28 19:26:07] [config] shuffle-in-ram: false
[2019-07-28 19:26:07] [config] skip: false
[2019-07-28 19:26:07] [config] sqlite: ""
[2019-07-28 19:26:07] [config] sqlite-drop: false
[2019-07-28 19:26:07] [config] sync-sgd: true
[2019-07-28 19:26:07] [config] tempdir: .
[2019-07-28 19:26:07] [config] tied-embeddings: false
[2019-07-28 19:26:07] [config] tied-embeddings-all: false
[2019-07-28 19:26:07] [config] tied-embeddings-src: false
[2019-07-28 19:26:07] [config] train-sets:
[2019-07-28 19:26:07] [config]   - ../experiments/100M_bicleaner_dcce_biced/data/train.bpe.de
[2019-07-28 19:26:07] [config]   - ../experiments/100M_bicleaner_dcce_biced/data/train.bpe.en
[2019-07-28 19:26:07] [config] transformer-aan-activation: swish
[2019-07-28 19:26:07] [config] transformer-aan-depth: 2
[2019-07-28 19:26:07] [config] transformer-aan-nogate: false
[2019-07-28 19:26:07] [config] transformer-decoder-autoreg: self-attention
[2019-07-28 19:26:07] [config] transformer-dim-aan: 2048
[2019-07-28 19:26:07] [config] transformer-dim-ffn: 2048
[2019-07-28 19:26:07] [config] transformer-dropout: 0
[2019-07-28 19:26:07] [config] transformer-dropout-attention: 0
[2019-07-28 19:26:07] [config] transformer-dropout-ffn: 0
[2019-07-28 19:26:07] [config] transformer-ffn-activation: swish
[2019-07-28 19:26:07] [config] transformer-ffn-depth: 2
[2019-07-28 19:26:07] [config] transformer-guided-alignment-layer: last
[2019-07-28 19:26:07] [config] transformer-heads: 8
[2019-07-28 19:26:07] [config] transformer-no-projection: false
[2019-07-28 19:26:07] [config] transformer-postprocess: dan
[2019-07-28 19:26:07] [config] transformer-postprocess-emb: d
[2019-07-28 19:26:07] [config] transformer-preprocess: ""
[2019-07-28 19:26:07] [config] transformer-tied-layers:
[2019-07-28 19:26:07] [config]   []
[2019-07-28 19:26:07] [config] transformer-train-position-embeddings: false
[2019-07-28 19:26:07] [config] type: amun
[2019-07-28 19:26:07] [config] ulr: false
[2019-07-28 19:26:07] [config] ulr-dim-emb: 0
[2019-07-28 19:26:07] [config] ulr-dropout: 0
[2019-07-28 19:26:07] [config] ulr-keys-vectors: ""
[2019-07-28 19:26:07] [config] ulr-query-vectors: ""
[2019-07-28 19:26:07] [config] ulr-softmax-temperature: 1
[2019-07-28 19:26:07] [config] ulr-trainable-transformation: false
[2019-07-28 19:26:07] [config] valid-freq: 20000
[2019-07-28 19:26:07] [config] valid-log: ../experiments/100M_bicleaner_dcce_biced/model/valid.log
[2019-07-28 19:26:07] [config] valid-max-length: 1000
[2019-07-28 19:26:07] [config] valid-metrics:
[2019-07-28 19:26:07] [config]   - cross-entropy
[2019-07-28 19:26:07] [config]   - perplexity
[2019-07-28 19:26:07] [config]   - translation
[2019-07-28 19:26:07] [config] valid-mini-batch: 8
[2019-07-28 19:26:07] [config] valid-script-path: ../experiments/100M_bicleaner_dcce_biced/score-dev.sh
[2019-07-28 19:26:07] [config] valid-sets:
[2019-07-28 19:26:07] [config]   - ../experiments/100M_bicleaner_dcce_biced/data/dev.bpe.de
[2019-07-28 19:26:07] [config]   - ../experiments/100M_bicleaner_dcce_biced/data/dev.bpe.en
[2019-07-28 19:26:07] [config] valid-translation-output: ../experiments/100M_bicleaner_dcce_biced/model/dev.out
[2019-07-28 19:26:07] [config] vocabs:
[2019-07-28 19:26:07] [config]   - ../experiments/100M_bicleaner_dcce_biced/data/train.bpe.de.json
[2019-07-28 19:26:07] [config]   - ../experiments/100M_bicleaner_dcce_biced/data/train.bpe.en.json
[2019-07-28 19:26:07] [config] word-penalty: 0
[2019-07-28 19:26:07] [config] workspace: 5000
[2019-07-28 19:26:07] [config] Model is being created with Marian v1.7.8 ec2d66e 2019-05-27 14:52:11 +0100
[2019-07-28 19:26:07] Using synchronous training
[2019-07-28 19:26:07] [data] Loading vocabulary from JSON/Yaml file ../experiments/100M_bicleaner_dcce_biced/data/train.bpe.de.json
[2019-07-28 19:26:07] [data] Using unused word id eos for 0
[2019-07-28 19:26:07] [data] Using unused word id UNK for 1
[2019-07-28 19:26:07] [data] Setting vocabulary size for input 0 to 50000
[2019-07-28 19:26:07] [data] Loading vocabulary from JSON/Yaml file ../experiments/100M_bicleaner_dcce_biced/data/train.bpe.en.json
[2019-07-28 19:26:07] [data] Using unused word id eos for 0
[2019-07-28 19:26:07] [data] Using unused word id UNK for 1
[2019-07-28 19:26:07] [data] Setting vocabulary size for input 1 to 50000
[2019-07-28 19:26:07] Compiled without MPI support. Falling back to FakeMPIWrapper
[2019-07-28 19:26:07] [batching] Collecting statistics for batch fitting with step size 10
[2019-07-28 19:26:08] [memory] Extending reserved space to 5120 MB (device gpu3)
[2019-07-28 19:26:09] [comm] Using NCCL 2.4.2 for GPU communication
[2019-07-28 19:26:09] [comm] NCCLCommunicator constructed successfully.
[2019-07-28 19:26:09] [training] Using 1 GPUs
[2019-07-28 19:26:09] [memory] Reserving 422 MB, device gpu3
[2019-07-28 19:26:09] [gpu] 16-bit TensorCores enabled for float32 matrix operations
[2019-07-28 19:26:09] [memory] Reserving 422 MB, device gpu3
[2019-07-28 19:26:13] [batching] Done. Typical MB size is 6880 target words
[2019-07-28 19:26:13] [memory] Extending reserved space to 5120 MB (device gpu3)
[2019-07-28 19:26:13] [comm] Using NCCL 2.4.2 for GPU communication
[2019-07-28 19:26:14] [comm] NCCLCommunicator constructed successfully.
[2019-07-28 19:26:14] [training] Using 1 GPUs
[2019-07-28 19:26:14] Training started
[2019-07-28 19:26:14] [data] Shuffling data
[2019-07-28 19:26:17] [data] Done reading 4754867 sentences
[2019-07-28 19:26:42] [data] Done shuffling 4754867 sentences to temp files
[2019-07-28 19:26:50] [training] Batches are processed as 1 process(es) x 1 devices/process
[2019-07-28 19:26:50] [memory] Reserving 422 MB, device gpu3
[2019-07-28 19:26:50] [memory] Reserving 422 MB, device gpu3
[2019-07-28 19:26:50] [memory] Reserving 422 MB, device gpu3
[2019-07-28 19:26:51] [memory] Reserving 844 MB, device gpu3
[2019-07-28 19:34:25] Ep. 1 : Up. 2000 : Sen. 351,048 : Cost 137.67112732 : Time 497.51s : 16109.34 words/s
[2019-07-28 19:42:00] Ep. 1 : Up. 4000 : Sen. 701,405 : Cost 107.11746216 : Time 454.81s : 17608.95 words/s
[2019-07-28 19:49:33] Ep. 1 : Up. 6000 : Sen. 1,050,928 : Cost 91.44487000 : Time 453.18s : 17650.73 words/s
[2019-07-28 19:57:06] Ep. 1 : Up. 8000 : Sen. 1,402,561 : Cost 81.67767334 : Time 453.63s : 17693.66 words/s
[2019-07-28 20:04:38] Ep. 1 : Up. 10000 : Sen. 1,752,744 : Cost 75.59810638 : Time 452.10s : 17697.78 words/s
[2019-07-28 20:12:12] Ep. 1 : Up. 12000 : Sen. 2,103,492 : Cost 71.04862976 : Time 453.09s : 17678.98 words/s
[2019-07-28 20:19:45] Ep. 1 : Up. 14000 : Sen. 2,453,755 : Cost 68.11048889 : Time 452.95s : 17679.59 words/s
[2019-07-28 20:27:17] Ep. 1 : Up. 16000 : Sen. 2,803,596 : Cost 65.79132843 : Time 452.97s : 17660.73 words/s
[2019-07-28 20:34:50] Ep. 1 : Up. 18000 : Sen. 3,154,268 : Cost 63.69940567 : Time 452.40s : 17688.12 words/s
[2019-07-28 20:42:24] Ep. 1 : Up. 20000 : Sen. 3,505,349 : Cost 62.27166367 : Time 454.26s : 17653.40 words/s
[2019-07-28 20:42:24] Saving model to ../experiments/100M_bicleaner_dcce_biced/model/model.npz.orig.npz
[2019-07-28 20:42:34] Saving model to ../experiments/100M_bicleaner_dcce_biced/model/model.iter20000.npz
[2019-07-28 20:42:41] Saving model to ../experiments/100M_bicleaner_dcce_biced/model/model.npz
[2019-07-28 20:42:51] Saving Adam parameters to ../experiments/100M_bicleaner_dcce_biced/model/model.npz.optimizer.npz
[2019-07-28 20:43:17] [valid] Ep. 1 : Up. 20000 : cross-entropy : 61.3239 : new best
[2019-07-28 20:43:24] [valid] Ep. 1 : Up. 20000 : perplexity : 11.2027 : new best
[2019-07-28 20:44:18] [valid] Ep. 1 : Up. 20000 : translation : 23.55 : new best
[2019-07-28 20:51:56] Ep. 1 : Up. 22000 : Sen. 3,855,201 : Cost 60.84510040 : Time 571.58s : 13983.50 words/s
[2019-07-28 20:57:23] Seen 4107852 samples
[2019-07-28 20:57:23] Starting epoch 2
[2019-07-28 20:57:23] [data] Shuffling data
[2019-07-28 20:57:27] [data] Done reading 4754867 sentences
[2019-07-28 20:57:45] [data] Done shuffling 4754867 sentences to temp files
[2019-07-28 21:00:08] Ep. 2 : Up. 24000 : Sen. 97,183 : Cost 59.62926483 : Time 492.06s : 16242.37 words/s
[2019-07-28 21:07:42] Ep. 2 : Up. 26000 : Sen. 448,000 : Cost 57.91035080 : Time 453.89s : 17654.28 words/s
[2019-07-28 21:15:15] Ep. 2 : Up. 28000 : Sen. 797,995 : Cost 57.18316650 : Time 453.22s : 17618.29 words/s
[2019-07-28 21:22:49] Ep. 2 : Up. 30000 : Sen. 1,149,117 : Cost 56.38111115 : Time 454.58s : 17635.90 words/s
[2019-07-28 21:30:24] Ep. 2 : Up. 32000 : Sen. 1,499,624 : Cost 55.79776764 : Time 454.86s : 17591.22 words/s
[2019-07-28 21:37:58] Ep. 2 : Up. 34000 : Sen. 1,850,490 : Cost 55.19125748 : Time 453.34s : 17671.31 words/s
[2019-07-28 21:45:30] Ep. 2 : Up. 36000 : Sen. 2,199,387 : Cost 54.65890503 : Time 452.82s : 17606.17 words/s
[2019-07-28 21:53:05] Ep. 2 : Up. 38000 : Sen. 2,549,626 : Cost 53.87710571 : Time 454.16s : 17577.36 words/s
[2019-07-28 22:00:41] Ep. 2 : Up. 40000 : Sen. 2,900,188 : Cost 53.80723572 : Time 456.05s : 17588.90 words/s
[2019-07-28 22:00:41] Saving model to ../experiments/100M_bicleaner_dcce_biced/model/model.npz.orig.npz
[2019-07-28 22:00:50] Saving model to ../experiments/100M_bicleaner_dcce_biced/model/model.iter40000.npz
[2019-07-28 22:00:59] Saving model to ../experiments/100M_bicleaner_dcce_biced/model/model.npz
[2019-07-28 22:01:09] Saving Adam parameters to ../experiments/100M_bicleaner_dcce_biced/model/model.npz.optimizer.npz
[2019-07-28 22:01:35] [valid] Ep. 2 : Up. 40000 : cross-entropy : 51.1352 : new best
[2019-07-28 22:01:42] [valid] Ep. 2 : Up. 40000 : perplexity : 7.49862 : new best
[2019-07-28 22:02:35] [valid] Ep. 2 : Up. 40000 : translation : 26.74 : new best
[2019-07-28 22:10:13] Ep. 2 : Up. 42000 : Sen. 3,250,588 : Cost 53.25463867 : Time 571.90s : 13998.38 words/s
[2019-07-28 22:17:49] Ep. 2 : Up. 44000 : Sen. 3,600,064 : Cost 52.96871185 : Time 455.91s : 17532.13 words/s
[2019-07-28 22:25:26] Ep. 2 : Up. 46000 : Sen. 3,951,809 : Cost 52.42620468 : Time 457.40s : 17565.30 words/s
[2019-07-28 22:28:50] Seen 4107852 samples
[2019-07-28 22:28:50] Starting epoch 3
[2019-07-28 22:28:50] [data] Shuffling data
[2019-07-28 22:28:53] [data] Done reading 4754867 sentences
[2019-07-28 22:29:16] [data] Done shuffling 4754867 sentences to temp files
[2019-07-28 22:33:36] Ep. 3 : Up. 48000 : Sen. 195,484 : Cost 51.35260773 : Time 490.42s : 16370.83 words/s
[2019-07-28 22:41:14] Ep. 3 : Up. 50000 : Sen. 545,336 : Cost 50.85209656 : Time 457.28s : 17509.38 words/s
[2019-07-28 22:48:49] Ep. 3 : Up. 52000 : Sen. 894,490 : Cost 50.60347748 : Time 455.61s : 17506.78 words/s
[2019-07-28 22:56:26] Ep. 3 : Up. 54000 : Sen. 1,244,221 : Cost 50.49414444 : Time 456.64s : 17505.36 words/s
[2019-07-28 23:04:03] Ep. 3 : Up. 56000 : Sen. 1,594,268 : Cost 50.20457077 : Time 456.84s : 17496.12 words/s
[2019-07-28 23:11:40] Ep. 3 : Up. 58000 : Sen. 1,944,276 : Cost 50.05137634 : Time 457.18s : 17513.59 words/s
[2019-07-28 23:19:16] Ep. 3 : Up. 60000 : Sen. 2,296,213 : Cost 49.66847992 : Time 456.15s : 17588.68 words/s
[2019-07-28 23:19:16] Saving model to ../experiments/100M_bicleaner_dcce_biced/model/model.npz.orig.npz
[2019-07-28 23:19:25] Saving model to ../experiments/100M_bicleaner_dcce_biced/model/model.iter60000.npz
[2019-07-28 23:19:33] Saving model to ../experiments/100M_bicleaner_dcce_biced/model/model.npz
[2019-07-28 23:19:43] Saving Adam parameters to ../experiments/100M_bicleaner_dcce_biced/model/model.npz.optimizer.npz
[2019-07-28 23:20:10] [valid] Ep. 3 : Up. 60000 : cross-entropy : 47.0751 : new best
[2019-07-28 23:20:17] [valid] Ep. 3 : Up. 60000 : perplexity : 6.39012 : new best
[2019-07-28 23:21:11] [valid] Ep. 3 : Up. 60000 : translation : 28.03 : new best
[2019-07-28 23:28:48] Ep. 3 : Up. 62000 : Sen. 2,647,737 : Cost 49.40147018 : Time 571.58s : 14027.46 words/s
[2019-07-28 23:36:23] Ep. 3 : Up. 64000 : Sen. 2,995,941 : Cost 49.48650360 : Time 454.91s : 17513.82 words/s
[2019-07-28 23:43:59] Ep. 3 : Up. 66000 : Sen. 3,347,332 : Cost 49.05884171 : Time 456.83s : 17554.10 words/s
[2019-07-28 23:51:33] Ep. 3 : Up. 68000 : Sen. 3,695,940 : Cost 49.13188553 : Time 453.40s : 17560.39 words/s
[2019-07-28 23:59:10] Ep. 3 : Up. 70000 : Sen. 4,046,122 : Cost 48.73158646 : Time 456.77s : 17527.72 words/s
[2019-07-29 00:00:30] Seen 4107852 samples
[2019-07-29 00:00:30] Starting epoch 4
[2019-07-29 00:00:30] [data] Shuffling data
[2019-07-29 00:00:33] [data] Done reading 4754867 sentences
[2019-07-29 00:00:56] [data] Done shuffling 4754867 sentences to temp files
[2019-07-29 00:07:19] Ep. 4 : Up. 72000 : Sen. 289,056 : Cost 47.82271957 : Time 489.66s : 16385.55 words/s
[2019-07-29 00:14:53] Ep. 4 : Up. 74000 : Sen. 639,638 : Cost 47.36274719 : Time 454.13s : 17583.30 words/s
[2019-07-29 00:22:28] Ep. 4 : Up. 76000 : Sen. 989,519 : Cost 47.45701218 : Time 454.80s : 17576.01 words/s
[2019-07-29 00:30:05] Ep. 4 : Up. 78000 : Sen. 1,341,043 : Cost 47.30784988 : Time 456.79s : 17539.91 words/s
[2019-07-29 00:37:43] Ep. 4 : Up. 80000 : Sen. 1,691,549 : Cost 47.54141998 : Time 457.84s : 17521.25 words/s
[2019-07-29 00:37:43] Saving model to ../experiments/100M_bicleaner_dcce_biced/model/model.npz.orig.npz
[2019-07-29 00:37:52] Saving model to ../experiments/100M_bicleaner_dcce_biced/model/model.iter80000.npz
[2019-07-29 00:38:00] Saving model to ../experiments/100M_bicleaner_dcce_biced/model/model.npz
[2019-07-29 00:38:10] Saving Adam parameters to ../experiments/100M_bicleaner_dcce_biced/model/model.npz.optimizer.npz
[2019-07-29 00:38:37] [valid] Ep. 4 : Up. 80000 : cross-entropy : 44.7994 : new best
[2019-07-29 00:38:44] [valid] Ep. 4 : Up. 80000 : perplexity : 5.84211 : new best
[2019-07-29 00:39:38] [valid] Ep. 4 : Up. 80000 : translation : 28.95 : new best
[2019-07-29 00:47:14] Ep. 4 : Up. 82000 : Sen. 2,040,950 : Cost 47.21972656 : Time 571.45s : 13981.72 words/s
[2019-07-29 00:54:47] Ep. 4 : Up. 84000 : Sen. 2,391,476 : Cost 47.22328568 : Time 453.24s : 17680.54 words/s
[2019-07-29 01:02:21] Ep. 4 : Up. 86000 : Sen. 2,741,719 : Cost 47.02200317 : Time 453.62s : 17619.04 words/s
[2019-07-29 01:09:56] Ep. 4 : Up. 88000 : Sen. 3,092,619 : Cost 46.96601105 : Time 454.73s : 17659.25 words/s
[2019-07-29 01:17:29] Ep. 4 : Up. 90000 : Sen. 3,443,638 : Cost 46.63400269 : Time 452.70s : 17675.65 words/s
[2019-07-29 01:25:04] Ep. 4 : Up. 92000 : Sen. 3,794,719 : Cost 46.94812775 : Time 455.10s : 17647.80 words/s
[2019-07-29 01:31:49] Seen 4107852 samples
[2019-07-29 01:31:49] Starting epoch 5
[2019-07-29 01:31:49] [data] Shuffling data
[2019-07-29 01:31:52] [data] Done reading 4754867 sentences
[2019-07-29 01:32:10] [data] Done shuffling 4754867 sentences to temp files
[2019-07-29 01:33:13] Ep. 5 : Up. 94000 : Sen. 36,443 : Cost 46.59150696 : Time 489.55s : 16315.29 words/s
[2019-07-29 01:40:47] Ep. 5 : Up. 96000 : Sen. 387,404 : Cost 45.35245132 : Time 453.94s : 17643.60 words/s
[2019-07-29 01:48:20] Ep. 5 : Up. 98000 : Sen. 736,834 : Cost 45.62986755 : Time 453.10s : 17630.13 words/s
[2019-07-29 01:55:54] Ep. 5 : Up. 100000 : Sen. 1,088,000 : Cost 45.50018692 : Time 454.06s : 17658.32 words/s
[2019-07-29 01:55:54] Saving model to ../experiments/100M_bicleaner_dcce_biced/model/model.npz.orig.npz
[2019-07-29 01:56:04] Saving model to ../experiments/100M_bicleaner_dcce_biced/model/model.iter100000.npz
[2019-07-29 01:56:11] Saving model to ../experiments/100M_bicleaner_dcce_biced/model/model.npz
[2019-07-29 01:56:21] Saving Adam parameters to ../experiments/100M_bicleaner_dcce_biced/model/model.npz.optimizer.npz
[2019-07-29 01:56:48] [valid] Ep. 5 : Up. 100000 : cross-entropy : 43.3014 : new best
[2019-07-29 01:56:55] [valid] Ep. 5 : Up. 100000 : perplexity : 5.50728 : new best
[2019-07-29 01:57:49] [valid] Ep. 5 : Up. 100000 : translation : 29.46 : new best
[2019-07-29 02:05:23] Ep. 5 : Up. 102000 : Sen. 1,438,186 : Cost 45.51121521 : Time 568.97s : 14064.37 words/s
[2019-07-29 02:12:58] Ep. 5 : Up. 104000 : Sen. 1,789,763 : Cost 45.34002304 : Time 454.30s : 17667.52 words/s
[2019-07-29 02:20:30] Ep. 5 : Up. 106000 : Sen. 2,138,902 : Cost 45.52185059 : Time 452.89s : 17607.92 words/s
[2019-07-29 02:28:04] Ep. 5 : Up. 108000 : Sen. 2,490,854 : Cost 45.31647491 : Time 453.66s : 17686.71 words/s
[2019-07-29 02:35:39] Ep. 5 : Up. 110000 : Sen. 2,841,830 : Cost 45.41611099 : Time 454.69s : 17627.41 words/s
[2019-07-29 02:43:12] Ep. 5 : Up. 112000 : Sen. 3,191,023 : Cost 45.48158264 : Time 453.45s : 17609.53 words/s
[2019-07-29 02:50:46] Ep. 5 : Up. 114000 : Sen. 3,540,745 : Cost 45.24327850 : Time 453.97s : 17618.49 words/s
[2019-07-29 02:58:20] Ep. 5 : Up. 116000 : Sen. 3,890,400 : Cost 45.23653793 : Time 453.79s : 17625.53 words/s
[2019-07-29 03:03:02] Seen 4107852 samples
[2019-07-29 03:03:02] Starting epoch 6
[2019-07-29 03:03:02] [data] Shuffling data
[2019-07-29 03:03:05] [data] Done reading 4754867 sentences
[2019-07-29 03:03:25] [data] Done shuffling 4754867 sentences to temp files
[2019-07-29 03:06:41] Ep. 6 : Up. 118000 : Sen. 133,153 : Cost 44.68401718 : Time 500.81s : 15983.04 words/s
[2019-07-29 03:14:14] Ep. 6 : Up. 120000 : Sen. 483,923 : Cost 44.18228149 : Time 453.58s : 17670.28 words/s
[2019-07-29 03:14:14] Saving model to ../experiments/100M_bicleaner_dcce_biced/model/model.npz.orig.npz
[2019-07-29 03:14:24] Saving model to ../experiments/100M_bicleaner_dcce_biced/model/model.iter120000.npz
[2019-07-29 03:14:31] Saving model to ../experiments/100M_bicleaner_dcce_biced/model/model.npz
[2019-07-29 03:14:41] Saving Adam parameters to ../experiments/100M_bicleaner_dcce_biced/model/model.npz.optimizer.npz
[2019-07-29 03:15:07] [valid] Ep. 6 : Up. 120000 : cross-entropy : 42.2171 : new best
[2019-07-29 03:15:14] [valid] Ep. 6 : Up. 120000 : perplexity : 5.27694 : new best
[2019-07-29 03:16:07] [valid] Ep. 6 : Up. 120000 : translation : 29.71 : new best
[2019-07-29 03:23:41] Ep. 6 : Up. 122000 : Sen. 833,176 : Cost 44.08533478 : Time 566.21s : 14094.91 words/s
[2019-07-29 03:31:13] Ep. 6 : Up. 124000 : Sen. 1,183,413 : Cost 44.17950821 : Time 452.27s : 17681.85 words/s
[2019-07-29 03:38:47] Ep. 6 : Up. 126000 : Sen. 1,533,589 : Cost 44.45509720 : Time 453.72s : 17670.30 words/s
[2019-07-29 03:46:19] Ep. 6 : Up. 128000 : Sen. 1,883,978 : Cost 43.88024902 : Time 452.21s : 17657.63 words/s
[2019-07-29 03:53:51] Ep. 6 : Up. 130000 : Sen. 2,233,426 : Cost 44.21652603 : Time 452.17s : 17677.57 words/s
[2019-07-29 04:01:23] Ep. 6 : Up. 132000 : Sen. 2,582,297 : Cost 44.45972443 : Time 452.33s : 17651.49 words/s
[2019-07-29 04:08:56] Ep. 6 : Up. 134000 : Sen. 2,933,364 : Cost 43.98788071 : Time 452.42s : 17688.35 words/s
[2019-07-29 04:16:29] Ep. 6 : Up. 136000 : Sen. 3,283,668 : Cost 44.30694199 : Time 453.57s : 17649.80 words/s
[2019-07-29 04:24:02] Ep. 6 : Up. 138000 : Sen. 3,633,491 : Cost 44.03045654 : Time 452.49s : 17674.56 words/s
[2019-07-29 04:31:36] Ep. 6 : Up. 140000 : Sen. 3,985,193 : Cost 44.09870911 : Time 453.76s : 17681.73 words/s
[2019-07-29 04:31:36] Saving model to ../experiments/100M_bicleaner_dcce_biced/model/model.npz.orig.npz
[2019-07-29 04:31:48] Saving model to ../experiments/100M_bicleaner_dcce_biced/model/model.iter140000.npz
[2019-07-29 04:31:59] Saving model to ../experiments/100M_bicleaner_dcce_biced/model/model.npz
[2019-07-29 04:32:14] Saving Adam parameters to ../experiments/100M_bicleaner_dcce_biced/model/model.npz.optimizer.npz
[2019-07-29 04:32:49] [valid] Ep. 6 : Up. 140000 : cross-entropy : 41.4339 : new best
[2019-07-29 04:32:56] [valid] Ep. 6 : Up. 140000 : perplexity : 5.11661 : new best
[2019-07-29 04:33:49] [valid] Ep. 6 : Up. 140000 : translation : 30.04 : new best
[2019-07-29 04:36:30] Seen 4107852 samples
[2019-07-29 04:36:30] Starting epoch 7
[2019-07-29 04:36:30] [data] Shuffling data
[2019-07-29 04:36:33] [data] Done reading 4754867 sentences
[2019-07-29 04:36:55] [data] Done shuffling 4754867 sentences to temp files
[2019-07-29 04:41:56] Ep. 7 : Up. 142000 : Sen. 226,953 : Cost 43.47058868 : Time 620.60s : 12874.23 words/s
[2019-07-29 04:49:28] Ep. 7 : Up. 144000 : Sen. 575,651 : Cost 43.25790405 : Time 451.48s : 17665.00 words/s
[2019-07-29 04:57:00] Ep. 7 : Up. 146000 : Sen. 924,669 : Cost 43.10156631 : Time 452.20s : 17651.88 words/s
[2019-07-29 05:04:33] Ep. 7 : Up. 148000 : Sen. 1,275,340 : Cost 43.44968033 : Time 452.79s : 17675.17 words/s
[2019-07-29 05:12:05] Ep. 7 : Up. 150000 : Sen. 1,625,732 : Cost 43.23735046 : Time 452.15s : 17678.23 words/s
[2019-07-29 05:19:37] Ep. 7 : Up. 152000 : Sen. 1,975,703 : Cost 43.18015671 : Time 451.93s : 17698.13 words/s
[2019-07-29 05:27:09] Ep. 7 : Up. 154000 : Sen. 2,324,514 : Cost 43.20800018 : Time 451.79s : 17662.29 words/s
[2019-07-29 05:34:42] Ep. 7 : Up. 156000 : Sen. 2,676,000 : Cost 43.18187332 : Time 453.19s : 17697.74 words/s
[2019-07-29 05:42:16] Ep. 7 : Up. 158000 : Sen. 3,027,464 : Cost 43.36749268 : Time 453.92s : 17685.57 words/s
[2019-07-29 05:49:48] Ep. 7 : Up. 160000 : Sen. 3,378,324 : Cost 43.03684235 : Time 452.21s : 17678.23 words/s
[2019-07-29 05:49:48] Saving model to ../experiments/100M_bicleaner_dcce_biced/model/model.npz.orig.npz
[2019-07-29 05:49:57] Saving model to ../experiments/100M_bicleaner_dcce_biced/model/model.iter160000.npz
[2019-07-29 05:50:04] Saving model to ../experiments/100M_bicleaner_dcce_biced/model/model.npz
[2019-07-29 05:50:14] Saving Adam parameters to ../experiments/100M_bicleaner_dcce_biced/model/model.npz.optimizer.npz
[2019-07-29 05:50:40] [valid] Ep. 7 : Up. 160000 : cross-entropy : 40.9017 : new best
[2019-07-29 05:50:46] [valid] Ep. 7 : Up. 160000 : perplexity : 5.01043 : new best
[2019-07-29 05:51:40] [valid] Ep. 7 : Up. 160000 : translation : 30.14 : new best
[2019-07-29 05:59:15] Ep. 7 : Up. 162000 : Sen. 3,727,765 : Cost 43.43888855 : Time 567.46s : 14124.87 words/s
[2019-07-29 06:06:49] Ep. 7 : Up. 164000 : Sen. 4,079,367 : Cost 43.00117493 : Time 453.15s : 17668.78 words/s
[2019-07-29 06:07:26] Seen 4107852 samples
[2019-07-29 06:07:26] Starting epoch 8
[2019-07-29 06:07:26] [data] Shuffling data
[2019-07-29 06:07:29] [data] Done reading 4754867 sentences
[2019-07-29 06:08:03] [data] Done shuffling 4754867 sentences to temp files
[2019-07-29 06:15:00] Ep. 8 : Up. 166000 : Sen. 322,603 : Cost 42.23128510 : Time 491.22s : 16338.08 words/s
[2019-07-29 06:22:31] Ep. 8 : Up. 168000 : Sen. 671,736 : Cost 42.23352814 : Time 450.74s : 17689.97 words/s
[2019-07-29 06:30:03] Ep. 8 : Up. 170000 : Sen. 1,022,714 : Cost 42.36231232 : Time 452.94s : 17688.23 words/s
[2019-07-29 06:37:36] Ep. 8 : Up. 172000 : Sen. 1,372,857 : Cost 42.64525223 : Time 452.69s : 17699.28 words/s
[2019-07-29 06:45:08] Ep. 8 : Up. 174000 : Sen. 1,723,068 : Cost 42.24706650 : Time 451.87s : 17704.21 words/s
[2019-07-29 06:52:40] Ep. 8 : Up. 176000 : Sen. 2,072,009 : Cost 42.54743195 : Time 451.62s : 17681.74 words/s
[2019-07-29 07:00:11] Ep. 8 : Up. 178000 : Sen. 2,421,299 : Cost 42.57440186 : Time 450.83s : 17711.21 words/s
[2019-07-29 07:07:42] Ep. 8 : Up. 180000 : Sen. 2,771,953 : Cost 42.36009216 : Time 451.00s : 17727.98 words/s
[2019-07-29 07:07:42] Saving model to ../experiments/100M_bicleaner_dcce_biced/model/model.npz.orig.npz
[2019-07-29 07:07:52] Saving model to ../experiments/100M_bicleaner_dcce_biced/model/model.iter180000.npz
[2019-07-29 07:07:59] Saving model to ../experiments/100M_bicleaner_dcce_biced/model/model.npz
[2019-07-29 07:08:08] Saving Adam parameters to ../experiments/100M_bicleaner_dcce_biced/model/model.npz.optimizer.npz
[2019-07-29 07:08:35] [valid] Ep. 8 : Up. 180000 : cross-entropy : 40.4952 : new best
[2019-07-29 07:08:41] [valid] Ep. 8 : Up. 180000 : perplexity : 4.93082 : new best
[2019-07-29 07:09:35] [valid] Ep. 8 : Up. 180000 : translation : 30.29 : new best
[2019-07-29 07:17:07] Ep. 8 : Up. 182000 : Sen. 3,121,043 : Cost 42.42129517 : Time 565.32s : 14100.86 words/s
[2019-07-29 07:24:38] Ep. 8 : Up. 184000 : Sen. 3,470,848 : Cost 42.39305115 : Time 451.35s : 17711.44 words/s
[2019-07-29 07:32:09] Ep. 8 : Up. 186000 : Sen. 3,820,932 : Cost 42.42288589 : Time 451.16s : 17710.67 words/s
[2019-07-29 07:38:19] Seen 4107852 samples
[2019-07-29 07:38:19] Starting epoch 9
[2019-07-29 07:38:19] [data] Shuffling data
[2019-07-29 07:38:22] [data] Done reading 4754867 sentences
[2019-07-29 07:38:45] [data] Done shuffling 4754867 sentences to temp files
[2019-07-29 07:40:14] Ep. 9 : Up. 188000 : Sen. 63,290 : Cost 42.24670792 : Time 484.48s : 16507.38 words/s
[2019-07-29 07:47:44] Ep. 9 : Up. 190000 : Sen. 413,635 : Cost 41.32779312 : Time 450.64s : 17739.70 words/s
[2019-07-29 07:55:15] Ep. 9 : Up. 192000 : Sen. 763,302 : Cost 41.39859009 : Time 450.80s : 17721.04 words/s
[2019-07-29 08:02:46] Ep. 9 : Up. 194000 : Sen. 1,111,735 : Cost 41.58776474 : Time 450.45s : 17683.58 words/s
[2019-07-29 08:10:17] Ep. 9 : Up. 196000 : Sen. 1,462,003 : Cost 41.80141830 : Time 451.53s : 17702.42 words/s
[2019-07-29 08:17:48] Ep. 9 : Up. 198000 : Sen. 1,811,200 : Cost 42.03051758 : Time 451.14s : 17702.55 words/s
[2019-07-29 08:25:20] Ep. 9 : Up. 200000 : Sen. 2,161,417 : Cost 41.76124191 : Time 451.47s : 17724.14 words/s
[2019-07-29 08:25:20] Saving model to ../experiments/100M_bicleaner_dcce_biced/model/model.npz.orig.npz
[2019-07-29 08:25:29] Saving model to ../experiments/100M_bicleaner_dcce_biced/model/model.iter200000.npz
[2019-07-29 08:25:36] Saving model to ../experiments/100M_bicleaner_dcce_biced/model/model.npz
[2019-07-29 08:25:46] Saving Adam parameters to ../experiments/100M_bicleaner_dcce_biced/model/model.npz.optimizer.npz
[2019-07-29 08:26:14] [valid] Ep. 9 : Up. 200000 : cross-entropy : 40.1555 : new best
[2019-07-29 08:26:20] [valid] Ep. 9 : Up. 200000 : perplexity : 4.86528 : new best
[2019-07-29 08:27:13] [valid] Ep. 9 : Up. 200000 : translation : 30.62 : new best
[2019-07-29 08:34:47] Ep. 9 : Up. 202000 : Sen. 2,510,966 : Cost 41.53920746 : Time 567.16s : 14083.31 words/s
[2019-07-29 08:42:19] Ep. 9 : Up. 204000 : Sen. 2,861,328 : Cost 41.74510193 : Time 451.83s : 17711.40 words/s
[2019-07-29 08:49:52] Ep. 9 : Up. 206000 : Sen. 3,212,272 : Cost 41.94082642 : Time 452.66s : 17714.89 words/s
[2019-07-29 08:57:24] Ep. 9 : Up. 208000 : Sen. 3,561,634 : Cost 42.01314926 : Time 452.52s : 17671.31 words/s
[2019-07-29 09:04:59] Ep. 9 : Up. 210000 : Sen. 3,913,481 : Cost 41.69435883 : Time 454.83s : 17600.30 words/s
[2019-07-29 09:09:12] Seen 4107852 samples
[2019-07-29 09:09:12] Starting epoch 10
[2019-07-29 09:09:12] [data] Shuffling data
[2019-07-29 09:09:16] [data] Done reading 4754867 sentences
[2019-07-29 09:09:46] [data] Done shuffling 4754867 sentences to temp files
[2019-07-29 09:13:12] Ep. 10 : Up. 212000 : Sen. 155,619 : Cost 41.49323654 : Time 493.28s : 16223.60 words/s
[2019-07-29 09:20:48] Ep. 10 : Up. 214000 : Sen. 506,192 : Cost 40.86376190 : Time 456.19s : 17552.53 words/s
[2019-07-29 09:28:26] Ep. 10 : Up. 216000 : Sen. 857,261 : Cost 41.09378433 : Time 457.82s : 17523.98 words/s
[2019-07-29 09:36:04] Ep. 10 : Up. 218000 : Sen. 1,207,962 : Cost 41.13729477 : Time 457.99s : 17496.65 words/s
[2019-07-29 09:43:40] Ep. 10 : Up. 220000 : Sen. 1,558,033 : Cost 40.98713303 : Time 455.78s : 17503.23 words/s
[2019-07-29 09:43:40] Saving model to ../experiments/100M_bicleaner_dcce_biced/model/model.npz.orig.npz
[2019-07-29 09:43:50] Saving model to ../experiments/100M_bicleaner_dcce_biced/model/model.iter220000.npz
[2019-07-29 09:43:57] Saving model to ../experiments/100M_bicleaner_dcce_biced/model/model.npz
[2019-07-29 09:44:13] Saving Adam parameters to ../experiments/100M_bicleaner_dcce_biced/model/model.npz.optimizer.npz
[2019-07-29 09:44:41] [valid] Ep. 10 : Up. 220000 : cross-entropy : 39.8808 : new best
[2019-07-29 09:44:47] [valid] Ep. 10 : Up. 220000 : perplexity : 4.8129 : new best
[2019-07-29 09:45:47] [valid] Ep. 10 : Up. 220000 : translation : 30.57 : stalled 1 times (last best: 30.62)
[2019-07-29 09:53:26] Ep. 10 : Up. 222000 : Sen. 1,907,826 : Cost 41.20070267 : Time 585.83s : 13648.44 words/s
[2019-07-29 10:01:03] Ep. 10 : Up. 224000 : Sen. 2,258,204 : Cost 41.27727127 : Time 457.30s : 17520.74 words/s
[2019-07-29 10:08:42] Ep. 10 : Up. 226000 : Sen. 2,609,419 : Cost 41.50726318 : Time 458.50s : 17520.14 words/s
[2019-07-29 10:16:19] Ep. 10 : Up. 228000 : Sen. 2,959,244 : Cost 41.30190659 : Time 457.00s : 17473.26 words/s
[2019-07-29 10:23:56] Ep. 10 : Up. 230000 : Sen. 3,308,306 : Cost 41.35720444 : Time 457.12s : 17453.22 words/s
[2019-07-29 10:31:34] Ep. 10 : Up. 232000 : Sen. 3,659,086 : Cost 41.43415070 : Time 457.86s : 17523.28 words/s
[2019-07-29 10:39:10] Ep. 10 : Up. 234000 : Sen. 4,009,166 : Cost 41.18835831 : Time 456.04s : 17519.44 words/s
[2019-07-29 10:41:19] Seen 4107852 samples
[2019-07-29 10:41:19] Starting epoch 11
[2019-07-29 10:41:19] [data] Shuffling data
[2019-07-29 10:41:22] [data] Done reading 4754867 sentences
[2019-07-29 10:41:44] [data] Done shuffling 4754867 sentences to temp files
[2019-07-29 10:47:19] Ep. 11 : Up. 236000 : Sen. 252,393 : Cost 40.57852554 : Time 489.42s : 16358.45 words/s
[2019-07-29 10:54:58] Ep. 11 : Up. 238000 : Sen. 603,723 : Cost 40.44730759 : Time 458.44s : 17522.00 words/s
[2019-07-29 11:02:35] Ep. 11 : Up. 240000 : Sen. 953,864 : Cost 40.52731323 : Time 457.04s : 17490.89 words/s
[2019-07-29 11:02:35] Saving model to ../experiments/100M_bicleaner_dcce_biced/model/model.npz.orig.npz
[2019-07-29 11:02:44] Saving model to ../experiments/100M_bicleaner_dcce_biced/model/model.iter240000.npz
[2019-07-29 11:02:51] Saving model to ../experiments/100M_bicleaner_dcce_biced/model/model.npz
[2019-07-29 11:03:01] Saving Adam parameters to ../experiments/100M_bicleaner_dcce_biced/model/model.npz.optimizer.npz
[2019-07-29 11:03:29] [valid] Ep. 11 : Up. 240000 : cross-entropy : 39.6525 : new best
[2019-07-29 11:03:35] [valid] Ep. 11 : Up. 240000 : perplexity : 4.7698 : new best
[2019-07-29 11:04:30] [valid] Ep. 11 : Up. 240000 : translation : 30.62 : stalled 2 times (last best: 30.62)
[2019-07-29 11:12:09] Ep. 11 : Up. 242000 : Sen. 1,304,625 : Cost 40.56049728 : Time 574.25s : 13957.16 words/s
[2019-07-29 11:19:45] Ep. 11 : Up. 244000 : Sen. 1,655,235 : Cost 40.52873993 : Time 456.09s : 17530.05 words/s
[2019-07-29 11:27:21] Ep. 11 : Up. 246000 : Sen. 2,003,736 : Cost 40.92169189 : Time 455.68s : 17496.90 words/s
[2019-07-29 11:34:57] Ep. 11 : Up. 248000 : Sen. 2,353,438 : Cost 40.86386871 : Time 456.02s : 17505.57 words/s
[2019-07-29 11:42:36] Ep. 11 : Up. 250000 : Sen. 2,704,491 : Cost 40.99995422 : Time 459.12s : 17515.37 words/s
[2019-07-29 11:50:11] Ep. 11 : Up. 252000 : Sen. 3,054,258 : Cost 40.72570419 : Time 455.44s : 17519.54 words/s
[2019-07-29 11:57:47] Ep. 11 : Up. 254000 : Sen. 3,404,132 : Cost 40.87118149 : Time 455.48s : 17514.24 words/s
[2019-07-29 12:05:24] Ep. 11 : Up. 256000 : Sen. 3,753,389 : Cost 41.09248352 : Time 457.09s : 17497.75 words/s
[2019-07-29 12:13:00] Ep. 11 : Up. 258000 : Sen. 4,104,851 : Cost 40.72660065 : Time 456.32s : 17580.84 words/s
[2019-07-29 12:13:04] Seen 4107852 samples
[2019-07-29 12:13:04] Starting epoch 12
[2019-07-29 12:13:04] [data] Shuffling data
[2019-07-29 12:13:08] [data] Done reading 4754867 sentences
[2019-07-29 12:13:33] [data] Done shuffling 4754867 sentences to temp files
[2019-07-29 12:21:15] Ep. 12 : Up. 260000 : Sen. 346,442 : Cost 39.98973465 : Time 495.28s : 16134.14 words/s
[2019-07-29 12:21:15] Saving model to ../experiments/100M_bicleaner_dcce_biced/model/model.npz.orig.npz
[2019-07-29 12:21:25] Saving model to ../experiments/100M_bicleaner_dcce_biced/model/model.iter260000.npz
[2019-07-29 12:21:33] Saving model to ../experiments/100M_bicleaner_dcce_biced/model/model.npz
[2019-07-29 12:21:43] Saving Adam parameters to ../experiments/100M_bicleaner_dcce_biced/model/model.npz.optimizer.npz
[2019-07-29 12:22:08] [valid] Ep. 12 : Up. 260000 : cross-entropy : 39.481 : new best
[2019-07-29 12:22:15] [valid] Ep. 12 : Up. 260000 : perplexity : 4.73768 : new best
[2019-07-29 12:23:10] [valid] Ep. 12 : Up. 260000 : translation : 30.78 : new best
[2019-07-29 12:30:48] Ep. 12 : Up. 262000 : Sen. 695,567 : Cost 40.04872894 : Time 572.20s : 13939.04 words/s
[2019-07-29 12:38:25] Ep. 12 : Up. 264000 : Sen. 1,046,012 : Cost 40.19993973 : Time 457.26s : 17521.27 words/s
[2019-07-29 12:46:01] Ep. 12 : Up. 266000 : Sen. 1,396,370 : Cost 40.25664139 : Time 456.55s : 17507.10 words/s
[2019-07-29 12:53:39] Ep. 12 : Up. 268000 : Sen. 1,746,816 : Cost 40.36957932 : Time 457.59s : 17504.06 words/s
[2019-07-29 13:01:16] Ep. 12 : Up. 270000 : Sen. 2,096,793 : Cost 40.45647430 : Time 456.93s : 17506.66 words/s
[2019-07-29 13:08:52] Ep. 12 : Up. 272000 : Sen. 2,447,405 : Cost 40.46184921 : Time 456.58s : 17510.65 words/s
[2019-07-29 13:16:30] Ep. 12 : Up. 274000 : Sen. 2,797,455 : Cost 40.45899200 : Time 457.15s : 17486.84 words/s
[2019-07-29 13:24:06] Ep. 12 : Up. 276000 : Sen. 3,146,236 : Cost 40.61539078 : Time 456.32s : 17495.09 words/s
[2019-07-29 13:31:43] Ep. 12 : Up. 278000 : Sen. 3,496,743 : Cost 40.39392471 : Time 457.16s : 17515.89 words/s
[2019-07-29 13:39:19] Ep. 12 : Up. 280000 : Sen. 3,847,597 : Cost 40.67451859 : Time 456.38s : 17568.18 words/s
[2019-07-29 13:39:19] Saving model to ../experiments/100M_bicleaner_dcce_biced/model/model.npz.orig.npz
[2019-07-29 13:39:29] Saving model to ../experiments/100M_bicleaner_dcce_biced/model/model.iter280000.npz
[2019-07-29 13:39:36] Saving model to ../experiments/100M_bicleaner_dcce_biced/model/model.npz
[2019-07-29 13:39:46] Saving Adam parameters to ../experiments/100M_bicleaner_dcce_biced/model/model.npz.optimizer.npz
[2019-07-29 13:40:15] [valid] Ep. 12 : Up. 280000 : cross-entropy : 39.3694 : new best
[2019-07-29 13:40:21] [valid] Ep. 12 : Up. 280000 : perplexity : 4.71688 : new best
[2019-07-29 13:41:16] [valid] Ep. 12 : Up. 280000 : translation : 30.94 : new best
[2019-07-29 13:46:57] Seen 4107852 samples
[2019-07-29 13:46:57] Starting epoch 13
[2019-07-29 13:46:57] [data] Shuffling data
[2019-07-29 13:47:00] [data] Done reading 4754867 sentences
[2019-07-29 13:47:23] [data] Done shuffling 4754867 sentences to temp files
[2019-07-29 13:49:28] Ep. 13 : Up. 282000 : Sen. 90,784 : Cost 40.05767059 : Time 608.20s : 13158.53 words/s
[2019-07-29 13:57:05] Ep. 13 : Up. 284000 : Sen. 441,119 : Cost 39.62468338 : Time 457.31s : 17516.30 words/s
[2019-07-29 14:04:42] Ep. 13 : Up. 286000 : Sen. 791,387 : Cost 39.68334961 : Time 456.68s : 17497.75 words/s
[2019-07-29 14:12:19] Ep. 13 : Up. 288000 : Sen. 1,141,914 : Cost 39.93389511 : Time 457.51s : 17528.15 words/s
[2019-07-29 14:19:57] Ep. 13 : Up. 290000 : Sen. 1,493,665 : Cost 39.71442413 : Time 457.64s : 17538.28 words/s
[2019-07-29 14:27:33] Ep. 13 : Up. 292000 : Sen. 1,842,719 : Cost 40.01111221 : Time 456.03s : 17532.34 words/s
[2019-07-29 14:35:09] Ep. 13 : Up. 294000 : Sen. 2,191,705 : Cost 40.01023102 : Time 456.02s : 17494.13 words/s
[2019-07-29 14:42:44] Ep. 13 : Up. 296000 : Sen. 2,541,783 : Cost 39.85326385 : Time 454.90s : 17515.35 words/s
[2019-07-29 14:50:21] Ep. 13 : Up. 298000 : Sen. 2,891,971 : Cost 40.02998734 : Time 457.16s : 17518.25 words/s
[2019-07-29 14:57:58] Ep. 13 : Up. 300000 : Sen. 3,242,255 : Cost 40.02182388 : Time 456.62s : 17503.49 words/s
[2019-07-29 14:57:58] Saving model to ../experiments/100M_bicleaner_dcce_biced/model/model.npz.orig.npz
[2019-07-29 14:58:08] Saving model to ../experiments/100M_bicleaner_dcce_biced/model/model.iter300000.npz
[2019-07-29 14:58:18] Saving model to ../experiments/100M_bicleaner_dcce_biced/model/model.npz
[2019-07-29 14:58:34] Saving Adam parameters to ../experiments/100M_bicleaner_dcce_biced/model/model.npz.optimizer.npz
[2019-07-29 14:59:03] [valid] Ep. 13 : Up. 300000 : cross-entropy : 39.2603 : new best
[2019-07-29 14:59:10] [valid] Ep. 13 : Up. 300000 : perplexity : 4.69665 : new best
[2019-07-29 15:00:05] [valid] Ep. 13 : Up. 300000 : translation : 30.86 : stalled 1 times (last best: 30.94)
[2019-07-29 15:07:43] Ep. 13 : Up. 302000 : Sen. 3,592,265 : Cost 40.24817657 : Time 585.89s : 13677.56 words/s
[2019-07-29 15:15:19] Ep. 13 : Up. 304000 : Sen. 3,942,762 : Cost 40.12391663 : Time 455.88s : 17553.43 words/s
[2019-07-29 15:18:55] Seen 4107852 samples
[2019-07-29 15:18:55] Starting epoch 14
[2019-07-29 15:18:55] [data] Shuffling data
[2019-07-29 15:18:58] [data] Done reading 4754867 sentences
[2019-07-29 15:19:20] [data] Done shuffling 4754867 sentences to temp files
[2019-07-29 15:23:27] Ep. 14 : Up. 306000 : Sen. 184,612 : Cost 39.63998413 : Time 487.97s : 16364.14 words/s
[2019-07-29 15:31:03] Ep. 14 : Up. 308000 : Sen. 534,030 : Cost 39.36966324 : Time 456.15s : 17519.15 words/s
[2019-07-29 15:38:39] Ep. 14 : Up. 310000 : Sen. 884,636 : Cost 39.26405716 : Time 455.95s : 17554.35 words/s
[2019-07-29 15:46:16] Ep. 14 : Up. 312000 : Sen. 1,234,085 : Cost 39.56463623 : Time 456.25s : 17508.54 words/s
[2019-07-29 15:53:52] Ep. 14 : Up. 314000 : Sen. 1,585,617 : Cost 39.45000839 : Time 456.69s : 17534.65 words/s
[2019-07-29 16:01:28] Ep. 14 : Up. 316000 : Sen. 1,935,349 : Cost 39.63337708 : Time 455.86s : 17540.54 words/s
[2019-07-29 16:09:05] Ep. 14 : Up. 318000 : Sen. 2,285,642 : Cost 39.71469116 : Time 456.81s : 17555.19 words/s
[2019-07-29 16:16:41] Ep. 14 : Up. 320000 : Sen. 2,636,494 : Cost 39.91956329 : Time 456.45s : 17537.45 words/s
[2019-07-29 16:16:41] Saving model to ../experiments/100M_bicleaner_dcce_biced/model/model.npz.orig.npz
[2019-07-29 16:16:51] Saving model to ../experiments/100M_bicleaner_dcce_biced/model/model.iter320000.npz
[2019-07-29 16:16:59] Saving model to ../experiments/100M_bicleaner_dcce_biced/model/model.npz
[2019-07-29 16:17:09] Saving Adam parameters to ../experiments/100M_bicleaner_dcce_biced/model/model.npz.optimizer.npz
[2019-07-29 16:17:36] [valid] Ep. 14 : Up. 320000 : cross-entropy : 39.1464 : new best
[2019-07-29 16:17:42] [valid] Ep. 14 : Up. 320000 : perplexity : 4.67562 : new best
[2019-07-29 16:18:37] [valid] Ep. 14 : Up. 320000 : translation : 30.94 : stalled 2 times (last best: 30.94)
[2019-07-29 16:26:15] Ep. 14 : Up. 322000 : Sen. 2,987,399 : Cost 39.57095718 : Time 573.82s : 13925.86 words/s
[2019-07-29 16:33:52] Ep. 14 : Up. 324000 : Sen. 3,336,910 : Cost 39.80097198 : Time 456.82s : 17499.65 words/s
[2019-07-29 16:41:30] Ep. 14 : Up. 326000 : Sen. 3,686,796 : Cost 40.05617905 : Time 457.50s : 17524.76 words/s
[2019-07-29 16:49:07] Ep. 14 : Up. 328000 : Sen. 4,037,872 : Cost 39.78054428 : Time 457.68s : 17503.97 words/s
[2019-07-29 16:50:39] Seen 4107852 samples
[2019-07-29 16:50:39] Starting epoch 15
[2019-07-29 16:50:39] [data] Shuffling data
[2019-07-29 16:50:42] [data] Done reading 4754867 sentences
[2019-07-29 16:51:05] [data] Done shuffling 4754867 sentences to temp files
[2019-07-29 16:57:17] Ep. 15 : Up. 330000 : Sen. 280,446 : Cost 38.99029922 : Time 490.03s : 16317.24 words/s
[2019-07-29 17:04:53] Ep. 15 : Up. 332000 : Sen. 630,041 : Cost 39.14812851 : Time 455.94s : 17522.53 words/s
[2019-07-29 17:12:31] Ep. 15 : Up. 334000 : Sen. 980,582 : Cost 39.21203613 : Time 457.59s : 17509.32 words/s
[2019-07-29 17:20:07] Ep. 15 : Up. 336000 : Sen. 1,330,413 : Cost 39.28429031 : Time 456.20s : 17516.01 words/s
[2019-07-29 17:27:44] Ep. 15 : Up. 338000 : Sen. 1,680,018 : Cost 39.27518082 : Time 456.47s : 17499.78 words/s
[2019-07-29 17:35:21] Ep. 15 : Up. 340000 : Sen. 2,030,242 : Cost 39.33348083 : Time 456.98s : 17503.87 words/s
[2019-07-29 17:35:21] Saving model to ../experiments/100M_bicleaner_dcce_biced/model/model.npz.orig.npz
[2019-07-29 17:35:31] Saving model to ../experiments/100M_bicleaner_dcce_biced/model/model.iter340000.npz
[2019-07-29 17:35:38] Saving model to ../experiments/100M_bicleaner_dcce_biced/model/model.npz
[2019-07-29 17:35:48] Saving Adam parameters to ../experiments/100M_bicleaner_dcce_biced/model/model.npz.optimizer.npz
[2019-07-29 17:36:15] [valid] Ep. 15 : Up. 340000 : cross-entropy : 39.034 : new best
[2019-07-29 17:36:22] [valid] Ep. 15 : Up. 340000 : perplexity : 4.65497 : new best
[2019-07-29 17:37:16] [valid] Ep. 15 : Up. 340000 : translation : 31.05 : new best
[2019-07-29 17:44:55] Ep. 15 : Up. 342000 : Sen. 2,380,536 : Cost 39.38112259 : Time 574.14s : 13919.04 words/s
[2019-07-29 17:52:35] Ep. 15 : Up. 344000 : Sen. 2,731,957 : Cost 39.37341690 : Time 459.92s : 17464.30 words/s
[2019-07-29 18:00:12] Ep. 15 : Up. 346000 : Sen. 3,082,447 : Cost 39.32429123 : Time 457.59s : 17480.42 words/s
[2019-07-29 18:07:50] Ep. 15 : Up. 348000 : Sen. 3,433,001 : Cost 39.57341385 : Time 458.14s : 17480.62 words/s
[2019-07-29 18:15:28] Ep. 15 : Up. 350000 : Sen. 3,782,532 : Cost 39.67881775 : Time 457.77s : 17468.64 words/s
[2019-07-29 18:22:34] Seen 4107852 samples
[2019-07-29 18:22:34] Starting epoch 16
[2019-07-29 18:22:34] [data] Shuffling data
[2019-07-29 18:22:38] [data] Done reading 4754867 sentences
[2019-07-29 18:23:05] [data] Done shuffling 4754867 sentences to temp files
[2019-07-29 18:23:48] Ep. 16 : Up. 352000 : Sen. 24,417 : Cost 39.44184494 : Time 499.99s : 15976.32 words/s
[2019-07-29 18:31:27] Ep. 16 : Up. 354000 : Sen. 375,128 : Cost 38.67615509 : Time 458.94s : 17492.97 words/s
[2019-07-29 18:39:04] Ep. 16 : Up. 356000 : Sen. 725,093 : Cost 38.78627014 : Time 456.82s : 17492.42 words/s
[2019-07-29 18:46:42] Ep. 16 : Up. 358000 : Sen. 1,075,200 : Cost 38.91920471 : Time 458.49s : 17458.22 words/s
[2019-07-29 18:54:19] Ep. 16 : Up. 360000 : Sen. 1,424,744 : Cost 38.75850296 : Time 456.78s : 17466.93 words/s
[2019-07-29 18:54:19] Saving model to ../experiments/100M_bicleaner_dcce_biced/model/model.npz.orig.npz
[2019-07-29 18:54:29] Saving model to ../experiments/100M_bicleaner_dcce_biced/model/model.iter360000.npz
[2019-07-29 18:54:36] Saving model to ../experiments/100M_bicleaner_dcce_biced/model/model.npz
[2019-07-29 18:54:47] Saving Adam parameters to ../experiments/100M_bicleaner_dcce_biced/model/model.npz.optimizer.npz
[2019-07-29 18:55:13] [valid] Ep. 16 : Up. 360000 : cross-entropy : 38.9806 : new best
[2019-07-29 18:55:20] [valid] Ep. 16 : Up. 360000 : perplexity : 4.64519 : new best
[2019-07-29 18:56:15] [valid] Ep. 16 : Up. 360000 : translation : 30.99 : stalled 1 times (last best: 31.05)
[2019-07-29 19:03:55] Ep. 16 : Up. 362000 : Sen. 1,774,609 : Cost 39.11851883 : Time 576.12s : 13895.87 words/s
[2019-07-29 19:11:32] Ep. 16 : Up. 364000 : Sen. 2,123,783 : Cost 38.88070679 : Time 456.91s : 17460.49 words/s
[2019-07-29 19:19:09] Ep. 16 : Up. 366000 : Sen. 2,473,762 : Cost 39.03193283 : Time 456.93s : 17481.83 words/s
[2019-07-29 19:26:47] Ep. 16 : Up. 368000 : Sen. 2,824,593 : Cost 39.15428925 : Time 457.47s : 17508.87 words/s
[2019-07-29 19:34:25] Ep. 16 : Up. 370000 : Sen. 3,175,723 : Cost 39.20611572 : Time 458.79s : 17466.17 words/s
[2019-07-29 19:42:03] Ep. 16 : Up. 372000 : Sen. 3,524,959 : Cost 39.24267960 : Time 457.65s : 17437.37 words/s
[2019-07-29 19:49:41] Ep. 16 : Up. 374000 : Sen. 3,875,115 : Cost 39.33746338 : Time 457.95s : 17473.16 words/s
[2019-07-29 19:54:44] Seen 4107852 samples
[2019-07-29 19:54:44] Starting epoch 17
[2019-07-29 19:54:44] [data] Shuffling data
[2019-07-29 19:54:48] [data] Done reading 4754867 sentences
[2019-07-29 19:55:11] [data] Done shuffling 4754867 sentences to temp files
[2019-07-29 19:57:54] Ep. 17 : Up. 376000 : Sen. 119,085 : Cost 38.99358368 : Time 492.61s : 16293.35 words/s
[2019-07-29 20:05:33] Ep. 17 : Up. 378000 : Sen. 469,008 : Cost 38.75552368 : Time 459.39s : 17446.68 words/s
[2019-07-29 20:13:09] Ep. 17 : Up. 380000 : Sen. 819,693 : Cost 38.45430374 : Time 456.45s : 17499.99 words/s
[2019-07-29 20:13:09] Saving model to ../experiments/100M_bicleaner_dcce_biced/model/model.npz.orig.npz
[2019-07-29 20:13:19] Saving model to ../experiments/100M_bicleaner_dcce_biced/model/model.iter380000.npz
[2019-07-29 20:13:26] Saving model to ../experiments/100M_bicleaner_dcce_biced/model/model.npz
[2019-07-29 20:13:37] Saving Adam parameters to ../experiments/100M_bicleaner_dcce_biced/model/model.npz.optimizer.npz
[2019-07-29 20:14:04] [valid] Ep. 17 : Up. 380000 : cross-entropy : 38.8945 : new best
[2019-07-29 20:14:11] [valid] Ep. 17 : Up. 380000 : perplexity : 4.62945 : new best
[2019-07-29 20:15:05] [valid] Ep. 17 : Up. 380000 : translation : 31.12 : new best
[2019-07-29 20:22:46] Ep. 17 : Up. 382000 : Sen. 1,169,859 : Cost 38.62768936 : Time 576.32s : 13891.73 words/s
[2019-07-29 20:30:23] Ep. 17 : Up. 384000 : Sen. 1,520,072 : Cost 38.89927673 : Time 457.54s : 17492.56 words/s
[2019-07-29 20:38:00] Ep. 17 : Up. 386000 : Sen. 1,869,796 : Cost 38.81966400 : Time 456.83s : 17467.10 words/s
[2019-07-29 20:45:36] Ep. 17 : Up. 388000 : Sen. 2,219,429 : Cost 38.71722412 : Time 456.17s : 17500.48 words/s
[2019-07-29 20:53:13] Ep. 17 : Up. 390000 : Sen. 2,569,554 : Cost 38.83967590 : Time 456.98s : 17514.19 words/s
[2019-07-29 21:00:50] Ep. 17 : Up. 392000 : Sen. 2,919,772 : Cost 39.00982285 : Time 457.08s : 17500.63 words/s
[2019-07-29 21:08:28] Ep. 17 : Up. 394000 : Sen. 3,269,872 : Cost 38.93505096 : Time 457.26s : 17473.31 words/s
[2019-07-29 21:16:05] Ep. 17 : Up. 396000 : Sen. 3,620,226 : Cost 39.17705917 : Time 457.42s : 17523.55 words/s
[2019-07-29 21:23:42] Ep. 17 : Up. 398000 : Sen. 3,970,219 : Cost 38.98891449 : Time 456.46s : 17502.92 words/s
[2019-07-29 21:26:42] Seen 4107852 samples
[2019-07-29 21:26:42] Starting epoch 18
[2019-07-29 21:26:42] [data] Shuffling data
[2019-07-29 21:26:45] [data] Done reading 4754867 sentences
[2019-07-29 21:27:10] [data] Done shuffling 4754867 sentences to temp files
[2019-07-29 21:31:54] Ep. 18 : Up. 400000 : Sen. 211,464 : Cost 38.81979752 : Time 492.19s : 16227.58 words/s
[2019-07-29 21:31:54] Saving model to ../experiments/100M_bicleaner_dcce_biced/model/model.npz.orig.npz
[2019-07-29 21:32:04] Saving model to ../experiments/100M_bicleaner_dcce_biced/model/model.iter400000.npz
[2019-07-29 21:32:11] Saving model to ../experiments/100M_bicleaner_dcce_biced/model/model.npz
[2019-07-29 21:32:22] Saving Adam parameters to ../experiments/100M_bicleaner_dcce_biced/model/model.npz.optimizer.npz
[2019-07-29 21:32:48] [valid] Ep. 18 : Up. 400000 : cross-entropy : 38.8641 : new best
[2019-07-29 21:32:55] [valid] Ep. 18 : Up. 400000 : perplexity : 4.62391 : new best
[2019-07-29 21:33:49] [valid] Ep. 18 : Up. 400000 : translation : 31.12 : stalled 1 times (last best: 31.12)
[2019-07-29 21:41:28] Ep. 18 : Up. 402000 : Sen. 561,135 : Cost 38.19505692 : Time 574.70s : 13911.82 words/s
[2019-07-29 21:49:05] Ep. 18 : Up. 404000 : Sen. 912,341 : Cost 38.18775177 : Time 456.75s : 17519.28 words/s
[2019-07-29 21:56:42] Ep. 18 : Up. 406000 : Sen. 1,262,769 : Cost 38.43127441 : Time 456.75s : 17511.07 words/s
[2019-07-29 22:04:18] Ep. 18 : Up. 408000 : Sen. 1,611,759 : Cost 38.63061523 : Time 456.52s : 17501.37 words/s
[2019-07-29 22:11:54] Ep. 18 : Up. 410000 : Sen. 1,961,706 : Cost 38.71708679 : Time 455.87s : 17537.42 words/s
[2019-07-29 22:19:31] Ep. 18 : Up. 412000 : Sen. 2,312,339 : Cost 38.85826874 : Time 457.08s : 17543.78 words/s
[2019-07-29 22:27:08] Ep. 18 : Up. 414000 : Sen. 2,663,166 : Cost 38.56779099 : Time 456.58s : 17536.43 words/s
[2019-07-29 22:34:45] Ep. 18 : Up. 416000 : Sen. 3,013,230 : Cost 38.82894897 : Time 457.50s : 17495.81 words/s
[2019-07-29 22:42:22] Ep. 18 : Up. 418000 : Sen. 3,362,960 : Cost 38.98224258 : Time 456.69s : 17517.14 words/s
[2019-07-29 22:49:58] Ep. 18 : Up. 420000 : Sen. 3,712,843 : Cost 38.86335754 : Time 455.96s : 17495.27 words/s
[2019-07-29 22:49:58] Saving model to ../experiments/100M_bicleaner_dcce_biced/model/model.npz.orig.npz
[2019-07-29 22:50:08] Saving model to ../experiments/100M_bicleaner_dcce_biced/model/model.iter420000.npz
[2019-07-29 22:50:15] Saving model to ../experiments/100M_bicleaner_dcce_biced/model/model.npz
[2019-07-29 22:50:26] Saving Adam parameters to ../experiments/100M_bicleaner_dcce_biced/model/model.npz.optimizer.npz
[2019-07-29 22:50:53] [valid] Ep. 18 : Up. 420000 : cross-entropy : 38.8667 : stalled 1 times (last best: 38.8641)
[2019-07-29 22:51:00] [valid] Ep. 18 : Up. 420000 : perplexity : 4.62438 : stalled 1 times (last best: 4.62391)
[2019-07-29 22:51:54] [valid] Ep. 18 : Up. 420000 : translation : 31.05 : stalled 2 times (last best: 31.12)
[2019-07-29 22:59:33] Ep. 18 : Up. 422000 : Sen. 4,063,327 : Cost 38.92382431 : Time 574.80s : 13923.27 words/s
[2019-07-29 23:00:31] Seen 4107852 samples
[2019-07-29 23:00:31] Starting epoch 19
[2019-07-29 23:00:31] [data] Shuffling data
[2019-07-29 23:00:34] [data] Done reading 4754867 sentences
[2019-07-29 23:00:53] [data] Done shuffling 4754867 sentences to temp files
[2019-07-29 23:07:48] Ep. 19 : Up. 424000 : Sen. 305,661 : Cost 37.98886871 : Time 495.05s : 16155.59 words/s
[2019-07-29 23:15:24] Ep. 19 : Up. 426000 : Sen. 655,543 : Cost 37.94401550 : Time 456.48s : 17518.15 words/s
[2019-07-29 23:23:02] Ep. 19 : Up. 428000 : Sen. 1,007,501 : Cost 37.99820328 : Time 457.40s : 17542.46 words/s
[2019-07-29 23:30:38] Ep. 19 : Up. 430000 : Sen. 1,357,500 : Cost 38.32093048 : Time 455.87s : 17554.04 words/s
[2019-07-29 23:38:15] Ep. 19 : Up. 432000 : Sen. 1,708,536 : Cost 38.25117111 : Time 456.80s : 17544.74 words/s
[2019-07-29 23:45:52] Ep. 19 : Up. 434000 : Sen. 2,059,039 : Cost 38.57122803 : Time 457.17s : 17541.68 words/s
[2019-07-29 23:53:29] Ep. 19 : Up. 436000 : Sen. 2,410,545 : Cost 38.19934845 : Time 456.88s : 17537.21 words/s
[2019-07-30 00:01:05] Ep. 19 : Up. 438000 : Sen. 2,759,487 : Cost 38.51083374 : Time 456.08s : 17506.33 words/s
[2019-07-30 00:08:41] Ep. 19 : Up. 440000 : Sen. 3,108,876 : Cost 38.62644196 : Time 456.70s : 17484.05 words/s
[2019-07-30 00:08:41] Saving model to ../experiments/100M_bicleaner_dcce_biced/model/model.npz.orig.npz
[2019-07-30 00:08:53] Saving model to ../experiments/100M_bicleaner_dcce_biced/model/model.iter440000.npz
[2019-07-30 00:09:04] Saving model to ../experiments/100M_bicleaner_dcce_biced/model/model.npz
[2019-07-30 00:09:14] Saving Adam parameters to ../experiments/100M_bicleaner_dcce_biced/model/model.npz.optimizer.npz
[2019-07-30 00:09:44] [valid] Ep. 19 : Up. 440000 : cross-entropy : 38.8409 : new best
[2019-07-30 00:09:50] [valid] Ep. 19 : Up. 440000 : perplexity : 4.61968 : new best
[2019-07-30 00:10:44] [valid] Ep. 19 : Up. 440000 : translation : 31.31 : new best
[2019-07-30 00:18:22] Ep. 19 : Up. 442000 : Sen. 3,458,719 : Cost 38.55831528 : Time 580.73s : 13747.41 words/s
[2019-07-30 00:25:59] Ep. 19 : Up. 444000 : Sen. 3,809,060 : Cost 38.68955994 : Time 456.64s : 17538.16 words/s
[2019-07-30 00:32:28] Seen 4107852 samples
[2019-07-30 00:32:28] Starting epoch 20
[2019-07-30 00:32:28] [data] Shuffling data
[2019-07-30 00:32:32] [data] Done reading 4754867 sentences
[2019-07-30 00:32:55] [data] Done shuffling 4754867 sentences to temp files
[2019-07-30 00:34:10] Ep. 20 : Up. 446000 : Sen. 51,026 : Cost 38.44099808 : Time 490.81s : 16275.15 words/s
[2019-07-30 00:41:45] Ep. 20 : Up. 448000 : Sen. 400,290 : Cost 37.71968460 : Time 455.07s : 17517.20 words/s
[2019-07-30 00:49:22] Ep. 20 : Up. 450000 : Sen. 751,962 : Cost 37.77947235 : Time 457.23s : 17522.97 words/s
[2019-07-30 00:56:57] Ep. 20 : Up. 452000 : Sen. 1,101,064 : Cost 38.02698517 : Time 455.21s : 17558.13 words/s
[2019-07-30 01:04:33] Ep. 20 : Up. 454000 : Sen. 1,451,728 : Cost 37.96368790 : Time 455.90s : 17551.30 words/s
[2019-07-30 01:12:10] Ep. 20 : Up. 456000 : Sen. 1,801,022 : Cost 38.20476913 : Time 456.77s : 17504.92 words/s
[2019-07-30 01:19:47] Ep. 20 : Up. 458000 : Sen. 2,151,467 : Cost 38.29706955 : Time 457.38s : 17519.47 words/s
[2019-07-30 01:27:25] Ep. 20 : Up. 460000 : Sen. 2,502,226 : Cost 38.30634308 : Time 457.42s : 17500.50 words/s
[2019-07-30 01:27:25] Saving model to ../experiments/100M_bicleaner_dcce_biced/model/model.npz.orig.npz
[2019-07-30 01:27:35] Saving model to ../experiments/100M_bicleaner_dcce_biced/model/model.iter460000.npz
[2019-07-30 01:27:42] Saving model to ../experiments/100M_bicleaner_dcce_biced/model/model.npz
[2019-07-30 01:27:52] Saving Adam parameters to ../experiments/100M_bicleaner_dcce_biced/model/model.npz.optimizer.npz
[2019-07-30 01:28:19] [valid] Ep. 20 : Up. 460000 : cross-entropy : 38.8037 : new best
[2019-07-30 01:28:25] [valid] Ep. 20 : Up. 460000 : perplexity : 4.61291 : new best
[2019-07-30 01:29:19] [valid] Ep. 20 : Up. 460000 : translation : 31.17 : stalled 1 times (last best: 31.31)
[2019-07-30 01:36:58] Ep. 20 : Up. 462000 : Sen. 2,851,633 : Cost 38.31425095 : Time 573.19s : 13942.59 words/s
[2019-07-30 01:44:34] Ep. 20 : Up. 464000 : Sen. 3,202,222 : Cost 38.39838791 : Time 456.06s : 17546.03 words/s
[2019-07-30 01:52:12] Ep. 20 : Up. 466000 : Sen. 3,554,354 : Cost 38.43487167 : Time 458.26s : 17546.91 words/s
[2019-07-30 01:59:50] Ep. 20 : Up. 468000 : Sen. 3,905,179 : Cost 38.45666504 : Time 457.91s : 17515.87 words/s
[2019-07-30 02:04:15] Seen 4107852 samples
[2019-07-30 02:04:15] Starting epoch 21
[2019-07-30 02:04:15] [data] Shuffling data
[2019-07-30 02:04:18] [data] Done reading 4754867 sentences
[2019-07-30 02:04:37] [data] Done shuffling 4754867 sentences to temp files
[2019-07-30 02:08:07] Ep. 21 : Up. 470000 : Sen. 148,842 : Cost 37.84000397 : Time 497.01s : 16146.74 words/s
[2019-07-30 02:15:43] Ep. 21 : Up. 472000 : Sen. 499,200 : Cost 37.79835129 : Time 455.79s : 17567.90 words/s
[2019-07-30 02:23:19] Ep. 21 : Up. 474000 : Sen. 848,933 : Cost 37.71886444 : Time 456.47s : 17511.91 words/s
[2019-07-30 02:30:55] Ep. 21 : Up. 476000 : Sen. 1,198,627 : Cost 37.89124680 : Time 455.99s : 17515.01 words/s
[2019-07-30 02:38:32] Ep. 21 : Up. 478000 : Sen. 1,549,064 : Cost 37.77202606 : Time 456.61s : 17530.09 words/s
[2019-07-30 02:46:09] Ep. 21 : Up. 480000 : Sen. 1,899,290 : Cost 37.99412155 : Time 456.85s : 17506.77 words/s
[2019-07-30 02:46:09] Saving model to ../experiments/100M_bicleaner_dcce_biced/model/model.npz.orig.npz
[2019-07-30 02:46:20] Saving model to ../experiments/100M_bicleaner_dcce_biced/model/model.iter480000.npz
[2019-07-30 02:46:27] Saving model to ../experiments/100M_bicleaner_dcce_biced/model/model.npz
[2019-07-30 02:46:37] Saving Adam parameters to ../experiments/100M_bicleaner_dcce_biced/model/model.npz.optimizer.npz
[2019-07-30 02:47:03] [valid] Ep. 21 : Up. 480000 : cross-entropy : 38.7357 : new best
[2019-07-30 02:47:09] [valid] Ep. 21 : Up. 480000 : perplexity : 4.60058 : new best
[2019-07-30 02:48:04] [valid] Ep. 21 : Up. 480000 : translation : 31.28 : stalled 2 times (last best: 31.31)
[2019-07-30 02:55:42] Ep. 21 : Up. 482000 : Sen. 2,249,456 : Cost 38.12615204 : Time 573.60s : 13958.89 words/s
[2019-07-30 03:03:18] Ep. 21 : Up. 484000 : Sen. 2,597,864 : Cost 38.15632629 : Time 455.25s : 17479.43 words/s
[2019-07-30 03:10:54] Ep. 21 : Up. 486000 : Sen. 2,948,421 : Cost 38.01977158 : Time 456.79s : 17515.74 words/s
[2019-07-30 03:18:31] Ep. 21 : Up. 488000 : Sen. 3,298,677 : Cost 38.27732849 : Time 456.75s : 17494.01 words/s
[2019-07-30 03:26:07] Ep. 21 : Up. 490000 : Sen. 3,648,683 : Cost 38.46919632 : Time 456.35s : 17533.77 words/s
[2019-07-30 03:33:44] Ep. 21 : Up. 492000 : Sen. 3,998,569 : Cost 38.50468445 : Time 456.98s : 17501.66 words/s
[2019-07-30 03:36:07] Seen 4107852 samples
[2019-07-30 03:36:07] Starting epoch 22
[2019-07-30 03:36:07] [data] Shuffling data
[2019-07-30 03:36:10] [data] Done reading 4754867 sentences
[2019-07-30 03:36:33] [data] Done shuffling 4754867 sentences to temp files
[2019-07-30 03:42:05] Ep. 22 : Up. 494000 : Sen. 241,015 : Cost 37.51002502 : Time 500.65s : 15984.75 words/s
[2019-07-30 03:49:41] Ep. 22 : Up. 496000 : Sen. 591,056 : Cost 37.47780609 : Time 455.68s : 17533.10 words/s
[2019-07-30 03:57:17] Ep. 22 : Up. 498000 : Sen. 940,264 : Cost 37.59061432 : Time 456.08s : 17496.22 words/s
[2019-07-30 04:04:53] Ep. 22 : Up. 500000 : Sen. 1,291,139 : Cost 37.78640747 : Time 456.35s : 17545.80 words/s
[2019-07-30 04:04:53] Saving model to ../experiments/100M_bicleaner_dcce_biced/model/model.npz.orig.npz
[2019-07-30 04:05:03] Saving model to ../experiments/100M_bicleaner_dcce_biced/model/model.iter500000.npz
[2019-07-30 04:05:10] Saving model to ../experiments/100M_bicleaner_dcce_biced/model/model.npz
[2019-07-30 04:05:20] Saving Adam parameters to ../experiments/100M_bicleaner_dcce_biced/model/model.npz.optimizer.npz
[2019-07-30 04:05:46] [valid] Ep. 22 : Up. 500000 : cross-entropy : 38.7188 : new best
[2019-07-30 04:05:53] [valid] Ep. 22 : Up. 500000 : perplexity : 4.59752 : new best
[2019-07-30 04:06:47] [valid] Ep. 22 : Up. 500000 : translation : 31.38 : new best
[2019-07-30 04:14:27] Ep. 22 : Up. 502000 : Sen. 1,641,764 : Cost 37.89259338 : Time 573.68s : 13992.69 words/s
[2019-07-30 04:22:03] Ep. 22 : Up. 504000 : Sen. 1,993,228 : Cost 37.61962891 : Time 456.18s : 17560.52 words/s
[2019-07-30 04:29:40] Ep. 22 : Up. 506000 : Sen. 2,343,639 : Cost 37.98593903 : Time 457.40s : 17537.10 words/s
[2019-07-30 04:37:18] Ep. 22 : Up. 508000 : Sen. 2,693,919 : Cost 37.99804688 : Time 457.92s : 17493.63 words/s
[2019-07-30 04:44:54] Ep. 22 : Up. 510000 : Sen. 3,043,697 : Cost 37.98429108 : Time 456.03s : 17526.02 words/s
[2019-07-30 04:52:30] Ep. 22 : Up. 512000 : Sen. 3,394,583 : Cost 38.19164658 : Time 456.05s : 17559.05 words/s
[2019-07-30 05:00:06] Ep. 22 : Up. 514000 : Sen. 3,744,230 : Cost 38.03237915 : Time 455.77s : 17508.12 words/s
[2019-07-30 05:07:42] Ep. 22 : Up. 516000 : Sen. 4,095,166 : Cost 38.23888397 : Time 455.73s : 17579.52 words/s
[2019-07-30 05:07:59] Seen 4107852 samples
[2019-07-30 05:07:59] Starting epoch 23
[2019-07-30 05:07:59] [data] Shuffling data
[2019-07-30 05:08:02] [data] Done reading 4754867 sentences
[2019-07-30 05:08:25] [data] Done shuffling 4754867 sentences to temp files
[2019-07-30 05:15:53] Ep. 23 : Up. 518000 : Sen. 337,248 : Cost 37.35672379 : Time 490.88s : 16319.08 words/s
[2019-07-30 05:23:30] Ep. 23 : Up. 520000 : Sen. 688,518 : Cost 37.24472427 : Time 456.89s : 17562.49 words/s
[2019-07-30 05:23:30] Saving model to ../experiments/100M_bicleaner_dcce_biced/model/model.npz.orig.npz
[2019-07-30 05:23:39] Saving model to ../experiments/100M_bicleaner_dcce_biced/model/model.iter520000.npz
[2019-07-30 05:23:46] Saving model to ../experiments/100M_bicleaner_dcce_biced/model/model.npz
[2019-07-30 05:23:56] Saving Adam parameters to ../experiments/100M_bicleaner_dcce_biced/model/model.npz.optimizer.npz
[2019-07-30 05:24:25] [valid] Ep. 23 : Up. 520000 : cross-entropy : 38.6616 : new best
[2019-07-30 05:24:31] [valid] Ep. 23 : Up. 520000 : perplexity : 4.58716 : new best
[2019-07-30 05:25:32] [valid] Ep. 23 : Up. 520000 : translation : 31.28 : stalled 1 times (last best: 31.38)
[2019-07-30 05:33:08] Ep. 23 : Up. 522000 : Sen. 1,038,602 : Cost 37.36374283 : Time 578.72s : 13793.17 words/s
[2019-07-30 05:40:44] Ep. 23 : Up. 524000 : Sen. 1,387,609 : Cost 37.73897552 : Time 455.50s : 17518.11 words/s
[2019-07-30 05:48:20] Ep. 23 : Up. 526000 : Sen. 1,738,468 : Cost 37.56203079 : Time 456.43s : 17531.16 words/s
[2019-07-30 05:55:56] Ep. 23 : Up. 528000 : Sen. 2,088,594 : Cost 37.78907776 : Time 455.58s : 17551.36 words/s
[2019-07-30 06:03:32] Ep. 23 : Up. 530000 : Sen. 2,438,939 : Cost 37.62341309 : Time 456.42s : 17529.34 words/s
[2019-07-30 06:11:09] Ep. 23 : Up. 532000 : Sen. 2,789,425 : Cost 37.77969742 : Time 456.31s : 17551.04 words/s
[2019-07-30 06:18:44] Ep. 23 : Up. 534000 : Sen. 3,138,805 : Cost 38.02473068 : Time 455.75s : 17508.94 words/s
[2019-07-30 06:26:21] Ep. 23 : Up. 536000 : Sen. 3,489,515 : Cost 37.99731445 : Time 456.48s : 17575.28 words/s
[2019-07-30 06:33:55] Ep. 23 : Up. 538000 : Sen. 3,838,323 : Cost 38.04688644 : Time 454.45s : 17521.33 words/s
[2019-07-30 06:39:47] Seen 4107852 samples
[2019-07-30 06:39:47] Starting epoch 24
[2019-07-30 06:39:47] [data] Shuffling data
[2019-07-30 06:39:51] [data] Done reading 4754867 sentences
[2019-07-30 06:40:10] [data] Done shuffling 4754867 sentences to temp files
[2019-07-30 06:42:11] Ep. 24 : Up. 540000 : Sen. 79,604 : Cost 37.81602859 : Time 495.44s : 16117.90 words/s
[2019-07-30 06:42:11] Saving model to ../experiments/100M_bicleaner_dcce_biced/model/model.npz.orig.npz
[2019-07-30 06:42:21] Saving model to ../experiments/100M_bicleaner_dcce_biced/model/model.iter540000.npz
[2019-07-30 06:42:29] Saving model to ../experiments/100M_bicleaner_dcce_biced/model/model.npz
[2019-07-30 06:42:47] Saving Adam parameters to ../experiments/100M_bicleaner_dcce_biced/model/model.npz.optimizer.npz
[2019-07-30 06:43:17] [valid] Ep. 24 : Up. 540000 : cross-entropy : 38.6219 : new best
[2019-07-30 06:43:24] [valid] Ep. 24 : Up. 540000 : perplexity : 4.57999 : new best
[2019-07-30 06:44:19] [valid] Ep. 24 : Up. 540000 : translation : 31.38 : stalled 2 times (last best: 31.38)
[2019-07-30 06:51:57] Ep. 24 : Up. 542000 : Sen. 431,098 : Cost 37.04416275 : Time 585.80s : 13696.03 words/s
[2019-07-30 06:59:32] Ep. 24 : Up. 544000 : Sen. 781,510 : Cost 37.23267746 : Time 455.79s : 17575.49 words/s
[2019-07-30 07:07:09] Ep. 24 : Up. 546000 : Sen. 1,132,451 : Cost 37.38799667 : Time 456.21s : 17599.63 words/s
[2019-07-30 07:14:43] Ep. 24 : Up. 548000 : Sen. 1,481,332 : Cost 37.31727982 : Time 454.39s : 17557.36 words/s
[2019-07-30 07:22:16] Ep. 24 : Up. 550000 : Sen. 1,831,055 : Cost 37.26989746 : Time 453.16s : 17598.49 words/s
[2019-07-30 07:29:50] Ep. 24 : Up. 552000 : Sen. 2,180,540 : Cost 37.63549805 : Time 454.23s : 17597.90 words/s
[2019-07-30 07:37:25] Ep. 24 : Up. 554000 : Sen. 2,530,993 : Cost 37.79291916 : Time 454.87s : 17581.05 words/s
[2019-07-30 07:45:00] Ep. 24 : Up. 556000 : Sen. 2,881,341 : Cost 37.59442139 : Time 455.19s : 17567.90 words/s
[2019-07-30 07:52:35] Ep. 24 : Up. 558000 : Sen. 3,231,213 : Cost 37.69932556 : Time 454.63s : 17579.33 words/s
[2019-07-30 08:00:10] Ep. 24 : Up. 560000 : Sen. 3,580,961 : Cost 37.55801773 : Time 454.40s : 17579.71 words/s
[2019-07-30 08:00:10] Saving model to ../experiments/100M_bicleaner_dcce_biced/model/model.npz.orig.npz
[2019-07-30 08:00:19] Saving model to ../experiments/100M_bicleaner_dcce_biced/model/model.iter560000.npz
[2019-07-30 08:00:26] Saving model to ../experiments/100M_bicleaner_dcce_biced/model/model.npz
[2019-07-30 08:00:37] Saving Adam parameters to ../experiments/100M_bicleaner_dcce_biced/model/model.npz.optimizer.npz
[2019-07-30 08:01:05] [valid] Ep. 24 : Up. 560000 : cross-entropy : 38.6226 : stalled 1 times (last best: 38.6219)
[2019-07-30 08:01:12] [valid] Ep. 24 : Up. 560000 : perplexity : 4.58012 : stalled 1 times (last best: 4.57999)
[2019-07-30 08:02:06] [valid] Ep. 24 : Up. 560000 : translation : 31.47 : new best
[2019-07-30 08:09:43] Ep. 24 : Up. 562000 : Sen. 3,930,710 : Cost 37.90076447 : Time 573.31s : 13921.29 words/s
[2019-07-30 08:13:34] Seen 4107852 samples
[2019-07-30 08:13:34] Starting epoch 25
[2019-07-30 08:13:34] [data] Shuffling data
[2019-07-30 08:13:37] [data] Done reading 4754867 sentences
[2019-07-30 08:13:55] [data] Done shuffling 4754867 sentences to temp files
[2019-07-30 08:17:49] Ep. 25 : Up. 564000 : Sen. 174,137 : Cost 37.67574310 : Time 486.57s : 16520.64 words/s
[2019-07-30 08:25:24] Ep. 25 : Up. 566000 : Sen. 523,910 : Cost 37.00752258 : Time 454.54s : 17571.90 words/s
[2019-07-30 08:33:00] Ep. 25 : Up. 568000 : Sen. 874,511 : Cost 37.43681717 : Time 456.07s : 17577.60 words/s
[2019-07-30 08:40:36] Ep. 25 : Up. 570000 : Sen. 1,226,009 : Cost 37.16701508 : Time 456.36s : 17592.35 words/s
[2019-07-30 08:48:12] Ep. 25 : Up. 572000 : Sen. 1,576,286 : Cost 37.44301224 : Time 455.28s : 17591.41 words/s
[2019-07-30 08:55:46] Ep. 25 : Up. 574000 : Sen. 1,925,515 : Cost 37.36385727 : Time 454.40s : 17581.81 words/s
[2019-07-30 09:03:21] Ep. 25 : Up. 576000 : Sen. 2,275,884 : Cost 37.47458267 : Time 454.54s : 17582.11 words/s
[2019-07-30 09:10:57] Ep. 25 : Up. 578000 : Sen. 2,626,446 : Cost 37.70719528 : Time 455.99s : 17570.32 words/s
[2019-07-30 09:18:32] Ep. 25 : Up. 580000 : Sen. 2,977,093 : Cost 37.55837250 : Time 454.96s : 17597.84 words/s
[2019-07-30 09:18:32] Saving model to ../experiments/100M_bicleaner_dcce_biced/model/model.npz.orig.npz
[2019-07-30 09:18:42] Saving model to ../experiments/100M_bicleaner_dcce_biced/model/model.iter580000.npz
[2019-07-30 09:18:49] Saving model to ../experiments/100M_bicleaner_dcce_biced/model/model.npz
[2019-07-30 09:18:59] Saving Adam parameters to ../experiments/100M_bicleaner_dcce_biced/model/model.npz.optimizer.npz
[2019-07-30 09:19:27] [valid] Ep. 25 : Up. 580000 : cross-entropy : 38.6104 : new best
[2019-07-30 09:19:34] [valid] Ep. 25 : Up. 580000 : perplexity : 4.57792 : new best
[2019-07-30 09:20:28] [valid] Ep. 25 : Up. 580000 : translation : 31.36 : stalled 1 times (last best: 31.47)
[2019-07-30 09:28:06] Ep. 25 : Up. 582000 : Sen. 3,326,740 : Cost 37.41163635 : Time 574.44s : 13914.61 words/s
[2019-07-30 09:35:41] Ep. 25 : Up. 584000 : Sen. 3,676,692 : Cost 37.37108994 : Time 454.64s : 17554.56 words/s
[2019-07-30 09:43:14] Ep. 25 : Up. 586000 : Sen. 4,025,864 : Cost 37.70629120 : Time 453.86s : 17576.82 words/s
[2019-07-30 09:45:01] Seen 4107852 samples
[2019-07-30 09:45:01] Starting epoch 26
[2019-07-30 09:45:01] [data] Shuffling data
[2019-07-30 09:45:04] [data] Done reading 4754867 sentences
[2019-07-30 09:45:30] [data] Done shuffling 4754867 sentences to temp files
[2019-07-30 09:51:23] Ep. 26 : Up. 588000 : Sen. 268,081 : Cost 37.02192307 : Time 488.89s : 16349.36 words/s
[2019-07-30 09:59:00] Ep. 26 : Up. 590000 : Sen. 619,498 : Cost 36.68742752 : Time 456.68s : 17566.01 words/s
[2019-07-30 10:06:34] Ep. 26 : Up. 592000 : Sen. 967,408 : Cost 37.13869476 : Time 454.28s : 17526.80 words/s
[2019-07-30 10:14:10] Ep. 26 : Up. 594000 : Sen. 1,317,698 : Cost 36.99457169 : Time 455.25s : 17551.87 words/s
[2019-07-30 10:21:45] Ep. 26 : Up. 596000 : Sen. 1,667,145 : Cost 37.25762939 : Time 455.70s : 17566.96 words/s
[2019-07-30 10:29:20] Ep. 26 : Up. 598000 : Sen. 2,016,961 : Cost 37.19741440 : Time 454.87s : 17560.69 words/s
[2019-07-30 10:36:56] Ep. 26 : Up. 600000 : Sen. 2,368,000 : Cost 37.33637238 : Time 455.57s : 17581.03 words/s
[2019-07-30 10:36:56] Saving model to ../experiments/100M_bicleaner_dcce_biced/model/model.npz.orig.npz
[2019-07-30 10:37:06] Saving model to ../experiments/100M_bicleaner_dcce_biced/model/model.iter600000.npz
[2019-07-30 10:37:15] Saving model to ../experiments/100M_bicleaner_dcce_biced/model/model.npz
[2019-07-30 10:37:25] Saving Adam parameters to ../experiments/100M_bicleaner_dcce_biced/model/model.npz.optimizer.npz
[2019-07-30 10:37:52] [valid] Ep. 26 : Up. 600000 : cross-entropy : 38.6287 : stalled 1 times (last best: 38.6104)
[2019-07-30 10:37:59] [valid] Ep. 26 : Up. 600000 : perplexity : 4.58123 : stalled 1 times (last best: 4.57792)
[2019-07-30 10:38:56] [valid] Ep. 26 : Up. 600000 : translation : 31.34 : stalled 2 times (last best: 31.47)
[2019-07-30 10:46:33] Ep. 26 : Up. 602000 : Sen. 2,718,553 : Cost 37.35947037 : Time 577.62s : 13855.06 words/s
[2019-07-30 10:54:08] Ep. 26 : Up. 604000 : Sen. 3,067,572 : Cost 37.46796417 : Time 454.33s : 17571.07 words/s
[2019-07-30 11:01:42] Ep. 26 : Up. 606000 : Sen. 3,416,264 : Cost 37.46094131 : Time 454.17s : 17549.41 words/s
[2019-07-30 11:09:16] Ep. 26 : Up. 608000 : Sen. 3,766,825 : Cost 37.46698380 : Time 454.63s : 17578.33 words/s
[2019-07-30 11:16:40] Seen 4107852 samples
[2019-07-30 11:16:40] Starting epoch 27
[2019-07-30 11:16:40] [data] Shuffling data
[2019-07-30 11:16:44] [data] Done reading 4754867 sentences
[2019-07-30 11:17:06] [data] Done shuffling 4754867 sentences to temp files
[2019-07-30 11:17:25] Ep. 27 : Up. 610000 : Sen. 9,051 : Cost 37.71143723 : Time 488.84s : 16374.94 words/s
[2019-07-30 11:25:00] Ep. 27 : Up. 612000 : Sen. 359,026 : Cost 36.79351044 : Time 454.65s : 17570.33 words/s
[2019-07-30 11:32:35] Ep. 27 : Up. 614000 : Sen. 709,600 : Cost 36.71733093 : Time 455.35s : 17567.13 words/s
[2019-07-30 11:40:12] Ep. 27 : Up. 616000 : Sen. 1,060,690 : Cost 36.84430695 : Time 456.89s : 17564.09 words/s
[2019-07-30 11:47:49] Ep. 27 : Up. 618000 : Sen. 1,411,456 : Cost 36.73756409 : Time 456.28s : 17526.48 words/s
[2019-07-30 11:55:25] Ep. 27 : Up. 620000 : Sen. 1,762,303 : Cost 37.04113388 : Time 456.29s : 17587.13 words/s
[2019-07-30 11:55:25] Saving model to ../experiments/100M_bicleaner_dcce_biced/model/model.npz.orig.npz
[2019-07-30 11:55:34] Saving model to ../experiments/100M_bicleaner_dcce_biced/model/model.iter620000.npz
[2019-07-30 11:55:42] Saving model to ../experiments/100M_bicleaner_dcce_biced/model/model.npz
[2019-07-30 11:55:52] Saving Adam parameters to ../experiments/100M_bicleaner_dcce_biced/model/model.npz.optimizer.npz
[2019-07-30 11:56:20] [valid] Ep. 27 : Up. 620000 : cross-entropy : 38.6044 : new best
[2019-07-30 11:56:26] [valid] Ep. 27 : Up. 620000 : perplexity : 4.57684 : new best
[2019-07-30 11:57:21] [valid] Ep. 27 : Up. 620000 : translation : 31.45 : stalled 3 times (last best: 31.47)
[2019-07-30 12:05:00] Ep. 27 : Up. 622000 : Sen. 2,114,118 : Cost 37.22013092 : Time 575.43s : 13964.87 words/s
[2019-07-30 12:12:36] Ep. 27 : Up. 624000 : Sen. 2,464,711 : Cost 37.05763626 : Time 455.31s : 17551.89 words/s
[2019-07-30 12:20:11] Ep. 27 : Up. 626000 : Sen. 2,814,292 : Cost 37.52337646 : Time 455.57s : 17572.08 words/s
[2019-07-30 12:27:47] Ep. 27 : Up. 628000 : Sen. 3,165,272 : Cost 37.47808838 : Time 455.41s : 17610.83 words/s
[2019-07-30 12:35:22] Ep. 27 : Up. 630000 : Sen. 3,516,527 : Cost 37.38922882 : Time 455.18s : 17631.24 words/s
[2019-07-30 12:42:55] Ep. 27 : Up. 632000 : Sen. 3,865,962 : Cost 37.66259766 : Time 453.60s : 17624.11 words/s
[2019-07-30 12:48:08] Seen 4107852 samples
[2019-07-30 12:48:08] Starting epoch 28
[2019-07-30 12:48:08] [data] Shuffling data
[2019-07-30 12:48:12] [data] Done reading 4754867 sentences
[2019-07-30 12:48:33] [data] Done shuffling 4754867 sentences to temp files
[2019-07-30 12:51:02] Ep. 28 : Up. 634000 : Sen. 109,149 : Cost 37.21334839 : Time 486.64s : 16461.73 words/s
[2019-07-30 12:58:36] Ep. 28 : Up. 636000 : Sen. 457,733 : Cost 36.61693192 : Time 454.03s : 17564.28 words/s
[2019-07-30 13:06:10] Ep. 28 : Up. 638000 : Sen. 807,451 : Cost 36.82228470 : Time 453.86s : 17632.13 words/s
[2019-07-30 13:13:45] Ep. 28 : Up. 640000 : Sen. 1,158,226 : Cost 36.83272552 : Time 454.96s : 17609.41 words/s
[2019-07-30 13:13:45] Saving model to ../experiments/100M_bicleaner_dcce_biced/model/model.npz.orig.npz
[2019-07-30 13:13:54] Saving model to ../experiments/100M_bicleaner_dcce_biced/model/model.iter640000.npz
[2019-07-30 13:14:01] Saving model to ../experiments/100M_bicleaner_dcce_biced/model/model.npz
[2019-07-30 13:14:11] Saving Adam parameters to ../experiments/100M_bicleaner_dcce_biced/model/model.npz.optimizer.npz
[2019-07-30 13:14:38] [valid] Ep. 28 : Up. 640000 : cross-entropy : 38.5596 : new best
[2019-07-30 13:14:44] [valid] Ep. 28 : Up. 640000 : perplexity : 4.56876 : new best
[2019-07-30 13:15:37] [valid] Ep. 28 : Up. 640000 : translation : 31.47 : stalled 4 times (last best: 31.47)
[2019-07-30 13:23:13] Ep. 28 : Up. 642000 : Sen. 1,507,907 : Cost 37.10230637 : Time 568.23s : 14072.96 words/s
[2019-07-30 13:30:46] Ep. 28 : Up. 644000 : Sen. 1,856,702 : Cost 36.96739578 : Time 452.84s : 17593.39 words/s
[2019-07-30 13:38:19] Ep. 28 : Up. 646000 : Sen. 2,206,950 : Cost 37.17980576 : Time 452.86s : 17634.35 words/s
[2019-07-30 13:45:53] Ep. 28 : Up. 648000 : Sen. 2,557,707 : Cost 37.10819244 : Time 454.23s : 17626.87 words/s
[2019-07-30 13:53:28] Ep. 28 : Up. 650000 : Sen. 2,908,696 : Cost 37.23332977 : Time 455.15s : 17617.32 words/s
[2019-07-30 14:01:02] Ep. 28 : Up. 652000 : Sen. 3,259,139 : Cost 37.13402939 : Time 454.21s : 17619.61 words/s
[2019-07-30 14:08:36] Ep. 28 : Up. 654000 : Sen. 3,609,294 : Cost 37.51800156 : Time 453.64s : 17633.02 words/s
[2019-07-30 14:16:08] Ep. 28 : Up. 656000 : Sen. 3,958,318 : Cost 37.28464127 : Time 451.53s : 17624.95 words/s
[2019-07-30 14:19:22] Seen 4107852 samples
[2019-07-30 14:19:22] Starting epoch 29
[2019-07-30 14:19:22] [data] Shuffling data
[2019-07-30 14:19:25] [data] Done reading 4754867 sentences
[2019-07-30 14:19:48] [data] Done shuffling 4754867 sentences to temp files
[2019-07-30 14:24:14] Ep. 29 : Up. 658000 : Sen. 200,523 : Cost 36.89517593 : Time 486.77s : 16475.54 words/s
[2019-07-30 14:31:48] Ep. 29 : Up. 660000 : Sen. 551,388 : Cost 36.47041321 : Time 454.08s : 17627.66 words/s
[2019-07-30 14:31:48] Saving model to ../experiments/100M_bicleaner_dcce_biced/model/model.npz.orig.npz
[2019-07-30 14:31:58] Saving model to ../experiments/100M_bicleaner_dcce_biced/model/model.iter660000.npz
[2019-07-30 14:32:06] Saving model to ../experiments/100M_bicleaner_dcce_biced/model/model.npz
[2019-07-30 14:32:16] Saving Adam parameters to ../experiments/100M_bicleaner_dcce_biced/model/model.npz.optimizer.npz
[2019-07-30 14:32:45] [valid] Ep. 29 : Up. 660000 : cross-entropy : 38.4981 : new best
[2019-07-30 14:32:51] [valid] Ep. 29 : Up. 660000 : perplexity : 4.5577 : new best
[2019-07-30 14:33:45] [valid] Ep. 29 : Up. 660000 : translation : 31.46 : stalled 5 times (last best: 31.47)
[2019-07-30 14:41:22] Ep. 29 : Up. 662000 : Sen. 901,515 : Cost 36.94754028 : Time 573.76s : 13956.16 words/s
[2019-07-30 14:48:57] Ep. 29 : Up. 664000 : Sen. 1,251,126 : Cost 36.67971039 : Time 454.89s : 17571.69 words/s
[2019-07-30 14:56:32] Ep. 29 : Up. 666000 : Sen. 1,601,558 : Cost 36.99716568 : Time 455.40s : 17596.22 words/s
[2019-07-30 15:04:08] Ep. 29 : Up. 668000 : Sen. 1,952,539 : Cost 36.82197189 : Time 455.25s : 17594.47 words/s
[2019-07-30 15:11:43] Ep. 29 : Up. 670000 : Sen. 2,303,068 : Cost 36.94651031 : Time 455.09s : 17584.18 words/s
[2019-07-30 15:19:17] Ep. 29 : Up. 672000 : Sen. 2,652,255 : Cost 37.02216339 : Time 453.99s : 17563.91 words/s
[2019-07-30 15:26:52] Ep. 29 : Up. 674000 : Sen. 3,002,894 : Cost 37.22400284 : Time 455.28s : 17593.24 words/s
[2019-07-30 15:34:28] Ep. 29 : Up. 676000 : Sen. 3,354,312 : Cost 37.22693634 : Time 455.86s : 17590.24 words/s
[2019-07-30 15:42:02] Ep. 29 : Up. 678000 : Sen. 3,705,072 : Cost 37.13023758 : Time 454.51s : 17609.61 words/s
[2019-07-30 15:49:38] Ep. 29 : Up. 680000 : Sen. 4,054,996 : Cost 37.40446472 : Time 455.23s : 17580.64 words/s
[2019-07-30 15:49:38] Saving model to ../experiments/100M_bicleaner_dcce_biced/model/model.npz.orig.npz
[2019-07-30 15:49:48] Saving model to ../experiments/100M_bicleaner_dcce_biced/model/model.iter680000.npz
[2019-07-30 15:49:55] Saving model to ../experiments/100M_bicleaner_dcce_biced/model/model.npz
[2019-07-30 15:50:06] Saving Adam parameters to ../experiments/100M_bicleaner_dcce_biced/model/model.npz.optimizer.npz
[2019-07-30 15:50:34] [valid] Ep. 29 : Up. 680000 : cross-entropy : 38.4943 : new best
[2019-07-30 15:50:40] [valid] Ep. 29 : Up. 680000 : perplexity : 4.55702 : new best
[2019-07-30 15:51:35] [valid] Ep. 29 : Up. 680000 : translation : 31.52 : new best
[2019-07-30 15:52:45] Seen 4107852 samples
[2019-07-30 15:52:45] Starting epoch 30
[2019-07-30 15:52:45] [data] Shuffling data
[2019-07-30 15:52:48] [data] Done reading 4754867 sentences
[2019-07-30 15:53:14] [data] Done shuffling 4754867 sentences to temp files
[2019-07-30 15:59:49] Ep. 30 : Up. 682000 : Sen. 297,565 : Cost 36.26256943 : Time 611.10s : 13074.57 words/s
[2019-07-30 16:07:23] Ep. 30 : Up. 684000 : Sen. 646,860 : Cost 36.57637787 : Time 454.32s : 17577.03 words/s
[2019-07-30 16:14:56] Ep. 30 : Up. 686000 : Sen. 995,873 : Cost 36.48692703 : Time 453.25s : 17582.19 words/s
[2019-07-30 16:22:32] Ep. 30 : Up. 688000 : Sen. 1,346,298 : Cost 36.69636536 : Time 455.19s : 17606.08 words/s
[2019-07-30 16:30:07] Ep. 30 : Up. 690000 : Sen. 1,696,132 : Cost 36.72248077 : Time 454.94s : 17581.39 words/s
[2019-07-30 16:37:41] Ep. 30 : Up. 692000 : Sen. 2,046,476 : Cost 36.80872726 : Time 454.03s : 17600.62 words/s
[2019-07-30 16:45:17] Ep. 30 : Up. 694000 : Sen. 2,397,990 : Cost 36.88984680 : Time 456.22s : 17604.02 words/s
[2019-07-30 16:52:51] Ep. 30 : Up. 696000 : Sen. 2,747,433 : Cost 36.99022293 : Time 453.82s : 17563.56 words/s
[2019-07-30 17:00:27] Ep. 30 : Up. 698000 : Sen. 3,097,732 : Cost 37.07624817 : Time 455.96s : 17593.28 words/s
[2019-07-30 17:08:02] Ep. 30 : Up. 700000 : Sen. 3,448,008 : Cost 36.99366379 : Time 454.99s : 17571.32 words/s
[2019-07-30 17:08:02] Saving model to ../experiments/100M_bicleaner_dcce_biced/model/model.npz.orig.npz
[2019-07-30 17:08:11] Saving model to ../experiments/100M_bicleaner_dcce_biced/model/model.iter700000.npz
[2019-07-30 17:08:18] Saving model to ../experiments/100M_bicleaner_dcce_biced/model/model.npz
[2019-07-30 17:08:29] Saving Adam parameters to ../experiments/100M_bicleaner_dcce_biced/model/model.npz.optimizer.npz
[2019-07-30 17:08:56] [valid] Ep. 30 : Up. 700000 : cross-entropy : 38.5222 : stalled 1 times (last best: 38.4943)
[2019-07-30 17:09:03] [valid] Ep. 30 : Up. 700000 : perplexity : 4.56205 : stalled 1 times (last best: 4.55702)
[2019-07-30 17:09:57] [valid] Ep. 30 : Up. 700000 : translation : 31.48 : stalled 1 times (last best: 31.52)
[2019-07-30 17:17:33] Ep. 30 : Up. 702000 : Sen. 3,797,711 : Cost 37.18133545 : Time 571.40s : 13977.00 words/s
[2019-07-30 17:24:17] Seen 4107852 samples
[2019-07-30 17:24:17] Starting epoch 31
[2019-07-30 17:24:17] [data] Shuffling data
[2019-07-30 17:24:20] [data] Done reading 4754867 sentences
[2019-07-30 17:24:44] [data] Done shuffling 4754867 sentences to temp files
[2019-07-30 17:25:43] Ep. 31 : Up. 704000 : Sen. 38,664 : Cost 37.16632843 : Time 489.75s : 16297.14 words/s
[2019-07-30 17:33:16] Ep. 31 : Up. 706000 : Sen. 388,800 : Cost 36.01996613 : Time 453.43s : 17599.91 words/s
[2019-07-30 17:40:52] Ep. 31 : Up. 708000 : Sen. 738,176 : Cost 36.60234833 : Time 455.71s : 17555.49 words/s
[2019-07-30 17:48:26] Ep. 31 : Up. 710000 : Sen. 1,087,868 : Cost 36.40872574 : Time 454.29s : 17575.73 words/s
[2019-07-30 17:56:01] Ep. 31 : Up. 712000 : Sen. 1,437,474 : Cost 36.69018555 : Time 454.98s : 17553.62 words/s
[2019-07-30 18:03:36] Ep. 31 : Up. 714000 : Sen. 1,786,672 : Cost 36.82489395 : Time 454.68s : 17544.85 words/s
[2019-07-30 18:11:11] Ep. 31 : Up. 716000 : Sen. 2,136,548 : Cost 36.66735840 : Time 455.43s : 17552.19 words/s
[2019-07-30 18:18:46] Ep. 31 : Up. 718000 : Sen. 2,487,885 : Cost 36.78297043 : Time 455.00s : 17617.49 words/s
[2019-07-30 18:26:21] Ep. 31 : Up. 720000 : Sen. 2,837,791 : Cost 36.81007004 : Time 454.36s : 17594.50 words/s
[2019-07-30 18:26:21] Saving model to ../experiments/100M_bicleaner_dcce_biced/model/model.npz.orig.npz
[2019-07-30 18:26:31] Saving model to ../experiments/100M_bicleaner_dcce_biced/model/model.iter720000.npz
[2019-07-30 18:26:38] Saving model to ../experiments/100M_bicleaner_dcce_biced/model/model.npz
[2019-07-30 18:26:49] Saving Adam parameters to ../experiments/100M_bicleaner_dcce_biced/model/model.npz.optimizer.npz
[2019-07-30 18:27:18] [valid] Ep. 31 : Up. 720000 : cross-entropy : 38.5172 : stalled 2 times (last best: 38.4943)
[2019-07-30 18:27:24] [valid] Ep. 31 : Up. 720000 : perplexity : 4.56113 : stalled 2 times (last best: 4.55702)
[2019-07-30 18:28:18] [valid] Ep. 31 : Up. 720000 : translation : 31.54 : new best
[2019-07-30 18:35:56] Ep. 31 : Up. 722000 : Sen. 3,189,115 : Cost 36.86427689 : Time 575.59s : 13927.28 words/s
[2019-07-30 18:43:31] Ep. 31 : Up. 724000 : Sen. 3,539,349 : Cost 37.05606842 : Time 455.01s : 17603.91 words/s
[2019-07-30 18:51:06] Ep. 31 : Up. 726000 : Sen. 3,888,724 : Cost 37.16196823 : Time 454.43s : 17585.33 words/s
[2019-07-30 18:55:51] Seen 4107852 samples
[2019-07-30 18:55:51] Starting epoch 32
[2019-07-30 18:55:51] [data] Shuffling data
[2019-07-30 18:55:54] [data] Done reading 4754867 sentences
[2019-07-30 18:56:21] [data] Done shuffling 4754867 sentences to temp files
[2019-07-30 18:59:10] Ep. 32 : Up. 728000 : Sen. 129,742 : Cost 36.54579544 : Time 484.74s : 16416.25 words/s
[2019-07-30 19:06:45] Ep. 32 : Up. 730000 : Sen. 480,000 : Cost 36.37046051 : Time 454.41s : 17629.71 words/s
[2019-07-30 19:14:18] Ep. 32 : Up. 732000 : Sen. 830,706 : Cost 36.31907654 : Time 453.26s : 17646.83 words/s
[2019-07-30 19:21:52] Ep. 32 : Up. 734000 : Sen. 1,180,863 : Cost 36.32014084 : Time 454.33s : 17598.54 words/s
[2019-07-30 19:29:25] Ep. 32 : Up. 736000 : Sen. 1,529,962 : Cost 36.66038132 : Time 452.91s : 17614.67 words/s
[2019-07-30 19:36:59] Ep. 32 : Up. 738000 : Sen. 1,879,419 : Cost 36.64715958 : Time 453.85s : 17608.62 words/s
[2019-07-30 19:44:34] Ep. 32 : Up. 740000 : Sen. 2,230,072 : Cost 36.56211853 : Time 455.26s : 17599.39 words/s
[2019-07-30 19:44:34] Saving model to ../experiments/100M_bicleaner_dcce_biced/model/model.npz.orig.npz
[2019-07-30 19:44:45] Saving model to ../experiments/100M_bicleaner_dcce_biced/model/model.iter740000.npz
[2019-07-30 19:44:52] Saving model to ../experiments/100M_bicleaner_dcce_biced/model/model.npz
[2019-07-30 19:45:02] Saving Adam parameters to ../experiments/100M_bicleaner_dcce_biced/model/model.npz.optimizer.npz
[2019-07-30 19:45:29] [valid] Ep. 32 : Up. 740000 : cross-entropy : 38.5097 : stalled 3 times (last best: 38.4943)
[2019-07-30 19:45:35] [valid] Ep. 32 : Up. 740000 : perplexity : 4.5598 : stalled 3 times (last best: 4.55702)
[2019-07-30 19:46:30] [valid] Ep. 32 : Up. 740000 : translation : 31.49 : stalled 1 times (last best: 31.54)
[2019-07-30 19:54:05] Ep. 32 : Up. 742000 : Sen. 2,580,177 : Cost 36.61107254 : Time 571.09s : 13981.34 words/s
[2019-07-30 20:01:39] Ep. 32 : Up. 744000 : Sen. 2,929,359 : Cost 36.68478775 : Time 453.15s : 17647.89 words/s
[2019-07-30 20:09:14] Ep. 32 : Up. 746000 : Sen. 3,280,696 : Cost 36.89462662 : Time 455.05s : 17632.57 words/s
[2019-07-30 20:16:49] Ep. 32 : Up. 748000 : Sen. 3,632,195 : Cost 36.80773544 : Time 455.08s : 17604.82 words/s
[2019-07-30 20:24:24] Ep. 32 : Up. 750000 : Sen. 3,982,157 : Cost 36.95422745 : Time 454.90s : 17596.03 words/s
[2019-07-30 20:27:07] Seen 4107852 samples
[2019-07-30 20:27:07] Starting epoch 33
[2019-07-30 20:27:07] [data] Shuffling data
[2019-07-30 20:27:11] [data] Done reading 4754867 sentences
[2019-07-30 20:27:33] [data] Done shuffling 4754867 sentences to temp files
[2019-07-30 20:32:32] Ep. 33 : Up. 752000 : Sen. 223,770 : Cost 36.40809631 : Time 487.92s : 16358.01 words/s
[2019-07-30 20:40:05] Ep. 33 : Up. 754000 : Sen. 572,882 : Cost 36.22703934 : Time 453.07s : 17581.43 words/s
[2019-07-30 20:47:40] Ep. 33 : Up. 756000 : Sen. 922,771 : Cost 36.27432251 : Time 455.21s : 17571.96 words/s
[2019-07-30 20:55:16] Ep. 33 : Up. 758000 : Sen. 1,273,962 : Cost 36.35950089 : Time 455.79s : 17579.60 words/s
[2019-07-30 21:02:50] Ep. 33 : Up. 760000 : Sen. 1,624,026 : Cost 36.49880219 : Time 454.20s : 17609.59 words/s
[2019-07-30 21:02:50] Saving model to ../experiments/100M_bicleaner_dcce_biced/model/model.npz.orig.npz
[2019-07-30 21:02:59] Saving model to ../experiments/100M_bicleaner_dcce_biced/model/model.iter760000.npz
[2019-07-30 21:03:06] Saving model to ../experiments/100M_bicleaner_dcce_biced/model/model.npz
[2019-07-30 21:03:17] Saving Adam parameters to ../experiments/100M_bicleaner_dcce_biced/model/model.npz.optimizer.npz
[2019-07-30 21:03:45] [valid] Ep. 33 : Up. 760000 : cross-entropy : 38.5142 : stalled 4 times (last best: 38.4943)
[2019-07-30 21:03:51] [valid] Ep. 33 : Up. 760000 : perplexity : 4.56061 : stalled 4 times (last best: 4.55702)
[2019-07-30 21:04:46] [valid] Ep. 33 : Up. 760000 : translation : 31.36 : stalled 2 times (last best: 31.54)
[2019-07-30 21:12:21] Ep. 33 : Up. 762000 : Sen. 1,973,618 : Cost 36.52635956 : Time 571.48s : 13979.09 words/s
[2019-07-30 21:19:57] Ep. 33 : Up. 764000 : Sen. 2,324,412 : Cost 36.64358521 : Time 455.76s : 17604.12 words/s
[2019-07-30 21:27:32] Ep. 33 : Up. 766000 : Sen. 2,675,068 : Cost 36.68241501 : Time 454.74s : 17612.99 words/s
[2019-07-30 21:35:06] Ep. 33 : Up. 768000 : Sen. 3,025,875 : Cost 36.74131012 : Time 454.19s : 17646.20 words/s
[2019-07-30 21:42:39] Ep. 33 : Up. 770000 : Sen. 3,375,461 : Cost 36.75138474 : Time 453.46s : 17616.55 words/s
[2019-07-30 21:50:13] Ep. 33 : Up. 772000 : Sen. 3,724,452 : Cost 36.95176697 : Time 453.62s : 17583.33 words/s
[2019-07-30 21:57:46] Ep. 33 : Up. 774000 : Sen. 4,074,544 : Cost 36.82721329 : Time 453.19s : 17644.45 words/s
[2019-07-30 21:58:29] Seen 4107852 samples
[2019-07-30 21:58:29] Starting epoch 34
[2019-07-30 21:58:29] [data] Shuffling data
[2019-07-30 21:58:33] [data] Done reading 4754867 sentences
[2019-07-30 21:58:56] [data] Done shuffling 4754867 sentences to temp files
[2019-07-30 22:05:57] Ep. 34 : Up. 776000 : Sen. 317,333 : Cost 36.05172729 : Time 490.88s : 16331.33 words/s
[2019-07-30 22:13:32] Ep. 34 : Up. 778000 : Sen. 667,867 : Cost 36.12503052 : Time 454.56s : 17602.26 words/s
[2019-07-30 22:21:05] Ep. 34 : Up. 780000 : Sen. 1,018,094 : Cost 36.30169678 : Time 453.50s : 17626.19 words/s
[2019-07-30 22:21:05] Saving model to ../experiments/100M_bicleaner_dcce_biced/model/model.npz.orig.npz
[2019-07-30 22:21:15] Saving model to ../experiments/100M_bicleaner_dcce_biced/model/model.iter780000.npz
[2019-07-30 22:21:22] Saving model to ../experiments/100M_bicleaner_dcce_biced/model/model.npz
[2019-07-30 22:21:32] Saving Adam parameters to ../experiments/100M_bicleaner_dcce_biced/model/model.npz.optimizer.npz
[2019-07-30 22:22:05] [valid] Ep. 34 : Up. 780000 : cross-entropy : 38.518 : stalled 5 times (last best: 38.4943)
[2019-07-30 22:22:11] [valid] Ep. 34 : Up. 780000 : perplexity : 4.56128 : stalled 5 times (last best: 4.55702)
[2019-07-30 22:23:05] [valid] Ep. 34 : Up. 780000 : translation : 31.34 : stalled 3 times (last best: 31.54)
[2019-07-30 22:23:07] Training finished
[2019-07-30 22:23:12] Saving model to ../experiments/100M_bicleaner_dcce_biced/model/model.npz.orig.npz
[2019-07-30 22:23:22] Saving model to ../experiments/100M_bicleaner_dcce_biced/model/model.npz
[2019-07-30 22:23:33] Saving Adam parameters to ../experiments/100M_bicleaner_dcce_biced/model/model.npz.optimizer.npz
