[2019-07-17 23:51:18] [marian] Marian v1.7.8 ec2d66e 2019-05-27 14:52:11 +0100
[2019-07-17 23:51:18] [marian] Running on zisa as process 27301 with command line:
[2019-07-17 23:51:18] [marian] /fs/bil0/abdel/marian-dev/build/marian --sync-sgd --model ../experiments/100M_fasttext_prob_x_len_+_biced_0.25_x_bic1.1/model/model.npz -T . --devices 2 --train-sets ../experiments/100M_fasttext_prob_x_len_+_biced_0.25_x_bic1.1/data/train.bpe.de ../experiments/100M_fasttext_prob_x_len_+_biced_0.25_x_bic1.1/data/train.bpe.en --vocabs ../experiments/100M_fasttext_prob_x_len_+_biced_0.25_x_bic1.1/data/train.bpe.de.json ../experiments/100M_fasttext_prob_x_len_+_biced_0.25_x_bic1.1/data/train.bpe.en.json --mini-batch-fit -w 5000 --dim-vocabs 50000 50000 --layer-normalization --dropout-rnn 0.2 --dropout-src 0.1 --dropout-trg 0.1 --learn-rate 0.0001 --after-epochs 0 --early-stopping 5 --valid-freq 20000 --save-freq 20000 --disp-freq 2000 --valid-mini-batch 8 --valid-sets ../experiments/100M_fasttext_prob_x_len_+_biced_0.25_x_bic1.1/data/dev.bpe.de ../experiments/100M_fasttext_prob_x_len_+_biced_0.25_x_bic1.1/data/dev.bpe.en --valid-metrics cross-entropy perplexity translation --valid-translation-output ../experiments/100M_fasttext_prob_x_len_+_biced_0.25_x_bic1.1/model/dev.out --valid-script-path ../experiments/100M_fasttext_prob_x_len_+_biced_0.25_x_bic1.1/score-dev.sh --seed 1111 --exponential-smoothing --normalize=1 --beam-size=12 --quiet-translation --log ../experiments/100M_fasttext_prob_x_len_+_biced_0.25_x_bic1.1/model/train.log --valid-log ../experiments/100M_fasttext_prob_x_len_+_biced_0.25_x_bic1.1/model/valid.log
[2019-07-17 23:51:18] [config] after-batches: 0
[2019-07-17 23:51:18] [config] after-epochs: 0
[2019-07-17 23:51:18] [config] allow-unk: false
[2019-07-17 23:51:18] [config] beam-size: 12
[2019-07-17 23:51:18] [config] bert-class-symbol: "[CLS]"
[2019-07-17 23:51:18] [config] bert-mask-symbol: "[MASK]"
[2019-07-17 23:51:18] [config] bert-masking-fraction: 0.15
[2019-07-17 23:51:18] [config] bert-sep-symbol: "[SEP]"
[2019-07-17 23:51:18] [config] bert-train-type-embeddings: true
[2019-07-17 23:51:18] [config] bert-type-vocab-size: 2
[2019-07-17 23:51:18] [config] best-deep: false
[2019-07-17 23:51:18] [config] clip-gemm: 0
[2019-07-17 23:51:18] [config] clip-norm: 1
[2019-07-17 23:51:18] [config] cost-type: ce-mean
[2019-07-17 23:51:18] [config] cpu-threads: 0
[2019-07-17 23:51:18] [config] data-weighting: ""
[2019-07-17 23:51:18] [config] data-weighting-type: sentence
[2019-07-17 23:51:18] [config] dec-cell: gru
[2019-07-17 23:51:18] [config] dec-cell-base-depth: 2
[2019-07-17 23:51:18] [config] dec-cell-high-depth: 1
[2019-07-17 23:51:18] [config] dec-depth: 1
[2019-07-17 23:51:18] [config] devices:
[2019-07-17 23:51:18] [config]   - 2
[2019-07-17 23:51:18] [config] dim-emb: 512
[2019-07-17 23:51:18] [config] dim-rnn: 1024
[2019-07-17 23:51:18] [config] dim-vocabs:
[2019-07-17 23:51:18] [config]   - 50000
[2019-07-17 23:51:18] [config]   - 50000
[2019-07-17 23:51:18] [config] disp-first: 0
[2019-07-17 23:51:18] [config] disp-freq: 2000
[2019-07-17 23:51:18] [config] disp-label-counts: false
[2019-07-17 23:51:18] [config] dropout-rnn: 0.2
[2019-07-17 23:51:18] [config] dropout-src: 0.1
[2019-07-17 23:51:18] [config] dropout-trg: 0.1
[2019-07-17 23:51:18] [config] dump-config: ""
[2019-07-17 23:51:18] [config] early-stopping: 5
[2019-07-17 23:51:18] [config] embedding-fix-src: false
[2019-07-17 23:51:18] [config] embedding-fix-trg: false
[2019-07-17 23:51:18] [config] embedding-normalization: false
[2019-07-17 23:51:18] [config] embedding-vectors:
[2019-07-17 23:51:18] [config]   []
[2019-07-17 23:51:18] [config] enc-cell: gru
[2019-07-17 23:51:18] [config] enc-cell-depth: 1
[2019-07-17 23:51:18] [config] enc-depth: 1
[2019-07-17 23:51:18] [config] enc-type: bidirectional
[2019-07-17 23:51:18] [config] exponential-smoothing: 0.0001
[2019-07-17 23:51:18] [config] grad-dropping-momentum: 0
[2019-07-17 23:51:18] [config] grad-dropping-rate: 0
[2019-07-17 23:51:18] [config] grad-dropping-warmup: 100
[2019-07-17 23:51:18] [config] guided-alignment: none
[2019-07-17 23:51:18] [config] guided-alignment-cost: mse
[2019-07-17 23:51:18] [config] guided-alignment-weight: 0.1
[2019-07-17 23:51:18] [config] ignore-model-config: false
[2019-07-17 23:51:18] [config] input-types:
[2019-07-17 23:51:18] [config]   []
[2019-07-17 23:51:18] [config] interpolate-env-vars: false
[2019-07-17 23:51:18] [config] keep-best: false
[2019-07-17 23:51:18] [config] label-smoothing: 0
[2019-07-17 23:51:18] [config] layer-normalization: true
[2019-07-17 23:51:18] [config] learn-rate: 0.0001
[2019-07-17 23:51:18] [config] log: ../experiments/100M_fasttext_prob_x_len_+_biced_0.25_x_bic1.1/model/train.log
[2019-07-17 23:51:18] [config] log-level: info
[2019-07-17 23:51:18] [config] log-time-zone: ""
[2019-07-17 23:51:18] [config] lr-decay: 0
[2019-07-17 23:51:18] [config] lr-decay-freq: 50000
[2019-07-17 23:51:18] [config] lr-decay-inv-sqrt:
[2019-07-17 23:51:18] [config]   - 0
[2019-07-17 23:51:18] [config] lr-decay-repeat-warmup: false
[2019-07-17 23:51:18] [config] lr-decay-reset-optimizer: false
[2019-07-17 23:51:18] [config] lr-decay-start:
[2019-07-17 23:51:18] [config]   - 10
[2019-07-17 23:51:18] [config]   - 1
[2019-07-17 23:51:18] [config] lr-decay-strategy: epoch+stalled
[2019-07-17 23:51:18] [config] lr-report: false
[2019-07-17 23:51:18] [config] lr-warmup: 0
[2019-07-17 23:51:18] [config] lr-warmup-at-reload: false
[2019-07-17 23:51:18] [config] lr-warmup-cycle: false
[2019-07-17 23:51:18] [config] lr-warmup-start-rate: 0
[2019-07-17 23:51:18] [config] max-length: 50
[2019-07-17 23:51:18] [config] max-length-crop: false
[2019-07-17 23:51:18] [config] max-length-factor: 3
[2019-07-17 23:51:18] [config] maxi-batch: 100
[2019-07-17 23:51:18] [config] maxi-batch-sort: trg
[2019-07-17 23:51:18] [config] mini-batch: 64
[2019-07-17 23:51:18] [config] mini-batch-fit: true
[2019-07-17 23:51:18] [config] mini-batch-fit-step: 10
[2019-07-17 23:51:18] [config] mini-batch-overstuff: 1
[2019-07-17 23:51:18] [config] mini-batch-track-lr: false
[2019-07-17 23:51:18] [config] mini-batch-understuff: 1
[2019-07-17 23:51:18] [config] mini-batch-warmup: 0
[2019-07-17 23:51:18] [config] mini-batch-words: 0
[2019-07-17 23:51:18] [config] mini-batch-words-ref: 0
[2019-07-17 23:51:18] [config] model: ../experiments/100M_fasttext_prob_x_len_+_biced_0.25_x_bic1.1/model/model.npz
[2019-07-17 23:51:18] [config] multi-loss-type: sum
[2019-07-17 23:51:18] [config] multi-node: false
[2019-07-17 23:51:18] [config] multi-node-overlap: true
[2019-07-17 23:51:18] [config] n-best: false
[2019-07-17 23:51:18] [config] no-nccl: false
[2019-07-17 23:51:18] [config] no-reload: false
[2019-07-17 23:51:18] [config] no-restore-corpus: false
[2019-07-17 23:51:18] [config] no-shuffle: false
[2019-07-17 23:51:18] [config] normalize: 1
[2019-07-17 23:51:18] [config] num-devices: 0
[2019-07-17 23:51:18] [config] optimizer: adam
[2019-07-17 23:51:18] [config] optimizer-delay: 1
[2019-07-17 23:51:18] [config] optimizer-params:
[2019-07-17 23:51:18] [config]   []
[2019-07-17 23:51:18] [config] overwrite: false
[2019-07-17 23:51:18] [config] pretrained-model: ""
[2019-07-17 23:51:18] [config] quiet: false
[2019-07-17 23:51:18] [config] quiet-translation: true
[2019-07-17 23:51:18] [config] relative-paths: false
[2019-07-17 23:51:18] [config] right-left: false
[2019-07-17 23:51:18] [config] save-freq: 20000
[2019-07-17 23:51:18] [config] seed: 1111
[2019-07-17 23:51:18] [config] shuffle-in-ram: false
[2019-07-17 23:51:18] [config] skip: false
[2019-07-17 23:51:18] [config] sqlite: ""
[2019-07-17 23:51:18] [config] sqlite-drop: false
[2019-07-17 23:51:18] [config] sync-sgd: true
[2019-07-17 23:51:18] [config] tempdir: .
[2019-07-17 23:51:18] [config] tied-embeddings: false
[2019-07-17 23:51:18] [config] tied-embeddings-all: false
[2019-07-17 23:51:18] [config] tied-embeddings-src: false
[2019-07-17 23:51:18] [config] train-sets:
[2019-07-17 23:51:18] [config]   - ../experiments/100M_fasttext_prob_x_len_+_biced_0.25_x_bic1.1/data/train.bpe.de
[2019-07-17 23:51:18] [config]   - ../experiments/100M_fasttext_prob_x_len_+_biced_0.25_x_bic1.1/data/train.bpe.en
[2019-07-17 23:51:18] [config] transformer-aan-activation: swish
[2019-07-17 23:51:18] [config] transformer-aan-depth: 2
[2019-07-17 23:51:18] [config] transformer-aan-nogate: false
[2019-07-17 23:51:18] [config] transformer-decoder-autoreg: self-attention
[2019-07-17 23:51:18] [config] transformer-dim-aan: 2048
[2019-07-17 23:51:18] [config] transformer-dim-ffn: 2048
[2019-07-17 23:51:18] [config] transformer-dropout: 0
[2019-07-17 23:51:18] [config] transformer-dropout-attention: 0
[2019-07-17 23:51:18] [config] transformer-dropout-ffn: 0
[2019-07-17 23:51:18] [config] transformer-ffn-activation: swish
[2019-07-17 23:51:18] [config] transformer-ffn-depth: 2
[2019-07-17 23:51:18] [config] transformer-guided-alignment-layer: last
[2019-07-17 23:51:18] [config] transformer-heads: 8
[2019-07-17 23:51:18] [config] transformer-no-projection: false
[2019-07-17 23:51:18] [config] transformer-postprocess: dan
[2019-07-17 23:51:18] [config] transformer-postprocess-emb: d
[2019-07-17 23:51:18] [config] transformer-preprocess: ""
[2019-07-17 23:51:18] [config] transformer-tied-layers:
[2019-07-17 23:51:18] [config]   []
[2019-07-17 23:51:18] [config] transformer-train-position-embeddings: false
[2019-07-17 23:51:18] [config] type: amun
[2019-07-17 23:51:18] [config] ulr: false
[2019-07-17 23:51:18] [config] ulr-dim-emb: 0
[2019-07-17 23:51:18] [config] ulr-dropout: 0
[2019-07-17 23:51:18] [config] ulr-keys-vectors: ""
[2019-07-17 23:51:18] [config] ulr-query-vectors: ""
[2019-07-17 23:51:18] [config] ulr-softmax-temperature: 1
[2019-07-17 23:51:18] [config] ulr-trainable-transformation: false
[2019-07-17 23:51:18] [config] valid-freq: 20000
[2019-07-17 23:51:18] [config] valid-log: ../experiments/100M_fasttext_prob_x_len_+_biced_0.25_x_bic1.1/model/valid.log
[2019-07-17 23:51:18] [config] valid-max-length: 1000
[2019-07-17 23:51:18] [config] valid-metrics:
[2019-07-17 23:51:18] [config]   - cross-entropy
[2019-07-17 23:51:18] [config]   - perplexity
[2019-07-17 23:51:18] [config]   - translation
[2019-07-17 23:51:18] [config] valid-mini-batch: 8
[2019-07-17 23:51:18] [config] valid-script-path: ../experiments/100M_fasttext_prob_x_len_+_biced_0.25_x_bic1.1/score-dev.sh
[2019-07-17 23:51:18] [config] valid-sets:
[2019-07-17 23:51:18] [config]   - ../experiments/100M_fasttext_prob_x_len_+_biced_0.25_x_bic1.1/data/dev.bpe.de
[2019-07-17 23:51:18] [config]   - ../experiments/100M_fasttext_prob_x_len_+_biced_0.25_x_bic1.1/data/dev.bpe.en
[2019-07-17 23:51:18] [config] valid-translation-output: ../experiments/100M_fasttext_prob_x_len_+_biced_0.25_x_bic1.1/model/dev.out
[2019-07-17 23:51:18] [config] vocabs:
[2019-07-17 23:51:18] [config]   - ../experiments/100M_fasttext_prob_x_len_+_biced_0.25_x_bic1.1/data/train.bpe.de.json
[2019-07-17 23:51:18] [config]   - ../experiments/100M_fasttext_prob_x_len_+_biced_0.25_x_bic1.1/data/train.bpe.en.json
[2019-07-17 23:51:18] [config] word-penalty: 0
[2019-07-17 23:51:18] [config] workspace: 5000
[2019-07-17 23:51:18] [config] Model is being created with Marian v1.7.8 ec2d66e 2019-05-27 14:52:11 +0100
[2019-07-17 23:51:18] Using synchronous training
[2019-07-17 23:51:18] [data] Loading vocabulary from JSON/Yaml file ../experiments/100M_fasttext_prob_x_len_+_biced_0.25_x_bic1.1/data/train.bpe.de.json
[2019-07-17 23:51:18] [data] Using unused word id eos for 0
[2019-07-17 23:51:18] [data] Using unused word id UNK for 1
[2019-07-17 23:51:18] [data] Setting vocabulary size for input 0 to 50000
[2019-07-17 23:51:18] [data] Loading vocabulary from JSON/Yaml file ../experiments/100M_fasttext_prob_x_len_+_biced_0.25_x_bic1.1/data/train.bpe.en.json
[2019-07-17 23:51:18] [data] Using unused word id eos for 0
[2019-07-17 23:51:18] [data] Using unused word id UNK for 1
[2019-07-17 23:51:18] [data] Setting vocabulary size for input 1 to 50000
[2019-07-17 23:51:18] Compiled without MPI support. Falling back to FakeMPIWrapper
[2019-07-17 23:51:18] [batching] Collecting statistics for batch fitting with step size 10
[2019-07-17 23:51:19] [memory] Extending reserved space to 5120 MB (device gpu2)
[2019-07-17 23:51:19] [comm] Using NCCL 2.4.2 for GPU communication
[2019-07-17 23:51:19] [comm] NCCLCommunicator constructed successfully.
[2019-07-17 23:51:19] [training] Using 1 GPUs
[2019-07-17 23:51:19] [memory] Reserving 422 MB, device gpu2
[2019-07-17 23:51:19] [gpu] 16-bit TensorCores enabled for float32 matrix operations
[2019-07-17 23:51:19] [memory] Reserving 422 MB, device gpu2
[2019-07-17 23:51:31] [batching] Done. Typical MB size is 6880 target words
[2019-07-17 23:51:31] [memory] Extending reserved space to 5120 MB (device gpu2)
[2019-07-17 23:51:31] [comm] Using NCCL 2.4.2 for GPU communication
[2019-07-17 23:51:32] [comm] NCCLCommunicator constructed successfully.
[2019-07-17 23:51:32] [training] Using 1 GPUs
[2019-07-17 23:51:32] Training started
[2019-07-17 23:51:32] [data] Shuffling data
[2019-07-17 23:51:34] [data] Done reading 4357469 sentences
[2019-07-17 23:52:02] [data] Done shuffling 4357469 sentences to temp files
[2019-07-17 23:52:03] [training] Batches are processed as 1 process(es) x 1 devices/process
[2019-07-17 23:52:03] [memory] Reserving 422 MB, device gpu2
[2019-07-17 23:52:03] [memory] Reserving 422 MB, device gpu2
[2019-07-17 23:52:03] [memory] Reserving 422 MB, device gpu2
[2019-07-17 23:52:04] [memory] Reserving 844 MB, device gpu2
[2019-07-18 00:12:05] Ep. 1 : Up. 2000 : Sen. 309,603 : Cost 149.68815613 : Time 1247.26s : 6255.55 words/s
[2019-07-18 00:32:11] Ep. 1 : Up. 4000 : Sen. 618,931 : Cost 120.46233368 : Time 1205.65s : 6460.93 words/s
[2019-07-18 00:52:16] Ep. 1 : Up. 6000 : Sen. 928,264 : Cost 105.20362854 : Time 1204.88s : 6472.73 words/s
[2019-07-18 01:12:23] Ep. 1 : Up. 8000 : Sen. 1,238,647 : Cost 95.22819519 : Time 1207.51s : 6476.61 words/s
[2019-07-18 01:32:30] Ep. 1 : Up. 10000 : Sen. 1,547,552 : Cost 88.69627380 : Time 1206.13s : 6461.39 words/s
[2019-07-18 01:52:38] Ep. 1 : Up. 12000 : Sen. 1,857,441 : Cost 84.10572052 : Time 1208.02s : 6472.72 words/s
[2019-07-18 02:12:44] Ep. 1 : Up. 14000 : Sen. 2,167,423 : Cost 80.45965576 : Time 1206.23s : 6464.71 words/s
[2019-07-18 02:32:52] Ep. 1 : Up. 16000 : Sen. 2,477,963 : Cost 77.57979584 : Time 1208.06s : 6470.11 words/s
[2019-07-18 02:53:04] Ep. 1 : Up. 18000 : Sen. 2,788,026 : Cost 75.97149658 : Time 1211.85s : 6464.33 words/s
[2019-07-18 03:13:14] Ep. 1 : Up. 20000 : Sen. 3,098,523 : Cost 73.85321045 : Time 1209.97s : 6463.69 words/s
[2019-07-18 03:13:14] Saving model to ../experiments/100M_fasttext_prob_x_len_+_biced_0.25_x_bic1.1/model/model.npz.orig.npz
[2019-07-18 03:13:23] Saving model to ../experiments/100M_fasttext_prob_x_len_+_biced_0.25_x_bic1.1/model/model.iter20000.npz
[2019-07-18 03:13:29] Saving model to ../experiments/100M_fasttext_prob_x_len_+_biced_0.25_x_bic1.1/model/model.npz
[2019-07-18 03:13:39] Saving Adam parameters to ../experiments/100M_fasttext_prob_x_len_+_biced_0.25_x_bic1.1/model/model.npz.optimizer.npz
[2019-07-18 03:14:04] [valid] Ep. 1 : Up. 20000 : cross-entropy : 65.6187 : new best
[2019-07-18 03:14:13] [valid] Ep. 1 : Up. 20000 : perplexity : 13.3456 : new best
[2019-07-18 03:15:28] [valid] Ep. 1 : Up. 20000 : translation : 24.29 : new best
[2019-07-18 03:35:38] Ep. 1 : Up. 22000 : Sen. 3,408,624 : Cost 72.35968018 : Time 1343.87s : 5816.15 words/s
[2019-07-18 03:43:07] Seen 3523017 samples
[2019-07-18 03:43:07] Starting epoch 2
[2019-07-18 03:43:07] [data] Shuffling data
[2019-07-18 03:43:09] [data] Done reading 4357469 sentences
[2019-07-18 03:43:29] [data] Done shuffling 4357469 sentences to temp files
[2019-07-18 03:56:11] Ep. 2 : Up. 24000 : Sen. 195,205 : Cost 70.86518860 : Time 1233.71s : 6345.29 words/s
[2019-07-18 04:16:20] Ep. 2 : Up. 26000 : Sen. 505,106 : Cost 69.09669495 : Time 1208.23s : 6465.89 words/s
[2019-07-18 04:36:32] Ep. 2 : Up. 28000 : Sen. 815,291 : Cost 68.54030609 : Time 1211.96s : 6464.39 words/s
[2019-07-18 04:56:39] Ep. 2 : Up. 30000 : Sen. 1,124,994 : Cost 67.31784058 : Time 1207.09s : 6462.82 words/s
[2019-07-18 05:16:44] Ep. 2 : Up. 32000 : Sen. 1,433,600 : Cost 66.87989807 : Time 1205.34s : 6457.71 words/s
[2019-07-18 05:36:51] Ep. 2 : Up. 34000 : Sen. 1,743,343 : Cost 66.18032074 : Time 1207.19s : 6463.90 words/s
[2019-07-18 05:57:01] Ep. 2 : Up. 36000 : Sen. 2,053,906 : Cost 65.73664093 : Time 1210.09s : 6469.45 words/s
[2019-07-18 06:17:08] Ep. 2 : Up. 38000 : Sen. 2,362,796 : Cost 65.13762665 : Time 1206.82s : 6453.65 words/s
[2019-07-18 06:37:15] Ep. 2 : Up. 40000 : Sen. 2,672,845 : Cost 64.18237305 : Time 1207.28s : 6461.87 words/s
[2019-07-18 06:37:15] Saving model to ../experiments/100M_fasttext_prob_x_len_+_biced_0.25_x_bic1.1/model/model.npz.orig.npz
[2019-07-18 06:37:26] Saving model to ../experiments/100M_fasttext_prob_x_len_+_biced_0.25_x_bic1.1/model/model.iter40000.npz
[2019-07-18 06:37:33] Saving model to ../experiments/100M_fasttext_prob_x_len_+_biced_0.25_x_bic1.1/model/model.npz
[2019-07-18 06:37:43] Saving Adam parameters to ../experiments/100M_fasttext_prob_x_len_+_biced_0.25_x_bic1.1/model/model.npz.optimizer.npz
[2019-07-18 06:38:09] [valid] Ep. 2 : Up. 40000 : cross-entropy : 56.0187 : new best
[2019-07-18 06:38:18] [valid] Ep. 2 : Up. 40000 : perplexity : 9.13487 : new best
[2019-07-18 06:39:31] [valid] Ep. 2 : Up. 40000 : translation : 27.42 : new best
[2019-07-18 06:59:45] Ep. 2 : Up. 42000 : Sen. 2,983,073 : Cost 63.97197723 : Time 1349.24s : 5799.65 words/s
[2019-07-18 07:19:52] Ep. 2 : Up. 44000 : Sen. 3,292,786 : Cost 63.62773132 : Time 1207.56s : 6469.44 words/s
[2019-07-18 07:34:49] Seen 3523017 samples
[2019-07-18 07:34:49] Starting epoch 3
[2019-07-18 07:34:49] [data] Shuffling data
[2019-07-18 07:34:52] [data] Done reading 4357469 sentences
[2019-07-18 07:35:11] [data] Done shuffling 4357469 sentences to temp files
[2019-07-18 07:40:16] Ep. 3 : Up. 46000 : Sen. 78,056 : Cost 62.67910004 : Time 1224.32s : 6339.54 words/s
[2019-07-18 08:00:21] Ep. 3 : Up. 48000 : Sen. 386,513 : Cost 61.57174683 : Time 1204.27s : 6451.85 words/s
[2019-07-18 08:20:32] Ep. 3 : Up. 50000 : Sen. 696,549 : Cost 61.26995468 : Time 1210.98s : 6467.19 words/s
[2019-07-18 08:40:37] Ep. 3 : Up. 52000 : Sen. 1,005,766 : Cost 60.94085312 : Time 1204.82s : 6464.10 words/s
[2019-07-18 09:00:43] Ep. 3 : Up. 54000 : Sen. 1,315,124 : Cost 60.42440796 : Time 1206.30s : 6460.07 words/s
[2019-07-18 09:20:51] Ep. 3 : Up. 56000 : Sen. 1,624,322 : Cost 60.53455734 : Time 1207.76s : 6456.87 words/s
[2019-07-18 09:41:02] Ep. 3 : Up. 58000 : Sen. 1,935,704 : Cost 60.29604721 : Time 1211.85s : 6470.08 words/s
[2019-07-18 10:01:10] Ep. 3 : Up. 60000 : Sen. 2,245,197 : Cost 60.32849884 : Time 1207.61s : 6463.05 words/s
[2019-07-18 10:01:10] Saving model to ../experiments/100M_fasttext_prob_x_len_+_biced_0.25_x_bic1.1/model/model.npz.orig.npz
[2019-07-18 10:01:21] Saving model to ../experiments/100M_fasttext_prob_x_len_+_biced_0.25_x_bic1.1/model/model.iter60000.npz
[2019-07-18 10:01:32] Saving model to ../experiments/100M_fasttext_prob_x_len_+_biced_0.25_x_bic1.1/model/model.npz
[2019-07-18 10:01:43] Saving Adam parameters to ../experiments/100M_fasttext_prob_x_len_+_biced_0.25_x_bic1.1/model/model.npz.optimizer.npz
[2019-07-18 10:02:18] [valid] Ep. 3 : Up. 60000 : cross-entropy : 52.1098 : new best
[2019-07-18 10:02:27] [valid] Ep. 3 : Up. 60000 : perplexity : 7.82828 : new best
[2019-07-18 10:03:41] [valid] Ep. 3 : Up. 60000 : translation : 28.96 : new best
[2019-07-18 10:23:53] Ep. 3 : Up. 62000 : Sen. 2,555,941 : Cost 59.86469269 : Time 1363.38s : 5743.71 words/s
[2019-07-18 10:44:04] Ep. 3 : Up. 64000 : Sen. 2,866,118 : Cost 59.93686295 : Time 1210.29s : 6466.84 words/s
[2019-07-18 11:04:14] Ep. 3 : Up. 66000 : Sen. 3,177,217 : Cost 59.26251221 : Time 1210.71s : 6469.03 words/s
[2019-07-18 11:24:21] Ep. 3 : Up. 68000 : Sen. 3,486,120 : Cost 59.26640320 : Time 1206.72s : 6463.56 words/s
[2019-07-18 11:26:45] Seen 3523017 samples
[2019-07-18 11:26:45] Starting epoch 4
[2019-07-18 11:26:45] [data] Shuffling data
[2019-07-18 11:26:47] [data] Done reading 4357469 sentences
[2019-07-18 11:27:05] [data] Done shuffling 4357469 sentences to temp files
[2019-07-18 11:44:50] Ep. 4 : Up. 70000 : Sen. 272,000 : Cost 57.89364624 : Time 1229.04s : 6337.41 words/s
[2019-07-18 12:05:00] Ep. 4 : Up. 72000 : Sen. 582,534 : Cost 57.62416840 : Time 1209.93s : 6465.49 words/s
[2019-07-18 12:25:08] Ep. 4 : Up. 74000 : Sen. 892,296 : Cost 57.67748642 : Time 1208.30s : 6467.74 words/s
[2019-07-18 12:45:17] Ep. 4 : Up. 76000 : Sen. 1,202,762 : Cost 57.61635208 : Time 1208.52s : 6470.36 words/s
[2019-07-18 13:05:25] Ep. 4 : Up. 78000 : Sen. 1,512,494 : Cost 57.34090042 : Time 1208.31s : 6464.30 words/s
[2019-07-18 13:25:32] Ep. 4 : Up. 80000 : Sen. 1,821,790 : Cost 57.29521942 : Time 1206.47s : 6459.45 words/s
[2019-07-18 13:25:32] Saving model to ../experiments/100M_fasttext_prob_x_len_+_biced_0.25_x_bic1.1/model/model.npz.orig.npz
[2019-07-18 13:25:40] Saving model to ../experiments/100M_fasttext_prob_x_len_+_biced_0.25_x_bic1.1/model/model.iter80000.npz
[2019-07-18 13:25:47] Saving model to ../experiments/100M_fasttext_prob_x_len_+_biced_0.25_x_bic1.1/model/model.npz
[2019-07-18 13:25:56] Saving Adam parameters to ../experiments/100M_fasttext_prob_x_len_+_biced_0.25_x_bic1.1/model/model.npz.optimizer.npz
[2019-07-18 13:26:22] [valid] Ep. 4 : Up. 80000 : cross-entropy : 50.0899 : new best
[2019-07-18 13:26:31] [valid] Ep. 4 : Up. 80000 : perplexity : 7.22814 : new best
[2019-07-18 13:27:45] [valid] Ep. 4 : Up. 80000 : translation : 29.88 : new best
[2019-07-18 13:47:55] Ep. 4 : Up. 82000 : Sen. 2,131,068 : Cost 57.15892410 : Time 1343.53s : 5809.07 words/s
[2019-07-18 14:08:04] Ep. 4 : Up. 84000 : Sen. 2,441,463 : Cost 57.02552032 : Time 1208.77s : 6462.05 words/s
[2019-07-18 14:28:16] Ep. 4 : Up. 86000 : Sen. 2,751,430 : Cost 56.97351074 : Time 1211.89s : 6451.82 words/s
[2019-07-18 14:48:30] Ep. 4 : Up. 88000 : Sen. 3,062,101 : Cost 57.08916473 : Time 1214.19s : 6464.88 words/s
[2019-07-18 15:04:54] [marian] Marian v1.7.8 ec2d66e 2019-05-27 14:52:11 +0100
[2019-07-18 15:04:54] [marian] Running on fulla as process 418303 with command line:
[2019-07-18 15:04:54] [marian] /fs/bil0/abdel/marian-dev/build/marian --sync-sgd --model ../experiments/100M_fasttext_prob_x_len_+_biced_0.25_x_bic1.1/model/model.npz -T . --devices 6 --train-sets ../experiments/100M_fasttext_prob_x_len_+_biced_0.25_x_bic1.1/data/train.bpe.de ../experiments/100M_fasttext_prob_x_len_+_biced_0.25_x_bic1.1/data/train.bpe.en --vocabs ../experiments/100M_fasttext_prob_x_len_+_biced_0.25_x_bic1.1/data/train.bpe.de.json ../experiments/100M_fasttext_prob_x_len_+_biced_0.25_x_bic1.1/data/train.bpe.en.json --mini-batch-fit -w 5000 --dim-vocabs 50000 50000 --layer-normalization --dropout-rnn 0.2 --dropout-src 0.1 --dropout-trg 0.1 --learn-rate 0.0001 --after-epochs 0 --early-stopping 5 --valid-freq 20000 --save-freq 20000 --disp-freq 2000 --valid-mini-batch 8 --valid-sets ../experiments/100M_fasttext_prob_x_len_+_biced_0.25_x_bic1.1/data/dev.bpe.de ../experiments/100M_fasttext_prob_x_len_+_biced_0.25_x_bic1.1/data/dev.bpe.en --valid-metrics cross-entropy perplexity translation --valid-translation-output ../experiments/100M_fasttext_prob_x_len_+_biced_0.25_x_bic1.1/model/dev.out --valid-script-path ../experiments/100M_fasttext_prob_x_len_+_biced_0.25_x_bic1.1/score-dev.sh --seed 1111 --exponential-smoothing --normalize=1 --beam-size=12 --quiet-translation --log ../experiments/100M_fasttext_prob_x_len_+_biced_0.25_x_bic1.1/model/train.log --valid-log ../experiments/100M_fasttext_prob_x_len_+_biced_0.25_x_bic1.1/model/valid.log
[2019-07-18 15:04:54] [config] after-batches: 0
[2019-07-18 15:04:54] [config] after-epochs: 0
[2019-07-18 15:04:54] [config] allow-unk: false
[2019-07-18 15:04:54] [config] beam-size: 12
[2019-07-18 15:04:54] [config] bert-class-symbol: "[CLS]"
[2019-07-18 15:04:54] [config] bert-mask-symbol: "[MASK]"
[2019-07-18 15:04:54] [config] bert-masking-fraction: 0.15
[2019-07-18 15:04:54] [config] bert-sep-symbol: "[SEP]"
[2019-07-18 15:04:54] [config] bert-train-type-embeddings: true
[2019-07-18 15:04:54] [config] bert-type-vocab-size: 2
[2019-07-18 15:04:54] [config] best-deep: false
[2019-07-18 15:04:54] [config] clip-gemm: 0
[2019-07-18 15:04:54] [config] clip-norm: 1
[2019-07-18 15:04:54] [config] cost-type: ce-mean
[2019-07-18 15:04:54] [config] cpu-threads: 0
[2019-07-18 15:04:54] [config] data-weighting: ""
[2019-07-18 15:04:54] [config] data-weighting-type: sentence
[2019-07-18 15:04:54] [config] dec-cell: gru
[2019-07-18 15:04:54] [config] dec-cell-base-depth: 2
[2019-07-18 15:04:54] [config] dec-cell-high-depth: 1
[2019-07-18 15:04:54] [config] dec-depth: 1
[2019-07-18 15:04:54] [config] devices:
[2019-07-18 15:04:54] [config]   - 6
[2019-07-18 15:04:54] [config] dim-emb: 512
[2019-07-18 15:04:54] [config] dim-rnn: 1024
[2019-07-18 15:04:54] [config] dim-vocabs:
[2019-07-18 15:04:54] [config]   - 50000
[2019-07-18 15:04:54] [config]   - 50000
[2019-07-18 15:04:54] [config] disp-first: 0
[2019-07-18 15:04:54] [config] disp-freq: 2000
[2019-07-18 15:04:54] [config] disp-label-counts: false
[2019-07-18 15:04:54] [config] dropout-rnn: 0.2
[2019-07-18 15:04:54] [config] dropout-src: 0.1
[2019-07-18 15:04:54] [config] dropout-trg: 0.1
[2019-07-18 15:04:54] [config] dump-config: ""
[2019-07-18 15:04:54] [config] early-stopping: 5
[2019-07-18 15:04:54] [config] embedding-fix-src: false
[2019-07-18 15:04:54] [config] embedding-fix-trg: false
[2019-07-18 15:04:54] [config] embedding-normalization: false
[2019-07-18 15:04:54] [config] embedding-vectors:
[2019-07-18 15:04:54] [config]   []
[2019-07-18 15:04:54] [config] enc-cell: gru
[2019-07-18 15:04:54] [config] enc-cell-depth: 1
[2019-07-18 15:04:54] [config] enc-depth: 1
[2019-07-18 15:04:54] [config] enc-type: bidirectional
[2019-07-18 15:04:54] [config] exponential-smoothing: 0.0001
[2019-07-18 15:04:54] [config] grad-dropping-momentum: 0
[2019-07-18 15:04:54] [config] grad-dropping-rate: 0
[2019-07-18 15:04:54] [config] grad-dropping-warmup: 100
[2019-07-18 15:04:54] [config] guided-alignment: none
[2019-07-18 15:04:54] [config] guided-alignment-cost: mse
[2019-07-18 15:04:54] [config] guided-alignment-weight: 0.1
[2019-07-18 15:04:54] [config] ignore-model-config: false
[2019-07-18 15:04:54] [config] input-types:
[2019-07-18 15:04:54] [config]   []
[2019-07-18 15:04:54] [config] interpolate-env-vars: false
[2019-07-18 15:04:54] [config] keep-best: false
[2019-07-18 15:04:54] [config] label-smoothing: 0
[2019-07-18 15:04:54] [config] layer-normalization: true
[2019-07-18 15:04:54] [config] learn-rate: 0.0001
[2019-07-18 15:04:54] [config] log: ../experiments/100M_fasttext_prob_x_len_+_biced_0.25_x_bic1.1/model/train.log
[2019-07-18 15:04:54] [config] log-level: info
[2019-07-18 15:04:54] [config] log-time-zone: ""
[2019-07-18 15:04:54] [config] lr-decay: 0
[2019-07-18 15:04:54] [config] lr-decay-freq: 50000
[2019-07-18 15:04:54] [config] lr-decay-inv-sqrt:
[2019-07-18 15:04:54] [config]   - 0
[2019-07-18 15:04:54] [config] lr-decay-repeat-warmup: false
[2019-07-18 15:04:54] [config] lr-decay-reset-optimizer: false
[2019-07-18 15:04:54] [config] lr-decay-start:
[2019-07-18 15:04:54] [config]   - 10
[2019-07-18 15:04:54] [config]   - 1
[2019-07-18 15:04:54] [config] lr-decay-strategy: epoch+stalled
[2019-07-18 15:04:54] [config] lr-report: false
[2019-07-18 15:04:54] [config] lr-warmup: 0
[2019-07-18 15:04:54] [config] lr-warmup-at-reload: false
[2019-07-18 15:04:54] [config] lr-warmup-cycle: false
[2019-07-18 15:04:54] [config] lr-warmup-start-rate: 0
[2019-07-18 15:04:54] [config] max-length: 50
[2019-07-18 15:04:54] [config] max-length-crop: false
[2019-07-18 15:04:54] [config] max-length-factor: 3
[2019-07-18 15:04:54] [config] maxi-batch: 100
[2019-07-18 15:04:54] [config] maxi-batch-sort: trg
[2019-07-18 15:04:54] [config] mini-batch: 64
[2019-07-18 15:04:54] [config] mini-batch-fit: true
[2019-07-18 15:04:54] [config] mini-batch-fit-step: 10
[2019-07-18 15:04:54] [config] mini-batch-overstuff: 1
[2019-07-18 15:04:54] [config] mini-batch-track-lr: false
[2019-07-18 15:04:54] [config] mini-batch-understuff: 1
[2019-07-18 15:04:54] [config] mini-batch-warmup: 0
[2019-07-18 15:04:54] [config] mini-batch-words: 0
[2019-07-18 15:04:54] [config] mini-batch-words-ref: 0
[2019-07-18 15:04:54] [config] model: ../experiments/100M_fasttext_prob_x_len_+_biced_0.25_x_bic1.1/model/model.npz
[2019-07-18 15:04:54] [config] multi-loss-type: sum
[2019-07-18 15:04:54] [config] multi-node: false
[2019-07-18 15:04:54] [config] multi-node-overlap: true
[2019-07-18 15:04:54] [config] n-best: false
[2019-07-18 15:04:54] [config] no-nccl: false
[2019-07-18 15:04:54] [config] no-reload: false
[2019-07-18 15:04:54] [config] no-restore-corpus: false
[2019-07-18 15:04:54] [config] no-shuffle: false
[2019-07-18 15:04:54] [config] normalize: 1
[2019-07-18 15:04:54] [config] num-devices: 0
[2019-07-18 15:04:54] [config] optimizer: adam
[2019-07-18 15:04:54] [config] optimizer-delay: 1
[2019-07-18 15:04:54] [config] optimizer-params:
[2019-07-18 15:04:54] [config]   []
[2019-07-18 15:04:54] [config] overwrite: false
[2019-07-18 15:04:54] [config] pretrained-model: ""
[2019-07-18 15:04:54] [config] quiet: false
[2019-07-18 15:04:54] [config] quiet-translation: true
[2019-07-18 15:04:54] [config] relative-paths: false
[2019-07-18 15:04:54] [config] right-left: false
[2019-07-18 15:04:54] [config] save-freq: 20000
[2019-07-18 15:04:54] [config] seed: 1111
[2019-07-18 15:04:54] [config] shuffle-in-ram: false
[2019-07-18 15:04:54] [config] skip: false
[2019-07-18 15:04:54] [config] sqlite: ""
[2019-07-18 15:04:54] [config] sqlite-drop: false
[2019-07-18 15:04:54] [config] sync-sgd: true
[2019-07-18 15:04:54] [config] tempdir: .
[2019-07-18 15:04:54] [config] tied-embeddings: false
[2019-07-18 15:04:54] [config] tied-embeddings-all: false
[2019-07-18 15:04:54] [config] tied-embeddings-src: false
[2019-07-18 15:04:54] [config] train-sets:
[2019-07-18 15:04:54] [config]   - ../experiments/100M_fasttext_prob_x_len_+_biced_0.25_x_bic1.1/data/train.bpe.de
[2019-07-18 15:04:54] [config]   - ../experiments/100M_fasttext_prob_x_len_+_biced_0.25_x_bic1.1/data/train.bpe.en
[2019-07-18 15:04:54] [config] transformer-aan-activation: swish
[2019-07-18 15:04:54] [config] transformer-aan-depth: 2
[2019-07-18 15:04:54] [config] transformer-aan-nogate: false
[2019-07-18 15:04:54] [config] transformer-decoder-autoreg: self-attention
[2019-07-18 15:04:54] [config] transformer-dim-aan: 2048
[2019-07-18 15:04:54] [config] transformer-dim-ffn: 2048
[2019-07-18 15:04:54] [config] transformer-dropout: 0
[2019-07-18 15:04:54] [config] transformer-dropout-attention: 0
[2019-07-18 15:04:54] [config] transformer-dropout-ffn: 0
[2019-07-18 15:04:54] [config] transformer-ffn-activation: swish
[2019-07-18 15:04:54] [config] transformer-ffn-depth: 2
[2019-07-18 15:04:54] [config] transformer-guided-alignment-layer: last
[2019-07-18 15:04:54] [config] transformer-heads: 8
[2019-07-18 15:04:54] [config] transformer-no-projection: false
[2019-07-18 15:04:54] [config] transformer-postprocess: dan
[2019-07-18 15:04:54] [config] transformer-postprocess-emb: d
[2019-07-18 15:04:54] [config] transformer-preprocess: ""
[2019-07-18 15:04:54] [config] transformer-tied-layers:
[2019-07-18 15:04:54] [config]   []
[2019-07-18 15:04:54] [config] transformer-train-position-embeddings: false
[2019-07-18 15:04:54] [config] type: amun
[2019-07-18 15:04:54] [config] ulr: false
[2019-07-18 15:04:54] [config] ulr-dim-emb: 0
[2019-07-18 15:04:54] [config] ulr-dropout: 0
[2019-07-18 15:04:54] [config] ulr-keys-vectors: ""
[2019-07-18 15:04:54] [config] ulr-query-vectors: ""
[2019-07-18 15:04:54] [config] ulr-softmax-temperature: 1
[2019-07-18 15:04:54] [config] ulr-trainable-transformation: false
[2019-07-18 15:04:54] [config] valid-freq: 20000
[2019-07-18 15:04:54] [config] valid-log: ../experiments/100M_fasttext_prob_x_len_+_biced_0.25_x_bic1.1/model/valid.log
[2019-07-18 15:04:54] [config] valid-max-length: 1000
[2019-07-18 15:04:54] [config] valid-metrics:
[2019-07-18 15:04:54] [config]   - cross-entropy
[2019-07-18 15:04:54] [config]   - perplexity
[2019-07-18 15:04:54] [config]   - translation
[2019-07-18 15:04:54] [config] valid-mini-batch: 8
[2019-07-18 15:04:54] [config] valid-script-path: ../experiments/100M_fasttext_prob_x_len_+_biced_0.25_x_bic1.1/score-dev.sh
[2019-07-18 15:04:54] [config] valid-sets:
[2019-07-18 15:04:54] [config]   - ../experiments/100M_fasttext_prob_x_len_+_biced_0.25_x_bic1.1/data/dev.bpe.de
[2019-07-18 15:04:54] [config]   - ../experiments/100M_fasttext_prob_x_len_+_biced_0.25_x_bic1.1/data/dev.bpe.en
[2019-07-18 15:04:54] [config] valid-translation-output: ../experiments/100M_fasttext_prob_x_len_+_biced_0.25_x_bic1.1/model/dev.out
[2019-07-18 15:04:54] [config] version: v1.7.8 ec2d66e 2019-05-27 14:52:11 +0100
[2019-07-18 15:04:54] [config] vocabs:
[2019-07-18 15:04:54] [config]   - ../experiments/100M_fasttext_prob_x_len_+_biced_0.25_x_bic1.1/data/train.bpe.de.json
[2019-07-18 15:04:54] [config]   - ../experiments/100M_fasttext_prob_x_len_+_biced_0.25_x_bic1.1/data/train.bpe.en.json
[2019-07-18 15:04:54] [config] word-penalty: 0
[2019-07-18 15:04:54] [config] workspace: 5000
[2019-07-18 15:04:54] [config] Loaded model has been created with Marian v1.7.8 ec2d66e 2019-05-27 14:52:11 +0100
[2019-07-18 15:04:54] Using synchronous training
[2019-07-18 15:04:54] [data] Loading vocabulary from JSON/Yaml file ../experiments/100M_fasttext_prob_x_len_+_biced_0.25_x_bic1.1/data/train.bpe.de.json
[2019-07-18 15:04:55] [data] Using unused word id eos for 0
[2019-07-18 15:04:55] [data] Using unused word id UNK for 1
[2019-07-18 15:04:55] [data] Setting vocabulary size for input 0 to 50000
[2019-07-18 15:04:55] [data] Loading vocabulary from JSON/Yaml file ../experiments/100M_fasttext_prob_x_len_+_biced_0.25_x_bic1.1/data/train.bpe.en.json
[2019-07-18 15:04:55] [data] Using unused word id eos for 0
[2019-07-18 15:04:55] [data] Using unused word id UNK for 1
[2019-07-18 15:04:55] [data] Setting vocabulary size for input 1 to 50000
[2019-07-18 15:04:55] Compiled without MPI support. Falling back to FakeMPIWrapper
[2019-07-18 15:04:55] [batching] Collecting statistics for batch fitting with step size 10
[2019-07-18 15:04:56] [memory] Extending reserved space to 5120 MB (device gpu6)
[2019-07-18 15:04:57] [comm] Using NCCL 2.4.2 for GPU communication
[2019-07-18 15:04:57] [comm] NCCLCommunicator constructed successfully.
[2019-07-18 15:04:57] [training] Using 1 GPUs
[2019-07-18 15:04:57] [memory] Reserving 422 MB, device gpu6
[2019-07-18 15:04:57] [gpu] 16-bit TensorCores enabled for float32 matrix operations
[2019-07-18 15:04:57] [memory] Reserving 422 MB, device gpu6
[2019-07-18 15:05:01] [batching] Done. Typical MB size is 6880 target words
[2019-07-18 15:05:01] [memory] Extending reserved space to 5120 MB (device gpu6)
[2019-07-18 15:05:01] [comm] Using NCCL 2.4.2 for GPU communication
[2019-07-18 15:05:02] [comm] NCCLCommunicator constructed successfully.
[2019-07-18 15:05:02] [training] Using 1 GPUs
[2019-07-18 15:05:02] Loading model from ../experiments/100M_fasttext_prob_x_len_+_biced_0.25_x_bic1.1/model/model.npz.orig.npz
[2019-07-18 15:05:10] Loading Adam parameters from ../experiments/100M_fasttext_prob_x_len_+_biced_0.25_x_bic1.1/model/model.npz.optimizer.npz
[2019-07-18 15:05:22] [memory] Reserving 844 MB, device gpu6
[2019-07-18 15:05:24] [training] Model reloaded from ../experiments/100M_fasttext_prob_x_len_+_biced_0.25_x_bic1.1/model/model.npz
[2019-07-18 15:05:24] [data] Restoring the corpus state to epoch 4, batch 80000
[2019-07-18 15:05:24] [data] Shuffling data
[2019-07-18 15:05:38] [data] Done reading 4357469 sentences
[2019-07-18 15:06:07] [data] Done shuffling 4357469 sentences to temp files
[2019-07-18 15:07:36] Training started
[2019-07-18 15:07:36] [training] Batches are processed as 1 process(es) x 1 devices/process
[2019-07-18 15:07:36] [memory] Reserving 422 MB, device gpu6
[2019-07-18 15:07:37] [memory] Reserving 422 MB, device gpu6
[2019-07-18 15:07:37] Loading model from ../experiments/100M_fasttext_prob_x_len_+_biced_0.25_x_bic1.1/model/model.npz
[2019-07-18 15:07:44] [memory] Reserving 422 MB, device cpu0
[2019-07-18 15:07:45] [memory] Reserving 422 MB, device gpu6
[2019-07-18 15:15:17] Ep. 4 : Up. 82000 : Sen. 2,131,068 : Cost 57.81220627 : Time 621.58s : 12556.24 words/s
[2019-07-18 15:22:48] Ep. 4 : Up. 84000 : Sen. 2,441,463 : Cost 57.06313705 : Time 451.86s : 17286.43 words/s
[2019-07-18 15:30:21] Ep. 4 : Up. 86000 : Sen. 2,751,430 : Cost 56.96096039 : Time 452.46s : 17281.06 words/s
[2019-07-18 15:37:55] Ep. 4 : Up. 88000 : Sen. 3,062,101 : Cost 57.09090424 : Time 454.00s : 17289.67 words/s
[2019-07-18 15:45:26] Ep. 4 : Up. 90000 : Sen. 3,372,396 : Cost 56.54834747 : Time 451.26s : 17301.32 words/s
[2019-07-18 15:49:06] Seen 3523017 samples
[2019-07-18 15:49:06] Starting epoch 5
[2019-07-18 15:49:06] [data] Shuffling data
[2019-07-18 15:49:10] [data] Done reading 4357469 sentences
[2019-07-18 15:49:32] [data] Done shuffling 4357469 sentences to temp files
[2019-07-18 15:53:32] Ep. 5 : Up. 92000 : Sen. 158,257 : Cost 56.02322006 : Time 486.03s : 16022.70 words/s
[2019-07-18 16:01:05] Ep. 5 : Up. 94000 : Sen. 468,867 : Cost 55.39244843 : Time 453.24s : 17288.97 words/s
[2019-07-18 16:08:37] Ep. 5 : Up. 96000 : Sen. 777,791 : Cost 55.43029404 : Time 451.31s : 17265.19 words/s
[2019-07-18 16:16:10] Ep. 5 : Up. 98000 : Sen. 1,087,408 : Cost 55.29298401 : Time 452.95s : 17245.98 words/s
[2019-07-18 16:23:42] Ep. 5 : Up. 100000 : Sen. 1,397,679 : Cost 55.27751541 : Time 451.91s : 17284.37 words/s
[2019-07-18 16:23:42] Saving model to ../experiments/100M_fasttext_prob_x_len_+_biced_0.25_x_bic1.1/model/model.npz.orig.npz
[2019-07-18 16:23:52] Saving model to ../experiments/100M_fasttext_prob_x_len_+_biced_0.25_x_bic1.1/model/model.iter100000.npz
[2019-07-18 16:24:00] Saving model to ../experiments/100M_fasttext_prob_x_len_+_biced_0.25_x_bic1.1/model/model.npz
[2019-07-18 16:24:11] Saving Adam parameters to ../experiments/100M_fasttext_prob_x_len_+_biced_0.25_x_bic1.1/model/model.npz.optimizer.npz
[2019-07-18 16:24:38] [valid] Ep. 5 : Up. 100000 : cross-entropy : 48.7254 : new best
[2019-07-18 16:24:45] [valid] Ep. 5 : Up. 100000 : perplexity : 6.84895 : new best
[2019-07-18 16:25:36] [valid] Ep. 5 : Up. 100000 : translation : 30.39 : new best
[2019-07-18 16:33:12] Ep. 5 : Up. 102000 : Sen. 1,707,446 : Cost 55.24731827 : Time 570.30s : 13678.40 words/s
[2019-07-18 16:40:46] Ep. 5 : Up. 104000 : Sen. 2,017,974 : Cost 55.30164719 : Time 454.37s : 17240.47 words/s
[2019-07-18 16:48:19] Ep. 5 : Up. 106000 : Sen. 2,328,800 : Cost 54.84525681 : Time 452.84s : 17279.49 words/s
[2019-07-18 16:55:51] Ep. 5 : Up. 108000 : Sen. 2,637,502 : Cost 55.41759872 : Time 451.87s : 17231.25 words/s
[2019-07-18 17:03:24] Ep. 5 : Up. 110000 : Sen. 2,946,316 : Cost 55.30229950 : Time 452.77s : 17235.87 words/s
[2019-07-18 17:10:56] Ep. 5 : Up. 112000 : Sen. 3,257,106 : Cost 54.87110901 : Time 452.60s : 17262.87 words/s
[2019-07-18 17:17:25] Seen 3523017 samples
[2019-07-18 17:17:25] Starting epoch 6
[2019-07-18 17:17:25] [data] Shuffling data
[2019-07-18 17:17:29] [data] Done reading 4357469 sentences
[2019-07-18 17:17:51] [data] Done shuffling 4357469 sentences to temp files
[2019-07-18 17:19:07] Ep. 6 : Up. 114000 : Sen. 44,932 : Cost 54.66963196 : Time 490.49s : 15974.95 words/s
[2019-07-18 17:26:41] Ep. 6 : Up. 116000 : Sen. 355,461 : Cost 53.60650253 : Time 454.28s : 17224.55 words/s
[2019-07-18 17:34:14] Ep. 6 : Up. 118000 : Sen. 663,811 : Cost 53.89381790 : Time 452.51s : 17218.74 words/s
[2019-07-18 17:41:48] Ep. 6 : Up. 120000 : Sen. 974,681 : Cost 53.54370499 : Time 454.11s : 17224.14 words/s
[2019-07-18 17:41:48] Saving model to ../experiments/100M_fasttext_prob_x_len_+_biced_0.25_x_bic1.1/model/model.npz.orig.npz
[2019-07-18 17:41:57] Saving model to ../experiments/100M_fasttext_prob_x_len_+_biced_0.25_x_bic1.1/model/model.iter120000.npz
[2019-07-18 17:42:05] Saving model to ../experiments/100M_fasttext_prob_x_len_+_biced_0.25_x_bic1.1/model/model.npz
[2019-07-18 17:42:15] Saving Adam parameters to ../experiments/100M_fasttext_prob_x_len_+_biced_0.25_x_bic1.1/model/model.npz.optimizer.npz
[2019-07-18 17:42:42] [valid] Ep. 6 : Up. 120000 : cross-entropy : 47.7002 : new best
[2019-07-18 17:42:49] [valid] Ep. 6 : Up. 120000 : perplexity : 6.57723 : new best
[2019-07-18 17:43:40] [valid] Ep. 6 : Up. 120000 : translation : 30.85 : new best
[2019-07-18 17:51:17] Ep. 6 : Up. 122000 : Sen. 1,284,419 : Cost 53.90671539 : Time 568.79s : 13735.06 words/s
[2019-07-18 17:58:51] Ep. 6 : Up. 124000 : Sen. 1,594,652 : Cost 53.87142181 : Time 453.99s : 17213.67 words/s
[2019-07-18 18:06:24] Ep. 6 : Up. 126000 : Sen. 1,904,443 : Cost 53.79242325 : Time 453.29s : 17234.86 words/s
[2019-07-18 18:13:58] Ep. 6 : Up. 128000 : Sen. 2,214,664 : Cost 53.76169205 : Time 454.12s : 17244.16 words/s
[2019-07-18 18:21:32] Ep. 6 : Up. 130000 : Sen. 2,525,302 : Cost 53.74743271 : Time 454.27s : 17227.32 words/s
[2019-07-18 18:29:06] Ep. 6 : Up. 132000 : Sen. 2,835,332 : Cost 53.78630829 : Time 453.86s : 17224.16 words/s
[2019-07-18 18:36:38] Ep. 6 : Up. 134000 : Sen. 3,143,781 : Cost 53.83038330 : Time 452.01s : 17212.13 words/s
[2019-07-18 18:44:10] Ep. 6 : Up. 136000 : Sen. 3,453,213 : Cost 53.49751282 : Time 451.82s : 17248.08 words/s
[2019-07-18 18:45:52] Seen 3523017 samples
[2019-07-18 18:45:52] Starting epoch 7
[2019-07-18 18:45:52] [data] Shuffling data
[2019-07-18 18:45:56] [data] Done reading 4357469 sentences
[2019-07-18 18:46:13] [data] Done shuffling 4357469 sentences to temp files
[2019-07-18 18:52:12] Ep. 7 : Up. 138000 : Sen. 239,014 : Cost 52.87377167 : Time 481.90s : 16164.69 words/s
[2019-07-18 18:59:45] Ep. 7 : Up. 140000 : Sen. 547,895 : Cost 52.41635132 : Time 453.59s : 17184.42 words/s
[2019-07-18 18:59:45] Saving model to ../experiments/100M_fasttext_prob_x_len_+_biced_0.25_x_bic1.1/model/model.npz.orig.npz
[2019-07-18 18:59:55] Saving model to ../experiments/100M_fasttext_prob_x_len_+_biced_0.25_x_bic1.1/model/model.iter140000.npz
[2019-07-18 19:00:02] Saving model to ../experiments/100M_fasttext_prob_x_len_+_biced_0.25_x_bic1.1/model/model.npz
[2019-07-18 19:00:12] Saving Adam parameters to ../experiments/100M_fasttext_prob_x_len_+_biced_0.25_x_bic1.1/model/model.npz.optimizer.npz
[2019-07-18 19:00:40] [valid] Ep. 7 : Up. 140000 : cross-entropy : 46.9955 : new best
[2019-07-18 19:00:47] [valid] Ep. 7 : Up. 140000 : perplexity : 6.39671 : new best
[2019-07-18 19:01:38] [valid] Ep. 7 : Up. 140000 : translation : 31 : new best
[2019-07-18 19:09:13] Ep. 7 : Up. 142000 : Sen. 857,830 : Cost 52.37781143 : Time 568.06s : 13719.97 words/s
[2019-07-18 19:16:48] Ep. 7 : Up. 144000 : Sen. 1,167,146 : Cost 52.70322037 : Time 454.64s : 17179.66 words/s
[2019-07-18 19:24:21] Ep. 7 : Up. 146000 : Sen. 1,476,765 : Cost 52.38456726 : Time 452.83s : 17213.82 words/s
[2019-07-18 19:31:55] Ep. 7 : Up. 148000 : Sen. 1,787,062 : Cost 52.68279648 : Time 454.45s : 17241.54 words/s
[2019-07-18 19:39:30] Ep. 7 : Up. 150000 : Sen. 2,097,427 : Cost 52.59021378 : Time 454.39s : 17233.82 words/s
[2019-07-18 19:47:04] Ep. 7 : Up. 152000 : Sen. 2,408,158 : Cost 52.48590088 : Time 453.82s : 17239.61 words/s
[2019-07-18 19:54:37] Ep. 7 : Up. 154000 : Sen. 2,717,834 : Cost 52.63171005 : Time 453.15s : 17215.79 words/s
[2019-07-18 20:02:08] Ep. 7 : Up. 156000 : Sen. 3,026,608 : Cost 52.65446091 : Time 451.57s : 17237.29 words/s
[2019-07-18 20:09:42] Ep. 7 : Up. 158000 : Sen. 3,336,446 : Cost 52.63167572 : Time 453.78s : 17218.23 words/s
[2019-07-18 20:14:15] Seen 3523017 samples
[2019-07-18 20:14:15] Starting epoch 8
[2019-07-18 20:14:15] [data] Shuffling data
[2019-07-18 20:14:18] [data] Done reading 4357469 sentences
[2019-07-18 20:14:41] [data] Done shuffling 4357469 sentences to temp files
[2019-07-18 20:17:52] Ep. 8 : Up. 160000 : Sen. 123,591 : Cost 52.09675217 : Time 489.61s : 15937.43 words/s
[2019-07-18 20:17:52] Saving model to ../experiments/100M_fasttext_prob_x_len_+_biced_0.25_x_bic1.1/model/model.npz.orig.npz
[2019-07-18 20:18:02] Saving model to ../experiments/100M_fasttext_prob_x_len_+_biced_0.25_x_bic1.1/model/model.iter160000.npz
[2019-07-18 20:18:09] Saving model to ../experiments/100M_fasttext_prob_x_len_+_biced_0.25_x_bic1.1/model/model.npz
[2019-07-18 20:18:19] Saving Adam parameters to ../experiments/100M_fasttext_prob_x_len_+_biced_0.25_x_bic1.1/model/model.npz.optimizer.npz
[2019-07-18 20:18:47] [valid] Ep. 8 : Up. 160000 : cross-entropy : 46.5007 : new best
[2019-07-18 20:18:53] [valid] Ep. 8 : Up. 160000 : perplexity : 6.27295 : new best
[2019-07-18 20:19:44] [valid] Ep. 8 : Up. 160000 : translation : 31.18 : new best
[2019-07-18 20:27:21] Ep. 8 : Up. 162000 : Sen. 433,553 : Cost 51.33732224 : Time 568.90s : 13738.46 words/s
[2019-07-18 20:34:54] Ep. 8 : Up. 164000 : Sen. 743,144 : Cost 51.60780334 : Time 453.42s : 17230.69 words/s
[2019-07-18 20:42:28] Ep. 8 : Up. 166000 : Sen. 1,052,549 : Cost 51.77278900 : Time 453.84s : 17234.52 words/s
[2019-07-18 20:50:02] Ep. 8 : Up. 168000 : Sen. 1,363,068 : Cost 51.63122559 : Time 453.81s : 17227.21 words/s
[2019-07-18 20:57:36] Ep. 8 : Up. 170000 : Sen. 1,673,147 : Cost 51.52745819 : Time 453.85s : 17218.42 words/s
[2019-07-18 21:05:10] Ep. 8 : Up. 172000 : Sen. 1,983,298 : Cost 51.71622086 : Time 454.02s : 17210.64 words/s
[2019-07-18 21:12:43] Ep. 8 : Up. 174000 : Sen. 2,293,224 : Cost 51.67887115 : Time 453.61s : 17194.96 words/s
[2019-07-18 21:20:18] Ep. 8 : Up. 176000 : Sen. 2,603,104 : Cost 51.92208099 : Time 454.25s : 17194.04 words/s
[2019-07-18 21:27:52] Ep. 8 : Up. 178000 : Sen. 2,912,396 : Cost 51.88240051 : Time 454.18s : 17169.63 words/s
[2019-07-18 21:35:27] Ep. 8 : Up. 180000 : Sen. 3,222,661 : Cost 51.90711975 : Time 455.10s : 17192.50 words/s
[2019-07-18 21:35:27] Saving model to ../experiments/100M_fasttext_prob_x_len_+_biced_0.25_x_bic1.1/model/model.npz.orig.npz
[2019-07-18 21:35:37] Saving model to ../experiments/100M_fasttext_prob_x_len_+_biced_0.25_x_bic1.1/model/model.iter180000.npz
[2019-07-18 21:35:45] Saving model to ../experiments/100M_fasttext_prob_x_len_+_biced_0.25_x_bic1.1/model/model.npz
[2019-07-18 21:35:56] Saving Adam parameters to ../experiments/100M_fasttext_prob_x_len_+_biced_0.25_x_bic1.1/model/model.npz.optimizer.npz
[2019-07-18 21:36:23] [valid] Ep. 8 : Up. 180000 : cross-entropy : 46.1655 : new best
[2019-07-18 21:36:29] [valid] Ep. 8 : Up. 180000 : perplexity : 6.19045 : new best
[2019-07-18 21:37:21] [valid] Ep. 8 : Up. 180000 : translation : 31.27 : new best
[2019-07-18 21:44:43] Seen 3523017 samples
[2019-07-18 21:44:43] Starting epoch 9
[2019-07-18 21:44:43] [data] Shuffling data
[2019-07-18 21:44:47] [data] Done reading 4357469 sentences
[2019-07-18 21:45:09] [data] Done shuffling 4357469 sentences to temp files
[2019-07-18 21:45:31] Ep. 9 : Up. 182000 : Sen. 9,699 : Cost 51.66589737 : Time 603.82s : 12940.56 words/s
[2019-07-18 21:53:05] Ep. 9 : Up. 184000 : Sen. 319,868 : Cost 50.76427841 : Time 453.98s : 17214.97 words/s
[2019-07-18 22:00:38] Ep. 9 : Up. 186000 : Sen. 629,961 : Cost 50.59498978 : Time 453.63s : 17202.84 words/s
[2019-07-18 22:08:13] Ep. 9 : Up. 188000 : Sen. 939,622 : Cost 50.92192078 : Time 454.93s : 17197.37 words/s
[2019-07-18 22:15:45] Ep. 9 : Up. 190000 : Sen. 1,248,615 : Cost 51.04703903 : Time 452.09s : 17219.88 words/s
[2019-07-18 22:23:19] Ep. 9 : Up. 192000 : Sen. 1,557,832 : Cost 50.93280029 : Time 453.88s : 17198.22 words/s
[2019-07-18 22:30:53] Ep. 9 : Up. 194000 : Sen. 1,868,536 : Cost 50.98298645 : Time 454.03s : 17224.19 words/s
[2019-07-18 22:38:28] Ep. 9 : Up. 196000 : Sen. 2,177,853 : Cost 50.93074417 : Time 454.35s : 17181.67 words/s
[2019-07-18 22:46:01] Ep. 9 : Up. 198000 : Sen. 2,487,780 : Cost 51.17226410 : Time 453.47s : 17221.85 words/s
[2019-07-18 22:53:35] Ep. 9 : Up. 200000 : Sen. 2,797,839 : Cost 51.06206512 : Time 454.31s : 17186.25 words/s
[2019-07-18 22:53:35] Saving model to ../experiments/100M_fasttext_prob_x_len_+_biced_0.25_x_bic1.1/model/model.npz.orig.npz
[2019-07-18 22:53:50] Saving model to ../experiments/100M_fasttext_prob_x_len_+_biced_0.25_x_bic1.1/model/model.iter200000.npz
[2019-07-18 22:53:58] Saving model to ../experiments/100M_fasttext_prob_x_len_+_biced_0.25_x_bic1.1/model/model.npz
[2019-07-18 22:54:09] Saving Adam parameters to ../experiments/100M_fasttext_prob_x_len_+_biced_0.25_x_bic1.1/model/model.npz.optimizer.npz
[2019-07-18 22:54:36] [valid] Ep. 9 : Up. 200000 : cross-entropy : 45.8262 : new best
[2019-07-18 22:54:42] [valid] Ep. 9 : Up. 200000 : perplexity : 6.10808 : new best
[2019-07-18 22:55:34] [valid] Ep. 9 : Up. 200000 : translation : 31.47 : new best
[2019-07-18 23:03:10] Ep. 9 : Up. 202000 : Sen. 3,106,249 : Cost 51.25927353 : Time 574.09s : 13578.92 words/s
[2019-07-18 23:10:44] Ep. 9 : Up. 204000 : Sen. 3,415,621 : Cost 50.98821640 : Time 454.15s : 17170.16 words/s
[2019-07-18 23:13:22] Seen 3523017 samples
[2019-07-18 23:13:22] Starting epoch 10
[2019-07-18 23:13:22] [data] Shuffling data
[2019-07-18 23:13:25] [data] Done reading 4357469 sentences
[2019-07-18 23:13:47] [data] Done shuffling 4357469 sentences to temp files
[2019-07-18 23:18:53] Ep. 10 : Up. 206000 : Sen. 202,125 : Cost 50.33319855 : Time 489.51s : 15918.95 words/s
[2019-07-18 23:26:26] Ep. 10 : Up. 208000 : Sen. 511,472 : Cost 50.09002686 : Time 453.24s : 17192.05 words/s
[2019-07-18 23:33:59] Ep. 10 : Up. 210000 : Sen. 820,098 : Cost 50.11596298 : Time 453.03s : 17175.26 words/s
[2019-07-18 23:41:33] Ep. 10 : Up. 212000 : Sen. 1,129,940 : Cost 50.14693832 : Time 453.91s : 17207.17 words/s
[2019-07-18 23:49:08] Ep. 10 : Up. 214000 : Sen. 1,439,772 : Cost 50.22309494 : Time 454.41s : 17204.00 words/s
[2019-07-18 23:56:43] Ep. 10 : Up. 216000 : Sen. 1,749,744 : Cost 50.18258286 : Time 454.72s : 17176.66 words/s
[2019-07-19 00:04:16] Ep. 10 : Up. 218000 : Sen. 2,058,709 : Cost 50.23262787 : Time 453.34s : 17178.34 words/s
[2019-07-19 00:11:50] Ep. 10 : Up. 220000 : Sen. 2,367,638 : Cost 50.36804199 : Time 453.70s : 17175.55 words/s
[2019-07-19 00:11:50] Saving model to ../experiments/100M_fasttext_prob_x_len_+_biced_0.25_x_bic1.1/model/model.npz.orig.npz
[2019-07-19 00:12:04] Saving model to ../experiments/100M_fasttext_prob_x_len_+_biced_0.25_x_bic1.1/model/model.iter220000.npz
[2019-07-19 00:12:12] Saving model to ../experiments/100M_fasttext_prob_x_len_+_biced_0.25_x_bic1.1/model/model.npz
[2019-07-19 00:12:22] Saving Adam parameters to ../experiments/100M_fasttext_prob_x_len_+_biced_0.25_x_bic1.1/model/model.npz.optimizer.npz
[2019-07-19 00:12:50] [valid] Ep. 10 : Up. 220000 : cross-entropy : 45.6548 : new best
[2019-07-19 00:12:57] [valid] Ep. 10 : Up. 220000 : perplexity : 6.06687 : new best
[2019-07-19 00:13:48] [valid] Ep. 10 : Up. 220000 : translation : 31.37 : stalled 1 times (last best: 31.47)
[2019-07-19 00:21:26] Ep. 10 : Up. 222000 : Sen. 2,678,451 : Cost 50.68947220 : Time 576.68s : 13617.62 words/s
[2019-07-19 00:29:00] Ep. 10 : Up. 224000 : Sen. 2,989,296 : Cost 50.29701233 : Time 454.18s : 17200.14 words/s
[2019-07-19 00:36:35] Ep. 10 : Up. 226000 : Sen. 3,299,125 : Cost 50.53303146 : Time 454.35s : 17180.22 words/s
[2019-07-19 00:42:04] Seen 3523017 samples
[2019-07-19 00:42:04] Starting epoch 11
[2019-07-19 00:42:04] [data] Shuffling data
[2019-07-19 00:42:07] [data] Done reading 4357469 sentences
[2019-07-19 00:42:29] [data] Done shuffling 4357469 sentences to temp files
[2019-07-19 00:44:46] Ep. 11 : Up. 228000 : Sen. 86,247 : Cost 50.18191910 : Time 490.97s : 15977.61 words/s
[2019-07-19 00:52:21] Ep. 11 : Up. 230000 : Sen. 396,363 : Cost 49.33147812 : Time 455.05s : 17176.87 words/s
[2019-07-19 00:59:55] Ep. 11 : Up. 232000 : Sen. 706,535 : Cost 49.60357666 : Time 454.43s : 17208.93 words/s
[2019-07-19 01:07:31] Ep. 11 : Up. 234000 : Sen. 1,017,106 : Cost 49.42214203 : Time 456.15s : 17165.47 words/s
[2019-07-19 01:15:06] Ep. 11 : Up. 236000 : Sen. 1,326,713 : Cost 49.48320770 : Time 454.86s : 17150.61 words/s
[2019-07-19 01:22:41] Ep. 11 : Up. 238000 : Sen. 1,636,300 : Cost 49.88029480 : Time 454.72s : 17178.46 words/s
[2019-07-19 01:30:14] Ep. 11 : Up. 240000 : Sen. 1,945,864 : Cost 49.77460480 : Time 452.67s : 17220.90 words/s
[2019-07-19 01:30:14] Saving model to ../experiments/100M_fasttext_prob_x_len_+_biced_0.25_x_bic1.1/model/model.npz.orig.npz
[2019-07-19 01:30:24] Saving model to ../experiments/100M_fasttext_prob_x_len_+_biced_0.25_x_bic1.1/model/model.iter240000.npz
[2019-07-19 01:30:35] Saving model to ../experiments/100M_fasttext_prob_x_len_+_biced_0.25_x_bic1.1/model/model.npz
[2019-07-19 01:30:48] Saving Adam parameters to ../experiments/100M_fasttext_prob_x_len_+_biced_0.25_x_bic1.1/model/model.npz.optimizer.npz
[2019-07-19 01:31:16] [valid] Ep. 11 : Up. 240000 : cross-entropy : 45.4262 : new best
[2019-07-19 01:31:23] [valid] Ep. 11 : Up. 240000 : perplexity : 6.01235 : new best
[2019-07-19 01:32:15] [valid] Ep. 11 : Up. 240000 : translation : 31.53 : new best
[2019-07-19 01:39:50] Ep. 11 : Up. 242000 : Sen. 2,256,145 : Cost 49.77545547 : Time 576.31s : 13534.35 words/s
[2019-07-19 01:47:25] Ep. 11 : Up. 244000 : Sen. 2,566,004 : Cost 49.97790527 : Time 455.03s : 17194.99 words/s
[2019-07-19 01:54:59] Ep. 11 : Up. 246000 : Sen. 2,876,108 : Cost 49.83346558 : Time 454.41s : 17170.06 words/s
[2019-07-19 02:02:34] Ep. 11 : Up. 248000 : Sen. 3,185,680 : Cost 49.93564224 : Time 454.69s : 17172.22 words/s
[2019-07-19 02:10:08] Ep. 11 : Up. 250000 : Sen. 3,494,796 : Cost 49.95114899 : Time 453.89s : 17191.43 words/s
[2019-07-19 02:10:49] Seen 3523017 samples
[2019-07-19 02:10:49] Starting epoch 12
[2019-07-19 02:10:49] [data] Shuffling data
[2019-07-19 02:10:53] [data] Done reading 4357469 sentences
[2019-07-19 02:11:15] [data] Done shuffling 4357469 sentences to temp files
[2019-07-19 02:18:16] Ep. 12 : Up. 252000 : Sen. 282,040 : Cost 48.88253784 : Time 488.33s : 16025.76 words/s
[2019-07-19 02:25:50] Ep. 12 : Up. 254000 : Sen. 591,459 : Cost 48.86909485 : Time 453.13s : 17202.95 words/s
[2019-07-19 02:33:24] Ep. 12 : Up. 256000 : Sen. 901,162 : Cost 49.11732483 : Time 454.00s : 17185.59 words/s
[2019-07-19 02:40:58] Ep. 12 : Up. 258000 : Sen. 1,211,383 : Cost 49.15018845 : Time 454.92s : 17189.35 words/s
[2019-07-19 02:48:32] Ep. 12 : Up. 260000 : Sen. 1,521,138 : Cost 49.15719986 : Time 453.57s : 17197.82 words/s
[2019-07-19 02:48:32] Saving model to ../experiments/100M_fasttext_prob_x_len_+_biced_0.25_x_bic1.1/model/model.npz.orig.npz
[2019-07-19 02:48:47] Saving model to ../experiments/100M_fasttext_prob_x_len_+_biced_0.25_x_bic1.1/model/model.iter260000.npz
[2019-07-19 02:48:55] Saving model to ../experiments/100M_fasttext_prob_x_len_+_biced_0.25_x_bic1.1/model/model.npz
[2019-07-19 02:49:06] Saving Adam parameters to ../experiments/100M_fasttext_prob_x_len_+_biced_0.25_x_bic1.1/model/model.npz.optimizer.npz
[2019-07-19 02:49:35] [valid] Ep. 12 : Up. 260000 : cross-entropy : 45.214 : new best
[2019-07-19 02:49:42] [valid] Ep. 12 : Up. 260000 : perplexity : 5.96218 : new best
[2019-07-19 02:50:33] [valid] Ep. 12 : Up. 260000 : translation : 31.6 : new best
[2019-07-19 02:58:09] Ep. 12 : Up. 262000 : Sen. 1,830,664 : Cost 49.55123520 : Time 577.30s : 13542.54 words/s
[2019-07-19 03:05:43] Ep. 12 : Up. 264000 : Sen. 2,141,162 : Cost 49.28435516 : Time 454.14s : 17261.51 words/s
[2019-07-19 03:13:19] Ep. 12 : Up. 266000 : Sen. 2,451,680 : Cost 49.19651031 : Time 455.06s : 17194.89 words/s
[2019-07-19 03:20:53] Ep. 12 : Up. 268000 : Sen. 2,761,337 : Cost 49.63589096 : Time 454.13s : 17201.05 words/s
[2019-07-19 03:28:26] Ep. 12 : Up. 270000 : Sen. 3,071,430 : Cost 49.49210739 : Time 453.09s : 17223.60 words/s
[2019-07-19 03:36:02] Ep. 12 : Up. 272000 : Sen. 3,382,370 : Cost 49.45320511 : Time 455.80s : 17178.64 words/s
[2019-07-19 03:39:29] Seen 3523017 samples
[2019-07-19 03:39:29] Starting epoch 13
[2019-07-19 03:39:29] [data] Shuffling data
[2019-07-19 03:39:32] [data] Done reading 4357469 sentences
[2019-07-19 03:39:54] [data] Done shuffling 4357469 sentences to temp files
[2019-07-19 03:44:08] Ep. 13 : Up. 274000 : Sen. 167,851 : Cost 48.96596146 : Time 486.73s : 15991.54 words/s
[2019-07-19 03:51:42] Ep. 13 : Up. 276000 : Sen. 477,503 : Cost 48.32682037 : Time 453.66s : 17196.32 words/s
[2019-07-19 03:59:15] Ep. 13 : Up. 278000 : Sen. 787,464 : Cost 48.48106766 : Time 453.14s : 17220.92 words/s
[2019-07-19 04:06:50] Ep. 13 : Up. 280000 : Sen. 1,098,970 : Cost 48.87708282 : Time 455.01s : 17285.68 words/s
[2019-07-19 04:06:50] Saving model to ../experiments/100M_fasttext_prob_x_len_+_biced_0.25_x_bic1.1/model/model.npz.orig.npz
[2019-07-19 04:07:00] Saving model to ../experiments/100M_fasttext_prob_x_len_+_biced_0.25_x_bic1.1/model/model.iter280000.npz
[2019-07-19 04:07:07] Saving model to ../experiments/100M_fasttext_prob_x_len_+_biced_0.25_x_bic1.1/model/model.npz
[2019-07-19 04:07:17] Saving Adam parameters to ../experiments/100M_fasttext_prob_x_len_+_biced_0.25_x_bic1.1/model/model.npz.optimizer.npz
[2019-07-19 04:07:43] [valid] Ep. 13 : Up. 280000 : cross-entropy : 45.0737 : new best
[2019-07-19 04:07:50] [valid] Ep. 13 : Up. 280000 : perplexity : 5.92923 : new best
[2019-07-19 04:08:40] [valid] Ep. 13 : Up. 280000 : translation : 31.75 : new best
[2019-07-19 04:16:15] Ep. 13 : Up. 282000 : Sen. 1,408,660 : Cost 48.77476883 : Time 564.59s : 13825.78 words/s
[2019-07-19 04:23:47] Ep. 13 : Up. 284000 : Sen. 1,718,119 : Cost 48.88512039 : Time 452.43s : 17236.14 words/s
[2019-07-19 04:31:22] Ep. 13 : Up. 286000 : Sen. 2,028,140 : Cost 48.92634201 : Time 454.97s : 17161.40 words/s
[2019-07-19 04:38:55] Ep. 13 : Up. 288000 : Sen. 2,336,497 : Cost 49.01522827 : Time 452.48s : 17168.48 words/s
[2019-07-19 04:46:30] Ep. 13 : Up. 290000 : Sen. 2,645,863 : Cost 49.14149475 : Time 455.17s : 17178.48 words/s
[2019-07-19 04:54:04] Ep. 13 : Up. 292000 : Sen. 2,956,272 : Cost 48.91390228 : Time 454.01s : 17213.15 words/s
[2019-07-19 05:01:39] Ep. 13 : Up. 294000 : Sen. 3,266,319 : Cost 48.95949173 : Time 454.85s : 17187.43 words/s
[2019-07-19 05:07:55] Seen 3523017 samples
[2019-07-19 05:07:55] Starting epoch 14
[2019-07-19 05:07:55] [data] Shuffling data
[2019-07-19 05:07:58] [data] Done reading 4357469 sentences
[2019-07-19 05:08:20] [data] Done shuffling 4357469 sentences to temp files
[2019-07-19 05:09:48] Ep. 14 : Up. 296000 : Sen. 54,030 : Cost 49.01058960 : Time 489.48s : 16012.18 words/s
[2019-07-19 05:17:23] Ep. 14 : Up. 298000 : Sen. 364,570 : Cost 48.11137772 : Time 455.07s : 17199.14 words/s
[2019-07-19 05:24:56] Ep. 14 : Up. 300000 : Sen. 673,815 : Cost 48.04565430 : Time 453.04s : 17204.26 words/s
[2019-07-19 05:24:56] Saving model to ../experiments/100M_fasttext_prob_x_len_+_biced_0.25_x_bic1.1/model/model.npz.orig.npz
[2019-07-19 05:25:06] Saving model to ../experiments/100M_fasttext_prob_x_len_+_biced_0.25_x_bic1.1/model/model.iter300000.npz
[2019-07-19 05:25:16] Saving model to ../experiments/100M_fasttext_prob_x_len_+_biced_0.25_x_bic1.1/model/model.npz
[2019-07-19 05:25:27] Saving Adam parameters to ../experiments/100M_fasttext_prob_x_len_+_biced_0.25_x_bic1.1/model/model.npz.optimizer.npz
[2019-07-19 05:25:56] [valid] Ep. 14 : Up. 300000 : cross-entropy : 45.0752 : stalled 1 times (last best: 45.0737)
[2019-07-19 05:26:02] [valid] Ep. 14 : Up. 300000 : perplexity : 5.92959 : stalled 1 times (last best: 5.92923)
[2019-07-19 05:26:53] [valid] Ep. 14 : Up. 300000 : translation : 31.84 : new best
[2019-07-19 05:34:30] Ep. 14 : Up. 302000 : Sen. 983,298 : Cost 48.42462921 : Time 573.73s : 13600.85 words/s
[2019-07-19 05:42:04] Ep. 14 : Up. 304000 : Sen. 1,293,857 : Cost 48.27857590 : Time 453.79s : 17248.81 words/s
[2019-07-19 05:49:36] Ep. 14 : Up. 306000 : Sen. 1,603,620 : Cost 48.26789856 : Time 452.43s : 17217.87 words/s
[2019-07-19 05:57:09] Ep. 14 : Up. 308000 : Sen. 1,912,502 : Cost 48.60723495 : Time 452.97s : 17204.25 words/s
[2019-07-19 06:04:43] Ep. 14 : Up. 310000 : Sen. 2,222,108 : Cost 48.77582932 : Time 453.88s : 17227.02 words/s
[2019-07-19 06:12:17] Ep. 14 : Up. 312000 : Sen. 2,531,798 : Cost 48.56407166 : Time 453.61s : 17195.22 words/s
[2019-07-19 06:19:50] Ep. 14 : Up. 314000 : Sen. 2,841,468 : Cost 48.79248047 : Time 453.60s : 17218.65 words/s
[2019-07-19 06:27:23] Ep. 14 : Up. 316000 : Sen. 3,150,862 : Cost 48.58740997 : Time 452.79s : 17207.81 words/s
[2019-07-19 06:34:59] Ep. 14 : Up. 318000 : Sen. 3,462,268 : Cost 48.84725571 : Time 455.96s : 17240.96 words/s
[2019-07-19 06:36:28] Seen 3523017 samples
[2019-07-19 06:36:28] Starting epoch 15
[2019-07-19 06:36:28] [data] Shuffling data
[2019-07-19 06:36:31] [data] Done reading 4357469 sentences
[2019-07-19 06:37:01] [data] Done shuffling 4357469 sentences to temp files
[2019-07-19 06:43:07] Ep. 15 : Up. 320000 : Sen. 248,464 : Cost 47.87382889 : Time 488.15s : 15966.02 words/s
[2019-07-19 06:43:07] Saving model to ../experiments/100M_fasttext_prob_x_len_+_biced_0.25_x_bic1.1/model/model.npz.orig.npz
[2019-07-19 06:43:18] Saving model to ../experiments/100M_fasttext_prob_x_len_+_biced_0.25_x_bic1.1/model/model.iter320000.npz
[2019-07-19 06:43:25] Saving model to ../experiments/100M_fasttext_prob_x_len_+_biced_0.25_x_bic1.1/model/model.npz
[2019-07-19 06:43:36] Saving Adam parameters to ../experiments/100M_fasttext_prob_x_len_+_biced_0.25_x_bic1.1/model/model.npz.optimizer.npz
[2019-07-19 06:44:04] [valid] Ep. 15 : Up. 320000 : cross-entropy : 44.9067 : new best
[2019-07-19 06:44:11] [valid] Ep. 15 : Up. 320000 : perplexity : 5.89028 : new best
[2019-07-19 06:45:04] [valid] Ep. 15 : Up. 320000 : translation : 31.86 : new best
[2019-07-19 06:52:41] Ep. 15 : Up. 322000 : Sen. 559,347 : Cost 47.82737350 : Time 574.12s : 13654.50 words/s
[2019-07-19 07:00:17] Ep. 15 : Up. 324000 : Sen. 870,136 : Cost 47.63888550 : Time 455.74s : 17183.68 words/s
[2019-07-19 07:07:52] Ep. 15 : Up. 326000 : Sen. 1,179,903 : Cost 48.03857803 : Time 454.71s : 17188.34 words/s
[2019-07-19 07:15:27] Ep. 15 : Up. 328000 : Sen. 1,490,762 : Cost 48.14765549 : Time 455.21s : 17197.78 words/s
[2019-07-19 07:23:02] Ep. 15 : Up. 330000 : Sen. 1,802,107 : Cost 48.07043457 : Time 454.76s : 17233.51 words/s
[2019-07-19 07:30:36] Ep. 15 : Up. 332000 : Sen. 2,111,736 : Cost 48.17319489 : Time 454.39s : 17192.28 words/s
[2019-07-19 07:38:09] Ep. 15 : Up. 334000 : Sen. 2,420,910 : Cost 48.44588089 : Time 453.06s : 17208.87 words/s
[2019-07-19 07:45:44] Ep. 15 : Up. 336000 : Sen. 2,731,718 : Cost 48.57043457 : Time 454.34s : 17247.66 words/s
[2019-07-19 07:53:19] Ep. 15 : Up. 338000 : Sen. 3,042,642 : Cost 48.40732956 : Time 455.22s : 17239.59 words/s
[2019-07-19 08:00:53] Ep. 15 : Up. 340000 : Sen. 3,353,120 : Cost 48.40768814 : Time 453.79s : 17245.76 words/s
[2019-07-19 08:00:53] Saving model to ../experiments/100M_fasttext_prob_x_len_+_biced_0.25_x_bic1.1/model/model.npz.orig.npz
[2019-07-19 08:01:03] Saving model to ../experiments/100M_fasttext_prob_x_len_+_biced_0.25_x_bic1.1/model/model.iter340000.npz
[2019-07-19 08:01:11] Saving model to ../experiments/100M_fasttext_prob_x_len_+_biced_0.25_x_bic1.1/model/model.npz
[2019-07-19 08:01:22] Saving Adam parameters to ../experiments/100M_fasttext_prob_x_len_+_biced_0.25_x_bic1.1/model/model.npz.optimizer.npz
[2019-07-19 08:01:56] [valid] Ep. 15 : Up. 340000 : cross-entropy : 44.8384 : new best
[2019-07-19 08:02:02] [valid] Ep. 15 : Up. 340000 : perplexity : 5.8744 : new best
[2019-07-19 08:02:54] [valid] Ep. 15 : Up. 340000 : translation : 31.98 : new best
[2019-07-19 08:07:04] Seen 3523017 samples
[2019-07-19 08:07:04] Starting epoch 16
[2019-07-19 08:07:04] [data] Shuffling data
[2019-07-19 08:07:07] [data] Done reading 4357469 sentences
[2019-07-19 08:07:30] [data] Done shuffling 4357469 sentences to temp files
[2019-07-19 08:11:03] Ep. 16 : Up. 342000 : Sen. 139,599 : Cost 47.78989029 : Time 610.29s : 12776.91 words/s
[2019-07-19 08:18:38] Ep. 16 : Up. 344000 : Sen. 450,403 : Cost 47.40269470 : Time 454.87s : 17210.20 words/s
[2019-07-19 08:26:11] Ep. 16 : Up. 346000 : Sen. 760,929 : Cost 47.62134552 : Time 453.54s : 17243.44 words/s
[2019-07-19 08:33:43] Ep. 16 : Up. 348000 : Sen. 1,070,947 : Cost 47.50384140 : Time 451.59s : 17272.85 words/s
[2019-07-19 08:41:14] Ep. 16 : Up. 350000 : Sen. 1,380,312 : Cost 47.82063293 : Time 451.43s : 17301.65 words/s
[2019-07-19 08:48:48] Ep. 16 : Up. 352000 : Sen. 1,690,293 : Cost 47.80837250 : Time 453.29s : 17261.85 words/s
[2019-07-19 08:56:20] Ep. 16 : Up. 354000 : Sen. 1,998,996 : Cost 47.71349335 : Time 452.13s : 17211.23 words/s
[2019-07-19 09:03:53] Ep. 16 : Up. 356000 : Sen. 2,308,197 : Cost 47.86301422 : Time 453.57s : 17199.56 words/s
[2019-07-19 09:11:28] Ep. 16 : Up. 358000 : Sen. 2,619,289 : Cost 47.91144180 : Time 454.32s : 17241.88 words/s
[2019-07-19 09:19:03] Ep. 16 : Up. 360000 : Sen. 2,930,276 : Cost 48.15922546 : Time 455.28s : 17232.86 words/s
[2019-07-19 09:19:03] Saving model to ../experiments/100M_fasttext_prob_x_len_+_biced_0.25_x_bic1.1/model/model.npz.orig.npz
[2019-07-19 09:19:14] Saving model to ../experiments/100M_fasttext_prob_x_len_+_biced_0.25_x_bic1.1/model/model.iter360000.npz
[2019-07-19 09:19:21] Saving model to ../experiments/100M_fasttext_prob_x_len_+_biced_0.25_x_bic1.1/model/model.npz
[2019-07-19 09:19:32] Saving Adam parameters to ../experiments/100M_fasttext_prob_x_len_+_biced_0.25_x_bic1.1/model/model.npz.optimizer.npz
[2019-07-19 09:19:59] [valid] Ep. 16 : Up. 360000 : cross-entropy : 44.6982 : new best
[2019-07-19 09:20:05] [valid] Ep. 16 : Up. 360000 : perplexity : 5.84198 : new best
[2019-07-19 09:20:56] [valid] Ep. 16 : Up. 360000 : translation : 31.9 : stalled 1 times (last best: 31.98)
[2019-07-19 09:28:32] Ep. 16 : Up. 362000 : Sen. 3,240,140 : Cost 48.18802261 : Time 569.43s : 13707.79 words/s
[2019-07-19 09:35:26] Seen 3523017 samples
[2019-07-19 09:35:26] Starting epoch 17
[2019-07-19 09:35:26] [data] Shuffling data
[2019-07-19 09:35:30] [data] Done reading 4357469 sentences
[2019-07-19 09:35:52] [data] Done shuffling 4357469 sentences to temp files
[2019-07-19 09:36:40] Ep. 17 : Up. 364000 : Sen. 26,639 : Cost 47.95013046 : Time 487.36s : 16032.15 words/s
[2019-07-19 09:44:14] Ep. 17 : Up. 366000 : Sen. 336,306 : Cost 46.91365051 : Time 453.88s : 17194.63 words/s
[2019-07-19 09:51:48] Ep. 17 : Up. 368000 : Sen. 646,268 : Cost 47.08328629 : Time 454.02s : 17205.63 words/s
[2019-07-19 09:59:22] Ep. 17 : Up. 370000 : Sen. 955,451 : Cost 47.21370697 : Time 454.40s : 17178.84 words/s
[2019-07-19 10:06:56] Ep. 17 : Up. 372000 : Sen. 1,265,615 : Cost 47.29779816 : Time 453.62s : 17215.62 words/s
[2019-07-19 10:14:30] Ep. 17 : Up. 374000 : Sen. 1,575,536 : Cost 47.66488647 : Time 453.94s : 17223.16 words/s
[2019-07-19 10:22:02] Ep. 17 : Up. 376000 : Sen. 1,885,448 : Cost 47.52616501 : Time 452.87s : 17250.37 words/s
[2019-07-19 10:29:38] Ep. 17 : Up. 378000 : Sen. 2,196,056 : Cost 47.60248184 : Time 455.31s : 17186.00 words/s
[2019-07-19 10:37:12] Ep. 17 : Up. 380000 : Sen. 2,505,806 : Cost 47.83499146 : Time 453.79s : 17229.51 words/s
[2019-07-19 10:37:12] Saving model to ../experiments/100M_fasttext_prob_x_len_+_biced_0.25_x_bic1.1/model/model.npz.orig.npz
[2019-07-19 10:37:22] Saving model to ../experiments/100M_fasttext_prob_x_len_+_biced_0.25_x_bic1.1/model/model.iter380000.npz
[2019-07-19 10:37:29] Saving model to ../experiments/100M_fasttext_prob_x_len_+_biced_0.25_x_bic1.1/model/model.npz
[2019-07-19 10:37:39] Saving Adam parameters to ../experiments/100M_fasttext_prob_x_len_+_biced_0.25_x_bic1.1/model/model.npz.optimizer.npz
[2019-07-19 10:38:07] [valid] Ep. 17 : Up. 380000 : cross-entropy : 44.6875 : new best
[2019-07-19 10:38:14] [valid] Ep. 17 : Up. 380000 : perplexity : 5.83951 : new best
[2019-07-19 10:39:06] [valid] Ep. 17 : Up. 380000 : translation : 32 : new best
[2019-07-19 10:46:40] Ep. 17 : Up. 382000 : Sen. 2,815,340 : Cost 47.78640747 : Time 568.38s : 13703.45 words/s
[2019-07-19 10:54:14] Ep. 17 : Up. 384000 : Sen. 3,126,730 : Cost 47.78494644 : Time 454.22s : 17266.30 words/s
[2019-07-19 11:01:46] Ep. 17 : Up. 386000 : Sen. 3,435,560 : Cost 47.80090332 : Time 452.28s : 17245.40 words/s
[2019-07-19 11:03:55] Seen 3523017 samples
[2019-07-19 11:03:55] Starting epoch 18
[2019-07-19 11:03:55] [data] Shuffling data
[2019-07-19 11:03:58] [data] Done reading 4357469 sentences
[2019-07-19 11:04:20] [data] Done shuffling 4357469 sentences to temp files
[2019-07-19 11:09:53] Ep. 18 : Up. 388000 : Sen. 221,867 : Cost 46.95793533 : Time 487.00s : 15973.83 words/s
[2019-07-19 11:17:27] Ep. 18 : Up. 390000 : Sen. 531,464 : Cost 46.91030884 : Time 453.42s : 17228.12 words/s
[2019-07-19 11:25:00] Ep. 18 : Up. 392000 : Sen. 840,561 : Cost 47.16438293 : Time 453.28s : 17189.70 words/s
[2019-07-19 11:32:34] Ep. 18 : Up. 394000 : Sen. 1,150,540 : Cost 47.14372253 : Time 454.08s : 17212.38 words/s
[2019-07-19 11:40:08] Ep. 18 : Up. 396000 : Sen. 1,459,531 : Cost 47.40666580 : Time 453.47s : 17177.22 words/s
[2019-07-19 11:47:42] Ep. 18 : Up. 398000 : Sen. 1,769,778 : Cost 47.30408096 : Time 454.52s : 17210.52 words/s
[2019-07-19 11:55:16] Ep. 18 : Up. 400000 : Sen. 2,079,562 : Cost 47.20876312 : Time 454.20s : 17195.30 words/s
[2019-07-19 11:55:16] Saving model to ../experiments/100M_fasttext_prob_x_len_+_biced_0.25_x_bic1.1/model/model.npz.orig.npz
[2019-07-19 11:55:27] Saving model to ../experiments/100M_fasttext_prob_x_len_+_biced_0.25_x_bic1.1/model/model.iter400000.npz
[2019-07-19 11:55:35] Saving model to ../experiments/100M_fasttext_prob_x_len_+_biced_0.25_x_bic1.1/model/model.npz
[2019-07-19 11:55:45] Saving Adam parameters to ../experiments/100M_fasttext_prob_x_len_+_biced_0.25_x_bic1.1/model/model.npz.optimizer.npz
[2019-07-19 11:56:16] [valid] Ep. 18 : Up. 400000 : cross-entropy : 44.7232 : stalled 1 times (last best: 44.6875)
[2019-07-19 11:56:23] [valid] Ep. 18 : Up. 400000 : perplexity : 5.84775 : stalled 1 times (last best: 5.83951)
[2019-07-19 11:57:14] [valid] Ep. 18 : Up. 400000 : translation : 31.93 : stalled 1 times (last best: 32)
[2019-07-19 12:04:51] Ep. 18 : Up. 402000 : Sen. 2,390,091 : Cost 47.29935074 : Time 575.03s : 13614.74 words/s
[2019-07-19 12:12:25] Ep. 18 : Up. 404000 : Sen. 2,699,850 : Cost 47.36033630 : Time 453.35s : 17203.96 words/s
[2019-07-19 12:20:00] Ep. 18 : Up. 406000 : Sen. 3,010,660 : Cost 47.56755066 : Time 454.80s : 17254.97 words/s
[2019-07-19 12:27:33] Ep. 18 : Up. 408000 : Sen. 3,320,932 : Cost 47.62176514 : Time 453.16s : 17242.85 words/s
[2019-07-19 12:32:29] Seen 3523017 samples
[2019-07-19 12:32:29] Starting epoch 19
[2019-07-19 12:32:29] [data] Shuffling data
[2019-07-19 12:32:32] [data] Done reading 4357469 sentences
[2019-07-19 12:32:50] [data] Done shuffling 4357469 sentences to temp files
[2019-07-19 12:35:35] Ep. 19 : Up. 410000 : Sen. 107,117 : Cost 47.43922806 : Time 482.42s : 16191.19 words/s
[2019-07-19 12:43:09] Ep. 19 : Up. 412000 : Sen. 417,797 : Cost 46.43997192 : Time 454.31s : 17244.41 words/s
[2019-07-19 12:50:44] Ep. 19 : Up. 414000 : Sen. 729,196 : Cost 46.61850739 : Time 454.83s : 17241.09 words/s
[2019-07-19 12:58:18] Ep. 19 : Up. 416000 : Sen. 1,037,932 : Cost 46.98964310 : Time 453.44s : 17154.82 words/s
[2019-07-19 13:05:53] Ep. 19 : Up. 418000 : Sen. 1,348,361 : Cost 47.03348923 : Time 455.30s : 17190.66 words/s
[2019-07-19 13:13:28] Ep. 19 : Up. 420000 : Sen. 1,657,600 : Cost 46.82797623 : Time 454.88s : 17138.74 words/s
[2019-07-19 13:13:28] Saving model to ../experiments/100M_fasttext_prob_x_len_+_biced_0.25_x_bic1.1/model/model.npz.orig.npz
[2019-07-19 13:13:38] Saving model to ../experiments/100M_fasttext_prob_x_len_+_biced_0.25_x_bic1.1/model/model.iter420000.npz
[2019-07-19 13:13:46] Saving model to ../experiments/100M_fasttext_prob_x_len_+_biced_0.25_x_bic1.1/model/model.npz
[2019-07-19 13:13:57] Saving Adam parameters to ../experiments/100M_fasttext_prob_x_len_+_biced_0.25_x_bic1.1/model/model.npz.optimizer.npz
[2019-07-19 13:14:24] [valid] Ep. 19 : Up. 420000 : cross-entropy : 44.7611 : stalled 2 times (last best: 44.6875)
[2019-07-19 13:14:31] [valid] Ep. 19 : Up. 420000 : perplexity : 5.85649 : stalled 2 times (last best: 5.83951)
[2019-07-19 13:15:21] [valid] Ep. 19 : Up. 420000 : translation : 31.97 : stalled 2 times (last best: 32)
[2019-07-19 13:22:56] Ep. 19 : Up. 422000 : Sen. 1,966,985 : Cost 47.07284546 : Time 568.38s : 13705.92 words/s
[2019-07-19 13:30:31] Ep. 19 : Up. 424000 : Sen. 2,277,414 : Cost 47.03709793 : Time 454.79s : 17189.37 words/s
[2019-07-19 13:38:05] Ep. 19 : Up. 426000 : Sen. 2,586,376 : Cost 47.23788071 : Time 454.15s : 17179.73 words/s
[2019-07-19 13:45:40] Ep. 19 : Up. 428000 : Sen. 2,896,148 : Cost 47.22426605 : Time 454.21s : 17186.53 words/s
[2019-07-19 13:53:17] Ep. 19 : Up. 430000 : Sen. 3,207,645 : Cost 47.31971741 : Time 457.72s : 17185.20 words/s
[2019-07-19 14:00:51] Ep. 19 : Up. 432000 : Sen. 3,516,955 : Cost 47.30953979 : Time 453.95s : 17159.28 words/s
[2019-07-19 14:01:00] Seen 3523017 samples
[2019-07-19 14:01:00] Starting epoch 20
[2019-07-19 14:01:00] [data] Shuffling data
[2019-07-19 14:01:04] [data] Done reading 4357469 sentences
[2019-07-19 14:01:29] [data] Done shuffling 4357469 sentences to temp files
[2019-07-19 14:09:04] Ep. 20 : Up. 434000 : Sen. 303,372 : Cost 46.19284058 : Time 492.33s : 15832.75 words/s
[2019-07-19 14:16:38] Ep. 20 : Up. 436000 : Sen. 612,577 : Cost 46.35706711 : Time 454.77s : 17161.65 words/s
[2019-07-19 14:24:13] Ep. 20 : Up. 438000 : Sen. 923,226 : Cost 46.68994141 : Time 454.77s : 17239.19 words/s
[2019-07-19 14:31:46] Ep. 20 : Up. 440000 : Sen. 1,234,194 : Cost 46.76935577 : Time 453.00s : 17316.89 words/s
[2019-07-19 14:31:46] Saving model to ../experiments/100M_fasttext_prob_x_len_+_biced_0.25_x_bic1.1/model/model.npz.orig.npz
[2019-07-19 14:31:56] Saving model to ../experiments/100M_fasttext_prob_x_len_+_biced_0.25_x_bic1.1/model/model.iter440000.npz
[2019-07-19 14:32:03] Saving model to ../experiments/100M_fasttext_prob_x_len_+_biced_0.25_x_bic1.1/model/model.npz
[2019-07-19 14:32:13] Saving Adam parameters to ../experiments/100M_fasttext_prob_x_len_+_biced_0.25_x_bic1.1/model/model.npz.optimizer.npz
[2019-07-19 14:32:40] [valid] Ep. 20 : Up. 440000 : cross-entropy : 44.7286 : stalled 3 times (last best: 44.6875)
[2019-07-19 14:32:47] [valid] Ep. 20 : Up. 440000 : perplexity : 5.849 : stalled 3 times (last best: 5.83951)
[2019-07-19 14:33:38] [valid] Ep. 20 : Up. 440000 : translation : 31.91 : stalled 3 times (last best: 32)
[2019-07-19 14:41:12] Ep. 20 : Up. 442000 : Sen. 1,542,922 : Cost 46.42679596 : Time 566.05s : 13723.41 words/s
[2019-07-19 14:48:46] Ep. 20 : Up. 444000 : Sen. 1,853,313 : Cost 46.64793396 : Time 453.75s : 17204.51 words/s
[2019-07-19 14:56:19] Ep. 20 : Up. 446000 : Sen. 2,162,012 : Cost 46.82931900 : Time 453.57s : 17163.63 words/s
[2019-07-19 15:03:56] Ep. 20 : Up. 448000 : Sen. 2,473,037 : Cost 47.13007355 : Time 456.25s : 17173.74 words/s
[2019-07-19 15:11:31] Ep. 20 : Up. 450000 : Sen. 2,783,587 : Cost 47.05931091 : Time 455.78s : 17187.56 words/s
[2019-07-19 15:19:06] Ep. 20 : Up. 452000 : Sen. 3,093,329 : Cost 47.06910324 : Time 454.84s : 17168.98 words/s
[2019-07-19 15:26:41] Ep. 20 : Up. 454000 : Sen. 3,403,306 : Cost 46.97218323 : Time 454.71s : 17158.58 words/s
[2019-07-19 15:29:38] Seen 3523017 samples
[2019-07-19 15:29:38] Starting epoch 21
[2019-07-19 15:29:38] [data] Shuffling data
[2019-07-19 15:29:42] [data] Done reading 4357469 sentences
[2019-07-19 15:30:05] [data] Done shuffling 4357469 sentences to temp files
[2019-07-19 15:35:01] Ep. 21 : Up. 456000 : Sen. 189,961 : Cost 46.70286942 : Time 499.57s : 15688.33 words/s
[2019-07-19 15:42:35] Ep. 21 : Up. 458000 : Sen. 499,471 : Cost 46.14986801 : Time 454.53s : 17167.25 words/s
[2019-07-19 15:50:10] Ep. 21 : Up. 460000 : Sen. 810,150 : Cost 46.26185226 : Time 455.34s : 17192.69 words/s
[2019-07-19 15:50:10] Saving model to ../experiments/100M_fasttext_prob_x_len_+_biced_0.25_x_bic1.1/model/model.npz.orig.npz
[2019-07-19 15:50:21] Saving model to ../experiments/100M_fasttext_prob_x_len_+_biced_0.25_x_bic1.1/model/model.iter460000.npz
[2019-07-19 15:50:28] Saving model to ../experiments/100M_fasttext_prob_x_len_+_biced_0.25_x_bic1.1/model/model.npz
[2019-07-19 15:50:39] Saving Adam parameters to ../experiments/100M_fasttext_prob_x_len_+_biced_0.25_x_bic1.1/model/model.npz.optimizer.npz
[2019-07-19 15:51:07] [valid] Ep. 21 : Up. 460000 : cross-entropy : 44.6401 : new best
[2019-07-19 15:51:13] [valid] Ep. 21 : Up. 460000 : perplexity : 5.82858 : new best
[2019-07-19 15:52:04] [valid] Ep. 21 : Up. 460000 : translation : 31.92 : stalled 4 times (last best: 32)
[2019-07-19 15:59:39] Ep. 21 : Up. 462000 : Sen. 1,119,236 : Cost 46.46715927 : Time 568.92s : 13707.65 words/s
[2019-07-19 16:07:13] Ep. 21 : Up. 464000 : Sen. 1,429,577 : Cost 46.32836914 : Time 453.31s : 17225.75 words/s
[2019-07-19 16:14:47] Ep. 21 : Up. 466000 : Sen. 1,740,236 : Cost 46.55166626 : Time 454.76s : 17224.73 words/s
[2019-07-19 16:22:21] Ep. 21 : Up. 468000 : Sen. 2,049,867 : Cost 46.50190735 : Time 453.08s : 17211.16 words/s
[2019-07-19 16:29:53] Ep. 21 : Up. 470000 : Sen. 2,358,798 : Cost 46.76475525 : Time 452.66s : 17217.77 words/s
[2019-07-19 16:37:28] Ep. 21 : Up. 472000 : Sen. 2,669,789 : Cost 46.86864853 : Time 454.73s : 17235.83 words/s
[2019-07-19 16:45:00] Ep. 21 : Up. 474000 : Sen. 2,979,226 : Cost 46.92486191 : Time 452.49s : 17228.78 words/s
[2019-07-19 16:52:34] Ep. 21 : Up. 476000 : Sen. 3,288,283 : Cost 46.92078781 : Time 453.30s : 17219.35 words/s
[2019-07-19 16:58:16] Seen 3523017 samples
[2019-07-19 16:58:16] Starting epoch 22
[2019-07-19 16:58:16] [data] Shuffling data
[2019-07-19 16:58:20] [data] Done reading 4357469 sentences
[2019-07-19 16:58:42] [data] Done shuffling 4357469 sentences to temp files
[2019-07-19 17:00:40] Ep. 22 : Up. 478000 : Sen. 75,868 : Cost 46.57799911 : Time 486.41s : 16073.53 words/s
[2019-07-19 17:08:15] Ep. 22 : Up. 480000 : Sen. 385,765 : Cost 45.85079193 : Time 454.52s : 17169.17 words/s
[2019-07-19 17:08:15] Saving model to ../experiments/100M_fasttext_prob_x_len_+_biced_0.25_x_bic1.1/model/model.npz.orig.npz
[2019-07-19 17:08:25] Saving model to ../experiments/100M_fasttext_prob_x_len_+_biced_0.25_x_bic1.1/model/model.iter480000.npz
[2019-07-19 17:08:32] Saving model to ../experiments/100M_fasttext_prob_x_len_+_biced_0.25_x_bic1.1/model/model.npz
[2019-07-19 17:08:43] Saving Adam parameters to ../experiments/100M_fasttext_prob_x_len_+_biced_0.25_x_bic1.1/model/model.npz.optimizer.npz
[2019-07-19 17:09:11] [valid] Ep. 22 : Up. 480000 : cross-entropy : 44.6065 : new best
[2019-07-19 17:09:18] [valid] Ep. 22 : Up. 480000 : perplexity : 5.82085 : new best
[2019-07-19 17:10:09] [valid] Ep. 22 : Up. 480000 : translation : 31.99 : stalled 5 times (last best: 32)
[2019-07-19 17:17:45] Ep. 22 : Up. 482000 : Sen. 694,582 : Cost 46.23009872 : Time 570.35s : 13685.78 words/s
[2019-07-19 17:25:20] Ep. 22 : Up. 484000 : Sen. 1,005,827 : Cost 46.12897110 : Time 455.26s : 17214.10 words/s
[2019-07-19 17:32:54] Ep. 22 : Up. 486000 : Sen. 1,315,794 : Cost 46.24938202 : Time 453.73s : 17231.09 words/s
[2019-07-19 17:40:28] Ep. 22 : Up. 488000 : Sen. 1,626,038 : Cost 46.38216782 : Time 453.68s : 17226.75 words/s
[2019-07-19 17:48:01] Ep. 22 : Up. 490000 : Sen. 1,935,586 : Cost 46.32089996 : Time 453.14s : 17214.82 words/s
[2019-07-19 17:55:35] Ep. 22 : Up. 492000 : Sen. 2,245,674 : Cost 46.57596970 : Time 454.12s : 17229.50 words/s
[2019-07-19 18:03:08] Ep. 22 : Up. 494000 : Sen. 2,554,094 : Cost 46.65359116 : Time 452.68s : 17176.61 words/s
[2019-07-19 18:10:41] Ep. 22 : Up. 496000 : Sen. 2,863,713 : Cost 46.71756744 : Time 453.30s : 17231.61 words/s
[2019-07-19 18:18:15] Ep. 22 : Up. 498000 : Sen. 3,174,226 : Cost 46.71402359 : Time 454.45s : 17218.93 words/s
[2019-07-19 18:25:49] Ep. 22 : Up. 500000 : Sen. 3,484,155 : Cost 46.64381409 : Time 453.36s : 17203.56 words/s
[2019-07-19 18:25:49] Saving model to ../experiments/100M_fasttext_prob_x_len_+_biced_0.25_x_bic1.1/model/model.npz.orig.npz
[2019-07-19 18:25:59] Saving model to ../experiments/100M_fasttext_prob_x_len_+_biced_0.25_x_bic1.1/model/model.iter500000.npz
[2019-07-19 18:26:07] Saving model to ../experiments/100M_fasttext_prob_x_len_+_biced_0.25_x_bic1.1/model/model.npz
[2019-07-19 18:26:17] Saving Adam parameters to ../experiments/100M_fasttext_prob_x_len_+_biced_0.25_x_bic1.1/model/model.npz.optimizer.npz
[2019-07-19 18:26:46] [valid] Ep. 22 : Up. 500000 : cross-entropy : 44.5103 : new best
[2019-07-19 18:26:53] [valid] Ep. 22 : Up. 500000 : perplexity : 5.79878 : new best
[2019-07-19 18:27:44] [valid] Ep. 22 : Up. 500000 : translation : 31.95 : stalled 6 times (last best: 32)
[2019-07-19 18:28:44] Seen 3523017 samples
[2019-07-19 18:28:44] Starting epoch 23
[2019-07-19 18:28:44] [data] Shuffling data
[2019-07-19 18:28:47] [data] Done reading 4357469 sentences
[2019-07-19 18:29:09] [data] Done shuffling 4357469 sentences to temp files
[2019-07-19 18:35:52] Ep. 23 : Up. 502000 : Sen. 270,316 : Cost 45.76184464 : Time 603.74s : 12914.19 words/s
[2019-07-19 18:43:29] Ep. 23 : Up. 504000 : Sen. 580,567 : Cost 45.71779251 : Time 456.39s : 17161.03 words/s
[2019-07-19 18:51:02] Ep. 23 : Up. 506000 : Sen. 890,226 : Cost 45.84197617 : Time 453.11s : 17197.77 words/s
[2019-07-19 18:58:37] Ep. 23 : Up. 508000 : Sen. 1,201,056 : Cost 46.10628128 : Time 455.03s : 17219.76 words/s
[2019-07-19 19:06:12] Ep. 23 : Up. 510000 : Sen. 1,511,617 : Cost 46.24527740 : Time 455.04s : 17204.14 words/s
[2019-07-19 19:13:46] Ep. 23 : Up. 512000 : Sen. 1,821,705 : Cost 46.01413345 : Time 453.60s : 17199.54 words/s
[2019-07-19 19:21:20] Ep. 23 : Up. 514000 : Sen. 2,131,374 : Cost 46.32679749 : Time 454.63s : 17197.78 words/s
[2019-07-19 19:28:54] Ep. 23 : Up. 516000 : Sen. 2,441,647 : Cost 46.40389633 : Time 454.15s : 17219.18 words/s
[2019-07-19 19:36:29] Ep. 23 : Up. 518000 : Sen. 2,750,772 : Cost 46.74641037 : Time 454.47s : 17176.84 words/s
[2019-07-19 19:44:03] Ep. 23 : Up. 520000 : Sen. 3,060,870 : Cost 46.37658310 : Time 454.05s : 17211.59 words/s
[2019-07-19 19:44:03] Saving model to ../experiments/100M_fasttext_prob_x_len_+_biced_0.25_x_bic1.1/model/model.npz.orig.npz
[2019-07-19 19:44:13] Saving model to ../experiments/100M_fasttext_prob_x_len_+_biced_0.25_x_bic1.1/model/model.iter520000.npz
[2019-07-19 19:44:21] Saving model to ../experiments/100M_fasttext_prob_x_len_+_biced_0.25_x_bic1.1/model/model.npz
[2019-07-19 19:44:31] Saving Adam parameters to ../experiments/100M_fasttext_prob_x_len_+_biced_0.25_x_bic1.1/model/model.npz.optimizer.npz
[2019-07-19 19:44:59] [valid] Ep. 23 : Up. 520000 : cross-entropy : 44.5191 : stalled 1 times (last best: 44.5103)
[2019-07-19 19:45:06] [valid] Ep. 23 : Up. 520000 : perplexity : 5.8008 : stalled 1 times (last best: 5.79878)
[2019-07-19 19:45:57] [valid] Ep. 23 : Up. 520000 : translation : 31.97 : stalled 7 times (last best: 32)
[2019-07-19 19:53:35] Ep. 23 : Up. 522000 : Sen. 3,371,022 : Cost 46.55884933 : Time 571.99s : 13653.14 words/s
[2019-07-19 19:57:18] Seen 3523017 samples
[2019-07-19 19:57:18] Starting epoch 24
[2019-07-19 19:57:18] [data] Shuffling data
[2019-07-19 19:57:21] [data] Done reading 4357469 sentences
[2019-07-19 19:57:43] [data] Done shuffling 4357469 sentences to temp files
[2019-07-19 20:01:42] Ep. 24 : Up. 524000 : Sen. 157,934 : Cost 46.16949463 : Time 486.81s : 16067.95 words/s
[2019-07-19 20:09:16] Ep. 24 : Up. 526000 : Sen. 467,638 : Cost 45.65069580 : Time 454.48s : 17206.03 words/s
[2019-07-19 20:16:51] Ep. 24 : Up. 528000 : Sen. 777,359 : Cost 45.84803009 : Time 454.48s : 17180.83 words/s
[2019-07-19 20:24:25] Ep. 24 : Up. 530000 : Sen. 1,087,474 : Cost 45.72476196 : Time 454.36s : 17187.06 words/s
[2019-07-19 20:32:00] Ep. 24 : Up. 532000 : Sen. 1,397,272 : Cost 45.92758179 : Time 454.85s : 17173.81 words/s
[2019-07-19 20:39:34] Ep. 24 : Up. 534000 : Sen. 1,706,780 : Cost 46.04882431 : Time 453.84s : 17212.90 words/s
[2019-07-19 20:47:09] Ep. 24 : Up. 536000 : Sen. 2,017,460 : Cost 46.17274857 : Time 454.94s : 17207.02 words/s
[2019-07-19 20:54:43] Ep. 24 : Up. 538000 : Sen. 2,327,555 : Cost 46.24640274 : Time 454.69s : 17194.56 words/s
[2019-07-19 21:02:18] Ep. 24 : Up. 540000 : Sen. 2,637,682 : Cost 46.29765701 : Time 454.83s : 17187.71 words/s
[2019-07-19 21:02:18] Saving model to ../experiments/100M_fasttext_prob_x_len_+_biced_0.25_x_bic1.1/model/model.npz.orig.npz
[2019-07-19 21:02:29] Saving model to ../experiments/100M_fasttext_prob_x_len_+_biced_0.25_x_bic1.1/model/model.iter540000.npz
[2019-07-19 21:02:38] Saving model to ../experiments/100M_fasttext_prob_x_len_+_biced_0.25_x_bic1.1/model/model.npz
[2019-07-19 21:02:49] Saving Adam parameters to ../experiments/100M_fasttext_prob_x_len_+_biced_0.25_x_bic1.1/model/model.npz.optimizer.npz
[2019-07-19 21:03:16] [valid] Ep. 24 : Up. 540000 : cross-entropy : 44.5589 : stalled 2 times (last best: 44.5103)
[2019-07-19 21:03:22] [valid] Ep. 24 : Up. 540000 : perplexity : 5.80992 : stalled 2 times (last best: 5.79878)
[2019-07-19 21:04:12] [valid] Ep. 24 : Up. 540000 : translation : 32.06 : new best
[2019-07-19 21:11:49] Ep. 24 : Up. 542000 : Sen. 2,947,590 : Cost 46.31151962 : Time 570.31s : 13691.37 words/s
[2019-07-19 21:19:23] Ep. 24 : Up. 544000 : Sen. 3,258,575 : Cost 46.24752045 : Time 454.97s : 17201.77 words/s
[2019-07-19 21:25:52] Seen 3523017 samples
[2019-07-19 21:25:52] Starting epoch 25
[2019-07-19 21:25:52] [data] Shuffling data
[2019-07-19 21:25:55] [data] Done reading 4357469 sentences
[2019-07-19 21:26:17] [data] Done shuffling 4357469 sentences to temp files
[2019-07-19 21:27:29] Ep. 25 : Up. 546000 : Sen. 44,438 : Cost 46.18795776 : Time 485.44s : 16041.02 words/s
[2019-07-19 21:35:03] Ep. 25 : Up. 548000 : Sen. 354,039 : Cost 45.42750931 : Time 453.89s : 17209.83 words/s
[2019-07-19 21:42:37] Ep. 25 : Up. 550000 : Sen. 663,800 : Cost 45.19984818 : Time 454.54s : 17185.36 words/s
[2019-07-19 21:50:12] Ep. 25 : Up. 552000 : Sen. 973,558 : Cost 45.59686661 : Time 454.37s : 17195.49 words/s
[2019-07-19 21:57:47] Ep. 25 : Up. 554000 : Sen. 1,284,140 : Cost 45.73859787 : Time 454.79s : 17202.37 words/s
[2019-07-19 22:05:20] Ep. 25 : Up. 556000 : Sen. 1,593,426 : Cost 45.63701248 : Time 453.44s : 17178.76 words/s
[2019-07-19 22:12:53] Ep. 25 : Up. 558000 : Sen. 1,902,453 : Cost 45.79351807 : Time 453.04s : 17186.89 words/s
[2019-07-19 22:20:27] Ep. 25 : Up. 560000 : Sen. 2,212,404 : Cost 46.00786972 : Time 454.35s : 17194.16 words/s
[2019-07-19 22:20:27] Saving model to ../experiments/100M_fasttext_prob_x_len_+_biced_0.25_x_bic1.1/model/model.npz.orig.npz
[2019-07-19 22:20:37] Saving model to ../experiments/100M_fasttext_prob_x_len_+_biced_0.25_x_bic1.1/model/model.iter560000.npz
[2019-07-19 22:20:45] Saving model to ../experiments/100M_fasttext_prob_x_len_+_biced_0.25_x_bic1.1/model/model.npz
[2019-07-19 22:20:55] Saving Adam parameters to ../experiments/100M_fasttext_prob_x_len_+_biced_0.25_x_bic1.1/model/model.npz.optimizer.npz
[2019-07-19 22:21:28] [valid] Ep. 25 : Up. 560000 : cross-entropy : 44.5991 : stalled 3 times (last best: 44.5103)
[2019-07-19 22:21:34] [valid] Ep. 25 : Up. 560000 : perplexity : 5.81916 : stalled 3 times (last best: 5.79878)
[2019-07-19 22:22:25] [valid] Ep. 25 : Up. 560000 : translation : 31.92 : stalled 1 times (last best: 32.06)
[2019-07-19 22:30:02] Ep. 25 : Up. 562000 : Sen. 2,522,541 : Cost 45.88227463 : Time 574.74s : 13597.53 words/s
[2019-07-19 22:37:36] Ep. 25 : Up. 564000 : Sen. 2,832,208 : Cost 46.15327835 : Time 453.96s : 17225.93 words/s
[2019-07-19 22:45:10] Ep. 25 : Up. 566000 : Sen. 3,141,700 : Cost 46.32285690 : Time 454.07s : 17200.29 words/s
[2019-07-19 22:52:45] Ep. 25 : Up. 568000 : Sen. 3,452,326 : Cost 46.30945969 : Time 454.41s : 17233.68 words/s
[2019-07-19 22:54:27] Seen 3523017 samples
[2019-07-19 22:54:27] Starting epoch 26
[2019-07-19 22:54:27] [data] Shuffling data
[2019-07-19 22:54:30] [data] Done reading 4357469 sentences
[2019-07-19 22:54:52] [data] Done shuffling 4357469 sentences to temp files
[2019-07-19 23:00:54] Ep. 26 : Up. 570000 : Sen. 240,070 : Cost 45.25086975 : Time 489.05s : 16011.97 words/s
[2019-07-19 23:08:26] Ep. 26 : Up. 572000 : Sen. 549,468 : Cost 45.30904388 : Time 452.83s : 17214.92 words/s
[2019-07-19 23:16:01] Ep. 26 : Up. 574000 : Sen. 859,184 : Cost 45.33578873 : Time 454.47s : 17176.90 words/s
[2019-07-19 23:23:36] Ep. 26 : Up. 576000 : Sen. 1,169,249 : Cost 45.90728760 : Time 455.04s : 17203.91 words/s
[2019-07-19 23:31:11] Ep. 26 : Up. 578000 : Sen. 1,479,823 : Cost 45.55030441 : Time 455.12s : 17190.21 words/s
[2019-07-19 23:38:45] Ep. 26 : Up. 580000 : Sen. 1,790,079 : Cost 45.88513184 : Time 454.18s : 17215.71 words/s
[2019-07-19 23:38:45] Saving model to ../experiments/100M_fasttext_prob_x_len_+_biced_0.25_x_bic1.1/model/model.npz.orig.npz
[2019-07-19 23:38:55] Saving model to ../experiments/100M_fasttext_prob_x_len_+_biced_0.25_x_bic1.1/model/model.iter580000.npz
[2019-07-19 23:39:02] Saving model to ../experiments/100M_fasttext_prob_x_len_+_biced_0.25_x_bic1.1/model/model.npz
[2019-07-19 23:39:12] Saving Adam parameters to ../experiments/100M_fasttext_prob_x_len_+_biced_0.25_x_bic1.1/model/model.npz.optimizer.npz
[2019-07-19 23:39:41] [valid] Ep. 26 : Up. 580000 : cross-entropy : 44.7141 : stalled 4 times (last best: 44.5103)
[2019-07-19 23:39:47] [valid] Ep. 26 : Up. 580000 : perplexity : 5.84563 : stalled 4 times (last best: 5.79878)
[2019-07-19 23:40:39] [valid] Ep. 26 : Up. 580000 : translation : 31.83 : stalled 2 times (last best: 32.06)
[2019-07-19 23:48:14] Ep. 26 : Up. 582000 : Sen. 2,098,970 : Cost 45.83870697 : Time 568.41s : 13719.73 words/s
[2019-07-19 23:55:46] Ep. 26 : Up. 584000 : Sen. 2,407,997 : Cost 46.01027679 : Time 452.87s : 17229.24 words/s
[2019-07-20 00:03:19] Ep. 26 : Up. 586000 : Sen. 2,718,206 : Cost 45.81748199 : Time 452.55s : 17231.48 words/s
[2019-07-20 00:10:55] Ep. 26 : Up. 588000 : Sen. 3,029,659 : Cost 45.97358322 : Time 455.49s : 17219.80 words/s
[2019-07-20 00:18:29] Ep. 26 : Up. 590000 : Sen. 3,339,585 : Cost 46.12715530 : Time 454.08s : 17207.77 words/s
[2019-07-20 00:22:57] Seen 3523017 samples
[2019-07-20 00:22:57] Starting epoch 27
[2019-07-20 00:22:57] [data] Shuffling data
[2019-07-20 00:23:00] [data] Done reading 4357469 sentences
[2019-07-20 00:23:16] [data] Done shuffling 4357469 sentences to temp files
[2019-07-20 00:26:38] Ep. 27 : Up. 592000 : Sen. 128,000 : Cost 45.52590179 : Time 489.10s : 16030.29 words/s
[2019-07-20 00:34:11] Ep. 27 : Up. 594000 : Sen. 438,047 : Cost 45.06323242 : Time 452.80s : 17227.70 words/s
[2019-07-20 00:41:43] Ep. 27 : Up. 596000 : Sen. 747,576 : Cost 45.21593475 : Time 452.91s : 17226.66 words/s
[2019-07-20 00:49:19] Ep. 27 : Up. 598000 : Sen. 1,058,065 : Cost 45.58720779 : Time 455.10s : 17228.31 words/s
[2019-07-20 00:56:51] Ep. 27 : Up. 600000 : Sen. 1,367,464 : Cost 45.29773331 : Time 452.19s : 17216.32 words/s
[2019-07-20 00:56:51] Saving model to ../experiments/100M_fasttext_prob_x_len_+_biced_0.25_x_bic1.1/model/model.npz.orig.npz
[2019-07-20 00:57:01] Saving model to ../experiments/100M_fasttext_prob_x_len_+_biced_0.25_x_bic1.1/model/model.iter600000.npz
[2019-07-20 00:57:08] Saving model to ../experiments/100M_fasttext_prob_x_len_+_biced_0.25_x_bic1.1/model/model.npz
[2019-07-20 00:57:18] Saving Adam parameters to ../experiments/100M_fasttext_prob_x_len_+_biced_0.25_x_bic1.1/model/model.npz.optimizer.npz
[2019-07-20 00:57:46] [valid] Ep. 27 : Up. 600000 : cross-entropy : 44.6792 : stalled 5 times (last best: 44.5103)
[2019-07-20 00:57:52] [valid] Ep. 27 : Up. 600000 : perplexity : 5.83759 : stalled 5 times (last best: 5.79878)
[2019-07-20 00:58:43] [valid] Ep. 27 : Up. 600000 : translation : 32.04 : stalled 3 times (last best: 32.06)
[2019-07-20 00:58:46] Training finished
[2019-07-20 00:58:52] Saving model to ../experiments/100M_fasttext_prob_x_len_+_biced_0.25_x_bic1.1/model/model.npz.orig.npz
[2019-07-20 00:59:02] Saving model to ../experiments/100M_fasttext_prob_x_len_+_biced_0.25_x_bic1.1/model/model.npz
[2019-07-20 00:59:12] Saving Adam parameters to ../experiments/100M_fasttext_prob_x_len_+_biced_0.25_x_bic1.1/model/model.npz.optimizer.npz
