[2019-07-09 19:41:52] [marian] Marian v1.7.8 ec2d66e 2019-05-27 14:52:11 +0100
[2019-07-09 19:41:52] [marian] Running on lofn as process 29123 with command line:
[2019-07-09 19:41:52] [marian] /fs/bil0/abdel/marian-dev/build/marian --sync-sgd --model ../experiments/10M_fasttext_prob_x_len_+_bic1.1_x_dcce_x_ced_0.25/model/model.npz -T . --devices 1 --train-sets ../experiments/10M_fasttext_prob_x_len_+_bic1.1_x_dcce_x_ced_0.25/data/train.bpe.de ../experiments/10M_fasttext_prob_x_len_+_bic1.1_x_dcce_x_ced_0.25/data/train.bpe.en --vocabs ../experiments/10M_fasttext_prob_x_len_+_bic1.1_x_dcce_x_ced_0.25/data/train.bpe.de.json ../experiments/10M_fasttext_prob_x_len_+_bic1.1_x_dcce_x_ced_0.25/data/train.bpe.en.json --mini-batch-fit -w 3000 --dim-vocabs 50000 50000 --layer-normalization --dropout-rnn 0.2 --dropout-src 0.1 --dropout-trg 0.1 --learn-rate 0.0001 --after-epochs 0 --early-stopping 5 --valid-freq 20000 --save-freq 20000 --disp-freq 2000 --valid-mini-batch 8 --valid-sets ../experiments/10M_fasttext_prob_x_len_+_bic1.1_x_dcce_x_ced_0.25/data/dev.bpe.de ../experiments/10M_fasttext_prob_x_len_+_bic1.1_x_dcce_x_ced_0.25/data/dev.bpe.en --valid-metrics cross-entropy perplexity translation --valid-translation-output ../experiments/10M_fasttext_prob_x_len_+_bic1.1_x_dcce_x_ced_0.25/model/dev.out --valid-script-path ../experiments/10M_fasttext_prob_x_len_+_bic1.1_x_dcce_x_ced_0.25/score-dev.sh --seed 1111 --exponential-smoothing --normalize=1 --beam-size=12 --quiet-translation --log ../experiments/10M_fasttext_prob_x_len_+_bic1.1_x_dcce_x_ced_0.25/model/train.log --valid-log ../experiments/10M_fasttext_prob_x_len_+_bic1.1_x_dcce_x_ced_0.25/model/valid.log
[2019-07-09 19:41:52] [config] after-batches: 0
[2019-07-09 19:41:52] [config] after-epochs: 0
[2019-07-09 19:41:52] [config] allow-unk: false
[2019-07-09 19:41:52] [config] beam-size: 12
[2019-07-09 19:41:52] [config] bert-class-symbol: "[CLS]"
[2019-07-09 19:41:52] [config] bert-mask-symbol: "[MASK]"
[2019-07-09 19:41:52] [config] bert-masking-fraction: 0.15
[2019-07-09 19:41:52] [config] bert-sep-symbol: "[SEP]"
[2019-07-09 19:41:52] [config] bert-train-type-embeddings: true
[2019-07-09 19:41:52] [config] bert-type-vocab-size: 2
[2019-07-09 19:41:52] [config] best-deep: false
[2019-07-09 19:41:52] [config] clip-gemm: 0
[2019-07-09 19:41:52] [config] clip-norm: 1
[2019-07-09 19:41:52] [config] cost-type: ce-mean
[2019-07-09 19:41:52] [config] cpu-threads: 0
[2019-07-09 19:41:52] [config] data-weighting: ""
[2019-07-09 19:41:52] [config] data-weighting-type: sentence
[2019-07-09 19:41:52] [config] dec-cell: gru
[2019-07-09 19:41:52] [config] dec-cell-base-depth: 2
[2019-07-09 19:41:52] [config] dec-cell-high-depth: 1
[2019-07-09 19:41:52] [config] dec-depth: 1
[2019-07-09 19:41:52] [config] devices:
[2019-07-09 19:41:52] [config]   - 1
[2019-07-09 19:41:52] [config] dim-emb: 512
[2019-07-09 19:41:52] [config] dim-rnn: 1024
[2019-07-09 19:41:52] [config] dim-vocabs:
[2019-07-09 19:41:52] [config]   - 50000
[2019-07-09 19:41:52] [config]   - 50000
[2019-07-09 19:41:52] [config] disp-first: 0
[2019-07-09 19:41:52] [config] disp-freq: 2000
[2019-07-09 19:41:52] [config] disp-label-counts: false
[2019-07-09 19:41:52] [config] dropout-rnn: 0.2
[2019-07-09 19:41:52] [config] dropout-src: 0.1
[2019-07-09 19:41:52] [config] dropout-trg: 0.1
[2019-07-09 19:41:52] [config] dump-config: ""
[2019-07-09 19:41:52] [config] early-stopping: 5
[2019-07-09 19:41:52] [config] embedding-fix-src: false
[2019-07-09 19:41:52] [config] embedding-fix-trg: false
[2019-07-09 19:41:52] [config] embedding-normalization: false
[2019-07-09 19:41:52] [config] embedding-vectors:
[2019-07-09 19:41:52] [config]   []
[2019-07-09 19:41:52] [config] enc-cell: gru
[2019-07-09 19:41:52] [config] enc-cell-depth: 1
[2019-07-09 19:41:52] [config] enc-depth: 1
[2019-07-09 19:41:52] [config] enc-type: bidirectional
[2019-07-09 19:41:52] [config] exponential-smoothing: 0.0001
[2019-07-09 19:41:52] [config] grad-dropping-momentum: 0
[2019-07-09 19:41:52] [config] grad-dropping-rate: 0
[2019-07-09 19:41:52] [config] grad-dropping-warmup: 100
[2019-07-09 19:41:52] [config] guided-alignment: none
[2019-07-09 19:41:52] [config] guided-alignment-cost: mse
[2019-07-09 19:41:52] [config] guided-alignment-weight: 0.1
[2019-07-09 19:41:52] [config] ignore-model-config: false
[2019-07-09 19:41:52] [config] input-types:
[2019-07-09 19:41:52] [config]   []
[2019-07-09 19:41:52] [config] interpolate-env-vars: false
[2019-07-09 19:41:52] [config] keep-best: false
[2019-07-09 19:41:52] [config] label-smoothing: 0
[2019-07-09 19:41:52] [config] layer-normalization: true
[2019-07-09 19:41:52] [config] learn-rate: 0.0001
[2019-07-09 19:41:52] [config] log: ../experiments/10M_fasttext_prob_x_len_+_bic1.1_x_dcce_x_ced_0.25/model/train.log
[2019-07-09 19:41:52] [config] log-level: info
[2019-07-09 19:41:52] [config] log-time-zone: ""
[2019-07-09 19:41:52] [config] lr-decay: 0
[2019-07-09 19:41:52] [config] lr-decay-freq: 50000
[2019-07-09 19:41:52] [config] lr-decay-inv-sqrt:
[2019-07-09 19:41:52] [config]   - 0
[2019-07-09 19:41:52] [config] lr-decay-repeat-warmup: false
[2019-07-09 19:41:52] [config] lr-decay-reset-optimizer: false
[2019-07-09 19:41:52] [config] lr-decay-start:
[2019-07-09 19:41:52] [config]   - 10
[2019-07-09 19:41:52] [config]   - 1
[2019-07-09 19:41:52] [config] lr-decay-strategy: epoch+stalled
[2019-07-09 19:41:52] [config] lr-report: false
[2019-07-09 19:41:52] [config] lr-warmup: 0
[2019-07-09 19:41:52] [config] lr-warmup-at-reload: false
[2019-07-09 19:41:52] [config] lr-warmup-cycle: false
[2019-07-09 19:41:52] [config] lr-warmup-start-rate: 0
[2019-07-09 19:41:52] [config] max-length: 50
[2019-07-09 19:41:52] [config] max-length-crop: false
[2019-07-09 19:41:52] [config] max-length-factor: 3
[2019-07-09 19:41:52] [config] maxi-batch: 100
[2019-07-09 19:41:52] [config] maxi-batch-sort: trg
[2019-07-09 19:41:52] [config] mini-batch: 64
[2019-07-09 19:41:52] [config] mini-batch-fit: true
[2019-07-09 19:41:52] [config] mini-batch-fit-step: 10
[2019-07-09 19:41:52] [config] mini-batch-overstuff: 1
[2019-07-09 19:41:52] [config] mini-batch-track-lr: false
[2019-07-09 19:41:52] [config] mini-batch-understuff: 1
[2019-07-09 19:41:52] [config] mini-batch-warmup: 0
[2019-07-09 19:41:52] [config] mini-batch-words: 0
[2019-07-09 19:41:52] [config] mini-batch-words-ref: 0
[2019-07-09 19:41:52] [config] model: ../experiments/10M_fasttext_prob_x_len_+_bic1.1_x_dcce_x_ced_0.25/model/model.npz
[2019-07-09 19:41:52] [config] multi-loss-type: sum
[2019-07-09 19:41:52] [config] multi-node: false
[2019-07-09 19:41:52] [config] multi-node-overlap: true
[2019-07-09 19:41:52] [config] n-best: false
[2019-07-09 19:41:52] [config] no-nccl: false
[2019-07-09 19:41:52] [config] no-reload: false
[2019-07-09 19:41:52] [config] no-restore-corpus: false
[2019-07-09 19:41:52] [config] no-shuffle: false
[2019-07-09 19:41:52] [config] normalize: 1
[2019-07-09 19:41:52] [config] num-devices: 0
[2019-07-09 19:41:52] [config] optimizer: adam
[2019-07-09 19:41:52] [config] optimizer-delay: 1
[2019-07-09 19:41:52] [config] optimizer-params:
[2019-07-09 19:41:52] [config]   []
[2019-07-09 19:41:52] [config] overwrite: false
[2019-07-09 19:41:52] [config] pretrained-model: ""
[2019-07-09 19:41:52] [config] quiet: false
[2019-07-09 19:41:52] [config] quiet-translation: true
[2019-07-09 19:41:52] [config] relative-paths: false
[2019-07-09 19:41:52] [config] right-left: false
[2019-07-09 19:41:52] [config] save-freq: 20000
[2019-07-09 19:41:52] [config] seed: 1111
[2019-07-09 19:41:52] [config] shuffle-in-ram: false
[2019-07-09 19:41:52] [config] skip: false
[2019-07-09 19:41:52] [config] sqlite: ""
[2019-07-09 19:41:52] [config] sqlite-drop: false
[2019-07-09 19:41:52] [config] sync-sgd: true
[2019-07-09 19:41:52] [config] tempdir: .
[2019-07-09 19:41:52] [config] tied-embeddings: false
[2019-07-09 19:41:52] [config] tied-embeddings-all: false
[2019-07-09 19:41:52] [config] tied-embeddings-src: false
[2019-07-09 19:41:52] [config] train-sets:
[2019-07-09 19:41:52] [config]   - ../experiments/10M_fasttext_prob_x_len_+_bic1.1_x_dcce_x_ced_0.25/data/train.bpe.de
[2019-07-09 19:41:52] [config]   - ../experiments/10M_fasttext_prob_x_len_+_bic1.1_x_dcce_x_ced_0.25/data/train.bpe.en
[2019-07-09 19:41:52] [config] transformer-aan-activation: swish
[2019-07-09 19:41:52] [config] transformer-aan-depth: 2
[2019-07-09 19:41:52] [config] transformer-aan-nogate: false
[2019-07-09 19:41:52] [config] transformer-decoder-autoreg: self-attention
[2019-07-09 19:41:52] [config] transformer-dim-aan: 2048
[2019-07-09 19:41:52] [config] transformer-dim-ffn: 2048
[2019-07-09 19:41:52] [config] transformer-dropout: 0
[2019-07-09 19:41:52] [config] transformer-dropout-attention: 0
[2019-07-09 19:41:52] [config] transformer-dropout-ffn: 0
[2019-07-09 19:41:52] [config] transformer-ffn-activation: swish
[2019-07-09 19:41:52] [config] transformer-ffn-depth: 2
[2019-07-09 19:41:52] [config] transformer-guided-alignment-layer: last
[2019-07-09 19:41:52] [config] transformer-heads: 8
[2019-07-09 19:41:52] [config] transformer-no-projection: false
[2019-07-09 19:41:52] [config] transformer-postprocess: dan
[2019-07-09 19:41:52] [config] transformer-postprocess-emb: d
[2019-07-09 19:41:52] [config] transformer-preprocess: ""
[2019-07-09 19:41:52] [config] transformer-tied-layers:
[2019-07-09 19:41:52] [config]   []
[2019-07-09 19:41:52] [config] transformer-train-position-embeddings: false
[2019-07-09 19:41:52] [config] type: amun
[2019-07-09 19:41:52] [config] ulr: false
[2019-07-09 19:41:52] [config] ulr-dim-emb: 0
[2019-07-09 19:41:52] [config] ulr-dropout: 0
[2019-07-09 19:41:52] [config] ulr-keys-vectors: ""
[2019-07-09 19:41:52] [config] ulr-query-vectors: ""
[2019-07-09 19:41:52] [config] ulr-softmax-temperature: 1
[2019-07-09 19:41:52] [config] ulr-trainable-transformation: false
[2019-07-09 19:41:52] [config] valid-freq: 20000
[2019-07-09 19:41:52] [config] valid-log: ../experiments/10M_fasttext_prob_x_len_+_bic1.1_x_dcce_x_ced_0.25/model/valid.log
[2019-07-09 19:41:52] [config] valid-max-length: 1000
[2019-07-09 19:41:52] [config] valid-metrics:
[2019-07-09 19:41:52] [config]   - cross-entropy
[2019-07-09 19:41:52] [config]   - perplexity
[2019-07-09 19:41:52] [config]   - translation
[2019-07-09 19:41:52] [config] valid-mini-batch: 8
[2019-07-09 19:41:52] [config] valid-script-path: ../experiments/10M_fasttext_prob_x_len_+_bic1.1_x_dcce_x_ced_0.25/score-dev.sh
[2019-07-09 19:41:52] [config] valid-sets:
[2019-07-09 19:41:52] [config]   - ../experiments/10M_fasttext_prob_x_len_+_bic1.1_x_dcce_x_ced_0.25/data/dev.bpe.de
[2019-07-09 19:41:52] [config]   - ../experiments/10M_fasttext_prob_x_len_+_bic1.1_x_dcce_x_ced_0.25/data/dev.bpe.en
[2019-07-09 19:41:52] [config] valid-translation-output: ../experiments/10M_fasttext_prob_x_len_+_bic1.1_x_dcce_x_ced_0.25/model/dev.out
[2019-07-09 19:41:52] [config] vocabs:
[2019-07-09 19:41:52] [config]   - ../experiments/10M_fasttext_prob_x_len_+_bic1.1_x_dcce_x_ced_0.25/data/train.bpe.de.json
[2019-07-09 19:41:52] [config]   - ../experiments/10M_fasttext_prob_x_len_+_bic1.1_x_dcce_x_ced_0.25/data/train.bpe.en.json
[2019-07-09 19:41:52] [config] word-penalty: 0
[2019-07-09 19:41:52] [config] workspace: 3000
[2019-07-09 19:41:52] [config] Model is being created with Marian v1.7.8 ec2d66e 2019-05-27 14:52:11 +0100
[2019-07-09 19:41:52] Using synchronous training
[2019-07-09 19:41:52] [data] Loading vocabulary from JSON/Yaml file ../experiments/10M_fasttext_prob_x_len_+_bic1.1_x_dcce_x_ced_0.25/data/train.bpe.de.json
[2019-07-09 19:41:52] [data] Using unused word id eos for 0
[2019-07-09 19:41:52] [data] Using unused word id UNK for 1
[2019-07-09 19:41:52] [data] Setting vocabulary size for input 0 to 50000
[2019-07-09 19:41:52] [data] Loading vocabulary from JSON/Yaml file ../experiments/10M_fasttext_prob_x_len_+_bic1.1_x_dcce_x_ced_0.25/data/train.bpe.en.json
[2019-07-09 19:41:53] [data] Using unused word id eos for 0
[2019-07-09 19:41:53] [data] Using unused word id UNK for 1
[2019-07-09 19:41:53] [data] Setting vocabulary size for input 1 to 50000
[2019-07-09 19:41:53] Compiled without MPI support. Falling back to FakeMPIWrapper
[2019-07-09 19:41:53] [batching] Collecting statistics for batch fitting with step size 10
[2019-07-09 19:41:53] [memory] Extending reserved space to 3072 MB (device gpu1)
[2019-07-09 19:41:54] [comm] Using NCCL 2.4.2 for GPU communication
[2019-07-09 19:41:54] [comm] NCCLCommunicator constructed successfully.
[2019-07-09 19:41:54] [training] Using 1 GPUs
[2019-07-09 19:41:54] [memory] Reserving 422 MB, device gpu1
[2019-07-09 19:41:54] [gpu] 16-bit TensorCores enabled for float32 matrix operations
[2019-07-09 19:41:54] [memory] Reserving 422 MB, device gpu1
[2019-07-09 19:41:59] [batching] Done. Typical MB size is 4042 target words
[2019-07-09 19:41:59] [memory] Extending reserved space to 3072 MB (device gpu1)
[2019-07-09 19:41:59] [comm] Using NCCL 2.4.2 for GPU communication
[2019-07-09 19:41:59] [comm] NCCLCommunicator constructed successfully.
[2019-07-09 19:41:59] [training] Using 1 GPUs
[2019-07-09 19:41:59] Training started
[2019-07-09 19:41:59] [data] Shuffling data
[2019-07-09 19:41:59] [data] Done reading 510943 sentences
[2019-07-09 19:42:02] [data] Done shuffling 510943 sentences to temp files
[2019-07-09 19:42:03] [training] Batches are processed as 1 process(es) x 1 devices/process
[2019-07-09 19:42:03] [memory] Reserving 422 MB, device gpu1
[2019-07-09 19:42:03] [memory] Reserving 422 MB, device gpu1
[2019-07-09 19:42:03] [memory] Reserving 422 MB, device gpu1
[2019-07-09 19:42:03] [memory] Reserving 844 MB, device gpu1
[2019-07-09 19:52:02] Ep. 1 : Up. 2000 : Sen. 236,902 : Cost 120.25634003 : Time 609.01s : 8660.70 words/s
[2019-07-09 20:01:35] Seen 462040 samples
[2019-07-09 20:01:35] Starting epoch 2
[2019-07-09 20:01:35] [data] Shuffling data
[2019-07-09 20:01:36] [data] Done reading 510943 sentences
[2019-07-09 20:01:38] [data] Done shuffling 510943 sentences to temp files
[2019-07-09 20:02:11] Ep. 2 : Up. 4000 : Sen. 12,296 : Cost 86.64441681 : Time 608.97s : 8668.35 words/s
[2019-07-09 20:12:18] Ep. 2 : Up. 6000 : Sen. 250,014 : Cost 71.16514587 : Time 607.78s : 8708.15 words/s
[2019-07-09 20:21:20] Seen 462040 samples
[2019-07-09 20:21:20] Starting epoch 3
[2019-07-09 20:21:20] [data] Shuffling data
[2019-07-09 20:21:21] [data] Done reading 510943 sentences
[2019-07-09 20:21:24] [data] Done shuffling 510943 sentences to temp files
[2019-07-09 20:22:30] Ep. 3 : Up. 8000 : Sen. 25,183 : Cost 62.98453522 : Time 611.74s : 8622.29 words/s
[2019-07-09 20:32:37] Ep. 3 : Up. 10000 : Sen. 262,478 : Cost 56.64023209 : Time 607.31s : 8696.77 words/s
[2019-07-09 20:41:08] Seen 462040 samples
[2019-07-09 20:41:08] Starting epoch 4
[2019-07-09 20:41:08] [data] Shuffling data
[2019-07-09 20:41:08] [data] Done reading 510943 sentences
[2019-07-09 20:41:10] [data] Done shuffling 510943 sentences to temp files
[2019-07-09 20:42:47] Ep. 4 : Up. 12000 : Sen. 37,192 : Cost 53.24446487 : Time 609.65s : 8633.74 words/s
[2019-07-09 20:52:54] Ep. 4 : Up. 14000 : Sen. 274,751 : Cost 49.67733765 : Time 607.15s : 8719.57 words/s
[2019-07-09 21:00:52] Seen 462040 samples
[2019-07-09 21:00:52] Starting epoch 5
[2019-07-09 21:00:52] [data] Shuffling data
[2019-07-09 21:00:52] [data] Done reading 510943 sentences
[2019-07-09 21:00:54] [data] Done shuffling 510943 sentences to temp files
[2019-07-09 21:03:03] Ep. 5 : Up. 16000 : Sen. 50,045 : Cost 47.76864624 : Time 609.16s : 8668.05 words/s
[2019-07-09 21:13:07] Ep. 5 : Up. 18000 : Sen. 287,310 : Cost 45.16664886 : Time 604.10s : 8715.93 words/s
[2019-07-09 21:20:36] Seen 462040 samples
[2019-07-09 21:20:36] Starting epoch 6
[2019-07-09 21:20:36] [data] Shuffling data
[2019-07-09 21:20:36] [data] Done reading 510943 sentences
[2019-07-09 21:20:38] [data] Done shuffling 510943 sentences to temp files
[2019-07-09 21:23:17] Ep. 6 : Up. 20000 : Sen. 61,746 : Cost 43.98476410 : Time 609.08s : 8651.64 words/s
[2019-07-09 21:23:17] Saving model to ../experiments/10M_fasttext_prob_x_len_+_bic1.1_x_dcce_x_ced_0.25/model/model.npz.orig.npz
[2019-07-09 21:23:25] Saving model to ../experiments/10M_fasttext_prob_x_len_+_bic1.1_x_dcce_x_ced_0.25/model/model.iter20000.npz
[2019-07-09 21:23:32] Saving model to ../experiments/10M_fasttext_prob_x_len_+_bic1.1_x_dcce_x_ced_0.25/model/model.npz
[2019-07-09 21:23:42] Saving Adam parameters to ../experiments/10M_fasttext_prob_x_len_+_bic1.1_x_dcce_x_ced_0.25/model/model.npz.optimizer.npz
[2019-07-09 21:24:08] [valid] Ep. 6 : Up. 20000 : cross-entropy : 73 : new best
[2019-07-09 21:24:16] [valid] Ep. 6 : Up. 20000 : perplexity : 18.0265 : new best
[2019-07-09 21:25:21] [valid] Ep. 6 : Up. 20000 : translation : 23.3 : new best
[2019-07-09 21:35:28] Ep. 6 : Up. 22000 : Sen. 298,682 : Cost 42.27974701 : Time 731.41s : 7205.86 words/s
[2019-07-09 21:42:27] Seen 462040 samples
[2019-07-09 21:42:27] Starting epoch 7
[2019-07-09 21:42:27] [data] Shuffling data
[2019-07-09 21:42:27] [data] Done reading 510943 sentences
[2019-07-09 21:42:29] [data] Done shuffling 510943 sentences to temp files
[2019-07-09 21:45:39] Ep. 7 : Up. 24000 : Sen. 73,633 : Cost 41.17222977 : Time 610.77s : 8644.04 words/s
[2019-07-09 21:55:46] Ep. 7 : Up. 26000 : Sen. 310,973 : Cost 40.03434753 : Time 606.99s : 8707.06 words/s
[2019-07-09 22:02:12] Seen 462040 samples
[2019-07-09 22:02:12] Starting epoch 8
[2019-07-09 22:02:12] [data] Shuffling data
[2019-07-09 22:02:12] [data] Done reading 510943 sentences
[2019-07-09 22:02:16] [data] Done shuffling 510943 sentences to temp files
[2019-07-09 22:05:57] Ep. 8 : Up. 28000 : Sen. 85,428 : Cost 39.06631851 : Time 610.89s : 8616.45 words/s
[2019-07-09 22:16:04] Ep. 8 : Up. 30000 : Sen. 323,033 : Cost 38.49890900 : Time 607.87s : 8703.97 words/s
[2019-07-09 22:22:02] Seen 462040 samples
[2019-07-09 22:22:02] Starting epoch 9
[2019-07-09 22:22:02] [data] Shuffling data
[2019-07-09 22:22:02] [data] Done reading 510943 sentences
[2019-07-09 22:22:05] [data] Done shuffling 510943 sentences to temp files
[2019-07-09 22:26:27] Ep. 9 : Up. 32000 : Sen. 98,579 : Cost 37.14888382 : Time 622.60s : 8468.13 words/s
[2019-07-09 22:36:49] Ep. 9 : Up. 34000 : Sen. 336,314 : Cost 36.47740173 : Time 621.74s : 8502.07 words/s
[2019-07-09 22:42:20] Seen 462040 samples
[2019-07-09 22:42:20] Starting epoch 10
[2019-07-09 22:42:20] [data] Shuffling data
[2019-07-09 22:42:21] [data] Done reading 510943 sentences
[2019-07-09 22:42:24] [data] Done shuffling 510943 sentences to temp files
[2019-07-09 22:47:20] Ep. 10 : Up. 36000 : Sen. 111,515 : Cost 35.99442291 : Time 630.80s : 8391.78 words/s
[2019-07-09 22:57:35] Ep. 10 : Up. 38000 : Sen. 348,900 : Cost 35.01948166 : Time 615.34s : 8562.90 words/s
[2019-07-09 23:02:32] Seen 462040 samples
[2019-07-09 23:02:32] Starting epoch 11
[2019-07-09 23:02:32] [data] Shuffling data
[2019-07-09 23:02:32] [data] Done reading 510943 sentences
[2019-07-09 23:02:34] [data] Done shuffling 510943 sentences to temp files
[2019-07-09 23:08:01] Ep. 11 : Up. 40000 : Sen. 123,366 : Cost 34.49760437 : Time 625.90s : 8415.89 words/s
[2019-07-09 23:08:01] Saving model to ../experiments/10M_fasttext_prob_x_len_+_bic1.1_x_dcce_x_ced_0.25/model/model.npz.orig.npz
[2019-07-09 23:08:11] Saving model to ../experiments/10M_fasttext_prob_x_len_+_bic1.1_x_dcce_x_ced_0.25/model/model.iter40000.npz
[2019-07-09 23:08:19] Saving model to ../experiments/10M_fasttext_prob_x_len_+_bic1.1_x_dcce_x_ced_0.25/model/model.npz
[2019-07-09 23:08:29] Saving Adam parameters to ../experiments/10M_fasttext_prob_x_len_+_bic1.1_x_dcce_x_ced_0.25/model/model.npz.optimizer.npz
[2019-07-09 23:08:57] [valid] Ep. 11 : Up. 40000 : cross-entropy : 65.4802 : new best
[2019-07-09 23:09:07] [valid] Ep. 11 : Up. 40000 : perplexity : 13.3826 : new best
[2019-07-09 23:10:17] [valid] Ep. 11 : Up. 40000 : translation : 25.75 : new best
[2019-07-09 23:20:45] Ep. 11 : Up. 42000 : Sen. 361,006 : Cost 33.95982742 : Time 763.76s : 6920.59 words/s
[2019-07-09 23:25:06] Seen 462040 samples
[2019-07-09 23:25:06] Starting epoch 12
[2019-07-09 23:25:06] [data] Shuffling data
[2019-07-09 23:25:07] [data] Done reading 510943 sentences
[2019-07-09 23:25:09] [data] Done shuffling 510943 sentences to temp files
[2019-07-09 23:31:03] Ep. 12 : Up. 44000 : Sen. 136,534 : Cost 33.35447693 : Time 618.54s : 8547.50 words/s
[2019-07-09 23:41:17] Ep. 12 : Up. 46000 : Sen. 374,302 : Cost 33.09066772 : Time 613.81s : 8617.88 words/s
[2019-07-09 23:45:04] Seen 462040 samples
[2019-07-09 23:45:04] Starting epoch 13
[2019-07-09 23:45:04] [data] Shuffling data
[2019-07-09 23:45:05] [data] Done reading 510943 sentences
[2019-07-09 23:45:07] [data] Done shuffling 510943 sentences to temp files
[2019-07-09 23:51:29] Ep. 13 : Up. 48000 : Sen. 147,889 : Cost 32.28273773 : Time 611.82s : 8588.85 words/s
[2019-07-10 00:01:45] Ep. 13 : Up. 50000 : Sen. 385,276 : Cost 32.04090118 : Time 616.16s : 8561.98 words/s
[2019-07-10 00:05:02] Seen 462040 samples
[2019-07-10 00:05:02] Starting epoch 14
[2019-07-10 00:05:02] [data] Shuffling data
[2019-07-10 00:05:02] [data] Done reading 510943 sentences
[2019-07-10 00:05:05] [data] Done shuffling 510943 sentences to temp files
[2019-07-10 00:12:04] Ep. 14 : Up. 52000 : Sen. 160,577 : Cost 31.33162880 : Time 619.54s : 8516.09 words/s
[2019-07-10 00:22:16] Ep. 14 : Up. 54000 : Sen. 397,975 : Cost 31.30291367 : Time 611.75s : 8645.03 words/s
[2019-07-10 00:25:02] Seen 462040 samples
[2019-07-10 00:25:02] Starting epoch 15
[2019-07-10 00:25:02] [data] Shuffling data
[2019-07-10 00:25:02] [data] Done reading 510943 sentences
[2019-07-10 00:25:05] [data] Done shuffling 510943 sentences to temp files
[2019-07-10 00:32:34] Ep. 15 : Up. 56000 : Sen. 173,083 : Cost 30.35403061 : Time 617.33s : 8540.32 words/s
[2019-07-10 00:42:47] Ep. 15 : Up. 58000 : Sen. 410,047 : Cost 30.45624924 : Time 613.19s : 8614.51 words/s
[2019-07-10 00:45:01] Seen 462040 samples
[2019-07-10 00:45:01] Starting epoch 16
[2019-07-10 00:45:01] [data] Shuffling data
[2019-07-10 00:45:02] [data] Done reading 510943 sentences
[2019-07-10 00:45:04] [data] Done shuffling 510943 sentences to temp files
[2019-07-10 00:53:03] Ep. 16 : Up. 60000 : Sen. 184,319 : Cost 29.52630043 : Time 615.85s : 8527.04 words/s
[2019-07-10 00:53:03] Saving model to ../experiments/10M_fasttext_prob_x_len_+_bic1.1_x_dcce_x_ced_0.25/model/model.npz.orig.npz
[2019-07-10 00:53:13] Saving model to ../experiments/10M_fasttext_prob_x_len_+_bic1.1_x_dcce_x_ced_0.25/model/model.iter60000.npz
[2019-07-10 00:53:21] Saving model to ../experiments/10M_fasttext_prob_x_len_+_bic1.1_x_dcce_x_ced_0.25/model/model.npz
[2019-07-10 00:53:32] Saving Adam parameters to ../experiments/10M_fasttext_prob_x_len_+_bic1.1_x_dcce_x_ced_0.25/model/model.npz.optimizer.npz
[2019-07-10 00:54:04] [valid] Ep. 16 : Up. 60000 : cross-entropy : 63.9663 : new best
[2019-07-10 00:54:13] [valid] Ep. 16 : Up. 60000 : perplexity : 12.6036 : new best
[2019-07-10 00:55:29] [valid] Ep. 16 : Up. 60000 : translation : 26.23 : new best
[2019-07-10 01:05:45] Ep. 16 : Up. 62000 : Sen. 421,834 : Cost 29.98351669 : Time 762.65s : 6932.75 words/s
[2019-07-10 01:07:29] Seen 462040 samples
[2019-07-10 01:07:29] Starting epoch 17
[2019-07-10 01:07:29] [data] Shuffling data
[2019-07-10 01:07:29] [data] Done reading 510943 sentences
[2019-07-10 01:07:31] [data] Done shuffling 510943 sentences to temp files
[2019-07-10 01:15:58] Ep. 17 : Up. 64000 : Sen. 197,310 : Cost 28.83522987 : Time 612.52s : 8639.23 words/s
[2019-07-10 01:26:03] Ep. 17 : Up. 66000 : Sen. 434,689 : Cost 28.86388779 : Time 605.62s : 8709.19 words/s
[2019-07-10 01:27:14] Seen 462040 samples
[2019-07-10 01:27:14] Starting epoch 18
[2019-07-10 01:27:14] [data] Shuffling data
[2019-07-10 01:27:14] [data] Done reading 510943 sentences
[2019-07-10 01:27:16] [data] Done shuffling 510943 sentences to temp files
[2019-07-10 01:36:14] Ep. 18 : Up. 68000 : Sen. 209,955 : Cost 28.11244965 : Time 611.09s : 8641.70 words/s
[2019-07-10 01:46:20] Ep. 18 : Up. 70000 : Sen. 446,782 : Cost 28.49589920 : Time 605.28s : 8704.12 words/s
[2019-07-10 01:46:59] Seen 462040 samples
[2019-07-10 01:46:59] Starting epoch 19
[2019-07-10 01:46:59] [data] Shuffling data
[2019-07-10 01:47:00] [data] Done reading 510943 sentences
[2019-07-10 01:47:02] [data] Done shuffling 510943 sentences to temp files
[2019-07-10 01:56:28] Ep. 19 : Up. 72000 : Sen. 221,330 : Cost 27.48941231 : Time 608.45s : 8639.05 words/s
[2019-07-10 02:06:37] Ep. 19 : Up. 74000 : Sen. 459,079 : Cost 28.23074341 : Time 608.61s : 8698.28 words/s
[2019-07-10 02:06:45] Seen 462040 samples
[2019-07-10 02:06:45] Starting epoch 20
[2019-07-10 02:06:45] [data] Shuffling data
[2019-07-10 02:06:46] [data] Done reading 510943 sentences
[2019-07-10 02:06:48] [data] Done shuffling 510943 sentences to temp files
[2019-07-10 02:16:47] Ep. 20 : Up. 76000 : Sen. 233,801 : Cost 27.07974815 : Time 609.80s : 8660.64 words/s
[2019-07-10 02:26:30] Seen 462040 samples
[2019-07-10 02:26:30] Starting epoch 21
[2019-07-10 02:26:30] [data] Shuffling data
[2019-07-10 02:26:30] [data] Done reading 510943 sentences
[2019-07-10 02:26:32] [data] Done shuffling 510943 sentences to temp files
[2019-07-10 02:26:57] Ep. 21 : Up. 78000 : Sen. 9,262 : Cost 27.28610611 : Time 610.01s : 8635.37 words/s
[2019-07-10 02:37:08] Ep. 21 : Up. 80000 : Sen. 246,955 : Cost 26.23545837 : Time 611.51s : 8665.12 words/s
[2019-07-10 02:37:08] Saving model to ../experiments/10M_fasttext_prob_x_len_+_bic1.1_x_dcce_x_ced_0.25/model/model.npz.orig.npz
[2019-07-10 02:37:18] Saving model to ../experiments/10M_fasttext_prob_x_len_+_bic1.1_x_dcce_x_ced_0.25/model/model.iter80000.npz
[2019-07-10 02:37:25] Saving model to ../experiments/10M_fasttext_prob_x_len_+_bic1.1_x_dcce_x_ced_0.25/model/model.npz
[2019-07-10 02:37:35] Saving Adam parameters to ../experiments/10M_fasttext_prob_x_len_+_bic1.1_x_dcce_x_ced_0.25/model/model.npz.optimizer.npz
[2019-07-10 02:38:02] [valid] Ep. 21 : Up. 80000 : cross-entropy : 64.2116 : stalled 1 times (last best: 63.9663)
[2019-07-10 02:38:10] [valid] Ep. 21 : Up. 80000 : perplexity : 12.7266 : stalled 1 times (last best: 12.6036)
[2019-07-10 02:39:14] [valid] Ep. 21 : Up. 80000 : translation : 26.16 : stalled 1 times (last best: 26.23)
[2019-07-10 02:48:28] Seen 462040 samples
[2019-07-10 02:48:28] Starting epoch 22
[2019-07-10 02:48:28] [data] Shuffling data
[2019-07-10 02:48:28] [data] Done reading 510943 sentences
[2019-07-10 02:48:30] [data] Done shuffling 510943 sentences to temp files
[2019-07-10 02:49:29] Ep. 22 : Up. 82000 : Sen. 22,178 : Cost 26.81838417 : Time 741.25s : 7129.83 words/s
[2019-07-10 02:59:37] Ep. 22 : Up. 84000 : Sen. 260,147 : Cost 25.82934570 : Time 607.20s : 8711.26 words/s
[2019-07-10 03:08:15] Seen 462040 samples
[2019-07-10 03:08:15] Starting epoch 23
[2019-07-10 03:08:15] [data] Shuffling data
[2019-07-10 03:08:16] [data] Done reading 510943 sentences
[2019-07-10 03:08:17] [data] Done shuffling 510943 sentences to temp files
[2019-07-10 03:09:50] Ep. 23 : Up. 86000 : Sen. 34,947 : Cost 26.31693459 : Time 613.72s : 8605.98 words/s
[2019-07-10 03:19:57] Ep. 23 : Up. 88000 : Sen. 271,938 : Cost 25.44614601 : Time 606.27s : 8676.29 words/s
[2019-07-10 03:28:07] Seen 462040 samples
[2019-07-10 03:28:07] Starting epoch 24
[2019-07-10 03:28:07] [data] Shuffling data
[2019-07-10 03:28:08] [data] Done reading 510943 sentences
[2019-07-10 03:28:10] [data] Done shuffling 510943 sentences to temp files
[2019-07-10 03:30:10] Ep. 24 : Up. 90000 : Sen. 45,947 : Cost 25.93864059 : Time 613.87s : 8571.53 words/s
[2019-07-10 03:40:20] Ep. 24 : Up. 92000 : Sen. 282,933 : Cost 25.15557289 : Time 609.42s : 8639.70 words/s
[2019-07-10 03:47:57] Seen 462040 samples
[2019-07-10 03:47:57] Starting epoch 25
[2019-07-10 03:47:57] [data] Shuffling data
[2019-07-10 03:47:58] [data] Done reading 510943 sentences
[2019-07-10 03:48:01] [data] Done shuffling 510943 sentences to temp files
[2019-07-10 03:50:30] Ep. 25 : Up. 94000 : Sen. 58,492 : Cost 25.37045860 : Time 610.45s : 8660.15 words/s
[2019-07-10 04:00:40] Ep. 25 : Up. 96000 : Sen. 295,935 : Cost 24.48125267 : Time 609.44s : 8670.74 words/s
[2019-07-10 04:07:45] Seen 462040 samples
[2019-07-10 04:07:45] Starting epoch 26
[2019-07-10 04:07:45] [data] Shuffling data
[2019-07-10 04:07:45] [data] Done reading 510943 sentences
[2019-07-10 04:07:47] [data] Done shuffling 510943 sentences to temp files
[2019-07-10 04:10:51] Ep. 26 : Up. 98000 : Sen. 71,314 : Cost 24.78232002 : Time 611.04s : 8658.94 words/s
[2019-07-10 04:20:59] Ep. 26 : Up. 100000 : Sen. 308,654 : Cost 24.26566696 : Time 608.04s : 8675.37 words/s
[2019-07-10 04:20:59] Saving model to ../experiments/10M_fasttext_prob_x_len_+_bic1.1_x_dcce_x_ced_0.25/model/model.npz.orig.npz
[2019-07-10 04:21:08] Saving model to ../experiments/10M_fasttext_prob_x_len_+_bic1.1_x_dcce_x_ced_0.25/model/model.iter100000.npz
[2019-07-10 04:21:15] Saving model to ../experiments/10M_fasttext_prob_x_len_+_bic1.1_x_dcce_x_ced_0.25/model/model.npz
[2019-07-10 04:21:25] Saving Adam parameters to ../experiments/10M_fasttext_prob_x_len_+_bic1.1_x_dcce_x_ced_0.25/model/model.npz.optimizer.npz
[2019-07-10 04:21:52] [valid] Ep. 26 : Up. 100000 : cross-entropy : 65.3151 : stalled 2 times (last best: 63.9663)
[2019-07-10 04:22:00] [valid] Ep. 26 : Up. 100000 : perplexity : 13.2953 : stalled 2 times (last best: 12.6036)
[2019-07-10 04:23:04] [valid] Ep. 26 : Up. 100000 : translation : 26.31 : new best
[2019-07-10 04:29:41] Seen 462040 samples
[2019-07-10 04:29:41] Starting epoch 27
[2019-07-10 04:29:41] [data] Shuffling data
[2019-07-10 04:29:41] [data] Done reading 510943 sentences
[2019-07-10 04:29:43] [data] Done shuffling 510943 sentences to temp files
[2019-07-10 04:33:16] Ep. 27 : Up. 102000 : Sen. 82,558 : Cost 24.27661133 : Time 737.37s : 7117.78 words/s
[2019-07-10 04:43:25] Ep. 27 : Up. 104000 : Sen. 320,102 : Cost 23.99071693 : Time 609.00s : 8680.45 words/s
[2019-07-10 04:49:30] Seen 462040 samples
[2019-07-10 04:49:30] Starting epoch 28
[2019-07-10 04:49:30] [data] Shuffling data
[2019-07-10 04:49:30] [data] Done reading 510943 sentences
[2019-07-10 04:49:32] [data] Done shuffling 510943 sentences to temp files
[2019-07-10 04:53:38] Ep. 28 : Up. 106000 : Sen. 95,429 : Cost 23.86521530 : Time 613.16s : 8616.23 words/s
[2019-07-10 05:03:45] Ep. 28 : Up. 108000 : Sen. 332,014 : Cost 23.52533722 : Time 606.43s : 8676.86 words/s
[2019-07-10 05:09:19] Seen 462040 samples
[2019-07-10 05:09:19] Starting epoch 29
[2019-07-10 05:09:19] [data] Shuffling data
[2019-07-10 05:09:19] [data] Done reading 510943 sentences
[2019-07-10 05:09:21] [data] Done shuffling 510943 sentences to temp files
[2019-07-10 05:13:57] Ep. 29 : Up. 110000 : Sen. 106,596 : Cost 23.60517120 : Time 612.49s : 8604.54 words/s
[2019-07-10 05:24:05] Ep. 29 : Up. 112000 : Sen. 344,931 : Cost 23.17325974 : Time 608.13s : 8716.07 words/s
[2019-07-10 05:29:05] Seen 462040 samples
[2019-07-10 05:29:05] Starting epoch 30
[2019-07-10 05:29:05] [data] Shuffling data
[2019-07-10 05:29:06] [data] Done reading 510943 sentences
[2019-07-10 05:29:08] [data] Done shuffling 510943 sentences to temp files
[2019-07-10 05:34:15] Ep. 30 : Up. 114000 : Sen. 120,042 : Cost 23.15135765 : Time 609.79s : 8649.44 words/s
[2019-07-10 05:44:23] Ep. 30 : Up. 116000 : Sen. 357,737 : Cost 22.99197960 : Time 607.97s : 8701.12 words/s
[2019-07-10 05:48:51] Seen 462040 samples
[2019-07-10 05:48:51] Starting epoch 31
[2019-07-10 05:48:51] [data] Shuffling data
[2019-07-10 05:48:52] [data] Done reading 510943 sentences
[2019-07-10 05:48:53] [data] Done shuffling 510943 sentences to temp files
[2019-07-10 05:54:35] Ep. 31 : Up. 118000 : Sen. 132,671 : Cost 22.71867752 : Time 611.43s : 8621.97 words/s
[2019-07-10 06:04:42] Ep. 31 : Up. 120000 : Sen. 369,416 : Cost 22.90308762 : Time 607.61s : 8672.01 words/s
[2019-07-10 06:04:42] Saving model to ../experiments/10M_fasttext_prob_x_len_+_bic1.1_x_dcce_x_ced_0.25/model/model.npz.orig.npz
[2019-07-10 06:04:52] Saving model to ../experiments/10M_fasttext_prob_x_len_+_bic1.1_x_dcce_x_ced_0.25/model/model.iter120000.npz
[2019-07-10 06:04:59] Saving model to ../experiments/10M_fasttext_prob_x_len_+_bic1.1_x_dcce_x_ced_0.25/model/model.npz
[2019-07-10 06:05:08] Saving Adam parameters to ../experiments/10M_fasttext_prob_x_len_+_bic1.1_x_dcce_x_ced_0.25/model/model.npz.optimizer.npz
[2019-07-10 06:05:35] [valid] Ep. 31 : Up. 120000 : cross-entropy : 66.9393 : stalled 3 times (last best: 63.9663)
[2019-07-10 06:05:43] [valid] Ep. 31 : Up. 120000 : perplexity : 14.1789 : stalled 3 times (last best: 12.6036)
[2019-07-10 06:06:48] [valid] Ep. 31 : Up. 120000 : translation : 26.24 : stalled 1 times (last best: 26.31)
[2019-07-10 06:10:47] Seen 462040 samples
[2019-07-10 06:10:47] Starting epoch 32
[2019-07-10 06:10:47] [data] Shuffling data
[2019-07-10 06:10:48] [data] Done reading 510943 sentences
[2019-07-10 06:10:50] [data] Done shuffling 510943 sentences to temp files
[2019-07-10 06:17:01] Ep. 32 : Up. 122000 : Sen. 144,610 : Cost 22.57670784 : Time 738.99s : 7144.61 words/s
[2019-07-10 06:27:06] Ep. 32 : Up. 124000 : Sen. 381,063 : Cost 22.40707970 : Time 604.32s : 8701.31 words/s
[2019-07-10 06:30:34] Seen 462040 samples
[2019-07-10 06:30:34] Starting epoch 33
[2019-07-10 06:30:34] [data] Shuffling data
[2019-07-10 06:30:34] [data] Done reading 510943 sentences
[2019-07-10 06:30:36] [data] Done shuffling 510943 sentences to temp files
[2019-07-10 06:37:16] Ep. 33 : Up. 126000 : Sen. 157,131 : Cost 21.91819382 : Time 610.82s : 8665.91 words/s
[2019-07-10 06:47:23] Ep. 33 : Up. 128000 : Sen. 394,300 : Cost 22.43003654 : Time 606.13s : 8721.50 words/s
[2019-07-10 06:50:15] Seen 462040 samples
[2019-07-10 06:50:15] Starting epoch 34
[2019-07-10 06:50:15] [data] Shuffling data
[2019-07-10 06:50:15] [data] Done reading 510943 sentences
[2019-07-10 06:50:17] [data] Done shuffling 510943 sentences to temp files
[2019-07-10 06:57:31] Ep. 34 : Up. 130000 : Sen. 169,214 : Cost 21.68529701 : Time 608.57s : 8659.30 words/s
[2019-07-10 07:07:38] Ep. 34 : Up. 132000 : Sen. 407,027 : Cost 21.99186325 : Time 606.90s : 8714.94 words/s
[2019-07-10 07:09:59] Seen 462040 samples
[2019-07-10 07:09:59] Starting epoch 35
[2019-07-10 07:09:59] [data] Shuffling data
[2019-07-10 07:09:59] [data] Done reading 510943 sentences
[2019-07-10 07:10:01] [data] Done shuffling 510943 sentences to temp files
[2019-07-10 07:17:47] Ep. 35 : Up. 134000 : Sen. 181,738 : Cost 21.49999428 : Time 608.53s : 8655.99 words/s
[2019-07-10 07:27:56] Ep. 35 : Up. 136000 : Sen. 418,976 : Cost 21.65138817 : Time 609.13s : 8683.96 words/s
[2019-07-10 07:29:45] Seen 462040 samples
[2019-07-10 07:29:45] Starting epoch 36
[2019-07-10 07:29:45] [data] Shuffling data
[2019-07-10 07:29:46] [data] Done reading 510943 sentences
[2019-07-10 07:29:48] [data] Done shuffling 510943 sentences to temp files
[2019-07-10 07:38:08] Ep. 36 : Up. 138000 : Sen. 194,265 : Cost 21.13516045 : Time 612.10s : 8621.35 words/s
[2019-07-10 07:48:15] Ep. 36 : Up. 140000 : Sen. 431,582 : Cost 21.68090820 : Time 606.95s : 8704.24 words/s
[2019-07-10 07:48:15] Saving model to ../experiments/10M_fasttext_prob_x_len_+_bic1.1_x_dcce_x_ced_0.25/model/model.npz.orig.npz
[2019-07-10 07:48:24] Saving model to ../experiments/10M_fasttext_prob_x_len_+_bic1.1_x_dcce_x_ced_0.25/model/model.iter140000.npz
[2019-07-10 07:48:32] Saving model to ../experiments/10M_fasttext_prob_x_len_+_bic1.1_x_dcce_x_ced_0.25/model/model.npz
[2019-07-10 07:48:41] Saving Adam parameters to ../experiments/10M_fasttext_prob_x_len_+_bic1.1_x_dcce_x_ced_0.25/model/model.npz.optimizer.npz
[2019-07-10 07:49:07] [valid] Ep. 36 : Up. 140000 : cross-entropy : 68.7714 : stalled 4 times (last best: 63.9663)
[2019-07-10 07:49:15] [valid] Ep. 36 : Up. 140000 : perplexity : 15.2462 : stalled 4 times (last best: 12.6036)
[2019-07-10 07:50:20] [valid] Ep. 36 : Up. 140000 : translation : 25.99 : stalled 2 times (last best: 26.31)
[2019-07-10 07:51:41] Seen 462040 samples
[2019-07-10 07:51:41] Starting epoch 37
[2019-07-10 07:51:41] [data] Shuffling data
[2019-07-10 07:51:42] [data] Done reading 510943 sentences
[2019-07-10 07:51:44] [data] Done shuffling 510943 sentences to temp files
[2019-07-10 08:00:34] Ep. 37 : Up. 142000 : Sen. 206,686 : Cost 20.79962730 : Time 739.69s : 7119.57 words/s
[2019-07-10 08:10:43] Ep. 37 : Up. 144000 : Sen. 443,043 : Cost 21.23151588 : Time 608.81s : 8660.84 words/s
[2019-07-10 08:11:31] Seen 462040 samples
[2019-07-10 08:11:31] Starting epoch 38
[2019-07-10 08:11:31] [data] Shuffling data
[2019-07-10 08:11:31] [data] Done reading 510943 sentences
[2019-07-10 08:11:33] [data] Done shuffling 510943 sentences to temp files
[2019-07-10 08:20:52] Ep. 38 : Up. 146000 : Sen. 218,359 : Cost 20.51871300 : Time 608.86s : 8656.94 words/s
[2019-07-10 08:31:00] Ep. 38 : Up. 148000 : Sen. 454,964 : Cost 21.21443367 : Time 607.99s : 8672.69 words/s
[2019-07-10 08:31:18] Seen 462040 samples
[2019-07-10 08:31:18] Starting epoch 39
[2019-07-10 08:31:18] [data] Shuffling data
[2019-07-10 08:31:18] [data] Done reading 510943 sentences
[2019-07-10 08:31:20] [data] Done shuffling 510943 sentences to temp files
[2019-07-10 08:41:10] Ep. 39 : Up. 150000 : Sen. 229,929 : Cost 20.17230225 : Time 610.37s : 8632.39 words/s
[2019-07-10 08:51:05] Seen 462040 samples
[2019-07-10 08:51:05] Starting epoch 40
[2019-07-10 08:51:05] [data] Shuffling data
[2019-07-10 08:51:05] [data] Done reading 510943 sentences
[2019-07-10 08:51:07] [data] Done shuffling 510943 sentences to temp files
[2019-07-10 08:51:24] Ep. 40 : Up. 152000 : Sen. 5,691 : Cost 20.76643372 : Time 613.27s : 8627.37 words/s
[2019-07-10 09:01:32] Ep. 40 : Up. 154000 : Sen. 243,647 : Cost 20.20025635 : Time 608.20s : 8711.77 words/s
[2019-07-10 09:10:51] Seen 462040 samples
[2019-07-10 09:10:51] Starting epoch 41
[2019-07-10 09:10:51] [data] Shuffling data
[2019-07-10 09:10:51] [data] Done reading 510943 sentences
[2019-07-10 09:10:53] [data] Done shuffling 510943 sentences to temp files
[2019-07-10 09:11:41] Ep. 41 : Up. 156000 : Sen. 18,221 : Cost 20.45660019 : Time 609.58s : 8632.15 words/s
[2019-07-10 09:21:48] Ep. 41 : Up. 158000 : Sen. 254,864 : Cost 19.98199272 : Time 606.47s : 8688.66 words/s
[2019-07-10 09:30:38] Seen 462040 samples
[2019-07-10 09:30:38] Starting epoch 42
[2019-07-10 09:30:38] [data] Shuffling data
[2019-07-10 09:30:38] [data] Done reading 510943 sentences
[2019-07-10 09:30:40] [data] Done shuffling 510943 sentences to temp files
[2019-07-10 09:32:00] Ep. 42 : Up. 160000 : Sen. 30,402 : Cost 20.20766449 : Time 611.95s : 8644.76 words/s
[2019-07-10 09:32:00] Saving model to ../experiments/10M_fasttext_prob_x_len_+_bic1.1_x_dcce_x_ced_0.25/model/model.npz.orig.npz
[2019-07-10 09:32:09] Saving model to ../experiments/10M_fasttext_prob_x_len_+_bic1.1_x_dcce_x_ced_0.25/model/model.iter160000.npz
[2019-07-10 09:32:16] Saving model to ../experiments/10M_fasttext_prob_x_len_+_bic1.1_x_dcce_x_ced_0.25/model/model.npz
[2019-07-10 09:32:25] Saving Adam parameters to ../experiments/10M_fasttext_prob_x_len_+_bic1.1_x_dcce_x_ced_0.25/model/model.npz.optimizer.npz
[2019-07-10 09:32:51] [valid] Ep. 42 : Up. 160000 : cross-entropy : 70.5246 : stalled 5 times (last best: 63.9663)
[2019-07-10 09:33:00] [valid] Ep. 42 : Up. 160000 : perplexity : 16.3427 : stalled 5 times (last best: 12.6036)
[2019-07-10 09:34:04] [valid] Ep. 42 : Up. 160000 : translation : 25.66 : stalled 3 times (last best: 26.31)
[2019-07-10 09:34:06] Training finished
[2019-07-10 09:34:10] Saving model to ../experiments/10M_fasttext_prob_x_len_+_bic1.1_x_dcce_x_ced_0.25/model/model.npz.orig.npz
[2019-07-10 09:34:19] Saving model to ../experiments/10M_fasttext_prob_x_len_+_bic1.1_x_dcce_x_ced_0.25/model/model.npz
[2019-07-10 09:34:29] Saving Adam parameters to ../experiments/10M_fasttext_prob_x_len_+_bic1.1_x_dcce_x_ced_0.25/model/model.npz.optimizer.npz
