[2019-07-15 18:52:16] [marian] Marian v1.7.8 ec2d66e 2019-05-27 14:52:11 +0100
[2019-07-15 18:52:16] [marian] Running on hodor as process 76156 with command line:
[2019-07-15 18:52:16] [marian] /fs/bil0/abdel/marian-dev/build/marian --sync-sgd --model ../experiments/100M_langid_+_ced_0.25_x_dcce/model/model.npz -T . --devices 1 --train-sets ../experiments/100M_langid_+_ced_0.25_x_dcce/data/train.bpe.de ../experiments/100M_langid_+_ced_0.25_x_dcce/data/train.bpe.en --vocabs ../experiments/100M_langid_+_ced_0.25_x_dcce/data/train.bpe.de.json ../experiments/100M_langid_+_ced_0.25_x_dcce/data/train.bpe.en.json --mini-batch-fit -w 5000 --dim-vocabs 50000 50000 --layer-normalization --dropout-rnn 0.2 --dropout-src 0.1 --dropout-trg 0.1 --learn-rate 0.0001 --after-epochs 0 --early-stopping 5 --valid-freq 20000 --save-freq 20000 --disp-freq 2000 --valid-mini-batch 8 --valid-sets ../experiments/100M_langid_+_ced_0.25_x_dcce/data/dev.bpe.de ../experiments/100M_langid_+_ced_0.25_x_dcce/data/dev.bpe.en --valid-metrics cross-entropy perplexity translation --valid-translation-output ../experiments/100M_langid_+_ced_0.25_x_dcce/model/dev.out --valid-script-path ../experiments/100M_langid_+_ced_0.25_x_dcce/score-dev.sh --seed 1111 --exponential-smoothing --normalize=1 --beam-size=12 --quiet-translation --log ../experiments/100M_langid_+_ced_0.25_x_dcce/model/train.log --valid-log ../experiments/100M_langid_+_ced_0.25_x_dcce/model/valid.log
[2019-07-15 18:52:16] [config] after-batches: 0
[2019-07-15 18:52:16] [config] after-epochs: 0
[2019-07-15 18:52:16] [config] allow-unk: false
[2019-07-15 18:52:16] [config] beam-size: 12
[2019-07-15 18:52:16] [config] bert-class-symbol: "[CLS]"
[2019-07-15 18:52:16] [config] bert-mask-symbol: "[MASK]"
[2019-07-15 18:52:16] [config] bert-masking-fraction: 0.15
[2019-07-15 18:52:16] [config] bert-sep-symbol: "[SEP]"
[2019-07-15 18:52:16] [config] bert-train-type-embeddings: true
[2019-07-15 18:52:16] [config] bert-type-vocab-size: 2
[2019-07-15 18:52:16] [config] best-deep: false
[2019-07-15 18:52:16] [config] clip-gemm: 0
[2019-07-15 18:52:16] [config] clip-norm: 1
[2019-07-15 18:52:16] [config] cost-type: ce-mean
[2019-07-15 18:52:16] [config] cpu-threads: 0
[2019-07-15 18:52:16] [config] data-weighting: ""
[2019-07-15 18:52:16] [config] data-weighting-type: sentence
[2019-07-15 18:52:16] [config] dec-cell: gru
[2019-07-15 18:52:16] [config] dec-cell-base-depth: 2
[2019-07-15 18:52:16] [config] dec-cell-high-depth: 1
[2019-07-15 18:52:16] [config] dec-depth: 1
[2019-07-15 18:52:16] [config] devices:
[2019-07-15 18:52:16] [config]   - 1
[2019-07-15 18:52:16] [config] dim-emb: 512
[2019-07-15 18:52:16] [config] dim-rnn: 1024
[2019-07-15 18:52:16] [config] dim-vocabs:
[2019-07-15 18:52:16] [config]   - 50000
[2019-07-15 18:52:16] [config]   - 50000
[2019-07-15 18:52:16] [config] disp-first: 0
[2019-07-15 18:52:16] [config] disp-freq: 2000
[2019-07-15 18:52:16] [config] disp-label-counts: false
[2019-07-15 18:52:16] [config] dropout-rnn: 0.2
[2019-07-15 18:52:16] [config] dropout-src: 0.1
[2019-07-15 18:52:16] [config] dropout-trg: 0.1
[2019-07-15 18:52:16] [config] dump-config: ""
[2019-07-15 18:52:16] [config] early-stopping: 5
[2019-07-15 18:52:16] [config] embedding-fix-src: false
[2019-07-15 18:52:16] [config] embedding-fix-trg: false
[2019-07-15 18:52:16] [config] embedding-normalization: false
[2019-07-15 18:52:16] [config] embedding-vectors:
[2019-07-15 18:52:16] [config]   []
[2019-07-15 18:52:16] [config] enc-cell: gru
[2019-07-15 18:52:16] [config] enc-cell-depth: 1
[2019-07-15 18:52:16] [config] enc-depth: 1
[2019-07-15 18:52:16] [config] enc-type: bidirectional
[2019-07-15 18:52:16] [config] exponential-smoothing: 0.0001
[2019-07-15 18:52:16] [config] grad-dropping-momentum: 0
[2019-07-15 18:52:16] [config] grad-dropping-rate: 0
[2019-07-15 18:52:16] [config] grad-dropping-warmup: 100
[2019-07-15 18:52:16] [config] guided-alignment: none
[2019-07-15 18:52:16] [config] guided-alignment-cost: mse
[2019-07-15 18:52:16] [config] guided-alignment-weight: 0.1
[2019-07-15 18:52:16] [config] ignore-model-config: false
[2019-07-15 18:52:16] [config] input-types:
[2019-07-15 18:52:16] [config]   []
[2019-07-15 18:52:16] [config] interpolate-env-vars: false
[2019-07-15 18:52:16] [config] keep-best: false
[2019-07-15 18:52:16] [config] label-smoothing: 0
[2019-07-15 18:52:16] [config] layer-normalization: true
[2019-07-15 18:52:16] [config] learn-rate: 0.0001
[2019-07-15 18:52:16] [config] log: ../experiments/100M_langid_+_ced_0.25_x_dcce/model/train.log
[2019-07-15 18:52:16] [config] log-level: info
[2019-07-15 18:52:16] [config] log-time-zone: ""
[2019-07-15 18:52:16] [config] lr-decay: 0
[2019-07-15 18:52:16] [config] lr-decay-freq: 50000
[2019-07-15 18:52:16] [config] lr-decay-inv-sqrt:
[2019-07-15 18:52:16] [config]   - 0
[2019-07-15 18:52:16] [config] lr-decay-repeat-warmup: false
[2019-07-15 18:52:16] [config] lr-decay-reset-optimizer: false
[2019-07-15 18:52:16] [config] lr-decay-start:
[2019-07-15 18:52:16] [config]   - 10
[2019-07-15 18:52:16] [config]   - 1
[2019-07-15 18:52:16] [config] lr-decay-strategy: epoch+stalled
[2019-07-15 18:52:16] [config] lr-report: false
[2019-07-15 18:52:16] [config] lr-warmup: 0
[2019-07-15 18:52:16] [config] lr-warmup-at-reload: false
[2019-07-15 18:52:16] [config] lr-warmup-cycle: false
[2019-07-15 18:52:16] [config] lr-warmup-start-rate: 0
[2019-07-15 18:52:16] [config] max-length: 50
[2019-07-15 18:52:16] [config] max-length-crop: false
[2019-07-15 18:52:16] [config] max-length-factor: 3
[2019-07-15 18:52:16] [config] maxi-batch: 100
[2019-07-15 18:52:16] [config] maxi-batch-sort: trg
[2019-07-15 18:52:16] [config] mini-batch: 64
[2019-07-15 18:52:16] [config] mini-batch-fit: true
[2019-07-15 18:52:16] [config] mini-batch-fit-step: 10
[2019-07-15 18:52:16] [config] mini-batch-overstuff: 1
[2019-07-15 18:52:16] [config] mini-batch-track-lr: false
[2019-07-15 18:52:16] [config] mini-batch-understuff: 1
[2019-07-15 18:52:16] [config] mini-batch-warmup: 0
[2019-07-15 18:52:16] [config] mini-batch-words: 0
[2019-07-15 18:52:16] [config] mini-batch-words-ref: 0
[2019-07-15 18:52:16] [config] model: ../experiments/100M_langid_+_ced_0.25_x_dcce/model/model.npz
[2019-07-15 18:52:16] [config] multi-loss-type: sum
[2019-07-15 18:52:16] [config] multi-node: false
[2019-07-15 18:52:16] [config] multi-node-overlap: true
[2019-07-15 18:52:16] [config] n-best: false
[2019-07-15 18:52:16] [config] no-nccl: false
[2019-07-15 18:52:16] [config] no-reload: false
[2019-07-15 18:52:16] [config] no-restore-corpus: false
[2019-07-15 18:52:16] [config] no-shuffle: false
[2019-07-15 18:52:16] [config] normalize: 1
[2019-07-15 18:52:16] [config] num-devices: 0
[2019-07-15 18:52:16] [config] optimizer: adam
[2019-07-15 18:52:16] [config] optimizer-delay: 1
[2019-07-15 18:52:16] [config] optimizer-params:
[2019-07-15 18:52:16] [config]   []
[2019-07-15 18:52:16] [config] overwrite: false
[2019-07-15 18:52:16] [config] pretrained-model: ""
[2019-07-15 18:52:16] [config] quiet: false
[2019-07-15 18:52:16] [config] quiet-translation: true
[2019-07-15 18:52:16] [config] relative-paths: false
[2019-07-15 18:52:16] [config] right-left: false
[2019-07-15 18:52:16] [config] save-freq: 20000
[2019-07-15 18:52:16] [config] seed: 1111
[2019-07-15 18:52:16] [config] shuffle-in-ram: false
[2019-07-15 18:52:16] [config] skip: false
[2019-07-15 18:52:16] [config] sqlite: ""
[2019-07-15 18:52:16] [config] sqlite-drop: false
[2019-07-15 18:52:16] [config] sync-sgd: true
[2019-07-15 18:52:16] [config] tempdir: .
[2019-07-15 18:52:16] [config] tied-embeddings: false
[2019-07-15 18:52:16] [config] tied-embeddings-all: false
[2019-07-15 18:52:16] [config] tied-embeddings-src: false
[2019-07-15 18:52:16] [config] train-sets:
[2019-07-15 18:52:16] [config]   - ../experiments/100M_langid_+_ced_0.25_x_dcce/data/train.bpe.de
[2019-07-15 18:52:16] [config]   - ../experiments/100M_langid_+_ced_0.25_x_dcce/data/train.bpe.en
[2019-07-15 18:52:16] [config] transformer-aan-activation: swish
[2019-07-15 18:52:16] [config] transformer-aan-depth: 2
[2019-07-15 18:52:16] [config] transformer-aan-nogate: false
[2019-07-15 18:52:16] [config] transformer-decoder-autoreg: self-attention
[2019-07-15 18:52:16] [config] transformer-dim-aan: 2048
[2019-07-15 18:52:16] [config] transformer-dim-ffn: 2048
[2019-07-15 18:52:16] [config] transformer-dropout: 0
[2019-07-15 18:52:16] [config] transformer-dropout-attention: 0
[2019-07-15 18:52:16] [config] transformer-dropout-ffn: 0
[2019-07-15 18:52:16] [config] transformer-ffn-activation: swish
[2019-07-15 18:52:16] [config] transformer-ffn-depth: 2
[2019-07-15 18:52:16] [config] transformer-guided-alignment-layer: last
[2019-07-15 18:52:16] [config] transformer-heads: 8
[2019-07-15 18:52:16] [config] transformer-no-projection: false
[2019-07-15 18:52:16] [config] transformer-postprocess: dan
[2019-07-15 18:52:16] [config] transformer-postprocess-emb: d
[2019-07-15 18:52:16] [config] transformer-preprocess: ""
[2019-07-15 18:52:16] [config] transformer-tied-layers:
[2019-07-15 18:52:16] [config]   []
[2019-07-15 18:52:16] [config] transformer-train-position-embeddings: false
[2019-07-15 18:52:16] [config] type: amun
[2019-07-15 18:52:16] [config] ulr: false
[2019-07-15 18:52:16] [config] ulr-dim-emb: 0
[2019-07-15 18:52:16] [config] ulr-dropout: 0
[2019-07-15 18:52:16] [config] ulr-keys-vectors: ""
[2019-07-15 18:52:16] [config] ulr-query-vectors: ""
[2019-07-15 18:52:16] [config] ulr-softmax-temperature: 1
[2019-07-15 18:52:16] [config] ulr-trainable-transformation: false
[2019-07-15 18:52:16] [config] valid-freq: 20000
[2019-07-15 18:52:16] [config] valid-log: ../experiments/100M_langid_+_ced_0.25_x_dcce/model/valid.log
[2019-07-15 18:52:16] [config] valid-max-length: 1000
[2019-07-15 18:52:16] [config] valid-metrics:
[2019-07-15 18:52:16] [config]   - cross-entropy
[2019-07-15 18:52:16] [config]   - perplexity
[2019-07-15 18:52:16] [config]   - translation
[2019-07-15 18:52:16] [config] valid-mini-batch: 8
[2019-07-15 18:52:16] [config] valid-script-path: ../experiments/100M_langid_+_ced_0.25_x_dcce/score-dev.sh
[2019-07-15 18:52:16] [config] valid-sets:
[2019-07-15 18:52:16] [config]   - ../experiments/100M_langid_+_ced_0.25_x_dcce/data/dev.bpe.de
[2019-07-15 18:52:16] [config]   - ../experiments/100M_langid_+_ced_0.25_x_dcce/data/dev.bpe.en
[2019-07-15 18:52:16] [config] valid-translation-output: ../experiments/100M_langid_+_ced_0.25_x_dcce/model/dev.out
[2019-07-15 18:52:16] [config] vocabs:
[2019-07-15 18:52:16] [config]   - ../experiments/100M_langid_+_ced_0.25_x_dcce/data/train.bpe.de.json
[2019-07-15 18:52:16] [config]   - ../experiments/100M_langid_+_ced_0.25_x_dcce/data/train.bpe.en.json
[2019-07-15 18:52:16] [config] word-penalty: 0
[2019-07-15 18:52:16] [config] workspace: 5000
[2019-07-15 18:52:16] [config] Model is being created with Marian v1.7.8 ec2d66e 2019-05-27 14:52:11 +0100
[2019-07-15 18:52:16] Using synchronous training
[2019-07-15 18:52:16] [data] Loading vocabulary from JSON/Yaml file ../experiments/100M_langid_+_ced_0.25_x_dcce/data/train.bpe.de.json
[2019-07-15 18:52:16] [data] Using unused word id eos for 0
[2019-07-15 18:52:16] [data] Using unused word id UNK for 1
[2019-07-15 18:52:16] [data] Setting vocabulary size for input 0 to 50000
[2019-07-15 18:52:16] [data] Loading vocabulary from JSON/Yaml file ../experiments/100M_langid_+_ced_0.25_x_dcce/data/train.bpe.en.json
[2019-07-15 18:52:17] [data] Using unused word id eos for 0
[2019-07-15 18:52:17] [data] Using unused word id UNK for 1
[2019-07-15 18:52:17] [data] Setting vocabulary size for input 1 to 50000
[2019-07-15 18:52:17] Compiled without MPI support. Falling back to FakeMPIWrapper
[2019-07-15 18:52:17] [batching] Collecting statistics for batch fitting with step size 10
[2019-07-15 18:52:18] [memory] Extending reserved space to 5120 MB (device gpu1)
[2019-07-15 18:52:18] [comm] Using NCCL 2.4.2 for GPU communication
[2019-07-15 18:52:18] [comm] NCCLCommunicator constructed successfully.
[2019-07-15 18:52:18] [training] Using 1 GPUs
[2019-07-15 18:52:18] [memory] Reserving 422 MB, device gpu1
[2019-07-15 18:52:18] [gpu] 16-bit TensorCores enabled for float32 matrix operations
[2019-07-15 18:52:18] [memory] Reserving 422 MB, device gpu1
[2019-07-15 18:52:27] [batching] Done. Typical MB size is 6880 target words
[2019-07-15 18:52:27] [memory] Extending reserved space to 5120 MB (device gpu1)
[2019-07-15 18:52:27] [comm] Using NCCL 2.4.2 for GPU communication
[2019-07-15 18:52:27] [comm] NCCLCommunicator constructed successfully.
[2019-07-15 18:52:27] [training] Using 1 GPUs
[2019-07-15 18:52:27] Training started
[2019-07-15 18:52:27] [data] Shuffling data
[2019-07-15 18:52:30] [data] Done reading 5978721 sentences
[2019-07-15 18:53:03] [data] Done shuffling 5978721 sentences to temp files
[2019-07-15 18:53:05] [training] Batches are processed as 1 process(es) x 1 devices/process
[2019-07-15 18:53:05] [memory] Reserving 422 MB, device gpu1
[2019-07-15 18:53:05] [memory] Reserving 422 MB, device gpu1
[2019-07-15 18:53:05] [memory] Reserving 422 MB, device gpu1
[2019-07-15 18:53:05] [memory] Reserving 844 MB, device gpu1
[2019-07-15 19:06:25] Ep. 1 : Up. 2000 : Sen. 339,200 : Cost 115.18248749 : Time 848.36s : 7662.19 words/s
[2019-07-15 19:19:53] Ep. 1 : Up. 4000 : Sen. 679,535 : Cost 91.09016418 : Time 808.20s : 8061.15 words/s
[2019-07-15 19:33:24] Ep. 1 : Up. 6000 : Sen. 1,021,396 : Cost 79.62220001 : Time 810.77s : 8077.42 words/s
[2019-07-15 19:46:54] Ep. 1 : Up. 8000 : Sen. 1,364,491 : Cost 71.92683411 : Time 809.90s : 8097.14 words/s
[2019-07-15 20:00:26] Ep. 1 : Up. 10000 : Sen. 1,706,424 : Cost 67.25128174 : Time 812.55s : 8057.63 words/s
[2019-07-15 20:13:56] Ep. 1 : Up. 12000 : Sen. 2,047,519 : Cost 63.75067902 : Time 809.53s : 8076.83 words/s
[2019-07-15 20:27:32] Ep. 1 : Up. 14000 : Sen. 2,389,284 : Cost 61.25163269 : Time 815.68s : 8028.70 words/s
[2019-07-15 20:41:07] Ep. 1 : Up. 16000 : Sen. 2,729,299 : Cost 59.25492859 : Time 815.48s : 7996.15 words/s
[2019-07-15 20:54:41] Ep. 1 : Up. 18000 : Sen. 3,070,983 : Cost 57.34115219 : Time 813.51s : 8061.51 words/s
[2019-07-15 21:08:12] Ep. 1 : Up. 20000 : Sen. 3,412,753 : Cost 56.16614151 : Time 811.49s : 8069.55 words/s
[2019-07-15 21:08:12] Saving model to ../experiments/100M_langid_+_ced_0.25_x_dcce/model/model.npz.orig.npz
[2019-07-15 21:08:21] Saving model to ../experiments/100M_langid_+_ced_0.25_x_dcce/model/model.iter20000.npz
[2019-07-15 21:08:28] Saving model to ../experiments/100M_langid_+_ced_0.25_x_dcce/model/model.npz
[2019-07-15 21:08:37] Saving Adam parameters to ../experiments/100M_langid_+_ced_0.25_x_dcce/model/model.npz.optimizer.npz
[2019-07-15 21:09:01] [valid] Ep. 1 : Up. 20000 : cross-entropy : 74.7794 : new best
[2019-07-15 21:09:09] [valid] Ep. 1 : Up. 20000 : perplexity : 18.9707 : new best
[2019-07-15 21:10:21] [valid] Ep. 1 : Up. 20000 : translation : 21.38 : new best
[2019-07-15 21:23:58] Ep. 1 : Up. 22000 : Sen. 3,753,718 : Cost 55.01205826 : Time 946.01s : 6903.96 words/s
[2019-07-15 21:37:26] Ep. 1 : Up. 24000 : Sen. 4,093,787 : Cost 53.65861511 : Time 808.12s : 8051.33 words/s
[2019-07-15 21:50:57] Ep. 1 : Up. 26000 : Sen. 4,433,482 : Cost 53.07863998 : Time 810.58s : 8036.00 words/s
[2019-07-15 22:04:32] Ep. 1 : Up. 28000 : Sen. 4,773,544 : Cost 52.25923538 : Time 814.78s : 8001.13 words/s
[2019-07-15 22:18:07] Ep. 1 : Up. 30000 : Sen. 5,115,203 : Cost 51.51841354 : Time 814.88s : 8035.46 words/s
[2019-07-15 22:21:32] Seen 5201627 samples
[2019-07-15 22:21:32] Starting epoch 2
[2019-07-15 22:21:32] [data] Shuffling data
[2019-07-15 22:21:35] [data] Done reading 5978721 sentences
[2019-07-15 22:22:12] [data] Done shuffling 5978721 sentences to temp files
[2019-07-15 22:32:23] Ep. 2 : Up. 32000 : Sen. 254,992 : Cost 50.20132446 : Time 856.36s : 7618.84 words/s
[2019-07-15 22:46:00] Ep. 2 : Up. 34000 : Sen. 596,261 : Cost 49.87959671 : Time 816.88s : 8021.53 words/s
[2019-07-15 22:59:25] Ep. 2 : Up. 36000 : Sen. 934,400 : Cost 49.22901535 : Time 805.18s : 8042.35 words/s
[2019-07-15 23:12:57] Ep. 2 : Up. 38000 : Sen. 1,274,270 : Cost 48.63099289 : Time 812.07s : 8012.98 words/s
[2019-07-15 23:26:32] Ep. 2 : Up. 40000 : Sen. 1,617,282 : Cost 48.44767380 : Time 814.76s : 8063.21 words/s
[2019-07-15 23:26:32] Saving model to ../experiments/100M_langid_+_ced_0.25_x_dcce/model/model.npz.orig.npz
[2019-07-15 23:26:41] Saving model to ../experiments/100M_langid_+_ced_0.25_x_dcce/model/model.iter40000.npz
[2019-07-15 23:26:48] Saving model to ../experiments/100M_langid_+_ced_0.25_x_dcce/model/model.npz
[2019-07-15 23:26:57] Saving Adam parameters to ../experiments/100M_langid_+_ced_0.25_x_dcce/model/model.npz.optimizer.npz
[2019-07-15 23:27:21] [valid] Ep. 2 : Up. 40000 : cross-entropy : 63.0821 : new best
[2019-07-15 23:27:29] [valid] Ep. 2 : Up. 40000 : perplexity : 11.9718 : new best
[2019-07-15 23:28:37] [valid] Ep. 2 : Up. 40000 : translation : 25.22 : new best
[2019-07-15 23:42:16] Ep. 2 : Up. 42000 : Sen. 1,958,936 : Cost 48.25346756 : Time 943.81s : 6941.09 words/s
[2019-07-15 23:55:50] Ep. 2 : Up. 44000 : Sen. 2,301,025 : Cost 47.77786636 : Time 814.61s : 8050.62 words/s
[2019-07-16 00:09:16] Ep. 2 : Up. 46000 : Sen. 2,638,697 : Cost 47.38437271 : Time 805.84s : 8020.85 words/s
[2019-07-16 00:22:50] Ep. 2 : Up. 48000 : Sen. 2,980,089 : Cost 46.96838760 : Time 813.47s : 8042.08 words/s
[2019-07-16 00:36:23] Ep. 2 : Up. 50000 : Sen. 3,322,004 : Cost 46.54036713 : Time 813.21s : 8049.38 words/s
[2019-07-16 00:49:54] Ep. 2 : Up. 52000 : Sen. 3,663,438 : Cost 46.71166229 : Time 811.42s : 8073.32 words/s
[2019-07-16 01:03:25] Ep. 2 : Up. 54000 : Sen. 4,002,864 : Cost 46.43698502 : Time 810.51s : 8039.69 words/s
[2019-07-16 01:16:55] Ep. 2 : Up. 56000 : Sen. 4,343,542 : Cost 45.97127151 : Time 810.07s : 8049.57 words/s
[2019-07-16 01:30:30] Ep. 2 : Up. 58000 : Sen. 4,684,414 : Cost 45.91604614 : Time 814.98s : 8026.13 words/s
[2019-07-16 01:44:03] Ep. 2 : Up. 60000 : Sen. 5,026,942 : Cost 45.49220657 : Time 813.60s : 8055.83 words/s
[2019-07-16 01:44:03] Saving model to ../experiments/100M_langid_+_ced_0.25_x_dcce/model/model.npz.orig.npz
[2019-07-16 01:44:12] Saving model to ../experiments/100M_langid_+_ced_0.25_x_dcce/model/model.iter60000.npz
[2019-07-16 01:44:18] Saving model to ../experiments/100M_langid_+_ced_0.25_x_dcce/model/model.npz
[2019-07-16 01:44:27] Saving Adam parameters to ../experiments/100M_langid_+_ced_0.25_x_dcce/model/model.npz.optimizer.npz
[2019-07-16 01:44:52] [valid] Ep. 2 : Up. 60000 : cross-entropy : 58.0735 : new best
[2019-07-16 01:45:00] [valid] Ep. 2 : Up. 60000 : perplexity : 9.83008 : new best
[2019-07-16 01:46:08] [valid] Ep. 2 : Up. 60000 : translation : 26.85 : new best
[2019-07-16 01:53:07] Seen 5201627 samples
[2019-07-16 01:53:07] Starting epoch 3
[2019-07-16 01:53:07] [data] Shuffling data
[2019-07-16 01:53:11] [data] Done reading 5978721 sentences
[2019-07-16 01:53:39] [data] Done shuffling 5978721 sentences to temp files
[2019-07-16 02:00:19] Ep. 3 : Up. 62000 : Sen. 167,415 : Cost 44.66788483 : Time 975.73s : 6704.35 words/s
[2019-07-16 02:13:51] Ep. 3 : Up. 64000 : Sen. 508,726 : Cost 44.16266251 : Time 812.35s : 8051.60 words/s
[2019-07-16 02:27:23] Ep. 3 : Up. 66000 : Sen. 848,725 : Cost 44.15948105 : Time 811.18s : 8018.12 words/s
[2019-07-16 02:40:59] Ep. 3 : Up. 68000 : Sen. 1,190,838 : Cost 44.18239212 : Time 816.37s : 8053.35 words/s
[2019-07-16 02:54:33] Ep. 3 : Up. 70000 : Sen. 1,532,779 : Cost 43.85029221 : Time 813.81s : 8035.60 words/s
[2019-07-16 03:08:08] Ep. 3 : Up. 72000 : Sen. 1,873,879 : Cost 43.58834457 : Time 815.72s : 8019.63 words/s
[2019-07-16 03:21:40] Ep. 3 : Up. 74000 : Sen. 2,215,171 : Cost 43.64301682 : Time 811.97s : 8042.53 words/s
[2019-07-16 03:35:12] Ep. 3 : Up. 76000 : Sen. 2,554,226 : Cost 43.73368454 : Time 811.12s : 8018.49 words/s
[2019-07-16 03:48:43] Ep. 3 : Up. 78000 : Sen. 2,894,311 : Cost 43.43983841 : Time 811.22s : 8024.75 words/s
[2019-07-16 04:02:16] Ep. 3 : Up. 80000 : Sen. 3,235,164 : Cost 43.27547455 : Time 812.84s : 8033.02 words/s
[2019-07-16 04:02:16] Saving model to ../experiments/100M_langid_+_ced_0.25_x_dcce/model/model.npz.orig.npz
[2019-07-16 04:02:25] Saving model to ../experiments/100M_langid_+_ced_0.25_x_dcce/model/model.iter80000.npz
[2019-07-16 04:02:32] Saving model to ../experiments/100M_langid_+_ced_0.25_x_dcce/model/model.npz
[2019-07-16 04:02:41] Saving Adam parameters to ../experiments/100M_langid_+_ced_0.25_x_dcce/model/model.npz.optimizer.npz
[2019-07-16 04:03:06] [valid] Ep. 3 : Up. 80000 : cross-entropy : 55.4968 : new best
[2019-07-16 04:03:13] [valid] Ep. 3 : Up. 80000 : perplexity : 8.88212 : new best
[2019-07-16 04:04:22] [valid] Ep. 3 : Up. 80000 : translation : 28 : new best
[2019-07-16 04:17:58] Ep. 3 : Up. 82000 : Sen. 3,575,591 : Cost 43.36768723 : Time 942.38s : 6931.03 words/s
[2019-07-16 04:31:26] Ep. 3 : Up. 84000 : Sen. 3,915,834 : Cost 43.01115417 : Time 807.87s : 8054.12 words/s
[2019-07-16 04:44:58] Ep. 3 : Up. 86000 : Sen. 4,256,132 : Cost 42.99842072 : Time 811.74s : 8035.46 words/s
[2019-07-16 04:58:31] Ep. 3 : Up. 88000 : Sen. 4,598,559 : Cost 42.97441864 : Time 813.15s : 8054.82 words/s
[2019-07-16 05:12:00] Ep. 3 : Up. 90000 : Sen. 4,936,320 : Cost 42.76096725 : Time 808.86s : 8018.53 words/s
[2019-07-16 05:22:32] Seen 5201627 samples
[2019-07-16 05:22:32] Starting epoch 4
[2019-07-16 05:22:32] [data] Shuffling data
[2019-07-16 05:22:35] [data] Done reading 5978721 sentences
[2019-07-16 05:23:03] [data] Done shuffling 5978721 sentences to temp files
[2019-07-16 05:26:08] Ep. 4 : Up. 92000 : Sen. 75,603 : Cost 42.33125305 : Time 848.18s : 7696.17 words/s
[2019-07-16 05:39:42] Ep. 4 : Up. 94000 : Sen. 417,140 : Cost 41.76354599 : Time 814.27s : 8058.28 words/s
[2019-07-16 05:53:12] Ep. 4 : Up. 96000 : Sen. 757,982 : Cost 41.36975861 : Time 810.28s : 8040.98 words/s
[2019-07-16 06:06:45] Ep. 4 : Up. 98000 : Sen. 1,097,389 : Cost 41.72373581 : Time 812.78s : 8018.25 words/s
[2019-07-16 06:20:19] Ep. 4 : Up. 100000 : Sen. 1,439,158 : Cost 41.43223572 : Time 813.86s : 8033.86 words/s
[2019-07-16 06:20:19] Saving model to ../experiments/100M_langid_+_ced_0.25_x_dcce/model/model.npz.orig.npz
[2019-07-16 06:20:29] Saving model to ../experiments/100M_langid_+_ced_0.25_x_dcce/model/model.iter100000.npz
[2019-07-16 06:20:38] Saving model to ../experiments/100M_langid_+_ced_0.25_x_dcce/model/model.npz
[2019-07-16 06:20:48] Saving Adam parameters to ../experiments/100M_langid_+_ced_0.25_x_dcce/model/model.npz.optimizer.npz
[2019-07-16 06:21:16] [valid] Ep. 4 : Up. 100000 : cross-entropy : 53.8671 : new best
[2019-07-16 06:21:23] [valid] Ep. 4 : Up. 100000 : perplexity : 8.33036 : new best
[2019-07-16 06:22:31] [valid] Ep. 4 : Up. 100000 : translation : 28.54 : new best
[2019-07-16 06:36:05] Ep. 4 : Up. 102000 : Sen. 1,779,549 : Cost 41.35477066 : Time 946.09s : 6887.23 words/s
[2019-07-16 06:49:34] Ep. 4 : Up. 104000 : Sen. 2,119,562 : Cost 41.49052429 : Time 808.52s : 8061.73 words/s
[2019-07-16 07:03:07] Ep. 4 : Up. 106000 : Sen. 2,461,125 : Cost 41.42507172 : Time 813.05s : 8065.62 words/s
[2019-07-16 07:16:38] Ep. 4 : Up. 108000 : Sen. 2,803,068 : Cost 41.25336456 : Time 811.22s : 8052.40 words/s
[2019-07-16 07:30:10] Ep. 4 : Up. 110000 : Sen. 3,143,422 : Cost 41.53284073 : Time 812.50s : 8042.00 words/s
[2019-07-16 07:43:44] Ep. 4 : Up. 112000 : Sen. 3,484,309 : Cost 41.37984848 : Time 813.16s : 8036.22 words/s
[2019-07-16 07:57:15] Ep. 4 : Up. 114000 : Sen. 3,824,750 : Cost 41.10107422 : Time 811.17s : 8042.38 words/s
[2019-07-16 08:10:50] Ep. 4 : Up. 116000 : Sen. 4,165,481 : Cost 41.14400101 : Time 814.82s : 8014.55 words/s
[2019-07-16 08:24:19] Ep. 4 : Up. 118000 : Sen. 4,506,540 : Cost 41.11750793 : Time 809.67s : 8051.46 words/s
[2019-07-16 08:37:57] Ep. 4 : Up. 120000 : Sen. 4,850,196 : Cost 41.13246536 : Time 817.92s : 8062.14 words/s
[2019-07-16 08:37:57] Saving model to ../experiments/100M_langid_+_ced_0.25_x_dcce/model/model.npz.orig.npz
[2019-07-16 08:38:06] Saving model to ../experiments/100M_langid_+_ced_0.25_x_dcce/model/model.iter120000.npz
[2019-07-16 08:38:13] Saving model to ../experiments/100M_langid_+_ced_0.25_x_dcce/model/model.npz
[2019-07-16 08:38:23] Saving Adam parameters to ../experiments/100M_langid_+_ced_0.25_x_dcce/model/model.npz.optimizer.npz
[2019-07-16 08:38:47] [valid] Ep. 4 : Up. 120000 : cross-entropy : 52.5345 : new best
[2019-07-16 08:38:54] [valid] Ep. 4 : Up. 120000 : perplexity : 7.90475 : new best
[2019-07-16 08:40:02] [valid] Ep. 4 : Up. 120000 : translation : 28.9 : new best
[2019-07-16 08:53:42] Ep. 4 : Up. 122000 : Sen. 5,192,505 : Cost 40.87622070 : Time 944.65s : 6928.32 words/s
[2019-07-16 08:54:03] Seen 5201627 samples
[2019-07-16 08:54:03] Starting epoch 5
[2019-07-16 08:54:03] [data] Shuffling data
[2019-07-16 08:54:07] [data] Done reading 5978721 sentences
[2019-07-16 08:54:35] [data] Done shuffling 5978721 sentences to temp files
[2019-07-16 09:07:54] Ep. 5 : Up. 124000 : Sen. 333,629 : Cost 39.90295792 : Time 852.52s : 7686.13 words/s
[2019-07-16 09:21:26] Ep. 5 : Up. 126000 : Sen. 674,068 : Cost 39.90573502 : Time 812.01s : 8021.74 words/s
[2019-07-16 09:35:05] Ep. 5 : Up. 128000 : Sen. 1,015,806 : Cost 40.36122513 : Time 818.37s : 8021.53 words/s
[2019-07-16 09:48:38] Ep. 5 : Up. 130000 : Sen. 1,357,946 : Cost 39.83716583 : Time 813.16s : 8041.50 words/s
[2019-07-16 10:02:10] Ep. 5 : Up. 132000 : Sen. 1,698,876 : Cost 39.93186188 : Time 812.16s : 8032.26 words/s
[2019-07-16 10:15:45] Ep. 5 : Up. 134000 : Sen. 2,039,235 : Cost 40.07271576 : Time 814.98s : 8012.69 words/s
[2019-07-16 10:29:18] Ep. 5 : Up. 136000 : Sen. 2,379,788 : Cost 40.18561172 : Time 812.51s : 8042.17 words/s
[2019-07-16 10:42:53] Ep. 5 : Up. 138000 : Sen. 2,722,079 : Cost 40.07866287 : Time 815.30s : 8049.11 words/s
[2019-07-16 10:56:22] Ep. 5 : Up. 140000 : Sen. 3,062,760 : Cost 39.85465240 : Time 809.43s : 8047.16 words/s
[2019-07-16 10:56:22] Saving model to ../experiments/100M_langid_+_ced_0.25_x_dcce/model/model.npz.orig.npz
[2019-07-16 10:56:31] Saving model to ../experiments/100M_langid_+_ced_0.25_x_dcce/model/model.iter140000.npz
[2019-07-16 10:56:38] Saving model to ../experiments/100M_langid_+_ced_0.25_x_dcce/model/model.npz
[2019-07-16 10:56:47] Saving Adam parameters to ../experiments/100M_langid_+_ced_0.25_x_dcce/model/model.npz.optimizer.npz
[2019-07-16 10:57:12] [valid] Ep. 5 : Up. 140000 : cross-entropy : 51.694 : new best
[2019-07-16 10:57:19] [valid] Ep. 5 : Up. 140000 : perplexity : 7.64756 : new best
[2019-07-16 10:58:28] [valid] Ep. 5 : Up. 140000 : translation : 29.27 : new best
[2019-07-16 11:12:02] Ep. 5 : Up. 142000 : Sen. 3,402,226 : Cost 40.07283020 : Time 939.54s : 6932.31 words/s
[2019-07-16 11:25:32] Ep. 5 : Up. 144000 : Sen. 3,742,018 : Cost 39.97097015 : Time 810.52s : 8037.16 words/s
[2019-07-16 11:39:05] Ep. 5 : Up. 146000 : Sen. 4,081,976 : Cost 40.00076675 : Time 812.84s : 8014.98 words/s
[2019-07-16 11:52:36] Ep. 5 : Up. 148000 : Sen. 4,422,632 : Cost 39.87609863 : Time 810.46s : 8048.97 words/s
[2019-07-16 12:06:06] Ep. 5 : Up. 150000 : Sen. 4,762,242 : Cost 39.81198502 : Time 809.99s : 8034.36 words/s
[2019-07-16 12:19:44] Ep. 5 : Up. 152000 : Sen. 5,103,980 : Cost 39.97209167 : Time 818.45s : 8015.59 words/s
[2019-07-16 12:23:36] Seen 5201627 samples
[2019-07-16 12:23:36] Starting epoch 6
[2019-07-16 12:23:36] [data] Shuffling data
[2019-07-16 12:23:39] [data] Done reading 5978721 sentences
[2019-07-16 12:24:07] [data] Done shuffling 5978721 sentences to temp files
[2019-07-16 12:33:50] Ep. 6 : Up. 154000 : Sen. 243,374 : Cost 38.90586472 : Time 845.56s : 7715.83 words/s
[2019-07-16 12:47:26] Ep. 6 : Up. 156000 : Sen. 585,503 : Cost 39.00738525 : Time 816.13s : 8041.93 words/s
[2019-07-16 13:00:53] Ep. 6 : Up. 158000 : Sen. 923,102 : Cost 38.97832489 : Time 807.36s : 8010.54 words/s
[2019-07-16 13:14:25] Ep. 6 : Up. 160000 : Sen. 1,263,643 : Cost 39.13843155 : Time 811.85s : 8032.23 words/s
[2019-07-16 13:14:25] Saving model to ../experiments/100M_langid_+_ced_0.25_x_dcce/model/model.npz.orig.npz
[2019-07-16 13:14:34] Saving model to ../experiments/100M_langid_+_ced_0.25_x_dcce/model/model.iter160000.npz
[2019-07-16 13:14:41] Saving model to ../experiments/100M_langid_+_ced_0.25_x_dcce/model/model.npz
[2019-07-16 13:14:50] Saving Adam parameters to ../experiments/100M_langid_+_ced_0.25_x_dcce/model/model.npz.optimizer.npz
[2019-07-16 13:15:16] [valid] Ep. 6 : Up. 160000 : cross-entropy : 51.0232 : new best
[2019-07-16 13:15:23] [valid] Ep. 6 : Up. 160000 : perplexity : 7.44831 : new best
[2019-07-16 13:16:32] [valid] Ep. 6 : Up. 160000 : translation : 29.47 : new best
[2019-07-16 13:30:06] Ep. 6 : Up. 162000 : Sen. 1,603,133 : Cost 38.97152328 : Time 940.89s : 6904.72 words/s
[2019-07-16 13:43:40] Ep. 6 : Up. 164000 : Sen. 1,943,115 : Cost 39.07040405 : Time 814.64s : 8003.20 words/s
[2019-07-16 13:57:16] Ep. 6 : Up. 166000 : Sen. 2,283,036 : Cost 39.03411865 : Time 815.27s : 7996.40 words/s
[2019-07-16 14:10:53] Ep. 6 : Up. 168000 : Sen. 2,627,225 : Cost 38.76473236 : Time 816.78s : 8034.18 words/s
[2019-07-16 14:24:33] Ep. 6 : Up. 170000 : Sen. 2,969,917 : Cost 39.00865173 : Time 820.73s : 8001.54 words/s
[2019-07-16 14:38:11] Ep. 6 : Up. 172000 : Sen. 3,311,854 : Cost 39.07944870 : Time 817.35s : 8032.33 words/s
[2019-07-16 14:51:45] Ep. 6 : Up. 174000 : Sen. 3,651,671 : Cost 38.83143234 : Time 814.11s : 8000.53 words/s
[2019-07-16 15:05:17] Ep. 6 : Up. 176000 : Sen. 3,992,612 : Cost 38.91562653 : Time 811.80s : 8047.31 words/s
[2019-07-16 15:18:49] Ep. 6 : Up. 178000 : Sen. 4,332,601 : Cost 39.00135422 : Time 812.10s : 8021.98 words/s
[2019-07-16 15:32:22] Ep. 6 : Up. 180000 : Sen. 4,674,002 : Cost 38.90409851 : Time 813.76s : 8041.64 words/s
[2019-07-16 15:32:22] Saving model to ../experiments/100M_langid_+_ced_0.25_x_dcce/model/model.npz.orig.npz
[2019-07-16 15:32:32] Saving model to ../experiments/100M_langid_+_ced_0.25_x_dcce/model/model.iter180000.npz
[2019-07-16 15:32:39] Saving model to ../experiments/100M_langid_+_ced_0.25_x_dcce/model/model.npz
[2019-07-16 15:32:48] Saving Adam parameters to ../experiments/100M_langid_+_ced_0.25_x_dcce/model/model.npz.optimizer.npz
[2019-07-16 15:33:13] [valid] Ep. 6 : Up. 180000 : cross-entropy : 50.5649 : new best
[2019-07-16 15:33:21] [valid] Ep. 6 : Up. 180000 : perplexity : 7.31516 : new best
[2019-07-16 15:34:31] [valid] Ep. 6 : Up. 180000 : translation : 29.62 : new best
[2019-07-16 15:48:12] Ep. 6 : Up. 182000 : Sen. 5,014,993 : Cost 39.12532425 : Time 949.31s : 6896.81 words/s
[2019-07-16 15:55:36] Seen 5201627 samples
[2019-07-16 15:55:36] Starting epoch 7
[2019-07-16 15:55:36] [data] Shuffling data
[2019-07-16 15:55:39] [data] Done reading 5978721 sentences
[2019-07-16 15:56:08] [data] Done shuffling 5978721 sentences to temp files
[2019-07-16 16:02:20] Ep. 7 : Up. 184000 : Sen. 154,345 : Cost 38.36252594 : Time 848.76s : 7676.58 words/s
[2019-07-16 16:15:56] Ep. 7 : Up. 186000 : Sen. 495,326 : Cost 38.27431488 : Time 815.16s : 8038.98 words/s
[2019-07-16 16:29:24] Ep. 7 : Up. 188000 : Sen. 834,676 : Cost 37.97943115 : Time 808.43s : 8023.83 words/s
[2019-07-16 16:43:02] Ep. 7 : Up. 190000 : Sen. 1,177,921 : Cost 38.10850906 : Time 818.27s : 8033.36 words/s
[2019-07-16 16:56:37] Ep. 7 : Up. 192000 : Sen. 1,520,339 : Cost 38.22104645 : Time 814.56s : 8050.34 words/s
[2019-07-16 17:10:08] Ep. 7 : Up. 194000 : Sen. 1,859,910 : Cost 38.21802902 : Time 811.58s : 8012.60 words/s
[2019-07-16 17:23:39] Ep. 7 : Up. 196000 : Sen. 2,200,668 : Cost 38.09431839 : Time 810.85s : 8053.53 words/s
[2019-07-16 17:37:12] Ep. 7 : Up. 198000 : Sen. 2,540,438 : Cost 38.16928101 : Time 812.29s : 8026.23 words/s
[2019-07-16 17:50:44] Ep. 7 : Up. 200000 : Sen. 2,882,715 : Cost 37.98157120 : Time 812.52s : 8047.31 words/s
[2019-07-16 17:50:44] Saving model to ../experiments/100M_langid_+_ced_0.25_x_dcce/model/model.npz.orig.npz
[2019-07-16 17:50:53] Saving model to ../experiments/100M_langid_+_ced_0.25_x_dcce/model/model.iter200000.npz
[2019-07-16 17:51:00] Saving model to ../experiments/100M_langid_+_ced_0.25_x_dcce/model/model.npz
[2019-07-16 17:51:10] Saving Adam parameters to ../experiments/100M_langid_+_ced_0.25_x_dcce/model/model.npz.optimizer.npz
[2019-07-16 17:51:36] [valid] Ep. 7 : Up. 200000 : cross-entropy : 50.1813 : new best
[2019-07-16 17:51:43] [valid] Ep. 7 : Up. 200000 : perplexity : 7.20557 : new best
[2019-07-16 17:52:53] [valid] Ep. 7 : Up. 200000 : translation : 29.76 : new best
[2019-07-16 18:06:31] Ep. 7 : Up. 202000 : Sen. 3,224,218 : Cost 38.35596466 : Time 946.75s : 6923.78 words/s
[2019-07-16 18:20:03] Ep. 7 : Up. 204000 : Sen. 3,564,570 : Cost 38.19899750 : Time 811.68s : 8046.05 words/s
[2019-07-16 18:33:39] Ep. 7 : Up. 206000 : Sen. 3,906,250 : Cost 38.08702469 : Time 816.56s : 8011.35 words/s
[2019-07-16 18:47:16] Ep. 7 : Up. 208000 : Sen. 4,247,330 : Cost 38.46349335 : Time 817.05s : 8023.47 words/s
[2019-07-16 19:00:43] Ep. 7 : Up. 210000 : Sen. 4,586,043 : Cost 38.07277679 : Time 807.07s : 8026.94 words/s
[2019-07-16 19:14:16] Ep. 7 : Up. 212000 : Sen. 4,927,034 : Cost 38.12481689 : Time 812.90s : 8022.65 words/s
[2019-07-16 19:25:11] Seen 5201627 samples
[2019-07-16 19:25:11] Starting epoch 8
[2019-07-16 19:25:11] [data] Shuffling data
[2019-07-16 19:25:15] [data] Done reading 5978721 sentences
[2019-07-16 19:25:43] [data] Done shuffling 5978721 sentences to temp files
[2019-07-16 19:28:27] Ep. 8 : Up. 214000 : Sen. 67,536 : Cost 37.90418625 : Time 850.80s : 7690.18 words/s
[2019-07-16 19:41:59] Ep. 8 : Up. 216000 : Sen. 407,269 : Cost 37.39852905 : Time 812.46s : 8022.89 words/s
[2019-07-16 19:55:32] Ep. 8 : Up. 218000 : Sen. 748,150 : Cost 37.35467529 : Time 812.39s : 8024.12 words/s
[2019-07-16 20:09:10] Ep. 8 : Up. 220000 : Sen. 1,090,937 : Cost 37.60107422 : Time 818.24s : 8037.79 words/s
[2019-07-16 20:09:10] Saving model to ../experiments/100M_langid_+_ced_0.25_x_dcce/model/model.npz.orig.npz
[2019-07-16 20:09:20] Saving model to ../experiments/100M_langid_+_ced_0.25_x_dcce/model/model.iter220000.npz
[2019-07-16 20:09:31] Saving model to ../experiments/100M_langid_+_ced_0.25_x_dcce/model/model.npz
[2019-07-16 20:09:42] Saving Adam parameters to ../experiments/100M_langid_+_ced_0.25_x_dcce/model/model.npz.optimizer.npz
[2019-07-16 20:10:06] [valid] Ep. 8 : Up. 220000 : cross-entropy : 49.8014 : new best
[2019-07-16 20:10:14] [valid] Ep. 8 : Up. 220000 : perplexity : 7.09864 : new best
[2019-07-16 20:11:23] [valid] Ep. 8 : Up. 220000 : translation : 29.93 : new best
[2019-07-16 20:25:00] Ep. 8 : Up. 222000 : Sen. 1,432,592 : Cost 37.61741638 : Time 950.21s : 6897.30 words/s
[2019-07-16 20:38:33] Ep. 8 : Up. 224000 : Sen. 1,774,293 : Cost 37.54774857 : Time 812.39s : 8061.66 words/s
[2019-07-16 20:51:56] Ep. 8 : Up. 226000 : Sen. 2,113,207 : Cost 37.53743362 : Time 803.58s : 8074.26 words/s
[2019-07-16 21:05:23] Ep. 8 : Up. 228000 : Sen. 2,454,077 : Cost 37.68349838 : Time 806.38s : 8087.95 words/s
[2019-07-16 21:18:52] Ep. 8 : Up. 230000 : Sen. 2,793,125 : Cost 37.64288712 : Time 809.69s : 8037.60 words/s
[2019-07-16 21:32:18] Ep. 8 : Up. 232000 : Sen. 3,134,246 : Cost 37.37704468 : Time 806.22s : 8091.27 words/s
[2019-07-16 21:45:45] Ep. 8 : Up. 234000 : Sen. 3,474,851 : Cost 37.55620956 : Time 806.30s : 8101.18 words/s
[2019-07-16 21:59:13] Ep. 8 : Up. 236000 : Sen. 3,815,276 : Cost 37.48669052 : Time 808.67s : 8063.72 words/s
[2019-07-16 22:12:42] Ep. 8 : Up. 238000 : Sen. 4,156,099 : Cost 37.67942429 : Time 808.57s : 8074.77 words/s
[2019-07-16 22:26:08] Ep. 8 : Up. 240000 : Sen. 4,496,768 : Cost 37.72005844 : Time 806.18s : 8107.27 words/s
[2019-07-16 22:26:08] Saving model to ../experiments/100M_langid_+_ced_0.25_x_dcce/model/model.npz.orig.npz
[2019-07-16 22:26:17] Saving model to ../experiments/100M_langid_+_ced_0.25_x_dcce/model/model.iter240000.npz
[2019-07-16 22:26:31] Saving model to ../experiments/100M_langid_+_ced_0.25_x_dcce/model/model.npz
[2019-07-16 22:26:41] Saving Adam parameters to ../experiments/100M_langid_+_ced_0.25_x_dcce/model/model.npz.optimizer.npz
[2019-07-16 22:27:04] [valid] Ep. 8 : Up. 240000 : cross-entropy : 49.5423 : new best
[2019-07-16 22:27:12] [valid] Ep. 8 : Up. 240000 : perplexity : 7.02662 : new best
[2019-07-16 22:28:17] [valid] Ep. 8 : Up. 240000 : translation : 29.89 : stalled 1 times (last best: 29.93)
[2019-07-16 22:41:46] Ep. 8 : Up. 242000 : Sen. 4,838,860 : Cost 37.53022003 : Time 938.14s : 6974.86 words/s
[2019-07-16 22:55:16] Ep. 8 : Up. 244000 : Sen. 5,180,465 : Cost 37.67403793 : Time 809.97s : 8076.50 words/s
[2019-07-16 22:56:06] Seen 5201627 samples
[2019-07-16 22:56:06] Starting epoch 9
[2019-07-16 22:56:06] [data] Shuffling data
[2019-07-16 22:56:09] [data] Done reading 5978721 sentences
[2019-07-16 22:56:37] [data] Done shuffling 5978721 sentences to temp files
[2019-07-16 23:09:14] Ep. 9 : Up. 246000 : Sen. 318,104 : Cost 36.77949905 : Time 838.11s : 7779.39 words/s
[2019-07-16 23:22:46] Ep. 9 : Up. 248000 : Sen. 659,681 : Cost 36.77182007 : Time 811.18s : 8056.35 words/s
[2019-07-16 23:36:14] Ep. 9 : Up. 250000 : Sen. 1,000,884 : Cost 37.02636719 : Time 808.22s : 8096.68 words/s
[2019-07-16 23:49:41] Ep. 9 : Up. 252000 : Sen. 1,342,619 : Cost 36.88926315 : Time 807.37s : 8102.23 words/s
[2019-07-17 00:03:11] Ep. 9 : Up. 254000 : Sen. 1,683,694 : Cost 37.04600525 : Time 809.39s : 8092.62 words/s
[2019-07-17 00:16:40] Ep. 9 : Up. 256000 : Sen. 2,022,664 : Cost 36.96511078 : Time 809.49s : 8018.35 words/s
[2019-07-17 00:30:07] Ep. 9 : Up. 258000 : Sen. 2,362,561 : Cost 37.08538055 : Time 806.71s : 8075.10 words/s
[2019-07-17 00:43:35] Ep. 9 : Up. 260000 : Sen. 2,705,467 : Cost 36.84888458 : Time 808.26s : 8091.94 words/s
[2019-07-17 00:43:35] Saving model to ../experiments/100M_langid_+_ced_0.25_x_dcce/model/model.npz.orig.npz
[2019-07-17 00:43:44] Saving model to ../experiments/100M_langid_+_ced_0.25_x_dcce/model/model.iter260000.npz
[2019-07-17 00:43:51] Saving model to ../experiments/100M_langid_+_ced_0.25_x_dcce/model/model.npz
[2019-07-17 00:44:00] Saving Adam parameters to ../experiments/100M_langid_+_ced_0.25_x_dcce/model/model.npz.optimizer.npz
[2019-07-17 00:44:24] [valid] Ep. 9 : Up. 260000 : cross-entropy : 49.4358 : new best
[2019-07-17 00:44:32] [valid] Ep. 9 : Up. 260000 : perplexity : 6.99723 : new best
[2019-07-17 00:45:37] [valid] Ep. 9 : Up. 260000 : translation : 30 : new best
[2019-07-17 00:59:08] Ep. 9 : Up. 262000 : Sen. 3,046,796 : Cost 37.22905731 : Time 932.77s : 7028.97 words/s
[2019-07-17 01:12:36] Ep. 9 : Up. 264000 : Sen. 3,387,366 : Cost 37.04091263 : Time 807.82s : 8088.55 words/s
[2019-07-17 01:26:03] Ep. 9 : Up. 266000 : Sen. 3,729,348 : Cost 37.06064224 : Time 807.22s : 8101.15 words/s
[2019-07-17 01:39:34] Ep. 9 : Up. 268000 : Sen. 4,070,532 : Cost 37.33452606 : Time 811.15s : 8075.32 words/s
[2019-07-17 01:53:01] Ep. 9 : Up. 270000 : Sen. 4,411,082 : Cost 37.13356400 : Time 807.34s : 8078.17 words/s
[2019-07-17 02:06:26] Ep. 9 : Up. 272000 : Sen. 4,749,960 : Cost 37.20296860 : Time 804.74s : 8068.31 words/s
[2019-07-17 02:19:49] Ep. 9 : Up. 274000 : Sen. 5,089,120 : Cost 36.87784576 : Time 803.32s : 8079.12 words/s
[2019-07-17 02:24:15] Seen 5201627 samples
[2019-07-17 02:24:15] Starting epoch 10
[2019-07-17 02:24:15] [data] Shuffling data
[2019-07-17 02:24:19] [data] Done reading 5978721 sentences
[2019-07-17 02:24:43] [data] Done shuffling 5978721 sentences to temp files
[2019-07-17 02:33:47] Ep. 10 : Up. 276000 : Sen. 227,337 : Cost 36.34184647 : Time 837.59s : 7758.24 words/s
[2019-07-17 02:47:16] Ep. 10 : Up. 278000 : Sen. 568,668 : Cost 36.30010605 : Time 809.42s : 8081.78 words/s
[2019-07-17 03:00:47] Ep. 10 : Up. 280000 : Sen. 911,387 : Cost 36.34463501 : Time 810.87s : 8093.45 words/s
[2019-07-17 03:00:47] Saving model to ../experiments/100M_langid_+_ced_0.25_x_dcce/model/model.npz.orig.npz
[2019-07-17 03:00:56] Saving model to ../experiments/100M_langid_+_ced_0.25_x_dcce/model/model.iter280000.npz
[2019-07-17 03:01:03] Saving model to ../experiments/100M_langid_+_ced_0.25_x_dcce/model/model.npz
[2019-07-17 03:01:12] Saving Adam parameters to ../experiments/100M_langid_+_ced_0.25_x_dcce/model/model.npz.optimizer.npz
[2019-07-17 03:01:37] [valid] Ep. 10 : Up. 280000 : cross-entropy : 49.1454 : new best
[2019-07-17 03:01:45] [valid] Ep. 10 : Up. 280000 : perplexity : 6.91772 : new best
[2019-07-17 03:02:50] [valid] Ep. 10 : Up. 280000 : translation : 29.96 : stalled 1 times (last best: 30)
[2019-07-17 03:16:25] Ep. 10 : Up. 282000 : Sen. 1,252,813 : Cost 36.41051483 : Time 937.98s : 6976.19 words/s
[2019-07-17 03:29:56] Ep. 10 : Up. 284000 : Sen. 1,594,849 : Cost 36.40044403 : Time 810.90s : 8076.81 words/s
[2019-07-17 03:43:21] Ep. 10 : Up. 286000 : Sen. 1,935,179 : Cost 36.45654678 : Time 804.59s : 8087.36 words/s
[2019-07-17 03:56:51] Ep. 10 : Up. 288000 : Sen. 2,276,333 : Cost 36.72395706 : Time 810.18s : 8071.96 words/s
[2019-07-17 04:10:18] Ep. 10 : Up. 290000 : Sen. 2,617,072 : Cost 36.49218750 : Time 806.70s : 8082.16 words/s
[2019-07-17 04:23:46] Ep. 10 : Up. 292000 : Sen. 2,957,162 : Cost 36.59015656 : Time 808.17s : 8065.30 words/s
[2019-07-17 04:37:17] Ep. 10 : Up. 294000 : Sen. 3,298,802 : Cost 36.61025620 : Time 810.96s : 8071.25 words/s
[2019-07-17 04:50:50] Ep. 10 : Up. 296000 : Sen. 3,641,336 : Cost 36.54577255 : Time 812.85s : 8065.33 words/s
[2019-07-17 05:04:17] Ep. 10 : Up. 298000 : Sen. 3,980,974 : Cost 36.62673950 : Time 807.54s : 8075.79 words/s
[2019-07-17 05:17:48] Ep. 10 : Up. 300000 : Sen. 4,322,432 : Cost 36.72604370 : Time 810.49s : 8073.78 words/s
[2019-07-17 05:17:48] Saving model to ../experiments/100M_langid_+_ced_0.25_x_dcce/model/model.npz.orig.npz
[2019-07-17 05:17:56] Saving model to ../experiments/100M_langid_+_ced_0.25_x_dcce/model/model.iter300000.npz
[2019-07-17 05:18:03] Saving model to ../experiments/100M_langid_+_ced_0.25_x_dcce/model/model.npz
[2019-07-17 05:18:12] Saving Adam parameters to ../experiments/100M_langid_+_ced_0.25_x_dcce/model/model.npz.optimizer.npz
[2019-07-17 05:18:35] [valid] Ep. 10 : Up. 300000 : cross-entropy : 49.0287 : new best
[2019-07-17 05:18:43] [valid] Ep. 10 : Up. 300000 : perplexity : 6.88602 : new best
[2019-07-17 05:19:49] [valid] Ep. 10 : Up. 300000 : translation : 30.3 : new best
[2019-07-17 05:33:20] Ep. 10 : Up. 302000 : Sen. 4,663,671 : Cost 36.79664993 : Time 932.05s : 7017.63 words/s
[2019-07-17 05:46:46] Ep. 10 : Up. 304000 : Sen. 5,004,133 : Cost 36.75482559 : Time 806.23s : 8085.80 words/s
[2019-07-17 05:54:38] Seen 5201627 samples
[2019-07-17 05:54:38] Starting epoch 11
[2019-07-17 05:54:38] [data] Shuffling data
[2019-07-17 05:54:41] [data] Done reading 5978721 sentences
[2019-07-17 05:55:09] [data] Done shuffling 5978721 sentences to temp files
[2019-07-17 06:00:47] Ep. 11 : Up. 306000 : Sen. 142,715 : Cost 36.37201691 : Time 841.58s : 7754.54 words/s
[2019-07-17 06:14:20] Ep. 11 : Up. 308000 : Sen. 482,935 : Cost 36.03698349 : Time 812.10s : 8051.41 words/s
[2019-07-17 06:27:52] Ep. 11 : Up. 310000 : Sen. 824,911 : Cost 35.99434280 : Time 812.17s : 8075.39 words/s
[2019-07-17 06:41:21] Ep. 11 : Up. 312000 : Sen. 1,166,566 : Cost 35.93461227 : Time 809.36s : 8084.34 words/s
[2019-07-17 06:54:52] Ep. 11 : Up. 314000 : Sen. 1,508,583 : Cost 36.12641907 : Time 810.38s : 8083.37 words/s
[2019-07-17 07:08:17] Ep. 11 : Up. 316000 : Sen. 1,848,328 : Cost 35.98174286 : Time 805.14s : 8078.05 words/s
[2019-07-17 07:21:44] Ep. 11 : Up. 318000 : Sen. 2,188,463 : Cost 36.26515961 : Time 807.77s : 8081.73 words/s
[2019-07-17 07:35:14] Ep. 11 : Up. 320000 : Sen. 2,529,393 : Cost 36.05668640 : Time 809.24s : 8060.81 words/s
[2019-07-17 07:35:14] Saving model to ../experiments/100M_langid_+_ced_0.25_x_dcce/model/model.npz.orig.npz
[2019-07-17 07:35:22] Saving model to ../experiments/100M_langid_+_ced_0.25_x_dcce/model/model.iter320000.npz
[2019-07-17 07:35:28] Saving model to ../experiments/100M_langid_+_ced_0.25_x_dcce/model/model.npz
[2019-07-17 07:35:38] Saving Adam parameters to ../experiments/100M_langid_+_ced_0.25_x_dcce/model/model.npz.optimizer.npz
[2019-07-17 07:36:01] [valid] Ep. 11 : Up. 320000 : cross-entropy : 48.9364 : new best
[2019-07-17 07:36:09] [valid] Ep. 11 : Up. 320000 : perplexity : 6.86106 : new best
[2019-07-17 07:37:15] [valid] Ep. 11 : Up. 320000 : translation : 30.12 : stalled 1 times (last best: 30.3)
[2019-07-17 07:50:51] Ep. 11 : Up. 322000 : Sen. 2,869,761 : Cost 36.35400391 : Time 937.24s : 6962.20 words/s
[2019-07-17 08:04:16] Ep. 11 : Up. 324000 : Sen. 3,209,114 : Cost 36.36288452 : Time 805.31s : 8074.13 words/s
[2019-07-17 08:17:49] Ep. 11 : Up. 326000 : Sen. 3,550,761 : Cost 36.21336746 : Time 813.18s : 8026.27 words/s
[2019-07-17 08:31:28] Ep. 11 : Up. 328000 : Sen. 3,891,638 : Cost 36.50253677 : Time 818.37s : 7982.19 words/s
[2019-07-17 08:44:57] Ep. 11 : Up. 330000 : Sen. 4,232,459 : Cost 36.41821289 : Time 808.82s : 8079.69 words/s
[2019-07-17 08:58:29] Ep. 11 : Up. 332000 : Sen. 4,574,689 : Cost 36.25972748 : Time 811.94s : 8059.40 words/s
[2019-07-17 09:12:01] Ep. 11 : Up. 334000 : Sen. 4,916,482 : Cost 36.58093262 : Time 812.17s : 8070.42 words/s
[2019-07-17 09:23:21] Seen 5201627 samples
[2019-07-17 09:23:21] Starting epoch 12
[2019-07-17 09:23:21] [data] Shuffling data
[2019-07-17 09:23:25] [data] Done reading 5978721 sentences
[2019-07-17 09:24:05] [data] Done shuffling 5978721 sentences to temp files
[2019-07-17 09:26:15] Ep. 12 : Up. 336000 : Sen. 53,888 : Cost 36.16189194 : Time 854.23s : 7598.27 words/s
[2019-07-17 09:39:47] Ep. 12 : Up. 338000 : Sen. 394,573 : Cost 35.48104095 : Time 811.59s : 8060.58 words/s
[2019-07-17 09:53:16] Ep. 12 : Up. 340000 : Sen. 733,984 : Cost 35.51966476 : Time 809.07s : 8005.47 words/s
[2019-07-17 09:53:16] Saving model to ../experiments/100M_langid_+_ced_0.25_x_dcce/model/model.npz.orig.npz
[2019-07-17 09:53:24] Saving model to ../experiments/100M_langid_+_ced_0.25_x_dcce/model/model.iter340000.npz
[2019-07-17 09:53:31] Saving model to ../experiments/100M_langid_+_ced_0.25_x_dcce/model/model.npz
[2019-07-17 09:53:40] Saving Adam parameters to ../experiments/100M_langid_+_ced_0.25_x_dcce/model/model.npz.optimizer.npz
[2019-07-17 09:54:03] [valid] Ep. 12 : Up. 340000 : cross-entropy : 48.7916 : new best
[2019-07-17 09:54:11] [valid] Ep. 12 : Up. 340000 : perplexity : 6.82208 : new best
[2019-07-17 09:55:18] [valid] Ep. 12 : Up. 340000 : translation : 30.26 : stalled 2 times (last best: 30.3)
[2019-07-17 10:08:55] Ep. 12 : Up. 342000 : Sen. 1,073,217 : Cost 35.75641251 : Time 939.39s : 6948.53 words/s
[2019-07-17 10:22:26] Ep. 12 : Up. 344000 : Sen. 1,414,170 : Cost 35.66633987 : Time 811.40s : 8032.24 words/s
[2019-07-17 10:35:56] Ep. 12 : Up. 346000 : Sen. 1,755,174 : Cost 35.66381454 : Time 810.09s : 8054.43 words/s
[2019-07-17 10:49:34] Ep. 12 : Up. 348000 : Sen. 2,096,233 : Cost 35.86154556 : Time 818.02s : 7993.41 words/s
[2019-07-17 11:03:14] Ep. 12 : Up. 350000 : Sen. 2,438,838 : Cost 35.80181122 : Time 819.52s : 8016.72 words/s
[2019-07-17 11:16:50] Ep. 12 : Up. 352000 : Sen. 2,779,451 : Cost 35.89327240 : Time 815.82s : 8002.39 words/s
[2019-07-17 11:30:26] Ep. 12 : Up. 354000 : Sen. 3,119,202 : Cost 35.76900101 : Time 816.02s : 7969.03 words/s
[2019-07-17 11:44:06] Ep. 12 : Up. 356000 : Sen. 3,461,992 : Cost 36.12648392 : Time 820.38s : 8008.09 words/s
[2019-07-17 11:57:42] Ep. 12 : Up. 358000 : Sen. 3,803,557 : Cost 36.15839386 : Time 815.90s : 8022.74 words/s
[2019-07-17 12:11:19] Ep. 12 : Up. 360000 : Sen. 4,144,173 : Cost 35.98157501 : Time 817.15s : 7977.74 words/s
[2019-07-17 12:11:19] Saving model to ../experiments/100M_langid_+_ced_0.25_x_dcce/model/model.npz.orig.npz
[2019-07-17 12:11:28] Saving model to ../experiments/100M_langid_+_ced_0.25_x_dcce/model/model.iter360000.npz
[2019-07-17 12:11:35] Saving model to ../experiments/100M_langid_+_ced_0.25_x_dcce/model/model.npz
[2019-07-17 12:11:44] Saving Adam parameters to ../experiments/100M_langid_+_ced_0.25_x_dcce/model/model.npz.optimizer.npz
[2019-07-17 12:12:12] [valid] Ep. 12 : Up. 360000 : cross-entropy : 48.7461 : new best
[2019-07-17 12:12:20] [valid] Ep. 12 : Up. 360000 : perplexity : 6.80986 : new best
[2019-07-17 12:13:27] [valid] Ep. 12 : Up. 360000 : translation : 30.29 : stalled 3 times (last best: 30.3)
[2019-07-17 12:27:08] Ep. 12 : Up. 362000 : Sen. 4,485,738 : Cost 36.06529236 : Time 948.95s : 6894.94 words/s
[2019-07-17 12:40:47] Ep. 12 : Up. 364000 : Sen. 4,826,632 : Cost 36.22382355 : Time 818.76s : 8002.25 words/s
[2019-07-17 12:54:22] Ep. 12 : Up. 366000 : Sen. 5,166,715 : Cost 35.91803360 : Time 815.02s : 7984.02 words/s
[2019-07-17 12:55:46] Seen 5201627 samples
[2019-07-17 12:55:46] Starting epoch 13
[2019-07-17 12:55:46] [data] Shuffling data
[2019-07-17 12:55:49] [data] Done reading 5978721 sentences
[2019-07-17 12:56:20] [data] Done shuffling 5978721 sentences to temp files
[2019-07-17 13:08:34] Ep. 13 : Up. 368000 : Sen. 305,752 : Cost 35.12372208 : Time 852.30s : 7644.30 words/s
[2019-07-17 13:22:12] Ep. 13 : Up. 370000 : Sen. 646,400 : Cost 35.30212021 : Time 817.58s : 7983.30 words/s
[2019-07-17 13:35:46] Ep. 13 : Up. 372000 : Sen. 985,468 : Cost 35.38577271 : Time 814.09s : 7976.14 words/s
[2019-07-17 13:49:25] Ep. 13 : Up. 374000 : Sen. 1,325,906 : Cost 35.46269989 : Time 819.22s : 7979.99 words/s
[2019-07-17 14:03:05] Ep. 13 : Up. 376000 : Sen. 1,666,801 : Cost 35.50327682 : Time 819.41s : 7976.84 words/s
[2019-07-17 14:16:41] Ep. 13 : Up. 378000 : Sen. 2,008,244 : Cost 35.29858780 : Time 816.38s : 7992.10 words/s
[2019-07-17 14:30:21] Ep. 13 : Up. 380000 : Sen. 2,349,687 : Cost 35.54169083 : Time 820.40s : 7979.76 words/s
[2019-07-17 14:30:21] Saving model to ../experiments/100M_langid_+_ced_0.25_x_dcce/model/model.npz.orig.npz
[2019-07-17 14:30:30] Saving model to ../experiments/100M_langid_+_ced_0.25_x_dcce/model/model.iter380000.npz
[2019-07-17 14:30:37] Saving model to ../experiments/100M_langid_+_ced_0.25_x_dcce/model/model.npz
[2019-07-17 14:30:46] Saving Adam parameters to ../experiments/100M_langid_+_ced_0.25_x_dcce/model/model.npz.optimizer.npz
[2019-07-17 14:31:08] [valid] Ep. 13 : Up. 380000 : cross-entropy : 48.7055 : new best
[2019-07-17 14:31:16] [valid] Ep. 13 : Up. 380000 : perplexity : 6.79898 : new best
[2019-07-17 14:32:24] [valid] Ep. 13 : Up. 380000 : translation : 30.33 : new best
[2019-07-17 14:46:02] Ep. 13 : Up. 382000 : Sen. 2,690,416 : Cost 35.63626099 : Time 941.05s : 6930.06 words/s
[2019-07-17 14:59:38] Ep. 13 : Up. 384000 : Sen. 3,031,209 : Cost 35.47880554 : Time 815.54s : 7982.97 words/s
[2019-07-17 15:13:14] Ep. 13 : Up. 386000 : Sen. 3,369,450 : Cost 35.81633377 : Time 816.38s : 7953.96 words/s
[2019-07-17 15:26:55] Ep. 13 : Up. 388000 : Sen. 3,711,018 : Cost 35.63217926 : Time 820.82s : 7979.76 words/s
[2019-07-17 15:40:34] Ep. 13 : Up. 390000 : Sen. 4,052,843 : Cost 35.55971527 : Time 819.03s : 7997.27 words/s
[2019-07-17 15:54:11] Ep. 13 : Up. 392000 : Sen. 4,392,872 : Cost 35.74796295 : Time 817.19s : 7958.72 words/s
[2019-07-17 16:07:54] Ep. 13 : Up. 394000 : Sen. 4,736,000 : Cost 35.84121704 : Time 822.18s : 7995.08 words/s
[2019-07-17 16:21:34] Ep. 13 : Up. 396000 : Sen. 5,077,232 : Cost 35.76702499 : Time 820.28s : 7981.92 words/s
[2019-07-17 16:26:33] Seen 5201627 samples
[2019-07-17 16:26:33] Starting epoch 14
[2019-07-17 16:26:33] [data] Shuffling data
[2019-07-17 16:26:36] [data] Done reading 5978721 sentences
[2019-07-17 16:27:17] [data] Done shuffling 5978721 sentences to temp files
[2019-07-17 16:35:55] Ep. 14 : Up. 398000 : Sen. 213,348 : Cost 35.28710175 : Time 861.01s : 7532.03 words/s
[2019-07-17 16:49:34] Ep. 14 : Up. 400000 : Sen. 555,923 : Cost 35.06982803 : Time 818.72s : 8015.43 words/s
[2019-07-17 16:49:34] Saving model to ../experiments/100M_langid_+_ced_0.25_x_dcce/model/model.npz.orig.npz
[2019-07-17 16:49:43] Saving model to ../experiments/100M_langid_+_ced_0.25_x_dcce/model/model.iter400000.npz
[2019-07-17 16:49:51] Saving model to ../experiments/100M_langid_+_ced_0.25_x_dcce/model/model.npz
[2019-07-17 16:50:03] Saving Adam parameters to ../experiments/100M_langid_+_ced_0.25_x_dcce/model/model.npz.optimizer.npz
[2019-07-17 16:50:26] [valid] Ep. 14 : Up. 400000 : cross-entropy : 48.4915 : new best
[2019-07-17 16:50:34] [valid] Ep. 14 : Up. 400000 : perplexity : 6.74196 : new best
[2019-07-17 16:51:42] [valid] Ep. 14 : Up. 400000 : translation : 30.5 : new best
[2019-07-17 17:05:23] Ep. 14 : Up. 402000 : Sen. 897,205 : Cost 34.96306229 : Time 949.70s : 6887.07 words/s
[2019-07-17 17:19:04] Ep. 14 : Up. 404000 : Sen. 1,237,712 : Cost 35.27623749 : Time 820.89s : 7955.08 words/s
[2019-07-17 17:32:40] Ep. 14 : Up. 406000 : Sen. 1,578,817 : Cost 35.07046127 : Time 815.36s : 7992.25 words/s
[2019-07-17 17:46:15] Ep. 14 : Up. 408000 : Sen. 1,918,719 : Cost 35.31742096 : Time 815.91s : 8003.44 words/s
[2019-07-17 17:59:49] Ep. 14 : Up. 410000 : Sen. 2,258,456 : Cost 35.26858902 : Time 814.00s : 7979.21 words/s
[2019-07-17 18:13:29] Ep. 14 : Up. 412000 : Sen. 2,599,200 : Cost 35.41049576 : Time 819.41s : 7985.81 words/s
[2019-07-17 18:27:12] Ep. 14 : Up. 414000 : Sen. 2,943,051 : Cost 35.36104202 : Time 822.93s : 8006.14 words/s
[2019-07-17 18:40:47] Ep. 14 : Up. 416000 : Sen. 3,282,302 : Cost 35.48142624 : Time 815.64s : 7974.39 words/s
[2019-07-17 18:54:24] Ep. 14 : Up. 418000 : Sen. 3,623,268 : Cost 35.44442749 : Time 816.92s : 7988.69 words/s
[2019-07-17 19:08:05] Ep. 14 : Up. 420000 : Sen. 3,964,495 : Cost 35.51261139 : Time 821.16s : 7974.62 words/s
[2019-07-17 19:08:05] Saving model to ../experiments/100M_langid_+_ced_0.25_x_dcce/model/model.npz.orig.npz
[2019-07-17 19:08:19] Saving model to ../experiments/100M_langid_+_ced_0.25_x_dcce/model/model.iter420000.npz
[2019-07-17 19:08:28] Saving model to ../experiments/100M_langid_+_ced_0.25_x_dcce/model/model.npz
[2019-07-17 19:08:39] Saving Adam parameters to ../experiments/100M_langid_+_ced_0.25_x_dcce/model/model.npz.optimizer.npz
[2019-07-17 19:09:02] [valid] Ep. 14 : Up. 420000 : cross-entropy : 48.4988 : stalled 1 times (last best: 48.4915)
[2019-07-17 19:09:10] [valid] Ep. 14 : Up. 420000 : perplexity : 6.74392 : stalled 1 times (last best: 6.74196)
[2019-07-17 19:10:18] [valid] Ep. 14 : Up. 420000 : translation : 30.41 : stalled 1 times (last best: 30.5)
[2019-07-17 19:23:57] Ep. 14 : Up. 422000 : Sen. 4,305,886 : Cost 35.21083832 : Time 951.35s : 6858.95 words/s
[2019-07-17 19:37:34] Ep. 14 : Up. 424000 : Sen. 4,645,189 : Cost 35.64543915 : Time 817.42s : 7956.59 words/s
[2019-07-17 19:51:10] Ep. 14 : Up. 426000 : Sen. 4,986,192 : Cost 35.49577713 : Time 815.58s : 7993.90 words/s
[2019-07-17 19:59:49] Seen 5201627 samples
[2019-07-17 19:59:49] Starting epoch 15
[2019-07-17 19:59:49] [data] Shuffling data
[2019-07-17 19:59:52] [data] Done reading 5978721 sentences
[2019-07-17 20:00:18] [data] Done shuffling 5978721 sentences to temp files
[2019-07-17 20:05:20] Ep. 15 : Up. 428000 : Sen. 124,544 : Cost 35.34024429 : Time 849.74s : 7678.69 words/s
[2019-07-17 20:18:58] Ep. 15 : Up. 430000 : Sen. 465,647 : Cost 34.62039948 : Time 818.14s : 7979.17 words/s
[2019-07-17 20:32:38] Ep. 15 : Up. 432000 : Sen. 807,520 : Cost 34.85020828 : Time 820.71s : 7987.52 words/s
[2019-07-17 20:46:15] Ep. 15 : Up. 434000 : Sen. 1,147,109 : Cost 34.81158447 : Time 816.13s : 7968.81 words/s
[2019-07-17 20:59:50] Ep. 15 : Up. 436000 : Sen. 1,488,665 : Cost 34.80962372 : Time 815.76s : 8018.83 words/s
[2019-07-17 21:13:30] Ep. 15 : Up. 438000 : Sen. 1,828,944 : Cost 35.00568771 : Time 819.81s : 7971.63 words/s
[2019-07-17 21:27:06] Ep. 15 : Up. 440000 : Sen. 2,169,906 : Cost 34.97721100 : Time 815.66s : 7995.14 words/s
[2019-07-17 21:27:06] Saving model to ../experiments/100M_langid_+_ced_0.25_x_dcce/model/model.npz.orig.npz
[2019-07-17 21:27:15] Saving model to ../experiments/100M_langid_+_ced_0.25_x_dcce/model/model.iter440000.npz
[2019-07-17 21:27:22] Saving model to ../experiments/100M_langid_+_ced_0.25_x_dcce/model/model.npz
[2019-07-17 21:27:30] Saving Adam parameters to ../experiments/100M_langid_+_ced_0.25_x_dcce/model/model.npz.optimizer.npz
[2019-07-17 21:27:54] [valid] Ep. 15 : Up. 440000 : cross-entropy : 48.526 : stalled 2 times (last best: 48.4915)
[2019-07-17 21:28:01] [valid] Ep. 15 : Up. 440000 : perplexity : 6.75114 : stalled 2 times (last best: 6.74196)
[2019-07-17 21:29:08] [valid] Ep. 15 : Up. 440000 : translation : 30.5 : stalled 2 times (last best: 30.5)
[2019-07-17 21:42:45] Ep. 15 : Up. 442000 : Sen. 2,513,064 : Cost 35.00905991 : Time 939.18s : 6983.88 words/s
[2019-07-17 21:56:16] Ep. 15 : Up. 444000 : Sen. 2,853,639 : Cost 35.01895905 : Time 810.57s : 8042.23 words/s
[2019-07-17 22:09:51] Ep. 15 : Up. 446000 : Sen. 3,196,683 : Cost 35.12400055 : Time 815.70s : 8050.39 words/s
[2019-07-17 22:23:22] Ep. 15 : Up. 448000 : Sen. 3,539,068 : Cost 35.25992203 : Time 810.80s : 8079.31 words/s
[2019-07-17 22:36:53] Ep. 15 : Up. 450000 : Sen. 3,879,784 : Cost 35.24171066 : Time 810.50s : 8071.91 words/s
[2019-07-17 22:50:22] Ep. 15 : Up. 452000 : Sen. 4,221,124 : Cost 35.01236725 : Time 809.08s : 8058.09 words/s
[2019-07-17 23:03:50] Ep. 15 : Up. 454000 : Sen. 4,562,720 : Cost 35.38113022 : Time 808.71s : 8121.05 words/s
[2019-07-17 23:17:17] Ep. 15 : Up. 456000 : Sen. 4,903,144 : Cost 35.33621597 : Time 806.60s : 8102.66 words/s
[2019-07-17 23:29:02] Seen 5201627 samples
[2019-07-17 23:29:02] Starting epoch 16
[2019-07-17 23:29:02] [data] Shuffling data
[2019-07-17 23:29:05] [data] Done reading 5978721 sentences
[2019-07-17 23:29:36] [data] Done shuffling 5978721 sentences to temp files
[2019-07-17 23:31:20] Ep. 16 : Up. 458000 : Sen. 43,113 : Cost 35.23527527 : Time 843.29s : 7760.97 words/s
[2019-07-17 23:44:55] Ep. 16 : Up. 460000 : Sen. 383,868 : Cost 34.17478943 : Time 814.45s : 8007.02 words/s
[2019-07-17 23:44:55] Saving model to ../experiments/100M_langid_+_ced_0.25_x_dcce/model/model.npz.orig.npz
[2019-07-17 23:45:04] Saving model to ../experiments/100M_langid_+_ced_0.25_x_dcce/model/model.iter460000.npz
[2019-07-17 23:45:11] Saving model to ../experiments/100M_langid_+_ced_0.25_x_dcce/model/model.npz
[2019-07-17 23:45:20] Saving Adam parameters to ../experiments/100M_langid_+_ced_0.25_x_dcce/model/model.npz.optimizer.npz
[2019-07-17 23:45:45] [valid] Ep. 16 : Up. 460000 : cross-entropy : 48.3744 : new best
[2019-07-17 23:45:53] [valid] Ep. 16 : Up. 460000 : perplexity : 6.71097 : new best
[2019-07-17 23:47:03] [valid] Ep. 16 : Up. 460000 : translation : 30.59 : new best
[2019-07-18 00:00:46] Ep. 16 : Up. 462000 : Sen. 725,267 : Cost 34.49229431 : Time 951.70s : 6878.01 words/s
[2019-07-18 00:14:27] Ep. 16 : Up. 464000 : Sen. 1,065,559 : Cost 34.67388916 : Time 820.16s : 7967.05 words/s
[2019-07-18 00:28:06] Ep. 16 : Up. 466000 : Sen. 1,406,996 : Cost 34.64636230 : Time 819.52s : 7980.62 words/s
[2019-07-18 00:41:45] Ep. 16 : Up. 468000 : Sen. 1,749,424 : Cost 34.55817795 : Time 818.94s : 7987.60 words/s
[2019-07-18 00:55:24] Ep. 16 : Up. 470000 : Sen. 2,090,646 : Cost 34.88883591 : Time 819.35s : 7979.52 words/s
[2019-07-18 01:09:04] Ep. 16 : Up. 472000 : Sen. 2,431,506 : Cost 34.81196594 : Time 819.69s : 7980.22 words/s
[2019-07-18 01:22:45] Ep. 16 : Up. 474000 : Sen. 2,773,767 : Cost 34.77903366 : Time 821.30s : 7981.03 words/s
[2019-07-18 01:36:21] Ep. 16 : Up. 476000 : Sen. 3,112,328 : Cost 34.90669632 : Time 815.87s : 7946.23 words/s
[2019-07-18 01:50:01] Ep. 16 : Up. 478000 : Sen. 3,452,321 : Cost 34.97880936 : Time 819.56s : 7940.13 words/s
[2019-07-18 02:03:42] Ep. 16 : Up. 480000 : Sen. 3,792,924 : Cost 35.02360535 : Time 820.89s : 7957.84 words/s
[2019-07-18 02:03:42] Saving model to ../experiments/100M_langid_+_ced_0.25_x_dcce/model/model.npz.orig.npz
[2019-07-18 02:03:51] Saving model to ../experiments/100M_langid_+_ced_0.25_x_dcce/model/model.iter480000.npz
[2019-07-18 02:03:57] Saving model to ../experiments/100M_langid_+_ced_0.25_x_dcce/model/model.npz
[2019-07-18 02:04:06] Saving Adam parameters to ../experiments/100M_langid_+_ced_0.25_x_dcce/model/model.npz.optimizer.npz
[2019-07-18 02:04:30] [valid] Ep. 16 : Up. 480000 : cross-entropy : 48.295 : new best
[2019-07-18 02:04:37] [valid] Ep. 16 : Up. 480000 : perplexity : 6.69004 : new best
[2019-07-18 02:05:45] [valid] Ep. 16 : Up. 480000 : translation : 30.47 : stalled 1 times (last best: 30.59)
[2019-07-18 02:19:24] Ep. 16 : Up. 482000 : Sen. 4,133,732 : Cost 34.97787094 : Time 941.83s : 6930.91 words/s
[2019-07-18 02:33:01] Ep. 16 : Up. 484000 : Sen. 4,474,825 : Cost 35.05283737 : Time 817.82s : 7991.60 words/s
[2019-07-18 02:46:40] Ep. 16 : Up. 486000 : Sen. 4,815,488 : Cost 34.98411179 : Time 818.98s : 7979.45 words/s
[2019-07-18 03:00:21] Ep. 16 : Up. 488000 : Sen. 5,156,809 : Cost 35.07567215 : Time 820.39s : 7961.38 words/s
[2019-07-18 03:02:08] Seen 5201627 samples
[2019-07-18 03:02:08] Starting epoch 17
[2019-07-18 03:02:08] [data] Shuffling data
[2019-07-18 03:02:11] [data] Done reading 5978721 sentences
[2019-07-18 03:02:37] [data] Done shuffling 5978721 sentences to temp files
[2019-07-18 03:14:31] Ep. 17 : Up. 490000 : Sen. 296,175 : Cost 34.29583359 : Time 850.49s : 7687.45 words/s
[2019-07-18 03:28:13] Ep. 17 : Up. 492000 : Sen. 637,403 : Cost 34.36731339 : Time 822.23s : 7958.23 words/s
[2019-07-18 03:41:54] Ep. 17 : Up. 494000 : Sen. 979,819 : Cost 34.16115952 : Time 820.58s : 7978.12 words/s
[2019-07-18 03:55:33] Ep. 17 : Up. 496000 : Sen. 1,319,937 : Cost 34.66094208 : Time 818.86s : 7962.31 words/s
[2019-07-18 04:09:12] Ep. 17 : Up. 498000 : Sen. 1,660,124 : Cost 34.48274612 : Time 819.21s : 7957.09 words/s
[2019-07-18 04:22:54] Ep. 17 : Up. 500000 : Sen. 2,000,966 : Cost 34.55269241 : Time 822.41s : 7954.74 words/s
[2019-07-18 04:22:54] Saving model to ../experiments/100M_langid_+_ced_0.25_x_dcce/model/model.npz.orig.npz
[2019-07-18 04:23:03] Saving model to ../experiments/100M_langid_+_ced_0.25_x_dcce/model/model.iter500000.npz
[2019-07-18 04:23:10] Saving model to ../experiments/100M_langid_+_ced_0.25_x_dcce/model/model.npz
[2019-07-18 04:23:19] Saving Adam parameters to ../experiments/100M_langid_+_ced_0.25_x_dcce/model/model.npz.optimizer.npz
[2019-07-18 04:23:42] [valid] Ep. 17 : Up. 500000 : cross-entropy : 48.3739 : stalled 1 times (last best: 48.295)
[2019-07-18 04:23:49] [valid] Ep. 17 : Up. 500000 : perplexity : 6.71085 : stalled 1 times (last best: 6.69004)
[2019-07-18 04:24:57] [valid] Ep. 17 : Up. 500000 : translation : 30.43 : stalled 2 times (last best: 30.59)
[2019-07-18 04:38:39] Ep. 17 : Up. 502000 : Sen. 2,343,536 : Cost 34.53723145 : Time 944.48s : 6934.36 words/s
[2019-07-18 04:52:13] Ep. 17 : Up. 504000 : Sen. 2,683,031 : Cost 34.69430923 : Time 814.07s : 7985.14 words/s
[2019-07-18 05:05:53] Ep. 17 : Up. 506000 : Sen. 3,024,902 : Cost 34.65765381 : Time 820.05s : 7996.90 words/s
[2019-07-18 05:19:30] Ep. 17 : Up. 508000 : Sen. 3,365,332 : Cost 34.78219986 : Time 817.16s : 7980.42 words/s
[2019-07-18 05:33:06] Ep. 17 : Up. 510000 : Sen. 3,706,400 : Cost 34.80258942 : Time 815.79s : 8009.90 words/s
[2019-07-18 05:46:38] Ep. 17 : Up. 512000 : Sen. 4,044,668 : Cost 34.89566422 : Time 812.12s : 7980.18 words/s
[2019-07-18 06:00:17] Ep. 17 : Up. 514000 : Sen. 4,385,482 : Cost 34.68077087 : Time 818.73s : 7968.50 words/s
[2019-07-18 06:13:55] Ep. 17 : Up. 516000 : Sen. 4,726,966 : Cost 34.60174561 : Time 818.26s : 7982.03 words/s
[2019-07-18 06:27:38] Ep. 17 : Up. 518000 : Sen. 5,068,800 : Cost 34.99538040 : Time 822.59s : 7969.56 words/s
[2019-07-18 06:32:57] Seen 5201627 samples
[2019-07-18 06:32:57] Starting epoch 18
[2019-07-18 06:32:57] [data] Shuffling data
[2019-07-18 06:33:00] [data] Done reading 5978721 sentences
[2019-07-18 06:33:24] [data] Done shuffling 5978721 sentences to temp files
[2019-07-18 06:41:47] Ep. 18 : Up. 520000 : Sen. 207,875 : Cost 34.30463791 : Time 849.40s : 7687.12 words/s
[2019-07-18 06:41:47] Saving model to ../experiments/100M_langid_+_ced_0.25_x_dcce/model/model.npz.orig.npz
[2019-07-18 06:42:00] Saving model to ../experiments/100M_langid_+_ced_0.25_x_dcce/model/model.iter520000.npz
[2019-07-18 06:42:08] Saving model to ../experiments/100M_langid_+_ced_0.25_x_dcce/model/model.npz
[2019-07-18 06:42:17] Saving Adam parameters to ../experiments/100M_langid_+_ced_0.25_x_dcce/model/model.npz.optimizer.npz
[2019-07-18 06:42:50] [valid] Ep. 18 : Up. 520000 : cross-entropy : 48.2808 : new best
[2019-07-18 06:42:57] [valid] Ep. 18 : Up. 520000 : perplexity : 6.6863 : new best
[2019-07-18 06:44:06] [valid] Ep. 18 : Up. 520000 : translation : 30.56 : stalled 3 times (last best: 30.59)
[2019-07-18 06:57:41] Ep. 18 : Up. 522000 : Sen. 546,149 : Cost 34.15628815 : Time 953.80s : 6805.23 words/s
[2019-07-18 07:11:17] Ep. 18 : Up. 524000 : Sen. 886,039 : Cost 34.22439957 : Time 815.97s : 7984.09 words/s
[2019-07-18 07:24:54] Ep. 18 : Up. 526000 : Sen. 1,226,719 : Cost 34.08451462 : Time 817.23s : 7971.52 words/s
[2019-07-18 07:38:31] Ep. 18 : Up. 528000 : Sen. 1,566,303 : Cost 34.48909378 : Time 816.37s : 7983.69 words/s
[2019-07-18 07:52:09] Ep. 18 : Up. 530000 : Sen. 1,907,938 : Cost 34.39729691 : Time 818.95s : 7993.48 words/s
[2019-07-18 08:05:45] Ep. 18 : Up. 532000 : Sen. 2,249,033 : Cost 34.29671097 : Time 816.02s : 7991.66 words/s
[2019-07-18 08:19:26] Ep. 18 : Up. 534000 : Sen. 2,592,132 : Cost 34.40150070 : Time 820.62s : 8016.40 words/s
[2019-07-18 08:33:04] Ep. 18 : Up. 536000 : Sen. 2,931,934 : Cost 34.53020096 : Time 817.67s : 7975.98 words/s
[2019-07-18 08:46:42] Ep. 18 : Up. 538000 : Sen. 3,273,066 : Cost 34.38817978 : Time 818.31s : 7984.07 words/s
[2019-07-18 09:00:20] Ep. 18 : Up. 540000 : Sen. 3,613,691 : Cost 34.49409485 : Time 817.77s : 7987.71 words/s
[2019-07-18 09:00:20] Saving model to ../experiments/100M_langid_+_ced_0.25_x_dcce/model/model.npz.orig.npz
[2019-07-18 09:00:28] Saving model to ../experiments/100M_langid_+_ced_0.25_x_dcce/model/model.iter540000.npz
[2019-07-18 09:00:35] Saving model to ../experiments/100M_langid_+_ced_0.25_x_dcce/model/model.npz
[2019-07-18 09:00:44] Saving Adam parameters to ../experiments/100M_langid_+_ced_0.25_x_dcce/model/model.npz.optimizer.npz
[2019-07-18 09:01:07] [valid] Ep. 18 : Up. 540000 : cross-entropy : 48.2811 : stalled 1 times (last best: 48.2808)
[2019-07-18 09:01:14] [valid] Ep. 18 : Up. 540000 : perplexity : 6.68637 : stalled 1 times (last best: 6.6863)
[2019-07-18 09:02:22] [valid] Ep. 18 : Up. 540000 : translation : 30.38 : stalled 4 times (last best: 30.59)
[2019-07-18 09:16:02] Ep. 18 : Up. 542000 : Sen. 3,956,431 : Cost 34.75065613 : Time 942.41s : 6961.76 words/s
[2019-07-18 09:29:43] Ep. 18 : Up. 544000 : Sen. 4,299,025 : Cost 34.37613678 : Time 820.68s : 7987.72 words/s
[2019-07-18 09:43:21] Ep. 18 : Up. 546000 : Sen. 4,640,396 : Cost 34.68824387 : Time 818.42s : 7986.37 words/s
[2019-07-18 09:56:58] Ep. 18 : Up. 548000 : Sen. 4,980,345 : Cost 34.96286774 : Time 816.95s : 7981.30 words/s
[2019-07-18 10:05:48] Seen 5201627 samples
[2019-07-18 10:05:48] Starting epoch 19
[2019-07-18 10:05:48] [data] Shuffling data
[2019-07-18 10:05:52] [data] Done reading 5978721 sentences
[2019-07-18 10:06:19] [data] Done shuffling 5978721 sentences to temp files
[2019-07-18 10:11:05] Ep. 19 : Up. 550000 : Sen. 119,123 : Cost 34.35099030 : Time 846.50s : 7696.04 words/s
[2019-07-18 10:24:45] Ep. 19 : Up. 552000 : Sen. 461,413 : Cost 33.98258591 : Time 820.47s : 7990.69 words/s
[2019-07-18 10:38:21] Ep. 19 : Up. 554000 : Sen. 802,058 : Cost 33.99728775 : Time 815.76s : 8008.09 words/s
[2019-07-18 10:51:58] Ep. 19 : Up. 556000 : Sen. 1,141,808 : Cost 34.05110931 : Time 816.67s : 7969.01 words/s
[2019-07-18 11:05:35] Ep. 19 : Up. 558000 : Sen. 1,483,732 : Cost 34.29415894 : Time 817.36s : 8014.19 words/s
[2019-07-18 11:19:11] Ep. 19 : Up. 560000 : Sen. 1,826,066 : Cost 34.31285858 : Time 816.11s : 8041.37 words/s
[2019-07-18 11:19:11] Saving model to ../experiments/100M_langid_+_ced_0.25_x_dcce/model/model.npz.orig.npz
[2019-07-18 11:19:20] Saving model to ../experiments/100M_langid_+_ced_0.25_x_dcce/model/model.iter560000.npz
[2019-07-18 11:19:27] Saving model to ../experiments/100M_langid_+_ced_0.25_x_dcce/model/model.npz
[2019-07-18 11:19:35] Saving Adam parameters to ../experiments/100M_langid_+_ced_0.25_x_dcce/model/model.npz.optimizer.npz
[2019-07-18 11:19:59] [valid] Ep. 19 : Up. 560000 : cross-entropy : 48.3001 : stalled 2 times (last best: 48.2808)
[2019-07-18 11:20:06] [valid] Ep. 19 : Up. 560000 : perplexity : 6.69138 : stalled 2 times (last best: 6.6863)
[2019-07-18 11:21:14] [valid] Ep. 19 : Up. 560000 : translation : 30.53 : stalled 5 times (last best: 30.59)
[2019-07-18 11:34:55] Ep. 19 : Up. 562000 : Sen. 2,166,450 : Cost 34.19019318 : Time 943.62s : 6911.18 words/s
[2019-07-18 11:48:29] Ep. 19 : Up. 564000 : Sen. 2,506,344 : Cost 34.19963074 : Time 813.95s : 7991.60 words/s
[2019-07-18 12:02:05] Ep. 19 : Up. 566000 : Sen. 2,846,954 : Cost 34.22239304 : Time 816.53s : 7976.77 words/s
[2019-07-18 12:15:44] Ep. 19 : Up. 568000 : Sen. 3,187,200 : Cost 34.50768661 : Time 818.24s : 7981.97 words/s
[2019-07-18 12:29:20] Ep. 19 : Up. 570000 : Sen. 3,526,532 : Cost 34.52731323 : Time 816.53s : 7971.75 words/s
[2019-07-18 12:42:58] Ep. 19 : Up. 572000 : Sen. 3,865,996 : Cost 34.53235245 : Time 817.56s : 7966.47 words/s
[2019-07-18 12:56:33] Ep. 19 : Up. 574000 : Sen. 4,205,782 : Cost 34.42891312 : Time 815.64s : 7965.61 words/s
[2019-07-18 13:10:05] Ep. 19 : Up. 576000 : Sen. 4,543,868 : Cost 34.43632507 : Time 812.05s : 7976.96 words/s
[2019-07-18 13:23:48] Ep. 19 : Up. 578000 : Sen. 4,886,854 : Cost 34.68838882 : Time 822.43s : 7986.98 words/s
[2019-07-18 13:36:23] Seen 5201627 samples
[2019-07-18 13:36:23] Starting epoch 20
[2019-07-18 13:36:23] [data] Shuffling data
[2019-07-18 13:36:26] [data] Done reading 5978721 sentences
[2019-07-18 13:36:52] [data] Done shuffling 5978721 sentences to temp files
[2019-07-18 13:37:58] Ep. 20 : Up. 580000 : Sen. 27,381 : Cost 34.55988312 : Time 850.14s : 7707.01 words/s
[2019-07-18 13:37:58] Saving model to ../experiments/100M_langid_+_ced_0.25_x_dcce/model/model.npz.orig.npz
[2019-07-18 13:38:06] Saving model to ../experiments/100M_langid_+_ced_0.25_x_dcce/model/model.iter580000.npz
[2019-07-18 13:38:13] Saving model to ../experiments/100M_langid_+_ced_0.25_x_dcce/model/model.npz
[2019-07-18 13:38:23] Saving Adam parameters to ../experiments/100M_langid_+_ced_0.25_x_dcce/model/model.npz.optimizer.npz
[2019-07-18 13:38:51] [valid] Ep. 20 : Up. 580000 : cross-entropy : 48.1565 : new best
[2019-07-18 13:38:58] [valid] Ep. 20 : Up. 580000 : perplexity : 6.65367 : new best
[2019-07-18 13:40:06] [valid] Ep. 20 : Up. 580000 : translation : 30.26 : stalled 6 times (last best: 30.59)
[2019-07-18 13:53:51] Ep. 20 : Up. 582000 : Sen. 369,853 : Cost 33.69490051 : Time 953.00s : 6885.90 words/s
[2019-07-18 14:07:34] Ep. 20 : Up. 584000 : Sen. 714,150 : Cost 33.71924591 : Time 823.23s : 7997.08 words/s
[2019-07-18 14:21:14] Ep. 20 : Up. 586000 : Sen. 1,055,255 : Cost 34.07730865 : Time 820.16s : 7994.44 words/s
[2019-07-18 14:34:53] Ep. 20 : Up. 588000 : Sen. 1,397,659 : Cost 33.90416336 : Time 818.61s : 7998.42 words/s
[2019-07-18 14:48:31] Ep. 20 : Up. 590000 : Sen. 1,736,817 : Cost 34.20881653 : Time 818.21s : 7966.04 words/s
[2019-07-18 15:02:05] Ep. 20 : Up. 592000 : Sen. 2,077,009 : Cost 33.89221573 : Time 813.48s : 7991.47 words/s
[2019-07-18 15:15:43] Ep. 20 : Up. 594000 : Sen. 2,417,645 : Cost 34.28736877 : Time 818.84s : 7996.53 words/s
[2019-07-18 15:29:20] Ep. 20 : Up. 596000 : Sen. 2,758,400 : Cost 34.04645538 : Time 816.54s : 7982.00 words/s
[2019-07-18 15:42:59] Ep. 20 : Up. 598000 : Sen. 3,099,055 : Cost 34.38069916 : Time 818.69s : 7983.19 words/s
[2019-07-18 15:56:35] Ep. 20 : Up. 600000 : Sen. 3,439,061 : Cost 34.30538559 : Time 816.63s : 7980.82 words/s
[2019-07-18 15:56:35] Saving model to ../experiments/100M_langid_+_ced_0.25_x_dcce/model/model.npz.orig.npz
[2019-07-18 15:56:47] Saving model to ../experiments/100M_langid_+_ced_0.25_x_dcce/model/model.iter600000.npz
[2019-07-18 15:56:54] Saving model to ../experiments/100M_langid_+_ced_0.25_x_dcce/model/model.npz
[2019-07-18 15:57:04] Saving Adam parameters to ../experiments/100M_langid_+_ced_0.25_x_dcce/model/model.npz.optimizer.npz
[2019-07-18 15:57:27] [valid] Ep. 20 : Up. 600000 : cross-entropy : 48.2352 : stalled 1 times (last best: 48.1565)
[2019-07-18 15:57:34] [valid] Ep. 20 : Up. 600000 : perplexity : 6.67431 : stalled 1 times (last best: 6.65367)
[2019-07-18 15:58:43] [valid] Ep. 20 : Up. 600000 : translation : 30.49 : stalled 7 times (last best: 30.59)
[2019-07-18 16:12:24] Ep. 20 : Up. 602000 : Sen. 3,781,314 : Cost 34.19517899 : Time 948.97s : 6899.28 words/s
[2019-07-18 16:25:59] Ep. 20 : Up. 604000 : Sen. 4,119,171 : Cost 34.30902863 : Time 814.38s : 7934.42 words/s
[2019-07-18 16:39:39] Ep. 20 : Up. 606000 : Sen. 4,460,396 : Cost 34.44023895 : Time 820.61s : 7969.76 words/s
[2019-07-18 16:53:14] Ep. 20 : Up. 608000 : Sen. 4,799,868 : Cost 34.39961243 : Time 814.85s : 7981.10 words/s
[2019-07-18 17:06:53] Ep. 20 : Up. 610000 : Sen. 5,141,922 : Cost 34.40705109 : Time 818.94s : 7990.58 words/s
[2019-07-18 17:09:17] Seen 5201627 samples
[2019-07-18 17:09:17] Starting epoch 21
[2019-07-18 17:09:17] [data] Shuffling data
[2019-07-18 17:09:20] [data] Done reading 5978721 sentences
[2019-07-18 17:09:46] [data] Done shuffling 5978721 sentences to temp files
[2019-07-18 17:21:02] Ep. 21 : Up. 612000 : Sen. 281,294 : Cost 33.57842255 : Time 848.63s : 7694.88 words/s
[2019-07-18 17:34:42] Ep. 21 : Up. 614000 : Sen. 622,868 : Cost 33.63209915 : Time 819.90s : 7986.53 words/s
[2019-07-18 17:48:18] Ep. 21 : Up. 616000 : Sen. 963,058 : Cost 33.64787674 : Time 816.38s : 7981.17 words/s
[2019-07-18 18:01:55] Ep. 21 : Up. 618000 : Sen. 1,304,277 : Cost 33.92297363 : Time 817.27s : 8008.17 words/s
[2019-07-18 18:15:34] Ep. 21 : Up. 620000 : Sen. 1,644,668 : Cost 33.67473984 : Time 818.31s : 7958.84 words/s
[2019-07-18 18:15:34] Saving model to ../experiments/100M_langid_+_ced_0.25_x_dcce/model/model.npz.orig.npz
[2019-07-18 18:15:42] Saving model to ../experiments/100M_langid_+_ced_0.25_x_dcce/model/model.iter620000.npz
[2019-07-18 18:15:49] Saving model to ../experiments/100M_langid_+_ced_0.25_x_dcce/model/model.npz
[2019-07-18 18:15:58] Saving Adam parameters to ../experiments/100M_langid_+_ced_0.25_x_dcce/model/model.npz.optimizer.npz
[2019-07-18 18:16:21] [valid] Ep. 21 : Up. 620000 : cross-entropy : 48.2208 : stalled 2 times (last best: 48.1565)
[2019-07-18 18:16:29] [valid] Ep. 21 : Up. 620000 : perplexity : 6.67054 : stalled 2 times (last best: 6.65367)
[2019-07-18 18:17:37] [valid] Ep. 21 : Up. 620000 : translation : 30.48 : stalled 8 times (last best: 30.59)
[2019-07-18 18:31:16] Ep. 21 : Up. 622000 : Sen. 1,985,379 : Cost 33.81299210 : Time 942.85s : 6919.93 words/s
[2019-07-18 18:44:57] Ep. 21 : Up. 624000 : Sen. 2,327,212 : Cost 33.91156006 : Time 820.92s : 7979.71 words/s
[2019-07-18 18:58:35] Ep. 21 : Up. 626000 : Sen. 2,667,826 : Cost 33.90943146 : Time 817.27s : 7975.25 words/s
[2019-07-18 19:12:10] Ep. 21 : Up. 628000 : Sen. 3,006,705 : Cost 34.17472458 : Time 815.47s : 7966.54 words/s
[2019-07-18 19:25:50] Ep. 21 : Up. 630000 : Sen. 3,350,078 : Cost 33.95676041 : Time 820.06s : 8009.32 words/s
[2019-07-18 19:39:26] Ep. 21 : Up. 632000 : Sen. 3,689,681 : Cost 34.01403046 : Time 816.21s : 7981.04 words/s
[2019-07-18 19:53:01] Ep. 21 : Up. 634000 : Sen. 4,029,521 : Cost 34.21189117 : Time 814.64s : 8000.02 words/s
[2019-07-18 20:06:39] Ep. 21 : Up. 636000 : Sen. 4,370,936 : Cost 34.28334045 : Time 817.76s : 7991.84 words/s
[2019-07-18 20:20:17] Ep. 21 : Up. 638000 : Sen. 4,711,145 : Cost 34.50930023 : Time 818.73s : 7975.39 words/s
[2019-07-18 20:33:55] Ep. 21 : Up. 640000 : Sen. 5,050,387 : Cost 34.14910126 : Time 817.12s : 7960.42 words/s
[2019-07-18 20:33:55] Saving model to ../experiments/100M_langid_+_ced_0.25_x_dcce/model/model.npz.orig.npz
[2019-07-18 20:34:04] Saving model to ../experiments/100M_langid_+_ced_0.25_x_dcce/model/model.iter640000.npz
[2019-07-18 20:34:17] Saving model to ../experiments/100M_langid_+_ced_0.25_x_dcce/model/model.npz
[2019-07-18 20:34:25] Saving Adam parameters to ../experiments/100M_langid_+_ced_0.25_x_dcce/model/model.npz.optimizer.npz
[2019-07-18 20:34:49] [valid] Ep. 21 : Up. 640000 : cross-entropy : 48.1692 : stalled 3 times (last best: 48.1565)
[2019-07-18 20:34:56] [valid] Ep. 21 : Up. 640000 : perplexity : 6.65699 : stalled 3 times (last best: 6.65367)
[2019-07-18 20:36:04] [valid] Ep. 21 : Up. 640000 : translation : 30.58 : stalled 9 times (last best: 30.59)
[2019-07-18 20:42:12] Seen 5201627 samples
[2019-07-18 20:42:12] Starting epoch 22
[2019-07-18 20:42:12] [data] Shuffling data
[2019-07-18 20:42:15] [data] Done reading 5978721 sentences
[2019-07-18 20:42:43] [data] Done shuffling 5978721 sentences to temp files
[2019-07-18 20:50:18] Ep. 22 : Up. 642000 : Sen. 189,747 : Cost 33.64698792 : Time 983.08s : 6645.67 words/s
[2019-07-18 21:03:59] Ep. 22 : Up. 644000 : Sen. 531,945 : Cost 33.56580734 : Time 821.00s : 7979.19 words/s
[2019-07-18 21:17:38] Ep. 22 : Up. 646000 : Sen. 873,712 : Cost 33.55375290 : Time 819.19s : 7994.92 words/s
[2019-07-18 21:31:15] Ep. 22 : Up. 648000 : Sen. 1,214,349 : Cost 33.83606720 : Time 817.63s : 7999.14 words/s
[2019-07-18 21:44:52] Ep. 22 : Up. 650000 : Sen. 1,556,217 : Cost 33.63743591 : Time 816.93s : 7992.88 words/s
[2019-07-18 21:58:29] Ep. 22 : Up. 652000 : Sen. 1,895,375 : Cost 33.82204437 : Time 817.08s : 7957.06 words/s
[2019-07-18 22:12:08] Ep. 22 : Up. 654000 : Sen. 2,235,623 : Cost 33.79636765 : Time 818.27s : 7977.55 words/s
[2019-07-18 22:25:46] Ep. 22 : Up. 656000 : Sen. 2,575,814 : Cost 33.77776718 : Time 818.21s : 7959.61 words/s
[2019-07-18 22:39:26] Ep. 22 : Up. 658000 : Sen. 2,917,057 : Cost 33.96483612 : Time 820.03s : 7971.52 words/s
[2019-07-18 22:53:04] Ep. 22 : Up. 660000 : Sen. 3,258,549 : Cost 33.94937134 : Time 817.63s : 7999.31 words/s
[2019-07-18 22:53:04] Saving model to ../experiments/100M_langid_+_ced_0.25_x_dcce/model/model.npz.orig.npz
[2019-07-18 22:53:12] Saving model to ../experiments/100M_langid_+_ced_0.25_x_dcce/model/model.iter660000.npz
[2019-07-18 22:53:19] Saving model to ../experiments/100M_langid_+_ced_0.25_x_dcce/model/model.npz
[2019-07-18 22:53:28] Saving Adam parameters to ../experiments/100M_langid_+_ced_0.25_x_dcce/model/model.npz.optimizer.npz
[2019-07-18 22:53:56] [valid] Ep. 22 : Up. 660000 : cross-entropy : 48.2124 : stalled 4 times (last best: 48.1565)
[2019-07-18 22:54:04] [valid] Ep. 22 : Up. 660000 : perplexity : 6.66832 : stalled 4 times (last best: 6.65367)
[2019-07-18 22:55:12] [valid] Ep. 22 : Up. 660000 : translation : 30.42 : stalled 10 times (last best: 30.59)
[2019-07-18 23:08:53] Ep. 22 : Up. 662000 : Sen. 3,598,665 : Cost 33.99378586 : Time 949.46s : 6868.28 words/s
[2019-07-18 23:22:34] Ep. 22 : Up. 664000 : Sen. 3,940,547 : Cost 34.14320755 : Time 821.10s : 7976.73 words/s
[2019-07-18 23:36:11] Ep. 22 : Up. 666000 : Sen. 4,279,880 : Cost 33.95289993 : Time 817.07s : 7973.87 words/s
[2019-07-18 23:49:48] Ep. 22 : Up. 668000 : Sen. 4,621,455 : Cost 34.06350708 : Time 816.43s : 7996.46 words/s
[2019-07-19 00:03:25] Ep. 22 : Up. 670000 : Sen. 4,963,484 : Cost 34.03894424 : Time 816.91s : 8015.19 words/s
[2019-07-19 00:12:56] Seen 5201627 samples
[2019-07-19 00:12:56] Starting epoch 23
[2019-07-19 00:12:56] [data] Shuffling data
[2019-07-19 00:12:59] [data] Done reading 5978721 sentences
[2019-07-19 00:13:22] [data] Done shuffling 5978721 sentences to temp files
[2019-07-19 00:17:28] Ep. 23 : Up. 672000 : Sen. 102,400 : Cost 33.94593430 : Time 843.25s : 7737.40 words/s
[2019-07-19 00:31:09] Ep. 23 : Up. 674000 : Sen. 443,786 : Cost 33.43453598 : Time 821.52s : 7975.53 words/s
[2019-07-19 00:44:50] Ep. 23 : Up. 676000 : Sen. 785,482 : Cost 33.45776367 : Time 820.41s : 7983.54 words/s
[2019-07-19 00:58:29] Ep. 23 : Up. 678000 : Sen. 1,126,720 : Cost 33.51215363 : Time 819.38s : 7971.20 words/s
[2019-07-19 01:12:09] Ep. 23 : Up. 680000 : Sen. 1,469,125 : Cost 33.67346191 : Time 819.99s : 8001.95 words/s
[2019-07-19 01:12:09] Saving model to ../experiments/100M_langid_+_ced_0.25_x_dcce/model/model.npz.orig.npz
[2019-07-19 01:12:18] Saving model to ../experiments/100M_langid_+_ced_0.25_x_dcce/model/model.iter680000.npz
[2019-07-19 01:12:25] Saving model to ../experiments/100M_langid_+_ced_0.25_x_dcce/model/model.npz
[2019-07-19 01:12:34] Saving Adam parameters to ../experiments/100M_langid_+_ced_0.25_x_dcce/model/model.npz.optimizer.npz
[2019-07-19 01:12:57] [valid] Ep. 23 : Up. 680000 : cross-entropy : 48.2445 : stalled 5 times (last best: 48.1565)
[2019-07-19 01:13:05] [valid] Ep. 23 : Up. 680000 : perplexity : 6.67675 : stalled 5 times (last best: 6.65367)
[2019-07-19 01:14:18] [valid] Ep. 23 : Up. 680000 : translation : 30.36 : stalled 11 times (last best: 30.59)
[2019-07-19 01:14:19] Training finished
[2019-07-19 01:14:23] Saving model to ../experiments/100M_langid_+_ced_0.25_x_dcce/model/model.npz.orig.npz
[2019-07-19 01:14:32] Saving model to ../experiments/100M_langid_+_ced_0.25_x_dcce/model/model.npz
[2019-07-19 01:14:41] Saving Adam parameters to ../experiments/100M_langid_+_ced_0.25_x_dcce/model/model.npz.optimizer.npz
