[2019-08-10 17:04:44] [marian] Marian v1.7.8 ec2d66e 2019-05-27 14:52:11 +0100
[2019-08-10 17:04:44] [marian] Running on hodor as process 159888 with command line:
[2019-08-10 17:04:44] [marian] /fs/bil0/abdel/marian-dev/build/marian --sync-sgd --model ../experiments/10M_bicleaner_v1.1_+_bic1.1_arpa_x_dcce/model/model.npz -T . --devices 1 --train-sets ../experiments/10M_bicleaner_v1.1_+_bic1.1_arpa_x_dcce/data/train.bpe.de ../experiments/10M_bicleaner_v1.1_+_bic1.1_arpa_x_dcce/data/train.bpe.en --vocabs ../experiments/10M_bicleaner_v1.1_+_bic1.1_arpa_x_dcce/data/train.bpe.de.json ../experiments/10M_bicleaner_v1.1_+_bic1.1_arpa_x_dcce/data/train.bpe.en.json --mini-batch-fit -w 3000 --dim-vocabs 50000 50000 --layer-normalization --dropout-rnn 0.2 --dropout-src 0.1 --dropout-trg 0.1 --learn-rate 0.0001 --after-epochs 0 --early-stopping 5 --valid-freq 20000 --save-freq 20000 --disp-freq 2000 --valid-mini-batch 8 --valid-sets ../experiments/10M_bicleaner_v1.1_+_bic1.1_arpa_x_dcce/data/dev.bpe.de ../experiments/10M_bicleaner_v1.1_+_bic1.1_arpa_x_dcce/data/dev.bpe.en --valid-metrics cross-entropy perplexity translation --valid-translation-output ../experiments/10M_bicleaner_v1.1_+_bic1.1_arpa_x_dcce/model/dev.out --valid-script-path ../experiments/10M_bicleaner_v1.1_+_bic1.1_arpa_x_dcce/score-dev.sh --seed 1111 --exponential-smoothing --normalize=1 --beam-size=12 --quiet-translation --log ../experiments/10M_bicleaner_v1.1_+_bic1.1_arpa_x_dcce/model/train.log --valid-log ../experiments/10M_bicleaner_v1.1_+_bic1.1_arpa_x_dcce/model/valid.log
[2019-08-10 17:04:44] [config] after-batches: 0
[2019-08-10 17:04:44] [config] after-epochs: 0
[2019-08-10 17:04:44] [config] allow-unk: false
[2019-08-10 17:04:44] [config] beam-size: 12
[2019-08-10 17:04:44] [config] bert-class-symbol: "[CLS]"
[2019-08-10 17:04:44] [config] bert-mask-symbol: "[MASK]"
[2019-08-10 17:04:44] [config] bert-masking-fraction: 0.15
[2019-08-10 17:04:44] [config] bert-sep-symbol: "[SEP]"
[2019-08-10 17:04:44] [config] bert-train-type-embeddings: true
[2019-08-10 17:04:44] [config] bert-type-vocab-size: 2
[2019-08-10 17:04:44] [config] best-deep: false
[2019-08-10 17:04:44] [config] clip-gemm: 0
[2019-08-10 17:04:44] [config] clip-norm: 1
[2019-08-10 17:04:44] [config] cost-type: ce-mean
[2019-08-10 17:04:44] [config] cpu-threads: 0
[2019-08-10 17:04:44] [config] data-weighting: ""
[2019-08-10 17:04:44] [config] data-weighting-type: sentence
[2019-08-10 17:04:44] [config] dec-cell: gru
[2019-08-10 17:04:44] [config] dec-cell-base-depth: 2
[2019-08-10 17:04:44] [config] dec-cell-high-depth: 1
[2019-08-10 17:04:44] [config] dec-depth: 1
[2019-08-10 17:04:44] [config] devices:
[2019-08-10 17:04:44] [config]   - 1
[2019-08-10 17:04:44] [config] dim-emb: 512
[2019-08-10 17:04:44] [config] dim-rnn: 1024
[2019-08-10 17:04:44] [config] dim-vocabs:
[2019-08-10 17:04:44] [config]   - 50000
[2019-08-10 17:04:44] [config]   - 50000
[2019-08-10 17:04:44] [config] disp-first: 0
[2019-08-10 17:04:44] [config] disp-freq: 2000
[2019-08-10 17:04:44] [config] disp-label-counts: false
[2019-08-10 17:04:44] [config] dropout-rnn: 0.2
[2019-08-10 17:04:44] [config] dropout-src: 0.1
[2019-08-10 17:04:44] [config] dropout-trg: 0.1
[2019-08-10 17:04:44] [config] dump-config: ""
[2019-08-10 17:04:44] [config] early-stopping: 5
[2019-08-10 17:04:44] [config] embedding-fix-src: false
[2019-08-10 17:04:44] [config] embedding-fix-trg: false
[2019-08-10 17:04:44] [config] embedding-normalization: false
[2019-08-10 17:04:44] [config] embedding-vectors:
[2019-08-10 17:04:44] [config]   []
[2019-08-10 17:04:44] [config] enc-cell: gru
[2019-08-10 17:04:44] [config] enc-cell-depth: 1
[2019-08-10 17:04:44] [config] enc-depth: 1
[2019-08-10 17:04:44] [config] enc-type: bidirectional
[2019-08-10 17:04:44] [config] exponential-smoothing: 0.0001
[2019-08-10 17:04:44] [config] grad-dropping-momentum: 0
[2019-08-10 17:04:44] [config] grad-dropping-rate: 0
[2019-08-10 17:04:44] [config] grad-dropping-warmup: 100
[2019-08-10 17:04:44] [config] guided-alignment: none
[2019-08-10 17:04:44] [config] guided-alignment-cost: mse
[2019-08-10 17:04:44] [config] guided-alignment-weight: 0.1
[2019-08-10 17:04:44] [config] ignore-model-config: false
[2019-08-10 17:04:44] [config] input-types:
[2019-08-10 17:04:44] [config]   []
[2019-08-10 17:04:44] [config] interpolate-env-vars: false
[2019-08-10 17:04:44] [config] keep-best: false
[2019-08-10 17:04:44] [config] label-smoothing: 0
[2019-08-10 17:04:44] [config] layer-normalization: true
[2019-08-10 17:04:44] [config] learn-rate: 0.0001
[2019-08-10 17:04:44] [config] log: ../experiments/10M_bicleaner_v1.1_+_bic1.1_arpa_x_dcce/model/train.log
[2019-08-10 17:04:44] [config] log-level: info
[2019-08-10 17:04:44] [config] log-time-zone: ""
[2019-08-10 17:04:44] [config] lr-decay: 0
[2019-08-10 17:04:44] [config] lr-decay-freq: 50000
[2019-08-10 17:04:44] [config] lr-decay-inv-sqrt:
[2019-08-10 17:04:44] [config]   - 0
[2019-08-10 17:04:44] [config] lr-decay-repeat-warmup: false
[2019-08-10 17:04:44] [config] lr-decay-reset-optimizer: false
[2019-08-10 17:04:44] [config] lr-decay-start:
[2019-08-10 17:04:44] [config]   - 10
[2019-08-10 17:04:44] [config]   - 1
[2019-08-10 17:04:44] [config] lr-decay-strategy: epoch+stalled
[2019-08-10 17:04:44] [config] lr-report: false
[2019-08-10 17:04:44] [config] lr-warmup: 0
[2019-08-10 17:04:44] [config] lr-warmup-at-reload: false
[2019-08-10 17:04:44] [config] lr-warmup-cycle: false
[2019-08-10 17:04:44] [config] lr-warmup-start-rate: 0
[2019-08-10 17:04:44] [config] max-length: 50
[2019-08-10 17:04:44] [config] max-length-crop: false
[2019-08-10 17:04:44] [config] max-length-factor: 3
[2019-08-10 17:04:44] [config] maxi-batch: 100
[2019-08-10 17:04:44] [config] maxi-batch-sort: trg
[2019-08-10 17:04:44] [config] mini-batch: 64
[2019-08-10 17:04:44] [config] mini-batch-fit: true
[2019-08-10 17:04:44] [config] mini-batch-fit-step: 10
[2019-08-10 17:04:44] [config] mini-batch-overstuff: 1
[2019-08-10 17:04:44] [config] mini-batch-track-lr: false
[2019-08-10 17:04:44] [config] mini-batch-understuff: 1
[2019-08-10 17:04:44] [config] mini-batch-warmup: 0
[2019-08-10 17:04:44] [config] mini-batch-words: 0
[2019-08-10 17:04:44] [config] mini-batch-words-ref: 0
[2019-08-10 17:04:44] [config] model: ../experiments/10M_bicleaner_v1.1_+_bic1.1_arpa_x_dcce/model/model.npz
[2019-08-10 17:04:44] [config] multi-loss-type: sum
[2019-08-10 17:04:44] [config] multi-node: false
[2019-08-10 17:04:44] [config] multi-node-overlap: true
[2019-08-10 17:04:44] [config] n-best: false
[2019-08-10 17:04:44] [config] no-nccl: false
[2019-08-10 17:04:44] [config] no-reload: false
[2019-08-10 17:04:44] [config] no-restore-corpus: false
[2019-08-10 17:04:44] [config] no-shuffle: false
[2019-08-10 17:04:44] [config] normalize: 1
[2019-08-10 17:04:44] [config] num-devices: 0
[2019-08-10 17:04:44] [config] optimizer: adam
[2019-08-10 17:04:44] [config] optimizer-delay: 1
[2019-08-10 17:04:44] [config] optimizer-params:
[2019-08-10 17:04:44] [config]   []
[2019-08-10 17:04:44] [config] overwrite: false
[2019-08-10 17:04:44] [config] pretrained-model: ""
[2019-08-10 17:04:44] [config] quiet: false
[2019-08-10 17:04:44] [config] quiet-translation: true
[2019-08-10 17:04:44] [config] relative-paths: false
[2019-08-10 17:04:44] [config] right-left: false
[2019-08-10 17:04:44] [config] save-freq: 20000
[2019-08-10 17:04:44] [config] seed: 1111
[2019-08-10 17:04:44] [config] shuffle-in-ram: false
[2019-08-10 17:04:44] [config] skip: false
[2019-08-10 17:04:44] [config] sqlite: ""
[2019-08-10 17:04:44] [config] sqlite-drop: false
[2019-08-10 17:04:44] [config] sync-sgd: true
[2019-08-10 17:04:44] [config] tempdir: .
[2019-08-10 17:04:44] [config] tied-embeddings: false
[2019-08-10 17:04:44] [config] tied-embeddings-all: false
[2019-08-10 17:04:44] [config] tied-embeddings-src: false
[2019-08-10 17:04:44] [config] train-sets:
[2019-08-10 17:04:44] [config]   - ../experiments/10M_bicleaner_v1.1_+_bic1.1_arpa_x_dcce/data/train.bpe.de
[2019-08-10 17:04:44] [config]   - ../experiments/10M_bicleaner_v1.1_+_bic1.1_arpa_x_dcce/data/train.bpe.en
[2019-08-10 17:04:44] [config] transformer-aan-activation: swish
[2019-08-10 17:04:44] [config] transformer-aan-depth: 2
[2019-08-10 17:04:44] [config] transformer-aan-nogate: false
[2019-08-10 17:04:44] [config] transformer-decoder-autoreg: self-attention
[2019-08-10 17:04:44] [config] transformer-dim-aan: 2048
[2019-08-10 17:04:44] [config] transformer-dim-ffn: 2048
[2019-08-10 17:04:44] [config] transformer-dropout: 0
[2019-08-10 17:04:44] [config] transformer-dropout-attention: 0
[2019-08-10 17:04:44] [config] transformer-dropout-ffn: 0
[2019-08-10 17:04:44] [config] transformer-ffn-activation: swish
[2019-08-10 17:04:44] [config] transformer-ffn-depth: 2
[2019-08-10 17:04:44] [config] transformer-guided-alignment-layer: last
[2019-08-10 17:04:44] [config] transformer-heads: 8
[2019-08-10 17:04:44] [config] transformer-no-projection: false
[2019-08-10 17:04:44] [config] transformer-postprocess: dan
[2019-08-10 17:04:44] [config] transformer-postprocess-emb: d
[2019-08-10 17:04:44] [config] transformer-preprocess: ""
[2019-08-10 17:04:44] [config] transformer-tied-layers:
[2019-08-10 17:04:44] [config]   []
[2019-08-10 17:04:44] [config] transformer-train-position-embeddings: false
[2019-08-10 17:04:44] [config] type: amun
[2019-08-10 17:04:44] [config] ulr: false
[2019-08-10 17:04:44] [config] ulr-dim-emb: 0
[2019-08-10 17:04:44] [config] ulr-dropout: 0
[2019-08-10 17:04:44] [config] ulr-keys-vectors: ""
[2019-08-10 17:04:44] [config] ulr-query-vectors: ""
[2019-08-10 17:04:44] [config] ulr-softmax-temperature: 1
[2019-08-10 17:04:44] [config] ulr-trainable-transformation: false
[2019-08-10 17:04:44] [config] valid-freq: 20000
[2019-08-10 17:04:44] [config] valid-log: ../experiments/10M_bicleaner_v1.1_+_bic1.1_arpa_x_dcce/model/valid.log
[2019-08-10 17:04:44] [config] valid-max-length: 1000
[2019-08-10 17:04:44] [config] valid-metrics:
[2019-08-10 17:04:44] [config]   - cross-entropy
[2019-08-10 17:04:44] [config]   - perplexity
[2019-08-10 17:04:44] [config]   - translation
[2019-08-10 17:04:44] [config] valid-mini-batch: 8
[2019-08-10 17:04:44] [config] valid-script-path: ../experiments/10M_bicleaner_v1.1_+_bic1.1_arpa_x_dcce/score-dev.sh
[2019-08-10 17:04:44] [config] valid-sets:
[2019-08-10 17:04:44] [config]   - ../experiments/10M_bicleaner_v1.1_+_bic1.1_arpa_x_dcce/data/dev.bpe.de
[2019-08-10 17:04:44] [config]   - ../experiments/10M_bicleaner_v1.1_+_bic1.1_arpa_x_dcce/data/dev.bpe.en
[2019-08-10 17:04:44] [config] valid-translation-output: ../experiments/10M_bicleaner_v1.1_+_bic1.1_arpa_x_dcce/model/dev.out
[2019-08-10 17:04:44] [config] vocabs:
[2019-08-10 17:04:44] [config]   - ../experiments/10M_bicleaner_v1.1_+_bic1.1_arpa_x_dcce/data/train.bpe.de.json
[2019-08-10 17:04:44] [config]   - ../experiments/10M_bicleaner_v1.1_+_bic1.1_arpa_x_dcce/data/train.bpe.en.json
[2019-08-10 17:04:44] [config] word-penalty: 0
[2019-08-10 17:04:44] [config] workspace: 3000
[2019-08-10 17:04:44] [config] Model is being created with Marian v1.7.8 ec2d66e 2019-05-27 14:52:11 +0100
[2019-08-10 17:04:44] Using synchronous training
[2019-08-10 17:04:44] [data] Loading vocabulary from JSON/Yaml file ../experiments/10M_bicleaner_v1.1_+_bic1.1_arpa_x_dcce/data/train.bpe.de.json
[2019-08-10 17:04:44] [data] Using unused word id eos for 0
[2019-08-10 17:04:44] [data] Using unused word id UNK for 1
[2019-08-10 17:04:44] [data] Setting vocabulary size for input 0 to 50000
[2019-08-10 17:04:44] [data] Loading vocabulary from JSON/Yaml file ../experiments/10M_bicleaner_v1.1_+_bic1.1_arpa_x_dcce/data/train.bpe.en.json
[2019-08-10 17:04:44] [data] Using unused word id eos for 0
[2019-08-10 17:04:44] [data] Using unused word id UNK for 1
[2019-08-10 17:04:44] [data] Setting vocabulary size for input 1 to 50000
[2019-08-10 17:04:44] Compiled without MPI support. Falling back to FakeMPIWrapper
[2019-08-10 17:04:44] [batching] Collecting statistics for batch fitting with step size 10
[2019-08-10 17:04:45] [memory] Extending reserved space to 3072 MB (device gpu1)
[2019-08-10 17:04:45] [comm] Using NCCL 2.4.2 for GPU communication
[2019-08-10 17:04:46] [comm] NCCLCommunicator constructed successfully.
[2019-08-10 17:04:46] [training] Using 1 GPUs
[2019-08-10 17:04:46] [memory] Reserving 422 MB, device gpu1
[2019-08-10 17:04:46] [gpu] 16-bit TensorCores enabled for float32 matrix operations
[2019-08-10 17:04:46] [memory] Reserving 422 MB, device gpu1
[2019-08-10 17:04:50] [batching] Done. Typical MB size is 4042 target words
[2019-08-10 17:04:51] [memory] Extending reserved space to 3072 MB (device gpu1)
[2019-08-10 17:04:51] [comm] Using NCCL 2.4.2 for GPU communication
[2019-08-10 17:04:51] [comm] NCCLCommunicator constructed successfully.
[2019-08-10 17:04:51] [training] Using 1 GPUs
[2019-08-10 17:04:51] Training started
[2019-08-10 17:04:51] [data] Shuffling data
[2019-08-10 17:04:51] [data] Done reading 589089 sentences
[2019-08-10 17:04:53] [data] Done shuffling 589089 sentences to temp files
[2019-08-10 17:04:55] [training] Batches are processed as 1 process(es) x 1 devices/process
[2019-08-10 17:04:55] [memory] Reserving 422 MB, device gpu1
[2019-08-10 17:04:55] [memory] Reserving 422 MB, device gpu1
[2019-08-10 17:04:55] [memory] Reserving 422 MB, device gpu1
[2019-08-10 17:04:55] [memory] Reserving 844 MB, device gpu1
[2019-08-10 17:14:27] Ep. 1 : Up. 2000 : Sen. 261,352 : Cost 104.60874176 : Time 582.27s : 8620.12 words/s
[2019-08-10 17:24:04] Ep. 1 : Up. 4000 : Sen. 522,117 : Cost 74.47875977 : Time 577.44s : 8692.79 words/s
[2019-08-10 17:25:19] Seen 555420 samples
[2019-08-10 17:25:19] Starting epoch 2
[2019-08-10 17:25:19] [data] Shuffling data
[2019-08-10 17:25:19] [data] Done reading 589089 sentences
[2019-08-10 17:25:21] [data] Done shuffling 589089 sentences to temp files
[2019-08-10 17:33:49] Ep. 2 : Up. 6000 : Sen. 227,762 : Cost 60.35229111 : Time 584.66s : 8611.29 words/s
[2019-08-10 17:43:26] Ep. 2 : Up. 8000 : Sen. 489,671 : Cost 52.85450363 : Time 576.85s : 8724.66 words/s
[2019-08-10 17:45:51] Seen 555420 samples
[2019-08-10 17:45:51] Starting epoch 3
[2019-08-10 17:45:51] [data] Shuffling data
[2019-08-10 17:45:51] [data] Done reading 589089 sentences
[2019-08-10 17:45:53] [data] Done shuffling 589089 sentences to temp files
[2019-08-10 17:53:05] Ep. 3 : Up. 10000 : Sen. 194,031 : Cost 47.39502716 : Time 579.46s : 8606.91 words/s
[2019-08-10 18:02:44] Ep. 3 : Up. 12000 : Sen. 455,024 : Cost 44.28678513 : Time 578.57s : 8683.05 words/s
[2019-08-10 18:06:25] Seen 555420 samples
[2019-08-10 18:06:25] Starting epoch 4
[2019-08-10 18:06:25] [data] Shuffling data
[2019-08-10 18:06:26] [data] Done reading 589089 sentences
[2019-08-10 18:06:28] [data] Done shuffling 589089 sentences to temp files
[2019-08-10 18:12:28] Ep. 4 : Up. 14000 : Sen. 160,549 : Cost 41.60127640 : Time 584.09s : 8608.32 words/s
[2019-08-10 18:22:06] Ep. 4 : Up. 16000 : Sen. 422,605 : Cost 39.43865204 : Time 578.11s : 8695.00 words/s
[2019-08-10 18:27:00] Seen 555420 samples
[2019-08-10 18:27:00] Starting epoch 5
[2019-08-10 18:27:00] [data] Shuffling data
[2019-08-10 18:27:01] [data] Done reading 589089 sentences
[2019-08-10 18:27:03] [data] Done shuffling 589089 sentences to temp files
[2019-08-10 18:31:47] Ep. 5 : Up. 18000 : Sen. 127,459 : Cost 37.87544250 : Time 581.29s : 8607.10 words/s
[2019-08-10 18:41:24] Ep. 5 : Up. 20000 : Sen. 388,061 : Cost 36.54536057 : Time 576.71s : 8686.98 words/s
[2019-08-10 18:41:24] Saving model to ../experiments/10M_bicleaner_v1.1_+_bic1.1_arpa_x_dcce/model/model.npz.orig.npz
[2019-08-10 18:41:33] Saving model to ../experiments/10M_bicleaner_v1.1_+_bic1.1_arpa_x_dcce/model/model.iter20000.npz
[2019-08-10 18:41:39] Saving model to ../experiments/10M_bicleaner_v1.1_+_bic1.1_arpa_x_dcce/model/model.npz
[2019-08-10 18:41:48] Saving Adam parameters to ../experiments/10M_bicleaner_v1.1_+_bic1.1_arpa_x_dcce/model/model.npz.optimizer.npz
[2019-08-10 18:42:13] [valid] Ep. 5 : Up. 20000 : cross-entropy : 73.644 : new best
[2019-08-10 18:42:21] [valid] Ep. 5 : Up. 20000 : perplexity : 18.213 : new best
[2019-08-10 18:43:34] [valid] Ep. 5 : Up. 20000 : translation : 21.62 : new best
[2019-08-10 18:49:46] Seen 555420 samples
[2019-08-10 18:49:46] Starting epoch 6
[2019-08-10 18:49:46] [data] Shuffling data
[2019-08-10 18:49:47] [data] Done reading 589089 sentences
[2019-08-10 18:49:49] [data] Done shuffling 589089 sentences to temp files
[2019-08-10 18:53:19] Ep. 6 : Up. 22000 : Sen. 93,472 : Cost 35.36334610 : Time 714.91s : 7025.79 words/s
[2019-08-10 19:02:54] Ep. 6 : Up. 24000 : Sen. 354,641 : Cost 33.87812424 : Time 575.12s : 8714.62 words/s
[2019-08-10 19:10:13] Seen 555420 samples
[2019-08-10 19:10:13] Starting epoch 7
[2019-08-10 19:10:13] [data] Shuffling data
[2019-08-10 19:10:13] [data] Done reading 589089 sentences
[2019-08-10 19:10:15] [data] Done shuffling 589089 sentences to temp files
[2019-08-10 19:12:27] Ep. 7 : Up. 26000 : Sen. 59,079 : Cost 33.54225540 : Time 572.89s : 8734.91 words/s
[2019-08-10 19:21:59] Ep. 7 : Up. 28000 : Sen. 320,662 : Cost 32.04759216 : Time 572.60s : 8792.72 words/s
[2019-08-10 19:30:38] Seen 555420 samples
[2019-08-10 19:30:38] Starting epoch 8
[2019-08-10 19:30:38] [data] Shuffling data
[2019-08-10 19:30:38] [data] Done reading 589089 sentences
[2019-08-10 19:30:40] [data] Done shuffling 589089 sentences to temp files
[2019-08-10 19:31:38] Ep. 8 : Up. 30000 : Sen. 25,465 : Cost 31.75790405 : Time 578.66s : 8649.13 words/s
[2019-08-10 19:43:18] Ep. 8 : Up. 32000 : Sen. 287,197 : Cost 30.69228363 : Time 699.81s : 7189.69 words/s
[2019-08-10 19:52:50] Ep. 8 : Up. 34000 : Sen. 548,183 : Cost 30.60472870 : Time 571.78s : 8778.28 words/s
[2019-08-10 19:53:06] Seen 555420 samples
[2019-08-10 19:53:06] Starting epoch 9
[2019-08-10 19:53:06] [data] Shuffling data
[2019-08-10 19:53:07] [data] Done reading 589089 sentences
[2019-08-10 19:53:09] [data] Done shuffling 589089 sentences to temp files
[2019-08-10 20:02:28] Ep. 9 : Up. 36000 : Sen. 253,031 : Cost 29.31547356 : Time 578.54s : 8654.49 words/s
[2019-08-10 20:12:01] Ep. 9 : Up. 38000 : Sen. 513,603 : Cost 29.52470779 : Time 572.57s : 8771.47 words/s
[2019-08-10 20:13:31] Seen 555420 samples
[2019-08-10 20:13:31] Starting epoch 10
[2019-08-10 20:13:31] [data] Shuffling data
[2019-08-10 20:13:31] [data] Done reading 589089 sentences
[2019-08-10 20:13:33] [data] Done shuffling 589089 sentences to temp files
[2019-08-10 20:21:36] Ep. 10 : Up. 40000 : Sen. 220,050 : Cost 28.21055412 : Time 574.84s : 8725.87 words/s
[2019-08-10 20:21:36] Saving model to ../experiments/10M_bicleaner_v1.1_+_bic1.1_arpa_x_dcce/model/model.npz.orig.npz
[2019-08-10 20:21:44] Saving model to ../experiments/10M_bicleaner_v1.1_+_bic1.1_arpa_x_dcce/model/model.iter40000.npz
[2019-08-10 20:21:52] Saving model to ../experiments/10M_bicleaner_v1.1_+_bic1.1_arpa_x_dcce/model/model.npz
[2019-08-10 20:22:03] Saving Adam parameters to ../experiments/10M_bicleaner_v1.1_+_bic1.1_arpa_x_dcce/model/model.npz.optimizer.npz
[2019-08-10 20:22:27] [valid] Ep. 10 : Up. 40000 : cross-entropy : 64.69 : new best
[2019-08-10 20:22:35] [valid] Ep. 10 : Up. 40000 : perplexity : 12.7979 : new best
[2019-08-10 20:23:48] [valid] Ep. 10 : Up. 40000 : translation : 24.52 : new best
[2019-08-10 20:33:30] Ep. 10 : Up. 42000 : Sen. 481,574 : Cost 28.46253586 : Time 713.86s : 7062.39 words/s
[2019-08-10 20:36:12] Seen 555420 samples
[2019-08-10 20:36:12] Starting epoch 11
[2019-08-10 20:36:12] [data] Shuffling data
[2019-08-10 20:36:13] [data] Done reading 589089 sentences
[2019-08-10 20:36:14] [data] Done shuffling 589089 sentences to temp files
[2019-08-10 20:43:09] Ep. 11 : Up. 44000 : Sen. 187,436 : Cost 27.51975632 : Time 579.08s : 8670.60 words/s
[2019-08-10 20:52:44] Ep. 11 : Up. 46000 : Sen. 449,061 : Cost 27.38095665 : Time 575.90s : 8740.68 words/s
[2019-08-10 20:56:38] Seen 555420 samples
[2019-08-10 20:56:38] Starting epoch 12
[2019-08-10 20:56:38] [data] Shuffling data
[2019-08-10 20:56:38] [data] Done reading 589089 sentences
[2019-08-10 20:56:40] [data] Done shuffling 589089 sentences to temp files
[2019-08-10 21:02:20] Ep. 12 : Up. 48000 : Sen. 153,805 : Cost 26.49237442 : Time 575.50s : 8687.04 words/s
[2019-08-10 21:11:51] Ep. 12 : Up. 50000 : Sen. 414,474 : Cost 26.55996323 : Time 571.23s : 8787.39 words/s
[2019-08-10 21:17:01] Seen 555420 samples
[2019-08-10 21:17:01] Starting epoch 13
[2019-08-10 21:17:01] [data] Shuffling data
[2019-08-10 21:17:01] [data] Done reading 589089 sentences
[2019-08-10 21:17:04] [data] Done shuffling 589089 sentences to temp files
[2019-08-10 21:21:31] Ep. 13 : Up. 52000 : Sen. 120,231 : Cost 26.13511658 : Time 579.63s : 8644.31 words/s
[2019-08-10 21:31:03] Ep. 13 : Up. 54000 : Sen. 380,809 : Cost 25.63790512 : Time 572.53s : 8768.77 words/s
[2019-08-10 21:37:26] Seen 555420 samples
[2019-08-10 21:37:26] Starting epoch 14
[2019-08-10 21:37:26] [data] Shuffling data
[2019-08-10 21:37:27] [data] Done reading 589089 sentences
[2019-08-10 21:37:29] [data] Done shuffling 589089 sentences to temp files
[2019-08-10 21:40:41] Ep. 14 : Up. 56000 : Sen. 87,254 : Cost 25.48501968 : Time 577.94s : 8717.11 words/s
[2019-08-10 21:50:14] Ep. 14 : Up. 58000 : Sen. 348,196 : Cost 24.92965317 : Time 573.17s : 8741.16 words/s
[2019-08-10 21:57:53] Seen 555420 samples
[2019-08-10 21:57:53] Starting epoch 15
[2019-08-10 21:57:53] [data] Shuffling data
[2019-08-10 21:57:54] [data] Done reading 589089 sentences
[2019-08-10 21:57:55] [data] Done shuffling 589089 sentences to temp files
[2019-08-10 21:59:57] Ep. 15 : Up. 60000 : Sen. 53,987 : Cost 24.96103859 : Time 582.28s : 8625.90 words/s
[2019-08-10 21:59:57] Saving model to ../experiments/10M_bicleaner_v1.1_+_bic1.1_arpa_x_dcce/model/model.npz.orig.npz
[2019-08-10 22:00:05] Saving model to ../experiments/10M_bicleaner_v1.1_+_bic1.1_arpa_x_dcce/model/model.iter60000.npz
[2019-08-10 22:00:12] Saving model to ../experiments/10M_bicleaner_v1.1_+_bic1.1_arpa_x_dcce/model/model.npz
[2019-08-10 22:00:22] Saving Adam parameters to ../experiments/10M_bicleaner_v1.1_+_bic1.1_arpa_x_dcce/model/model.npz.optimizer.npz
[2019-08-10 22:00:46] [valid] Ep. 15 : Up. 60000 : cross-entropy : 62.2997 : new best
[2019-08-10 22:00:54] [valid] Ep. 15 : Up. 60000 : perplexity : 11.6474 : new best
[2019-08-10 22:02:05] [valid] Ep. 15 : Up. 60000 : translation : 25.45 : new best
[2019-08-10 22:11:46] Ep. 15 : Up. 62000 : Sen. 315,219 : Cost 24.43708992 : Time 709.32s : 7092.87 words/s
[2019-08-10 22:20:33] Seen 555420 samples
[2019-08-10 22:20:33] Starting epoch 16
[2019-08-10 22:20:33] [data] Shuffling data
[2019-08-10 22:20:34] [data] Done reading 589089 sentences
[2019-08-10 22:20:36] [data] Done shuffling 589089 sentences to temp files
[2019-08-10 22:21:28] Ep. 16 : Up. 64000 : Sen. 22,491 : Cost 24.47916222 : Time 581.69s : 8678.17 words/s
[2019-08-10 22:31:01] Ep. 16 : Up. 66000 : Sen. 282,600 : Cost 23.89940834 : Time 573.34s : 8735.00 words/s
[2019-08-10 22:40:36] Ep. 16 : Up. 68000 : Sen. 544,000 : Cost 23.98929214 : Time 574.88s : 8740.42 words/s
[2019-08-10 22:41:01] Seen 555420 samples
[2019-08-10 22:41:01] Starting epoch 17
[2019-08-10 22:41:01] [data] Shuffling data
[2019-08-10 22:41:02] [data] Done reading 589089 sentences
[2019-08-10 22:41:05] [data] Done shuffling 589089 sentences to temp files
[2019-08-10 22:50:14] Ep. 17 : Up. 70000 : Sen. 249,600 : Cost 23.10679054 : Time 578.33s : 8686.00 words/s
[2019-08-10 22:59:50] Ep. 17 : Up. 72000 : Sen. 511,800 : Cost 23.37352753 : Time 575.83s : 8744.19 words/s
[2019-08-10 23:01:27] Seen 555420 samples
[2019-08-10 23:01:27] Starting epoch 18
[2019-08-10 23:01:27] [data] Shuffling data
[2019-08-10 23:01:28] [data] Done reading 589089 sentences
[2019-08-10 23:01:30] [data] Done shuffling 589089 sentences to temp files
[2019-08-10 23:09:26] Ep. 18 : Up. 74000 : Sen. 216,239 : Cost 22.48437500 : Time 575.81s : 8666.91 words/s
[2019-08-10 23:18:59] Ep. 18 : Up. 76000 : Sen. 476,623 : Cost 22.99003029 : Time 573.05s : 8765.05 words/s
[2019-08-10 23:21:52] Seen 555420 samples
[2019-08-10 23:21:52] Starting epoch 19
[2019-08-10 23:21:52] [data] Shuffling data
[2019-08-10 23:21:52] [data] Done reading 589089 sentences
[2019-08-10 23:21:54] [data] Done shuffling 589089 sentences to temp files
[2019-08-10 23:28:39] Ep. 19 : Up. 78000 : Sen. 183,008 : Cost 22.20572853 : Time 579.62s : 8684.09 words/s
[2019-08-10 23:38:13] Ep. 19 : Up. 80000 : Sen. 443,912 : Cost 22.30460167 : Time 574.29s : 8738.42 words/s
[2019-08-10 23:38:13] Saving model to ../experiments/10M_bicleaner_v1.1_+_bic1.1_arpa_x_dcce/model/model.npz.orig.npz
[2019-08-10 23:38:22] Saving model to ../experiments/10M_bicleaner_v1.1_+_bic1.1_arpa_x_dcce/model/model.iter80000.npz
[2019-08-10 23:38:29] Saving model to ../experiments/10M_bicleaner_v1.1_+_bic1.1_arpa_x_dcce/model/model.npz
[2019-08-10 23:38:38] Saving Adam parameters to ../experiments/10M_bicleaner_v1.1_+_bic1.1_arpa_x_dcce/model/model.npz.optimizer.npz
[2019-08-10 23:39:03] [valid] Ep. 19 : Up. 80000 : cross-entropy : 61.9906 : new best
[2019-08-10 23:39:11] [valid] Ep. 19 : Up. 80000 : perplexity : 11.5064 : new best
[2019-08-10 23:40:22] [valid] Ep. 19 : Up. 80000 : translation : 25.91 : new best
[2019-08-10 23:44:30] Seen 555420 samples
[2019-08-10 23:44:30] Starting epoch 20
[2019-08-10 23:44:30] [data] Shuffling data
[2019-08-10 23:44:31] [data] Done reading 589089 sentences
[2019-08-10 23:44:33] [data] Done shuffling 589089 sentences to temp files
[2019-08-10 23:50:03] Ep. 20 : Up. 82000 : Sen. 149,862 : Cost 21.93857384 : Time 710.46s : 7070.52 words/s
[2019-08-10 23:59:41] Ep. 20 : Up. 84000 : Sen. 410,636 : Cost 21.96473503 : Time 577.40s : 8699.77 words/s
[2019-08-11 00:04:57] Seen 555420 samples
[2019-08-11 00:04:57] Starting epoch 21
[2019-08-11 00:04:57] [data] Shuffling data
[2019-08-11 00:04:57] [data] Done reading 589089 sentences
[2019-08-11 00:04:59] [data] Done shuffling 589089 sentences to temp files
[2019-08-11 00:09:19] Ep. 21 : Up. 86000 : Sen. 116,707 : Cost 21.76235199 : Time 578.56s : 8700.15 words/s
[2019-08-11 00:18:52] Ep. 21 : Up. 88000 : Sen. 378,650 : Cost 21.33090782 : Time 572.96s : 8750.02 words/s
[2019-08-11 00:25:22] Seen 555420 samples
[2019-08-11 00:25:22] Starting epoch 22
[2019-08-11 00:25:22] [data] Shuffling data
[2019-08-11 00:25:23] [data] Done reading 589089 sentences
[2019-08-11 00:25:25] [data] Done shuffling 589089 sentences to temp files
[2019-08-11 00:28:32] Ep. 22 : Up. 90000 : Sen. 84,730 : Cost 21.21881104 : Time 579.34s : 8693.70 words/s
[2019-08-11 00:38:07] Ep. 22 : Up. 92000 : Sen. 346,201 : Cost 20.89408875 : Time 575.26s : 8753.28 words/s
[2019-08-11 00:45:46] Seen 555420 samples
[2019-08-11 00:45:46] Starting epoch 23
[2019-08-11 00:45:46] [data] Shuffling data
[2019-08-11 00:45:46] [data] Done reading 589089 sentences
[2019-08-11 00:45:48] [data] Done shuffling 589089 sentences to temp files
[2019-08-11 00:47:45] Ep. 23 : Up. 94000 : Sen. 52,329 : Cost 20.79183006 : Time 577.95s : 8692.45 words/s
[2019-08-11 00:57:19] Ep. 23 : Up. 96000 : Sen. 313,293 : Cost 20.72756195 : Time 574.30s : 8750.79 words/s
[2019-08-11 01:06:10] Seen 555420 samples
[2019-08-11 01:06:10] Starting epoch 24
[2019-08-11 01:06:10] [data] Shuffling data
[2019-08-11 01:06:11] [data] Done reading 589089 sentences
[2019-08-11 01:06:13] [data] Done shuffling 589089 sentences to temp files
[2019-08-11 01:06:58] Ep. 24 : Up. 98000 : Sen. 18,758 : Cost 20.76115417 : Time 578.61s : 8669.75 words/s
[2019-08-11 01:16:33] Ep. 24 : Up. 100000 : Sen. 279,772 : Cost 19.97441101 : Time 574.93s : 8729.89 words/s
[2019-08-11 01:16:33] Saving model to ../experiments/10M_bicleaner_v1.1_+_bic1.1_arpa_x_dcce/model/model.npz.orig.npz
[2019-08-11 01:16:42] Saving model to ../experiments/10M_bicleaner_v1.1_+_bic1.1_arpa_x_dcce/model/model.iter100000.npz
[2019-08-11 01:16:49] Saving model to ../experiments/10M_bicleaner_v1.1_+_bic1.1_arpa_x_dcce/model/model.npz
[2019-08-11 01:16:58] Saving Adam parameters to ../experiments/10M_bicleaner_v1.1_+_bic1.1_arpa_x_dcce/model/model.npz.optimizer.npz
[2019-08-11 01:17:23] [valid] Ep. 24 : Up. 100000 : cross-entropy : 62.6103 : stalled 1 times (last best: 61.9906)
[2019-08-11 01:17:31] [valid] Ep. 24 : Up. 100000 : perplexity : 11.7909 : stalled 1 times (last best: 11.5064)
[2019-08-11 01:18:42] [valid] Ep. 24 : Up. 100000 : translation : 26.16 : new best
[2019-08-11 01:28:22] Ep. 24 : Up. 102000 : Sen. 540,737 : Cost 20.37690353 : Time 709.73s : 7061.91 words/s
[2019-08-11 01:28:55] Seen 555420 samples
[2019-08-11 01:28:55] Starting epoch 25
[2019-08-11 01:28:55] [data] Shuffling data
[2019-08-11 01:28:56] [data] Done reading 589089 sentences
[2019-08-11 01:28:58] [data] Done shuffling 589089 sentences to temp files
[2019-08-11 01:38:05] Ep. 25 : Up. 104000 : Sen. 245,971 : Cost 19.62604523 : Time 582.13s : 8617.37 words/s
[2019-08-11 01:47:42] Ep. 25 : Up. 106000 : Sen. 508,077 : Cost 20.21601677 : Time 577.90s : 8736.10 words/s
[2019-08-11 01:49:27] Seen 555420 samples
[2019-08-11 01:49:27] Starting epoch 26
[2019-08-11 01:49:27] [data] Shuffling data
[2019-08-11 01:49:28] [data] Done reading 589089 sentences
[2019-08-11 01:49:29] [data] Done shuffling 589089 sentences to temp files
[2019-08-11 01:57:22] Ep. 26 : Up. 108000 : Sen. 213,435 : Cost 19.44930077 : Time 579.32s : 8652.12 words/s
[2019-08-11 02:06:54] Ep. 26 : Up. 110000 : Sen. 474,697 : Cost 19.89930153 : Time 572.46s : 8765.76 words/s
[2019-08-11 02:09:53] Seen 555420 samples
[2019-08-11 02:09:53] Starting epoch 27
[2019-08-11 02:09:53] [data] Shuffling data
[2019-08-11 02:09:53] [data] Done reading 589089 sentences
[2019-08-11 02:09:55] [data] Done shuffling 589089 sentences to temp files
[2019-08-11 02:16:35] Ep. 27 : Up. 112000 : Sen. 180,503 : Cost 19.24944115 : Time 580.49s : 8656.12 words/s
[2019-08-11 02:26:13] Ep. 27 : Up. 114000 : Sen. 441,883 : Cost 19.36378098 : Time 578.16s : 8694.86 words/s
[2019-08-11 02:30:23] Seen 555420 samples
[2019-08-11 02:30:23] Starting epoch 28
[2019-08-11 02:30:23] [data] Shuffling data
[2019-08-11 02:30:24] [data] Done reading 589089 sentences
[2019-08-11 02:30:26] [data] Done shuffling 589089 sentences to temp files
[2019-08-11 02:35:50] Ep. 28 : Up. 116000 : Sen. 146,459 : Cost 19.12874603 : Time 576.77s : 8667.60 words/s
[2019-08-11 02:45:25] Ep. 28 : Up. 118000 : Sen. 407,947 : Cost 18.91256905 : Time 575.24s : 8734.53 words/s
[2019-08-11 02:50:49] Seen 555420 samples
[2019-08-11 02:50:49] Starting epoch 29
[2019-08-11 02:50:49] [data] Shuffling data
[2019-08-11 02:50:50] [data] Done reading 589089 sentences
[2019-08-11 02:50:52] [data] Done shuffling 589089 sentences to temp files
[2019-08-11 02:55:04] Ep. 29 : Up. 120000 : Sen. 114,120 : Cost 19.03914261 : Time 579.24s : 8688.47 words/s
[2019-08-11 02:55:04] Saving model to ../experiments/10M_bicleaner_v1.1_+_bic1.1_arpa_x_dcce/model/model.npz.orig.npz
[2019-08-11 02:55:13] Saving model to ../experiments/10M_bicleaner_v1.1_+_bic1.1_arpa_x_dcce/model/model.iter120000.npz
[2019-08-11 02:55:20] Saving model to ../experiments/10M_bicleaner_v1.1_+_bic1.1_arpa_x_dcce/model/model.npz
[2019-08-11 02:55:29] Saving Adam parameters to ../experiments/10M_bicleaner_v1.1_+_bic1.1_arpa_x_dcce/model/model.npz.optimizer.npz
[2019-08-11 02:55:55] [valid] Ep. 29 : Up. 120000 : cross-entropy : 63.6979 : stalled 2 times (last best: 61.9906)
[2019-08-11 02:56:03] [valid] Ep. 29 : Up. 120000 : perplexity : 12.3072 : stalled 2 times (last best: 11.5064)
[2019-08-11 02:57:13] [valid] Ep. 29 : Up. 120000 : translation : 25.88 : stalled 1 times (last best: 26.16)
[2019-08-11 03:06:52] Ep. 29 : Up. 122000 : Sen. 374,624 : Cost 18.76333427 : Time 707.78s : 7090.67 words/s
[2019-08-11 03:13:30] Seen 555420 samples
[2019-08-11 03:13:30] Starting epoch 30
[2019-08-11 03:13:30] [data] Shuffling data
[2019-08-11 03:13:30] [data] Done reading 589089 sentences
[2019-08-11 03:13:32] [data] Done shuffling 589089 sentences to temp files
[2019-08-11 03:16:33] Ep. 30 : Up. 124000 : Sen. 81,739 : Cost 18.59645081 : Time 581.07s : 8683.72 words/s
[2019-08-11 03:26:10] Ep. 30 : Up. 126000 : Sen. 342,745 : Cost 18.48594475 : Time 577.02s : 8713.36 words/s
[2019-08-11 03:33:57] Seen 555420 samples
[2019-08-11 03:33:57] Starting epoch 31
[2019-08-11 03:33:57] [data] Shuffling data
[2019-08-11 03:33:57] [data] Done reading 589089 sentences
[2019-08-11 03:33:59] [data] Done shuffling 589089 sentences to temp files
[2019-08-11 03:35:50] Ep. 31 : Up. 128000 : Sen. 49,521 : Cost 18.41711998 : Time 579.76s : 8674.16 words/s
[2019-08-11 03:45:23] Ep. 31 : Up. 130000 : Sen. 310,472 : Cost 18.12088013 : Time 573.06s : 8754.41 words/s
[2019-08-11 03:54:22] Seen 555420 samples
[2019-08-11 03:54:22] Starting epoch 32
[2019-08-11 03:54:22] [data] Shuffling data
[2019-08-11 03:54:23] [data] Done reading 589089 sentences
[2019-08-11 03:54:25] [data] Done shuffling 589089 sentences to temp files
[2019-08-11 03:55:01] Ep. 32 : Up. 132000 : Sen. 15,817 : Cost 18.39492226 : Time 578.19s : 8683.53 words/s
[2019-08-11 04:04:37] Ep. 32 : Up. 134000 : Sen. 277,167 : Cost 17.62155342 : Time 575.86s : 8736.08 words/s
[2019-08-11 04:14:11] Ep. 32 : Up. 136000 : Sen. 538,354 : Cost 18.37988853 : Time 574.40s : 8751.55 words/s
[2019-08-11 04:14:48] Seen 555420 samples
[2019-08-11 04:14:48] Starting epoch 33
[2019-08-11 04:14:48] [data] Shuffling data
[2019-08-11 04:14:49] [data] Done reading 589089 sentences
[2019-08-11 04:14:51] [data] Done shuffling 589089 sentences to temp files
[2019-08-11 04:23:48] Ep. 33 : Up. 138000 : Sen. 244,138 : Cost 17.39764786 : Time 576.97s : 8691.50 words/s
[2019-08-11 04:33:26] Ep. 33 : Up. 140000 : Sen. 506,183 : Cost 17.87293243 : Time 577.42s : 8726.10 words/s
[2019-08-11 04:33:26] Saving model to ../experiments/10M_bicleaner_v1.1_+_bic1.1_arpa_x_dcce/model/model.npz.orig.npz
[2019-08-11 04:33:35] Saving model to ../experiments/10M_bicleaner_v1.1_+_bic1.1_arpa_x_dcce/model/model.iter140000.npz
[2019-08-11 04:33:42] Saving model to ../experiments/10M_bicleaner_v1.1_+_bic1.1_arpa_x_dcce/model/model.npz
[2019-08-11 04:33:52] Saving Adam parameters to ../experiments/10M_bicleaner_v1.1_+_bic1.1_arpa_x_dcce/model/model.npz.optimizer.npz
[2019-08-11 04:34:23] [valid] Ep. 33 : Up. 140000 : cross-entropy : 64.8916 : stalled 3 times (last best: 61.9906)
[2019-08-11 04:34:31] [valid] Ep. 33 : Up. 140000 : perplexity : 12.9 : stalled 3 times (last best: 11.5064)
[2019-08-11 04:35:40] [valid] Ep. 33 : Up. 140000 : translation : 25.79 : stalled 2 times (last best: 26.16)
[2019-08-11 04:37:33] Seen 555420 samples
[2019-08-11 04:37:33] Starting epoch 34
[2019-08-11 04:37:33] [data] Shuffling data
[2019-08-11 04:37:33] [data] Done reading 589089 sentences
[2019-08-11 04:37:35] [data] Done shuffling 589089 sentences to temp files
[2019-08-11 04:45:19] Ep. 34 : Up. 142000 : Sen. 210,553 : Cost 17.30302048 : Time 713.26s : 7013.48 words/s
[2019-08-11 04:54:50] Ep. 34 : Up. 144000 : Sen. 473,063 : Cost 17.51579285 : Time 570.84s : 8828.65 words/s
[2019-08-11 04:57:49] Seen 555420 samples
[2019-08-11 04:57:49] Starting epoch 35
[2019-08-11 04:57:49] [data] Shuffling data
[2019-08-11 04:57:50] [data] Done reading 589089 sentences
[2019-08-11 04:57:52] [data] Done shuffling 589089 sentences to temp files
[2019-08-11 05:04:20] Ep. 35 : Up. 146000 : Sen. 178,119 : Cost 17.30212593 : Time 570.33s : 8783.20 words/s
[2019-08-11 05:13:52] Ep. 35 : Up. 148000 : Sen. 439,224 : Cost 17.51028252 : Time 571.66s : 8799.26 words/s
[2019-08-11 05:18:04] Seen 555420 samples
[2019-08-11 05:18:04] Starting epoch 36
[2019-08-11 05:18:04] [data] Shuffling data
[2019-08-11 05:18:04] [data] Done reading 589089 sentences
[2019-08-11 05:18:06] [data] Done shuffling 589089 sentences to temp files
[2019-08-11 05:23:27] Ep. 36 : Up. 150000 : Sen. 146,242 : Cost 17.32701302 : Time 574.75s : 8776.61 words/s
[2019-08-11 05:32:56] Ep. 36 : Up. 152000 : Sen. 405,985 : Cost 17.20761108 : Time 569.58s : 8793.27 words/s
[2019-08-11 05:38:20] Seen 555420 samples
[2019-08-11 05:38:20] Starting epoch 37
[2019-08-11 05:38:20] [data] Shuffling data
[2019-08-11 05:38:20] [data] Done reading 589089 sentences
[2019-08-11 05:38:22] [data] Done shuffling 589089 sentences to temp files
[2019-08-11 05:42:29] Ep. 37 : Up. 154000 : Sen. 112,685 : Cost 16.92569160 : Time 573.27s : 8746.92 words/s
[2019-08-11 05:51:58] Ep. 37 : Up. 156000 : Sen. 373,201 : Cost 16.83284950 : Time 568.96s : 8825.39 words/s
[2019-08-11 05:58:36] Seen 555420 samples
[2019-08-11 05:58:36] Starting epoch 38
[2019-08-11 05:58:36] [data] Shuffling data
[2019-08-11 05:58:36] [data] Done reading 589089 sentences
[2019-08-11 05:58:38] [data] Done shuffling 589089 sentences to temp files
[2019-08-11 06:01:33] Ep. 38 : Up. 158000 : Sen. 78,801 : Cost 16.98690224 : Time 574.52s : 8752.33 words/s
[2019-08-11 06:11:00] Ep. 38 : Up. 160000 : Sen. 340,673 : Cost 16.58107758 : Time 567.23s : 8846.98 words/s
[2019-08-11 06:11:00] Saving model to ../experiments/10M_bicleaner_v1.1_+_bic1.1_arpa_x_dcce/model/model.npz.orig.npz
[2019-08-11 06:11:11] Saving model to ../experiments/10M_bicleaner_v1.1_+_bic1.1_arpa_x_dcce/model/model.iter160000.npz
[2019-08-11 06:11:20] Saving model to ../experiments/10M_bicleaner_v1.1_+_bic1.1_arpa_x_dcce/model/model.npz
[2019-08-11 06:11:33] Saving Adam parameters to ../experiments/10M_bicleaner_v1.1_+_bic1.1_arpa_x_dcce/model/model.npz.optimizer.npz
[2019-08-11 06:11:57] [valid] Ep. 38 : Up. 160000 : cross-entropy : 66.2589 : stalled 4 times (last best: 61.9906)
[2019-08-11 06:12:05] [valid] Ep. 38 : Up. 160000 : perplexity : 13.6141 : stalled 4 times (last best: 11.5064)
[2019-08-11 06:13:14] [valid] Ep. 38 : Up. 160000 : translation : 25.78 : stalled 3 times (last best: 26.16)
[2019-08-11 06:21:08] Seen 555420 samples
[2019-08-11 06:21:08] Starting epoch 39
[2019-08-11 06:21:08] [data] Shuffling data
[2019-08-11 06:21:08] [data] Done reading 589089 sentences
[2019-08-11 06:21:10] [data] Done shuffling 589089 sentences to temp files
[2019-08-11 06:22:50] Ep. 39 : Up. 162000 : Sen. 45,051 : Cost 16.83159828 : Time 710.09s : 7049.01 words/s
[2019-08-11 06:32:22] Ep. 39 : Up. 164000 : Sen. 305,987 : Cost 16.50050926 : Time 571.57s : 8803.49 words/s
[2019-08-11 06:41:25] Seen 555420 samples
[2019-08-11 06:41:25] Starting epoch 40
[2019-08-11 06:41:25] [data] Shuffling data
[2019-08-11 06:41:26] [data] Done reading 589089 sentences
[2019-08-11 06:41:30] [data] Done shuffling 589089 sentences to temp files
[2019-08-11 06:42:00] Ep. 40 : Up. 166000 : Sen. 11,964 : Cost 16.84889603 : Time 578.38s : 8666.80 words/s
[2019-08-11 06:51:31] Ep. 40 : Up. 168000 : Sen. 272,775 : Cost 16.07664871 : Time 570.93s : 8811.19 words/s
[2019-08-11 07:00:56] Ep. 40 : Up. 170000 : Sen. 533,741 : Cost 16.63244820 : Time 565.14s : 8867.22 words/s
[2019-08-11 07:01:43] Seen 555420 samples
[2019-08-11 07:01:43] Starting epoch 41
[2019-08-11 07:01:43] [data] Shuffling data
[2019-08-11 07:01:44] [data] Done reading 589089 sentences
[2019-08-11 07:01:46] [data] Done shuffling 589089 sentences to temp files
[2019-08-11 07:10:34] Ep. 41 : Up. 172000 : Sen. 239,719 : Cost 16.00974655 : Time 577.28s : 8706.94 words/s
[2019-08-11 07:20:05] Ep. 41 : Up. 174000 : Sen. 501,409 : Cost 16.16661835 : Time 571.81s : 8790.72 words/s
[2019-08-11 07:22:05] Seen 555420 samples
[2019-08-11 07:22:05] Starting epoch 42
[2019-08-11 07:22:05] [data] Shuffling data
[2019-08-11 07:22:05] [data] Done reading 589089 sentences
[2019-08-11 07:22:07] [data] Done shuffling 589089 sentences to temp files
[2019-08-11 07:29:45] Ep. 42 : Up. 176000 : Sen. 206,505 : Cost 15.68636608 : Time 579.44s : 8647.50 words/s
[2019-08-11 07:39:12] Ep. 42 : Up. 178000 : Sen. 467,925 : Cost 16.16239929 : Time 567.19s : 8865.65 words/s
[2019-08-11 07:42:24] Seen 555420 samples
[2019-08-11 07:42:24] Starting epoch 43
[2019-08-11 07:42:24] [data] Shuffling data
[2019-08-11 07:42:24] [data] Done reading 589089 sentences
[2019-08-11 07:42:26] [data] Done shuffling 589089 sentences to temp files
[2019-08-11 07:48:44] Ep. 43 : Up. 180000 : Sen. 172,800 : Cost 15.64749432 : Time 572.31s : 8742.56 words/s
[2019-08-11 07:48:44] Saving model to ../experiments/10M_bicleaner_v1.1_+_bic1.1_arpa_x_dcce/model/model.npz.orig.npz
[2019-08-11 07:49:02] Saving model to ../experiments/10M_bicleaner_v1.1_+_bic1.1_arpa_x_dcce/model/model.iter180000.npz
[2019-08-11 07:49:16] Saving model to ../experiments/10M_bicleaner_v1.1_+_bic1.1_arpa_x_dcce/model/model.npz
[2019-08-11 07:49:29] Saving Adam parameters to ../experiments/10M_bicleaner_v1.1_+_bic1.1_arpa_x_dcce/model/model.npz.optimizer.npz
[2019-08-11 07:50:01] [valid] Ep. 43 : Up. 180000 : cross-entropy : 67.7567 : stalled 5 times (last best: 61.9906)
[2019-08-11 07:50:09] [valid] Ep. 43 : Up. 180000 : perplexity : 14.4419 : stalled 5 times (last best: 11.5064)
[2019-08-11 07:51:18] [valid] Ep. 43 : Up. 180000 : translation : 25.49 : stalled 4 times (last best: 26.16)
[2019-08-11 07:51:20] Training finished
[2019-08-11 07:51:23] Saving model to ../experiments/10M_bicleaner_v1.1_+_bic1.1_arpa_x_dcce/model/model.npz.orig.npz
[2019-08-11 07:51:33] Saving model to ../experiments/10M_bicleaner_v1.1_+_bic1.1_arpa_x_dcce/model/model.npz
[2019-08-11 07:51:42] Saving Adam parameters to ../experiments/10M_bicleaner_v1.1_+_bic1.1_arpa_x_dcce/model/model.npz.optimizer.npz
