[2019-07-12 10:55:40] [marian] Marian v1.7.8 ec2d66e 2019-05-27 14:52:11 +0100
[2019-07-12 10:55:40] [marian] Running on bil as process 298875 with command line:
[2019-07-12 10:55:40] [marian] /fs/bil0/abdel/marian-dev/build/marian --sync-sgd --model ../experiments/100M_fasttext_prob_x_len_+_bic1.1_x_ced_0.25_x_dcce_ens1/model/model.npz -T . --devices 0 1 --train-sets ../experiments/100M_fasttext_prob_x_len_+_bic1.1_x_ced_0.25_x_dcce_ens1/data/train.bpe.de ../experiments/100M_fasttext_prob_x_len_+_bic1.1_x_ced_0.25_x_dcce_ens1/data/train.bpe.en --vocabs ../experiments/100M_fasttext_prob_x_len_+_bic1.1_x_ced_0.25_x_dcce_ens1/data/train.bpe.de.json ../experiments/100M_fasttext_prob_x_len_+_bic1.1_x_ced_0.25_x_dcce_ens1/data/train.bpe.en.json --mini-batch-fit -w 6000 --dim-vocabs 50000 50000 --layer-normalization --dropout-rnn 0.2 --dropout-src 0.1 --dropout-trg 0.1 --learn-rate 0.0001 --after-epochs 0 --early-stopping 5 --valid-freq 20000 --save-freq 20000 --disp-freq 2000 --valid-mini-batch 8 --valid-sets ../experiments/100M_fasttext_prob_x_len_+_bic1.1_x_ced_0.25_x_dcce_ens1/data/dev.bpe.de ../experiments/100M_fasttext_prob_x_len_+_bic1.1_x_ced_0.25_x_dcce_ens1/data/dev.bpe.en --valid-metrics cross-entropy perplexity translation --valid-translation-output ../experiments/100M_fasttext_prob_x_len_+_bic1.1_x_ced_0.25_x_dcce_ens1/model/dev.out --valid-script-path ../experiments/100M_fasttext_prob_x_len_+_bic1.1_x_ced_0.25_x_dcce_ens1/score-dev.sh --seed 1111 --exponential-smoothing --normalize=1 --beam-size=12 --quiet-translation --log ../experiments/100M_fasttext_prob_x_len_+_bic1.1_x_ced_0.25_x_dcce_ens1/model/train.log --valid-log ../experiments/100M_fasttext_prob_x_len_+_bic1.1_x_ced_0.25_x_dcce_ens1/model/valid.log
[2019-07-12 10:55:40] [config] after-batches: 0
[2019-07-12 10:55:40] [config] after-epochs: 0
[2019-07-12 10:55:40] [config] allow-unk: false
[2019-07-12 10:55:40] [config] beam-size: 12
[2019-07-12 10:55:40] [config] bert-class-symbol: "[CLS]"
[2019-07-12 10:55:40] [config] bert-mask-symbol: "[MASK]"
[2019-07-12 10:55:40] [config] bert-masking-fraction: 0.15
[2019-07-12 10:55:40] [config] bert-sep-symbol: "[SEP]"
[2019-07-12 10:55:40] [config] bert-train-type-embeddings: true
[2019-07-12 10:55:40] [config] bert-type-vocab-size: 2
[2019-07-12 10:55:40] [config] best-deep: false
[2019-07-12 10:55:40] [config] clip-gemm: 0
[2019-07-12 10:55:40] [config] clip-norm: 1
[2019-07-12 10:55:40] [config] cost-type: ce-mean
[2019-07-12 10:55:40] [config] cpu-threads: 0
[2019-07-12 10:55:40] [config] data-weighting: ""
[2019-07-12 10:55:40] [config] data-weighting-type: sentence
[2019-07-12 10:55:40] [config] dec-cell: gru
[2019-07-12 10:55:40] [config] dec-cell-base-depth: 2
[2019-07-12 10:55:40] [config] dec-cell-high-depth: 1
[2019-07-12 10:55:40] [config] dec-depth: 1
[2019-07-12 10:55:40] [config] devices:
[2019-07-12 10:55:40] [config]   - 0
[2019-07-12 10:55:40] [config]   - 1
[2019-07-12 10:55:40] [config] dim-emb: 512
[2019-07-12 10:55:40] [config] dim-rnn: 1024
[2019-07-12 10:55:40] [config] dim-vocabs:
[2019-07-12 10:55:40] [config]   - 50000
[2019-07-12 10:55:40] [config]   - 50000
[2019-07-12 10:55:40] [config] disp-first: 0
[2019-07-12 10:55:40] [config] disp-freq: 2000
[2019-07-12 10:55:40] [config] disp-label-counts: false
[2019-07-12 10:55:40] [config] dropout-rnn: 0.2
[2019-07-12 10:55:40] [config] dropout-src: 0.1
[2019-07-12 10:55:40] [config] dropout-trg: 0.1
[2019-07-12 10:55:40] [config] dump-config: ""
[2019-07-12 10:55:40] [config] early-stopping: 5
[2019-07-12 10:55:40] [config] embedding-fix-src: false
[2019-07-12 10:55:40] [config] embedding-fix-trg: false
[2019-07-12 10:55:40] [config] embedding-normalization: false
[2019-07-12 10:55:40] [config] embedding-vectors:
[2019-07-12 10:55:40] [config]   []
[2019-07-12 10:55:40] [config] enc-cell: gru
[2019-07-12 10:55:40] [config] enc-cell-depth: 1
[2019-07-12 10:55:40] [config] enc-depth: 1
[2019-07-12 10:55:40] [config] enc-type: bidirectional
[2019-07-12 10:55:40] [config] exponential-smoothing: 0.0001
[2019-07-12 10:55:40] [config] grad-dropping-momentum: 0
[2019-07-12 10:55:40] [config] grad-dropping-rate: 0
[2019-07-12 10:55:40] [config] grad-dropping-warmup: 100
[2019-07-12 10:55:40] [config] guided-alignment: none
[2019-07-12 10:55:40] [config] guided-alignment-cost: mse
[2019-07-12 10:55:40] [config] guided-alignment-weight: 0.1
[2019-07-12 10:55:40] [config] ignore-model-config: false
[2019-07-12 10:55:40] [config] input-types:
[2019-07-12 10:55:40] [config]   []
[2019-07-12 10:55:40] [config] interpolate-env-vars: false
[2019-07-12 10:55:40] [config] keep-best: false
[2019-07-12 10:55:40] [config] label-smoothing: 0
[2019-07-12 10:55:40] [config] layer-normalization: true
[2019-07-12 10:55:40] [config] learn-rate: 0.0001
[2019-07-12 10:55:40] [config] log: ../experiments/100M_fasttext_prob_x_len_+_bic1.1_x_ced_0.25_x_dcce_ens1/model/train.log
[2019-07-12 10:55:40] [config] log-level: info
[2019-07-12 10:55:40] [config] log-time-zone: ""
[2019-07-12 10:55:40] [config] lr-decay: 0
[2019-07-12 10:55:40] [config] lr-decay-freq: 50000
[2019-07-12 10:55:40] [config] lr-decay-inv-sqrt:
[2019-07-12 10:55:40] [config]   - 0
[2019-07-12 10:55:40] [config] lr-decay-repeat-warmup: false
[2019-07-12 10:55:40] [config] lr-decay-reset-optimizer: false
[2019-07-12 10:55:40] [config] lr-decay-start:
[2019-07-12 10:55:40] [config]   - 10
[2019-07-12 10:55:40] [config]   - 1
[2019-07-12 10:55:40] [config] lr-decay-strategy: epoch+stalled
[2019-07-12 10:55:40] [config] lr-report: false
[2019-07-12 10:55:40] [config] lr-warmup: 0
[2019-07-12 10:55:40] [config] lr-warmup-at-reload: false
[2019-07-12 10:55:40] [config] lr-warmup-cycle: false
[2019-07-12 10:55:40] [config] lr-warmup-start-rate: 0
[2019-07-12 10:55:40] [config] max-length: 50
[2019-07-12 10:55:40] [config] max-length-crop: false
[2019-07-12 10:55:40] [config] max-length-factor: 3
[2019-07-12 10:55:40] [config] maxi-batch: 100
[2019-07-12 10:55:40] [config] maxi-batch-sort: trg
[2019-07-12 10:55:40] [config] mini-batch: 64
[2019-07-12 10:55:40] [config] mini-batch-fit: true
[2019-07-12 10:55:40] [config] mini-batch-fit-step: 10
[2019-07-12 10:55:40] [config] mini-batch-overstuff: 1
[2019-07-12 10:55:40] [config] mini-batch-track-lr: false
[2019-07-12 10:55:40] [config] mini-batch-understuff: 1
[2019-07-12 10:55:40] [config] mini-batch-warmup: 0
[2019-07-12 10:55:40] [config] mini-batch-words: 0
[2019-07-12 10:55:40] [config] mini-batch-words-ref: 0
[2019-07-12 10:55:40] [config] model: ../experiments/100M_fasttext_prob_x_len_+_bic1.1_x_ced_0.25_x_dcce_ens1/model/model.npz
[2019-07-12 10:55:40] [config] multi-loss-type: sum
[2019-07-12 10:55:40] [config] multi-node: false
[2019-07-12 10:55:40] [config] multi-node-overlap: true
[2019-07-12 10:55:40] [config] n-best: false
[2019-07-12 10:55:40] [config] no-nccl: false
[2019-07-12 10:55:40] [config] no-reload: false
[2019-07-12 10:55:40] [config] no-restore-corpus: false
[2019-07-12 10:55:40] [config] no-shuffle: false
[2019-07-12 10:55:40] [config] normalize: 1
[2019-07-12 10:55:40] [config] num-devices: 0
[2019-07-12 10:55:40] [config] optimizer: adam
[2019-07-12 10:55:40] [config] optimizer-delay: 1
[2019-07-12 10:55:40] [config] optimizer-params:
[2019-07-12 10:55:40] [config]   []
[2019-07-12 10:55:40] [config] overwrite: false
[2019-07-12 10:55:40] [config] pretrained-model: ""
[2019-07-12 10:55:40] [config] quiet: false
[2019-07-12 10:55:40] [config] quiet-translation: true
[2019-07-12 10:55:40] [config] relative-paths: false
[2019-07-12 10:55:40] [config] right-left: false
[2019-07-12 10:55:40] [config] save-freq: 20000
[2019-07-12 10:55:40] [config] seed: 1111
[2019-07-12 10:55:40] [config] shuffle-in-ram: false
[2019-07-12 10:55:40] [config] skip: false
[2019-07-12 10:55:40] [config] sqlite: ""
[2019-07-12 10:55:40] [config] sqlite-drop: false
[2019-07-12 10:55:40] [config] sync-sgd: true
[2019-07-12 10:55:40] [config] tempdir: .
[2019-07-12 10:55:40] [config] tied-embeddings: false
[2019-07-12 10:55:40] [config] tied-embeddings-all: false
[2019-07-12 10:55:40] [config] tied-embeddings-src: false
[2019-07-12 10:55:40] [config] train-sets:
[2019-07-12 10:55:40] [config]   - ../experiments/100M_fasttext_prob_x_len_+_bic1.1_x_ced_0.25_x_dcce_ens1/data/train.bpe.de
[2019-07-12 10:55:40] [config]   - ../experiments/100M_fasttext_prob_x_len_+_bic1.1_x_ced_0.25_x_dcce_ens1/data/train.bpe.en
[2019-07-12 10:55:40] [config] transformer-aan-activation: swish
[2019-07-12 10:55:40] [config] transformer-aan-depth: 2
[2019-07-12 10:55:40] [config] transformer-aan-nogate: false
[2019-07-12 10:55:40] [config] transformer-decoder-autoreg: self-attention
[2019-07-12 10:55:40] [config] transformer-dim-aan: 2048
[2019-07-12 10:55:40] [config] transformer-dim-ffn: 2048
[2019-07-12 10:55:40] [config] transformer-dropout: 0
[2019-07-12 10:55:40] [config] transformer-dropout-attention: 0
[2019-07-12 10:55:40] [config] transformer-dropout-ffn: 0
[2019-07-12 10:55:40] [config] transformer-ffn-activation: swish
[2019-07-12 10:55:40] [config] transformer-ffn-depth: 2
[2019-07-12 10:55:40] [config] transformer-guided-alignment-layer: last
[2019-07-12 10:55:40] [config] transformer-heads: 8
[2019-07-12 10:55:40] [config] transformer-no-projection: false
[2019-07-12 10:55:40] [config] transformer-postprocess: dan
[2019-07-12 10:55:40] [config] transformer-postprocess-emb: d
[2019-07-12 10:55:40] [config] transformer-preprocess: ""
[2019-07-12 10:55:40] [config] transformer-tied-layers:
[2019-07-12 10:55:40] [config]   []
[2019-07-12 10:55:40] [config] transformer-train-position-embeddings: false
[2019-07-12 10:55:40] [config] type: amun
[2019-07-12 10:55:40] [config] ulr: false
[2019-07-12 10:55:40] [config] ulr-dim-emb: 0
[2019-07-12 10:55:40] [config] ulr-dropout: 0
[2019-07-12 10:55:40] [config] ulr-keys-vectors: ""
[2019-07-12 10:55:40] [config] ulr-query-vectors: ""
[2019-07-12 10:55:40] [config] ulr-softmax-temperature: 1
[2019-07-12 10:55:40] [config] ulr-trainable-transformation: false
[2019-07-12 10:55:40] [config] valid-freq: 20000
[2019-07-12 10:55:40] [config] valid-log: ../experiments/100M_fasttext_prob_x_len_+_bic1.1_x_ced_0.25_x_dcce_ens1/model/valid.log
[2019-07-12 10:55:40] [config] valid-max-length: 1000
[2019-07-12 10:55:40] [config] valid-metrics:
[2019-07-12 10:55:40] [config]   - cross-entropy
[2019-07-12 10:55:40] [config]   - perplexity
[2019-07-12 10:55:40] [config]   - translation
[2019-07-12 10:55:40] [config] valid-mini-batch: 8
[2019-07-12 10:55:40] [config] valid-script-path: ../experiments/100M_fasttext_prob_x_len_+_bic1.1_x_ced_0.25_x_dcce_ens1/score-dev.sh
[2019-07-12 10:55:40] [config] valid-sets:
[2019-07-12 10:55:40] [config]   - ../experiments/100M_fasttext_prob_x_len_+_bic1.1_x_ced_0.25_x_dcce_ens1/data/dev.bpe.de
[2019-07-12 10:55:40] [config]   - ../experiments/100M_fasttext_prob_x_len_+_bic1.1_x_ced_0.25_x_dcce_ens1/data/dev.bpe.en
[2019-07-12 10:55:40] [config] valid-translation-output: ../experiments/100M_fasttext_prob_x_len_+_bic1.1_x_ced_0.25_x_dcce_ens1/model/dev.out
[2019-07-12 10:55:40] [config] vocabs:
[2019-07-12 10:55:40] [config]   - ../experiments/100M_fasttext_prob_x_len_+_bic1.1_x_ced_0.25_x_dcce_ens1/data/train.bpe.de.json
[2019-07-12 10:55:40] [config]   - ../experiments/100M_fasttext_prob_x_len_+_bic1.1_x_ced_0.25_x_dcce_ens1/data/train.bpe.en.json
[2019-07-12 10:55:40] [config] word-penalty: 0
[2019-07-12 10:55:40] [config] workspace: 6000
[2019-07-12 10:55:40] [config] Model is being created with Marian v1.7.8 ec2d66e 2019-05-27 14:52:11 +0100
[2019-07-12 10:55:40] Using synchronous training
[2019-07-12 10:55:40] [data] Loading vocabulary from JSON/Yaml file ../experiments/100M_fasttext_prob_x_len_+_bic1.1_x_ced_0.25_x_dcce_ens1/data/train.bpe.de.json
[2019-07-12 10:55:41] [data] Using unused word id eos for 0
[2019-07-12 10:55:41] [data] Using unused word id UNK for 1
[2019-07-12 10:55:41] [data] Setting vocabulary size for input 0 to 50000
[2019-07-12 10:55:41] [data] Loading vocabulary from JSON/Yaml file ../experiments/100M_fasttext_prob_x_len_+_bic1.1_x_ced_0.25_x_dcce_ens1/data/train.bpe.en.json
[2019-07-12 10:55:41] [data] Using unused word id eos for 0
[2019-07-12 10:55:41] [data] Using unused word id UNK for 1
[2019-07-12 10:55:41] [data] Setting vocabulary size for input 1 to 50000
[2019-07-12 10:55:41] Compiled without MPI support. Falling back to FakeMPIWrapper
[2019-07-12 10:55:41] [batching] Collecting statistics for batch fitting with step size 10
[2019-07-12 10:55:43] [memory] Extending reserved space to 6016 MB (device gpu0)
[2019-07-12 10:55:45] [memory] Extending reserved space to 6016 MB (device gpu1)
[2019-07-12 10:55:45] [comm] Using NCCL 2.4.2 for GPU communication
[2019-07-12 10:55:46] [comm] NCCLCommunicator constructed successfully.
[2019-07-12 10:55:46] [training] Using 2 GPUs
[2019-07-12 10:55:46] [memory] Reserving 422 MB, device gpu0
[2019-07-12 10:55:46] [gpu] 16-bit TensorCores enabled for float32 matrix operations
[2019-07-12 10:55:46] [memory] Reserving 422 MB, device gpu0
[2019-07-12 10:55:51] [batching] Done. Typical MB size is 16192 target words
[2019-07-12 10:55:51] [memory] Extending reserved space to 6016 MB (device gpu0)
[2019-07-12 10:55:51] [memory] Extending reserved space to 6016 MB (device gpu1)
[2019-07-12 10:55:51] [comm] Using NCCL 2.4.2 for GPU communication
[2019-07-12 10:55:51] [comm] NCCLCommunicator constructed successfully.
[2019-07-12 10:55:51] [training] Using 2 GPUs
[2019-07-12 10:55:51] Training started
[2019-07-12 10:55:51] [data] Shuffling data
[2019-07-12 10:55:55] [data] Done reading 4252372 sentences
[2019-07-12 10:56:16] [data] Done shuffling 4252372 sentences to temp files
[2019-07-12 10:56:17] [training] Batches are processed as 1 process(es) x 2 devices/process
[2019-07-12 10:56:17] [memory] Reserving 422 MB, device gpu1
[2019-07-12 10:56:17] [memory] Reserving 422 MB, device gpu0
[2019-07-12 10:56:18] [memory] Reserving 422 MB, device gpu0
[2019-07-12 10:56:18] [memory] Reserving 422 MB, device gpu1
[2019-07-12 10:56:18] [memory] Reserving 211 MB, device gpu0
[2019-07-12 10:56:18] [memory] Reserving 211 MB, device gpu1
[2019-07-12 10:56:18] [memory] Reserving 422 MB, device gpu0
[2019-07-12 10:56:18] [memory] Reserving 422 MB, device gpu1
[2019-07-12 11:09:30] Ep. 1 : Up. 2000 : Sen. 685,974 : Cost 142.62553406 : Time 828.75s : 20900.16 words/s
[2019-07-12 11:22:43] Ep. 1 : Up. 4000 : Sen. 1,369,600 : Cost 108.81403351 : Time 792.83s : 21820.09 words/s
[2019-07-12 11:35:55] Ep. 1 : Up. 6000 : Sen. 2,053,456 : Cost 93.26294708 : Time 792.54s : 21835.11 words/s
[2019-07-12 11:49:07] Ep. 1 : Up. 8000 : Sen. 2,736,338 : Cost 84.45919037 : Time 791.80s : 21792.66 words/s
[2019-07-12 12:02:04] Seen 3406224 samples
[2019-07-12 12:02:04] Starting epoch 2
[2019-07-12 12:02:04] [data] Shuffling data
[2019-07-12 12:02:08] [data] Done reading 4252372 sentences
[2019-07-12 12:02:30] [data] Done shuffling 4252372 sentences to temp files
[2019-07-12 12:02:48] Ep. 2 : Up. 10000 : Sen. 13,754 : Cost 79.15531921 : Time 820.62s : 21097.26 words/s
[2019-07-12 12:16:00] Ep. 2 : Up. 12000 : Sen. 696,964 : Cost 74.82441711 : Time 792.23s : 21795.58 words/s
[2019-07-12 12:29:12] Ep. 2 : Up. 14000 : Sen. 1,379,954 : Cost 72.34676361 : Time 792.41s : 21798.66 words/s
[2019-07-12 12:42:25] Ep. 2 : Up. 16000 : Sen. 2,063,608 : Cost 70.09627533 : Time 792.56s : 21808.88 words/s
[2019-07-12 12:55:37] Ep. 2 : Up. 18000 : Sen. 2,745,600 : Cost 68.48060608 : Time 791.71s : 21783.03 words/s
[2019-07-12 13:08:23] Seen 3406224 samples
[2019-07-12 13:08:23] Starting epoch 3
[2019-07-12 13:08:23] [data] Shuffling data
[2019-07-12 13:08:26] [data] Done reading 4252372 sentences
[2019-07-12 13:08:47] [data] Done shuffling 4252372 sentences to temp files
[2019-07-12 13:09:15] Ep. 3 : Up. 20000 : Sen. 22,660 : Cost 67.13402557 : Time 818.84s : 21114.59 words/s
[2019-07-12 13:09:15] Saving model to ../experiments/100M_fasttext_prob_x_len_+_bic1.1_x_ced_0.25_x_dcce_ens1/model/model.npz.orig.npz
[2019-07-12 13:09:21] Saving model to ../experiments/100M_fasttext_prob_x_len_+_bic1.1_x_ced_0.25_x_dcce_ens1/model/model.iter20000.npz
[2019-07-12 13:09:23] Saving model to ../experiments/100M_fasttext_prob_x_len_+_bic1.1_x_ced_0.25_x_dcce_ens1/model/model.npz
[2019-07-12 13:09:29] Saving Adam parameters to ../experiments/100M_fasttext_prob_x_len_+_bic1.1_x_ced_0.25_x_dcce_ens1/model/model.npz.optimizer.npz
[2019-07-12 13:09:45] [valid] Ep. 3 : Up. 20000 : cross-entropy : 60.3834 : new best
[2019-07-12 13:09:48] [valid] Ep. 3 : Up. 20000 : perplexity : 10.8658 : new best
[2019-07-12 13:10:35] [valid] Ep. 3 : Up. 20000 : translation : 26.6 : new best
[2019-07-12 13:23:52] Ep. 3 : Up. 22000 : Sen. 706,090 : Cost 65.06622314 : Time 876.15s : 19715.51 words/s
[2019-07-12 13:37:07] Ep. 3 : Up. 24000 : Sen. 1,389,436 : Cost 64.30329895 : Time 795.26s : 21731.81 words/s
[2019-07-12 13:50:21] Ep. 3 : Up. 26000 : Sen. 2,072,010 : Cost 63.35573196 : Time 794.31s : 21732.15 words/s
[2019-07-12 14:03:37] Ep. 3 : Up. 28000 : Sen. 2,755,576 : Cost 62.63223648 : Time 795.47s : 21742.29 words/s
[2019-07-12 14:16:14] Seen 3406224 samples
[2019-07-12 14:16:14] Starting epoch 4
[2019-07-12 14:16:14] [data] Shuffling data
[2019-07-12 14:16:17] [data] Done reading 4252372 sentences
[2019-07-12 14:16:40] [data] Done shuffling 4252372 sentences to temp files
[2019-07-12 14:17:19] Ep. 4 : Up. 30000 : Sen. 32,856 : Cost 61.90330505 : Time 822.40s : 20997.36 words/s
[2019-07-12 14:30:34] Ep. 4 : Up. 32000 : Sen. 716,394 : Cost 60.57329941 : Time 794.86s : 21748.86 words/s
[2019-07-12 14:43:52] Ep. 4 : Up. 34000 : Sen. 1,403,866 : Cost 60.24372101 : Time 797.72s : 21811.17 words/s
[2019-07-12 14:57:03] Ep. 4 : Up. 36000 : Sen. 2,085,739 : Cost 59.83425140 : Time 791.89s : 21769.00 words/s
[2019-07-12 15:10:17] Ep. 4 : Up. 38000 : Sen. 2,770,882 : Cost 59.19644928 : Time 793.92s : 21811.41 words/s
[2019-07-12 15:22:35] Seen 3406224 samples
[2019-07-12 15:22:35] Starting epoch 5
[2019-07-12 15:22:35] [data] Shuffling data
[2019-07-12 15:22:38] [data] Done reading 4252372 sentences
[2019-07-12 15:23:00] [data] Done shuffling 4252372 sentences to temp files
[2019-07-12 15:23:58] Ep. 5 : Up. 40000 : Sen. 48,886 : Cost 58.87252045 : Time 820.17s : 21093.01 words/s
[2019-07-12 15:23:58] Saving model to ../experiments/100M_fasttext_prob_x_len_+_bic1.1_x_ced_0.25_x_dcce_ens1/model/model.npz.orig.npz
[2019-07-12 15:24:04] Saving model to ../experiments/100M_fasttext_prob_x_len_+_bic1.1_x_ced_0.25_x_dcce_ens1/model/model.iter40000.npz
[2019-07-12 15:24:06] Saving model to ../experiments/100M_fasttext_prob_x_len_+_bic1.1_x_ced_0.25_x_dcce_ens1/model/model.npz
[2019-07-12 15:24:12] Saving Adam parameters to ../experiments/100M_fasttext_prob_x_len_+_bic1.1_x_ced_0.25_x_dcce_ens1/model/model.npz.optimizer.npz
[2019-07-12 15:24:31] [valid] Ep. 5 : Up. 40000 : cross-entropy : 52.7459 : new best
[2019-07-12 15:24:34] [valid] Ep. 5 : Up. 40000 : perplexity : 8.03555 : new best
[2019-07-12 15:25:21] [valid] Ep. 5 : Up. 40000 : translation : 29.29 : new best
[2019-07-12 15:38:39] Ep. 5 : Up. 42000 : Sen. 735,603 : Cost 57.62263107 : Time 881.12s : 19715.25 words/s
[2019-07-12 15:51:51] Ep. 5 : Up. 44000 : Sen. 1,416,714 : Cost 57.57538986 : Time 791.86s : 21767.53 words/s
[2019-07-12 16:05:04] Ep. 5 : Up. 46000 : Sen. 2,101,010 : Cost 57.32051468 : Time 793.74s : 21788.57 words/s
[2019-07-12 16:18:16] Ep. 5 : Up. 48000 : Sen. 2,784,318 : Cost 57.14393997 : Time 791.99s : 21814.74 words/s
[2019-07-12 16:30:18] Seen 3406224 samples
[2019-07-12 16:30:18] Starting epoch 6
[2019-07-12 16:30:18] [data] Shuffling data
[2019-07-12 16:30:21] [data] Done reading 4252372 sentences
[2019-07-12 16:30:42] [data] Done shuffling 4252372 sentences to temp files
[2019-07-12 16:31:54] Ep. 6 : Up. 50000 : Sen. 61,088 : Cost 56.77779388 : Time 817.77s : 21112.47 words/s
[2019-07-12 16:45:08] Ep. 6 : Up. 52000 : Sen. 745,850 : Cost 55.73406982 : Time 793.69s : 21814.61 words/s
[2019-07-12 16:58:22] Ep. 6 : Up. 54000 : Sen. 1,430,978 : Cost 55.81289291 : Time 794.73s : 21836.22 words/s
[2019-07-12 17:11:33] Ep. 6 : Up. 56000 : Sen. 2,110,410 : Cost 55.37046051 : Time 790.57s : 21693.46 words/s
[2019-07-12 17:24:49] Ep. 6 : Up. 58000 : Sen. 2,797,744 : Cost 55.53276825 : Time 795.85s : 21845.92 words/s
[2019-07-12 17:36:35] Seen 3406224 samples
[2019-07-12 17:36:35] Starting epoch 7
[2019-07-12 17:36:35] [data] Shuffling data
[2019-07-12 17:36:39] [data] Done reading 4252372 sentences
[2019-07-12 17:37:00] [data] Done shuffling 4252372 sentences to temp files
[2019-07-12 17:38:28] Ep. 7 : Up. 60000 : Sen. 75,210 : Cost 55.18356705 : Time 819.14s : 21103.95 words/s
[2019-07-12 17:38:28] Saving model to ../experiments/100M_fasttext_prob_x_len_+_bic1.1_x_ced_0.25_x_dcce_ens1/model/model.npz.orig.npz
[2019-07-12 17:38:34] Saving model to ../experiments/100M_fasttext_prob_x_len_+_bic1.1_x_ced_0.25_x_dcce_ens1/model/model.iter60000.npz
[2019-07-12 17:38:37] Saving model to ../experiments/100M_fasttext_prob_x_len_+_bic1.1_x_ced_0.25_x_dcce_ens1/model/model.npz
[2019-07-12 17:38:43] Saving Adam parameters to ../experiments/100M_fasttext_prob_x_len_+_bic1.1_x_ced_0.25_x_dcce_ens1/model/model.npz.optimizer.npz
[2019-07-12 17:39:01] [valid] Ep. 7 : Up. 60000 : cross-entropy : 49.8558 : new best
[2019-07-12 17:39:04] [valid] Ep. 7 : Up. 60000 : perplexity : 7.16847 : new best
[2019-07-12 17:39:51] [valid] Ep. 7 : Up. 60000 : translation : 30.32 : new best
[2019-07-12 17:53:06] Ep. 7 : Up. 62000 : Sen. 759,374 : Cost 54.14566803 : Time 878.24s : 19687.31 words/s
[2019-07-12 18:06:20] Ep. 7 : Up. 64000 : Sen. 1,442,912 : Cost 54.31941986 : Time 793.27s : 21822.19 words/s
[2019-07-12 18:19:32] Ep. 7 : Up. 66000 : Sen. 2,125,206 : Cost 54.23827362 : Time 792.56s : 21766.55 words/s
[2019-07-12 18:32:46] Ep. 7 : Up. 68000 : Sen. 2,810,006 : Cost 54.14532852 : Time 794.22s : 21812.63 words/s
[2019-07-12 18:44:20] Seen 3406224 samples
[2019-07-12 18:44:20] Starting epoch 8
[2019-07-12 18:44:20] [data] Shuffling data
[2019-07-12 18:44:23] [data] Done reading 4252372 sentences
[2019-07-12 18:44:43] [data] Done shuffling 4252372 sentences to temp files
[2019-07-12 18:46:24] Ep. 8 : Up. 70000 : Sen. 84,938 : Cost 54.02860260 : Time 817.94s : 21065.18 words/s
[2019-07-12 18:59:35] Ep. 8 : Up. 72000 : Sen. 766,668 : Cost 53.09204102 : Time 790.75s : 21809.14 words/s
[2019-07-12 19:12:49] Ep. 8 : Up. 74000 : Sen. 1,450,408 : Cost 53.26044464 : Time 794.05s : 21798.28 words/s
[2019-07-12 19:26:01] Ep. 8 : Up. 76000 : Sen. 2,133,328 : Cost 53.04708481 : Time 792.31s : 21765.11 words/s
[2019-07-12 19:39:14] Ep. 8 : Up. 78000 : Sen. 2,815,622 : Cost 53.05331802 : Time 792.70s : 21757.24 words/s
[2019-07-12 19:50:41] Seen 3406224 samples
[2019-07-12 19:50:41] Starting epoch 9
[2019-07-12 19:50:41] [data] Shuffling data
[2019-07-12 19:50:45] [data] Done reading 4252372 sentences
[2019-07-12 19:51:07] [data] Done shuffling 4252372 sentences to temp files
[2019-07-12 19:52:54] Ep. 9 : Up. 80000 : Sen. 90,236 : Cost 52.94282532 : Time 819.77s : 21009.94 words/s
[2019-07-12 19:52:54] Saving model to ../experiments/100M_fasttext_prob_x_len_+_bic1.1_x_ced_0.25_x_dcce_ens1/model/model.npz.orig.npz
[2019-07-12 19:53:00] Saving model to ../experiments/100M_fasttext_prob_x_len_+_bic1.1_x_ced_0.25_x_dcce_ens1/model/model.iter80000.npz
[2019-07-12 19:53:03] Saving model to ../experiments/100M_fasttext_prob_x_len_+_bic1.1_x_ced_0.25_x_dcce_ens1/model/model.npz
[2019-07-12 19:53:09] Saving Adam parameters to ../experiments/100M_fasttext_prob_x_len_+_bic1.1_x_ced_0.25_x_dcce_ens1/model/model.npz.optimizer.npz
[2019-07-12 19:53:28] [valid] Ep. 9 : Up. 80000 : cross-entropy : 48.3553 : new best
[2019-07-12 19:53:31] [valid] Ep. 9 : Up. 80000 : perplexity : 6.75589 : new best
[2019-07-12 19:54:20] [valid] Ep. 9 : Up. 80000 : translation : 30.83 : new best
[2019-07-12 20:07:32] Ep. 9 : Up. 82000 : Sen. 772,086 : Cost 51.94256210 : Time 878.25s : 19604.90 words/s
[2019-07-12 20:20:45] Ep. 9 : Up. 84000 : Sen. 1,454,810 : Cost 52.29697418 : Time 792.54s : 21805.25 words/s
[2019-07-12 20:33:58] Ep. 9 : Up. 86000 : Sen. 2,138,872 : Cost 52.17381287 : Time 793.34s : 21791.29 words/s
[2019-07-12 20:47:09] Ep. 9 : Up. 88000 : Sen. 2,820,086 : Cost 52.30781555 : Time 791.24s : 21764.47 words/s
[2019-07-12 20:58:29] Seen 3406224 samples
[2019-07-12 20:58:29] Starting epoch 10
[2019-07-12 20:58:29] [data] Shuffling data
[2019-07-12 20:58:32] [data] Done reading 4252372 sentences
[2019-07-12 20:58:54] [data] Done shuffling 4252372 sentences to temp files
[2019-07-12 21:00:50] Ep. 10 : Up. 90000 : Sen. 99,258 : Cost 52.13237762 : Time 821.09s : 21126.97 words/s
[2019-07-12 21:14:03] Ep. 10 : Up. 92000 : Sen. 781,656 : Cost 51.47585297 : Time 792.43s : 21782.98 words/s
[2019-07-12 21:27:14] Ep. 10 : Up. 94000 : Sen. 1,462,688 : Cost 51.48039627 : Time 791.60s : 21764.51 words/s
[2019-07-12 21:40:27] Ep. 10 : Up. 96000 : Sen. 2,146,638 : Cost 51.33756638 : Time 792.85s : 21797.78 words/s
[2019-07-12 21:53:43] Ep. 10 : Up. 98000 : Sen. 2,829,206 : Cost 51.44510651 : Time 795.52s : 21711.75 words/s
[2019-07-12 22:05:18] Seen 3406224 samples
[2019-07-12 22:05:18] Starting epoch 11
[2019-07-12 22:05:18] [data] Shuffling data
[2019-07-12 22:05:24] [data] Done reading 4252372 sentences
[2019-07-12 22:05:49] [data] Done shuffling 4252372 sentences to temp files
[2019-07-12 22:07:59] Ep. 11 : Up. 100000 : Sen. 106,392 : Cost 51.43216705 : Time 856.31s : 20197.25 words/s
[2019-07-12 22:07:59] Saving model to ../experiments/100M_fasttext_prob_x_len_+_bic1.1_x_ced_0.25_x_dcce_ens1/model/model.npz.orig.npz
[2019-07-12 22:08:06] Saving model to ../experiments/100M_fasttext_prob_x_len_+_bic1.1_x_ced_0.25_x_dcce_ens1/model/model.iter100000.npz
[2019-07-12 22:08:10] Saving model to ../experiments/100M_fasttext_prob_x_len_+_bic1.1_x_ced_0.25_x_dcce_ens1/model/model.npz
[2019-07-12 22:08:18] Saving Adam parameters to ../experiments/100M_fasttext_prob_x_len_+_bic1.1_x_ced_0.25_x_dcce_ens1/model/model.npz.optimizer.npz
[2019-07-12 22:08:37] [valid] Ep. 11 : Up. 100000 : cross-entropy : 47.5143 : new best
[2019-07-12 22:08:41] [valid] Ep. 11 : Up. 100000 : perplexity : 6.53508 : new best
[2019-07-12 22:09:27] [valid] Ep. 11 : Up. 100000 : translation : 31.15 : new best
[2019-07-12 22:23:08] Ep. 11 : Up. 102000 : Sen. 790,688 : Cost 50.63944244 : Time 908.63s : 19019.59 words/s
[2019-07-12 22:36:43] Ep. 11 : Up. 104000 : Sen. 1,475,072 : Cost 50.44437027 : Time 815.01s : 21195.30 words/s
[2019-07-12 22:50:12] Ep. 11 : Up. 106000 : Sen. 2,157,436 : Cost 50.88998413 : Time 809.69s : 21331.63 words/s
[2019-07-12 23:03:50] Ep. 11 : Up. 108000 : Sen. 2,844,002 : Cost 50.96228409 : Time 817.97s : 21232.80 words/s
[2019-07-12 23:14:56] Seen 3406224 samples
[2019-07-12 23:14:56] Starting epoch 12
[2019-07-12 23:14:56] [data] Shuffling data
[2019-07-12 23:15:01] [data] Done reading 4252372 sentences
[2019-07-12 23:15:25] [data] Done shuffling 4252372 sentences to temp files
[2019-07-12 23:17:51] Ep. 12 : Up. 110000 : Sen. 120,328 : Cost 50.96512604 : Time 840.89s : 20545.82 words/s
[2019-07-12 23:31:20] Ep. 12 : Up. 112000 : Sen. 804,722 : Cost 50.03492737 : Time 808.27s : 21432.75 words/s
[2019-07-12 23:44:52] Ep. 12 : Up. 114000 : Sen. 1,490,416 : Cost 50.16925812 : Time 812.25s : 21341.82 words/s
[2019-07-12 23:58:26] Ep. 12 : Up. 116000 : Sen. 2,170,872 : Cost 50.36291504 : Time 814.57s : 21125.83 words/s
[2019-07-13 00:11:59] Ep. 12 : Up. 118000 : Sen. 2,853,764 : Cost 50.38318634 : Time 813.03s : 21228.85 words/s
[2019-07-13 00:22:51] Seen 3406224 samples
[2019-07-13 00:22:51] Starting epoch 13
[2019-07-13 00:22:51] [data] Shuffling data
[2019-07-13 00:22:54] [data] Done reading 4252372 sentences
[2019-07-13 00:23:16] [data] Done shuffling 4252372 sentences to temp files
[2019-07-13 00:25:50] Ep. 13 : Up. 120000 : Sen. 131,185 : Cost 50.21368790 : Time 830.23s : 20841.46 words/s
[2019-07-13 00:25:50] Saving model to ../experiments/100M_fasttext_prob_x_len_+_bic1.1_x_ced_0.25_x_dcce_ens1/model/model.npz.orig.npz
[2019-07-13 00:25:56] Saving model to ../experiments/100M_fasttext_prob_x_len_+_bic1.1_x_ced_0.25_x_dcce_ens1/model/model.iter120000.npz
[2019-07-13 00:25:59] Saving model to ../experiments/100M_fasttext_prob_x_len_+_bic1.1_x_ced_0.25_x_dcce_ens1/model/model.npz
[2019-07-13 00:26:05] Saving Adam parameters to ../experiments/100M_fasttext_prob_x_len_+_bic1.1_x_ced_0.25_x_dcce_ens1/model/model.npz.optimizer.npz
[2019-07-13 00:26:23] [valid] Ep. 13 : Up. 120000 : cross-entropy : 46.9326 : new best
[2019-07-13 00:26:27] [valid] Ep. 13 : Up. 120000 : perplexity : 6.38663 : new best
[2019-07-13 00:27:13] [valid] Ep. 13 : Up. 120000 : translation : 31.53 : new best
[2019-07-13 00:40:28] Ep. 13 : Up. 122000 : Sen. 812,482 : Cost 49.47134018 : Time 878.82s : 19587.52 words/s
[2019-07-13 00:53:40] Ep. 13 : Up. 124000 : Sen. 1,494,829 : Cost 49.66254425 : Time 791.81s : 21792.36 words/s
[2019-07-13 01:06:53] Ep. 13 : Up. 126000 : Sen. 2,179,514 : Cost 49.79179764 : Time 792.92s : 21821.25 words/s
[2019-07-13 01:20:06] Ep. 13 : Up. 128000 : Sen. 2,863,932 : Cost 49.87833023 : Time 793.34s : 21807.63 words/s
[2019-07-13 01:30:35] Seen 3406224 samples
[2019-07-13 01:30:35] Starting epoch 14
[2019-07-13 01:30:35] [data] Shuffling data
[2019-07-13 01:30:38] [data] Done reading 4252372 sentences
[2019-07-13 01:30:58] [data] Done shuffling 4252372 sentences to temp files
[2019-07-13 01:33:46] Ep. 14 : Up. 130000 : Sen. 143,078 : Cost 49.63632584 : Time 819.25s : 21165.37 words/s
[2019-07-13 01:47:00] Ep. 14 : Up. 132000 : Sen. 826,110 : Cost 49.02481461 : Time 793.99s : 21757.91 words/s
[2019-07-13 02:00:19] Ep. 14 : Up. 134000 : Sen. 1,507,038 : Cost 49.29003525 : Time 799.06s : 21577.67 words/s
[2019-07-13 02:13:35] Ep. 14 : Up. 136000 : Sen. 2,189,656 : Cost 49.19371033 : Time 795.83s : 21674.50 words/s
[2019-07-13 02:26:47] Ep. 14 : Up. 138000 : Sen. 2,871,412 : Cost 49.41069412 : Time 792.80s : 21743.89 words/s
[2019-07-13 02:37:09] Seen 3406224 samples
[2019-07-13 02:37:09] Starting epoch 15
[2019-07-13 02:37:09] [data] Shuffling data
[2019-07-13 02:37:12] [data] Done reading 4252372 sentences
[2019-07-13 02:37:32] [data] Done shuffling 4252372 sentences to temp files
[2019-07-13 02:40:25] Ep. 15 : Up. 140000 : Sen. 147,836 : Cost 49.23602295 : Time 817.45s : 21136.58 words/s
[2019-07-13 02:40:25] Saving model to ../experiments/100M_fasttext_prob_x_len_+_bic1.1_x_ced_0.25_x_dcce_ens1/model/model.npz.orig.npz
[2019-07-13 02:40:31] Saving model to ../experiments/100M_fasttext_prob_x_len_+_bic1.1_x_ced_0.25_x_dcce_ens1/model/model.iter140000.npz
[2019-07-13 02:40:33] Saving model to ../experiments/100M_fasttext_prob_x_len_+_bic1.1_x_ced_0.25_x_dcce_ens1/model/model.npz
[2019-07-13 02:40:40] Saving Adam parameters to ../experiments/100M_fasttext_prob_x_len_+_bic1.1_x_ced_0.25_x_dcce_ens1/model/model.npz.optimizer.npz
[2019-07-13 02:40:57] [valid] Ep. 15 : Up. 140000 : cross-entropy : 46.5463 : new best
[2019-07-13 02:41:00] [valid] Ep. 15 : Up. 140000 : perplexity : 6.28989 : new best
[2019-07-13 02:41:48] [valid] Ep. 15 : Up. 140000 : translation : 31.67 : new best
[2019-07-13 02:55:04] Ep. 15 : Up. 142000 : Sen. 832,318 : Cost 48.61520767 : Time 878.88s : 19695.39 words/s
[2019-07-13 03:08:16] Ep. 15 : Up. 144000 : Sen. 1,515,846 : Cost 48.86513519 : Time 792.55s : 21802.92 words/s
[2019-07-13 03:21:29] Ep. 15 : Up. 146000 : Sen. 2,196,790 : Cost 48.98330307 : Time 792.28s : 21755.45 words/s
[2019-07-13 03:34:43] Ep. 15 : Up. 148000 : Sen. 2,882,632 : Cost 49.06750488 : Time 794.15s : 21824.26 words/s
[2019-07-13 03:44:50] Seen 3406224 samples
[2019-07-13 03:44:50] Starting epoch 16
[2019-07-13 03:44:50] [data] Shuffling data
[2019-07-13 03:44:53] [data] Done reading 4252372 sentences
[2019-07-13 03:45:13] [data] Done shuffling 4252372 sentences to temp files
[2019-07-13 03:48:19] Ep. 16 : Up. 150000 : Sen. 158,826 : Cost 48.89831543 : Time 816.73s : 21124.91 words/s
[2019-07-13 04:01:31] Ep. 16 : Up. 152000 : Sen. 840,676 : Cost 48.24388885 : Time 792.00s : 21790.23 words/s
[2019-07-13 04:14:45] Ep. 16 : Up. 154000 : Sen. 1,526,430 : Cost 48.43603134 : Time 793.64s : 21829.14 words/s
[2019-07-13 04:27:57] Ep. 16 : Up. 156000 : Sen. 2,210,144 : Cost 48.50152969 : Time 792.06s : 21803.02 words/s
[2019-07-13 04:41:11] Ep. 16 : Up. 158000 : Sen. 2,894,512 : Cost 48.71312332 : Time 793.74s : 21814.25 words/s
[2019-07-13 04:51:04] Seen 3406224 samples
[2019-07-13 04:51:04] Starting epoch 17
[2019-07-13 04:51:04] [data] Shuffling data
[2019-07-13 04:51:07] [data] Done reading 4252372 sentences
[2019-07-13 04:51:28] [data] Done shuffling 4252372 sentences to temp files
[2019-07-13 04:54:50] Ep. 17 : Up. 160000 : Sen. 173,474 : Cost 48.42301941 : Time 819.21s : 21152.71 words/s
[2019-07-13 04:54:50] Saving model to ../experiments/100M_fasttext_prob_x_len_+_bic1.1_x_ced_0.25_x_dcce_ens1/model/model.npz.orig.npz
[2019-07-13 04:54:56] Saving model to ../experiments/100M_fasttext_prob_x_len_+_bic1.1_x_ced_0.25_x_dcce_ens1/model/model.iter160000.npz
[2019-07-13 04:54:58] Saving model to ../experiments/100M_fasttext_prob_x_len_+_bic1.1_x_ced_0.25_x_dcce_ens1/model/model.npz
[2019-07-13 04:55:05] Saving Adam parameters to ../experiments/100M_fasttext_prob_x_len_+_bic1.1_x_ced_0.25_x_dcce_ens1/model/model.npz.optimizer.npz
[2019-07-13 04:55:23] [valid] Ep. 17 : Up. 160000 : cross-entropy : 46.2964 : new best
[2019-07-13 04:55:26] [valid] Ep. 17 : Up. 160000 : perplexity : 6.2281 : new best
[2019-07-13 04:56:13] [valid] Ep. 17 : Up. 160000 : translation : 31.73 : new best
[2019-07-13 05:09:29] Ep. 17 : Up. 162000 : Sen. 858,554 : Cost 47.86163712 : Time 878.69s : 19715.32 words/s
[2019-07-13 05:22:40] Ep. 17 : Up. 164000 : Sen. 1,540,256 : Cost 48.16092682 : Time 791.06s : 21788.14 words/s
[2019-07-13 05:35:52] Ep. 17 : Up. 166000 : Sen. 2,222,160 : Cost 48.14784622 : Time 791.78s : 21778.75 words/s
[2019-07-13 05:49:04] Ep. 17 : Up. 168000 : Sen. 2,904,406 : Cost 48.41243744 : Time 792.02s : 21794.18 words/s
[2019-07-13 05:58:46] Seen 3406224 samples
[2019-07-13 05:58:46] Starting epoch 18
[2019-07-13 05:58:46] [data] Shuffling data
[2019-07-13 05:58:49] [data] Done reading 4252372 sentences
[2019-07-13 05:59:10] [data] Done shuffling 4252372 sentences to temp files
[2019-07-13 06:02:40] Ep. 18 : Up. 170000 : Sen. 181,010 : Cost 48.15513229 : Time 816.81s : 21150.59 words/s
[2019-07-13 06:15:54] Ep. 18 : Up. 172000 : Sen. 866,374 : Cost 47.52046967 : Time 793.17s : 21848.22 words/s
[2019-07-13 06:29:08] Ep. 18 : Up. 174000 : Sen. 1,551,246 : Cost 47.94868469 : Time 794.36s : 21829.14 words/s
[2019-07-13 06:42:21] Ep. 18 : Up. 176000 : Sen. 2,235,240 : Cost 47.74024200 : Time 792.74s : 21783.49 words/s
[2019-07-13 06:55:32] Ep. 18 : Up. 178000 : Sen. 2,917,358 : Cost 48.11329269 : Time 791.39s : 21821.65 words/s
[2019-07-13 07:05:01] Seen 3406224 samples
[2019-07-13 07:05:01] Starting epoch 19
[2019-07-13 07:05:01] [data] Shuffling data
[2019-07-13 07:05:05] [data] Done reading 4252372 sentences
[2019-07-13 07:05:27] [data] Done shuffling 4252372 sentences to temp files
[2019-07-13 07:09:12] Ep. 19 : Up. 180000 : Sen. 193,042 : Cost 47.91802597 : Time 819.86s : 21010.34 words/s
[2019-07-13 07:09:12] Saving model to ../experiments/100M_fasttext_prob_x_len_+_bic1.1_x_ced_0.25_x_dcce_ens1/model/model.npz.orig.npz
[2019-07-13 07:09:18] Saving model to ../experiments/100M_fasttext_prob_x_len_+_bic1.1_x_ced_0.25_x_dcce_ens1/model/model.iter180000.npz
[2019-07-13 07:09:20] Saving model to ../experiments/100M_fasttext_prob_x_len_+_bic1.1_x_ced_0.25_x_dcce_ens1/model/model.npz
[2019-07-13 07:09:27] Saving Adam parameters to ../experiments/100M_fasttext_prob_x_len_+_bic1.1_x_ced_0.25_x_dcce_ens1/model/model.npz.optimizer.npz
[2019-07-13 07:09:46] [valid] Ep. 19 : Up. 180000 : cross-entropy : 46.075 : new best
[2019-07-13 07:09:50] [valid] Ep. 19 : Up. 180000 : perplexity : 6.17385 : new best
[2019-07-13 07:10:36] [valid] Ep. 19 : Up. 180000 : translation : 31.61 : stalled 1 times (last best: 31.73)
[2019-07-13 07:23:51] Ep. 19 : Up. 182000 : Sen. 874,804 : Cost 47.39016724 : Time 878.57s : 19612.26 words/s
[2019-07-13 07:37:04] Ep. 19 : Up. 184000 : Sen. 1,558,797 : Cost 47.64190674 : Time 792.98s : 21825.99 words/s
[2019-07-13 07:50:16] Ep. 19 : Up. 186000 : Sen. 2,240,667 : Cost 47.61315918 : Time 792.02s : 21782.45 words/s
[2019-07-13 08:03:28] Ep. 19 : Up. 188000 : Sen. 2,925,436 : Cost 47.71260834 : Time 792.28s : 21824.48 words/s
[2019-07-13 08:12:47] Seen 3406224 samples
[2019-07-13 08:12:47] Starting epoch 20
[2019-07-13 08:12:47] [data] Shuffling data
[2019-07-13 08:12:53] [data] Done reading 4252372 sentences
[2019-07-13 08:13:14] [data] Done shuffling 4252372 sentences to temp files
[2019-07-13 08:17:08] Ep. 20 : Up. 190000 : Sen. 200,626 : Cost 47.57691574 : Time 819.87s : 21060.23 words/s
[2019-07-13 08:30:19] Ep. 20 : Up. 192000 : Sen. 884,790 : Cost 47.01576614 : Time 791.76s : 21840.99 words/s
[2019-07-13 08:43:33] Ep. 20 : Up. 194000 : Sen. 1,568,318 : Cost 47.19293976 : Time 793.06s : 21793.15 words/s
[2019-07-13 08:56:45] Ep. 20 : Up. 196000 : Sen. 2,251,758 : Cost 47.33126068 : Time 792.17s : 21808.81 words/s
[2019-07-13 09:09:57] Ep. 20 : Up. 198000 : Sen. 2,935,094 : Cost 47.46670914 : Time 792.14s : 21808.54 words/s
[2019-07-13 09:19:03] Seen 3406224 samples
[2019-07-13 09:19:03] Starting epoch 21
[2019-07-13 09:19:03] [data] Shuffling data
[2019-07-13 09:19:07] [data] Done reading 4252372 sentences
[2019-07-13 09:19:27] [data] Done shuffling 4252372 sentences to temp files
[2019-07-13 09:23:34] Ep. 21 : Up. 200000 : Sen. 211,836 : Cost 47.24046707 : Time 817.07s : 21137.94 words/s
[2019-07-13 09:23:34] Saving model to ../experiments/100M_fasttext_prob_x_len_+_bic1.1_x_ced_0.25_x_dcce_ens1/model/model.npz.orig.npz
[2019-07-13 09:23:40] Saving model to ../experiments/100M_fasttext_prob_x_len_+_bic1.1_x_ced_0.25_x_dcce_ens1/model/model.iter200000.npz
[2019-07-13 09:23:42] Saving model to ../experiments/100M_fasttext_prob_x_len_+_bic1.1_x_ced_0.25_x_dcce_ens1/model/model.npz
[2019-07-13 09:23:49] Saving Adam parameters to ../experiments/100M_fasttext_prob_x_len_+_bic1.1_x_ced_0.25_x_dcce_ens1/model/model.npz.optimizer.npz
[2019-07-13 09:24:07] [valid] Ep. 21 : Up. 200000 : cross-entropy : 45.9832 : new best
[2019-07-13 09:24:10] [valid] Ep. 21 : Up. 200000 : perplexity : 6.15149 : new best
[2019-07-13 09:24:57] [valid] Ep. 21 : Up. 200000 : translation : 31.69 : stalled 2 times (last best: 31.73)
[2019-07-13 09:38:12] Ep. 21 : Up. 202000 : Sen. 893,280 : Cost 46.80030060 : Time 877.99s : 19627.51 words/s
[2019-07-13 09:51:24] Ep. 21 : Up. 204000 : Sen. 1,577,022 : Cost 46.93214798 : Time 792.08s : 21816.82 words/s
[2019-07-13 10:04:38] Ep. 21 : Up. 206000 : Sen. 2,262,590 : Cost 47.05496597 : Time 794.45s : 21812.26 words/s
[2019-07-13 10:17:52] Ep. 21 : Up. 208000 : Sen. 2,945,766 : Cost 47.26800156 : Time 793.13s : 21799.08 words/s
[2019-07-13 10:26:47] Seen 3406224 samples
[2019-07-13 10:26:47] Starting epoch 22
[2019-07-13 10:26:47] [data] Shuffling data
[2019-07-13 10:26:50] [data] Done reading 4252372 sentences
[2019-07-13 10:27:11] [data] Done shuffling 4252372 sentences to temp files
[2019-07-13 10:31:31] Ep. 22 : Up. 210000 : Sen. 222,766 : Cost 47.25333023 : Time 819.49s : 21118.96 words/s
[2019-07-13 10:45:08] Ep. 22 : Up. 212000 : Sen. 907,528 : Cost 46.43242264 : Time 816.89s : 21178.86 words/s
[2019-07-13 10:58:53] Ep. 22 : Up. 214000 : Sen. 1,590,874 : Cost 46.77221680 : Time 824.74s : 20979.80 words/s
[2019-07-13 11:12:23] Ep. 22 : Up. 216000 : Sen. 2,273,908 : Cost 46.96578217 : Time 810.24s : 21317.25 words/s
[2019-07-13 11:25:34] Ep. 22 : Up. 218000 : Sen. 2,957,946 : Cost 47.00765610 : Time 791.49s : 21838.13 words/s
[2019-07-13 11:34:15] Seen 3406224 samples
[2019-07-13 11:34:15] Starting epoch 23
[2019-07-13 11:34:15] [data] Shuffling data
[2019-07-13 11:34:20] [data] Done reading 4252372 sentences
[2019-07-13 11:34:42] [data] Done shuffling 4252372 sentences to temp files
[2019-07-13 11:39:16] Ep. 23 : Up. 220000 : Sen. 234,496 : Cost 46.81370544 : Time 821.27s : 21023.50 words/s
[2019-07-13 11:39:16] Saving model to ../experiments/100M_fasttext_prob_x_len_+_bic1.1_x_ced_0.25_x_dcce_ens1/model/model.npz.orig.npz
[2019-07-13 11:39:22] Saving model to ../experiments/100M_fasttext_prob_x_len_+_bic1.1_x_ced_0.25_x_dcce_ens1/model/model.iter220000.npz
[2019-07-13 11:39:24] Saving model to ../experiments/100M_fasttext_prob_x_len_+_bic1.1_x_ced_0.25_x_dcce_ens1/model/model.npz
[2019-07-13 11:39:30] Saving Adam parameters to ../experiments/100M_fasttext_prob_x_len_+_bic1.1_x_ced_0.25_x_dcce_ens1/model/model.npz.optimizer.npz
[2019-07-13 11:39:47] [valid] Ep. 23 : Up. 220000 : cross-entropy : 45.9726 : new best
[2019-07-13 11:39:50] [valid] Ep. 23 : Up. 220000 : perplexity : 6.14894 : new best
[2019-07-13 11:40:38] [valid] Ep. 23 : Up. 220000 : translation : 31.65 : stalled 3 times (last best: 31.73)
[2019-07-13 11:53:53] Ep. 23 : Up. 222000 : Sen. 916,462 : Cost 46.26860428 : Time 877.53s : 19627.35 words/s
[2019-07-13 12:07:07] Ep. 23 : Up. 224000 : Sen. 1,600,060 : Cost 46.53903961 : Time 793.88s : 21783.03 words/s
[2019-07-13 12:20:20] Ep. 23 : Up. 226000 : Sen. 2,283,777 : Cost 46.78198242 : Time 792.70s : 21817.50 words/s
[2019-07-13 12:33:33] Ep. 23 : Up. 228000 : Sen. 2,965,328 : Cost 46.88111877 : Time 792.70s : 21744.17 words/s
[2019-07-13 12:42:06] Seen 3406224 samples
[2019-07-13 12:42:06] Starting epoch 24
[2019-07-13 12:42:06] [data] Shuffling data
[2019-07-13 12:42:09] [data] Done reading 4252372 sentences
[2019-07-13 12:42:29] [data] Done shuffling 4252372 sentences to temp files
[2019-07-13 12:47:09] Ep. 24 : Up. 230000 : Sen. 238,796 : Cost 46.53881454 : Time 816.94s : 21053.15 words/s
[2019-07-13 13:00:21] Ep. 24 : Up. 232000 : Sen. 920,646 : Cost 46.00362778 : Time 791.99s : 21743.15 words/s
[2019-07-13 13:13:37] Ep. 24 : Up. 234000 : Sen. 1,603,806 : Cost 46.33049393 : Time 795.07s : 21764.10 words/s
[2019-07-13 13:26:51] Ep. 24 : Up. 236000 : Sen. 2,288,720 : Cost 46.47498322 : Time 794.37s : 21788.45 words/s
[2019-07-13 13:40:04] Ep. 24 : Up. 238000 : Sen. 2,970,894 : Cost 46.59373474 : Time 793.01s : 21750.83 words/s
[2019-07-13 13:48:29] Seen 3406224 samples
[2019-07-13 13:48:29] Starting epoch 25
[2019-07-13 13:48:29] [data] Shuffling data
[2019-07-13 13:48:32] [data] Done reading 4252372 sentences
[2019-07-13 13:48:53] [data] Done shuffling 4252372 sentences to temp files
[2019-07-13 13:53:43] Ep. 25 : Up. 240000 : Sen. 248,964 : Cost 46.42301559 : Time 819.42s : 21116.12 words/s
[2019-07-13 13:53:43] Saving model to ../experiments/100M_fasttext_prob_x_len_+_bic1.1_x_ced_0.25_x_dcce_ens1/model/model.npz.orig.npz
[2019-07-13 13:53:50] Saving model to ../experiments/100M_fasttext_prob_x_len_+_bic1.1_x_ced_0.25_x_dcce_ens1/model/model.iter240000.npz
[2019-07-13 13:53:53] Saving model to ../experiments/100M_fasttext_prob_x_len_+_bic1.1_x_ced_0.25_x_dcce_ens1/model/model.npz
[2019-07-13 13:53:59] Saving Adam parameters to ../experiments/100M_fasttext_prob_x_len_+_bic1.1_x_ced_0.25_x_dcce_ens1/model/model.npz.optimizer.npz
[2019-07-13 13:54:15] [valid] Ep. 25 : Up. 240000 : cross-entropy : 45.9219 : new best
[2019-07-13 13:54:19] [valid] Ep. 25 : Up. 240000 : perplexity : 6.13663 : new best
[2019-07-13 13:55:06] [valid] Ep. 25 : Up. 240000 : translation : 31.65 : stalled 4 times (last best: 31.73)
[2019-07-13 14:08:22] Ep. 25 : Up. 242000 : Sen. 932,174 : Cost 46.01007462 : Time 878.98s : 19641.11 words/s
[2019-07-13 14:21:37] Ep. 25 : Up. 244000 : Sen. 1,616,568 : Cost 46.20784760 : Time 794.78s : 21775.59 words/s
[2019-07-13 14:35:06] Ep. 25 : Up. 246000 : Sen. 2,298,456 : Cost 46.41565323 : Time 808.52s : 21350.12 words/s
[2019-07-13 14:49:26] Ep. 25 : Up. 248000 : Sen. 2,981,676 : Cost 46.38760757 : Time 860.65s : 20066.96 words/s
[2019-07-13 14:58:31] Seen 3406224 samples
[2019-07-13 14:58:31] Starting epoch 26
[2019-07-13 14:58:31] [data] Shuffling data
[2019-07-13 14:58:35] [data] Done reading 4252372 sentences
[2019-07-13 14:58:59] [data] Done shuffling 4252372 sentences to temp files
[2019-07-13 15:04:25] Ep. 26 : Up. 250000 : Sen. 256,318 : Cost 46.26364517 : Time 898.73s : 19159.34 words/s
[2019-07-13 15:18:50] Ep. 26 : Up. 252000 : Sen. 938,232 : Cost 45.77964401 : Time 865.31s : 19930.99 words/s
[2019-07-13 15:33:05] Ep. 26 : Up. 254000 : Sen. 1,622,150 : Cost 45.99653244 : Time 854.31s : 20259.07 words/s
[2019-07-13 15:47:36] Ep. 26 : Up. 256000 : Sen. 2,306,736 : Cost 46.06911087 : Time 871.19s : 19852.81 words/s
[2019-07-13 16:01:20] Ep. 26 : Up. 258000 : Sen. 2,989,118 : Cost 46.19779587 : Time 824.63s : 20913.73 words/s
[2019-07-13 16:10:22] Seen 3406224 samples
[2019-07-13 16:10:22] Starting epoch 27
[2019-07-13 16:10:22] [data] Shuffling data
[2019-07-13 16:10:26] [data] Done reading 4252372 sentences
[2019-07-13 16:10:52] [data] Done shuffling 4252372 sentences to temp files
[2019-07-13 16:16:34] Ep. 27 : Up. 260000 : Sen. 267,944 : Cost 45.99182129 : Time 914.02s : 18969.19 words/s
[2019-07-13 16:16:34] Saving model to ../experiments/100M_fasttext_prob_x_len_+_bic1.1_x_ced_0.25_x_dcce_ens1/model/model.npz.orig.npz
[2019-07-13 16:16:41] Saving model to ../experiments/100M_fasttext_prob_x_len_+_bic1.1_x_ced_0.25_x_dcce_ens1/model/model.iter260000.npz
[2019-07-13 16:16:43] Saving model to ../experiments/100M_fasttext_prob_x_len_+_bic1.1_x_ced_0.25_x_dcce_ens1/model/model.npz
[2019-07-13 16:16:49] Saving Adam parameters to ../experiments/100M_fasttext_prob_x_len_+_bic1.1_x_ced_0.25_x_dcce_ens1/model/model.npz.optimizer.npz
[2019-07-13 16:17:08] [valid] Ep. 27 : Up. 260000 : cross-entropy : 45.9342 : stalled 1 times (last best: 45.9219)
[2019-07-13 16:17:11] [valid] Ep. 27 : Up. 260000 : perplexity : 6.1396 : stalled 1 times (last best: 6.13663)
[2019-07-13 16:17:59] [valid] Ep. 27 : Up. 260000 : translation : 31.55 : stalled 5 times (last best: 31.73)
[2019-07-13 16:31:17] Ep. 27 : Up. 262000 : Sen. 953,918 : Cost 45.57828522 : Time 882.40s : 19653.30 words/s
[2019-07-13 16:44:29] Ep. 27 : Up. 264000 : Sen. 1,636,492 : Cost 45.86692429 : Time 792.38s : 21767.77 words/s
[2019-07-13 16:57:43] Ep. 27 : Up. 266000 : Sen. 2,318,928 : Cost 46.08912659 : Time 793.87s : 21747.50 words/s
[2019-07-13 17:10:56] Ep. 27 : Up. 268000 : Sen. 3,001,282 : Cost 46.07006836 : Time 793.08s : 21769.00 words/s
[2019-07-13 17:18:47] Seen 3406224 samples
[2019-07-13 17:18:47] Starting epoch 28
[2019-07-13 17:18:47] [data] Shuffling data
[2019-07-13 17:18:50] [data] Done reading 4252372 sentences
[2019-07-13 17:19:11] [data] Done shuffling 4252372 sentences to temp files
[2019-07-13 17:24:36] Ep. 28 : Up. 270000 : Sen. 278,688 : Cost 45.89640808 : Time 819.72s : 21096.15 words/s
[2019-07-13 17:37:48] Ep. 28 : Up. 272000 : Sen. 962,084 : Cost 45.48101044 : Time 792.04s : 21803.84 words/s
[2019-07-13 17:51:00] Ep. 28 : Up. 274000 : Sen. 1,646,478 : Cost 45.64120483 : Time 791.87s : 21856.04 words/s
[2019-07-13 18:04:13] Ep. 28 : Up. 276000 : Sen. 2,329,918 : Cost 45.63011932 : Time 793.21s : 21792.77 words/s
[2019-07-13 18:17:24] Ep. 28 : Up. 278000 : Sen. 3,010,216 : Cost 46.04940414 : Time 791.23s : 21762.90 words/s
[2019-07-13 18:25:04] Seen 3406224 samples
[2019-07-13 18:25:04] Starting epoch 29
[2019-07-13 18:25:04] [data] Shuffling data
[2019-07-13 18:25:07] [data] Done reading 4252372 sentences
[2019-07-13 18:25:27] [data] Done shuffling 4252372 sentences to temp files
[2019-07-13 18:31:02] Ep. 29 : Up. 280000 : Sen. 287,364 : Cost 45.57398605 : Time 817.41s : 21121.18 words/s
[2019-07-13 18:31:02] Saving model to ../experiments/100M_fasttext_prob_x_len_+_bic1.1_x_ced_0.25_x_dcce_ens1/model/model.npz.orig.npz
[2019-07-13 18:31:08] Saving model to ../experiments/100M_fasttext_prob_x_len_+_bic1.1_x_ced_0.25_x_dcce_ens1/model/model.iter280000.npz
[2019-07-13 18:31:10] Saving model to ../experiments/100M_fasttext_prob_x_len_+_bic1.1_x_ced_0.25_x_dcce_ens1/model/model.npz
[2019-07-13 18:31:16] Saving Adam parameters to ../experiments/100M_fasttext_prob_x_len_+_bic1.1_x_ced_0.25_x_dcce_ens1/model/model.npz.optimizer.npz
[2019-07-13 18:31:33] [valid] Ep. 29 : Up. 280000 : cross-entropy : 45.9732 : stalled 2 times (last best: 45.9219)
[2019-07-13 18:31:36] [valid] Ep. 29 : Up. 280000 : perplexity : 6.14908 : stalled 2 times (last best: 6.13663)
[2019-07-13 18:32:23] [valid] Ep. 29 : Up. 280000 : translation : 31.61 : stalled 6 times (last best: 31.73)
[2019-07-13 18:45:39] Ep. 29 : Up. 282000 : Sen. 971,528 : Cost 45.26438904 : Time 877.74s : 19734.65 words/s
[2019-07-13 18:58:53] Ep. 29 : Up. 284000 : Sen. 1,656,048 : Cost 45.48945999 : Time 793.32s : 21815.18 words/s
[2019-07-13 19:12:07] Ep. 29 : Up. 286000 : Sen. 2,340,316 : Cost 45.69292831 : Time 793.86s : 21805.24 words/s
[2019-07-13 19:25:19] Ep. 29 : Up. 288000 : Sen. 3,023,422 : Cost 45.81492233 : Time 792.17s : 21780.39 words/s
[2019-07-13 19:32:44] Seen 3406224 samples
[2019-07-13 19:32:44] Starting epoch 30
[2019-07-13 19:32:44] [data] Shuffling data
[2019-07-13 19:32:48] [data] Done reading 4252372 sentences
[2019-07-13 19:33:08] [data] Done shuffling 4252372 sentences to temp files
[2019-07-13 19:38:57] Ep. 30 : Up. 290000 : Sen. 298,804 : Cost 45.45250320 : Time 818.37s : 21067.74 words/s
[2019-07-13 19:52:10] Ep. 30 : Up. 292000 : Sen. 980,532 : Cost 45.23289108 : Time 792.77s : 21759.43 words/s
[2019-07-13 20:05:24] Ep. 30 : Up. 294000 : Sen. 1,664,636 : Cost 45.31362534 : Time 793.77s : 21810.85 words/s
[2019-07-13 20:18:36] Ep. 30 : Up. 296000 : Sen. 2,347,626 : Cost 45.60076904 : Time 792.53s : 21777.57 words/s
[2019-07-13 20:31:49] Ep. 30 : Up. 298000 : Sen. 3,032,010 : Cost 45.62849808 : Time 792.83s : 21817.06 words/s
[2019-07-13 20:39:04] Seen 3406224 samples
[2019-07-13 20:39:04] Starting epoch 31
[2019-07-13 20:39:04] [data] Shuffling data
[2019-07-13 20:39:07] [data] Done reading 4252372 sentences
[2019-07-13 20:39:26] [data] Done shuffling 4252372 sentences to temp files
[2019-07-13 20:45:25] Ep. 31 : Up. 300000 : Sen. 308,154 : Cost 45.31948853 : Time 816.05s : 21157.54 words/s
[2019-07-13 20:45:25] Saving model to ../experiments/100M_fasttext_prob_x_len_+_bic1.1_x_ced_0.25_x_dcce_ens1/model/model.npz.orig.npz
[2019-07-13 20:45:31] Saving model to ../experiments/100M_fasttext_prob_x_len_+_bic1.1_x_ced_0.25_x_dcce_ens1/model/model.iter300000.npz
[2019-07-13 20:45:33] Saving model to ../experiments/100M_fasttext_prob_x_len_+_bic1.1_x_ced_0.25_x_dcce_ens1/model/model.npz
[2019-07-13 20:45:39] Saving Adam parameters to ../experiments/100M_fasttext_prob_x_len_+_bic1.1_x_ced_0.25_x_dcce_ens1/model/model.npz.optimizer.npz
[2019-07-13 20:45:55] [valid] Ep. 31 : Up. 300000 : cross-entropy : 45.9918 : stalled 3 times (last best: 45.9219)
[2019-07-13 20:45:58] [valid] Ep. 31 : Up. 300000 : perplexity : 6.1536 : stalled 3 times (last best: 6.13663)
[2019-07-13 20:46:48] [valid] Ep. 31 : Up. 300000 : translation : 31.65 : stalled 7 times (last best: 31.73)
[2019-07-13 21:00:02] Ep. 31 : Up. 302000 : Sen. 987,631 : Cost 45.15014648 : Time 876.59s : 19620.54 words/s
[2019-07-13 21:13:15] Ep. 31 : Up. 304000 : Sen. 1,671,036 : Cost 45.11189270 : Time 793.55s : 21763.48 words/s
[2019-07-13 21:26:30] Ep. 31 : Up. 306000 : Sen. 2,357,284 : Cost 45.32848740 : Time 794.36s : 21845.34 words/s
[2019-07-13 21:39:42] Ep. 31 : Up. 308000 : Sen. 3,040,538 : Cost 45.49347687 : Time 792.45s : 21782.56 words/s
[2019-07-13 21:46:47] Seen 3406224 samples
[2019-07-13 21:46:47] Starting epoch 32
[2019-07-13 21:46:47] [data] Shuffling data
[2019-07-13 21:46:52] [data] Done reading 4252372 sentences
[2019-07-13 21:47:13] [data] Done shuffling 4252372 sentences to temp files
[2019-07-13 21:53:21] Ep. 32 : Up. 310000 : Sen. 315,684 : Cost 45.27233124 : Time 819.28s : 21036.65 words/s
[2019-07-13 22:06:35] Ep. 32 : Up. 312000 : Sen. 998,400 : Cost 44.94097137 : Time 793.32s : 21778.29 words/s
[2019-07-13 22:19:48] Ep. 32 : Up. 314000 : Sen. 1,682,564 : Cost 45.02799225 : Time 793.48s : 21790.47 words/s
[2019-07-13 22:33:03] Ep. 32 : Up. 316000 : Sen. 2,368,000 : Cost 45.31366730 : Time 794.83s : 21819.82 words/s
[2019-07-13 22:46:15] Ep. 32 : Up. 318000 : Sen. 3,049,472 : Cost 45.26498413 : Time 791.66s : 21748.99 words/s
[2019-07-13 22:53:09] Seen 3406224 samples
[2019-07-13 22:53:09] Starting epoch 33
[2019-07-13 22:53:09] [data] Shuffling data
[2019-07-13 22:53:12] [data] Done reading 4252372 sentences
[2019-07-13 22:53:32] [data] Done shuffling 4252372 sentences to temp files
[2019-07-13 22:59:51] Ep. 33 : Up. 320000 : Sen. 326,082 : Cost 45.14833832 : Time 816.17s : 21173.83 words/s
[2019-07-13 22:59:51] Saving model to ../experiments/100M_fasttext_prob_x_len_+_bic1.1_x_ced_0.25_x_dcce_ens1/model/model.npz.orig.npz
[2019-07-13 22:59:57] Saving model to ../experiments/100M_fasttext_prob_x_len_+_bic1.1_x_ced_0.25_x_dcce_ens1/model/model.iter320000.npz
[2019-07-13 22:59:59] Saving model to ../experiments/100M_fasttext_prob_x_len_+_bic1.1_x_ced_0.25_x_dcce_ens1/model/model.npz
[2019-07-13 23:00:05] Saving Adam parameters to ../experiments/100M_fasttext_prob_x_len_+_bic1.1_x_ced_0.25_x_dcce_ens1/model/model.npz.optimizer.npz
[2019-07-13 23:00:21] [valid] Ep. 33 : Up. 320000 : cross-entropy : 46.0527 : stalled 4 times (last best: 45.9219)
[2019-07-13 23:00:24] [valid] Ep. 33 : Up. 320000 : perplexity : 6.16843 : stalled 4 times (last best: 6.13663)
[2019-07-13 23:01:10] [valid] Ep. 33 : Up. 320000 : translation : 31.54 : stalled 8 times (last best: 31.73)
[2019-07-13 23:14:27] Ep. 33 : Up. 322000 : Sen. 1,011,583 : Cost 44.61359024 : Time 876.67s : 19759.82 words/s
[2019-07-13 23:27:42] Ep. 33 : Up. 324000 : Sen. 1,696,954 : Cost 44.98920441 : Time 794.89s : 21818.33 words/s
[2019-07-13 23:40:55] Ep. 33 : Up. 326000 : Sen. 2,381,206 : Cost 45.07821274 : Time 792.97s : 21807.94 words/s
[2019-07-13 23:54:08] Ep. 33 : Up. 328000 : Sen. 3,063,500 : Cost 45.22211075 : Time 792.82s : 21778.96 words/s
[2019-07-14 00:00:47] Seen 3406224 samples
[2019-07-14 00:00:47] Starting epoch 34
[2019-07-14 00:00:47] [data] Shuffling data
[2019-07-14 00:00:50] [data] Done reading 4252372 sentences
[2019-07-14 00:01:10] [data] Done shuffling 4252372 sentences to temp files
[2019-07-14 00:07:45] Ep. 34 : Up. 330000 : Sen. 338,344 : Cost 44.99194336 : Time 816.84s : 21092.33 words/s
[2019-07-14 00:21:00] Ep. 34 : Up. 332000 : Sen. 1,025,004 : Cost 44.59654999 : Time 794.99s : 21822.22 words/s
[2019-07-14 00:34:13] Ep. 34 : Up. 334000 : Sen. 1,707,758 : Cost 44.77159500 : Time 792.70s : 21782.98 words/s
[2019-07-14 00:47:25] Ep. 34 : Up. 336000 : Sen. 2,389,284 : Cost 45.00169373 : Time 792.75s : 21767.83 words/s
[2019-07-14 01:00:39] Ep. 34 : Up. 338000 : Sen. 3,072,954 : Cost 45.19026566 : Time 793.17s : 21785.66 words/s
[2019-07-14 01:07:05] Seen 3406224 samples
[2019-07-14 01:07:05] Starting epoch 35
[2019-07-14 01:07:05] [data] Shuffling data
[2019-07-14 01:07:08] [data] Done reading 4252372 sentences
[2019-07-14 01:07:28] [data] Done shuffling 4252372 sentences to temp files
[2019-07-14 01:14:17] Ep. 35 : Up. 340000 : Sen. 350,728 : Cost 44.71372986 : Time 818.27s : 21130.53 words/s
[2019-07-14 01:14:17] Saving model to ../experiments/100M_fasttext_prob_x_len_+_bic1.1_x_ced_0.25_x_dcce_ens1/model/model.npz.orig.npz
[2019-07-14 01:14:23] Saving model to ../experiments/100M_fasttext_prob_x_len_+_bic1.1_x_ced_0.25_x_dcce_ens1/model/model.iter340000.npz
[2019-07-14 01:14:25] Saving model to ../experiments/100M_fasttext_prob_x_len_+_bic1.1_x_ced_0.25_x_dcce_ens1/model/model.npz
[2019-07-14 01:14:31] Saving Adam parameters to ../experiments/100M_fasttext_prob_x_len_+_bic1.1_x_ced_0.25_x_dcce_ens1/model/model.npz.optimizer.npz
[2019-07-14 01:14:48] [valid] Ep. 35 : Up. 340000 : cross-entropy : 46.1133 : stalled 5 times (last best: 45.9219)
[2019-07-14 01:14:51] [valid] Ep. 35 : Up. 340000 : perplexity : 6.18321 : stalled 5 times (last best: 6.13663)
[2019-07-14 01:15:39] [valid] Ep. 35 : Up. 340000 : translation : 31.63 : stalled 9 times (last best: 31.73)
[2019-07-14 01:15:42] Training finished
[2019-07-14 01:15:49] Saving model to ../experiments/100M_fasttext_prob_x_len_+_bic1.1_x_ced_0.25_x_dcce_ens1/model/model.npz.orig.npz
[2019-07-14 01:15:56] Saving model to ../experiments/100M_fasttext_prob_x_len_+_bic1.1_x_ced_0.25_x_dcce_ens1/model/model.npz
[2019-07-14 01:16:04] Saving Adam parameters to ../experiments/100M_fasttext_prob_x_len_+_bic1.1_x_ced_0.25_x_dcce_ens1/model/model.npz.optimizer.npz
