[2019-07-18 09:45:02] [marian] Marian v1.7.8 ec2d66e 2019-05-27 14:52:11 +0100
[2019-07-18 09:45:02] [marian] Running on hretha as process 28169 with command line:
[2019-07-18 09:45:02] [marian] /fs/bil0/abdel/marian-dev/build/marian --sync-sgd --model ../experiments/10M_mc_fasttext_prob_x_len_+_biced_0.25_x_bic1.1_x_dcce/model/model.npz -T . --devices 0 --train-sets ../experiments/10M_mc_fasttext_prob_x_len_+_biced_0.25_x_bic1.1_x_dcce/data/train.bpe.de ../experiments/10M_mc_fasttext_prob_x_len_+_biced_0.25_x_bic1.1_x_dcce/data/train.bpe.en --vocabs ../experiments/10M_mc_fasttext_prob_x_len_+_biced_0.25_x_bic1.1_x_dcce/data/train.bpe.de.json ../experiments/10M_mc_fasttext_prob_x_len_+_biced_0.25_x_bic1.1_x_dcce/data/train.bpe.en.json --mini-batch-fit -w 5000 --dim-vocabs 50000 50000 --layer-normalization --dropout-rnn 0.1 --learn-rate 0.0003 --lr-decay-inv-sqrt 16000 --after-epochs 0 --early-stopping 5 --valid-freq 5000 --save-freq 5000 --disp-freq 1000 --valid-mini-batch 8 --valid-sets ../experiments/10M_mc_fasttext_prob_x_len_+_biced_0.25_x_bic1.1_x_dcce/data/dev.bpe.de ../experiments/10M_mc_fasttext_prob_x_len_+_biced_0.25_x_bic1.1_x_dcce/data/dev.bpe.en --valid-metrics cross-entropy perplexity translation --valid-translation-output ../experiments/10M_mc_fasttext_prob_x_len_+_biced_0.25_x_bic1.1_x_dcce/model/dev.out --valid-script-path ../experiments/10M_mc_fasttext_prob_x_len_+_biced_0.25_x_bic1.1_x_dcce/score-dev.sh --seed 1111 --exponential-smoothing --normalize=1 --beam-size=12 --quiet-translation --log ../experiments/10M_mc_fasttext_prob_x_len_+_biced_0.25_x_bic1.1_x_dcce/model/train.log --valid-log ../experiments/10M_mc_fasttext_prob_x_len_+_biced_0.25_x_bic1.1_x_dcce/model/valid.log
[2019-07-18 09:45:02] [config] after-batches: 0
[2019-07-18 09:45:02] [config] after-epochs: 0
[2019-07-18 09:45:02] [config] allow-unk: false
[2019-07-18 09:45:02] [config] beam-size: 12
[2019-07-18 09:45:02] [config] bert-class-symbol: "[CLS]"
[2019-07-18 09:45:02] [config] bert-mask-symbol: "[MASK]"
[2019-07-18 09:45:02] [config] bert-masking-fraction: 0.15
[2019-07-18 09:45:02] [config] bert-sep-symbol: "[SEP]"
[2019-07-18 09:45:02] [config] bert-train-type-embeddings: true
[2019-07-18 09:45:02] [config] bert-type-vocab-size: 2
[2019-07-18 09:45:02] [config] best-deep: false
[2019-07-18 09:45:02] [config] clip-gemm: 0
[2019-07-18 09:45:02] [config] clip-norm: 1
[2019-07-18 09:45:02] [config] cost-type: ce-mean
[2019-07-18 09:45:02] [config] cpu-threads: 0
[2019-07-18 09:45:02] [config] data-weighting: ""
[2019-07-18 09:45:02] [config] data-weighting-type: sentence
[2019-07-18 09:45:02] [config] dec-cell: gru
[2019-07-18 09:45:02] [config] dec-cell-base-depth: 2
[2019-07-18 09:45:02] [config] dec-cell-high-depth: 1
[2019-07-18 09:45:02] [config] dec-depth: 1
[2019-07-18 09:45:02] [config] devices:
[2019-07-18 09:45:02] [config]   - 0
[2019-07-18 09:45:02] [config] dim-emb: 512
[2019-07-18 09:45:02] [config] dim-rnn: 1024
[2019-07-18 09:45:02] [config] dim-vocabs:
[2019-07-18 09:45:02] [config]   - 50000
[2019-07-18 09:45:02] [config]   - 50000
[2019-07-18 09:45:02] [config] disp-first: 0
[2019-07-18 09:45:02] [config] disp-freq: 1000
[2019-07-18 09:45:02] [config] disp-label-counts: false
[2019-07-18 09:45:02] [config] dropout-rnn: 0.1
[2019-07-18 09:45:02] [config] dropout-src: 0
[2019-07-18 09:45:02] [config] dropout-trg: 0
[2019-07-18 09:45:02] [config] dump-config: ""
[2019-07-18 09:45:02] [config] early-stopping: 5
[2019-07-18 09:45:02] [config] embedding-fix-src: false
[2019-07-18 09:45:02] [config] embedding-fix-trg: false
[2019-07-18 09:45:02] [config] embedding-normalization: false
[2019-07-18 09:45:02] [config] embedding-vectors:
[2019-07-18 09:45:02] [config]   []
[2019-07-18 09:45:02] [config] enc-cell: gru
[2019-07-18 09:45:02] [config] enc-cell-depth: 1
[2019-07-18 09:45:02] [config] enc-depth: 1
[2019-07-18 09:45:02] [config] enc-type: bidirectional
[2019-07-18 09:45:02] [config] exponential-smoothing: 0.0001
[2019-07-18 09:45:02] [config] grad-dropping-momentum: 0
[2019-07-18 09:45:02] [config] grad-dropping-rate: 0
[2019-07-18 09:45:02] [config] grad-dropping-warmup: 100
[2019-07-18 09:45:02] [config] guided-alignment: none
[2019-07-18 09:45:02] [config] guided-alignment-cost: mse
[2019-07-18 09:45:02] [config] guided-alignment-weight: 0.1
[2019-07-18 09:45:02] [config] ignore-model-config: false
[2019-07-18 09:45:02] [config] input-types:
[2019-07-18 09:45:02] [config]   []
[2019-07-18 09:45:02] [config] interpolate-env-vars: false
[2019-07-18 09:45:02] [config] keep-best: false
[2019-07-18 09:45:02] [config] label-smoothing: 0
[2019-07-18 09:45:02] [config] layer-normalization: true
[2019-07-18 09:45:02] [config] learn-rate: 0.0003
[2019-07-18 09:45:02] [config] log: ../experiments/10M_mc_fasttext_prob_x_len_+_biced_0.25_x_bic1.1_x_dcce/model/train.log
[2019-07-18 09:45:02] [config] log-level: info
[2019-07-18 09:45:02] [config] log-time-zone: ""
[2019-07-18 09:45:02] [config] lr-decay: 0
[2019-07-18 09:45:02] [config] lr-decay-freq: 50000
[2019-07-18 09:45:02] [config] lr-decay-inv-sqrt:
[2019-07-18 09:45:02] [config]   - 16000
[2019-07-18 09:45:02] [config] lr-decay-repeat-warmup: false
[2019-07-18 09:45:02] [config] lr-decay-reset-optimizer: false
[2019-07-18 09:45:02] [config] lr-decay-start:
[2019-07-18 09:45:02] [config]   - 10
[2019-07-18 09:45:02] [config]   - 1
[2019-07-18 09:45:02] [config] lr-decay-strategy: epoch+stalled
[2019-07-18 09:45:02] [config] lr-report: false
[2019-07-18 09:45:02] [config] lr-warmup: 0
[2019-07-18 09:45:02] [config] lr-warmup-at-reload: false
[2019-07-18 09:45:02] [config] lr-warmup-cycle: false
[2019-07-18 09:45:02] [config] lr-warmup-start-rate: 0
[2019-07-18 09:45:02] [config] max-length: 50
[2019-07-18 09:45:02] [config] max-length-crop: false
[2019-07-18 09:45:02] [config] max-length-factor: 3
[2019-07-18 09:45:02] [config] maxi-batch: 100
[2019-07-18 09:45:02] [config] maxi-batch-sort: trg
[2019-07-18 09:45:02] [config] mini-batch: 64
[2019-07-18 09:45:02] [config] mini-batch-fit: true
[2019-07-18 09:45:02] [config] mini-batch-fit-step: 10
[2019-07-18 09:45:02] [config] mini-batch-overstuff: 1
[2019-07-18 09:45:02] [config] mini-batch-track-lr: false
[2019-07-18 09:45:02] [config] mini-batch-understuff: 1
[2019-07-18 09:45:02] [config] mini-batch-warmup: 0
[2019-07-18 09:45:02] [config] mini-batch-words: 0
[2019-07-18 09:45:02] [config] mini-batch-words-ref: 0
[2019-07-18 09:45:02] [config] model: ../experiments/10M_mc_fasttext_prob_x_len_+_biced_0.25_x_bic1.1_x_dcce/model/model.npz
[2019-07-18 09:45:02] [config] multi-loss-type: sum
[2019-07-18 09:45:02] [config] multi-node: false
[2019-07-18 09:45:02] [config] multi-node-overlap: true
[2019-07-18 09:45:02] [config] n-best: false
[2019-07-18 09:45:02] [config] no-nccl: false
[2019-07-18 09:45:02] [config] no-reload: false
[2019-07-18 09:45:02] [config] no-restore-corpus: false
[2019-07-18 09:45:02] [config] no-shuffle: false
[2019-07-18 09:45:02] [config] normalize: 1
[2019-07-18 09:45:02] [config] num-devices: 0
[2019-07-18 09:45:02] [config] optimizer: adam
[2019-07-18 09:45:02] [config] optimizer-delay: 1
[2019-07-18 09:45:02] [config] optimizer-params:
[2019-07-18 09:45:02] [config]   []
[2019-07-18 09:45:02] [config] overwrite: false
[2019-07-18 09:45:02] [config] pretrained-model: ""
[2019-07-18 09:45:02] [config] quiet: false
[2019-07-18 09:45:02] [config] quiet-translation: true
[2019-07-18 09:45:02] [config] relative-paths: false
[2019-07-18 09:45:02] [config] right-left: false
[2019-07-18 09:45:02] [config] save-freq: 5000
[2019-07-18 09:45:02] [config] seed: 1111
[2019-07-18 09:45:02] [config] shuffle-in-ram: false
[2019-07-18 09:45:02] [config] skip: false
[2019-07-18 09:45:02] [config] sqlite: ""
[2019-07-18 09:45:02] [config] sqlite-drop: false
[2019-07-18 09:45:02] [config] sync-sgd: true
[2019-07-18 09:45:02] [config] tempdir: .
[2019-07-18 09:45:02] [config] tied-embeddings: false
[2019-07-18 09:45:02] [config] tied-embeddings-all: false
[2019-07-18 09:45:02] [config] tied-embeddings-src: false
[2019-07-18 09:45:02] [config] train-sets:
[2019-07-18 09:45:02] [config]   - ../experiments/10M_mc_fasttext_prob_x_len_+_biced_0.25_x_bic1.1_x_dcce/data/train.bpe.de
[2019-07-18 09:45:02] [config]   - ../experiments/10M_mc_fasttext_prob_x_len_+_biced_0.25_x_bic1.1_x_dcce/data/train.bpe.en
[2019-07-18 09:45:02] [config] transformer-aan-activation: swish
[2019-07-18 09:45:02] [config] transformer-aan-depth: 2
[2019-07-18 09:45:02] [config] transformer-aan-nogate: false
[2019-07-18 09:45:02] [config] transformer-decoder-autoreg: self-attention
[2019-07-18 09:45:02] [config] transformer-dim-aan: 2048
[2019-07-18 09:45:02] [config] transformer-dim-ffn: 2048
[2019-07-18 09:45:02] [config] transformer-dropout: 0
[2019-07-18 09:45:02] [config] transformer-dropout-attention: 0
[2019-07-18 09:45:02] [config] transformer-dropout-ffn: 0
[2019-07-18 09:45:02] [config] transformer-ffn-activation: swish
[2019-07-18 09:45:02] [config] transformer-ffn-depth: 2
[2019-07-18 09:45:02] [config] transformer-guided-alignment-layer: last
[2019-07-18 09:45:02] [config] transformer-heads: 8
[2019-07-18 09:45:02] [config] transformer-no-projection: false
[2019-07-18 09:45:02] [config] transformer-postprocess: dan
[2019-07-18 09:45:02] [config] transformer-postprocess-emb: d
[2019-07-18 09:45:02] [config] transformer-preprocess: ""
[2019-07-18 09:45:02] [config] transformer-tied-layers:
[2019-07-18 09:45:02] [config]   []
[2019-07-18 09:45:02] [config] transformer-train-position-embeddings: false
[2019-07-18 09:45:02] [config] type: amun
[2019-07-18 09:45:02] [config] ulr: false
[2019-07-18 09:45:02] [config] ulr-dim-emb: 0
[2019-07-18 09:45:02] [config] ulr-dropout: 0
[2019-07-18 09:45:02] [config] ulr-keys-vectors: ""
[2019-07-18 09:45:02] [config] ulr-query-vectors: ""
[2019-07-18 09:45:02] [config] ulr-softmax-temperature: 1
[2019-07-18 09:45:02] [config] ulr-trainable-transformation: false
[2019-07-18 09:45:02] [config] valid-freq: 5000
[2019-07-18 09:45:02] [config] valid-log: ../experiments/10M_mc_fasttext_prob_x_len_+_biced_0.25_x_bic1.1_x_dcce/model/valid.log
[2019-07-18 09:45:02] [config] valid-max-length: 1000
[2019-07-18 09:45:02] [config] valid-metrics:
[2019-07-18 09:45:02] [config]   - cross-entropy
[2019-07-18 09:45:02] [config]   - perplexity
[2019-07-18 09:45:02] [config]   - translation
[2019-07-18 09:45:02] [config] valid-mini-batch: 8
[2019-07-18 09:45:02] [config] valid-script-path: ../experiments/10M_mc_fasttext_prob_x_len_+_biced_0.25_x_bic1.1_x_dcce/score-dev.sh
[2019-07-18 09:45:02] [config] valid-sets:
[2019-07-18 09:45:02] [config]   - ../experiments/10M_mc_fasttext_prob_x_len_+_biced_0.25_x_bic1.1_x_dcce/data/dev.bpe.de
[2019-07-18 09:45:02] [config]   - ../experiments/10M_mc_fasttext_prob_x_len_+_biced_0.25_x_bic1.1_x_dcce/data/dev.bpe.en
[2019-07-18 09:45:02] [config] valid-translation-output: ../experiments/10M_mc_fasttext_prob_x_len_+_biced_0.25_x_bic1.1_x_dcce/model/dev.out
[2019-07-18 09:45:02] [config] vocabs:
[2019-07-18 09:45:02] [config]   - ../experiments/10M_mc_fasttext_prob_x_len_+_biced_0.25_x_bic1.1_x_dcce/data/train.bpe.de.json
[2019-07-18 09:45:02] [config]   - ../experiments/10M_mc_fasttext_prob_x_len_+_biced_0.25_x_bic1.1_x_dcce/data/train.bpe.en.json
[2019-07-18 09:45:02] [config] word-penalty: 0
[2019-07-18 09:45:02] [config] workspace: 5000
[2019-07-18 09:45:02] [config] Model is being created with Marian v1.7.8 ec2d66e 2019-05-27 14:52:11 +0100
[2019-07-18 09:45:02] Using synchronous training
[2019-07-18 09:45:02] [data] Loading vocabulary from JSON/Yaml file ../experiments/10M_mc_fasttext_prob_x_len_+_biced_0.25_x_bic1.1_x_dcce/data/train.bpe.de.json
[2019-07-18 09:45:02] [data] Using unused word id eos for 0
[2019-07-18 09:45:02] [data] Using unused word id UNK for 1
[2019-07-18 09:45:02] [data] Setting vocabulary size for input 0 to 50000
[2019-07-18 09:45:02] [data] Loading vocabulary from JSON/Yaml file ../experiments/10M_mc_fasttext_prob_x_len_+_biced_0.25_x_bic1.1_x_dcce/data/train.bpe.en.json
[2019-07-18 09:45:03] [data] Using unused word id eos for 0
[2019-07-18 09:45:03] [data] Using unused word id UNK for 1
[2019-07-18 09:45:03] [data] Setting vocabulary size for input 1 to 50000
[2019-07-18 09:45:03] Compiled without MPI support. Falling back to FakeMPIWrapper
[2019-07-18 09:45:03] [batching] Collecting statistics for batch fitting with step size 10
[2019-07-18 09:45:04] [memory] Extending reserved space to 5120 MB (device gpu0)
[2019-07-18 09:45:04] [comm] Using NCCL 2.4.2 for GPU communication
[2019-07-18 09:45:04] [comm] NCCLCommunicator constructed successfully.
[2019-07-18 09:45:04] [training] Using 1 GPUs
[2019-07-18 09:45:04] [memory] Reserving 422 MB, device gpu0
[2019-07-18 09:45:04] [gpu] 16-bit TensorCores enabled for float32 matrix operations
[2019-07-18 09:45:04] [memory] Reserving 422 MB, device gpu0
[2019-07-18 09:45:13] [batching] Done. Typical MB size is 6880 target words
[2019-07-18 09:45:13] [memory] Extending reserved space to 5120 MB (device gpu0)
[2019-07-18 09:45:13] [comm] Using NCCL 2.4.2 for GPU communication
[2019-07-18 09:45:13] [comm] NCCLCommunicator constructed successfully.
[2019-07-18 09:45:13] [training] Using 1 GPUs
[2019-07-18 09:45:13] Training started
[2019-07-18 09:45:13] [data] Shuffling data
[2019-07-18 09:45:13] [data] Done reading 505586 sentences
[2019-07-18 09:45:15] [data] Done shuffling 505586 sentences to temp files
[2019-07-18 09:45:17] [training] Batches are processed as 1 process(es) x 1 devices/process
[2019-07-18 09:45:17] [memory] Reserving 422 MB, device gpu0
[2019-07-18 09:45:18] [memory] Reserving 422 MB, device gpu0
[2019-07-18 09:45:18] [memory] Reserving 422 MB, device gpu0
[2019-07-18 09:45:18] [memory] Reserving 844 MB, device gpu0
[2019-07-18 09:52:33] Ep. 1 : Up. 1000 : Sen. 189,039 : Cost 118.50138092 : Time 450.75s : 9441.33 words/s
[2019-07-18 09:59:54] Ep. 1 : Up. 2000 : Sen. 379,348 : Cost 73.49466705 : Time 440.58s : 9686.52 words/s
[2019-07-18 10:02:50] Seen 455822 samples
[2019-07-18 10:02:51] Starting epoch 2
[2019-07-18 10:02:51] [data] Shuffling data
[2019-07-18 10:02:51] [data] Done reading 505586 sentences
[2019-07-18 10:02:55] [data] Done shuffling 505586 sentences to temp files
[2019-07-18 10:07:22] Ep. 2 : Up. 3000 : Sen. 113,035 : Cost 48.61656189 : Time 447.77s : 9471.63 words/s
[2019-07-18 10:14:43] Ep. 2 : Up. 4000 : Sen. 302,715 : Cost 41.50346756 : Time 441.47s : 9691.02 words/s
[2019-07-18 10:20:39] Seen 455822 samples
[2019-07-18 10:20:39] Starting epoch 3
[2019-07-18 10:20:39] [data] Shuffling data
[2019-07-18 10:20:41] [data] Done reading 505586 sentences
[2019-07-18 10:20:43] [data] Done shuffling 505586 sentences to temp files
[2019-07-18 10:22:11] Ep. 3 : Up. 5000 : Sen. 36,771 : Cost 37.12708664 : Time 447.71s : 9498.58 words/s
[2019-07-18 10:22:11] Saving model to ../experiments/10M_mc_fasttext_prob_x_len_+_biced_0.25_x_bic1.1_x_dcce/model/model.npz.orig.npz
[2019-07-18 10:22:20] Saving model to ../experiments/10M_mc_fasttext_prob_x_len_+_biced_0.25_x_bic1.1_x_dcce/model/model.iter5000.npz
[2019-07-18 10:22:30] Saving model to ../experiments/10M_mc_fasttext_prob_x_len_+_biced_0.25_x_bic1.1_x_dcce/model/model.npz
[2019-07-18 10:22:40] Saving Adam parameters to ../experiments/10M_mc_fasttext_prob_x_len_+_biced_0.25_x_bic1.1_x_dcce/model/model.npz.optimizer.npz
[2019-07-18 10:23:04] [valid] Ep. 3 : Up. 5000 : cross-entropy : 71.5799 : new best
[2019-07-18 10:23:12] [valid] Ep. 3 : Up. 5000 : perplexity : 17.0429 : new best
[2019-07-18 10:24:14] [valid] Ep. 3 : Up. 5000 : translation : 23.41 : new best
[2019-07-18 10:31:38] Ep. 3 : Up. 6000 : Sen. 227,289 : Cost 32.41810608 : Time 566.55s : 7539.69 words/s
[2019-07-18 10:39:00] Ep. 3 : Up. 7000 : Sen. 416,264 : Cost 32.16270065 : Time 442.40s : 9634.61 words/s
[2019-07-18 10:40:32] Seen 455822 samples
[2019-07-18 10:40:32] Starting epoch 4
[2019-07-18 10:40:32] [data] Shuffling data
[2019-07-18 10:40:32] [data] Done reading 505586 sentences
[2019-07-18 10:40:35] [data] Done shuffling 505586 sentences to temp files
[2019-07-18 10:46:26] Ep. 4 : Up. 8000 : Sen. 149,895 : Cost 28.06495285 : Time 446.33s : 9549.85 words/s
[2019-07-18 10:53:47] Ep. 4 : Up. 9000 : Sen. 340,245 : Cost 27.39872551 : Time 440.44s : 9674.22 words/s
[2019-07-18 10:58:16] Seen 455822 samples
[2019-07-18 10:58:16] Starting epoch 5
[2019-07-18 10:58:16] [data] Shuffling data
[2019-07-18 10:58:16] [data] Done reading 505586 sentences
[2019-07-18 10:58:18] [data] Done shuffling 505586 sentences to temp files
[2019-07-18 11:01:12] Ep. 5 : Up. 10000 : Sen. 74,523 : Cost 25.93401337 : Time 445.28s : 9592.61 words/s
[2019-07-18 11:01:12] Saving model to ../experiments/10M_mc_fasttext_prob_x_len_+_biced_0.25_x_bic1.1_x_dcce/model/model.npz.orig.npz
[2019-07-18 11:01:23] Saving model to ../experiments/10M_mc_fasttext_prob_x_len_+_biced_0.25_x_bic1.1_x_dcce/model/model.iter10000.npz
[2019-07-18 11:01:34] Saving model to ../experiments/10M_mc_fasttext_prob_x_len_+_biced_0.25_x_bic1.1_x_dcce/model/model.npz
[2019-07-18 11:01:46] Saving Adam parameters to ../experiments/10M_mc_fasttext_prob_x_len_+_biced_0.25_x_bic1.1_x_dcce/model/model.npz.optimizer.npz
[2019-07-18 11:02:19] [valid] Ep. 5 : Up. 10000 : cross-entropy : 65.2338 : new best
[2019-07-18 11:02:27] [valid] Ep. 5 : Up. 10000 : perplexity : 13.2544 : new best
[2019-07-18 11:03:30] [valid] Ep. 5 : Up. 10000 : translation : 25.46 : new best
[2019-07-18 11:10:55] Ep. 5 : Up. 11000 : Sen. 264,355 : Cost 23.83561325 : Time 582.47s : 7329.52 words/s
[2019-07-18 11:18:12] Ep. 5 : Up. 12000 : Sen. 455,242 : Cost 24.38033295 : Time 437.60s : 9791.81 words/s
[2019-07-18 11:18:13] Seen 455822 samples
[2019-07-18 11:18:13] Starting epoch 6
[2019-07-18 11:18:13] [data] Shuffling data
[2019-07-18 11:18:15] [data] Done reading 505586 sentences
[2019-07-18 11:18:17] [data] Done shuffling 505586 sentences to temp files
[2019-07-18 11:25:31] Ep. 6 : Up. 13000 : Sen. 188,356 : Cost 20.47500801 : Time 438.84s : 9641.37 words/s
[2019-07-18 11:32:46] Ep. 6 : Up. 14000 : Sen. 377,370 : Cost 21.72115135 : Time 434.56s : 9797.16 words/s
[2019-07-18 11:35:46] Seen 455822 samples
[2019-07-18 11:35:46] Starting epoch 7
[2019-07-18 11:35:46] [data] Shuffling data
[2019-07-18 11:35:46] [data] Done reading 505586 sentences
[2019-07-18 11:35:48] [data] Done shuffling 505586 sentences to temp files
[2019-07-18 11:40:04] Ep. 7 : Up. 15000 : Sen. 110,890 : Cost 19.64776802 : Time 438.43s : 9686.23 words/s
[2019-07-18 11:40:04] Saving model to ../experiments/10M_mc_fasttext_prob_x_len_+_biced_0.25_x_bic1.1_x_dcce/model/model.npz.orig.npz
[2019-07-18 11:40:13] Saving model to ../experiments/10M_mc_fasttext_prob_x_len_+_biced_0.25_x_bic1.1_x_dcce/model/model.iter15000.npz
[2019-07-18 11:40:20] Saving model to ../experiments/10M_mc_fasttext_prob_x_len_+_biced_0.25_x_bic1.1_x_dcce/model/model.npz
[2019-07-18 11:40:29] Saving Adam parameters to ../experiments/10M_mc_fasttext_prob_x_len_+_biced_0.25_x_bic1.1_x_dcce/model/model.npz.optimizer.npz
[2019-07-18 11:40:55] [valid] Ep. 7 : Up. 15000 : cross-entropy : 65.806 : stalled 1 times (last best: 65.2338)
[2019-07-18 11:41:03] [valid] Ep. 7 : Up. 15000 : perplexity : 13.5582 : stalled 1 times (last best: 13.2544)
[2019-07-18 11:42:04] [valid] Ep. 7 : Up. 15000 : translation : 25.66 : new best
[2019-07-18 11:49:21] Ep. 7 : Up. 16000 : Sen. 300,000 : Cost 19.01337242 : Time 556.66s : 7637.27 words/s
[2019-07-18 11:55:20] Seen 455822 samples
[2019-07-18 11:55:20] Starting epoch 8
[2019-07-18 11:55:20] [data] Shuffling data
[2019-07-18 11:55:20] [data] Done reading 505586 sentences
[2019-07-18 11:55:22] [data] Done shuffling 505586 sentences to temp files
[2019-07-18 11:56:40] Ep. 8 : Up. 17000 : Sen. 33,248 : Cost 18.99408722 : Time 439.62s : 9652.73 words/s
[2019-07-18 12:03:55] Ep. 8 : Up. 18000 : Sen. 223,430 : Cost 16.39100456 : Time 435.07s : 9811.46 words/s
[2019-07-18 12:11:12] Ep. 8 : Up. 19000 : Sen. 414,051 : Cost 17.43352318 : Time 437.06s : 9799.95 words/s
[2019-07-18 12:12:49] Seen 455822 samples
[2019-07-18 12:12:49] Starting epoch 9
[2019-07-18 12:12:49] [data] Shuffling data
[2019-07-18 12:12:50] [data] Done reading 505586 sentences
[2019-07-18 12:12:51] [data] Done shuffling 505586 sentences to temp files
[2019-07-18 12:18:33] Ep. 9 : Up. 20000 : Sen. 147,628 : Cost 15.03843594 : Time 440.37s : 9684.28 words/s
[2019-07-18 12:18:33] Saving model to ../experiments/10M_mc_fasttext_prob_x_len_+_biced_0.25_x_bic1.1_x_dcce/model/model.npz.orig.npz
[2019-07-18 12:18:42] Saving model to ../experiments/10M_mc_fasttext_prob_x_len_+_biced_0.25_x_bic1.1_x_dcce/model/model.iter20000.npz
[2019-07-18 12:18:49] Saving model to ../experiments/10M_mc_fasttext_prob_x_len_+_biced_0.25_x_bic1.1_x_dcce/model/model.npz
[2019-07-18 12:18:58] Saving Adam parameters to ../experiments/10M_mc_fasttext_prob_x_len_+_biced_0.25_x_bic1.1_x_dcce/model/model.npz.optimizer.npz
[2019-07-18 12:19:23] [valid] Ep. 9 : Up. 20000 : cross-entropy : 68.3394 : stalled 2 times (last best: 65.2338)
[2019-07-18 12:19:31] [valid] Ep. 9 : Up. 20000 : perplexity : 14.9896 : stalled 2 times (last best: 13.2544)
[2019-07-18 12:20:31] [valid] Ep. 9 : Up. 20000 : translation : 25.58 : stalled 1 times (last best: 25.66)
[2019-07-18 12:27:52] Ep. 9 : Up. 21000 : Sen. 337,933 : Cost 15.14225674 : Time 558.78s : 7637.48 words/s
[2019-07-18 12:32:26] Seen 455822 samples
[2019-07-18 12:32:26] Starting epoch 10
[2019-07-18 12:32:26] [data] Shuffling data
[2019-07-18 12:32:28] [data] Done reading 505586 sentences
[2019-07-18 12:32:30] [data] Done shuffling 505586 sentences to temp files
[2019-07-18 12:35:19] Ep. 10 : Up. 22000 : Sen. 71,863 : Cost 14.53458309 : Time 446.98s : 9536.50 words/s
[2019-07-18 12:42:35] Ep. 10 : Up. 23000 : Sen. 261,515 : Cost 13.24131393 : Time 436.73s : 9762.68 words/s
[2019-07-18 12:49:54] Ep. 10 : Up. 24000 : Sen. 451,705 : Cost 14.06823730 : Time 439.15s : 9729.52 words/s
[2019-07-18 12:50:04] Seen 455822 samples
[2019-07-18 12:50:04] Starting epoch 11
[2019-07-18 12:50:04] [data] Shuffling data
[2019-07-18 12:50:04] [data] Done reading 505586 sentences
[2019-07-18 12:50:06] [data] Done shuffling 505586 sentences to temp files
[2019-07-18 12:57:15] Ep. 11 : Up. 25000 : Sen. 186,429 : Cost 11.46333981 : Time 440.76s : 9686.59 words/s
[2019-07-18 12:57:15] Saving model to ../experiments/10M_mc_fasttext_prob_x_len_+_biced_0.25_x_bic1.1_x_dcce/model/model.npz.orig.npz
[2019-07-18 12:57:24] Saving model to ../experiments/10M_mc_fasttext_prob_x_len_+_biced_0.25_x_bic1.1_x_dcce/model/model.iter25000.npz
[2019-07-18 12:57:30] Saving model to ../experiments/10M_mc_fasttext_prob_x_len_+_biced_0.25_x_bic1.1_x_dcce/model/model.npz
[2019-07-18 12:57:40] Saving Adam parameters to ../experiments/10M_mc_fasttext_prob_x_len_+_biced_0.25_x_bic1.1_x_dcce/model/model.npz.optimizer.npz
[2019-07-18 12:58:08] [valid] Ep. 11 : Up. 25000 : cross-entropy : 71.7834 : stalled 3 times (last best: 65.2338)
[2019-07-18 12:58:16] [valid] Ep. 11 : Up. 25000 : perplexity : 17.1809 : stalled 3 times (last best: 13.2544)
[2019-07-18 12:59:16] [valid] Ep. 11 : Up. 25000 : translation : 25.1 : stalled 2 times (last best: 25.66)
[2019-07-18 13:06:34] Ep. 11 : Up. 26000 : Sen. 376,187 : Cost 12.41520119 : Time 558.84s : 7635.95 words/s
[2019-07-18 13:09:37] Seen 455822 samples
[2019-07-18 13:09:37] Starting epoch 12
[2019-07-18 13:09:37] [data] Shuffling data
[2019-07-18 13:09:37] [data] Done reading 505586 sentences
[2019-07-18 13:09:39] [data] Done shuffling 505586 sentences to temp files
[2019-07-18 13:13:54] Ep. 12 : Up. 27000 : Sen. 109,524 : Cost 11.25540447 : Time 440.39s : 9635.99 words/s
[2019-07-18 13:21:13] Ep. 12 : Up. 28000 : Sen. 299,212 : Cost 10.94115734 : Time 438.13s : 9750.46 words/s
[2019-07-18 13:27:13] Seen 455822 samples
[2019-07-18 13:27:13] Starting epoch 13
[2019-07-18 13:27:13] [data] Shuffling data
[2019-07-18 13:27:13] [data] Done reading 505586 sentences
[2019-07-18 13:27:15] [data] Done shuffling 505586 sentences to temp files
[2019-07-18 13:28:35] Ep. 13 : Up. 29000 : Sen. 33,458 : Cost 11.05838394 : Time 442.04s : 9644.15 words/s
[2019-07-18 13:35:52] Ep. 13 : Up. 30000 : Sen. 223,604 : Cost 9.46837330 : Time 437.02s : 9745.42 words/s
[2019-07-18 13:35:52] Saving model to ../experiments/10M_mc_fasttext_prob_x_len_+_biced_0.25_x_bic1.1_x_dcce/model/model.npz.orig.npz
[2019-07-18 13:36:00] Saving model to ../experiments/10M_mc_fasttext_prob_x_len_+_biced_0.25_x_bic1.1_x_dcce/model/model.iter30000.npz
[2019-07-18 13:36:07] Saving model to ../experiments/10M_mc_fasttext_prob_x_len_+_biced_0.25_x_bic1.1_x_dcce/model/model.npz
[2019-07-18 13:36:17] Saving Adam parameters to ../experiments/10M_mc_fasttext_prob_x_len_+_biced_0.25_x_bic1.1_x_dcce/model/model.npz.optimizer.npz
[2019-07-18 13:36:41] [valid] Ep. 13 : Up. 30000 : cross-entropy : 75.4387 : stalled 4 times (last best: 65.2338)
[2019-07-18 13:36:48] [valid] Ep. 13 : Up. 30000 : perplexity : 19.858 : stalled 4 times (last best: 13.2544)
[2019-07-18 13:37:51] [valid] Ep. 13 : Up. 30000 : translation : 24.75 : stalled 3 times (last best: 25.66)
[2019-07-18 13:45:13] Ep. 13 : Up. 31000 : Sen. 414,830 : Cost 10.40697002 : Time 561.23s : 7664.79 words/s
[2019-07-18 13:46:48] Seen 455822 samples
[2019-07-18 13:46:48] Starting epoch 14
[2019-07-18 13:46:48] [data] Shuffling data
[2019-07-18 13:46:49] [data] Done reading 505586 sentences
[2019-07-18 13:46:50] [data] Done shuffling 505586 sentences to temp files
[2019-07-18 13:52:38] Ep. 14 : Up. 32000 : Sen. 149,051 : Cost 8.89374256 : Time 444.91s : 9597.50 words/s
[2019-07-18 13:59:53] Ep. 14 : Up. 33000 : Sen. 339,200 : Cost 9.16219711 : Time 435.76s : 9796.99 words/s
[2019-07-18 14:04:22] Seen 455822 samples
[2019-07-18 14:04:22] Starting epoch 15
[2019-07-18 14:04:22] [data] Shuffling data
[2019-07-18 14:04:22] [data] Done reading 505586 sentences
[2019-07-18 14:04:24] [data] Done shuffling 505586 sentences to temp files
[2019-07-18 14:07:13] Ep. 15 : Up. 34000 : Sen. 72,734 : Cost 8.83638954 : Time 439.83s : 9669.84 words/s
[2019-07-18 14:14:29] Ep. 15 : Up. 35000 : Sen. 261,940 : Cost 8.12536240 : Time 435.98s : 9769.10 words/s
[2019-07-18 14:14:29] Saving model to ../experiments/10M_mc_fasttext_prob_x_len_+_biced_0.25_x_bic1.1_x_dcce/model/model.npz.orig.npz
[2019-07-18 14:14:38] Saving model to ../experiments/10M_mc_fasttext_prob_x_len_+_biced_0.25_x_bic1.1_x_dcce/model/model.iter35000.npz
[2019-07-18 14:14:45] Saving model to ../experiments/10M_mc_fasttext_prob_x_len_+_biced_0.25_x_bic1.1_x_dcce/model/model.npz
[2019-07-18 14:14:54] Saving Adam parameters to ../experiments/10M_mc_fasttext_prob_x_len_+_biced_0.25_x_bic1.1_x_dcce/model/model.npz.optimizer.npz
[2019-07-18 14:15:18] [valid] Ep. 15 : Up. 35000 : cross-entropy : 79.036 : stalled 5 times (last best: 65.2338)
[2019-07-18 14:15:25] [valid] Ep. 15 : Up. 35000 : perplexity : 22.8996 : stalled 5 times (last best: 13.2544)
[2019-07-18 14:16:25] [valid] Ep. 15 : Up. 35000 : translation : 24.53 : stalled 4 times (last best: 25.66)
[2019-07-18 14:16:27] Training finished
[2019-07-18 14:16:30] Saving model to ../experiments/10M_mc_fasttext_prob_x_len_+_biced_0.25_x_bic1.1_x_dcce/model/model.npz.orig.npz
[2019-07-18 14:16:40] Saving model to ../experiments/10M_mc_fasttext_prob_x_len_+_biced_0.25_x_bic1.1_x_dcce/model/model.npz
[2019-07-18 14:16:49] Saving Adam parameters to ../experiments/10M_mc_fasttext_prob_x_len_+_biced_0.25_x_bic1.1_x_dcce/model/model.npz.optimizer.npz
