[2019-07-09 17:37:17] [marian] Marian v1.7.8 ec2d66e 2019-05-27 14:52:11 +0100
[2019-07-09 17:37:17] [marian] Running on fulla as process 57723 with command line:
[2019-07-09 17:37:17] [marian] /fs/bil0/abdel/marian-dev/build/marian --sync-sgd --model ../experiments/10M_fasttext_prob_x_len_+_dcce_x_ced_0.25/model/model.npz -T . --devices 7 --train-sets ../experiments/10M_fasttext_prob_x_len_+_dcce_x_ced_0.25/data/train.bpe.de ../experiments/10M_fasttext_prob_x_len_+_dcce_x_ced_0.25/data/train.bpe.en --vocabs ../experiments/10M_fasttext_prob_x_len_+_dcce_x_ced_0.25/data/train.bpe.de.json ../experiments/10M_fasttext_prob_x_len_+_dcce_x_ced_0.25/data/train.bpe.en.json --mini-batch-fit -w 3000 --dim-vocabs 50000 50000 --layer-normalization --dropout-rnn 0.2 --dropout-src 0.1 --dropout-trg 0.1 --learn-rate 0.0001 --after-epochs 0 --early-stopping 5 --valid-freq 20000 --save-freq 20000 --disp-freq 2000 --valid-mini-batch 8 --valid-sets ../experiments/10M_fasttext_prob_x_len_+_dcce_x_ced_0.25/data/dev.bpe.de ../experiments/10M_fasttext_prob_x_len_+_dcce_x_ced_0.25/data/dev.bpe.en --valid-metrics cross-entropy perplexity translation --valid-translation-output ../experiments/10M_fasttext_prob_x_len_+_dcce_x_ced_0.25/model/dev.out --valid-script-path ../experiments/10M_fasttext_prob_x_len_+_dcce_x_ced_0.25/score-dev.sh --seed 1111 --exponential-smoothing --normalize=1 --beam-size=12 --quiet-translation --log ../experiments/10M_fasttext_prob_x_len_+_dcce_x_ced_0.25/model/train.log --valid-log ../experiments/10M_fasttext_prob_x_len_+_dcce_x_ced_0.25/model/valid.log
[2019-07-09 17:37:17] [config] after-batches: 0
[2019-07-09 17:37:17] [config] after-epochs: 0
[2019-07-09 17:37:17] [config] allow-unk: false
[2019-07-09 17:37:17] [config] beam-size: 12
[2019-07-09 17:37:17] [config] bert-class-symbol: "[CLS]"
[2019-07-09 17:37:17] [config] bert-mask-symbol: "[MASK]"
[2019-07-09 17:37:17] [config] bert-masking-fraction: 0.15
[2019-07-09 17:37:17] [config] bert-sep-symbol: "[SEP]"
[2019-07-09 17:37:17] [config] bert-train-type-embeddings: true
[2019-07-09 17:37:17] [config] bert-type-vocab-size: 2
[2019-07-09 17:37:17] [config] best-deep: false
[2019-07-09 17:37:17] [config] clip-gemm: 0
[2019-07-09 17:37:17] [config] clip-norm: 1
[2019-07-09 17:37:17] [config] cost-type: ce-mean
[2019-07-09 17:37:17] [config] cpu-threads: 0
[2019-07-09 17:37:17] [config] data-weighting: ""
[2019-07-09 17:37:17] [config] data-weighting-type: sentence
[2019-07-09 17:37:17] [config] dec-cell: gru
[2019-07-09 17:37:17] [config] dec-cell-base-depth: 2
[2019-07-09 17:37:17] [config] dec-cell-high-depth: 1
[2019-07-09 17:37:17] [config] dec-depth: 1
[2019-07-09 17:37:17] [config] devices:
[2019-07-09 17:37:17] [config]   - 7
[2019-07-09 17:37:17] [config] dim-emb: 512
[2019-07-09 17:37:17] [config] dim-rnn: 1024
[2019-07-09 17:37:17] [config] dim-vocabs:
[2019-07-09 17:37:17] [config]   - 50000
[2019-07-09 17:37:17] [config]   - 50000
[2019-07-09 17:37:17] [config] disp-first: 0
[2019-07-09 17:37:17] [config] disp-freq: 2000
[2019-07-09 17:37:17] [config] disp-label-counts: false
[2019-07-09 17:37:17] [config] dropout-rnn: 0.2
[2019-07-09 17:37:17] [config] dropout-src: 0.1
[2019-07-09 17:37:17] [config] dropout-trg: 0.1
[2019-07-09 17:37:17] [config] dump-config: ""
[2019-07-09 17:37:17] [config] early-stopping: 5
[2019-07-09 17:37:17] [config] embedding-fix-src: false
[2019-07-09 17:37:17] [config] embedding-fix-trg: false
[2019-07-09 17:37:17] [config] embedding-normalization: false
[2019-07-09 17:37:17] [config] embedding-vectors:
[2019-07-09 17:37:17] [config]   []
[2019-07-09 17:37:17] [config] enc-cell: gru
[2019-07-09 17:37:17] [config] enc-cell-depth: 1
[2019-07-09 17:37:17] [config] enc-depth: 1
[2019-07-09 17:37:17] [config] enc-type: bidirectional
[2019-07-09 17:37:17] [config] exponential-smoothing: 0.0001
[2019-07-09 17:37:17] [config] grad-dropping-momentum: 0
[2019-07-09 17:37:17] [config] grad-dropping-rate: 0
[2019-07-09 17:37:17] [config] grad-dropping-warmup: 100
[2019-07-09 17:37:17] [config] guided-alignment: none
[2019-07-09 17:37:17] [config] guided-alignment-cost: mse
[2019-07-09 17:37:17] [config] guided-alignment-weight: 0.1
[2019-07-09 17:37:17] [config] ignore-model-config: false
[2019-07-09 17:37:17] [config] input-types:
[2019-07-09 17:37:17] [config]   []
[2019-07-09 17:37:17] [config] interpolate-env-vars: false
[2019-07-09 17:37:17] [config] keep-best: false
[2019-07-09 17:37:17] [config] label-smoothing: 0
[2019-07-09 17:37:17] [config] layer-normalization: true
[2019-07-09 17:37:17] [config] learn-rate: 0.0001
[2019-07-09 17:37:17] [config] log: ../experiments/10M_fasttext_prob_x_len_+_dcce_x_ced_0.25/model/train.log
[2019-07-09 17:37:17] [config] log-level: info
[2019-07-09 17:37:17] [config] log-time-zone: ""
[2019-07-09 17:37:17] [config] lr-decay: 0
[2019-07-09 17:37:17] [config] lr-decay-freq: 50000
[2019-07-09 17:37:17] [config] lr-decay-inv-sqrt:
[2019-07-09 17:37:17] [config]   - 0
[2019-07-09 17:37:17] [config] lr-decay-repeat-warmup: false
[2019-07-09 17:37:17] [config] lr-decay-reset-optimizer: false
[2019-07-09 17:37:17] [config] lr-decay-start:
[2019-07-09 17:37:17] [config]   - 10
[2019-07-09 17:37:17] [config]   - 1
[2019-07-09 17:37:17] [config] lr-decay-strategy: epoch+stalled
[2019-07-09 17:37:17] [config] lr-report: false
[2019-07-09 17:37:17] [config] lr-warmup: 0
[2019-07-09 17:37:17] [config] lr-warmup-at-reload: false
[2019-07-09 17:37:17] [config] lr-warmup-cycle: false
[2019-07-09 17:37:17] [config] lr-warmup-start-rate: 0
[2019-07-09 17:37:17] [config] max-length: 50
[2019-07-09 17:37:17] [config] max-length-crop: false
[2019-07-09 17:37:17] [config] max-length-factor: 3
[2019-07-09 17:37:17] [config] maxi-batch: 100
[2019-07-09 17:37:17] [config] maxi-batch-sort: trg
[2019-07-09 17:37:17] [config] mini-batch: 64
[2019-07-09 17:37:17] [config] mini-batch-fit: true
[2019-07-09 17:37:17] [config] mini-batch-fit-step: 10
[2019-07-09 17:37:17] [config] mini-batch-overstuff: 1
[2019-07-09 17:37:17] [config] mini-batch-track-lr: false
[2019-07-09 17:37:17] [config] mini-batch-understuff: 1
[2019-07-09 17:37:17] [config] mini-batch-warmup: 0
[2019-07-09 17:37:17] [config] mini-batch-words: 0
[2019-07-09 17:37:17] [config] mini-batch-words-ref: 0
[2019-07-09 17:37:17] [config] model: ../experiments/10M_fasttext_prob_x_len_+_dcce_x_ced_0.25/model/model.npz
[2019-07-09 17:37:17] [config] multi-loss-type: sum
[2019-07-09 17:37:17] [config] multi-node: false
[2019-07-09 17:37:17] [config] multi-node-overlap: true
[2019-07-09 17:37:17] [config] n-best: false
[2019-07-09 17:37:17] [config] no-nccl: false
[2019-07-09 17:37:17] [config] no-reload: false
[2019-07-09 17:37:17] [config] no-restore-corpus: false
[2019-07-09 17:37:17] [config] no-shuffle: false
[2019-07-09 17:37:17] [config] normalize: 1
[2019-07-09 17:37:17] [config] num-devices: 0
[2019-07-09 17:37:17] [config] optimizer: adam
[2019-07-09 17:37:17] [config] optimizer-delay: 1
[2019-07-09 17:37:17] [config] optimizer-params:
[2019-07-09 17:37:17] [config]   []
[2019-07-09 17:37:17] [config] overwrite: false
[2019-07-09 17:37:17] [config] pretrained-model: ""
[2019-07-09 17:37:17] [config] quiet: false
[2019-07-09 17:37:17] [config] quiet-translation: true
[2019-07-09 17:37:17] [config] relative-paths: false
[2019-07-09 17:37:17] [config] right-left: false
[2019-07-09 17:37:17] [config] save-freq: 20000
[2019-07-09 17:37:17] [config] seed: 1111
[2019-07-09 17:37:17] [config] shuffle-in-ram: false
[2019-07-09 17:37:17] [config] skip: false
[2019-07-09 17:37:17] [config] sqlite: ""
[2019-07-09 17:37:17] [config] sqlite-drop: false
[2019-07-09 17:37:17] [config] sync-sgd: true
[2019-07-09 17:37:17] [config] tempdir: .
[2019-07-09 17:37:17] [config] tied-embeddings: false
[2019-07-09 17:37:17] [config] tied-embeddings-all: false
[2019-07-09 17:37:17] [config] tied-embeddings-src: false
[2019-07-09 17:37:17] [config] train-sets:
[2019-07-09 17:37:17] [config]   - ../experiments/10M_fasttext_prob_x_len_+_dcce_x_ced_0.25/data/train.bpe.de
[2019-07-09 17:37:17] [config]   - ../experiments/10M_fasttext_prob_x_len_+_dcce_x_ced_0.25/data/train.bpe.en
[2019-07-09 17:37:17] [config] transformer-aan-activation: swish
[2019-07-09 17:37:17] [config] transformer-aan-depth: 2
[2019-07-09 17:37:17] [config] transformer-aan-nogate: false
[2019-07-09 17:37:17] [config] transformer-decoder-autoreg: self-attention
[2019-07-09 17:37:17] [config] transformer-dim-aan: 2048
[2019-07-09 17:37:17] [config] transformer-dim-ffn: 2048
[2019-07-09 17:37:17] [config] transformer-dropout: 0
[2019-07-09 17:37:17] [config] transformer-dropout-attention: 0
[2019-07-09 17:37:17] [config] transformer-dropout-ffn: 0
[2019-07-09 17:37:17] [config] transformer-ffn-activation: swish
[2019-07-09 17:37:17] [config] transformer-ffn-depth: 2
[2019-07-09 17:37:17] [config] transformer-guided-alignment-layer: last
[2019-07-09 17:37:17] [config] transformer-heads: 8
[2019-07-09 17:37:17] [config] transformer-no-projection: false
[2019-07-09 17:37:17] [config] transformer-postprocess: dan
[2019-07-09 17:37:17] [config] transformer-postprocess-emb: d
[2019-07-09 17:37:17] [config] transformer-preprocess: ""
[2019-07-09 17:37:17] [config] transformer-tied-layers:
[2019-07-09 17:37:17] [config]   []
[2019-07-09 17:37:17] [config] transformer-train-position-embeddings: false
[2019-07-09 17:37:17] [config] type: amun
[2019-07-09 17:37:17] [config] ulr: false
[2019-07-09 17:37:17] [config] ulr-dim-emb: 0
[2019-07-09 17:37:17] [config] ulr-dropout: 0
[2019-07-09 17:37:17] [config] ulr-keys-vectors: ""
[2019-07-09 17:37:17] [config] ulr-query-vectors: ""
[2019-07-09 17:37:17] [config] ulr-softmax-temperature: 1
[2019-07-09 17:37:17] [config] ulr-trainable-transformation: false
[2019-07-09 17:37:17] [config] valid-freq: 20000
[2019-07-09 17:37:17] [config] valid-log: ../experiments/10M_fasttext_prob_x_len_+_dcce_x_ced_0.25/model/valid.log
[2019-07-09 17:37:17] [config] valid-max-length: 1000
[2019-07-09 17:37:17] [config] valid-metrics:
[2019-07-09 17:37:17] [config]   - cross-entropy
[2019-07-09 17:37:17] [config]   - perplexity
[2019-07-09 17:37:17] [config]   - translation
[2019-07-09 17:37:17] [config] valid-mini-batch: 8
[2019-07-09 17:37:17] [config] valid-script-path: ../experiments/10M_fasttext_prob_x_len_+_dcce_x_ced_0.25/score-dev.sh
[2019-07-09 17:37:17] [config] valid-sets:
[2019-07-09 17:37:17] [config]   - ../experiments/10M_fasttext_prob_x_len_+_dcce_x_ced_0.25/data/dev.bpe.de
[2019-07-09 17:37:17] [config]   - ../experiments/10M_fasttext_prob_x_len_+_dcce_x_ced_0.25/data/dev.bpe.en
[2019-07-09 17:37:17] [config] valid-translation-output: ../experiments/10M_fasttext_prob_x_len_+_dcce_x_ced_0.25/model/dev.out
[2019-07-09 17:37:17] [config] vocabs:
[2019-07-09 17:37:17] [config]   - ../experiments/10M_fasttext_prob_x_len_+_dcce_x_ced_0.25/data/train.bpe.de.json
[2019-07-09 17:37:17] [config]   - ../experiments/10M_fasttext_prob_x_len_+_dcce_x_ced_0.25/data/train.bpe.en.json
[2019-07-09 17:37:17] [config] word-penalty: 0
[2019-07-09 17:37:17] [config] workspace: 3000
[2019-07-09 17:37:17] [config] Model is being created with Marian v1.7.8 ec2d66e 2019-05-27 14:52:11 +0100
[2019-07-09 17:37:17] Using synchronous training
[2019-07-09 17:37:17] [data] Loading vocabulary from JSON/Yaml file ../experiments/10M_fasttext_prob_x_len_+_dcce_x_ced_0.25/data/train.bpe.de.json
[2019-07-09 17:37:17] [data] Using unused word id eos for 0
[2019-07-09 17:37:17] [data] Using unused word id UNK for 1
[2019-07-09 17:37:17] [data] Setting vocabulary size for input 0 to 50000
[2019-07-09 17:37:17] [data] Loading vocabulary from JSON/Yaml file ../experiments/10M_fasttext_prob_x_len_+_dcce_x_ced_0.25/data/train.bpe.en.json
[2019-07-09 17:37:17] [data] Using unused word id eos for 0
[2019-07-09 17:37:17] [data] Using unused word id UNK for 1
[2019-07-09 17:37:17] [data] Setting vocabulary size for input 1 to 50000
[2019-07-09 17:37:17] Compiled without MPI support. Falling back to FakeMPIWrapper
[2019-07-09 17:37:17] [batching] Collecting statistics for batch fitting with step size 10
[2019-07-09 17:37:19] [memory] Extending reserved space to 3072 MB (device gpu7)
[2019-07-09 17:37:19] [comm] Using NCCL 2.4.2 for GPU communication
[2019-07-09 17:37:19] [comm] NCCLCommunicator constructed successfully.
[2019-07-09 17:37:19] [training] Using 1 GPUs
[2019-07-09 17:37:19] [memory] Reserving 422 MB, device gpu7
[2019-07-09 17:37:19] [gpu] 16-bit TensorCores enabled for float32 matrix operations
[2019-07-09 17:37:19] [memory] Reserving 422 MB, device gpu7
[2019-07-09 17:37:22] [batching] Done. Typical MB size is 4042 target words
[2019-07-09 17:37:22] [memory] Extending reserved space to 3072 MB (device gpu7)
[2019-07-09 17:37:22] [comm] Using NCCL 2.4.2 for GPU communication
[2019-07-09 17:37:22] [comm] NCCLCommunicator constructed successfully.
[2019-07-09 17:37:22] [training] Using 1 GPUs
[2019-07-09 17:37:22] Training started
[2019-07-09 17:37:22] [data] Shuffling data
[2019-07-09 17:37:22] [data] Done reading 715756 sentences
[2019-07-09 17:37:24] [data] Done shuffling 715756 sentences to temp files
[2019-07-09 17:37:27] [training] Batches are processed as 1 process(es) x 1 devices/process
[2019-07-09 17:37:27] [memory] Reserving 422 MB, device gpu7
[2019-07-09 17:37:27] [memory] Reserving 422 MB, device gpu7
[2019-07-09 17:37:27] [memory] Reserving 422 MB, device gpu7
[2019-07-09 17:37:27] [memory] Reserving 844 MB, device gpu7
[2019-07-09 17:42:21] Ep. 1 : Up. 2000 : Sen. 284,330 : Cost 87.88781738 : Time 303.87s : 15798.00 words/s
[2019-07-09 17:47:17] Ep. 1 : Up. 4000 : Sen. 567,317 : Cost 61.26773834 : Time 295.49s : 16234.32 words/s
[2019-07-09 17:49:06] Seen 672665 samples
[2019-07-09 17:49:06] Starting epoch 2
[2019-07-09 17:49:06] [data] Shuffling data
[2019-07-09 17:49:07] [data] Done reading 715756 sentences
[2019-07-09 17:49:09] [data] Done shuffling 715756 sentences to temp files
[2019-07-09 17:52:17] Ep. 2 : Up. 6000 : Sen. 179,483 : Cost 49.18105316 : Time 300.19s : 16003.89 words/s
[2019-07-09 17:57:12] Ep. 2 : Up. 8000 : Sen. 463,110 : Cost 43.09046936 : Time 295.70s : 16258.20 words/s
[2019-07-09 18:00:49] Seen 672665 samples
[2019-07-09 18:00:49] Starting epoch 3
[2019-07-09 18:00:49] [data] Shuffling data
[2019-07-09 18:00:50] [data] Done reading 715756 sentences
[2019-07-09 18:00:52] [data] Done shuffling 715756 sentences to temp files
[2019-07-09 18:02:12] Ep. 3 : Up. 10000 : Sen. 75,528 : Cost 38.95669174 : Time 299.46s : 16053.22 words/s
[2019-07-09 18:07:08] Ep. 3 : Up. 12000 : Sen. 359,869 : Cost 35.69738388 : Time 295.67s : 16247.96 words/s
[2019-07-09 18:12:03] Ep. 3 : Up. 14000 : Sen. 642,721 : Cost 34.26188278 : Time 295.48s : 16230.71 words/s
[2019-07-09 18:12:34] Seen 672665 samples
[2019-07-09 18:12:34] Starting epoch 4
[2019-07-09 18:12:34] [data] Shuffling data
[2019-07-09 18:12:34] [data] Done reading 715756 sentences
[2019-07-09 18:12:37] [data] Done shuffling 715756 sentences to temp files
[2019-07-09 18:17:02] Ep. 4 : Up. 16000 : Sen. 252,691 : Cost 31.69863319 : Time 299.00s : 15962.92 words/s
[2019-07-09 18:21:57] Ep. 4 : Up. 18000 : Sen. 536,176 : Cost 30.89366722 : Time 295.34s : 16254.35 words/s
[2019-07-09 18:24:19] Seen 672665 samples
[2019-07-09 18:24:19] Starting epoch 5
[2019-07-09 18:24:19] [data] Shuffling data
[2019-07-09 18:24:19] [data] Done reading 715756 sentences
[2019-07-09 18:24:22] [data] Done shuffling 715756 sentences to temp files
[2019-07-09 18:26:58] Ep. 5 : Up. 20000 : Sen. 148,282 : Cost 29.44992065 : Time 300.78s : 16000.92 words/s
[2019-07-09 18:26:58] Saving model to ../experiments/10M_fasttext_prob_x_len_+_dcce_x_ced_0.25/model/model.npz.orig.npz
[2019-07-09 18:27:09] Saving model to ../experiments/10M_fasttext_prob_x_len_+_dcce_x_ced_0.25/model/model.iter20000.npz
[2019-07-09 18:27:16] Saving model to ../experiments/10M_fasttext_prob_x_len_+_dcce_x_ced_0.25/model/model.npz
[2019-07-09 18:27:27] Saving Adam parameters to ../experiments/10M_fasttext_prob_x_len_+_dcce_x_ced_0.25/model/model.npz.optimizer.npz
[2019-07-09 18:27:54] [valid] Ep. 5 : Up. 20000 : cross-entropy : 79.8142 : new best
[2019-07-09 18:28:01] [valid] Ep. 5 : Up. 20000 : perplexity : 23.0139 : new best
[2019-07-09 18:28:50] [valid] Ep. 5 : Up. 20000 : translation : 21.8 : new best
[2019-07-09 18:33:48] Ep. 5 : Up. 22000 : Sen. 432,239 : Cost 28.53386688 : Time 409.45s : 11713.00 words/s
[2019-07-09 18:37:58] Seen 672665 samples
[2019-07-09 18:37:58] Starting epoch 6
[2019-07-09 18:37:58] [data] Shuffling data
[2019-07-09 18:37:58] [data] Done reading 715756 sentences
[2019-07-09 18:38:01] [data] Done shuffling 715756 sentences to temp files
[2019-07-09 18:38:48] Ep. 6 : Up. 24000 : Sen. 43,228 : Cost 27.94810486 : Time 300.53s : 15976.33 words/s
[2019-07-09 18:43:45] Ep. 6 : Up. 26000 : Sen. 328,691 : Cost 26.39462471 : Time 297.05s : 16231.60 words/s
[2019-07-09 18:48:40] Ep. 6 : Up. 28000 : Sen. 611,863 : Cost 26.34643555 : Time 295.21s : 16205.33 words/s
[2019-07-09 18:49:44] Seen 672665 samples
[2019-07-09 18:49:44] Starting epoch 7
[2019-07-09 18:49:44] [data] Shuffling data
[2019-07-09 18:49:45] [data] Done reading 715756 sentences
[2019-07-09 18:49:47] [data] Done shuffling 715756 sentences to temp files
[2019-07-09 18:53:40] Ep. 7 : Up. 30000 : Sen. 221,339 : Cost 25.35514641 : Time 299.88s : 15936.50 words/s
[2019-07-09 18:58:38] Ep. 7 : Up. 32000 : Sen. 506,075 : Cost 25.08480072 : Time 297.29s : 16187.66 words/s
[2019-07-09 19:01:31] Seen 672665 samples
[2019-07-09 19:01:31] Starting epoch 8
[2019-07-09 19:01:31] [data] Shuffling data
[2019-07-09 19:01:32] [data] Done reading 715756 sentences
[2019-07-09 19:01:34] [data] Done shuffling 715756 sentences to temp files
[2019-07-09 19:03:39] Ep. 8 : Up. 34000 : Sen. 117,550 : Cost 24.58051682 : Time 301.24s : 15929.77 words/s
[2019-07-09 19:08:35] Ep. 8 : Up. 36000 : Sen. 401,754 : Cost 23.92194366 : Time 295.99s : 16228.42 words/s
[2019-07-09 19:13:19] Seen 672665 samples
[2019-07-09 19:13:19] Starting epoch 9
[2019-07-09 19:13:19] [data] Shuffling data
[2019-07-09 19:13:19] [data] Done reading 715756 sentences
[2019-07-09 19:13:22] [data] Done shuffling 715756 sentences to temp files
[2019-07-09 19:13:35] Ep. 9 : Up. 38000 : Sen. 10,862 : Cost 23.82438278 : Time 300.59s : 15887.02 words/s
[2019-07-09 19:18:31] Ep. 9 : Up. 40000 : Sen. 294,478 : Cost 22.83130074 : Time 295.17s : 16224.99 words/s
[2019-07-09 19:18:31] Saving model to ../experiments/10M_fasttext_prob_x_len_+_dcce_x_ced_0.25/model/model.npz.orig.npz
[2019-07-09 19:18:40] Saving model to ../experiments/10M_fasttext_prob_x_len_+_dcce_x_ced_0.25/model/model.iter40000.npz
[2019-07-09 19:18:47] Saving model to ../experiments/10M_fasttext_prob_x_len_+_dcce_x_ced_0.25/model/model.npz
[2019-07-09 19:18:57] Saving Adam parameters to ../experiments/10M_fasttext_prob_x_len_+_dcce_x_ced_0.25/model/model.npz.optimizer.npz
[2019-07-09 19:19:24] [valid] Ep. 9 : Up. 40000 : cross-entropy : 70.6724 : new best
[2019-07-09 19:19:31] [valid] Ep. 9 : Up. 40000 : perplexity : 16.069 : new best
[2019-07-09 19:20:20] [valid] Ep. 9 : Up. 40000 : translation : 24.18 : new best
[2019-07-09 19:25:19] Ep. 9 : Up. 42000 : Sen. 579,386 : Cost 23.06892204 : Time 408.05s : 11799.58 words/s
[2019-07-09 19:26:56] Seen 672665 samples
[2019-07-09 19:26:56] Starting epoch 10
[2019-07-09 19:26:56] [data] Shuffling data
[2019-07-09 19:26:57] [data] Done reading 715756 sentences
[2019-07-09 19:26:59] [data] Done shuffling 715756 sentences to temp files
[2019-07-09 19:30:20] Ep. 10 : Up. 44000 : Sen. 191,120 : Cost 22.21375656 : Time 301.37s : 15941.00 words/s
[2019-07-09 19:35:17] Ep. 10 : Up. 46000 : Sen. 475,608 : Cost 22.14406776 : Time 296.66s : 16216.04 words/s
[2019-07-09 19:38:42] Seen 672665 samples
[2019-07-09 19:38:42] Starting epoch 11
[2019-07-09 19:38:42] [data] Shuffling data
[2019-07-09 19:38:42] [data] Done reading 715756 sentences
[2019-07-09 19:38:45] [data] Done shuffling 715756 sentences to temp files
[2019-07-09 19:40:17] Ep. 11 : Up. 48000 : Sen. 85,775 : Cost 21.81481934 : Time 300.12s : 15964.05 words/s
[2019-07-09 19:45:13] Ep. 11 : Up. 50000 : Sen. 370,020 : Cost 21.16148186 : Time 296.45s : 16193.09 words/s
[2019-07-09 19:50:09] Ep. 11 : Up. 52000 : Sen. 654,076 : Cost 21.52736282 : Time 295.77s : 16236.10 words/s
[2019-07-09 19:50:29] Seen 672665 samples
[2019-07-09 19:50:29] Starting epoch 12
[2019-07-09 19:50:29] [data] Shuffling data
[2019-07-09 19:50:29] [data] Done reading 715756 sentences
[2019-07-09 19:50:31] [data] Done shuffling 715756 sentences to temp files
[2019-07-09 19:55:10] Ep. 12 : Up. 54000 : Sen. 264,191 : Cost 20.41239929 : Time 300.97s : 15906.80 words/s
[2019-07-09 20:00:04] Ep. 12 : Up. 56000 : Sen. 546,803 : Cost 20.67278099 : Time 294.44s : 16223.56 words/s
[2019-07-09 20:02:15] Seen 672665 samples
[2019-07-09 20:02:15] Starting epoch 13
[2019-07-09 20:02:15] [data] Shuffling data
[2019-07-09 20:02:16] [data] Done reading 715756 sentences
[2019-07-09 20:02:18] [data] Done shuffling 715756 sentences to temp files
[2019-07-09 20:05:04] Ep. 13 : Up. 58000 : Sen. 158,199 : Cost 20.15260315 : Time 300.01s : 16009.81 words/s
[2019-07-09 20:10:00] Ep. 13 : Up. 60000 : Sen. 441,600 : Cost 20.00882721 : Time 295.80s : 16203.49 words/s
[2019-07-09 20:10:00] Saving model to ../experiments/10M_fasttext_prob_x_len_+_dcce_x_ced_0.25/model/model.npz.orig.npz
[2019-07-09 20:10:10] Saving model to ../experiments/10M_fasttext_prob_x_len_+_dcce_x_ced_0.25/model/model.iter60000.npz
[2019-07-09 20:10:17] Saving model to ../experiments/10M_fasttext_prob_x_len_+_dcce_x_ced_0.25/model/model.npz
[2019-07-09 20:10:27] Saving Adam parameters to ../experiments/10M_fasttext_prob_x_len_+_dcce_x_ced_0.25/model/model.npz.optimizer.npz
[2019-07-09 20:10:55] [valid] Ep. 13 : Up. 60000 : cross-entropy : 68.4233 : new best
[2019-07-09 20:11:02] [valid] Ep. 13 : Up. 60000 : perplexity : 14.7099 : new best
[2019-07-09 20:11:51] [valid] Ep. 13 : Up. 60000 : translation : 24.92 : new best
[2019-07-09 20:15:54] Seen 672665 samples
[2019-07-09 20:15:54] Starting epoch 14
[2019-07-09 20:15:54] [data] Shuffling data
[2019-07-09 20:15:54] [data] Done reading 715756 sentences
[2019-07-09 20:15:56] [data] Done shuffling 715756 sentences to temp files
[2019-07-09 20:16:52] Ep. 14 : Up. 62000 : Sen. 50,885 : Cost 19.82361221 : Time 411.74s : 11567.46 words/s
[2019-07-09 20:21:47] Ep. 14 : Up. 64000 : Sen. 333,822 : Cost 19.26261139 : Time 295.55s : 16206.32 words/s
[2019-07-09 20:26:44] Ep. 14 : Up. 66000 : Sen. 617,392 : Cost 19.59484863 : Time 296.54s : 16218.47 words/s
[2019-07-09 20:27:41] Seen 672665 samples
[2019-07-09 20:27:41] Starting epoch 15
[2019-07-09 20:27:41] [data] Shuffling data
[2019-07-09 20:27:41] [data] Done reading 715756 sentences
[2019-07-09 20:27:43] [data] Done shuffling 715756 sentences to temp files
[2019-07-09 20:31:43] Ep. 15 : Up. 68000 : Sen. 229,308 : Cost 18.51967239 : Time 298.61s : 15985.49 words/s
[2019-07-09 20:36:39] Ep. 15 : Up. 70000 : Sen. 512,180 : Cost 19.16830254 : Time 296.20s : 16204.78 words/s
[2019-07-09 20:39:27] Seen 672665 samples
[2019-07-09 20:39:27] Starting epoch 16
[2019-07-09 20:39:27] [data] Shuffling data
[2019-07-09 20:39:27] [data] Done reading 715756 sentences
[2019-07-09 20:39:29] [data] Done shuffling 715756 sentences to temp files
[2019-07-09 20:41:40] Ep. 16 : Up. 72000 : Sen. 122,817 : Cost 18.84695053 : Time 300.84s : 15946.26 words/s
[2019-07-09 20:46:36] Ep. 16 : Up. 74000 : Sen. 407,914 : Cost 18.45522118 : Time 296.43s : 16224.80 words/s
[2019-07-09 20:51:13] Seen 672665 samples
[2019-07-09 20:51:13] Starting epoch 17
[2019-07-09 20:51:13] [data] Shuffling data
[2019-07-09 20:51:13] [data] Done reading 715756 sentences
[2019-07-09 20:51:16] [data] Done shuffling 715756 sentences to temp files
[2019-07-09 20:51:36] Ep. 17 : Up. 76000 : Sen. 17,105 : Cost 18.62455177 : Time 300.06s : 15916.24 words/s
[2019-07-09 20:56:32] Ep. 17 : Up. 78000 : Sen. 300,587 : Cost 17.98441124 : Time 295.85s : 16185.72 words/s
[2019-07-09 21:01:29] Ep. 17 : Up. 80000 : Sen. 584,217 : Cost 18.23993111 : Time 296.71s : 16193.63 words/s
[2019-07-09 21:01:29] Saving model to ../experiments/10M_fasttext_prob_x_len_+_dcce_x_ced_0.25/model/model.npz.orig.npz
[2019-07-09 21:01:39] Saving model to ../experiments/10M_fasttext_prob_x_len_+_dcce_x_ced_0.25/model/model.iter80000.npz
[2019-07-09 21:01:46] Saving model to ../experiments/10M_fasttext_prob_x_len_+_dcce_x_ced_0.25/model/model.npz
[2019-07-09 21:01:56] Saving Adam parameters to ../experiments/10M_fasttext_prob_x_len_+_dcce_x_ced_0.25/model/model.npz.optimizer.npz
[2019-07-09 21:02:26] [valid] Ep. 17 : Up. 80000 : cross-entropy : 68.15 : new best
[2019-07-09 21:02:33] [valid] Ep. 17 : Up. 80000 : perplexity : 14.5528 : new best
[2019-07-09 21:03:22] [valid] Ep. 17 : Up. 80000 : translation : 25.21 : new best
[2019-07-09 21:04:56] Seen 672665 samples
[2019-07-09 21:04:56] Starting epoch 18
[2019-07-09 21:04:56] [data] Shuffling data
[2019-07-09 21:04:56] [data] Done reading 715756 sentences
[2019-07-09 21:04:58] [data] Done shuffling 715756 sentences to temp files
[2019-07-09 21:08:26] Ep. 18 : Up. 82000 : Sen. 195,299 : Cost 17.59469795 : Time 416.83s : 11510.51 words/s
[2019-07-09 21:13:21] Ep. 18 : Up. 84000 : Sen. 478,723 : Cost 17.57308769 : Time 295.45s : 16188.87 words/s
[2019-07-09 21:16:43] Seen 672665 samples
[2019-07-09 21:16:43] Starting epoch 19
[2019-07-09 21:16:43] [data] Shuffling data
[2019-07-09 21:16:44] [data] Done reading 715756 sentences
[2019-07-09 21:16:46] [data] Done shuffling 715756 sentences to temp files
[2019-07-09 21:18:23] Ep. 19 : Up. 86000 : Sen. 91,396 : Cost 17.62848854 : Time 301.86s : 15971.19 words/s
[2019-07-09 21:23:19] Ep. 19 : Up. 88000 : Sen. 375,242 : Cost 17.31902695 : Time 296.14s : 16212.21 words/s
[2019-07-09 21:28:15] Ep. 19 : Up. 90000 : Sen. 658,074 : Cost 17.39324760 : Time 295.74s : 16183.41 words/s
[2019-07-09 21:28:30] Seen 672665 samples
[2019-07-09 21:28:30] Starting epoch 20
[2019-07-09 21:28:30] [data] Shuffling data
[2019-07-09 21:28:30] [data] Done reading 715756 sentences
[2019-07-09 21:28:33] [data] Done shuffling 715756 sentences to temp files
[2019-07-09 21:33:18] Ep. 20 : Up. 92000 : Sen. 270,626 : Cost 16.78366852 : Time 302.79s : 15943.12 words/s
[2019-07-09 21:38:14] Ep. 20 : Up. 94000 : Sen. 554,979 : Cost 16.90394020 : Time 296.34s : 16210.69 words/s
[2019-07-09 21:40:17] Seen 672665 samples
[2019-07-09 21:40:17] Starting epoch 21
[2019-07-09 21:40:17] [data] Shuffling data
[2019-07-09 21:40:17] [data] Done reading 715756 sentences
[2019-07-09 21:40:19] [data] Done shuffling 715756 sentences to temp files
[2019-07-09 21:43:15] Ep. 21 : Up. 96000 : Sen. 166,264 : Cost 16.80224419 : Time 301.20s : 15932.56 words/s
[2019-07-09 21:48:10] Ep. 21 : Up. 98000 : Sen. 448,540 : Cost 16.62244225 : Time 294.89s : 16174.13 words/s
[2019-07-09 21:52:05] Seen 672665 samples
[2019-07-09 21:52:05] Starting epoch 22
[2019-07-09 21:52:05] [data] Shuffling data
[2019-07-09 21:52:05] [data] Done reading 715756 sentences
[2019-07-09 21:52:07] [data] Done shuffling 715756 sentences to temp files
[2019-07-09 21:53:10] Ep. 22 : Up. 100000 : Sen. 58,190 : Cost 16.80293846 : Time 300.30s : 15892.60 words/s
[2019-07-09 21:53:10] Saving model to ../experiments/10M_fasttext_prob_x_len_+_dcce_x_ced_0.25/model/model.npz.orig.npz
[2019-07-09 21:53:20] Saving model to ../experiments/10M_fasttext_prob_x_len_+_dcce_x_ced_0.25/model/model.iter100000.npz
[2019-07-09 21:53:27] Saving model to ../experiments/10M_fasttext_prob_x_len_+_dcce_x_ced_0.25/model/model.npz
[2019-07-09 21:53:37] Saving Adam parameters to ../experiments/10M_fasttext_prob_x_len_+_dcce_x_ced_0.25/model/model.npz.optimizer.npz
[2019-07-09 21:54:03] [valid] Ep. 22 : Up. 100000 : cross-entropy : 68.6595 : stalled 1 times (last best: 68.15)
[2019-07-09 21:54:10] [valid] Ep. 22 : Up. 100000 : perplexity : 14.8471 : stalled 1 times (last best: 14.5528)
[2019-07-09 21:54:59] [valid] Ep. 22 : Up. 100000 : translation : 25.24 : new best
[2019-07-09 21:59:57] Ep. 22 : Up. 102000 : Sen. 342,344 : Cost 16.10149002 : Time 406.29s : 11830.93 words/s
[2019-07-09 22:04:53] Ep. 22 : Up. 104000 : Sen. 625,941 : Cost 16.59013939 : Time 296.24s : 16167.96 words/s
[2019-07-09 22:05:42] Seen 672665 samples
[2019-07-09 22:05:42] Starting epoch 23
[2019-07-09 22:05:42] [data] Shuffling data
[2019-07-09 22:05:42] [data] Done reading 715756 sentences
[2019-07-09 22:05:45] [data] Done shuffling 715756 sentences to temp files
[2019-07-09 22:09:53] Ep. 23 : Up. 106000 : Sen. 236,722 : Cost 15.96459484 : Time 300.43s : 15941.22 words/s
[2019-07-09 22:14:48] Ep. 23 : Up. 108000 : Sen. 519,374 : Cost 16.02967644 : Time 295.04s : 16220.27 words/s
[2019-07-09 22:17:29] Seen 672665 samples
[2019-07-09 22:17:29] Starting epoch 24
[2019-07-09 22:17:29] [data] Shuffling data
[2019-07-09 22:17:29] [data] Done reading 715756 sentences
[2019-07-09 22:17:31] [data] Done shuffling 715756 sentences to temp files
[2019-07-09 22:19:49] Ep. 24 : Up. 110000 : Sen. 129,879 : Cost 15.89841652 : Time 300.55s : 15910.71 words/s
[2019-07-09 22:24:46] Ep. 24 : Up. 112000 : Sen. 413,962 : Cost 15.66825008 : Time 296.94s : 16212.42 words/s
[2019-07-09 22:29:15] Seen 672665 samples
[2019-07-09 22:29:15] Starting epoch 25
[2019-07-09 22:29:15] [data] Shuffling data
[2019-07-09 22:29:16] [data] Done reading 715756 sentences
[2019-07-09 22:29:19] [data] Done shuffling 715756 sentences to temp files
[2019-07-09 22:29:47] Ep. 25 : Up. 114000 : Sen. 26,166 : Cost 15.68680477 : Time 300.80s : 15998.63 words/s
[2019-07-09 22:34:43] Ep. 25 : Up. 116000 : Sen. 311,333 : Cost 15.25697613 : Time 296.77s : 16236.45 words/s
[2019-07-09 22:39:38] Ep. 25 : Up. 118000 : Sen. 593,516 : Cost 15.50135517 : Time 294.71s : 16155.67 words/s
[2019-07-09 22:41:01] Seen 672665 samples
[2019-07-09 22:41:01] Starting epoch 26
[2019-07-09 22:41:01] [data] Shuffling data
[2019-07-09 22:41:02] [data] Done reading 715756 sentences
[2019-07-09 22:41:04] [data] Done shuffling 715756 sentences to temp files
[2019-07-09 22:44:40] Ep. 26 : Up. 120000 : Sen. 204,800 : Cost 15.10546112 : Time 301.97s : 15934.43 words/s
[2019-07-09 22:44:40] Saving model to ../experiments/10M_fasttext_prob_x_len_+_dcce_x_ced_0.25/model/model.npz.orig.npz
[2019-07-09 22:44:50] Saving model to ../experiments/10M_fasttext_prob_x_len_+_dcce_x_ced_0.25/model/model.iter120000.npz
[2019-07-09 22:44:57] Saving model to ../experiments/10M_fasttext_prob_x_len_+_dcce_x_ced_0.25/model/model.npz
[2019-07-09 22:45:07] Saving Adam parameters to ../experiments/10M_fasttext_prob_x_len_+_dcce_x_ced_0.25/model/model.npz.optimizer.npz
[2019-07-09 22:45:34] [valid] Ep. 26 : Up. 120000 : cross-entropy : 69.6889 : stalled 2 times (last best: 68.15)
[2019-07-09 22:45:41] [valid] Ep. 26 : Up. 120000 : perplexity : 15.4599 : stalled 2 times (last best: 14.5528)
[2019-07-09 22:46:29] [valid] Ep. 26 : Up. 120000 : translation : 25.26 : new best
[2019-07-09 22:51:27] Ep. 26 : Up. 122000 : Sen. 489,054 : Cost 15.13674068 : Time 406.94s : 11808.59 words/s
[2019-07-09 22:54:39] Seen 672665 samples
[2019-07-09 22:54:39] Starting epoch 27
[2019-07-09 22:54:39] [data] Shuffling data
[2019-07-09 22:54:39] [data] Done reading 715756 sentences
[2019-07-09 22:54:42] [data] Done shuffling 715756 sentences to temp files
[2019-07-09 22:56:29] Ep. 27 : Up. 124000 : Sen. 101,259 : Cost 15.25381947 : Time 301.97s : 15953.26 words/s
[2019-07-09 23:01:24] Ep. 27 : Up. 126000 : Sen. 384,205 : Cost 14.93903446 : Time 295.53s : 16198.79 words/s
[2019-07-09 23:06:20] Ep. 27 : Up. 128000 : Sen. 667,599 : Cost 15.10798264 : Time 295.99s : 16193.60 words/s
[2019-07-09 23:06:26] Seen 672665 samples
[2019-07-09 23:06:26] Starting epoch 28
[2019-07-09 23:06:26] [data] Shuffling data
[2019-07-09 23:06:26] [data] Done reading 715756 sentences
[2019-07-09 23:06:29] [data] Done shuffling 715756 sentences to temp files
[2019-07-09 23:11:21] Ep. 28 : Up. 130000 : Sen. 279,435 : Cost 14.56911469 : Time 300.73s : 15986.23 words/s
[2019-07-09 23:16:17] Ep. 28 : Up. 132000 : Sen. 562,634 : Cost 14.84434795 : Time 295.79s : 16183.08 words/s
[2019-07-09 23:18:12] Seen 672665 samples
[2019-07-09 23:18:12] Starting epoch 29
[2019-07-09 23:18:12] [data] Shuffling data
[2019-07-09 23:18:12] [data] Done reading 715756 sentences
[2019-07-09 23:18:14] [data] Done shuffling 715756 sentences to temp files
[2019-07-09 23:21:16] Ep. 29 : Up. 134000 : Sen. 172,800 : Cost 14.59572601 : Time 299.44s : 15965.31 words/s
[2019-07-09 23:26:12] Ep. 29 : Up. 136000 : Sen. 455,436 : Cost 14.53521729 : Time 295.10s : 16186.53 words/s
[2019-07-09 23:29:59] Seen 672665 samples
[2019-07-09 23:29:59] Starting epoch 30
[2019-07-09 23:29:59] [data] Shuffling data
[2019-07-09 23:29:59] [data] Done reading 715756 sentences
[2019-07-09 23:30:02] [data] Done shuffling 715756 sentences to temp files
[2019-07-09 23:31:13] Ep. 30 : Up. 138000 : Sen. 66,645 : Cost 14.58491707 : Time 301.73s : 15907.71 words/s
[2019-07-09 23:36:09] Ep. 30 : Up. 140000 : Sen. 350,669 : Cost 14.23547649 : Time 295.87s : 16215.10 words/s
[2019-07-09 23:36:09] Saving model to ../experiments/10M_fasttext_prob_x_len_+_dcce_x_ced_0.25/model/model.npz.orig.npz
[2019-07-09 23:36:19] Saving model to ../experiments/10M_fasttext_prob_x_len_+_dcce_x_ced_0.25/model/model.iter140000.npz
[2019-07-09 23:36:27] Saving model to ../experiments/10M_fasttext_prob_x_len_+_dcce_x_ced_0.25/model/model.npz
[2019-07-09 23:36:37] Saving Adam parameters to ../experiments/10M_fasttext_prob_x_len_+_dcce_x_ced_0.25/model/model.npz.optimizer.npz
[2019-07-09 23:37:05] [valid] Ep. 30 : Up. 140000 : cross-entropy : 71.0107 : stalled 3 times (last best: 68.15)
[2019-07-09 23:37:12] [valid] Ep. 30 : Up. 140000 : perplexity : 16.2841 : stalled 3 times (last best: 14.5528)
[2019-07-09 23:38:01] [valid] Ep. 30 : Up. 140000 : translation : 25.21 : stalled 1 times (last best: 25.26)
[2019-07-09 23:43:00] Ep. 30 : Up. 142000 : Sen. 634,845 : Cost 14.56774235 : Time 411.40s : 11706.58 words/s
[2019-07-09 23:43:40] Seen 672665 samples
[2019-07-09 23:43:40] Starting epoch 31
[2019-07-09 23:43:40] [data] Shuffling data
[2019-07-09 23:43:41] [data] Done reading 715756 sentences
[2019-07-09 23:43:43] [data] Done shuffling 715756 sentences to temp files
[2019-07-09 23:48:01] Ep. 31 : Up. 144000 : Sen. 244,361 : Cost 14.03022671 : Time 300.30s : 15890.64 words/s
[2019-07-09 23:52:57] Ep. 31 : Up. 146000 : Sen. 528,537 : Cost 14.09105587 : Time 296.01s : 16223.03 words/s
[2019-07-09 23:55:28] Seen 672665 samples
[2019-07-09 23:55:28] Starting epoch 32
[2019-07-09 23:55:28] [data] Shuffling data
[2019-07-09 23:55:28] [data] Done reading 715756 sentences
[2019-07-09 23:55:31] [data] Done shuffling 715756 sentences to temp files
[2019-07-09 23:57:57] Ep. 32 : Up. 148000 : Sen. 138,128 : Cost 14.09200668 : Time 300.26s : 15915.79 words/s
[2019-07-10 00:02:53] Ep. 32 : Up. 150000 : Sen. 421,690 : Cost 13.87984753 : Time 295.47s : 16205.62 words/s
[2019-07-10 00:07:14] Seen 672665 samples
[2019-07-10 00:07:14] Starting epoch 33
[2019-07-10 00:07:14] [data] Shuffling data
[2019-07-10 00:07:15] [data] Done reading 715756 sentences
[2019-07-10 00:07:17] [data] Done shuffling 715756 sentences to temp files
[2019-07-10 00:07:53] Ep. 33 : Up. 152000 : Sen. 33,179 : Cost 14.08160496 : Time 300.23s : 16002.45 words/s
[2019-07-10 00:12:48] Ep. 33 : Up. 154000 : Sen. 316,154 : Cost 13.61709881 : Time 295.47s : 16187.51 words/s
[2019-07-10 00:17:44] Ep. 33 : Up. 156000 : Sen. 599,590 : Cost 13.98226166 : Time 295.75s : 16181.07 words/s
[2019-07-10 00:19:01] Seen 672665 samples
[2019-07-10 00:19:01] Starting epoch 34
[2019-07-10 00:19:01] [data] Shuffling data
[2019-07-10 00:19:01] [data] Done reading 715756 sentences
[2019-07-10 00:19:03] [data] Done shuffling 715756 sentences to temp files
[2019-07-10 00:22:45] Ep. 34 : Up. 158000 : Sen. 210,725 : Cost 13.55688000 : Time 300.58s : 15979.70 words/s
[2019-07-10 00:27:40] Ep. 34 : Up. 160000 : Sen. 492,878 : Cost 13.69606876 : Time 295.45s : 16166.68 words/s
[2019-07-10 00:27:40] Saving model to ../experiments/10M_fasttext_prob_x_len_+_dcce_x_ced_0.25/model/model.npz.orig.npz
[2019-07-10 00:27:51] Saving model to ../experiments/10M_fasttext_prob_x_len_+_dcce_x_ced_0.25/model/model.iter160000.npz
[2019-07-10 00:27:58] Saving model to ../experiments/10M_fasttext_prob_x_len_+_dcce_x_ced_0.25/model/model.npz
[2019-07-10 00:28:08] Saving Adam parameters to ../experiments/10M_fasttext_prob_x_len_+_dcce_x_ced_0.25/model/model.npz.optimizer.npz
[2019-07-10 00:28:39] [valid] Ep. 34 : Up. 160000 : cross-entropy : 72.4794 : stalled 4 times (last best: 68.15)
[2019-07-10 00:28:46] [valid] Ep. 34 : Up. 160000 : perplexity : 17.2515 : stalled 4 times (last best: 14.5528)
[2019-07-10 00:29:35] [valid] Ep. 34 : Up. 160000 : translation : 25.01 : stalled 2 times (last best: 25.26)
[2019-07-10 00:32:45] Seen 672665 samples
[2019-07-10 00:32:45] Starting epoch 35
[2019-07-10 00:32:45] [data] Shuffling data
[2019-07-10 00:32:45] [data] Done reading 715756 sentences
[2019-07-10 00:32:48] [data] Done shuffling 715756 sentences to temp files
[2019-07-10 00:34:38] Ep. 35 : Up. 162000 : Sen. 103,669 : Cost 13.56771851 : Time 417.92s : 11458.42 words/s
[2019-07-10 00:39:34] Ep. 35 : Up. 164000 : Sen. 389,017 : Cost 13.13777828 : Time 295.73s : 16287.28 words/s
[2019-07-10 00:44:30] Ep. 35 : Up. 166000 : Sen. 672,665 : Cost 13.65046978 : Time 296.43s : 16209.73 words/s
[2019-07-10 00:44:30] Seen 672665 samples
[2019-07-10 00:44:30] Starting epoch 36
[2019-07-10 00:44:30] [data] Shuffling data
[2019-07-10 00:44:30] [data] Done reading 715756 sentences
[2019-07-10 00:44:33] [data] Done shuffling 715756 sentences to temp files
[2019-07-10 00:49:30] Ep. 36 : Up. 168000 : Sen. 283,610 : Cost 12.94655895 : Time 299.87s : 15962.69 words/s
[2019-07-10 00:54:27] Ep. 36 : Up. 170000 : Sen. 568,044 : Cost 13.52691936 : Time 296.72s : 16214.30 words/s
[2019-07-10 00:56:16] Seen 672665 samples
[2019-07-10 00:56:16] Starting epoch 37
[2019-07-10 00:56:16] [data] Shuffling data
[2019-07-10 00:56:17] [data] Done reading 715756 sentences
[2019-07-10 00:56:19] [data] Done shuffling 715756 sentences to temp files
[2019-07-10 00:59:29] Ep. 37 : Up. 172000 : Sen. 179,609 : Cost 13.26429558 : Time 302.12s : 15937.21 words/s
[2019-07-10 01:04:25] Ep. 37 : Up. 174000 : Sen. 463,006 : Cost 13.28791332 : Time 295.73s : 16195.84 words/s
[2019-07-10 01:08:03] Seen 672665 samples
[2019-07-10 01:08:03] Starting epoch 38
[2019-07-10 01:08:03] [data] Shuffling data
[2019-07-10 01:08:03] [data] Done reading 715756 sentences
[2019-07-10 01:08:05] [data] Done shuffling 715756 sentences to temp files
[2019-07-10 01:09:24] Ep. 38 : Up. 176000 : Sen. 73,774 : Cost 13.14143085 : Time 299.78s : 15969.76 words/s
[2019-07-10 01:14:21] Ep. 38 : Up. 178000 : Sen. 358,244 : Cost 12.96704960 : Time 296.68s : 16245.69 words/s
[2019-07-10 01:19:16] Ep. 38 : Up. 180000 : Sen. 642,269 : Cost 13.12218857 : Time 295.25s : 16224.69 words/s
[2019-07-10 01:19:16] Saving model to ../experiments/10M_fasttext_prob_x_len_+_dcce_x_ced_0.25/model/model.npz.orig.npz
[2019-07-10 01:19:26] Saving model to ../experiments/10M_fasttext_prob_x_len_+_dcce_x_ced_0.25/model/model.iter180000.npz
[2019-07-10 01:19:33] Saving model to ../experiments/10M_fasttext_prob_x_len_+_dcce_x_ced_0.25/model/model.npz
[2019-07-10 01:19:43] Saving Adam parameters to ../experiments/10M_fasttext_prob_x_len_+_dcce_x_ced_0.25/model/model.npz.optimizer.npz
[2019-07-10 01:20:12] [valid] Ep. 38 : Up. 180000 : cross-entropy : 73.9005 : stalled 5 times (last best: 68.15)
[2019-07-10 01:20:18] [valid] Ep. 38 : Up. 180000 : perplexity : 18.2422 : stalled 5 times (last best: 14.5528)
[2019-07-10 01:21:08] [valid] Ep. 38 : Up. 180000 : translation : 24.99 : stalled 3 times (last best: 25.26)
[2019-07-10 01:21:10] Training finished
[2019-07-10 01:21:16] Saving model to ../experiments/10M_fasttext_prob_x_len_+_dcce_x_ced_0.25/model/model.npz.orig.npz
[2019-07-10 01:21:26] Saving model to ../experiments/10M_fasttext_prob_x_len_+_dcce_x_ced_0.25/model/model.npz
[2019-07-10 01:21:37] Saving Adam parameters to ../experiments/10M_fasttext_prob_x_len_+_dcce_x_ced_0.25/model/model.npz.optimizer.npz
