[2019-07-25 01:45:38] [marian] Marian v1.7.8 ec2d66e 2019-05-27 14:52:11 +0100
[2019-07-25 01:45:38] [marian] Running on rindr as process 20251 with command line:
[2019-07-25 01:45:38] [marian] /fs/bil0/abdel/marian-dev/build/marian --sync-sgd --model ../experiments/10M_bicleaner_dcce/model/model.npz -T . --devices 0 1 --train-sets ../experiments/10M_bicleaner_dcce/data/train.bpe.de ../experiments/10M_bicleaner_dcce/data/train.bpe.en --vocabs ../experiments/10M_bicleaner_dcce/data/train.bpe.de.json ../experiments/10M_bicleaner_dcce/data/train.bpe.en.json --mini-batch-fit -w 5000 --dim-vocabs 50000 50000 --layer-normalization --dropout-rnn 0.2 --dropout-src 0.1 --dropout-trg 0.1 --learn-rate 0.0001 --after-epochs 0 --early-stopping 5 --valid-freq 20000 --save-freq 20000 --disp-freq 2000 --valid-mini-batch 8 --valid-sets ../experiments/10M_bicleaner_dcce/data/dev.bpe.de ../experiments/10M_bicleaner_dcce/data/dev.bpe.en --valid-metrics cross-entropy perplexity translation --valid-translation-output ../experiments/10M_bicleaner_dcce/model/dev.out --valid-script-path ../experiments/10M_bicleaner_dcce/score-dev.sh --seed 1111 --exponential-smoothing --normalize=1 --beam-size=12 --quiet-translation --log ../experiments/10M_bicleaner_dcce/model/train.log --valid-log ../experiments/10M_bicleaner_dcce/model/valid.log
[2019-07-25 01:45:38] [config] after-batches: 0
[2019-07-25 01:45:38] [config] after-epochs: 0
[2019-07-25 01:45:38] [config] allow-unk: false
[2019-07-25 01:45:38] [config] beam-size: 12
[2019-07-25 01:45:38] [config] bert-class-symbol: "[CLS]"
[2019-07-25 01:45:38] [config] bert-mask-symbol: "[MASK]"
[2019-07-25 01:45:38] [config] bert-masking-fraction: 0.15
[2019-07-25 01:45:38] [config] bert-sep-symbol: "[SEP]"
[2019-07-25 01:45:38] [config] bert-train-type-embeddings: true
[2019-07-25 01:45:38] [config] bert-type-vocab-size: 2
[2019-07-25 01:45:38] [config] best-deep: false
[2019-07-25 01:45:38] [config] clip-gemm: 0
[2019-07-25 01:45:38] [config] clip-norm: 1
[2019-07-25 01:45:38] [config] cost-type: ce-mean
[2019-07-25 01:45:38] [config] cpu-threads: 0
[2019-07-25 01:45:38] [config] data-weighting: ""
[2019-07-25 01:45:38] [config] data-weighting-type: sentence
[2019-07-25 01:45:38] [config] dec-cell: gru
[2019-07-25 01:45:38] [config] dec-cell-base-depth: 2
[2019-07-25 01:45:38] [config] dec-cell-high-depth: 1
[2019-07-25 01:45:38] [config] dec-depth: 1
[2019-07-25 01:45:38] [config] devices:
[2019-07-25 01:45:38] [config]   - 0
[2019-07-25 01:45:38] [config]   - 1
[2019-07-25 01:45:38] [config] dim-emb: 512
[2019-07-25 01:45:38] [config] dim-rnn: 1024
[2019-07-25 01:45:38] [config] dim-vocabs:
[2019-07-25 01:45:38] [config]   - 50000
[2019-07-25 01:45:38] [config]   - 50000
[2019-07-25 01:45:38] [config] disp-first: 0
[2019-07-25 01:45:38] [config] disp-freq: 2000
[2019-07-25 01:45:38] [config] disp-label-counts: false
[2019-07-25 01:45:38] [config] dropout-rnn: 0.2
[2019-07-25 01:45:38] [config] dropout-src: 0.1
[2019-07-25 01:45:38] [config] dropout-trg: 0.1
[2019-07-25 01:45:38] [config] dump-config: ""
[2019-07-25 01:45:38] [config] early-stopping: 5
[2019-07-25 01:45:38] [config] embedding-fix-src: false
[2019-07-25 01:45:38] [config] embedding-fix-trg: false
[2019-07-25 01:45:38] [config] embedding-normalization: false
[2019-07-25 01:45:38] [config] embedding-vectors:
[2019-07-25 01:45:38] [config]   []
[2019-07-25 01:45:38] [config] enc-cell: gru
[2019-07-25 01:45:38] [config] enc-cell-depth: 1
[2019-07-25 01:45:38] [config] enc-depth: 1
[2019-07-25 01:45:38] [config] enc-type: bidirectional
[2019-07-25 01:45:38] [config] exponential-smoothing: 0.0001
[2019-07-25 01:45:38] [config] grad-dropping-momentum: 0
[2019-07-25 01:45:38] [config] grad-dropping-rate: 0
[2019-07-25 01:45:38] [config] grad-dropping-warmup: 100
[2019-07-25 01:45:38] [config] guided-alignment: none
[2019-07-25 01:45:38] [config] guided-alignment-cost: mse
[2019-07-25 01:45:38] [config] guided-alignment-weight: 0.1
[2019-07-25 01:45:38] [config] ignore-model-config: false
[2019-07-25 01:45:38] [config] input-types:
[2019-07-25 01:45:38] [config]   []
[2019-07-25 01:45:38] [config] interpolate-env-vars: false
[2019-07-25 01:45:38] [config] keep-best: false
[2019-07-25 01:45:38] [config] label-smoothing: 0
[2019-07-25 01:45:38] [config] layer-normalization: true
[2019-07-25 01:45:38] [config] learn-rate: 0.0001
[2019-07-25 01:45:38] [config] log: ../experiments/10M_bicleaner_dcce/model/train.log
[2019-07-25 01:45:38] [config] log-level: info
[2019-07-25 01:45:38] [config] log-time-zone: ""
[2019-07-25 01:45:38] [config] lr-decay: 0
[2019-07-25 01:45:38] [config] lr-decay-freq: 50000
[2019-07-25 01:45:38] [config] lr-decay-inv-sqrt:
[2019-07-25 01:45:38] [config]   - 0
[2019-07-25 01:45:38] [config] lr-decay-repeat-warmup: false
[2019-07-25 01:45:38] [config] lr-decay-reset-optimizer: false
[2019-07-25 01:45:38] [config] lr-decay-start:
[2019-07-25 01:45:38] [config]   - 10
[2019-07-25 01:45:38] [config]   - 1
[2019-07-25 01:45:38] [config] lr-decay-strategy: epoch+stalled
[2019-07-25 01:45:38] [config] lr-report: false
[2019-07-25 01:45:38] [config] lr-warmup: 0
[2019-07-25 01:45:38] [config] lr-warmup-at-reload: false
[2019-07-25 01:45:38] [config] lr-warmup-cycle: false
[2019-07-25 01:45:38] [config] lr-warmup-start-rate: 0
[2019-07-25 01:45:38] [config] max-length: 50
[2019-07-25 01:45:38] [config] max-length-crop: false
[2019-07-25 01:45:38] [config] max-length-factor: 3
[2019-07-25 01:45:38] [config] maxi-batch: 100
[2019-07-25 01:45:38] [config] maxi-batch-sort: trg
[2019-07-25 01:45:38] [config] mini-batch: 64
[2019-07-25 01:45:38] [config] mini-batch-fit: true
[2019-07-25 01:45:38] [config] mini-batch-fit-step: 10
[2019-07-25 01:45:38] [config] mini-batch-overstuff: 1
[2019-07-25 01:45:38] [config] mini-batch-track-lr: false
[2019-07-25 01:45:38] [config] mini-batch-understuff: 1
[2019-07-25 01:45:38] [config] mini-batch-warmup: 0
[2019-07-25 01:45:38] [config] mini-batch-words: 0
[2019-07-25 01:45:38] [config] mini-batch-words-ref: 0
[2019-07-25 01:45:38] [config] model: ../experiments/10M_bicleaner_dcce/model/model.npz
[2019-07-25 01:45:38] [config] multi-loss-type: sum
[2019-07-25 01:45:38] [config] multi-node: false
[2019-07-25 01:45:38] [config] multi-node-overlap: true
[2019-07-25 01:45:38] [config] n-best: false
[2019-07-25 01:45:38] [config] no-nccl: false
[2019-07-25 01:45:38] [config] no-reload: false
[2019-07-25 01:45:38] [config] no-restore-corpus: false
[2019-07-25 01:45:38] [config] no-shuffle: false
[2019-07-25 01:45:38] [config] normalize: 1
[2019-07-25 01:45:38] [config] num-devices: 0
[2019-07-25 01:45:38] [config] optimizer: adam
[2019-07-25 01:45:38] [config] optimizer-delay: 1
[2019-07-25 01:45:38] [config] optimizer-params:
[2019-07-25 01:45:38] [config]   []
[2019-07-25 01:45:38] [config] overwrite: false
[2019-07-25 01:45:38] [config] pretrained-model: ""
[2019-07-25 01:45:38] [config] quiet: false
[2019-07-25 01:45:38] [config] quiet-translation: true
[2019-07-25 01:45:38] [config] relative-paths: false
[2019-07-25 01:45:38] [config] right-left: false
[2019-07-25 01:45:38] [config] save-freq: 20000
[2019-07-25 01:45:38] [config] seed: 1111
[2019-07-25 01:45:38] [config] shuffle-in-ram: false
[2019-07-25 01:45:38] [config] skip: false
[2019-07-25 01:45:38] [config] sqlite: ""
[2019-07-25 01:45:38] [config] sqlite-drop: false
[2019-07-25 01:45:38] [config] sync-sgd: true
[2019-07-25 01:45:38] [config] tempdir: .
[2019-07-25 01:45:38] [config] tied-embeddings: false
[2019-07-25 01:45:38] [config] tied-embeddings-all: false
[2019-07-25 01:45:38] [config] tied-embeddings-src: false
[2019-07-25 01:45:38] [config] train-sets:
[2019-07-25 01:45:38] [config]   - ../experiments/10M_bicleaner_dcce/data/train.bpe.de
[2019-07-25 01:45:38] [config]   - ../experiments/10M_bicleaner_dcce/data/train.bpe.en
[2019-07-25 01:45:38] [config] transformer-aan-activation: swish
[2019-07-25 01:45:38] [config] transformer-aan-depth: 2
[2019-07-25 01:45:38] [config] transformer-aan-nogate: false
[2019-07-25 01:45:38] [config] transformer-decoder-autoreg: self-attention
[2019-07-25 01:45:38] [config] transformer-dim-aan: 2048
[2019-07-25 01:45:38] [config] transformer-dim-ffn: 2048
[2019-07-25 01:45:38] [config] transformer-dropout: 0
[2019-07-25 01:45:38] [config] transformer-dropout-attention: 0
[2019-07-25 01:45:38] [config] transformer-dropout-ffn: 0
[2019-07-25 01:45:38] [config] transformer-ffn-activation: swish
[2019-07-25 01:45:38] [config] transformer-ffn-depth: 2
[2019-07-25 01:45:38] [config] transformer-guided-alignment-layer: last
[2019-07-25 01:45:38] [config] transformer-heads: 8
[2019-07-25 01:45:38] [config] transformer-no-projection: false
[2019-07-25 01:45:38] [config] transformer-postprocess: dan
[2019-07-25 01:45:38] [config] transformer-postprocess-emb: d
[2019-07-25 01:45:38] [config] transformer-preprocess: ""
[2019-07-25 01:45:38] [config] transformer-tied-layers:
[2019-07-25 01:45:38] [config]   []
[2019-07-25 01:45:38] [config] transformer-train-position-embeddings: false
[2019-07-25 01:45:38] [config] type: amun
[2019-07-25 01:45:38] [config] ulr: false
[2019-07-25 01:45:38] [config] ulr-dim-emb: 0
[2019-07-25 01:45:38] [config] ulr-dropout: 0
[2019-07-25 01:45:38] [config] ulr-keys-vectors: ""
[2019-07-25 01:45:38] [config] ulr-query-vectors: ""
[2019-07-25 01:45:38] [config] ulr-softmax-temperature: 1
[2019-07-25 01:45:38] [config] ulr-trainable-transformation: false
[2019-07-25 01:45:38] [config] valid-freq: 20000
[2019-07-25 01:45:38] [config] valid-log: ../experiments/10M_bicleaner_dcce/model/valid.log
[2019-07-25 01:45:38] [config] valid-max-length: 1000
[2019-07-25 01:45:38] [config] valid-metrics:
[2019-07-25 01:45:38] [config]   - cross-entropy
[2019-07-25 01:45:38] [config]   - perplexity
[2019-07-25 01:45:38] [config]   - translation
[2019-07-25 01:45:38] [config] valid-mini-batch: 8
[2019-07-25 01:45:38] [config] valid-script-path: ../experiments/10M_bicleaner_dcce/score-dev.sh
[2019-07-25 01:45:38] [config] valid-sets:
[2019-07-25 01:45:38] [config]   - ../experiments/10M_bicleaner_dcce/data/dev.bpe.de
[2019-07-25 01:45:38] [config]   - ../experiments/10M_bicleaner_dcce/data/dev.bpe.en
[2019-07-25 01:45:38] [config] valid-translation-output: ../experiments/10M_bicleaner_dcce/model/dev.out
[2019-07-25 01:45:38] [config] vocabs:
[2019-07-25 01:45:38] [config]   - ../experiments/10M_bicleaner_dcce/data/train.bpe.de.json
[2019-07-25 01:45:38] [config]   - ../experiments/10M_bicleaner_dcce/data/train.bpe.en.json
[2019-07-25 01:45:38] [config] word-penalty: 0
[2019-07-25 01:45:38] [config] workspace: 5000
[2019-07-25 01:45:38] [config] Model is being created with Marian v1.7.8 ec2d66e 2019-05-27 14:52:11 +0100
[2019-07-25 01:45:38] Using synchronous training
[2019-07-25 01:45:38] [data] Loading vocabulary from JSON/Yaml file ../experiments/10M_bicleaner_dcce/data/train.bpe.de.json
[2019-07-25 01:45:38] [data] Using unused word id eos for 0
[2019-07-25 01:45:38] [data] Using unused word id UNK for 1
[2019-07-25 01:45:38] [data] Setting vocabulary size for input 0 to 50000
[2019-07-25 01:45:38] [data] Loading vocabulary from JSON/Yaml file ../experiments/10M_bicleaner_dcce/data/train.bpe.en.json
[2019-07-25 01:45:38] [data] Using unused word id eos for 0
[2019-07-25 01:45:38] [data] Using unused word id UNK for 1
[2019-07-25 01:45:38] [data] Setting vocabulary size for input 1 to 50000
[2019-07-25 01:45:38] Compiled without MPI support. Falling back to FakeMPIWrapper
[2019-07-25 01:45:38] [batching] Collecting statistics for batch fitting with step size 10
[2019-07-25 01:45:39] [memory] Extending reserved space to 5120 MB (device gpu0)
[2019-07-25 01:45:40] [memory] Extending reserved space to 5120 MB (device gpu1)
[2019-07-25 01:45:41] [comm] Using NCCL 2.4.2 for GPU communication
[2019-07-25 01:45:41] [comm] NCCLCommunicator constructed successfully.
[2019-07-25 01:45:41] [training] Using 2 GPUs
[2019-07-25 01:45:41] [memory] Reserving 422 MB, device gpu0
[2019-07-25 01:45:41] [gpu] 16-bit TensorCores enabled for float32 matrix operations
[2019-07-25 01:45:41] [memory] Reserving 422 MB, device gpu0
[2019-07-25 01:45:49] [batching] Done. Typical MB size is 13760 target words
[2019-07-25 01:45:50] [memory] Extending reserved space to 5120 MB (device gpu0)
[2019-07-25 01:45:50] [memory] Extending reserved space to 5120 MB (device gpu1)
[2019-07-25 01:45:50] [comm] Using NCCL 2.4.2 for GPU communication
[2019-07-25 01:45:50] [comm] NCCLCommunicator constructed successfully.
[2019-07-25 01:45:50] [training] Using 2 GPUs
[2019-07-25 01:45:50] Training started
[2019-07-25 01:45:50] [data] Shuffling data
[2019-07-25 01:45:50] [data] Done reading 545666 sentences
[2019-07-25 01:45:52] [data] Done shuffling 545666 sentences to temp files
[2019-07-25 01:45:55] [training] Batches are processed as 1 process(es) x 2 devices/process
[2019-07-25 01:45:55] [memory] Reserving 422 MB, device gpu0
[2019-07-25 01:45:55] [memory] Reserving 422 MB, device gpu1
[2019-07-25 01:45:55] [memory] Reserving 422 MB, device gpu1
[2019-07-25 01:45:55] [memory] Reserving 422 MB, device gpu0
[2019-07-25 01:45:55] [memory] Reserving 211 MB, device gpu0
[2019-07-25 01:45:55] [memory] Reserving 211 MB, device gpu1
[2019-07-25 01:45:55] [memory] Reserving 422 MB, device gpu1
[2019-07-25 01:45:55] [memory] Reserving 422 MB, device gpu0
[2019-07-25 01:56:21] Seen 503759 samples
[2019-07-25 01:56:21] Starting epoch 2
[2019-07-25 01:56:21] [data] Shuffling data
[2019-07-25 01:56:21] [data] Done reading 545666 sentences
[2019-07-25 01:56:23] [data] Done shuffling 545666 sentences to temp files
[2019-07-25 02:02:18] Ep. 2 : Up. 2000 : Sen. 283,718 : Cost 110.98773193 : Time 999.92s : 16840.96 words/s
[2019-07-25 02:06:54] Seen 503759 samples
[2019-07-25 02:06:54] Starting epoch 3
[2019-07-25 02:06:54] [data] Shuffling data
[2019-07-25 02:06:54] [data] Done reading 545666 sentences
[2019-07-25 02:06:56] [data] Done shuffling 545666 sentences to temp files
[2019-07-25 02:17:27] Seen 503759 samples
[2019-07-25 02:17:27] Starting epoch 4
[2019-07-25 02:17:27] [data] Shuffling data
[2019-07-25 02:17:28] [data] Done reading 545666 sentences
[2019-07-25 02:17:30] [data] Done shuffling 545666 sentences to temp files
[2019-07-25 02:18:51] Ep. 4 : Up. 4000 : Sen. 63,302 : Cost 73.40370178 : Time 992.60s : 16983.79 words/s
[2019-07-25 02:27:59] Seen 503759 samples
[2019-07-25 02:27:59] Starting epoch 5
[2019-07-25 02:27:59] [data] Shuffling data
[2019-07-25 02:28:00] [data] Done reading 545666 sentences
[2019-07-25 02:28:02] [data] Done shuffling 545666 sentences to temp files
[2019-07-25 02:35:20] Ep. 5 : Up. 6000 : Sen. 351,012 : Cost 58.79487991 : Time 989.01s : 17107.05 words/s
[2019-07-25 02:38:32] Seen 503759 samples
[2019-07-25 02:38:32] Starting epoch 6
[2019-07-25 02:38:32] [data] Shuffling data
[2019-07-25 02:38:33] [data] Done reading 545666 sentences
[2019-07-25 02:38:35] [data] Done shuffling 545666 sentences to temp files
[2019-07-25 02:49:06] Seen 503759 samples
[2019-07-25 02:49:06] Starting epoch 7
[2019-07-25 02:49:06] [data] Shuffling data
[2019-07-25 02:49:07] [data] Done reading 545666 sentences
[2019-07-25 02:49:09] [data] Done shuffling 545666 sentences to temp files
[2019-07-25 02:51:51] Ep. 7 : Up. 8000 : Sen. 128,000 : Cost 51.54405594 : Time 991.44s : 16938.22 words/s
[2019-07-25 02:59:40] Seen 503759 samples
[2019-07-25 02:59:40] Starting epoch 8
[2019-07-25 02:59:40] [data] Shuffling data
[2019-07-25 02:59:40] [data] Done reading 545666 sentences
[2019-07-25 02:59:42] [data] Done shuffling 545666 sentences to temp files
[2019-07-25 03:08:20] Ep. 8 : Up. 10000 : Sen. 412,808 : Cost 46.98238754 : Time 988.89s : 17055.55 words/s
[2019-07-25 03:10:14] Seen 503759 samples
[2019-07-25 03:10:14] Starting epoch 9
[2019-07-25 03:10:14] [data] Shuffling data
[2019-07-25 03:10:14] [data] Done reading 545666 sentences
[2019-07-25 03:10:16] [data] Done shuffling 545666 sentences to temp files
[2019-07-25 03:20:46] Seen 503759 samples
[2019-07-25 03:20:46] Starting epoch 10
[2019-07-25 03:20:46] [data] Shuffling data
[2019-07-25 03:20:46] [data] Done reading 545666 sentences
[2019-07-25 03:20:49] [data] Done shuffling 545666 sentences to temp files
[2019-07-25 03:24:54] Ep. 10 : Up. 12000 : Sen. 195,164 : Cost 43.29920959 : Time 993.66s : 17009.27 words/s
[2019-07-25 03:31:20] Seen 503759 samples
[2019-07-25 03:31:20] Starting epoch 11
[2019-07-25 03:31:20] [data] Shuffling data
[2019-07-25 03:31:20] [data] Done reading 545666 sentences
[2019-07-25 03:31:22] [data] Done shuffling 545666 sentences to temp files
[2019-07-25 03:41:24] Ep. 11 : Up. 14000 : Sen. 480,698 : Cost 40.97439194 : Time 990.44s : 17039.03 words/s
[2019-07-25 03:41:54] Seen 503759 samples
[2019-07-25 03:41:54] Starting epoch 12
[2019-07-25 03:41:54] [data] Shuffling data
[2019-07-25 03:41:55] [data] Done reading 545666 sentences
[2019-07-25 03:41:57] [data] Done shuffling 545666 sentences to temp files
[2019-07-25 03:52:29] Seen 503759 samples
[2019-07-25 03:52:29] Starting epoch 13
[2019-07-25 03:52:29] [data] Shuffling data
[2019-07-25 03:52:30] [data] Done reading 545666 sentences
[2019-07-25 03:52:32] [data] Done shuffling 545666 sentences to temp files
[2019-07-25 03:58:00] Ep. 13 : Up. 16000 : Sen. 262,136 : Cost 38.80036163 : Time 995.87s : 16958.50 words/s
[2019-07-25 04:03:03] Seen 503759 samples
[2019-07-25 04:03:03] Starting epoch 14
[2019-07-25 04:03:03] [data] Shuffling data
[2019-07-25 04:03:03] [data] Done reading 545666 sentences
[2019-07-25 04:03:05] [data] Done shuffling 545666 sentences to temp files
[2019-07-25 04:13:37] Seen 503759 samples
[2019-07-25 04:13:37] Starting epoch 15
[2019-07-25 04:13:37] [data] Shuffling data
[2019-07-25 04:13:37] [data] Done reading 545666 sentences
[2019-07-25 04:13:39] [data] Done shuffling 545666 sentences to temp files
[2019-07-25 04:14:35] Ep. 15 : Up. 18000 : Sen. 42,688 : Cost 36.93992615 : Time 995.10s : 16963.10 words/s
[2019-07-25 04:24:11] Seen 503759 samples
[2019-07-25 04:24:11] Starting epoch 16
[2019-07-25 04:24:11] [data] Shuffling data
[2019-07-25 04:24:11] [data] Done reading 545666 sentences
[2019-07-25 04:24:13] [data] Done shuffling 545666 sentences to temp files
[2019-07-25 04:31:03] Ep. 16 : Up. 20000 : Sen. 326,748 : Cost 35.54887772 : Time 988.07s : 17045.11 words/s
[2019-07-25 04:31:03] Saving model to ../experiments/10M_bicleaner_dcce/model/model.npz.orig.npz
[2019-07-25 04:31:13] Saving model to ../experiments/10M_bicleaner_dcce/model/model.iter20000.npz
[2019-07-25 04:31:20] Saving model to ../experiments/10M_bicleaner_dcce/model/model.npz
[2019-07-25 04:31:29] Saving Adam parameters to ../experiments/10M_bicleaner_dcce/model/model.npz.optimizer.npz
[2019-07-25 04:31:51] [valid] Ep. 16 : Up. 20000 : cross-entropy : 65.3228 : new best
[2019-07-25 04:31:55] [valid] Ep. 16 : Up. 20000 : perplexity : 13.0337 : new best
[2019-07-25 04:32:38] [valid] Ep. 16 : Up. 20000 : translation : 24.72 : new best
[2019-07-25 04:36:22] Seen 503759 samples
[2019-07-25 04:36:22] Starting epoch 17
[2019-07-25 04:36:22] [data] Shuffling data
[2019-07-25 04:36:22] [data] Done reading 545666 sentences
[2019-07-25 04:36:24] [data] Done shuffling 545666 sentences to temp files
[2019-07-25 04:46:56] Seen 503759 samples
[2019-07-25 04:46:56] Starting epoch 18
[2019-07-25 04:46:56] [data] Shuffling data
[2019-07-25 04:46:56] [data] Done reading 545666 sentences
[2019-07-25 04:46:58] [data] Done shuffling 545666 sentences to temp files
[2019-07-25 04:49:14] Ep. 18 : Up. 22000 : Sen. 106,970 : Cost 34.21798706 : Time 1091.01s : 15453.57 words/s
[2019-07-25 04:57:30] Seen 503759 samples
[2019-07-25 04:57:30] Starting epoch 19
[2019-07-25 04:57:30] [data] Shuffling data
[2019-07-25 04:57:31] [data] Done reading 545666 sentences
[2019-07-25 04:57:33] [data] Done shuffling 545666 sentences to temp files
[2019-07-25 05:05:41] Ep. 19 : Up. 24000 : Sen. 387,974 : Cost 33.03495789 : Time 986.78s : 17020.69 words/s
[2019-07-25 05:08:05] Seen 503759 samples
[2019-07-25 05:08:05] Starting epoch 20
[2019-07-25 05:08:05] [data] Shuffling data
[2019-07-25 05:08:05] [data] Done reading 545666 sentences
[2019-07-25 05:08:07] [data] Done shuffling 545666 sentences to temp files
[2019-07-25 05:18:38] Seen 503759 samples
[2019-07-25 05:18:38] Starting epoch 21
[2019-07-25 05:18:38] [data] Shuffling data
[2019-07-25 05:18:39] [data] Done reading 545666 sentences
[2019-07-25 05:18:41] [data] Done shuffling 545666 sentences to temp files
[2019-07-25 05:22:16] Ep. 21 : Up. 26000 : Sen. 170,578 : Cost 31.86296272 : Time 995.08s : 16981.98 words/s
[2019-07-25 05:29:13] Seen 503759 samples
[2019-07-25 05:29:13] Starting epoch 22
[2019-07-25 05:29:13] [data] Shuffling data
[2019-07-25 05:29:13] [data] Done reading 545666 sentences
[2019-07-25 05:29:15] [data] Done shuffling 545666 sentences to temp files
[2019-07-25 05:38:44] Ep. 22 : Up. 28000 : Sen. 452,630 : Cost 31.04416466 : Time 987.45s : 17026.54 words/s
[2019-07-25 05:39:47] Seen 503759 samples
[2019-07-25 05:39:47] Starting epoch 23
[2019-07-25 05:39:47] [data] Shuffling data
[2019-07-25 05:39:48] [data] Done reading 545666 sentences
[2019-07-25 05:39:50] [data] Done shuffling 545666 sentences to temp files
[2019-07-25 05:50:23] Seen 503759 samples
[2019-07-25 05:50:23] Starting epoch 24
[2019-07-25 05:50:23] [data] Shuffling data
[2019-07-25 05:50:23] [data] Done reading 545666 sentences
[2019-07-25 05:50:25] [data] Done shuffling 545666 sentences to temp files
[2019-07-25 05:55:16] Ep. 24 : Up. 30000 : Sen. 231,558 : Cost 30.00795174 : Time 992.57s : 16940.22 words/s
[2019-07-25 06:00:57] Seen 503759 samples
[2019-07-25 06:00:57] Starting epoch 25
[2019-07-25 06:00:57] [data] Shuffling data
[2019-07-25 06:00:58] [data] Done reading 545666 sentences
[2019-07-25 06:01:00] [data] Done shuffling 545666 sentences to temp files
[2019-07-25 06:11:31] Seen 503759 samples
[2019-07-25 06:11:31] Starting epoch 26
[2019-07-25 06:11:31] [data] Shuffling data
[2019-07-25 06:11:31] [data] Done reading 545666 sentences
[2019-07-25 06:11:34] [data] Done shuffling 545666 sentences to temp files
[2019-07-25 06:11:52] Ep. 26 : Up. 32000 : Sen. 13,210 : Cost 29.37631607 : Time 995.55s : 16958.11 words/s
[2019-07-25 06:22:06] Seen 503759 samples
[2019-07-25 06:22:06] Starting epoch 27
[2019-07-25 06:22:06] [data] Shuffling data
[2019-07-25 06:22:07] [data] Done reading 545666 sentences
[2019-07-25 06:22:09] [data] Done shuffling 545666 sentences to temp files
[2019-07-25 06:28:18] Ep. 27 : Up. 34000 : Sen. 293,138 : Cost 28.52350998 : Time 986.45s : 17014.78 words/s
[2019-07-25 06:32:41] Seen 503759 samples
[2019-07-25 06:32:41] Starting epoch 28
[2019-07-25 06:32:41] [data] Shuffling data
[2019-07-25 06:32:41] [data] Done reading 545666 sentences
[2019-07-25 06:32:43] [data] Done shuffling 545666 sentences to temp files
[2019-07-25 06:43:14] Seen 503759 samples
[2019-07-25 06:43:14] Starting epoch 29
[2019-07-25 06:43:14] [data] Shuffling data
[2019-07-25 06:43:14] [data] Done reading 545666 sentences
[2019-07-25 06:43:16] [data] Done shuffling 545666 sentences to temp files
[2019-07-25 06:44:54] Ep. 29 : Up. 36000 : Sen. 76,264 : Cost 27.84278297 : Time 995.14s : 16990.15 words/s
[2019-07-25 06:53:48] Seen 503759 samples
[2019-07-25 06:53:48] Starting epoch 30
[2019-07-25 06:53:48] [data] Shuffling data
[2019-07-25 06:53:49] [data] Done reading 545666 sentences
[2019-07-25 06:53:51] [data] Done shuffling 545666 sentences to temp files
[2019-07-25 07:01:23] Ep. 30 : Up. 38000 : Sen. 360,238 : Cost 27.09675026 : Time 989.94s : 17022.22 words/s
[2019-07-25 07:04:23] Seen 503759 samples
[2019-07-25 07:04:23] Starting epoch 31
[2019-07-25 07:04:23] [data] Shuffling data
[2019-07-25 07:04:24] [data] Done reading 545666 sentences
[2019-07-25 07:04:25] [data] Done shuffling 545666 sentences to temp files
[2019-07-25 07:14:58] Seen 503759 samples
[2019-07-25 07:14:58] Starting epoch 32
[2019-07-25 07:14:58] [data] Shuffling data
[2019-07-25 07:14:58] [data] Done reading 545666 sentences
[2019-07-25 07:15:00] [data] Done shuffling 545666 sentences to temp files
[2019-07-25 07:17:56] Ep. 32 : Up. 40000 : Sen. 138,748 : Cost 26.44631195 : Time 992.10s : 16946.68 words/s
[2019-07-25 07:17:56] Saving model to ../experiments/10M_bicleaner_dcce/model/model.npz.orig.npz
[2019-07-25 07:18:06] Saving model to ../experiments/10M_bicleaner_dcce/model/model.iter40000.npz
[2019-07-25 07:18:13] Saving model to ../experiments/10M_bicleaner_dcce/model/model.npz
[2019-07-25 07:18:23] Saving Adam parameters to ../experiments/10M_bicleaner_dcce/model/model.npz.optimizer.npz
[2019-07-25 07:18:44] [valid] Ep. 32 : Up. 40000 : cross-entropy : 62.3595 : new best
[2019-07-25 07:18:48] [valid] Ep. 32 : Up. 40000 : perplexity : 11.6007 : new best
[2019-07-25 07:19:31] [valid] Ep. 32 : Up. 40000 : translation : 25.4 : new best
[2019-07-25 07:27:11] Seen 503759 samples
[2019-07-25 07:27:11] Starting epoch 33
[2019-07-25 07:27:11] [data] Shuffling data
[2019-07-25 07:27:11] [data] Done reading 545666 sentences
[2019-07-25 07:27:14] [data] Done shuffling 545666 sentences to temp files
[2019-07-25 07:36:00] Ep. 33 : Up. 42000 : Sen. 420,102 : Cost 25.91712189 : Time 1084.84s : 15480.65 words/s
[2019-07-25 07:37:46] Seen 503759 samples
[2019-07-25 07:37:46] Starting epoch 34
[2019-07-25 07:37:46] [data] Shuffling data
[2019-07-25 07:37:46] [data] Done reading 545666 sentences
[2019-07-25 07:37:48] [data] Done shuffling 545666 sentences to temp files
[2019-07-25 07:48:19] Seen 503759 samples
[2019-07-25 07:48:19] Starting epoch 35
[2019-07-25 07:48:19] [data] Shuffling data
[2019-07-25 07:48:20] [data] Done reading 545666 sentences
[2019-07-25 07:48:22] [data] Done shuffling 545666 sentences to temp files
[2019-07-25 07:52:36] Ep. 35 : Up. 44000 : Sen. 202,240 : Cost 25.35505295 : Time 995.43s : 16966.84 words/s
[2019-07-25 07:58:55] Seen 503759 samples
[2019-07-25 07:58:55] Starting epoch 36
[2019-07-25 07:58:55] [data] Shuffling data
[2019-07-25 07:58:55] [data] Done reading 545666 sentences
[2019-07-25 07:58:58] [data] Done shuffling 545666 sentences to temp files
[2019-07-25 08:09:04] Ep. 36 : Up. 46000 : Sen. 484,102 : Cost 24.99876213 : Time 988.61s : 17012.55 words/s
[2019-07-25 08:09:29] Seen 503759 samples
[2019-07-25 08:09:29] Starting epoch 37
[2019-07-25 08:09:29] [data] Shuffling data
[2019-07-25 08:09:30] [data] Done reading 545666 sentences
[2019-07-25 08:09:32] [data] Done shuffling 545666 sentences to temp files
[2019-07-25 08:20:04] Seen 503759 samples
[2019-07-25 08:20:04] Starting epoch 38
[2019-07-25 08:20:04] [data] Shuffling data
[2019-07-25 08:20:05] [data] Done reading 545666 sentences
[2019-07-25 08:20:08] [data] Done shuffling 545666 sentences to temp files
[2019-07-25 08:25:41] Ep. 38 : Up. 48000 : Sen. 265,966 : Cost 24.32170677 : Time 996.72s : 16948.14 words/s
[2019-07-25 08:30:39] Seen 503759 samples
[2019-07-25 08:30:39] Starting epoch 39
[2019-07-25 08:30:39] [data] Shuffling data
[2019-07-25 08:30:40] [data] Done reading 545666 sentences
[2019-07-25 08:30:42] [data] Done shuffling 545666 sentences to temp files
[2019-07-25 08:41:12] Seen 503759 samples
[2019-07-25 08:41:12] Starting epoch 40
[2019-07-25 08:41:12] [data] Shuffling data
[2019-07-25 08:41:13] [data] Done reading 545666 sentences
[2019-07-25 08:41:15] [data] Done shuffling 545666 sentences to temp files
[2019-07-25 08:42:14] Ep. 40 : Up. 50000 : Sen. 45,958 : Cost 23.91864967 : Time 993.21s : 16955.43 words/s
[2019-07-25 08:51:47] Seen 503759 samples
[2019-07-25 08:51:47] Starting epoch 41
[2019-07-25 08:51:47] [data] Shuffling data
[2019-07-25 08:51:47] [data] Done reading 545666 sentences
[2019-07-25 08:51:49] [data] Done shuffling 545666 sentences to temp files
[2019-07-25 08:58:45] Ep. 41 : Up. 52000 : Sen. 330,792 : Cost 23.48434448 : Time 990.52s : 17050.78 words/s
[2019-07-25 09:02:21] Seen 503759 samples
[2019-07-25 09:02:21] Starting epoch 42
[2019-07-25 09:02:21] [data] Shuffling data
[2019-07-25 09:02:21] [data] Done reading 545666 sentences
[2019-07-25 09:02:23] [data] Done shuffling 545666 sentences to temp files
[2019-07-25 09:12:55] Seen 503759 samples
[2019-07-25 09:12:55] Starting epoch 43
[2019-07-25 09:12:55] [data] Shuffling data
[2019-07-25 09:12:55] [data] Done reading 545666 sentences
[2019-07-25 09:12:57] [data] Done shuffling 545666 sentences to temp files
[2019-07-25 09:15:18] Ep. 43 : Up. 54000 : Sen. 110,484 : Cost 23.12368965 : Time 993.09s : 16957.99 words/s
[2019-07-25 09:23:29] Seen 503759 samples
[2019-07-25 09:23:29] Starting epoch 44
[2019-07-25 09:23:29] [data] Shuffling data
[2019-07-25 09:23:29] [data] Done reading 545666 sentences
[2019-07-25 09:23:31] [data] Done shuffling 545666 sentences to temp files
[2019-07-25 09:31:47] Ep. 44 : Up. 56000 : Sen. 395,464 : Cost 22.62222672 : Time 989.45s : 17033.46 words/s
[2019-07-25 09:34:04] Seen 503759 samples
[2019-07-25 09:34:04] Starting epoch 45
[2019-07-25 09:34:04] [data] Shuffling data
[2019-07-25 09:34:04] [data] Done reading 545666 sentences
[2019-07-25 09:34:06] [data] Done shuffling 545666 sentences to temp files
[2019-07-25 09:44:38] Seen 503759 samples
[2019-07-25 09:44:38] Starting epoch 46
[2019-07-25 09:44:38] [data] Shuffling data
[2019-07-25 09:44:39] [data] Done reading 545666 sentences
[2019-07-25 09:44:41] [data] Done shuffling 545666 sentences to temp files
[2019-07-25 09:48:23] Ep. 46 : Up. 58000 : Sen. 176,246 : Cost 22.15570259 : Time 995.32s : 16962.20 words/s
[2019-07-25 09:55:12] Seen 503759 samples
[2019-07-25 09:55:12] Starting epoch 47
[2019-07-25 09:55:12] [data] Shuffling data
[2019-07-25 09:55:12] [data] Done reading 545666 sentences
[2019-07-25 09:55:14] [data] Done shuffling 545666 sentences to temp files
[2019-07-25 10:04:51] Ep. 47 : Up. 60000 : Sen. 459,728 : Cost 21.89857483 : Time 988.24s : 17035.89 words/s
[2019-07-25 10:04:51] Saving model to ../experiments/10M_bicleaner_dcce/model/model.npz.orig.npz
[2019-07-25 10:05:00] Saving model to ../experiments/10M_bicleaner_dcce/model/model.iter60000.npz
[2019-07-25 10:05:07] Saving model to ../experiments/10M_bicleaner_dcce/model/model.npz
[2019-07-25 10:05:17] Saving Adam parameters to ../experiments/10M_bicleaner_dcce/model/model.npz.optimizer.npz
[2019-07-25 10:05:39] [valid] Ep. 47 : Up. 60000 : cross-entropy : 64.0054 : stalled 1 times (last best: 62.3595)
[2019-07-25 10:05:43] [valid] Ep. 47 : Up. 60000 : perplexity : 12.376 : stalled 1 times (last best: 11.6007)
[2019-07-25 10:06:26] [valid] Ep. 47 : Up. 60000 : translation : 25.32 : stalled 1 times (last best: 25.4)
[2019-07-25 10:07:23] Seen 503759 samples
[2019-07-25 10:07:23] Starting epoch 48
[2019-07-25 10:07:23] [data] Shuffling data
[2019-07-25 10:07:24] [data] Done reading 545666 sentences
[2019-07-25 10:07:26] [data] Done shuffling 545666 sentences to temp files
[2019-07-25 10:17:58] Seen 503759 samples
[2019-07-25 10:17:58] Starting epoch 49
[2019-07-25 10:17:58] [data] Shuffling data
[2019-07-25 10:17:59] [data] Done reading 545666 sentences
[2019-07-25 10:18:01] [data] Done shuffling 545666 sentences to temp files
[2019-07-25 10:23:03] Ep. 49 : Up. 62000 : Sen. 239,158 : Cost 21.58945465 : Time 1091.50s : 15439.03 words/s
[2019-07-25 10:28:32] Seen 503759 samples
[2019-07-25 10:28:32] Starting epoch 50
[2019-07-25 10:28:32] [data] Shuffling data
[2019-07-25 10:28:33] [data] Done reading 545666 sentences
[2019-07-25 10:28:35] [data] Done shuffling 545666 sentences to temp files
[2019-07-25 10:39:08] Seen 503759 samples
[2019-07-25 10:39:08] Starting epoch 51
[2019-07-25 10:39:08] [data] Shuffling data
[2019-07-25 10:39:08] [data] Done reading 545666 sentences
[2019-07-25 10:39:10] [data] Done shuffling 545666 sentences to temp files
[2019-07-25 10:39:35] Ep. 51 : Up. 64000 : Sen. 18,392 : Cost 21.25954247 : Time 992.66s : 16948.16 words/s
[2019-07-25 10:49:41] Seen 503759 samples
[2019-07-25 10:49:41] Starting epoch 52
[2019-07-25 10:49:41] [data] Shuffling data
[2019-07-25 10:49:41] [data] Done reading 545666 sentences
[2019-07-25 10:49:43] [data] Done shuffling 545666 sentences to temp files
[2019-07-25 10:56:05] Ep. 52 : Up. 66000 : Sen. 304,338 : Cost 20.86254883 : Time 990.00s : 17065.01 words/s
[2019-07-25 11:00:15] Seen 503759 samples
[2019-07-25 11:00:15] Starting epoch 53
[2019-07-25 11:00:15] [data] Shuffling data
[2019-07-25 11:00:16] [data] Done reading 545666 sentences
[2019-07-25 11:00:20] [data] Done shuffling 545666 sentences to temp files
[2019-07-25 11:10:50] Seen 503759 samples
[2019-07-25 11:10:50] Starting epoch 54
[2019-07-25 11:10:50] [data] Shuffling data
[2019-07-25 11:10:50] [data] Done reading 545666 sentences
[2019-07-25 11:10:52] [data] Done shuffling 545666 sentences to temp files
[2019-07-25 11:12:36] Ep. 54 : Up. 68000 : Sen. 81,514 : Cost 20.71460724 : Time 991.23s : 16941.34 words/s
[2019-07-25 11:21:25] Seen 503759 samples
[2019-07-25 11:21:25] Starting epoch 55
[2019-07-25 11:21:25] [data] Shuffling data
[2019-07-25 11:21:25] [data] Done reading 545666 sentences
[2019-07-25 11:21:27] [data] Done shuffling 545666 sentences to temp files
[2019-07-25 11:29:03] Ep. 55 : Up. 70000 : Sen. 363,142 : Cost 20.38322449 : Time 987.02s : 17014.80 words/s
[2019-07-25 11:32:00] Seen 503759 samples
[2019-07-25 11:32:00] Starting epoch 56
[2019-07-25 11:32:00] [data] Shuffling data
[2019-07-25 11:32:00] [data] Done reading 545666 sentences
[2019-07-25 11:32:02] [data] Done shuffling 545666 sentences to temp files
[2019-07-25 11:42:34] Seen 503759 samples
[2019-07-25 11:42:34] Starting epoch 57
[2019-07-25 11:42:34] [data] Shuffling data
[2019-07-25 11:42:34] [data] Done reading 545666 sentences
[2019-07-25 11:42:36] [data] Done shuffling 545666 sentences to temp files
[2019-07-25 11:45:40] Ep. 57 : Up. 72000 : Sen. 144,666 : Cost 20.00542831 : Time 996.45s : 16939.96 words/s
[2019-07-25 11:53:09] Seen 503759 samples
[2019-07-25 11:53:09] Starting epoch 58
[2019-07-25 11:53:09] [data] Shuffling data
[2019-07-25 11:53:09] [data] Done reading 545666 sentences
[2019-07-25 11:53:11] [data] Done shuffling 545666 sentences to temp files
[2019-07-25 12:02:09] Ep. 58 : Up. 74000 : Sen. 428,800 : Cost 19.73443604 : Time 989.12s : 17047.25 words/s
[2019-07-25 12:03:43] Seen 503759 samples
[2019-07-25 12:03:43] Starting epoch 59
[2019-07-25 12:03:43] [data] Shuffling data
[2019-07-25 12:03:44] [data] Done reading 545666 sentences
[2019-07-25 12:03:46] [data] Done shuffling 545666 sentences to temp files
[2019-07-25 12:14:17] Seen 503759 samples
[2019-07-25 12:14:17] Starting epoch 60
[2019-07-25 12:14:17] [data] Shuffling data
[2019-07-25 12:14:18] [data] Done reading 545666 sentences
[2019-07-25 12:14:20] [data] Done shuffling 545666 sentences to temp files
[2019-07-25 12:18:44] Ep. 60 : Up. 76000 : Sen. 208,816 : Cost 19.39075279 : Time 994.64s : 16955.12 words/s
[2019-07-25 12:24:52] Seen 503759 samples
[2019-07-25 12:24:52] Starting epoch 61
[2019-07-25 12:24:52] [data] Shuffling data
[2019-07-25 12:24:53] [data] Done reading 545666 sentences
[2019-07-25 12:24:55] [data] Done shuffling 545666 sentences to temp files
[2019-07-25 12:35:13] Ep. 61 : Up. 78000 : Sen. 493,524 : Cost 19.11569595 : Time 989.26s : 17041.70 words/s
[2019-07-25 12:35:26] Seen 503759 samples
[2019-07-25 12:35:26] Starting epoch 62
[2019-07-25 12:35:26] [data] Shuffling data
[2019-07-25 12:35:26] [data] Done reading 545666 sentences
[2019-07-25 12:35:28] [data] Done shuffling 545666 sentences to temp files
[2019-07-25 12:46:02] Seen 503759 samples
[2019-07-25 12:46:02] Starting epoch 63
[2019-07-25 12:46:02] [data] Shuffling data
[2019-07-25 12:46:02] [data] Done reading 545666 sentences
[2019-07-25 12:46:04] [data] Done shuffling 545666 sentences to temp files
[2019-07-25 12:51:51] Ep. 63 : Up. 80000 : Sen. 274,740 : Cost 18.85193825 : Time 997.99s : 16905.89 words/s
[2019-07-25 12:51:51] Saving model to ../experiments/10M_bicleaner_dcce/model/model.npz.orig.npz
[2019-07-25 12:52:01] Saving model to ../experiments/10M_bicleaner_dcce/model/model.iter80000.npz
[2019-07-25 12:52:08] Saving model to ../experiments/10M_bicleaner_dcce/model/model.npz
[2019-07-25 12:52:18] Saving Adam parameters to ../experiments/10M_bicleaner_dcce/model/model.npz.optimizer.npz
[2019-07-25 12:52:39] [valid] Ep. 63 : Up. 80000 : cross-entropy : 66.6814 : stalled 2 times (last best: 62.3595)
[2019-07-25 12:52:43] [valid] Ep. 63 : Up. 80000 : perplexity : 13.7486 : stalled 2 times (last best: 11.6007)
[2019-07-25 12:53:27] [valid] Ep. 63 : Up. 80000 : translation : 24.79 : stalled 2 times (last best: 25.4)
[2019-07-25 12:58:15] Seen 503759 samples
[2019-07-25 12:58:15] Starting epoch 64
[2019-07-25 12:58:15] [data] Shuffling data
[2019-07-25 12:58:16] [data] Done reading 545666 sentences
[2019-07-25 12:58:18] [data] Done shuffling 545666 sentences to temp files
[2019-07-25 13:08:50] Seen 503759 samples
[2019-07-25 13:08:50] Starting epoch 65
[2019-07-25 13:08:50] [data] Shuffling data
[2019-07-25 13:08:51] [data] Done reading 545666 sentences
[2019-07-25 13:08:53] [data] Done shuffling 545666 sentences to temp files
[2019-07-25 13:10:05] Ep. 65 : Up. 82000 : Sen. 55,768 : Cost 18.81037521 : Time 1094.33s : 15425.71 words/s
[2019-07-25 13:19:25] Seen 503759 samples
[2019-07-25 13:19:25] Starting epoch 66
[2019-07-25 13:19:25] [data] Shuffling data
[2019-07-25 13:19:26] [data] Done reading 545666 sentences
[2019-07-25 13:19:28] [data] Done shuffling 545666 sentences to temp files
[2019-07-25 13:26:38] Ep. 66 : Up. 84000 : Sen. 343,472 : Cost 18.48753738 : Time 993.02s : 17026.75 words/s
[2019-07-25 13:30:01] Seen 503759 samples
[2019-07-25 13:30:01] Starting epoch 67
[2019-07-25 13:30:01] [data] Shuffling data
[2019-07-25 13:30:01] [data] Done reading 545666 sentences
[2019-07-25 13:30:03] [data] Done shuffling 545666 sentences to temp files
[2019-07-25 13:40:36] Seen 503759 samples
[2019-07-25 13:40:36] Starting epoch 68
[2019-07-25 13:40:36] [data] Shuffling data
[2019-07-25 13:40:36] [data] Done reading 545666 sentences
[2019-07-25 13:40:38] [data] Done shuffling 545666 sentences to temp files
[2019-07-25 13:43:14] Ep. 68 : Up. 86000 : Sen. 123,958 : Cost 18.35323715 : Time 996.04s : 16922.63 words/s
[2019-07-25 13:51:11] Seen 503759 samples
[2019-07-25 13:51:11] Starting epoch 69
[2019-07-25 13:51:11] [data] Shuffling data
[2019-07-25 13:51:12] [data] Done reading 545666 sentences
[2019-07-25 13:51:14] [data] Done shuffling 545666 sentences to temp files
[2019-07-25 13:59:49] Ep. 69 : Up. 88000 : Sen. 409,600 : Cost 18.11814308 : Time 994.28s : 17011.32 words/s
[2019-07-25 14:01:47] Seen 503759 samples
[2019-07-25 14:01:47] Starting epoch 70
[2019-07-25 14:01:47] [data] Shuffling data
[2019-07-25 14:01:47] [data] Done reading 545666 sentences
[2019-07-25 14:01:50] [data] Done shuffling 545666 sentences to temp files
[2019-07-25 14:12:23] Seen 503759 samples
[2019-07-25 14:12:23] Starting epoch 71
[2019-07-25 14:12:23] [data] Shuffling data
[2019-07-25 14:12:23] [data] Done reading 545666 sentences
[2019-07-25 14:12:25] [data] Done shuffling 545666 sentences to temp files
[2019-07-25 14:16:23] Ep. 71 : Up. 90000 : Sen. 187,610 : Cost 18.02868271 : Time 994.88s : 16900.49 words/s
[2019-07-25 14:22:58] Seen 503759 samples
[2019-07-25 14:22:58] Starting epoch 72
[2019-07-25 14:22:58] [data] Shuffling data
[2019-07-25 14:22:59] [data] Done reading 545666 sentences
[2019-07-25 14:23:01] [data] Done shuffling 545666 sentences to temp files
[2019-07-25 14:32:58] Ep. 72 : Up. 92000 : Sen. 473,600 : Cost 17.76932144 : Time 994.17s : 16986.55 words/s
[2019-07-25 14:33:35] Seen 503759 samples
[2019-07-25 14:33:35] Starting epoch 73
[2019-07-25 14:33:35] [data] Shuffling data
[2019-07-25 14:33:36] [data] Done reading 545666 sentences
[2019-07-25 14:33:38] [data] Done shuffling 545666 sentences to temp files
[2019-07-25 14:44:13] Seen 503759 samples
[2019-07-25 14:44:13] Starting epoch 74
[2019-07-25 14:44:13] [data] Shuffling data
[2019-07-25 14:44:13] [data] Done reading 545666 sentences
[2019-07-25 14:44:15] [data] Done shuffling 545666 sentences to temp files
[2019-07-25 14:49:35] Ep. 74 : Up. 94000 : Sen. 253,354 : Cost 17.49956131 : Time 997.29s : 16883.85 words/s
[2019-07-25 14:54:49] Seen 503759 samples
[2019-07-25 14:54:49] Starting epoch 75
[2019-07-25 14:54:49] [data] Shuffling data
[2019-07-25 14:54:50] [data] Done reading 545666 sentences
[2019-07-25 14:54:52] [data] Done shuffling 545666 sentences to temp files
[2019-07-25 15:05:25] Seen 503759 samples
[2019-07-25 15:05:25] Starting epoch 76
[2019-07-25 15:05:25] [data] Shuffling data
[2019-07-25 15:05:25] [data] Done reading 545666 sentences
[2019-07-25 15:05:27] [data] Done shuffling 545666 sentences to temp files
[2019-07-25 15:06:11] Ep. 76 : Up. 96000 : Sen. 32,277 : Cost 17.44772530 : Time 995.94s : 16904.60 words/s

[CALL STACK]
[0x727f12]                                                            
[0x728985]          marian::data::Corpus::  next  ()                   + 0x6f5
[0x716e4f]          marian::data::CorpusIterator::  increment  ()      + 0x2f
[0x681a7d]          marian::data::BatchGenerator<marian::data::CorpusBase>::  fetchBatches  () + 0x10dd
[0x682adb]          std::future<std::result_of<marian::data::BatchGenerator<marian::data::CorpusBase>::fetchBatchesAsync()::{lambda()#1} ()>::type> marian::ThreadPool::enqueue<marian::data::BatchGenerator<marian::data::CorpusBase>::fetchBatchesAsync()::{lambda()#1}>(std::result_of&&,(marian::data::BatchGenerator<marian::data::CorpusBase>::fetchBatchesAsync()::{lambda()#1}&&)...)::{lambda()#1}::  operator()  () const + 0x2b
[0x6834be]          std::_Function_handler<std::unique_ptr<std::__future_base::_Result_base,std::__future_base::_Result_base::_Deleter> (),std::__future_base::_Task_setter<std::unique_ptr<std::__future_base::_Result<std::deque<std::shared_ptr<marian::data::CorpusBatch>,std::allocator<std::shared_ptr<marian::data::CorpusBatch>>>>,std::__future_base::_Result_base::_Deleter>,std::_Bind_simple<std::reference_wrapper<std::future<std::result_of<marian::data::BatchGenerator<marian::data::CorpusBase>::fetchBatchesAsync()::{lambda()#1} ()>::type> marian::ThreadPool::enqueue<marian::data::BatchGenerator<marian::data::CorpusBase>::fetchBatchesAsync()::{lambda()#1}>(std::result_of&&,(marian::data::BatchGenerator<marian::data::CorpusBase>::fetchBatchesAsync()::{lambda()#1}&&)...)::{lambda()#1}> ()>,std::deque<std::shared_ptr<marian::data::CorpusBatch>,std::allocator<std::shared_ptr<marian::data::CorpusBatch>>>>>::  _M_invoke  (std::_Any_data const&) + 0x3e
[0x5a5f19]          std::__future_base::_State_baseV2::  _M_do_set  (std::function<std::unique_ptr<std::__future_base::_Result_base,std::__future_base::_Result_base::_Deleter> ()>*,  bool*) + 0x29
[0x7f6faca72a99]                                                       + 0xea99
[0x59fac2]                                                            
[0x5a7341]          std::__future_base::_Task_state<std::future<std::result_of<marian::data::BatchGenerator<marian::data::CorpusBase>::fetchBatchesAsync()::{lambda()#1} ()>::type> marian::ThreadPool::enqueue<marian::data::BatchGenerator<marian::data::CorpusBase>::fetchBatchesAsync()::{lambda()#1}>(std::result_of&&,(marian::data::BatchGenerator<marian::data::CorpusBase>::fetchBatchesAsync()::{lambda()#1}&&)...)::{lambda()#1},std::allocator<int>,std::deque<std::shared_ptr<marian::data::CorpusBatch>,std::allocator<std::shared_ptr>> ()>::  _M_run  () + 0x51
[0x5d00b4]          std::thread::_Impl<std::_Bind_simple<marian::ThreadPool::reserve(unsigned long)::{lambda()#1} ()>>::  _M_run  () + 0x174
[0x7f6fac592c80]                                                       + 0xb8c80
[0x7f6faca6b6ba]                                                       + 0x76ba
[0x7f6fabcf841d]    clone                                              + 0x6d

[2019-07-25 17:16:31] [marian] Marian v1.7.8 ec2d66e 2019-05-27 14:52:11 +0100
[2019-07-25 17:16:31] [marian] Running on dagr as process 23360 with command line:
[2019-07-25 17:16:31] [marian] /fs/bil0/abdel/marian-dev/build/marian --sync-sgd --model ../experiments/10M_bicleaner_dcce/model/model.npz -T . --devices 0 1 --train-sets ../experiments/10M_bicleaner_dcce/data/train.bpe.de ../experiments/10M_bicleaner_dcce/data/train.bpe.en --vocabs ../experiments/10M_bicleaner_dcce/data/train.bpe.de.json ../experiments/10M_bicleaner_dcce/data/train.bpe.en.json --mini-batch-fit -w 5000 --dim-vocabs 50000 50000 --layer-normalization --dropout-rnn 0.2 --dropout-src 0.1 --dropout-trg 0.1 --learn-rate 0.0001 --after-epochs 0 --early-stopping 5 --valid-freq 20000 --save-freq 20000 --disp-freq 2000 --valid-mini-batch 8 --valid-sets ../experiments/10M_bicleaner_dcce/data/dev.bpe.de ../experiments/10M_bicleaner_dcce/data/dev.bpe.en --valid-metrics cross-entropy perplexity translation --valid-translation-output ../experiments/10M_bicleaner_dcce/model/dev.out --valid-script-path ../experiments/10M_bicleaner_dcce/score-dev.sh --seed 1111 --exponential-smoothing --normalize=1 --beam-size=12 --quiet-translation --log ../experiments/10M_bicleaner_dcce/model/train.log --valid-log ../experiments/10M_bicleaner_dcce/model/valid.log
[2019-07-25 17:16:31] [config] after-batches: 0
[2019-07-25 17:16:31] [config] after-epochs: 0
[2019-07-25 17:16:31] [config] allow-unk: false
[2019-07-25 17:16:31] [config] beam-size: 12
[2019-07-25 17:16:31] [config] bert-class-symbol: "[CLS]"
[2019-07-25 17:16:31] [config] bert-mask-symbol: "[MASK]"
[2019-07-25 17:16:31] [config] bert-masking-fraction: 0.15
[2019-07-25 17:16:31] [config] bert-sep-symbol: "[SEP]"
[2019-07-25 17:16:31] [config] bert-train-type-embeddings: true
[2019-07-25 17:16:31] [config] bert-type-vocab-size: 2
[2019-07-25 17:16:31] [config] best-deep: false
[2019-07-25 17:16:31] [config] clip-gemm: 0
[2019-07-25 17:16:31] [config] clip-norm: 1
[2019-07-25 17:16:31] [config] cost-type: ce-mean
[2019-07-25 17:16:31] [config] cpu-threads: 0
[2019-07-25 17:16:31] [config] data-weighting: ""
[2019-07-25 17:16:31] [config] data-weighting-type: sentence
[2019-07-25 17:16:31] [config] dec-cell: gru
[2019-07-25 17:16:31] [config] dec-cell-base-depth: 2
[2019-07-25 17:16:31] [config] dec-cell-high-depth: 1
[2019-07-25 17:16:31] [config] dec-depth: 1
[2019-07-25 17:16:31] [config] devices:
[2019-07-25 17:16:31] [config]   - 0
[2019-07-25 17:16:31] [config]   - 1
[2019-07-25 17:16:31] [config] dim-emb: 512
[2019-07-25 17:16:31] [config] dim-rnn: 1024
[2019-07-25 17:16:31] [config] dim-vocabs:
[2019-07-25 17:16:31] [config]   - 50000
[2019-07-25 17:16:31] [config]   - 50000
[2019-07-25 17:16:31] [config] disp-first: 0
[2019-07-25 17:16:31] [config] disp-freq: 2000
[2019-07-25 17:16:31] [config] disp-label-counts: false
[2019-07-25 17:16:31] [config] dropout-rnn: 0.2
[2019-07-25 17:16:31] [config] dropout-src: 0.1
[2019-07-25 17:16:31] [config] dropout-trg: 0.1
[2019-07-25 17:16:31] [config] dump-config: ""
[2019-07-25 17:16:31] [config] early-stopping: 5
[2019-07-25 17:16:31] [config] embedding-fix-src: false
[2019-07-25 17:16:31] [config] embedding-fix-trg: false
[2019-07-25 17:16:31] [config] embedding-normalization: false
[2019-07-25 17:16:31] [config] embedding-vectors:
[2019-07-25 17:16:31] [config]   []
[2019-07-25 17:16:31] [config] enc-cell: gru
[2019-07-25 17:16:31] [config] enc-cell-depth: 1
[2019-07-25 17:16:31] [config] enc-depth: 1
[2019-07-25 17:16:31] [config] enc-type: bidirectional
[2019-07-25 17:16:31] [config] exponential-smoothing: 0.0001
[2019-07-25 17:16:31] [config] grad-dropping-momentum: 0
[2019-07-25 17:16:31] [config] grad-dropping-rate: 0
[2019-07-25 17:16:31] [config] grad-dropping-warmup: 100
[2019-07-25 17:16:31] [config] guided-alignment: none
[2019-07-25 17:16:31] [config] guided-alignment-cost: mse
[2019-07-25 17:16:31] [config] guided-alignment-weight: 0.1
[2019-07-25 17:16:31] [config] ignore-model-config: false
[2019-07-25 17:16:31] [config] input-types:
[2019-07-25 17:16:31] [config]   []
[2019-07-25 17:16:31] [config] interpolate-env-vars: false
[2019-07-25 17:16:31] [config] keep-best: false
[2019-07-25 17:16:31] [config] label-smoothing: 0
[2019-07-25 17:16:31] [config] layer-normalization: true
[2019-07-25 17:16:31] [config] learn-rate: 0.0001
[2019-07-25 17:16:31] [config] log: ../experiments/10M_bicleaner_dcce/model/train.log
[2019-07-25 17:16:31] [config] log-level: info
[2019-07-25 17:16:31] [config] log-time-zone: ""
[2019-07-25 17:16:31] [config] lr-decay: 0
[2019-07-25 17:16:31] [config] lr-decay-freq: 50000
[2019-07-25 17:16:31] [config] lr-decay-inv-sqrt:
[2019-07-25 17:16:31] [config]   - 0
[2019-07-25 17:16:31] [config] lr-decay-repeat-warmup: false
[2019-07-25 17:16:31] [config] lr-decay-reset-optimizer: false
[2019-07-25 17:16:31] [config] lr-decay-start:
[2019-07-25 17:16:31] [config]   - 10
[2019-07-25 17:16:31] [config]   - 1
[2019-07-25 17:16:31] [config] lr-decay-strategy: epoch+stalled
[2019-07-25 17:16:31] [config] lr-report: false
[2019-07-25 17:16:31] [config] lr-warmup: 0
[2019-07-25 17:16:31] [config] lr-warmup-at-reload: false
[2019-07-25 17:16:31] [config] lr-warmup-cycle: false
[2019-07-25 17:16:31] [config] lr-warmup-start-rate: 0
[2019-07-25 17:16:31] [config] max-length: 50
[2019-07-25 17:16:31] [config] max-length-crop: false
[2019-07-25 17:16:31] [config] max-length-factor: 3
[2019-07-25 17:16:31] [config] maxi-batch: 100
[2019-07-25 17:16:31] [config] maxi-batch-sort: trg
[2019-07-25 17:16:31] [config] mini-batch: 64
[2019-07-25 17:16:31] [config] mini-batch-fit: true
[2019-07-25 17:16:31] [config] mini-batch-fit-step: 10
[2019-07-25 17:16:31] [config] mini-batch-overstuff: 1
[2019-07-25 17:16:31] [config] mini-batch-track-lr: false
[2019-07-25 17:16:31] [config] mini-batch-understuff: 1
[2019-07-25 17:16:31] [config] mini-batch-warmup: 0
[2019-07-25 17:16:31] [config] mini-batch-words: 0
[2019-07-25 17:16:31] [config] mini-batch-words-ref: 0
[2019-07-25 17:16:31] [config] model: ../experiments/10M_bicleaner_dcce/model/model.npz
[2019-07-25 17:16:31] [config] multi-loss-type: sum
[2019-07-25 17:16:31] [config] multi-node: false
[2019-07-25 17:16:31] [config] multi-node-overlap: true
[2019-07-25 17:16:31] [config] n-best: false
[2019-07-25 17:16:31] [config] no-nccl: false
[2019-07-25 17:16:31] [config] no-reload: false
[2019-07-25 17:16:31] [config] no-restore-corpus: false
[2019-07-25 17:16:31] [config] no-shuffle: false
[2019-07-25 17:16:31] [config] normalize: 1
[2019-07-25 17:16:31] [config] num-devices: 0
[2019-07-25 17:16:31] [config] optimizer: adam
[2019-07-25 17:16:31] [config] optimizer-delay: 1
[2019-07-25 17:16:31] [config] optimizer-params:
[2019-07-25 17:16:31] [config]   []
[2019-07-25 17:16:31] [config] overwrite: false
[2019-07-25 17:16:31] [config] pretrained-model: ""
[2019-07-25 17:16:31] [config] quiet: false
[2019-07-25 17:16:31] [config] quiet-translation: true
[2019-07-25 17:16:31] [config] relative-paths: false
[2019-07-25 17:16:31] [config] right-left: false
[2019-07-25 17:16:31] [config] save-freq: 20000
[2019-07-25 17:16:31] [config] seed: 1111
[2019-07-25 17:16:31] [config] shuffle-in-ram: false
[2019-07-25 17:16:31] [config] skip: false
[2019-07-25 17:16:31] [config] sqlite: ""
[2019-07-25 17:16:31] [config] sqlite-drop: false
[2019-07-25 17:16:31] [config] sync-sgd: true
[2019-07-25 17:16:31] [config] tempdir: .
[2019-07-25 17:16:31] [config] tied-embeddings: false
[2019-07-25 17:16:31] [config] tied-embeddings-all: false
[2019-07-25 17:16:31] [config] tied-embeddings-src: false
[2019-07-25 17:16:31] [config] train-sets:
[2019-07-25 17:16:31] [config]   - ../experiments/10M_bicleaner_dcce/data/train.bpe.de
[2019-07-25 17:16:31] [config]   - ../experiments/10M_bicleaner_dcce/data/train.bpe.en
[2019-07-25 17:16:31] [config] transformer-aan-activation: swish
[2019-07-25 17:16:31] [config] transformer-aan-depth: 2
[2019-07-25 17:16:31] [config] transformer-aan-nogate: false
[2019-07-25 17:16:31] [config] transformer-decoder-autoreg: self-attention
[2019-07-25 17:16:31] [config] transformer-dim-aan: 2048
[2019-07-25 17:16:31] [config] transformer-dim-ffn: 2048
[2019-07-25 17:16:31] [config] transformer-dropout: 0
[2019-07-25 17:16:31] [config] transformer-dropout-attention: 0
[2019-07-25 17:16:31] [config] transformer-dropout-ffn: 0
[2019-07-25 17:16:31] [config] transformer-ffn-activation: swish
[2019-07-25 17:16:31] [config] transformer-ffn-depth: 2
[2019-07-25 17:16:31] [config] transformer-guided-alignment-layer: last
[2019-07-25 17:16:31] [config] transformer-heads: 8
[2019-07-25 17:16:31] [config] transformer-no-projection: false
[2019-07-25 17:16:31] [config] transformer-postprocess: dan
[2019-07-25 17:16:31] [config] transformer-postprocess-emb: d
[2019-07-25 17:16:31] [config] transformer-preprocess: ""
[2019-07-25 17:16:31] [config] transformer-tied-layers:
[2019-07-25 17:16:31] [config]   []
[2019-07-25 17:16:31] [config] transformer-train-position-embeddings: false
[2019-07-25 17:16:31] [config] type: amun
[2019-07-25 17:16:31] [config] ulr: false
[2019-07-25 17:16:31] [config] ulr-dim-emb: 0
[2019-07-25 17:16:31] [config] ulr-dropout: 0
[2019-07-25 17:16:31] [config] ulr-keys-vectors: ""
[2019-07-25 17:16:31] [config] ulr-query-vectors: ""
[2019-07-25 17:16:31] [config] ulr-softmax-temperature: 1
[2019-07-25 17:16:31] [config] ulr-trainable-transformation: false
[2019-07-25 17:16:31] [config] valid-freq: 20000
[2019-07-25 17:16:31] [config] valid-log: ../experiments/10M_bicleaner_dcce/model/valid.log
[2019-07-25 17:16:31] [config] valid-max-length: 1000
[2019-07-25 17:16:31] [config] valid-metrics:
[2019-07-25 17:16:31] [config]   - cross-entropy
[2019-07-25 17:16:31] [config]   - perplexity
[2019-07-25 17:16:31] [config]   - translation
[2019-07-25 17:16:31] [config] valid-mini-batch: 8
[2019-07-25 17:16:31] [config] valid-script-path: ../experiments/10M_bicleaner_dcce/score-dev.sh
[2019-07-25 17:16:31] [config] valid-sets:
[2019-07-25 17:16:31] [config]   - ../experiments/10M_bicleaner_dcce/data/dev.bpe.de
[2019-07-25 17:16:31] [config]   - ../experiments/10M_bicleaner_dcce/data/dev.bpe.en
[2019-07-25 17:16:31] [config] valid-translation-output: ../experiments/10M_bicleaner_dcce/model/dev.out
[2019-07-25 17:16:31] [config] version: v1.7.8 ec2d66e 2019-05-27 14:52:11 +0100
[2019-07-25 17:16:31] [config] vocabs:
[2019-07-25 17:16:31] [config]   - ../experiments/10M_bicleaner_dcce/data/train.bpe.de.json
[2019-07-25 17:16:31] [config]   - ../experiments/10M_bicleaner_dcce/data/train.bpe.en.json
[2019-07-25 17:16:31] [config] word-penalty: 0
[2019-07-25 17:16:31] [config] workspace: 5000
[2019-07-25 17:16:31] [config] Loaded model has been created with Marian v1.7.8 ec2d66e 2019-05-27 14:52:11 +0100
[2019-07-25 17:16:31] Using synchronous training
[2019-07-25 17:16:31] [data] Loading vocabulary from JSON/Yaml file ../experiments/10M_bicleaner_dcce/data/train.bpe.de.json
[2019-07-25 17:16:31] [data] Using unused word id eos for 0
[2019-07-25 17:16:31] [data] Using unused word id UNK for 1
[2019-07-25 17:16:31] [data] Setting vocabulary size for input 0 to 50000
[2019-07-25 17:16:31] [data] Loading vocabulary from JSON/Yaml file ../experiments/10M_bicleaner_dcce/data/train.bpe.en.json
[2019-07-25 17:16:32] [data] Using unused word id eos for 0
[2019-07-25 17:16:32] [data] Using unused word id UNK for 1
[2019-07-25 17:16:32] [data] Setting vocabulary size for input 1 to 50000
[2019-07-25 17:16:32] Compiled without MPI support. Falling back to FakeMPIWrapper
[2019-07-25 17:16:32] [batching] Collecting statistics for batch fitting with step size 10
[2019-07-25 17:16:33] [memory] Extending reserved space to 5120 MB (device gpu0)
[2019-07-25 17:16:34] [memory] Extending reserved space to 5120 MB (device gpu1)
[2019-07-25 17:16:34] [comm] Using NCCL 2.4.2 for GPU communication
[2019-07-25 17:16:34] [comm] NCCLCommunicator constructed successfully.
[2019-07-25 17:16:34] [training] Using 2 GPUs
[2019-07-25 17:16:34] [memory] Reserving 422 MB, device gpu0
[2019-07-25 17:16:34] [gpu] 16-bit TensorCores enabled for float32 matrix operations
[2019-07-25 17:16:34] [memory] Reserving 422 MB, device gpu0
[2019-07-25 17:16:43] [batching] Done. Typical MB size is 13760 target words
[2019-07-25 17:16:43] [memory] Extending reserved space to 5120 MB (device gpu0)
[2019-07-25 17:16:43] [memory] Extending reserved space to 5120 MB (device gpu1)
[2019-07-25 17:16:43] [comm] Using NCCL 2.4.2 for GPU communication
[2019-07-25 17:16:43] [comm] NCCLCommunicator constructed successfully.
[2019-07-25 17:16:43] [training] Using 2 GPUs
[2019-07-25 17:16:43] Loading model from ../experiments/10M_bicleaner_dcce/model/model.npz.orig.npz
[2019-07-25 17:16:50] Loading model from ../experiments/10M_bicleaner_dcce/model/model.npz.orig.npz
[2019-07-25 17:16:53] Loading Adam parameters from ../experiments/10M_bicleaner_dcce/model/model.npz.optimizer.npz
[2019-07-25 17:17:03] [memory] Reserving 422 MB, device gpu0
[2019-07-25 17:17:04] [memory] Reserving 422 MB, device gpu1
[2019-07-25 17:17:05] [training] Model reloaded from ../experiments/10M_bicleaner_dcce/model/model.npz
[2019-07-25 17:17:05] [data] Restoring the corpus state to epoch 63, batch 80000
[2019-07-25 17:17:05] [data] Shuffling data
[2019-07-25 17:17:06] [data] Done reading 545666 sentences
[2019-07-25 17:17:08] [data] Done shuffling 545666 sentences to temp files
[2019-07-25 17:17:16] Training started
[2019-07-25 17:17:16] [training] Batches are processed as 1 process(es) x 2 devices/process
[2019-07-25 17:17:16] [memory] Reserving 422 MB, device gpu0
[2019-07-25 17:17:16] [memory] Reserving 422 MB, device gpu1
[2019-07-25 17:17:16] [memory] Reserving 422 MB, device gpu0
[2019-07-25 17:17:16] [memory] Reserving 422 MB, device gpu1
[2019-07-25 17:17:16] Loading model from ../experiments/10M_bicleaner_dcce/model/model.npz
[2019-07-25 17:17:24] [memory] Reserving 422 MB, device cpu0
[2019-07-25 17:17:25] [memory] Reserving 211 MB, device gpu0
[2019-07-25 17:17:25] [memory] Reserving 211 MB, device gpu1
[2019-07-25 17:22:14] Seen 503759 samples
[2019-07-25 17:22:14] Starting epoch 64
[2019-07-25 17:22:14] [data] Shuffling data
[2019-07-25 17:22:14] [data] Done reading 545666 sentences
[2019-07-25 17:22:16] [data] Done shuffling 545666 sentences to temp files
[2019-07-25 17:33:05] Seen 503759 samples
[2019-07-25 17:33:05] Starting epoch 65
[2019-07-25 17:33:05] [data] Shuffling data
[2019-07-25 17:33:06] [data] Done reading 545666 sentences
[2019-07-25 17:33:07] [data] Done shuffling 545666 sentences to temp files
[2019-07-25 17:34:21] Ep. 65 : Up. 82000 : Sen. 55,768 : Cost 18.74690247 : Time 1069.37s : 15785.71 words/s
[2019-07-25 20:32:50] [marian] Marian v1.7.8 ec2d66e 2019-05-27 14:52:11 +0100
[2019-07-25 20:32:50] [marian] Running on fulla as process 2602 with command line:
[2019-07-25 20:32:50] [marian] /fs/bil0/abdel/marian-dev/build/marian --sync-sgd --model ../experiments/10M_bicleaner_dcce/model/model.npz -T . --devices 0 1 --train-sets ../experiments/10M_bicleaner_dcce/data/train.bpe.de ../experiments/10M_bicleaner_dcce/data/train.bpe.en --vocabs ../experiments/10M_bicleaner_dcce/data/train.bpe.de.json ../experiments/10M_bicleaner_dcce/data/train.bpe.en.json --mini-batch-fit -w 5000 --dim-vocabs 50000 50000 --layer-normalization --dropout-rnn 0.2 --dropout-src 0.1 --dropout-trg 0.1 --learn-rate 0.0001 --after-epochs 0 --early-stopping 5 --valid-freq 20000 --save-freq 20000 --disp-freq 2000 --valid-mini-batch 8 --valid-sets ../experiments/10M_bicleaner_dcce/data/dev.bpe.de ../experiments/10M_bicleaner_dcce/data/dev.bpe.en --valid-metrics cross-entropy perplexity translation --valid-translation-output ../experiments/10M_bicleaner_dcce/model/dev.out --valid-script-path ../experiments/10M_bicleaner_dcce/score-dev.sh --seed 1111 --exponential-smoothing --normalize=1 --beam-size=12 --quiet-translation --log ../experiments/10M_bicleaner_dcce/model/train.log --valid-log ../experiments/10M_bicleaner_dcce/model/valid.log
[2019-07-25 20:32:51] [config] after-batches: 0
[2019-07-25 20:32:51] [config] after-epochs: 0
[2019-07-25 20:32:51] [config] allow-unk: false
[2019-07-25 20:32:51] [config] beam-size: 12
[2019-07-25 20:32:51] [config] bert-class-symbol: "[CLS]"
[2019-07-25 20:32:51] [config] bert-mask-symbol: "[MASK]"
[2019-07-25 20:32:51] [config] bert-masking-fraction: 0.15
[2019-07-25 20:32:51] [config] bert-sep-symbol: "[SEP]"
[2019-07-25 20:32:51] [config] bert-train-type-embeddings: true
[2019-07-25 20:32:51] [config] bert-type-vocab-size: 2
[2019-07-25 20:32:51] [config] best-deep: false
[2019-07-25 20:32:51] [config] clip-gemm: 0
[2019-07-25 20:32:51] [config] clip-norm: 1
[2019-07-25 20:32:51] [config] cost-type: ce-mean
[2019-07-25 20:32:51] [config] cpu-threads: 0
[2019-07-25 20:32:51] [config] data-weighting: ""
[2019-07-25 20:32:51] [config] data-weighting-type: sentence
[2019-07-25 20:32:51] [config] dec-cell: gru
[2019-07-25 20:32:51] [config] dec-cell-base-depth: 2
[2019-07-25 20:32:51] [config] dec-cell-high-depth: 1
[2019-07-25 20:32:51] [config] dec-depth: 1
[2019-07-25 20:32:51] [config] devices:
[2019-07-25 20:32:51] [config]   - 0
[2019-07-25 20:32:51] [config]   - 1
[2019-07-25 20:32:51] [config] dim-emb: 512
[2019-07-25 20:32:51] [config] dim-rnn: 1024
[2019-07-25 20:32:51] [config] dim-vocabs:
[2019-07-25 20:32:51] [config]   - 50000
[2019-07-25 20:32:51] [config]   - 50000
[2019-07-25 20:32:51] [config] disp-first: 0
[2019-07-25 20:32:51] [config] disp-freq: 2000
[2019-07-25 20:32:51] [config] disp-label-counts: false
[2019-07-25 20:32:51] [config] dropout-rnn: 0.2
[2019-07-25 20:32:51] [config] dropout-src: 0.1
[2019-07-25 20:32:51] [config] dropout-trg: 0.1
[2019-07-25 20:32:51] [config] dump-config: ""
[2019-07-25 20:32:51] [config] early-stopping: 5
[2019-07-25 20:32:51] [config] embedding-fix-src: false
[2019-07-25 20:32:51] [config] embedding-fix-trg: false
[2019-07-25 20:32:51] [config] embedding-normalization: false
[2019-07-25 20:32:51] [config] embedding-vectors:
[2019-07-25 20:32:51] [config]   []
[2019-07-25 20:32:51] [config] enc-cell: gru
[2019-07-25 20:32:51] [config] enc-cell-depth: 1
[2019-07-25 20:32:51] [config] enc-depth: 1
[2019-07-25 20:32:51] [config] enc-type: bidirectional
[2019-07-25 20:32:51] [config] exponential-smoothing: 0.0001
[2019-07-25 20:32:51] [config] grad-dropping-momentum: 0
[2019-07-25 20:32:51] [config] grad-dropping-rate: 0
[2019-07-25 20:32:51] [config] grad-dropping-warmup: 100
[2019-07-25 20:32:51] [config] guided-alignment: none
[2019-07-25 20:32:51] [config] guided-alignment-cost: mse
[2019-07-25 20:32:51] [config] guided-alignment-weight: 0.1
[2019-07-25 20:32:51] [config] ignore-model-config: false
[2019-07-25 20:32:51] [config] input-types:
[2019-07-25 20:32:51] [config]   []
[2019-07-25 20:32:51] [config] interpolate-env-vars: false
[2019-07-25 20:32:51] [config] keep-best: false
[2019-07-25 20:32:51] [config] label-smoothing: 0
[2019-07-25 20:32:51] [config] layer-normalization: true
[2019-07-25 20:32:51] [config] learn-rate: 0.0001
[2019-07-25 20:32:51] [config] log: ../experiments/10M_bicleaner_dcce/model/train.log
[2019-07-25 20:32:51] [config] log-level: info
[2019-07-25 20:32:51] [config] log-time-zone: ""
[2019-07-25 20:32:51] [config] lr-decay: 0
[2019-07-25 20:32:51] [config] lr-decay-freq: 50000
[2019-07-25 20:32:51] [config] lr-decay-inv-sqrt:
[2019-07-25 20:32:51] [config]   - 0
[2019-07-25 20:32:51] [config] lr-decay-repeat-warmup: false
[2019-07-25 20:32:51] [config] lr-decay-reset-optimizer: false
[2019-07-25 20:32:51] [config] lr-decay-start:
[2019-07-25 20:32:51] [config]   - 10
[2019-07-25 20:32:51] [config]   - 1
[2019-07-25 20:32:51] [config] lr-decay-strategy: epoch+stalled
[2019-07-25 20:32:51] [config] lr-report: false
[2019-07-25 20:32:51] [config] lr-warmup: 0
[2019-07-25 20:32:51] [config] lr-warmup-at-reload: false
[2019-07-25 20:32:51] [config] lr-warmup-cycle: false
[2019-07-25 20:32:51] [config] lr-warmup-start-rate: 0
[2019-07-25 20:32:51] [config] max-length: 50
[2019-07-25 20:32:51] [config] max-length-crop: false
[2019-07-25 20:32:51] [config] max-length-factor: 3
[2019-07-25 20:32:51] [config] maxi-batch: 100
[2019-07-25 20:32:51] [config] maxi-batch-sort: trg
[2019-07-25 20:32:51] [config] mini-batch: 64
[2019-07-25 20:32:51] [config] mini-batch-fit: true
[2019-07-25 20:32:51] [config] mini-batch-fit-step: 10
[2019-07-25 20:32:51] [config] mini-batch-overstuff: 1
[2019-07-25 20:32:51] [config] mini-batch-track-lr: false
[2019-07-25 20:32:51] [config] mini-batch-understuff: 1
[2019-07-25 20:32:51] [config] mini-batch-warmup: 0
[2019-07-25 20:32:51] [config] mini-batch-words: 0
[2019-07-25 20:32:51] [config] mini-batch-words-ref: 0
[2019-07-25 20:32:51] [config] model: ../experiments/10M_bicleaner_dcce/model/model.npz
[2019-07-25 20:32:51] [config] multi-loss-type: sum
[2019-07-25 20:32:51] [config] multi-node: false
[2019-07-25 20:32:51] [config] multi-node-overlap: true
[2019-07-25 20:32:51] [config] n-best: false
[2019-07-25 20:32:51] [config] no-nccl: false
[2019-07-25 20:32:51] [config] no-reload: false
[2019-07-25 20:32:51] [config] no-restore-corpus: false
[2019-07-25 20:32:51] [config] no-shuffle: false
[2019-07-25 20:32:51] [config] normalize: 1
[2019-07-25 20:32:51] [config] num-devices: 0
[2019-07-25 20:32:51] [config] optimizer: adam
[2019-07-25 20:32:51] [config] optimizer-delay: 1
[2019-07-25 20:32:51] [config] optimizer-params:
[2019-07-25 20:32:51] [config]   []
[2019-07-25 20:32:51] [config] overwrite: false
[2019-07-25 20:32:51] [config] pretrained-model: ""
[2019-07-25 20:32:51] [config] quiet: false
[2019-07-25 20:32:51] [config] quiet-translation: true
[2019-07-25 20:32:51] [config] relative-paths: false
[2019-07-25 20:32:51] [config] right-left: false
[2019-07-25 20:32:51] [config] save-freq: 20000
[2019-07-25 20:32:51] [config] seed: 1111
[2019-07-25 20:32:51] [config] shuffle-in-ram: false
[2019-07-25 20:32:51] [config] skip: false
[2019-07-25 20:32:51] [config] sqlite: ""
[2019-07-25 20:32:51] [config] sqlite-drop: false
[2019-07-25 20:32:51] [config] sync-sgd: true
[2019-07-25 20:32:51] [config] tempdir: .
[2019-07-25 20:32:51] [config] tied-embeddings: false
[2019-07-25 20:32:51] [config] tied-embeddings-all: false
[2019-07-25 20:32:51] [config] tied-embeddings-src: false
[2019-07-25 20:32:51] [config] train-sets:
[2019-07-25 20:32:51] [config]   - ../experiments/10M_bicleaner_dcce/data/train.bpe.de
[2019-07-25 20:32:51] [config]   - ../experiments/10M_bicleaner_dcce/data/train.bpe.en
[2019-07-25 20:32:51] [config] transformer-aan-activation: swish
[2019-07-25 20:32:51] [config] transformer-aan-depth: 2
[2019-07-25 20:32:51] [config] transformer-aan-nogate: false
[2019-07-25 20:32:51] [config] transformer-decoder-autoreg: self-attention
[2019-07-25 20:32:51] [config] transformer-dim-aan: 2048
[2019-07-25 20:32:51] [config] transformer-dim-ffn: 2048
[2019-07-25 20:32:51] [config] transformer-dropout: 0
[2019-07-25 20:32:51] [config] transformer-dropout-attention: 0
[2019-07-25 20:32:51] [config] transformer-dropout-ffn: 0
[2019-07-25 20:32:51] [config] transformer-ffn-activation: swish
[2019-07-25 20:32:51] [config] transformer-ffn-depth: 2
[2019-07-25 20:32:51] [config] transformer-guided-alignment-layer: last
[2019-07-25 20:32:51] [config] transformer-heads: 8
[2019-07-25 20:32:51] [config] transformer-no-projection: false
[2019-07-25 20:32:51] [config] transformer-postprocess: dan
[2019-07-25 20:32:51] [config] transformer-postprocess-emb: d
[2019-07-25 20:32:51] [config] transformer-preprocess: ""
[2019-07-25 20:32:51] [config] transformer-tied-layers:
[2019-07-25 20:32:51] [config]   []
[2019-07-25 20:32:51] [config] transformer-train-position-embeddings: false
[2019-07-25 20:32:51] [config] type: amun
[2019-07-25 20:32:51] [config] ulr: false
[2019-07-25 20:32:51] [config] ulr-dim-emb: 0
[2019-07-25 20:32:51] [config] ulr-dropout: 0
[2019-07-25 20:32:51] [config] ulr-keys-vectors: ""
[2019-07-25 20:32:51] [config] ulr-query-vectors: ""
[2019-07-25 20:32:51] [config] ulr-softmax-temperature: 1
[2019-07-25 20:32:51] [config] ulr-trainable-transformation: false
[2019-07-25 20:32:51] [config] valid-freq: 20000
[2019-07-25 20:32:51] [config] valid-log: ../experiments/10M_bicleaner_dcce/model/valid.log
[2019-07-25 20:32:51] [config] valid-max-length: 1000
[2019-07-25 20:32:51] [config] valid-metrics:
[2019-07-25 20:32:51] [config]   - cross-entropy
[2019-07-25 20:32:51] [config]   - perplexity
[2019-07-25 20:32:51] [config]   - translation
[2019-07-25 20:32:51] [config] valid-mini-batch: 8
[2019-07-25 20:32:51] [config] valid-script-path: ../experiments/10M_bicleaner_dcce/score-dev.sh
[2019-07-25 20:32:51] [config] valid-sets:
[2019-07-25 20:32:51] [config]   - ../experiments/10M_bicleaner_dcce/data/dev.bpe.de
[2019-07-25 20:32:51] [config]   - ../experiments/10M_bicleaner_dcce/data/dev.bpe.en
[2019-07-25 20:32:51] [config] valid-translation-output: ../experiments/10M_bicleaner_dcce/model/dev.out
[2019-07-25 20:32:51] [config] version: v1.7.8 ec2d66e 2019-05-27 14:52:11 +0100
[2019-07-25 20:32:51] [config] vocabs:
[2019-07-25 20:32:51] [config]   - ../experiments/10M_bicleaner_dcce/data/train.bpe.de.json
[2019-07-25 20:32:51] [config]   - ../experiments/10M_bicleaner_dcce/data/train.bpe.en.json
[2019-07-25 20:32:51] [config] word-penalty: 0
[2019-07-25 20:32:51] [config] workspace: 5000
[2019-07-25 20:32:51] [config] Loaded model has been created with Marian v1.7.8 ec2d66e 2019-05-27 14:52:11 +0100
[2019-07-25 20:32:51] Using synchronous training
[2019-07-25 20:32:51] [data] Loading vocabulary from JSON/Yaml file ../experiments/10M_bicleaner_dcce/data/train.bpe.de.json
[2019-07-25 20:32:51] [data] Using unused word id eos for 0
[2019-07-25 20:32:51] [data] Using unused word id UNK for 1
[2019-07-25 20:32:51] [data] Setting vocabulary size for input 0 to 50000
[2019-07-25 20:32:51] [data] Loading vocabulary from JSON/Yaml file ../experiments/10M_bicleaner_dcce/data/train.bpe.en.json
[2019-07-25 20:32:51] [data] Using unused word id eos for 0
[2019-07-25 20:32:51] [data] Using unused word id UNK for 1
[2019-07-25 20:32:51] [data] Setting vocabulary size for input 1 to 50000
[2019-07-25 20:32:51] Compiled without MPI support. Falling back to FakeMPIWrapper
[2019-07-25 20:32:51] [batching] Collecting statistics for batch fitting with step size 10
[2019-07-25 20:32:53] [memory] Extending reserved space to 5120 MB (device gpu0)
[2019-07-25 20:32:55] [memory] Extending reserved space to 5120 MB (device gpu1)
[2019-07-25 20:32:55] [comm] Using NCCL 2.4.2 for GPU communication
[2019-07-25 20:32:55] [comm] NCCLCommunicator constructed successfully.
[2019-07-25 20:32:55] [training] Using 2 GPUs
[2019-07-25 20:32:55] [memory] Reserving 422 MB, device gpu0
[2019-07-25 20:32:55] [gpu] 16-bit TensorCores enabled for float32 matrix operations
[2019-07-25 20:32:55] [memory] Reserving 422 MB, device gpu0
[2019-07-25 20:33:00] [batching] Done. Typical MB size is 13760 target words
[2019-07-25 20:33:00] [memory] Extending reserved space to 5120 MB (device gpu0)
[2019-07-25 20:33:00] [memory] Extending reserved space to 5120 MB (device gpu1)
[2019-07-25 20:33:00] [comm] Using NCCL 2.4.2 for GPU communication
[2019-07-25 20:33:00] [comm] NCCLCommunicator constructed successfully.
[2019-07-25 20:33:00] [training] Using 2 GPUs
[2019-07-25 20:33:00] Loading model from ../experiments/10M_bicleaner_dcce/model/model.npz.orig.npz
[2019-07-25 20:33:06] Loading model from ../experiments/10M_bicleaner_dcce/model/model.npz.orig.npz
[2019-07-25 20:33:09] Loading Adam parameters from ../experiments/10M_bicleaner_dcce/model/model.npz.optimizer.npz
[2019-07-25 20:33:19] [memory] Reserving 422 MB, device gpu0
[2019-07-25 20:33:19] [memory] Reserving 422 MB, device gpu1
[2019-07-25 20:33:20] [training] Model reloaded from ../experiments/10M_bicleaner_dcce/model/model.npz
[2019-07-25 20:33:20] [data] Restoring the corpus state to epoch 63, batch 80000
[2019-07-25 20:33:20] [data] Shuffling data
[2019-07-25 20:33:21] [data] Done reading 545666 sentences
[2019-07-25 20:33:23] [data] Done shuffling 545666 sentences to temp files
[2019-07-25 20:33:32] Training started
[2019-07-25 20:33:32] [training] Batches are processed as 1 process(es) x 2 devices/process
[2019-07-25 20:33:32] [memory] Reserving 422 MB, device gpu0
[2019-07-25 20:33:32] [memory] Reserving 422 MB, device gpu1
[2019-07-25 20:33:33] [memory] Reserving 422 MB, device gpu0
[2019-07-25 20:33:33] [memory] Reserving 422 MB, device gpu1
[2019-07-25 20:33:33] Loading model from ../experiments/10M_bicleaner_dcce/model/model.npz
[2019-07-25 20:33:41] [memory] Reserving 422 MB, device cpu0
[2019-07-25 20:33:41] [memory] Reserving 211 MB, device gpu0
[2019-07-25 20:33:41] [memory] Reserving 211 MB, device gpu1
[2019-07-25 20:37:11] Seen 503759 samples
[2019-07-25 20:37:11] Starting epoch 64
[2019-07-25 20:37:11] [data] Shuffling data
[2019-07-25 20:37:11] [data] Done reading 545666 sentences
[2019-07-25 20:37:13] [data] Done shuffling 545666 sentences to temp files
[2019-07-25 20:44:58] Seen 503759 samples
[2019-07-25 20:44:58] Starting epoch 65
[2019-07-25 20:44:58] [data] Shuffling data
[2019-07-25 20:44:58] [data] Done reading 545666 sentences
[2019-07-25 20:45:00] [data] Done shuffling 545666 sentences to temp files
[2019-07-25 20:45:54] Ep. 65 : Up. 82000 : Sen. 55,768 : Cost 18.73918152 : Time 782.26s : 21579.46 words/s
[2019-07-25 20:52:45] Seen 503759 samples
[2019-07-25 20:52:45] Starting epoch 66
[2019-07-25 20:52:45] [data] Shuffling data
[2019-07-25 20:52:45] [data] Done reading 545666 sentences
[2019-07-25 20:52:47] [data] Done shuffling 545666 sentences to temp files
[2019-07-25 20:58:02] Ep. 66 : Up. 84000 : Sen. 343,472 : Cost 18.50809097 : Time 728.63s : 23205.03 words/s
[2019-07-25 21:00:31] Seen 503759 samples
[2019-07-25 21:00:31] Starting epoch 67
[2019-07-25 21:00:31] [data] Shuffling data
[2019-07-25 21:00:31] [data] Done reading 545666 sentences
[2019-07-25 21:00:33] [data] Done shuffling 545666 sentences to temp files
[2019-07-25 21:08:18] Seen 503759 samples
[2019-07-25 21:08:18] Starting epoch 68
[2019-07-25 21:08:18] [data] Shuffling data
[2019-07-25 21:08:19] [data] Done reading 545666 sentences
[2019-07-25 21:08:20] [data] Done shuffling 545666 sentences to temp files
[2019-07-25 21:10:15] Ep. 68 : Up. 86000 : Sen. 123,958 : Cost 18.26093102 : Time 733.18s : 22989.76 words/s
[2019-07-25 21:16:05] Seen 503759 samples
[2019-07-25 21:16:05] Starting epoch 69
[2019-07-25 21:16:05] [data] Shuffling data
[2019-07-25 21:16:05] [data] Done reading 545666 sentences
[2019-07-25 21:16:07] [data] Done shuffling 545666 sentences to temp files
[2019-07-25 21:22:25] Ep. 69 : Up. 88000 : Sen. 409,600 : Cost 18.17435646 : Time 729.26s : 23193.59 words/s
[2019-07-25 21:23:51] Seen 503759 samples
[2019-07-25 21:23:51] Starting epoch 70
[2019-07-25 21:23:51] [data] Shuffling data
[2019-07-25 21:23:52] [data] Done reading 545666 sentences
[2019-07-25 21:23:54] [data] Done shuffling 545666 sentences to temp files
[2019-07-25 21:31:38] Seen 503759 samples
[2019-07-25 21:31:38] Starting epoch 71
[2019-07-25 21:31:38] [data] Shuffling data
[2019-07-25 21:31:39] [data] Done reading 545666 sentences
[2019-07-25 21:31:40] [data] Done shuffling 545666 sentences to temp files
[2019-07-25 21:34:36] Ep. 71 : Up. 90000 : Sen. 187,610 : Cost 17.82578850 : Time 731.50s : 22985.49 words/s
[2019-07-25 21:39:26] Seen 503759 samples
[2019-07-25 21:39:26] Starting epoch 72
[2019-07-25 21:39:26] [data] Shuffling data
[2019-07-25 21:39:27] [data] Done reading 545666 sentences
[2019-07-25 21:39:28] [data] Done shuffling 545666 sentences to temp files
[2019-07-25 21:46:45] Ep. 72 : Up. 92000 : Sen. 473,600 : Cost 17.74831963 : Time 728.94s : 23167.14 words/s
[2019-07-25 21:47:13] Seen 503759 samples
[2019-07-25 21:47:13] Starting epoch 73
[2019-07-25 21:47:13] [data] Shuffling data
[2019-07-25 21:47:13] [data] Done reading 545666 sentences
[2019-07-25 21:47:15] [data] Done shuffling 545666 sentences to temp files
[2019-07-25 21:55:00] Seen 503759 samples
[2019-07-25 21:55:00] Starting epoch 74
[2019-07-25 21:55:00] [data] Shuffling data
[2019-07-25 21:55:00] [data] Done reading 545666 sentences
[2019-07-25 21:55:02] [data] Done shuffling 545666 sentences to temp files
[2019-07-25 21:58:58] Ep. 74 : Up. 94000 : Sen. 253,354 : Cost 17.53203392 : Time 732.50s : 22987.13 words/s
[2019-07-25 22:02:48] Seen 503759 samples
[2019-07-25 22:02:48] Starting epoch 75
[2019-07-25 22:02:48] [data] Shuffling data
[2019-07-25 22:02:49] [data] Done reading 545666 sentences
[2019-07-25 22:02:51] [data] Done shuffling 545666 sentences to temp files
[2019-07-25 22:10:38] Seen 503759 samples
[2019-07-25 22:10:38] Starting epoch 76
[2019-07-25 22:10:38] [data] Shuffling data
[2019-07-25 22:10:39] [data] Done reading 545666 sentences
[2019-07-25 22:10:41] [data] Done shuffling 545666 sentences to temp files
[2019-07-25 22:11:13] Ep. 76 : Up. 96000 : Sen. 32,277 : Cost 17.46363640 : Time 735.20s : 22899.80 words/s
[2019-07-25 22:18:26] Seen 503759 samples
[2019-07-25 22:18:26] Starting epoch 77
[2019-07-25 22:18:26] [data] Shuffling data
[2019-07-25 22:18:26] [data] Done reading 545666 sentences
[2019-07-25 22:18:29] [data] Done shuffling 545666 sentences to temp files
[2019-07-25 22:23:23] Ep. 77 : Up. 98000 : Sen. 319,652 : Cost 17.19276619 : Time 730.09s : 23178.68 words/s
[2019-07-25 22:26:12] Seen 503759 samples
[2019-07-25 22:26:12] Starting epoch 78
[2019-07-25 22:26:12] [data] Shuffling data
[2019-07-25 22:26:13] [data] Done reading 545666 sentences
[2019-07-25 22:26:14] [data] Done shuffling 545666 sentences to temp files
[2019-07-25 22:34:00] Seen 503759 samples
[2019-07-25 22:34:00] Starting epoch 79
[2019-07-25 22:34:00] [data] Shuffling data
[2019-07-25 22:34:00] [data] Done reading 545666 sentences
[2019-07-25 22:34:02] [data] Done shuffling 545666 sentences to temp files
[2019-07-25 22:35:35] Ep. 79 : Up. 100000 : Sen. 99,302 : Cost 17.05033684 : Time 732.51s : 22991.28 words/s
[2019-07-25 22:35:35] Saving model to ../experiments/10M_bicleaner_dcce/model/model.npz.orig.npz
[2019-07-25 22:35:45] Saving model to ../experiments/10M_bicleaner_dcce/model/model.iter100000.npz
[2019-07-25 22:35:52] Saving model to ../experiments/10M_bicleaner_dcce/model/model.npz
[2019-07-25 22:36:02] Saving Adam parameters to ../experiments/10M_bicleaner_dcce/model/model.npz.optimizer.npz
[2019-07-25 22:36:25] [valid] Ep. 79 : Up. 100000 : cross-entropy : 69.4137 : stalled 2 times (last best: 62.3595)
[2019-07-25 22:36:29] [valid] Ep. 79 : Up. 100000 : perplexity : 15.3073 : stalled 2 times (last best: 11.6007)
[2019-07-25 22:37:14] [valid] Ep. 79 : Up. 100000 : translation : 24.14 : stalled 2 times (last best: 25.4)
[2019-07-25 22:43:29] Seen 503759 samples
[2019-07-25 22:43:29] Starting epoch 80
[2019-07-25 22:43:29] [data] Shuffling data
[2019-07-25 22:43:29] [data] Done reading 545666 sentences
[2019-07-25 22:43:31] [data] Done shuffling 545666 sentences to temp files
[2019-07-25 22:49:25] Ep. 80 : Up. 102000 : Sen. 381,124 : Cost 16.89788628 : Time 829.13s : 20279.90 words/s
[2019-07-25 22:51:17] Seen 503759 samples
[2019-07-25 22:51:17] Starting epoch 81
[2019-07-25 22:51:17] [data] Shuffling data
[2019-07-25 22:51:17] [data] Done reading 545666 sentences
[2019-07-25 22:51:19] [data] Done shuffling 545666 sentences to temp files
[2019-07-25 22:59:04] Seen 503759 samples
[2019-07-25 22:59:04] Starting epoch 82
[2019-07-25 22:59:04] [data] Shuffling data
[2019-07-25 22:59:04] [data] Done reading 545666 sentences
[2019-07-25 22:59:06] [data] Done shuffling 545666 sentences to temp files
[2019-07-25 23:01:40] Ep. 82 : Up. 104000 : Sen. 164,322 : Cost 16.63199997 : Time 735.03s : 23013.39 words/s
[2019-07-25 23:06:52] Seen 503759 samples
[2019-07-25 23:06:52] Starting epoch 83
[2019-07-25 23:06:52] [data] Shuffling data
[2019-07-25 23:06:52] [data] Done reading 545666 sentences
[2019-07-25 23:06:54] [data] Done shuffling 545666 sentences to temp files
[2019-07-25 23:13:49] Ep. 83 : Up. 106000 : Sen. 449,422 : Cost 16.53307343 : Time 729.35s : 23120.55 words/s
[2019-07-25 23:14:39] Seen 503759 samples
[2019-07-25 23:14:39] Starting epoch 84
[2019-07-25 23:14:39] [data] Shuffling data
[2019-07-25 23:14:40] [data] Done reading 545666 sentences
[2019-07-25 23:14:42] [data] Done shuffling 545666 sentences to temp files
[2019-07-25 23:22:28] Seen 503759 samples
[2019-07-25 23:22:28] Starting epoch 85
[2019-07-25 23:22:28] [data] Shuffling data
[2019-07-25 23:22:28] [data] Done reading 545666 sentences
[2019-07-25 23:22:30] [data] Done shuffling 545666 sentences to temp files
[2019-07-25 23:26:04] Ep. 85 : Up. 108000 : Sen. 231,124 : Cost 16.35437775 : Time 734.89s : 22992.86 words/s
[2019-07-25 23:30:16] Seen 503759 samples
[2019-07-25 23:30:16] Starting epoch 86
[2019-07-25 23:30:16] [data] Shuffling data
[2019-07-25 23:30:16] [data] Done reading 545666 sentences
[2019-07-25 23:30:18] [data] Done shuffling 545666 sentences to temp files
[2019-07-25 23:38:04] Seen 503759 samples
[2019-07-25 23:38:04] Starting epoch 87
[2019-07-25 23:38:04] [data] Shuffling data
[2019-07-25 23:38:04] [data] Done reading 545666 sentences
[2019-07-25 23:38:06] [data] Done shuffling 545666 sentences to temp files
[2019-07-25 23:38:17] Ep. 87 : Up. 110000 : Sen. 9,720 : Cost 16.30632210 : Time 733.53s : 22929.48 words/s
[2019-07-25 23:45:52] Seen 503759 samples
[2019-07-25 23:45:52] Starting epoch 88
[2019-07-25 23:45:52] [data] Shuffling data
[2019-07-25 23:45:52] [data] Done reading 545666 sentences
[2019-07-25 23:45:54] [data] Done shuffling 545666 sentences to temp files
[2019-07-25 23:50:28] Ep. 88 : Up. 112000 : Sen. 295,098 : Cost 15.90347672 : Time 730.34s : 23114.42 words/s
[2019-07-25 23:53:40] Seen 503759 samples
[2019-07-25 23:53:40] Starting epoch 89
[2019-07-25 23:53:40] [data] Shuffling data
[2019-07-25 23:53:41] [data] Done reading 545666 sentences
[2019-07-25 23:53:42] [data] Done shuffling 545666 sentences to temp files
[2019-07-26 00:01:28] Seen 503759 samples
[2019-07-26 00:01:28] Starting epoch 90
[2019-07-26 00:01:28] [data] Shuffling data
[2019-07-26 00:01:29] [data] Done reading 545666 sentences
[2019-07-26 00:01:31] [data] Done shuffling 545666 sentences to temp files
[2019-07-26 00:02:42] Ep. 90 : Up. 114000 : Sen. 74,876 : Cost 16.05458450 : Time 734.04s : 22958.31 words/s
[2019-07-26 00:09:16] Seen 503759 samples
[2019-07-26 00:09:16] Starting epoch 91
[2019-07-26 00:09:16] [data] Shuffling data
[2019-07-26 00:09:17] [data] Done reading 545666 sentences
[2019-07-26 00:09:18] [data] Done shuffling 545666 sentences to temp files
[2019-07-26 00:14:53] Ep. 91 : Up. 116000 : Sen. 360,432 : Cost 15.80655384 : Time 731.17s : 23100.12 words/s
[2019-07-26 00:17:04] Seen 503759 samples
[2019-07-26 00:17:04] Starting epoch 92
[2019-07-26 00:17:04] [data] Shuffling data
[2019-07-26 00:17:05] [data] Done reading 545666 sentences
[2019-07-26 00:17:07] [data] Done shuffling 545666 sentences to temp files
[2019-07-26 00:24:53] Seen 503759 samples
[2019-07-26 00:24:53] Starting epoch 93
[2019-07-26 00:24:53] [data] Shuffling data
[2019-07-26 00:24:53] [data] Done reading 545666 sentences
[2019-07-26 00:24:55] [data] Done shuffling 545666 sentences to temp files
[2019-07-26 00:27:09] Ep. 93 : Up. 118000 : Sen. 142,806 : Cost 15.54765320 : Time 735.77s : 22956.27 words/s
[2019-07-26 00:32:41] Seen 503759 samples
[2019-07-26 00:32:41] Starting epoch 94
[2019-07-26 00:32:41] [data] Shuffling data
[2019-07-26 00:32:41] [data] Done reading 545666 sentences
[2019-07-26 00:32:43] [data] Done shuffling 545666 sentences to temp files
[2019-07-26 00:39:20] Ep. 94 : Up. 120000 : Sen. 428,264 : Cost 15.56348991 : Time 731.35s : 23101.05 words/s
[2019-07-26 00:39:20] Saving model to ../experiments/10M_bicleaner_dcce/model/model.npz.orig.npz
[2019-07-26 00:39:30] Saving model to ../experiments/10M_bicleaner_dcce/model/model.iter120000.npz
[2019-07-26 00:39:37] Saving model to ../experiments/10M_bicleaner_dcce/model/model.npz
[2019-07-26 00:39:48] Saving Adam parameters to ../experiments/10M_bicleaner_dcce/model/model.npz.optimizer.npz
[2019-07-26 00:40:11] [valid] Ep. 94 : Up. 120000 : cross-entropy : 72.3194 : stalled 3 times (last best: 62.3595)
[2019-07-26 00:40:14] [valid] Ep. 94 : Up. 120000 : perplexity : 17.1593 : stalled 3 times (last best: 11.6007)
[2019-07-26 00:40:59] [valid] Ep. 94 : Up. 120000 : translation : 23.73 : stalled 3 times (last best: 25.4)
[2019-07-26 00:42:11] Seen 503759 samples
[2019-07-26 00:42:11] Starting epoch 95
[2019-07-26 00:42:11] [data] Shuffling data
[2019-07-26 00:42:11] [data] Done reading 545666 sentences
[2019-07-26 00:42:13] [data] Done shuffling 545666 sentences to temp files
[2019-07-26 00:49:59] Seen 503759 samples
[2019-07-26 00:49:59] Starting epoch 96
[2019-07-26 00:49:59] [data] Shuffling data
[2019-07-26 00:49:59] [data] Done reading 545666 sentences
[2019-07-26 00:50:01] [data] Done shuffling 545666 sentences to temp files
[2019-07-26 00:53:15] Ep. 96 : Up. 122000 : Sen. 208,358 : Cost 15.26708984 : Time 835.17s : 20163.56 words/s
[2019-07-26 00:57:48] Seen 503759 samples
[2019-07-26 00:57:48] Starting epoch 97
[2019-07-26 00:57:48] [data] Shuffling data
[2019-07-26 00:57:48] [data] Done reading 545666 sentences
[2019-07-26 00:57:51] [data] Done shuffling 545666 sentences to temp files
[2019-07-26 01:05:25] Ep. 97 : Up. 124000 : Sen. 491,574 : Cost 15.29347992 : Time 730.13s : 23065.80 words/s
[2019-07-26 01:05:37] Seen 503759 samples
[2019-07-26 01:05:37] Starting epoch 98
[2019-07-26 01:05:37] [data] Shuffling data
[2019-07-26 01:05:37] [data] Done reading 545666 sentences
[2019-07-26 01:05:39] [data] Done shuffling 545666 sentences to temp files
[2019-07-26 01:13:27] Seen 503759 samples
[2019-07-26 01:13:27] Starting epoch 99
[2019-07-26 01:13:27] [data] Shuffling data
[2019-07-26 01:13:28] [data] Done reading 545666 sentences
[2019-07-26 01:13:29] [data] Done shuffling 545666 sentences to temp files
[2019-07-26 01:17:38] Ep. 99 : Up. 126000 : Sen. 267,276 : Cost 15.19008064 : Time 732.79s : 22866.45 words/s
[2019-07-26 01:21:17] Seen 503759 samples
[2019-07-26 01:21:17] Starting epoch 100
[2019-07-26 01:21:17] [data] Shuffling data
[2019-07-26 01:21:17] [data] Done reading 545666 sentences
[2019-07-26 01:21:19] [data] Done shuffling 545666 sentences to temp files
[2019-07-26 01:29:06] Seen 503759 samples
[2019-07-26 01:29:06] Starting epoch 101
[2019-07-26 01:29:06] [data] Shuffling data
[2019-07-26 01:29:06] [data] Done reading 545666 sentences
[2019-07-26 01:29:08] [data] Done shuffling 545666 sentences to temp files
[2019-07-26 01:29:52] Ep. 101 : Up. 128000 : Sen. 45,608 : Cost 15.09279633 : Time 733.47s : 22920.86 words/s
[2019-07-26 01:36:55] Seen 503759 samples
[2019-07-26 01:36:55] Starting epoch 102
[2019-07-26 01:36:55] [data] Shuffling data
[2019-07-26 01:36:55] [data] Done reading 545666 sentences
[2019-07-26 01:36:57] [data] Done shuffling 545666 sentences to temp files
[2019-07-26 01:42:02] Ep. 102 : Up. 130000 : Sen. 329,892 : Cost 14.94569874 : Time 730.41s : 23052.75 words/s
[2019-07-26 01:44:44] Seen 503759 samples
[2019-07-26 01:44:44] Starting epoch 103
[2019-07-26 01:44:44] [data] Shuffling data
[2019-07-26 01:44:44] [data] Done reading 545666 sentences
[2019-07-26 01:44:46] [data] Done shuffling 545666 sentences to temp files
[2019-07-26 01:52:33] Seen 503759 samples
[2019-07-26 01:52:33] Starting epoch 104
[2019-07-26 01:52:33] [data] Shuffling data
[2019-07-26 01:52:33] [data] Done reading 545666 sentences
[2019-07-26 01:52:35] [data] Done shuffling 545666 sentences to temp files
[2019-07-26 01:54:17] Ep. 104 : Up. 132000 : Sen. 109,280 : Cost 14.84002686 : Time 735.35s : 22919.58 words/s
[2019-07-26 02:00:21] Seen 503759 samples
[2019-07-26 02:00:21] Starting epoch 105
[2019-07-26 02:00:21] [data] Shuffling data
[2019-07-26 02:00:21] [data] Done reading 545666 sentences
[2019-07-26 02:00:23] [data] Done shuffling 545666 sentences to temp files
[2019-07-26 02:06:30] Ep. 105 : Up. 134000 : Sen. 397,064 : Cost 14.75005531 : Time 732.94s : 23116.86 words/s
[2019-07-26 02:08:09] Seen 503759 samples
[2019-07-26 02:08:09] Starting epoch 106
[2019-07-26 02:08:09] [data] Shuffling data
[2019-07-26 02:08:09] [data] Done reading 545666 sentences
[2019-07-26 02:08:11] [data] Done shuffling 545666 sentences to temp files
[2019-07-26 02:15:57] Seen 503759 samples
[2019-07-26 02:15:57] Starting epoch 107
[2019-07-26 02:15:57] [data] Shuffling data
[2019-07-26 02:15:57] [data] Done reading 545666 sentences
[2019-07-26 02:15:59] [data] Done shuffling 545666 sentences to temp files
[2019-07-26 02:18:46] Ep. 107 : Up. 136000 : Sen. 177,940 : Cost 14.76950455 : Time 735.58s : 22933.95 words/s
[2019-07-26 02:23:47] Seen 503759 samples
[2019-07-26 02:23:47] Starting epoch 108
[2019-07-26 02:23:47] [data] Shuffling data
[2019-07-26 02:23:47] [data] Done reading 545666 sentences
[2019-07-26 02:23:50] [data] Done shuffling 545666 sentences to temp files
[2019-07-26 02:30:57] Ep. 108 : Up. 138000 : Sen. 461,524 : Cost 14.49436760 : Time 731.02s : 23041.32 words/s
[2019-07-26 02:31:36] Seen 503759 samples
[2019-07-26 02:31:36] Starting epoch 109
[2019-07-26 02:31:36] [data] Shuffling data
[2019-07-26 02:31:36] [data] Done reading 545666 sentences
[2019-07-26 02:31:38] [data] Done shuffling 545666 sentences to temp files
[2019-07-26 02:39:24] Seen 503759 samples
[2019-07-26 02:39:24] Starting epoch 110
[2019-07-26 02:39:24] [data] Shuffling data
[2019-07-26 02:39:24] [data] Done reading 545666 sentences
[2019-07-26 02:39:26] [data] Done shuffling 545666 sentences to temp files
[2019-07-26 02:43:13] Ep. 110 : Up. 140000 : Sen. 244,076 : Cost 14.43972301 : Time 736.33s : 22960.68 words/s
[2019-07-26 02:43:13] Saving model to ../experiments/10M_bicleaner_dcce/model/model.npz.orig.npz
[2019-07-26 02:43:23] Saving model to ../experiments/10M_bicleaner_dcce/model/model.iter140000.npz
[2019-07-26 02:43:30] Saving model to ../experiments/10M_bicleaner_dcce/model/model.npz
[2019-07-26 02:43:40] Saving Adam parameters to ../experiments/10M_bicleaner_dcce/model/model.npz.optimizer.npz
[2019-07-26 02:44:03] [valid] Ep. 110 : Up. 140000 : cross-entropy : 75.193 : stalled 4 times (last best: 62.3595)
[2019-07-26 02:44:06] [valid] Ep. 110 : Up. 140000 : perplexity : 19.2111 : stalled 4 times (last best: 11.6007)
[2019-07-26 02:44:51] [valid] Ep. 110 : Up. 140000 : translation : 23.28 : stalled 4 times (last best: 25.4)
[2019-07-26 02:48:52] Seen 503759 samples
[2019-07-26 02:48:52] Starting epoch 111
[2019-07-26 02:48:52] [data] Shuffling data
[2019-07-26 02:48:53] [data] Done reading 545666 sentences
[2019-07-26 02:48:55] [data] Done shuffling 545666 sentences to temp files
[2019-07-26 02:56:43] Seen 503759 samples
[2019-07-26 02:56:43] Starting epoch 112
[2019-07-26 02:56:43] [data] Shuffling data
[2019-07-26 02:56:43] [data] Done reading 545666 sentences
[2019-07-26 02:56:45] [data] Done shuffling 545666 sentences to temp files
[2019-07-26 02:57:08] Ep. 112 : Up. 142000 : Sen. 23,420 : Cost 14.26787567 : Time 835.24s : 20146.86 words/s
[2019-07-26 03:04:30] Seen 503759 samples
[2019-07-26 03:04:30] Starting epoch 113
[2019-07-26 03:04:30] [data] Shuffling data
[2019-07-26 03:04:30] [data] Done reading 545666 sentences
[2019-07-26 03:04:32] [data] Done shuffling 545666 sentences to temp files
[2019-07-26 03:09:21] Ep. 113 : Up. 144000 : Sen. 310,194 : Cost 14.20400143 : Time 732.03s : 23125.18 words/s
[2019-07-26 03:12:19] Seen 503759 samples
[2019-07-26 03:12:19] Starting epoch 114
[2019-07-26 03:12:19] [data] Shuffling data
[2019-07-26 03:12:19] [data] Done reading 545666 sentences
[2019-07-26 03:12:21] [data] Done shuffling 545666 sentences to temp files
[2019-07-26 03:20:07] Seen 503759 samples
[2019-07-26 03:20:07] Starting epoch 115
[2019-07-26 03:20:07] [data] Shuffling data
[2019-07-26 03:20:08] [data] Done reading 545666 sentences
[2019-07-26 03:20:10] [data] Done shuffling 545666 sentences to temp files
[2019-07-26 03:21:37] Ep. 115 : Up. 146000 : Sen. 92,086 : Cost 14.17114830 : Time 736.12s : 22935.77 words/s
[2019-07-26 03:27:56] Seen 503759 samples
[2019-07-26 03:27:56] Starting epoch 116
[2019-07-26 03:27:56] [data] Shuffling data
[2019-07-26 03:27:56] [data] Done reading 545666 sentences
[2019-07-26 03:27:58] [data] Done shuffling 545666 sentences to temp files
[2019-07-26 03:33:48] Ep. 116 : Up. 148000 : Sen. 376,988 : Cost 13.93185425 : Time 731.26s : 23053.62 words/s
[2019-07-26 03:35:45] Seen 503759 samples
[2019-07-26 03:35:45] Starting epoch 117
[2019-07-26 03:35:45] [data] Shuffling data
[2019-07-26 03:35:45] [data] Done reading 545666 sentences
[2019-07-26 03:35:47] [data] Done shuffling 545666 sentences to temp files
[2019-07-26 03:43:35] Seen 503759 samples
[2019-07-26 03:43:35] Starting epoch 118
[2019-07-26 03:43:35] [data] Shuffling data
[2019-07-26 03:43:36] [data] Done reading 545666 sentences
[2019-07-26 03:43:38] [data] Done shuffling 545666 sentences to temp files
[2019-07-26 03:46:03] Ep. 118 : Up. 150000 : Sen. 154,776 : Cost 13.91869545 : Time 734.91s : 22859.71 words/s
[2019-07-26 03:51:26] Seen 503759 samples
[2019-07-26 03:51:26] Starting epoch 119
[2019-07-26 03:51:26] [data] Shuffling data
[2019-07-26 03:51:27] [data] Done reading 545666 sentences
[2019-07-26 03:51:29] [data] Done shuffling 545666 sentences to temp files
[2019-07-26 03:58:15] Ep. 119 : Up. 152000 : Sen. 437,574 : Cost 13.90989494 : Time 731.71s : 23009.11 words/s
[2019-07-26 03:59:16] Seen 503759 samples
[2019-07-26 03:59:16] Starting epoch 120
[2019-07-26 03:59:16] [data] Shuffling data
[2019-07-26 03:59:16] [data] Done reading 545666 sentences
[2019-07-26 03:59:18] [data] Done shuffling 545666 sentences to temp files
[2019-07-26 04:07:05] Seen 503759 samples
[2019-07-26 04:07:05] Starting epoch 121
[2019-07-26 04:07:05] [data] Shuffling data
[2019-07-26 04:07:05] [data] Done reading 545666 sentences
[2019-07-26 04:07:07] [data] Done shuffling 545666 sentences to temp files
[2019-07-26 04:10:30] Ep. 121 : Up. 154000 : Sen. 218,128 : Cost 13.80974579 : Time 735.77s : 22937.48 words/s
[2019-07-26 04:14:54] Seen 503759 samples
[2019-07-26 04:14:54] Starting epoch 122
[2019-07-26 04:14:54] [data] Shuffling data
[2019-07-26 04:14:54] [data] Done reading 545666 sentences
[2019-07-26 04:14:56] [data] Done shuffling 545666 sentences to temp files
[2019-07-26 04:22:42] Ep. 122 : Up. 156000 : Sen. 501,377 : Cost 13.74386501 : Time 731.29s : 23002.75 words/s
[2019-07-26 04:22:44] Seen 503759 samples
[2019-07-26 04:22:44] Starting epoch 123
[2019-07-26 04:22:44] [data] Shuffling data
[2019-07-26 04:22:44] [data] Done reading 545666 sentences
[2019-07-26 04:22:46] [data] Done shuffling 545666 sentences to temp files
[2019-07-26 04:30:32] Seen 503759 samples
[2019-07-26 04:30:32] Starting epoch 124
[2019-07-26 04:30:32] [data] Shuffling data
[2019-07-26 04:30:33] [data] Done reading 545666 sentences
[2019-07-26 04:30:35] [data] Done shuffling 545666 sentences to temp files
[2019-07-26 04:34:58] Ep. 124 : Up. 158000 : Sen. 282,860 : Cost 13.59582806 : Time 736.06s : 22930.01 words/s
[2019-07-26 04:38:22] Seen 503759 samples
[2019-07-26 04:38:22] Starting epoch 125
[2019-07-26 04:38:22] [data] Shuffling data
[2019-07-26 04:38:22] [data] Done reading 545666 sentences
[2019-07-26 04:38:24] [data] Done shuffling 545666 sentences to temp files
[2019-07-26 04:46:11] Seen 503759 samples
[2019-07-26 04:46:11] Starting epoch 126
[2019-07-26 04:46:11] [data] Shuffling data
[2019-07-26 04:46:11] [data] Done reading 545666 sentences
[2019-07-26 04:46:13] [data] Done shuffling 545666 sentences to temp files
[2019-07-26 04:47:14] Ep. 126 : Up. 160000 : Sen. 64,264 : Cost 13.59726429 : Time 736.75s : 22916.41 words/s
[2019-07-26 04:47:14] Saving model to ../experiments/10M_bicleaner_dcce/model/model.npz.orig.npz
[2019-07-26 04:47:24] Saving model to ../experiments/10M_bicleaner_dcce/model/model.iter160000.npz
[2019-07-26 04:47:31] Saving model to ../experiments/10M_bicleaner_dcce/model/model.npz
[2019-07-26 04:47:42] Saving Adam parameters to ../experiments/10M_bicleaner_dcce/model/model.npz.optimizer.npz
[2019-07-26 04:48:06] [valid] Ep. 126 : Up. 160000 : cross-entropy : 77.6782 : stalled 5 times (last best: 62.3595)
[2019-07-26 04:48:09] [valid] Ep. 126 : Up. 160000 : perplexity : 21.1824 : stalled 5 times (last best: 11.6007)
[2019-07-26 04:49:00] [valid] Ep. 126 : Up. 160000 : translation : 22.96 : stalled 5 times (last best: 25.4)
[2019-07-26 04:49:03] Training finished
[2019-07-26 04:49:08] Saving model to ../experiments/10M_bicleaner_dcce/model/model.npz.orig.npz
[2019-07-26 04:49:18] Saving model to ../experiments/10M_bicleaner_dcce/model/model.npz
[2019-07-26 04:49:28] Saving Adam parameters to ../experiments/10M_bicleaner_dcce/model/model.npz.optimizer.npz
