[2019-08-07 10:59:47] [marian] Marian v1.7.8 ec2d66e 2019-05-27 14:52:11 +0100
[2019-08-07 10:59:47] [marian] Running on bil as process 249818 with command line:
[2019-08-07 10:59:47] [marian] /fs/bil0/abdel/marian-dev/build/marian --sync-sgd --model ../experiments/100M_fasttext_x_bic1.1_+_bic1.1_dom_0.25_dcce_biced_hdiff/model/model.npz -T . --devices 4 --train-sets ../experiments/100M_fasttext_x_bic1.1_+_bic1.1_dom_0.25_dcce_biced_hdiff/data/train.bpe.de ../experiments/100M_fasttext_x_bic1.1_+_bic1.1_dom_0.25_dcce_biced_hdiff/data/train.bpe.en --vocabs ../experiments/100M_fasttext_x_bic1.1_+_bic1.1_dom_0.25_dcce_biced_hdiff/data/train.bpe.de.json ../experiments/100M_fasttext_x_bic1.1_+_bic1.1_dom_0.25_dcce_biced_hdiff/data/train.bpe.en.json --mini-batch-fit -w 3000 --dim-vocabs 50000 50000 --layer-normalization --dropout-rnn 0.2 --dropout-src 0.1 --dropout-trg 0.1 --learn-rate 0.0001 --after-epochs 0 --early-stopping 5 --valid-freq 20000 --save-freq 20000 --disp-freq 2000 --valid-mini-batch 8 --valid-sets ../experiments/100M_fasttext_x_bic1.1_+_bic1.1_dom_0.25_dcce_biced_hdiff/data/dev.bpe.de ../experiments/100M_fasttext_x_bic1.1_+_bic1.1_dom_0.25_dcce_biced_hdiff/data/dev.bpe.en --valid-metrics cross-entropy perplexity translation --valid-translation-output ../experiments/100M_fasttext_x_bic1.1_+_bic1.1_dom_0.25_dcce_biced_hdiff/model/dev.out --valid-script-path ../experiments/100M_fasttext_x_bic1.1_+_bic1.1_dom_0.25_dcce_biced_hdiff/score-dev.sh --seed 1111 --exponential-smoothing --normalize=1 --beam-size=12 --quiet-translation --log ../experiments/100M_fasttext_x_bic1.1_+_bic1.1_dom_0.25_dcce_biced_hdiff/model/train.log --valid-log ../experiments/100M_fasttext_x_bic1.1_+_bic1.1_dom_0.25_dcce_biced_hdiff/model/valid.log
[2019-08-07 10:59:47] [config] after-batches: 0
[2019-08-07 10:59:47] [config] after-epochs: 0
[2019-08-07 10:59:47] [config] allow-unk: false
[2019-08-07 10:59:47] [config] beam-size: 12
[2019-08-07 10:59:47] [config] bert-class-symbol: "[CLS]"
[2019-08-07 10:59:47] [config] bert-mask-symbol: "[MASK]"
[2019-08-07 10:59:47] [config] bert-masking-fraction: 0.15
[2019-08-07 10:59:47] [config] bert-sep-symbol: "[SEP]"
[2019-08-07 10:59:47] [config] bert-train-type-embeddings: true
[2019-08-07 10:59:47] [config] bert-type-vocab-size: 2
[2019-08-07 10:59:47] [config] best-deep: false
[2019-08-07 10:59:47] [config] clip-gemm: 0
[2019-08-07 10:59:47] [config] clip-norm: 1
[2019-08-07 10:59:47] [config] cost-type: ce-mean
[2019-08-07 10:59:47] [config] cpu-threads: 0
[2019-08-07 10:59:47] [config] data-weighting: ""
[2019-08-07 10:59:47] [config] data-weighting-type: sentence
[2019-08-07 10:59:47] [config] dec-cell: gru
[2019-08-07 10:59:47] [config] dec-cell-base-depth: 2
[2019-08-07 10:59:47] [config] dec-cell-high-depth: 1
[2019-08-07 10:59:47] [config] dec-depth: 1
[2019-08-07 10:59:47] [config] devices:
[2019-08-07 10:59:47] [config]   - 4
[2019-08-07 10:59:47] [config] dim-emb: 512
[2019-08-07 10:59:47] [config] dim-rnn: 1024
[2019-08-07 10:59:47] [config] dim-vocabs:
[2019-08-07 10:59:47] [config]   - 50000
[2019-08-07 10:59:47] [config]   - 50000
[2019-08-07 10:59:47] [config] disp-first: 0
[2019-08-07 10:59:47] [config] disp-freq: 2000
[2019-08-07 10:59:47] [config] disp-label-counts: false
[2019-08-07 10:59:47] [config] dropout-rnn: 0.2
[2019-08-07 10:59:47] [config] dropout-src: 0.1
[2019-08-07 10:59:47] [config] dropout-trg: 0.1
[2019-08-07 10:59:47] [config] dump-config: ""
[2019-08-07 10:59:47] [config] early-stopping: 5
[2019-08-07 10:59:47] [config] embedding-fix-src: false
[2019-08-07 10:59:47] [config] embedding-fix-trg: false
[2019-08-07 10:59:47] [config] embedding-normalization: false
[2019-08-07 10:59:47] [config] embedding-vectors:
[2019-08-07 10:59:47] [config]   []
[2019-08-07 10:59:47] [config] enc-cell: gru
[2019-08-07 10:59:47] [config] enc-cell-depth: 1
[2019-08-07 10:59:47] [config] enc-depth: 1
[2019-08-07 10:59:47] [config] enc-type: bidirectional
[2019-08-07 10:59:47] [config] exponential-smoothing: 0.0001
[2019-08-07 10:59:47] [config] grad-dropping-momentum: 0
[2019-08-07 10:59:47] [config] grad-dropping-rate: 0
[2019-08-07 10:59:47] [config] grad-dropping-warmup: 100
[2019-08-07 10:59:47] [config] guided-alignment: none
[2019-08-07 10:59:47] [config] guided-alignment-cost: mse
[2019-08-07 10:59:47] [config] guided-alignment-weight: 0.1
[2019-08-07 10:59:47] [config] ignore-model-config: false
[2019-08-07 10:59:47] [config] input-types:
[2019-08-07 10:59:47] [config]   []
[2019-08-07 10:59:47] [config] interpolate-env-vars: false
[2019-08-07 10:59:47] [config] keep-best: false
[2019-08-07 10:59:47] [config] label-smoothing: 0
[2019-08-07 10:59:47] [config] layer-normalization: true
[2019-08-07 10:59:47] [config] learn-rate: 0.0001
[2019-08-07 10:59:47] [config] log: ../experiments/100M_fasttext_x_bic1.1_+_bic1.1_dom_0.25_dcce_biced_hdiff/model/train.log
[2019-08-07 10:59:47] [config] log-level: info
[2019-08-07 10:59:47] [config] log-time-zone: ""
[2019-08-07 10:59:47] [config] lr-decay: 0
[2019-08-07 10:59:47] [config] lr-decay-freq: 50000
[2019-08-07 10:59:47] [config] lr-decay-inv-sqrt:
[2019-08-07 10:59:47] [config]   - 0
[2019-08-07 10:59:47] [config] lr-decay-repeat-warmup: false
[2019-08-07 10:59:47] [config] lr-decay-reset-optimizer: false
[2019-08-07 10:59:47] [config] lr-decay-start:
[2019-08-07 10:59:47] [config]   - 10
[2019-08-07 10:59:47] [config]   - 1
[2019-08-07 10:59:47] [config] lr-decay-strategy: epoch+stalled
[2019-08-07 10:59:47] [config] lr-report: false
[2019-08-07 10:59:47] [config] lr-warmup: 0
[2019-08-07 10:59:47] [config] lr-warmup-at-reload: false
[2019-08-07 10:59:47] [config] lr-warmup-cycle: false
[2019-08-07 10:59:47] [config] lr-warmup-start-rate: 0
[2019-08-07 10:59:47] [config] max-length: 50
[2019-08-07 10:59:47] [config] max-length-crop: false
[2019-08-07 10:59:47] [config] max-length-factor: 3
[2019-08-07 10:59:47] [config] maxi-batch: 100
[2019-08-07 10:59:47] [config] maxi-batch-sort: trg
[2019-08-07 10:59:47] [config] mini-batch: 64
[2019-08-07 10:59:47] [config] mini-batch-fit: true
[2019-08-07 10:59:47] [config] mini-batch-fit-step: 10
[2019-08-07 10:59:47] [config] mini-batch-overstuff: 1
[2019-08-07 10:59:47] [config] mini-batch-track-lr: false
[2019-08-07 10:59:47] [config] mini-batch-understuff: 1
[2019-08-07 10:59:47] [config] mini-batch-warmup: 0
[2019-08-07 10:59:47] [config] mini-batch-words: 0
[2019-08-07 10:59:47] [config] mini-batch-words-ref: 0
[2019-08-07 10:59:47] [config] model: ../experiments/100M_fasttext_x_bic1.1_+_bic1.1_dom_0.25_dcce_biced_hdiff/model/model.npz
[2019-08-07 10:59:47] [config] multi-loss-type: sum
[2019-08-07 10:59:47] [config] multi-node: false
[2019-08-07 10:59:47] [config] multi-node-overlap: true
[2019-08-07 10:59:47] [config] n-best: false
[2019-08-07 10:59:47] [config] no-nccl: false
[2019-08-07 10:59:47] [config] no-reload: false
[2019-08-07 10:59:47] [config] no-restore-corpus: false
[2019-08-07 10:59:47] [config] no-shuffle: false
[2019-08-07 10:59:47] [config] normalize: 1
[2019-08-07 10:59:47] [config] num-devices: 0
[2019-08-07 10:59:47] [config] optimizer: adam
[2019-08-07 10:59:47] [config] optimizer-delay: 1
[2019-08-07 10:59:47] [config] optimizer-params:
[2019-08-07 10:59:47] [config]   []
[2019-08-07 10:59:47] [config] overwrite: false
[2019-08-07 10:59:47] [config] pretrained-model: ""
[2019-08-07 10:59:47] [config] quiet: false
[2019-08-07 10:59:47] [config] quiet-translation: true
[2019-08-07 10:59:47] [config] relative-paths: false
[2019-08-07 10:59:47] [config] right-left: false
[2019-08-07 10:59:47] [config] save-freq: 20000
[2019-08-07 10:59:47] [config] seed: 1111
[2019-08-07 10:59:47] [config] shuffle-in-ram: false
[2019-08-07 10:59:47] [config] skip: false
[2019-08-07 10:59:47] [config] sqlite: ""
[2019-08-07 10:59:47] [config] sqlite-drop: false
[2019-08-07 10:59:47] [config] sync-sgd: true
[2019-08-07 10:59:47] [config] tempdir: .
[2019-08-07 10:59:47] [config] tied-embeddings: false
[2019-08-07 10:59:47] [config] tied-embeddings-all: false
[2019-08-07 10:59:47] [config] tied-embeddings-src: false
[2019-08-07 10:59:47] [config] train-sets:
[2019-08-07 10:59:47] [config]   - ../experiments/100M_fasttext_x_bic1.1_+_bic1.1_dom_0.25_dcce_biced_hdiff/data/train.bpe.de
[2019-08-07 10:59:47] [config]   - ../experiments/100M_fasttext_x_bic1.1_+_bic1.1_dom_0.25_dcce_biced_hdiff/data/train.bpe.en
[2019-08-07 10:59:47] [config] transformer-aan-activation: swish
[2019-08-07 10:59:47] [config] transformer-aan-depth: 2
[2019-08-07 10:59:47] [config] transformer-aan-nogate: false
[2019-08-07 10:59:47] [config] transformer-decoder-autoreg: self-attention
[2019-08-07 10:59:47] [config] transformer-dim-aan: 2048
[2019-08-07 10:59:47] [config] transformer-dim-ffn: 2048
[2019-08-07 10:59:47] [config] transformer-dropout: 0
[2019-08-07 10:59:47] [config] transformer-dropout-attention: 0
[2019-08-07 10:59:47] [config] transformer-dropout-ffn: 0
[2019-08-07 10:59:47] [config] transformer-ffn-activation: swish
[2019-08-07 10:59:47] [config] transformer-ffn-depth: 2
[2019-08-07 10:59:47] [config] transformer-guided-alignment-layer: last
[2019-08-07 10:59:47] [config] transformer-heads: 8
[2019-08-07 10:59:47] [config] transformer-no-projection: false
[2019-08-07 10:59:47] [config] transformer-postprocess: dan
[2019-08-07 10:59:47] [config] transformer-postprocess-emb: d
[2019-08-07 10:59:47] [config] transformer-preprocess: ""
[2019-08-07 10:59:47] [config] transformer-tied-layers:
[2019-08-07 10:59:47] [config]   []
[2019-08-07 10:59:47] [config] transformer-train-position-embeddings: false
[2019-08-07 10:59:47] [config] type: amun
[2019-08-07 10:59:47] [config] ulr: false
[2019-08-07 10:59:47] [config] ulr-dim-emb: 0
[2019-08-07 10:59:47] [config] ulr-dropout: 0
[2019-08-07 10:59:47] [config] ulr-keys-vectors: ""
[2019-08-07 10:59:47] [config] ulr-query-vectors: ""
[2019-08-07 10:59:47] [config] ulr-softmax-temperature: 1
[2019-08-07 10:59:47] [config] ulr-trainable-transformation: false
[2019-08-07 10:59:47] [config] valid-freq: 20000
[2019-08-07 10:59:47] [config] valid-log: ../experiments/100M_fasttext_x_bic1.1_+_bic1.1_dom_0.25_dcce_biced_hdiff/model/valid.log
[2019-08-07 10:59:47] [config] valid-max-length: 1000
[2019-08-07 10:59:47] [config] valid-metrics:
[2019-08-07 10:59:47] [config]   - cross-entropy
[2019-08-07 10:59:47] [config]   - perplexity
[2019-08-07 10:59:47] [config]   - translation
[2019-08-07 10:59:47] [config] valid-mini-batch: 8
[2019-08-07 10:59:47] [config] valid-script-path: ../experiments/100M_fasttext_x_bic1.1_+_bic1.1_dom_0.25_dcce_biced_hdiff/score-dev.sh
[2019-08-07 10:59:47] [config] valid-sets:
[2019-08-07 10:59:47] [config]   - ../experiments/100M_fasttext_x_bic1.1_+_bic1.1_dom_0.25_dcce_biced_hdiff/data/dev.bpe.de
[2019-08-07 10:59:47] [config]   - ../experiments/100M_fasttext_x_bic1.1_+_bic1.1_dom_0.25_dcce_biced_hdiff/data/dev.bpe.en
[2019-08-07 10:59:47] [config] valid-translation-output: ../experiments/100M_fasttext_x_bic1.1_+_bic1.1_dom_0.25_dcce_biced_hdiff/model/dev.out
[2019-08-07 10:59:47] [config] vocabs:
[2019-08-07 10:59:47] [config]   - ../experiments/100M_fasttext_x_bic1.1_+_bic1.1_dom_0.25_dcce_biced_hdiff/data/train.bpe.de.json
[2019-08-07 10:59:47] [config]   - ../experiments/100M_fasttext_x_bic1.1_+_bic1.1_dom_0.25_dcce_biced_hdiff/data/train.bpe.en.json
[2019-08-07 10:59:47] [config] word-penalty: 0
[2019-08-07 10:59:47] [config] workspace: 3000
[2019-08-07 10:59:47] [config] Model is being created with Marian v1.7.8 ec2d66e 2019-05-27 14:52:11 +0100
[2019-08-07 10:59:47] Using synchronous training
[2019-08-07 10:59:47] [data] Loading vocabulary from JSON/Yaml file ../experiments/100M_fasttext_x_bic1.1_+_bic1.1_dom_0.25_dcce_biced_hdiff/data/train.bpe.de.json
[2019-08-07 10:59:47] [data] Using unused word id eos for 0
[2019-08-07 10:59:47] [data] Using unused word id UNK for 1
[2019-08-07 10:59:47] [data] Setting vocabulary size for input 0 to 50000
[2019-08-07 10:59:47] [data] Loading vocabulary from JSON/Yaml file ../experiments/100M_fasttext_x_bic1.1_+_bic1.1_dom_0.25_dcce_biced_hdiff/data/train.bpe.en.json
[2019-08-07 10:59:48] [data] Using unused word id eos for 0
[2019-08-07 10:59:48] [data] Using unused word id UNK for 1
[2019-08-07 10:59:48] [data] Setting vocabulary size for input 1 to 50000
[2019-08-07 10:59:48] Compiled without MPI support. Falling back to FakeMPIWrapper
[2019-08-07 10:59:48] [batching] Collecting statistics for batch fitting with step size 10
[2019-08-07 10:59:49] [memory] Extending reserved space to 3072 MB (device gpu4)
[2019-08-07 10:59:49] [comm] Using NCCL 2.4.2 for GPU communication
[2019-08-07 10:59:49] [comm] NCCLCommunicator constructed successfully.
[2019-08-07 10:59:49] [training] Using 1 GPUs
[2019-08-07 10:59:49] [memory] Reserving 422 MB, device gpu4
[2019-08-07 10:59:49] [gpu] 16-bit TensorCores enabled for float32 matrix operations
[2019-08-07 10:59:49] [memory] Reserving 422 MB, device gpu4
[2019-08-07 10:59:54] [batching] Done. Typical MB size is 4042 target words
[2019-08-07 10:59:54] [memory] Extending reserved space to 3072 MB (device gpu4)
[2019-08-07 10:59:54] [comm] Using NCCL 2.4.2 for GPU communication
[2019-08-07 10:59:54] [comm] NCCLCommunicator constructed successfully.
[2019-08-07 10:59:54] [training] Using 1 GPUs
[2019-08-07 10:59:54] Training started
[2019-08-07 10:59:54] [data] Shuffling data
[2019-08-07 10:59:57] [data] Done reading 4466331 sentences
[2019-08-07 11:00:25] [data] Done shuffling 4466331 sentences to temp files
[2019-08-07 11:00:26] [training] Batches are processed as 1 process(es) x 1 devices/process
[2019-08-07 11:00:26] [memory] Reserving 422 MB, device gpu4
[2019-08-07 11:00:27] [memory] Reserving 422 MB, device gpu4
[2019-08-07 11:00:27] [memory] Reserving 422 MB, device gpu4
[2019-08-07 11:00:27] [memory] Reserving 844 MB, device gpu4
[2019-08-07 11:13:35] Ep. 1 : Up. 2000 : Sen. 211,759 : Cost 147.92881775 : Time 827.10s : 6060.88 words/s
[2019-08-07 11:26:59] Ep. 1 : Up. 4000 : Sen. 422,973 : Cost 120.70739746 : Time 804.74s : 6221.04 words/s
[2019-08-07 11:39:58] Ep. 1 : Up. 6000 : Sen. 634,309 : Cost 104.99994659 : Time 778.42s : 6410.36 words/s
[2019-08-07 11:45:36] Ep. 1 : Up. 8000 : Sen. 845,281 : Cost 95.23421478 : Time 338.67s : 14760.89 words/s
[2019-08-07 11:51:15] Ep. 1 : Up. 10000 : Sen. 1,056,291 : Cost 88.18176270 : Time 338.53s : 14766.43 words/s
[2019-08-07 11:56:53] Ep. 1 : Up. 12000 : Sen. 1,267,458 : Cost 82.67944336 : Time 338.50s : 14742.18 words/s
[2019-08-07 12:02:31] Ep. 1 : Up. 14000 : Sen. 1,479,175 : Cost 79.00064087 : Time 337.92s : 14808.02 words/s
[2019-08-07 15:27:44] [marian] Marian v1.7.8 ec2d66e 2019-05-27 14:52:11 +0100
[2019-08-07 15:27:44] [marian] Running on bil as process 2695 with command line:
[2019-08-07 15:27:44] [marian] /fs/bil0/abdel/marian-dev/build/marian --sync-sgd --model ../experiments/100M_fasttext_x_bic1.1_+_bic1.1_dom_0.25_dcce_biced_hdiff/model/model.npz -T . --devices 4 --train-sets ../experiments/100M_fasttext_x_bic1.1_+_bic1.1_dom_0.25_dcce_biced_hdiff/data/train.bpe.de ../experiments/100M_fasttext_x_bic1.1_+_bic1.1_dom_0.25_dcce_biced_hdiff/data/train.bpe.en --vocabs ../experiments/100M_fasttext_x_bic1.1_+_bic1.1_dom_0.25_dcce_biced_hdiff/data/train.bpe.de.json ../experiments/100M_fasttext_x_bic1.1_+_bic1.1_dom_0.25_dcce_biced_hdiff/data/train.bpe.en.json --mini-batch-fit -w 3000 --dim-vocabs 50000 50000 --layer-normalization --dropout-rnn 0.2 --dropout-src 0.1 --dropout-trg 0.1 --learn-rate 0.0001 --after-epochs 0 --early-stopping 5 --valid-freq 20000 --save-freq 20000 --disp-freq 2000 --valid-mini-batch 8 --valid-sets ../experiments/100M_fasttext_x_bic1.1_+_bic1.1_dom_0.25_dcce_biced_hdiff/data/dev.bpe.de ../experiments/100M_fasttext_x_bic1.1_+_bic1.1_dom_0.25_dcce_biced_hdiff/data/dev.bpe.en --valid-metrics cross-entropy perplexity translation --valid-translation-output ../experiments/100M_fasttext_x_bic1.1_+_bic1.1_dom_0.25_dcce_biced_hdiff/model/dev.out --valid-script-path ../experiments/100M_fasttext_x_bic1.1_+_bic1.1_dom_0.25_dcce_biced_hdiff/score-dev.sh --seed 1111 --exponential-smoothing --normalize=1 --beam-size=12 --quiet-translation --log ../experiments/100M_fasttext_x_bic1.1_+_bic1.1_dom_0.25_dcce_biced_hdiff/model/train.log --valid-log ../experiments/100M_fasttext_x_bic1.1_+_bic1.1_dom_0.25_dcce_biced_hdiff/model/valid.log
[2019-08-07 15:27:44] [config] after-batches: 0
[2019-08-07 15:27:44] [config] after-epochs: 0
[2019-08-07 15:27:44] [config] allow-unk: false
[2019-08-07 15:27:44] [config] beam-size: 12
[2019-08-07 15:27:44] [config] bert-class-symbol: "[CLS]"
[2019-08-07 15:27:44] [config] bert-mask-symbol: "[MASK]"
[2019-08-07 15:27:44] [config] bert-masking-fraction: 0.15
[2019-08-07 15:27:44] [config] bert-sep-symbol: "[SEP]"
[2019-08-07 15:27:44] [config] bert-train-type-embeddings: true
[2019-08-07 15:27:44] [config] bert-type-vocab-size: 2
[2019-08-07 15:27:44] [config] best-deep: false
[2019-08-07 15:27:44] [config] clip-gemm: 0
[2019-08-07 15:27:44] [config] clip-norm: 1
[2019-08-07 15:27:44] [config] cost-type: ce-mean
[2019-08-07 15:27:44] [config] cpu-threads: 0
[2019-08-07 15:27:44] [config] data-weighting: ""
[2019-08-07 15:27:44] [config] data-weighting-type: sentence
[2019-08-07 15:27:44] [config] dec-cell: gru
[2019-08-07 15:27:44] [config] dec-cell-base-depth: 2
[2019-08-07 15:27:44] [config] dec-cell-high-depth: 1
[2019-08-07 15:27:44] [config] dec-depth: 1
[2019-08-07 15:27:44] [config] devices:
[2019-08-07 15:27:44] [config]   - 4
[2019-08-07 15:27:44] [config] dim-emb: 512
[2019-08-07 15:27:44] [config] dim-rnn: 1024
[2019-08-07 15:27:44] [config] dim-vocabs:
[2019-08-07 15:27:44] [config]   - 50000
[2019-08-07 15:27:44] [config]   - 50000
[2019-08-07 15:27:44] [config] disp-first: 0
[2019-08-07 15:27:44] [config] disp-freq: 2000
[2019-08-07 15:27:44] [config] disp-label-counts: false
[2019-08-07 15:27:44] [config] dropout-rnn: 0.2
[2019-08-07 15:27:44] [config] dropout-src: 0.1
[2019-08-07 15:27:44] [config] dropout-trg: 0.1
[2019-08-07 15:27:44] [config] dump-config: ""
[2019-08-07 15:27:44] [config] early-stopping: 5
[2019-08-07 15:27:44] [config] embedding-fix-src: false
[2019-08-07 15:27:44] [config] embedding-fix-trg: false
[2019-08-07 15:27:44] [config] embedding-normalization: false
[2019-08-07 15:27:44] [config] embedding-vectors:
[2019-08-07 15:27:44] [config]   []
[2019-08-07 15:27:44] [config] enc-cell: gru
[2019-08-07 15:27:44] [config] enc-cell-depth: 1
[2019-08-07 15:27:44] [config] enc-depth: 1
[2019-08-07 15:27:44] [config] enc-type: bidirectional
[2019-08-07 15:27:44] [config] exponential-smoothing: 0.0001
[2019-08-07 15:27:44] [config] grad-dropping-momentum: 0
[2019-08-07 15:27:44] [config] grad-dropping-rate: 0
[2019-08-07 15:27:44] [config] grad-dropping-warmup: 100
[2019-08-07 15:27:44] [config] guided-alignment: none
[2019-08-07 15:27:44] [config] guided-alignment-cost: mse
[2019-08-07 15:27:44] [config] guided-alignment-weight: 0.1
[2019-08-07 15:27:44] [config] ignore-model-config: false
[2019-08-07 15:27:44] [config] input-types:
[2019-08-07 15:27:44] [config]   []
[2019-08-07 15:27:44] [config] interpolate-env-vars: false
[2019-08-07 15:27:44] [config] keep-best: false
[2019-08-07 15:27:44] [config] label-smoothing: 0
[2019-08-07 15:27:44] [config] layer-normalization: true
[2019-08-07 15:27:44] [config] learn-rate: 0.0001
[2019-08-07 15:27:44] [config] log: ../experiments/100M_fasttext_x_bic1.1_+_bic1.1_dom_0.25_dcce_biced_hdiff/model/train.log
[2019-08-07 15:27:44] [config] log-level: info
[2019-08-07 15:27:44] [config] log-time-zone: ""
[2019-08-07 15:27:44] [config] lr-decay: 0
[2019-08-07 15:27:44] [config] lr-decay-freq: 50000
[2019-08-07 15:27:44] [config] lr-decay-inv-sqrt:
[2019-08-07 15:27:44] [config]   - 0
[2019-08-07 15:27:44] [config] lr-decay-repeat-warmup: false
[2019-08-07 15:27:44] [config] lr-decay-reset-optimizer: false
[2019-08-07 15:27:44] [config] lr-decay-start:
[2019-08-07 15:27:44] [config]   - 10
[2019-08-07 15:27:44] [config]   - 1
[2019-08-07 15:27:44] [config] lr-decay-strategy: epoch+stalled
[2019-08-07 15:27:44] [config] lr-report: false
[2019-08-07 15:27:44] [config] lr-warmup: 0
[2019-08-07 15:27:44] [config] lr-warmup-at-reload: false
[2019-08-07 15:27:44] [config] lr-warmup-cycle: false
[2019-08-07 15:27:44] [config] lr-warmup-start-rate: 0
[2019-08-07 15:27:44] [config] max-length: 50
[2019-08-07 15:27:44] [config] max-length-crop: false
[2019-08-07 15:27:44] [config] max-length-factor: 3
[2019-08-07 15:27:44] [config] maxi-batch: 100
[2019-08-07 15:27:44] [config] maxi-batch-sort: trg
[2019-08-07 15:27:44] [config] mini-batch: 64
[2019-08-07 15:27:44] [config] mini-batch-fit: true
[2019-08-07 15:27:44] [config] mini-batch-fit-step: 10
[2019-08-07 15:27:44] [config] mini-batch-overstuff: 1
[2019-08-07 15:27:44] [config] mini-batch-track-lr: false
[2019-08-07 15:27:44] [config] mini-batch-understuff: 1
[2019-08-07 15:27:44] [config] mini-batch-warmup: 0
[2019-08-07 15:27:44] [config] mini-batch-words: 0
[2019-08-07 15:27:44] [config] mini-batch-words-ref: 0
[2019-08-07 15:27:44] [config] model: ../experiments/100M_fasttext_x_bic1.1_+_bic1.1_dom_0.25_dcce_biced_hdiff/model/model.npz
[2019-08-07 15:27:44] [config] multi-loss-type: sum
[2019-08-07 15:27:44] [config] multi-node: false
[2019-08-07 15:27:44] [config] multi-node-overlap: true
[2019-08-07 15:27:44] [config] n-best: false
[2019-08-07 15:27:44] [config] no-nccl: false
[2019-08-07 15:27:44] [config] no-reload: false
[2019-08-07 15:27:44] [config] no-restore-corpus: false
[2019-08-07 15:27:44] [config] no-shuffle: false
[2019-08-07 15:27:44] [config] normalize: 1
[2019-08-07 15:27:44] [config] num-devices: 0
[2019-08-07 15:27:44] [config] optimizer: adam
[2019-08-07 15:27:44] [config] optimizer-delay: 1
[2019-08-07 15:27:44] [config] optimizer-params:
[2019-08-07 15:27:44] [config]   []
[2019-08-07 15:27:44] [config] overwrite: false
[2019-08-07 15:27:44] [config] pretrained-model: ""
[2019-08-07 15:27:44] [config] quiet: false
[2019-08-07 15:27:44] [config] quiet-translation: true
[2019-08-07 15:27:44] [config] relative-paths: false
[2019-08-07 15:27:44] [config] right-left: false
[2019-08-07 15:27:44] [config] save-freq: 20000
[2019-08-07 15:27:44] [config] seed: 1111
[2019-08-07 15:27:44] [config] shuffle-in-ram: false
[2019-08-07 15:27:44] [config] skip: false
[2019-08-07 15:27:44] [config] sqlite: ""
[2019-08-07 15:27:44] [config] sqlite-drop: false
[2019-08-07 15:27:44] [config] sync-sgd: true
[2019-08-07 15:27:44] [config] tempdir: .
[2019-08-07 15:27:44] [config] tied-embeddings: false
[2019-08-07 15:27:44] [config] tied-embeddings-all: false
[2019-08-07 15:27:44] [config] tied-embeddings-src: false
[2019-08-07 15:27:44] [config] train-sets:
[2019-08-07 15:27:44] [config]   - ../experiments/100M_fasttext_x_bic1.1_+_bic1.1_dom_0.25_dcce_biced_hdiff/data/train.bpe.de
[2019-08-07 15:27:44] [config]   - ../experiments/100M_fasttext_x_bic1.1_+_bic1.1_dom_0.25_dcce_biced_hdiff/data/train.bpe.en
[2019-08-07 15:27:44] [config] transformer-aan-activation: swish
[2019-08-07 15:27:44] [config] transformer-aan-depth: 2
[2019-08-07 15:27:44] [config] transformer-aan-nogate: false
[2019-08-07 15:27:44] [config] transformer-decoder-autoreg: self-attention
[2019-08-07 15:27:44] [config] transformer-dim-aan: 2048
[2019-08-07 15:27:44] [config] transformer-dim-ffn: 2048
[2019-08-07 15:27:44] [config] transformer-dropout: 0
[2019-08-07 15:27:44] [config] transformer-dropout-attention: 0
[2019-08-07 15:27:44] [config] transformer-dropout-ffn: 0
[2019-08-07 15:27:44] [config] transformer-ffn-activation: swish
[2019-08-07 15:27:44] [config] transformer-ffn-depth: 2
[2019-08-07 15:27:44] [config] transformer-guided-alignment-layer: last
[2019-08-07 15:27:44] [config] transformer-heads: 8
[2019-08-07 15:27:44] [config] transformer-no-projection: false
[2019-08-07 15:27:44] [config] transformer-postprocess: dan
[2019-08-07 15:27:44] [config] transformer-postprocess-emb: d
[2019-08-07 15:27:44] [config] transformer-preprocess: ""
[2019-08-07 15:27:44] [config] transformer-tied-layers:
[2019-08-07 15:27:44] [config]   []
[2019-08-07 15:27:44] [config] transformer-train-position-embeddings: false
[2019-08-07 15:27:44] [config] type: amun
[2019-08-07 15:27:44] [config] ulr: false
[2019-08-07 15:27:44] [config] ulr-dim-emb: 0
[2019-08-07 15:27:44] [config] ulr-dropout: 0
[2019-08-07 15:27:44] [config] ulr-keys-vectors: ""
[2019-08-07 15:27:44] [config] ulr-query-vectors: ""
[2019-08-07 15:27:44] [config] ulr-softmax-temperature: 1
[2019-08-07 15:27:44] [config] ulr-trainable-transformation: false
[2019-08-07 15:27:44] [config] valid-freq: 20000
[2019-08-07 15:27:44] [config] valid-log: ../experiments/100M_fasttext_x_bic1.1_+_bic1.1_dom_0.25_dcce_biced_hdiff/model/valid.log
[2019-08-07 15:27:44] [config] valid-max-length: 1000
[2019-08-07 15:27:44] [config] valid-metrics:
[2019-08-07 15:27:44] [config]   - cross-entropy
[2019-08-07 15:27:44] [config]   - perplexity
[2019-08-07 15:27:44] [config]   - translation
[2019-08-07 15:27:44] [config] valid-mini-batch: 8
[2019-08-07 15:27:44] [config] valid-script-path: ../experiments/100M_fasttext_x_bic1.1_+_bic1.1_dom_0.25_dcce_biced_hdiff/score-dev.sh
[2019-08-07 15:27:44] [config] valid-sets:
[2019-08-07 15:27:44] [config]   - ../experiments/100M_fasttext_x_bic1.1_+_bic1.1_dom_0.25_dcce_biced_hdiff/data/dev.bpe.de
[2019-08-07 15:27:44] [config]   - ../experiments/100M_fasttext_x_bic1.1_+_bic1.1_dom_0.25_dcce_biced_hdiff/data/dev.bpe.en
[2019-08-07 15:27:44] [config] valid-translation-output: ../experiments/100M_fasttext_x_bic1.1_+_bic1.1_dom_0.25_dcce_biced_hdiff/model/dev.out
[2019-08-07 15:27:44] [config] vocabs:
[2019-08-07 15:27:44] [config]   - ../experiments/100M_fasttext_x_bic1.1_+_bic1.1_dom_0.25_dcce_biced_hdiff/data/train.bpe.de.json
[2019-08-07 15:27:44] [config]   - ../experiments/100M_fasttext_x_bic1.1_+_bic1.1_dom_0.25_dcce_biced_hdiff/data/train.bpe.en.json
[2019-08-07 15:27:44] [config] word-penalty: 0
[2019-08-07 15:27:44] [config] workspace: 3000
[2019-08-07 15:27:44] [config] Model is being created with Marian v1.7.8 ec2d66e 2019-05-27 14:52:11 +0100
[2019-08-07 15:27:44] Using synchronous training
[2019-08-07 15:27:44] [data] Loading vocabulary from JSON/Yaml file ../experiments/100M_fasttext_x_bic1.1_+_bic1.1_dom_0.25_dcce_biced_hdiff/data/train.bpe.de.json
[2019-08-07 15:27:45] [data] Using unused word id eos for 0
[2019-08-07 15:27:45] [data] Using unused word id UNK for 1
[2019-08-07 15:27:45] [data] Setting vocabulary size for input 0 to 50000
[2019-08-07 15:27:45] [data] Loading vocabulary from JSON/Yaml file ../experiments/100M_fasttext_x_bic1.1_+_bic1.1_dom_0.25_dcce_biced_hdiff/data/train.bpe.en.json
[2019-08-07 15:27:45] [data] Using unused word id eos for 0
[2019-08-07 15:27:45] [data] Using unused word id UNK for 1
[2019-08-07 15:27:45] [data] Setting vocabulary size for input 1 to 50000
[2019-08-07 15:27:45] Compiled without MPI support. Falling back to FakeMPIWrapper
[2019-08-07 15:27:45] [batching] Collecting statistics for batch fitting with step size 10
[2019-08-07 15:27:46] [memory] Extending reserved space to 3072 MB (device gpu4)
[2019-08-07 15:27:46] [comm] Using NCCL 2.4.2 for GPU communication
[2019-08-07 15:27:46] [comm] NCCLCommunicator constructed successfully.
[2019-08-07 15:27:46] [training] Using 1 GPUs
[2019-08-07 15:27:46] [memory] Reserving 422 MB, device gpu4
[2019-08-07 15:27:46] [gpu] 16-bit TensorCores enabled for float32 matrix operations
[2019-08-07 15:27:47] [memory] Reserving 422 MB, device gpu4
[2019-08-07 15:27:49] [batching] Done. Typical MB size is 4042 target words
[2019-08-07 15:27:49] [memory] Extending reserved space to 3072 MB (device gpu4)
[2019-08-07 15:27:49] [comm] Using NCCL 2.4.2 for GPU communication
[2019-08-07 15:27:49] [comm] NCCLCommunicator constructed successfully.
[2019-08-07 15:27:49] [training] Using 1 GPUs
[2019-08-07 15:27:49] Training started
[2019-08-07 15:27:49] [data] Shuffling data
[2019-08-07 15:27:54] [data] Done reading 4466331 sentences
[2019-08-07 15:28:16] [data] Done shuffling 4466331 sentences to temp files
[2019-08-07 15:28:17] [training] Batches are processed as 1 process(es) x 1 devices/process
[2019-08-07 15:28:17] [memory] Reserving 422 MB, device gpu4
[2019-08-07 15:28:18] [memory] Reserving 422 MB, device gpu4
[2019-08-07 15:28:18] [memory] Reserving 422 MB, device gpu4
[2019-08-07 15:28:18] [memory] Reserving 844 MB, device gpu4
[2019-08-07 15:33:47] Ep. 1 : Up. 2000 : Sen. 211,759 : Cost 147.92915344 : Time 362.00s : 13848.13 words/s
[2019-08-07 15:39:19] Ep. 1 : Up. 4000 : Sen. 422,973 : Cost 120.71102142 : Time 331.84s : 15086.64 words/s
[2019-08-07 15:44:51] Ep. 1 : Up. 6000 : Sen. 634,309 : Cost 105.00045776 : Time 332.34s : 15014.72 words/s
[2019-08-07 15:50:24] Ep. 1 : Up. 8000 : Sen. 845,281 : Cost 95.23290253 : Time 332.91s : 15016.33 words/s
[2019-08-07 15:55:57] Ep. 1 : Up. 10000 : Sen. 1,056,291 : Cost 88.18016815 : Time 333.07s : 15008.24 words/s
